Running from: /home/hudson/hudson.war
[Winstone 2009/05/29 13:30:20] - Beginning extraction from war file
[Winstone 2009/05/29 13:30:20] - No webapp classes folder found - /home/hudson/hudson/war/WEB-INF/classes
hudson home directory: /home/hudson/hudson
[Winstone 2009/05/29 13:30:21] - HTTP Listener started: port=8080
[Winstone 2009/05/29 13:30:21] - AJP13 Listener started: port=8009
[Winstone 2009/05/29 13:30:21] - Winstone Servlet Engine v0.9.10 running: controlPort=disabled
May 29, 2009 1:30:21 PM hudson.ClassicPluginStrategy createPluginWrapper
INFO: Loading plugin: /home/hudson/hudson/plugins/backup.hpi
May 29, 2009 1:30:21 PM hudson.ClassicPluginStrategy createPluginWrapper
INFO: Plugin is disabled
May 29, 2009 1:30:21 PM hudson.ClassicPluginStrategy createPluginWrapper
INFO: Loading plugin: /home/hudson/hudson/plugins/japex.hpi
May 29, 2009 1:30:21 PM hudson.ClassicPluginStrategy createPluginWrapper
INFO: Plugin is disabled
May 29, 2009 1:30:21 PM hudson.ClassicPluginStrategy createPluginWrapper
INFO: Loading plugin: /home/hudson/hudson/plugins/locale.hpi
May 29, 2009 1:30:21 PM hudson.ClassicPluginStrategy createPluginWrapper
INFO: Loading plugin: /home/hudson/hudson/plugins/ftppublisher.hpi
May 29, 2009 1:30:21 PM hudson.ClassicPluginStrategy createPluginWrapper
INFO: Plugin is disabled
May 29, 2009 1:30:21 PM hudson.ClassicPluginStrategy createPluginWrapper
INFO: Loading plugin: /home/hudson/hudson/plugins/ssh-slaves.hpi
May 29, 2009 1:30:21 PM hudson.ClassicPluginStrategy createPluginWrapper
INFO: Loading plugin: /home/hudson/hudson/plugins/disk-usage.hpi
May 29, 2009 1:30:21 PM hudson.ClassicPluginStrategy createPluginWrapper
INFO: Plugin is disabled
May 29, 2009 1:30:21 PM hudson.ClassicPluginStrategy createPluginWrapper
INFO: Loading plugin: /home/hudson/hudson/plugins/xvnc.hpi
May 29, 2009 1:30:21 PM hudson.ClassicPluginStrategy createPluginWrapper
INFO: Loading plugin: /home/hudson/hudson/plugins/mercurial.hpi
May 29, 2009 1:30:21 PM hudson.ClassicPluginStrategy createPluginWrapper
INFO: Loading plugin: /home/hudson/hudson/plugins/maven-plugin.hpi
May 29, 2009 1:30:21 PM hudson.ClassicPluginStrategy createPluginWrapper
INFO: Plugin is disabled
May 29, 2009 1:30:21 PM hudson.ClassicPluginStrategy createPluginWrapper
INFO: Loading plugin: /home/hudson/hudson/plugins/email-ext.hpi
May 29, 2009 1:30:21 PM hudson.ClassicPluginStrategy createPluginWrapper
INFO: Loading plugin: /home/hudson/hudson/plugins/translation.hpi
May 29, 2009 1:30:21 PM hudson.model.Hudson load
INFO: Loading in 4 parallel threads
May 29, 2009 1:30:21 PM hudson.util.CopyOnWriteList$ConverterImpl unmarshal
WARNING: Failed to resolve class
com.thoughtworks.xstream.mapper.CannotResolveClassException: hudson.plugins.disk_usage.DiskUsageProperty : hudson.plugins.disk_usage.DiskUsageProperty
	at com.thoughtworks.xstream.mapper.DefaultMapper.realClass(DefaultMapper.java:68)
	at com.thoughtworks.xstream.mapper.MapperWrapper.realClass(MapperWrapper.java:38)
	at com.thoughtworks.xstream.mapper.XStream11XmlFriendlyMapper.realClass(XStream11XmlFriendlyMapper.java:34)
	at com.thoughtworks.xstream.mapper.MapperWrapper.realClass(MapperWrapper.java:38)
	at com.thoughtworks.xstream.mapper.DynamicProxyMapper.realClass(DynamicProxyMapper.java:71)
	at com.thoughtworks.xstream.mapper.MapperWrapper.realClass(MapperWrapper.java:38)
	at com.thoughtworks.xstream.mapper.PackageAliasingMapper.realClass(PackageAliasingMapper.java:88)
	at com.thoughtworks.xstream.mapper.MapperWrapper.realClass(MapperWrapper.java:38)
	at com.thoughtworks.xstream.mapper.ClassAliasingMapper.realClass(ClassAliasingMapper.java:86)
	at com.thoughtworks.xstream.mapper.MapperWrapper.realClass(MapperWrapper.java:38)
	at com.thoughtworks.xstream.mapper.MapperWrapper.realClass(MapperWrapper.java:38)
	at com.thoughtworks.xstream.mapper.MapperWrapper.realClass(MapperWrapper.java:38)
	at com.thoughtworks.xstream.mapper.MapperWrapper.realClass(MapperWrapper.java:38)
	at com.thoughtworks.xstream.mapper.MapperWrapper.realClass(MapperWrapper.java:38)
	at com.thoughtworks.xstream.mapper.MapperWrapper.realClass(MapperWrapper.java:38)
	at com.thoughtworks.xstream.mapper.ArrayMapper.realClass(ArrayMapper.java:96)
	at com.thoughtworks.xstream.mapper.MapperWrapper.realClass(MapperWrapper.java:38)
	at com.thoughtworks.xstream.mapper.MapperWrapper.realClass(MapperWrapper.java:38)
	at com.thoughtworks.xstream.mapper.MapperWrapper.realClass(MapperWrapper.java:38)
	at com.thoughtworks.xstream.mapper.MapperWrapper.realClass(MapperWrapper.java:38)
	at com.thoughtworks.xstream.mapper.MapperWrapper.realClass(MapperWrapper.java:38)
	at com.thoughtworks.xstream.mapper.MapperWrapper.realClass(MapperWrapper.java:38)
	at com.thoughtworks.xstream.mapper.MapperWrapper.realClass(MapperWrapper.java:38)
	at com.thoughtworks.xstream.mapper.CachingMapper.realClass(CachingMapper.java:53)
	at com.thoughtworks.xstream.core.util.HierarchicalStreams.readClassType(HierarchicalStreams.java:29)
	at com.thoughtworks.xstream.converters.collections.AbstractCollectionConverter.readItem(AbstractCollectionConverter.java:70)
	at hudson.util.CopyOnWriteList$ConverterImpl.unmarshal(CopyOnWriteList.java:178)
	at hudson.util.CopyOnWriteList$ConverterImpl.unmarshal(CopyOnWriteList.java:157)
	at hudson.util.XStream2$AssociatedConverterImpl.unmarshal(XStream2.java:141)
	at com.thoughtworks.xstream.core.TreeUnmarshaller.convert(TreeUnmarshaller.java:82)
	at com.thoughtworks.xstream.core.AbstractReferenceUnmarshaller.convert(AbstractReferenceUnmarshaller.java:63)
	at com.thoughtworks.xstream.core.TreeUnmarshaller.convertAnother(TreeUnmarshaller.java:76)
	at com.thoughtworks.xstream.core.TreeUnmarshaller.convertAnother(TreeUnmarshaller.java:60)
	at hudson.util.RobustReflectionConverter.unmarshallField(RobustReflectionConverter.java:262)
	at hudson.util.RobustReflectionConverter.doUnmarshal(RobustReflectionConverter.java:222)
	at hudson.util.RobustReflectionConverter.unmarshal(RobustReflectionConverter.java:173)
	at com.thoughtworks.xstream.core.TreeUnmarshaller.convert(TreeUnmarshaller.java:82)
	at com.thoughtworks.xstream.core.AbstractReferenceUnmarshaller.convert(AbstractReferenceUnmarshaller.java:63)
	at com.thoughtworks.xstream.core.TreeUnmarshaller.convertAnother(TreeUnmarshaller.java:76)
	at com.thoughtworks.xstream.core.TreeUnmarshaller.convertAnother(TreeUnmarshaller.java:60)
	at com.thoughtworks.xstream.core.TreeUnmarshaller.start(TreeUnmarshaller.java:137)
	at com.thoughtworks.xstream.core.AbstractTreeMarshallingStrategy.unmarshal(AbstractTreeMarshallingStrategy.java:33)
	at com.thoughtworks.xstream.XStream.unmarshal(XStream.java:923)
	at hudson.util.XStream2.unmarshal(XStream2.java:65)
	at com.thoughtworks.xstream.XStream.unmarshal(XStream.java:909)
	at com.thoughtworks.xstream.XStream.fromXML(XStream.java:853)
	at hudson.XmlFile.read(XmlFile.java:126)
	at hudson.model.Items.load(Items.java:106)
	at hudson.model.Hudson$9.call(Hudson.java:1967)
	at hudson.model.Hudson$9.call(Hudson.java:1960)
	at java.util.concurrent.FutureTask$Sync.innerRun(FutureTask.java:303)
	at java.util.concurrent.FutureTask.run(FutureTask.java:138)
	at java.util.concurrent.ThreadPoolExecutor$Worker.runTask(ThreadPoolExecutor.java:886)
	at java.util.concurrent.ThreadPoolExecutor$Worker.run(ThreadPoolExecutor.java:908)
	at java.lang.Thread.run(Thread.java:619)
May 29, 2009 1:30:21 PM hudson.util.CopyOnWriteList$ConverterImpl unmarshal
WARNING: Failed to resolve class
com.thoughtworks.xstream.mapper.CannotResolveClassException: hudson.plugins.disk_usage.DiskUsageProperty : hudson.plugins.disk_usage.DiskUsageProperty
	at com.thoughtworks.xstream.mapper.DefaultMapper.realClass(DefaultMapper.java:68)
	at com.thoughtworks.xstream.mapper.MapperWrapper.realClass(MapperWrapper.java:38)
	at com.thoughtworks.xstream.mapper.XStream11XmlFriendlyMapper.realClass(XStream11XmlFriendlyMapper.java:34)
	at com.thoughtworks.xstream.mapper.MapperWrapper.realClass(MapperWrapper.java:38)
	at com.thoughtworks.xstream.mapper.DynamicProxyMapper.realClass(DynamicProxyMapper.java:71)
	at com.thoughtworks.xstream.mapper.MapperWrapper.realClass(MapperWrapper.java:38)
	at com.thoughtworks.xstream.mapper.PackageAliasingMapper.realClass(PackageAliasingMapper.java:88)
	at com.thoughtworks.xstream.mapper.MapperWrapper.realClass(MapperWrapper.java:38)
	at com.thoughtworks.xstream.mapper.ClassAliasingMapper.realClass(ClassAliasingMapper.java:86)
	at com.thoughtworks.xstream.mapper.MapperWrapper.realClass(MapperWrapper.java:38)
	at com.thoughtworks.xstream.mapper.MapperWrapper.realClass(MapperWrapper.java:38)
	at com.thoughtworks.xstream.mapper.MapperWrapper.realClass(MapperWrapper.java:38)
	at com.thoughtworks.xstream.mapper.MapperWrapper.realClass(MapperWrapper.java:38)
	at com.thoughtworks.xstream.mapper.MapperWrapper.realClass(MapperWrapper.java:38)
	at com.thoughtworks.xstream.mapper.MapperWrapper.realClass(MapperWrapper.java:38)
	at com.thoughtworks.xstream.mapper.ArrayMapper.realClass(ArrayMapper.java:96)
	at com.thoughtworks.xstream.mapper.MapperWrapper.realClass(MapperWrapper.java:38)
	at com.thoughtworks.xstream.mapper.MapperWrapper.realClass(MapperWrapper.java:38)
	at com.thoughtworks.xstream.mapper.MapperWrapper.realClass(MapperWrapper.java:38)
	at com.thoughtworks.xstream.mapper.MapperWrapper.realClass(MapperWrapper.java:38)
	at com.thoughtworks.xstream.mapper.MapperWrapper.realClass(MapperWrapper.java:38)
	at com.thoughtworks.xstream.mapper.MapperWrapper.realClass(MapperWrapper.java:38)
	at com.thoughtworks.xstream.mapper.MapperWrapper.realClass(MapperWrapper.java:38)
	at com.thoughtworks.xstream.mapper.CachingMapper.realClass(CachingMapper.java:53)
	at com.thoughtworks.xstream.core.util.HierarchicalStreams.readClassType(HierarchicalStreams.java:29)
	at com.thoughtworks.xstream.converters.collections.AbstractCollectionConverter.readItem(AbstractCollectionConverter.java:70)
	at hudson.util.CopyOnWriteList$ConverterImpl.unmarshal(CopyOnWriteList.java:178)
	at hudson.util.CopyOnWriteList$ConverterImpl.unmarshal(CopyOnWriteList.java:157)
	at hudson.util.XStream2$AssociatedConverterImpl.unmarshal(XStream2.java:141)
	at com.thoughtworks.xstream.core.TreeUnmarshaller.convert(TreeUnmarshaller.java:82)
	at com.thoughtworks.xstream.core.AbstractReferenceUnmarshaller.convert(AbstractReferenceUnmarshaller.java:63)
	at com.thoughtworks.xstream.core.TreeUnmarshaller.convertAnother(TreeUnmarshaller.java:76)
	at com.thoughtworks.xstream.core.TreeUnmarshaller.convertAnother(TreeUnmarshaller.java:60)
	at hudson.util.RobustReflectionConverter.unmarshallField(RobustReflectionConverter.java:262)
	at hudson.util.RobustReflectionConverter.doUnmarshal(RobustReflectionConverter.java:222)
	at hudson.util.RobustReflectionConverter.unmarshal(RobustReflectionConverter.java:173)
	at com.thoughtworks.xstream.core.TreeUnmarshaller.convert(TreeUnmarshaller.java:82)
	at com.thoughtworks.xstream.core.AbstractReferenceUnmarshaller.convert(AbstractReferenceUnmarshaller.java:63)
	at com.thoughtworks.xstream.core.TreeUnmarshaller.convertAnother(TreeUnmarshaller.java:76)
	at com.thoughtworks.xstream.core.TreeUnmarshaller.convertAnother(TreeUnmarshaller.java:60)
	at com.thoughtworks.xstream.core.TreeUnmarshaller.start(TreeUnmarshaller.java:137)
	at com.thoughtworks.xstream.core.AbstractTreeMarshallingStrategy.unmarshal(AbstractTreeMarshallingStrategy.java:33)
	at com.thoughtworks.xstream.XStream.unmarshal(XStream.java:923)
	at hudson.util.XStream2.unmarshal(XStream2.java:65)
	at com.thoughtworks.xstream.XStream.unmarshal(XStream.java:909)
	at com.thoughtworks.xstream.XStream.fromXML(XStream.java:853)
	at hudson.XmlFile.read(XmlFile.java:126)
	at hudson.model.Items.load(Items.java:106)
	at hudson.model.Hudson$9.call(Hudson.java:1967)
	at hudson.model.Hudson$9.call(Hudson.java:1960)
	at java.util.concurrent.FutureTask$Sync.innerRun(FutureTask.java:303)
	at java.util.concurrent.FutureTask.run(FutureTask.java:138)
	at java.util.concurrent.ThreadPoolExecutor$Worker.runTask(ThreadPoolExecutor.java:886)
	at java.util.concurrent.ThreadPoolExecutor$Worker.run(ThreadPoolExecutor.java:908)
	at java.lang.Thread.run(Thread.java:619)
failed to locate class: com.thoughtworks.xstream.mapper.CannotResolveClassException: hudson.plugins.disk_usage.BuildDiskUsageAction : hudson.plugins.disk_usage.BuildDiskUsageAction
failed to locate class: com.thoughtworks.xstream.mapper.CannotResolveClassException: hudson.plugins.disk_usage.BuildDiskUsageAction : hudson.plugins.disk_usage.BuildDiskUsageAction
failed to locate class: com.thoughtworks.xstream.mapper.CannotResolveClassException: hudson.plugins.disk_usage.BuildDiskUsageAction : hudson.plugins.disk_usage.BuildDiskUsageAction
failed to locate class: com.thoughtworks.xstream.mapper.CannotResolveClassException: hudson.plugins.disk_usage.BuildDiskUsageAction : hudson.plugins.disk_usage.BuildDiskUsageAction
failed to locate class: com.thoughtworks.xstream.mapper.CannotResolveClassException: hudson.plugins.disk_usage.BuildDiskUsageAction : hudson.plugins.disk_usage.BuildDiskUsageAction
failed to locate class: com.thoughtworks.xstream.mapper.CannotResolveClassException: hudson.plugins.disk_usage.BuildDiskUsageAction : hudson.plugins.disk_usage.BuildDiskUsageAction
failed to locate class: com.thoughtworks.xstream.mapper.CannotResolveClassException: hudson.plugins.disk_usage.BuildDiskUsageAction : hudson.plugins.disk_usage.BuildDiskUsageAction
failed to locate class: com.thoughtworks.xstream.mapper.CannotResolveClassException: hudson.plugins.disk_usage.BuildDiskUsageAction : hudson.plugins.disk_usage.BuildDiskUsageAction
May 29, 2009 1:30:21 PM hudson.util.CopyOnWriteList$ConverterImpl unmarshal
WARNING: Failed to resolve class
com.thoughtworks.xstream.mapper.CannotResolveClassException: hudson.plugins.disk_usage.DiskUsageProperty : hudson.plugins.disk_usage.DiskUsageProperty
	at com.thoughtworks.xstream.mapper.DefaultMapper.realClass(DefaultMapper.java:68)
	at com.thoughtworks.xstream.mapper.MapperWrapper.realClass(MapperWrapper.java:38)
	at com.thoughtworks.xstream.mapper.XStream11XmlFriendlyMapper.realClass(XStream11XmlFriendlyMapper.java:34)
	at com.thoughtworks.xstream.mapper.MapperWrapper.realClass(MapperWrapper.java:38)
	at com.thoughtworks.xstream.mapper.DynamicProxyMapper.realClass(DynamicProxyMapper.java:71)
	at com.thoughtworks.xstream.mapper.MapperWrapper.realClass(MapperWrapper.java:38)
	at com.thoughtworks.xstream.mapper.PackageAliasingMapper.realClass(PackageAliasingMapper.java:88)
	at com.thoughtworks.xstream.mapper.MapperWrapper.realClass(MapperWrapper.java:38)
	at com.thoughtworks.xstream.mapper.ClassAliasingMapper.realClass(ClassAliasingMapper.java:86)
	at com.thoughtworks.xstream.mapper.MapperWrapper.realClass(MapperWrapper.java:38)
	at com.thoughtworks.xstream.mapper.MapperWrapper.realClass(MapperWrapper.java:38)
	at com.thoughtworks.xstream.mapper.MapperWrapper.realClass(MapperWrapper.java:38)
	at com.thoughtworks.xstream.mapper.MapperWrapper.realClass(MapperWrapper.java:38)
	at com.thoughtworks.xstream.mapper.MapperWrapper.realClass(MapperWrapper.java:38)
	at com.thoughtworks.xstream.mapper.MapperWrapper.realClass(MapperWrapper.java:38)
	at com.thoughtworks.xstream.mapper.ArrayMapper.realClass(ArrayMapper.java:96)
	at com.thoughtworks.xstream.mapper.MapperWrapper.realClass(MapperWrapper.java:38)
	at com.thoughtworks.xstream.mapper.MapperWrapper.realClass(MapperWrapper.java:38)
	at com.thoughtworks.xstream.mapper.MapperWrapper.realClass(MapperWrapper.java:38)
	at com.thoughtworks.xstream.mapper.MapperWrapper.realClass(MapperWrapper.java:38)
	at com.thoughtworks.xstream.mapper.MapperWrapper.realClass(MapperWrapper.java:38)
	at com.thoughtworks.xstream.mapper.MapperWrapper.realClass(MapperWrapper.java:38)
	at com.thoughtworks.xstream.mapper.MapperWrapper.realClass(MapperWrapper.java:38)
	at com.thoughtworks.xstream.mapper.CachingMapper.realClass(CachingMapper.java:53)
	at com.thoughtworks.xstream.core.util.HierarchicalStreams.readClassType(HierarchicalStreams.java:29)
	at com.thoughtworks.xstream.converters.collections.AbstractCollectionConverter.readItem(AbstractCollectionConverter.java:70)
	at hudson.util.CopyOnWriteList$ConverterImpl.unmarshal(CopyOnWriteList.java:178)
	at hudson.util.CopyOnWriteList$ConverterImpl.unmarshal(CopyOnWriteList.java:157)
	at hudson.util.XStream2$AssociatedConverterImpl.unmarshal(XStream2.java:141)
	at com.thoughtworks.xstream.core.TreeUnmarshaller.convert(TreeUnmarshaller.java:82)
	at com.thoughtworks.xstream.core.AbstractReferenceUnmarshaller.convert(AbstractReferenceUnmarshaller.java:63)
	at com.thoughtworks.xstream.core.TreeUnmarshaller.convertAnother(TreeUnmarshaller.java:76)
	at com.thoughtworks.xstream.core.TreeUnmarshaller.convertAnother(TreeUnmarshaller.java:60)
	at hudson.util.RobustReflectionConverter.unmarshallField(RobustReflectionConverter.java:262)
	at hudson.util.RobustReflectionConverter.doUnmarshal(RobustReflectionConverter.java:222)
	at hudson.util.RobustReflectionConverter.unmarshal(RobustReflectionConverter.java:173)
	at com.thoughtworks.xstream.core.TreeUnmarshaller.convert(TreeUnmarshaller.java:82)
	at com.thoughtworks.xstream.core.AbstractReferenceUnmarshaller.convert(AbstractReferenceUnmarshaller.java:63)
	at com.thoughtworks.xstream.core.TreeUnmarshaller.convertAnother(TreeUnmarshaller.java:76)
	at com.thoughtworks.xstream.core.TreeUnmarshaller.convertAnother(TreeUnmarshaller.java:60)
	at com.thoughtworks.xstream.core.TreeUnmarshaller.start(TreeUnmarshaller.java:137)
	at com.thoughtworks.xstream.core.AbstractTreeMarshallingStrategy.unmarshal(AbstractTreeMarshallingStrategy.java:33)
	at com.thoughtworks.xstream.XStream.unmarshal(XStream.java:923)
	at hudson.util.XStream2.unmarshal(XStream2.java:65)
	at com.thoughtworks.xstream.XStream.unmarshal(XStream.java:909)
	at com.thoughtworks.xstream.XStream.fromXML(XStream.java:853)
	at hudson.XmlFile.read(XmlFile.java:126)
	at hudson.model.Items.load(Items.java:106)
	at hudson.model.Hudson$9.call(Hudson.java:1967)
	at hudson.model.Hudson$9.call(Hudson.java:1960)
	at java.util.concurrent.FutureTask$Sync.innerRun(FutureTask.java:303)
	at java.util.concurrent.FutureTask.run(FutureTask.java:138)
	at java.util.concurrent.ThreadPoolExecutor$Worker.runTask(ThreadPoolExecutor.java:886)
	at java.util.concurrent.ThreadPoolExecutor$Worker.run(ThreadPoolExecutor.java:908)
	at java.lang.Thread.run(Thread.java:619)
failed to locate class: com.thoughtworks.xstream.mapper.CannotResolveClassException: hudson.plugins.disk_usage.BuildDiskUsageAction : hudson.plugins.disk_usage.BuildDiskUsageAction
failed to locate class: com.thoughtworks.xstream.mapper.CannotResolveClassException: hudson.plugins.disk_usage.BuildDiskUsageAction : hudson.plugins.disk_usage.BuildDiskUsageAction
failed to locate class: com.thoughtworks.xstream.mapper.CannotResolveClassException: hudson.plugins.disk_usage.BuildDiskUsageAction : hudson.plugins.disk_usage.BuildDiskUsageAction
failed to locate class: com.thoughtworks.xstream.mapper.CannotResolveClassException: hudson.plugins.disk_usage.BuildDiskUsageAction : hudson.plugins.disk_usage.BuildDiskUsageAction
May 29, 2009 1:30:21 PM hudson.util.CopyOnWriteList$ConverterImpl unmarshal
WARNING: Failed to resolve class
com.thoughtworks.xstream.mapper.CannotResolveClassException: hudson.plugins.disk_usage.DiskUsageProperty : hudson.plugins.disk_usage.DiskUsageProperty
	at com.thoughtworks.xstream.mapper.DefaultMapper.realClass(DefaultMapper.java:68)
	at com.thoughtworks.xstream.mapper.MapperWrapper.realClass(MapperWrapper.java:38)
	at com.thoughtworks.xstream.mapper.XStream11XmlFriendlyMapper.realClass(XStream11XmlFriendlyMapper.java:34)
	at com.thoughtworks.xstream.mapper.MapperWrapper.realClass(MapperWrapper.java:38)
	at com.thoughtworks.xstream.mapper.DynamicProxyMapper.realClass(DynamicProxyMapper.java:71)
	at com.thoughtworks.xstream.mapper.MapperWrapper.realClass(MapperWrapper.java:38)
	at com.thoughtworks.xstream.mapper.PackageAliasingMapper.realClass(PackageAliasingMapper.java:88)
	at com.thoughtworks.xstream.mapper.MapperWrapper.realClass(MapperWrapper.java:38)
	at com.thoughtworks.xstream.mapper.ClassAliasingMapper.realClass(ClassAliasingMapper.java:86)
	at com.thoughtworks.xstream.mapper.MapperWrapper.realClass(MapperWrapper.java:38)
	at com.thoughtworks.xstream.mapper.MapperWrapper.realClass(MapperWrapper.java:38)
	at com.thoughtworks.xstream.mapper.MapperWrapper.realClass(MapperWrapper.java:38)
	at com.thoughtworks.xstream.mapper.MapperWrapper.realClass(MapperWrapper.java:38)
	at com.thoughtworks.xstream.mapper.MapperWrapper.realClass(MapperWrapper.java:38)
	at com.thoughtworks.xstream.mapper.MapperWrapper.realClass(MapperWrapper.java:38)
	at com.thoughtworks.xstream.mapper.ArrayMapper.realClass(ArrayMapper.java:96)
	at com.thoughtworks.xstream.mapper.MapperWrapper.realClass(MapperWrapper.java:38)
	at com.thoughtworks.xstream.mapper.MapperWrapper.realClass(MapperWrapper.java:38)
	at com.thoughtworks.xstream.mapper.MapperWrapper.realClass(MapperWrapper.java:38)
	at com.thoughtworks.xstream.mapper.MapperWrapper.realClass(MapperWrapper.java:38)
	at com.thoughtworks.xstream.mapper.MapperWrapper.realClass(MapperWrapper.java:38)
	at com.thoughtworks.xstream.mapper.MapperWrapper.realClass(MapperWrapper.java:38)
	at com.thoughtworks.xstream.mapper.MapperWrapper.realClass(MapperWrapper.java:38)
	at com.thoughtworks.xstream.mapper.CachingMapper.realClass(CachingMapper.java:53)
	at com.thoughtworks.xstream.core.util.HierarchicalStreams.readClassType(HierarchicalStreams.java:29)
	at com.thoughtworks.xstream.converters.collections.AbstractCollectionConverter.readItem(AbstractCollectionConverter.java:70)
	at hudson.util.CopyOnWriteList$ConverterImpl.unmarshal(CopyOnWriteList.java:178)
	at hudson.util.CopyOnWriteList$ConverterImpl.unmarshal(CopyOnWriteList.java:157)
	at hudson.util.XStream2$AssociatedConverterImpl.unmarshal(XStream2.java:141)
	at com.thoughtworks.xstream.core.TreeUnmarshaller.convert(TreeUnmarshaller.java:82)
	at com.thoughtworks.xstream.core.AbstractReferenceUnmarshaller.convert(AbstractReferenceUnmarshaller.java:63)
	at com.thoughtworks.xstream.core.TreeUnmarshaller.convertAnother(TreeUnmarshaller.java:76)
	at com.thoughtworks.xstream.core.TreeUnmarshaller.convertAnother(TreeUnmarshaller.java:60)
	at hudson.util.RobustReflectionConverter.unmarshallField(RobustReflectionConverter.java:262)
	at hudson.util.RobustReflectionConverter.doUnmarshal(RobustReflectionConverter.java:222)
	at hudson.util.RobustReflectionConverter.unmarshal(RobustReflectionConverter.java:173)
	at com.thoughtworks.xstream.core.TreeUnmarshaller.convert(TreeUnmarshaller.java:82)
	at com.thoughtworks.xstream.core.AbstractReferenceUnmarshaller.convert(AbstractReferenceUnmarshaller.java:63)
	at com.thoughtworks.xstream.core.TreeUnmarshaller.convertAnother(TreeUnmarshaller.java:76)
	at com.thoughtworks.xstream.core.TreeUnmarshaller.convertAnother(TreeUnmarshaller.java:60)
	at com.thoughtworks.xstream.core.TreeUnmarshaller.start(TreeUnmarshaller.java:137)
	at com.thoughtworks.xstream.core.AbstractTreeMarshallingStrategy.unmarshal(AbstractTreeMarshallingStrategy.java:33)
	at com.thoughtworks.xstream.XStream.unmarshal(XStream.java:923)
	at hudson.util.XStream2.unmarshal(XStream2.java:65)
	at com.thoughtworks.xstream.XStream.unmarshal(XStream.java:909)
	at com.thoughtworks.xstream.XStream.fromXML(XStream.java:853)
	at hudson.XmlFile.read(XmlFile.java:126)
	at hudson.model.Items.load(Items.java:106)
	at hudson.model.Hudson$9.call(Hudson.java:1967)
	at hudson.model.Hudson$9.call(Hudson.java:1960)
	at java.util.concurrent.FutureTask$Sync.innerRun(FutureTask.java:303)
	at java.util.concurrent.FutureTask.run(FutureTask.java:138)
	at java.util.concurrent.ThreadPoolExecutor$Worker.runTask(ThreadPoolExecutor.java:886)
	at java.util.concurrent.ThreadPoolExecutor$Worker.run(ThreadPoolExecutor.java:908)
	at java.lang.Thread.run(Thread.java:619)
failed to locate class: com.thoughtworks.xstream.mapper.CannotResolveClassException: hudson.plugins.disk_usage.BuildDiskUsageAction : hudson.plugins.disk_usage.BuildDiskUsageAction
failed to locate class: com.thoughtworks.xstream.mapper.CannotResolveClassException: hudson.plugins.disk_usage.BuildDiskUsageAction : hudson.plugins.disk_usage.BuildDiskUsageAction
failed to locate class: com.thoughtworks.xstream.mapper.CannotResolveClassException: hudson.plugins.disk_usage.BuildDiskUsageAction : hudson.plugins.disk_usage.BuildDiskUsageAction
May 29, 2009 1:30:21 PM hudson.util.CopyOnWriteList$ConverterImpl unmarshal
WARNING: Failed to resolve class
com.thoughtworks.xstream.mapper.CannotResolveClassException: hudson.plugins.disk_usage.DiskUsageProperty : hudson.plugins.disk_usage.DiskUsageProperty
	at com.thoughtworks.xstream.mapper.DefaultMapper.realClass(DefaultMapper.java:68)
	at com.thoughtworks.xstream.mapper.MapperWrapper.realClass(MapperWrapper.java:38)
	at com.thoughtworks.xstream.mapper.XStream11XmlFriendlyMapper.realClass(XStream11XmlFriendlyMapper.java:34)
	at com.thoughtworks.xstream.mapper.MapperWrapper.realClass(MapperWrapper.java:38)
	at com.thoughtworks.xstream.mapper.DynamicProxyMapper.realClass(DynamicProxyMapper.java:71)
	at com.thoughtworks.xstream.mapper.MapperWrapper.realClass(MapperWrapper.java:38)
	at com.thoughtworks.xstream.mapper.PackageAliasingMapper.realClass(PackageAliasingMapper.java:88)
	at com.thoughtworks.xstream.mapper.MapperWrapper.realClass(MapperWrapper.java:38)
	at com.thoughtworks.xstream.mapper.ClassAliasingMapper.realClass(ClassAliasingMapper.java:86)
	at com.thoughtworks.xstream.mapper.MapperWrapper.realClass(MapperWrapper.java:38)
	at com.thoughtworks.xstream.mapper.MapperWrapper.realClass(MapperWrapper.java:38)
	at com.thoughtworks.xstream.mapper.MapperWrapper.realClass(MapperWrapper.java:38)
	at com.thoughtworks.xstream.mapper.MapperWrapper.realClass(MapperWrapper.java:38)
	at com.thoughtworks.xstream.mapper.MapperWrapper.realClass(MapperWrapper.java:38)
	at com.thoughtworks.xstream.mapper.MapperWrapper.realClass(MapperWrapper.java:38)
	at com.thoughtworks.xstream.mapper.ArrayMapper.realClass(ArrayMapper.java:96)
	at com.thoughtworks.xstream.mapper.MapperWrapper.realClass(MapperWrapper.java:38)
	at com.thoughtworks.xstream.mapper.MapperWrapper.realClass(MapperWrapper.java:38)
	at com.thoughtworks.xstream.mapper.MapperWrapper.realClass(MapperWrapper.java:38)
	at com.thoughtworks.xstream.mapper.MapperWrapper.realClass(MapperWrapper.java:38)
	at com.thoughtworks.xstream.mapper.MapperWrapper.realClass(MapperWrapper.java:38)
	at com.thoughtworks.xstream.mapper.MapperWrapper.realClass(MapperWrapper.java:38)
	at com.thoughtworks.xstream.mapper.MapperWrapper.realClass(MapperWrapper.java:38)
	at com.thoughtworks.xstream.mapper.CachingMapper.realClass(CachingMapper.java:53)
	at com.thoughtworks.xstream.core.util.HierarchicalStreams.readClassType(HierarchicalStreams.java:29)
	at com.thoughtworks.xstream.converters.collections.AbstractCollectionConverter.readItem(AbstractCollectionConverter.java:70)
	at hudson.util.CopyOnWriteList$ConverterImpl.unmarshal(CopyOnWriteList.java:178)
	at hudson.util.CopyOnWriteList$ConverterImpl.unmarshal(CopyOnWriteList.java:157)
	at hudson.util.XStream2$AssociatedConverterImpl.unmarshal(XStream2.java:141)
	at com.thoughtworks.xstream.core.TreeUnmarshaller.convert(TreeUnmarshaller.java:82)
	at com.thoughtworks.xstream.core.AbstractReferenceUnmarshaller.convert(AbstractReferenceUnmarshaller.java:63)
	at com.thoughtworks.xstream.core.TreeUnmarshaller.convertAnother(TreeUnmarshaller.java:76)
	at com.thoughtworks.xstream.core.TreeUnmarshaller.convertAnother(TreeUnmarshaller.java:60)
	at hudson.util.RobustReflectionConverter.unmarshallField(RobustReflectionConverter.java:262)
	at hudson.util.RobustReflectionConverter.doUnmarshal(RobustReflectionConverter.java:222)
	at hudson.util.RobustReflectionConverter.unmarshal(RobustReflectionConverter.java:173)
	at com.thoughtworks.xstream.core.TreeUnmarshaller.convert(TreeUnmarshaller.java:82)
	at com.thoughtworks.xstream.core.AbstractReferenceUnmarshaller.convert(AbstractReferenceUnmarshaller.java:63)
	at com.thoughtworks.xstream.core.TreeUnmarshaller.convertAnother(TreeUnmarshaller.java:76)
	at com.thoughtworks.xstream.core.TreeUnmarshaller.convertAnother(TreeUnmarshaller.java:60)
	at com.thoughtworks.xstream.core.TreeUnmarshaller.start(TreeUnmarshaller.java:137)
	at com.thoughtworks.xstream.core.AbstractTreeMarshallingStrategy.unmarshal(AbstractTreeMarshallingStrategy.java:33)
	at com.thoughtworks.xstream.XStream.unmarshal(XStream.java:923)
	at hudson.util.XStream2.unmarshal(XStream2.java:65)
	at com.thoughtworks.xstream.XStream.unmarshal(XStream.java:909)
	at com.thoughtworks.xstream.XStream.fromXML(XStream.java:853)
	at hudson.XmlFile.read(XmlFile.java:126)
	at hudson.model.Items.load(Items.java:106)
	at hudson.model.Hudson$9.call(Hudson.java:1967)
	at hudson.model.Hudson$9.call(Hudson.java:1960)
	at java.util.concurrent.FutureTask$Sync.innerRun(FutureTask.java:303)
	at java.util.concurrent.FutureTask.run(FutureTask.java:138)
	at java.util.concurrent.ThreadPoolExecutor$Worker.runTask(ThreadPoolExecutor.java:886)
	at java.util.concurrent.ThreadPoolExecutor$Worker.run(ThreadPoolExecutor.java:908)
	at java.lang.Thread.run(Thread.java:619)
failed to locate class: com.thoughtworks.xstream.mapper.CannotResolveClassException: hudson.plugins.disk_usage.BuildDiskUsageAction : hudson.plugins.disk_usage.BuildDiskUsageAction
failed to locate class: com.thoughtworks.xstream.mapper.CannotResolveClassException: hudson.plugins.disk_usage.BuildDiskUsageAction : hudson.plugins.disk_usage.BuildDiskUsageAction
failed to locate class: com.thoughtworks.xstream.mapper.CannotResolveClassException: hudson.plugins.disk_usage.BuildDiskUsageAction : hudson.plugins.disk_usage.BuildDiskUsageAction
failed to locate class: com.thoughtworks.xstream.mapper.CannotResolveClassException: hudson.plugins.disk_usage.BuildDiskUsageAction : hudson.plugins.disk_usage.BuildDiskUsageAction
failed to locate class: com.thoughtworks.xstream.mapper.CannotResolveClassException: hudson.plugins.disk_usage.BuildDiskUsageAction : hudson.plugins.disk_usage.BuildDiskUsageAction
May 29, 2009 1:30:21 PM hudson.util.CopyOnWriteList$ConverterImpl unmarshal
WARNING: Failed to resolve class
com.thoughtworks.xstream.mapper.CannotResolveClassException: hudson.plugins.disk_usage.DiskUsageProperty : hudson.plugins.disk_usage.DiskUsageProperty
	at com.thoughtworks.xstream.mapper.DefaultMapper.realClass(DefaultMapper.java:68)
	at com.thoughtworks.xstream.mapper.MapperWrapper.realClass(MapperWrapper.java:38)
	at com.thoughtworks.xstream.mapper.XStream11XmlFriendlyMapper.realClass(XStream11XmlFriendlyMapper.java:34)
	at com.thoughtworks.xstream.mapper.MapperWrapper.realClass(MapperWrapper.java:38)
	at com.thoughtworks.xstream.mapper.DynamicProxyMapper.realClass(DynamicProxyMapper.java:71)
	at com.thoughtworks.xstream.mapper.MapperWrapper.realClass(MapperWrapper.java:38)
	at com.thoughtworks.xstream.mapper.PackageAliasingMapper.realClass(PackageAliasingMapper.java:88)
	at com.thoughtworks.xstream.mapper.MapperWrapper.realClass(MapperWrapper.java:38)
	at com.thoughtworks.xstream.mapper.ClassAliasingMapper.realClass(ClassAliasingMapper.java:86)
	at com.thoughtworks.xstream.mapper.MapperWrapper.realClass(MapperWrapper.java:38)
	at com.thoughtworks.xstream.mapper.MapperWrapper.realClass(MapperWrapper.java:38)
	at com.thoughtworks.xstream.mapper.MapperWrapper.realClass(MapperWrapper.java:38)
	at com.thoughtworks.xstream.mapper.MapperWrapper.realClass(MapperWrapper.java:38)
	at com.thoughtworks.xstream.mapper.MapperWrapper.realClass(MapperWrapper.java:38)
	at com.thoughtworks.xstream.mapper.MapperWrapper.realClass(MapperWrapper.java:38)
	at com.thoughtworks.xstream.mapper.ArrayMapper.realClass(ArrayMapper.java:96)
	at com.thoughtworks.xstream.mapper.MapperWrapper.realClass(MapperWrapper.java:38)
	at com.thoughtworks.xstream.mapper.MapperWrapper.realClass(MapperWrapper.java:38)
	at com.thoughtworks.xstream.mapper.MapperWrapper.realClass(MapperWrapper.java:38)
	at com.thoughtworks.xstream.mapper.MapperWrapper.realClass(MapperWrapper.java:38)
	at com.thoughtworks.xstream.mapper.MapperWrapper.realClass(MapperWrapper.java:38)
	at com.thoughtworks.xstream.mapper.MapperWrapper.realClass(MapperWrapper.java:38)
	at com.thoughtworks.xstream.mapper.MapperWrapper.realClass(MapperWrapper.java:38)
	at com.thoughtworks.xstream.mapper.CachingMapper.realClass(CachingMapper.java:53)
	at com.thoughtworks.xstream.core.util.HierarchicalStreams.readClassType(HierarchicalStreams.java:29)
	at com.thoughtworks.xstream.converters.collections.AbstractCollectionConverter.readItem(AbstractCollectionConverter.java:70)
	at hudson.util.CopyOnWriteList$ConverterImpl.unmarshal(CopyOnWriteList.java:178)
	at hudson.util.CopyOnWriteList$ConverterImpl.unmarshal(CopyOnWriteList.java:157)
	at hudson.util.XStream2$AssociatedConverterImpl.unmarshal(XStream2.java:141)
	at com.thoughtworks.xstream.core.TreeUnmarshaller.convert(TreeUnmarshaller.java:82)
	at com.thoughtworks.xstream.core.AbstractReferenceUnmarshaller.convert(AbstractReferenceUnmarshaller.java:63)
	at com.thoughtworks.xstream.core.TreeUnmarshaller.convertAnother(TreeUnmarshaller.java:76)
	at com.thoughtworks.xstream.core.TreeUnmarshaller.convertAnother(TreeUnmarshaller.java:60)
	at hudson.util.RobustReflectionConverter.unmarshallField(RobustReflectionConverter.java:262)
	at hudson.util.RobustReflectionConverter.doUnmarshal(RobustReflectionConverter.java:222)
	at hudson.util.RobustReflectionConverter.unmarshal(RobustReflectionConverter.java:173)
	at com.thoughtworks.xstream.core.TreeUnmarshaller.convert(TreeUnmarshaller.java:82)
	at com.thoughtworks.xstream.core.AbstractReferenceUnmarshaller.convert(AbstractReferenceUnmarshaller.java:63)
	at com.thoughtworks.xstream.core.TreeUnmarshaller.convertAnother(TreeUnmarshaller.java:76)
	at com.thoughtworks.xstream.core.TreeUnmarshaller.convertAnother(TreeUnmarshaller.java:60)
	at com.thoughtworks.xstream.core.TreeUnmarshaller.start(TreeUnmarshaller.java:137)
	at com.thoughtworks.xstream.core.AbstractTreeMarshallingStrategy.unmarshal(AbstractTreeMarshallingStrategy.java:33)
	at com.thoughtworks.xstream.XStream.unmarshal(XStream.java:923)
	at hudson.util.XStream2.unmarshal(XStream2.java:65)
	at com.thoughtworks.xstream.XStream.unmarshal(XStream.java:909)
	at com.thoughtworks.xstream.XStream.fromXML(XStream.java:853)
	at hudson.XmlFile.read(XmlFile.java:126)
	at hudson.model.Items.load(Items.java:106)
	at hudson.model.Hudson$9.call(Hudson.java:1967)
	at hudson.model.Hudson$9.call(Hudson.java:1960)
	at java.util.concurrent.FutureTask$Sync.innerRun(FutureTask.java:303)
	at java.util.concurrent.FutureTask.run(FutureTask.java:138)
	at java.util.concurrent.ThreadPoolExecutor$Worker.runTask(ThreadPoolExecutor.java:886)
	at java.util.concurrent.ThreadPoolExecutor$Worker.run(ThreadPoolExecutor.java:908)
	at java.lang.Thread.run(Thread.java:619)
failed to locate class: com.thoughtworks.xstream.mapper.CannotResolveClassException: hudson.plugins.disk_usage.BuildDiskUsageAction : hudson.plugins.disk_usage.BuildDiskUsageAction
failed to locate class: com.thoughtworks.xstream.mapper.CannotResolveClassException: hudson.plugins.disk_usage.BuildDiskUsageAction : hudson.plugins.disk_usage.BuildDiskUsageAction
failed to locate class: com.thoughtworks.xstream.mapper.CannotResolveClassException: hudson.plugins.disk_usage.BuildDiskUsageAction : hudson.plugins.disk_usage.BuildDiskUsageAction
failed to locate class: com.thoughtworks.xstream.mapper.CannotResolveClassException: hudson.plugins.disk_usage.BuildDiskUsageAction : hudson.plugins.disk_usage.BuildDiskUsageAction
failed to locate class: com.thoughtworks.xstream.mapper.CannotResolveClassException: hudson.plugins.disk_usage.BuildDiskUsageAction : hudson.plugins.disk_usage.BuildDiskUsageAction
failed to locate class: com.thoughtworks.xstream.mapper.CannotResolveClassException: hudson.plugins.disk_usage.BuildDiskUsageAction : hudson.plugins.disk_usage.BuildDiskUsageAction
May 29, 2009 1:30:22 PM hudson.util.CopyOnWriteList$ConverterImpl unmarshal
WARNING: Failed to resolve class
com.thoughtworks.xstream.mapper.CannotResolveClassException: hudson.plugins.disk_usage.DiskUsageProperty : hudson.plugins.disk_usage.DiskUsageProperty
	at com.thoughtworks.xstream.mapper.DefaultMapper.realClass(DefaultMapper.java:68)
	at com.thoughtworks.xstream.mapper.MapperWrapper.realClass(MapperWrapper.java:38)
	at com.thoughtworks.xstream.mapper.XStream11XmlFriendlyMapper.realClass(XStream11XmlFriendlyMapper.java:34)
	at com.thoughtworks.xstream.mapper.MapperWrapper.realClass(MapperWrapper.java:38)
	at com.thoughtworks.xstream.mapper.DynamicProxyMapper.realClass(DynamicProxyMapper.java:71)
	at com.thoughtworks.xstream.mapper.MapperWrapper.realClass(MapperWrapper.java:38)
	at com.thoughtworks.xstream.mapper.PackageAliasingMapper.realClass(PackageAliasingMapper.java:88)
	at com.thoughtworks.xstream.mapper.MapperWrapper.realClass(MapperWrapper.java:38)
	at com.thoughtworks.xstream.mapper.ClassAliasingMapper.realClass(ClassAliasingMapper.java:86)
	at com.thoughtworks.xstream.mapper.MapperWrapper.realClass(MapperWrapper.java:38)
	at com.thoughtworks.xstream.mapper.MapperWrapper.realClass(MapperWrapper.java:38)
	at com.thoughtworks.xstream.mapper.MapperWrapper.realClass(MapperWrapper.java:38)
	at com.thoughtworks.xstream.mapper.MapperWrapper.realClass(MapperWrapper.java:38)
	at com.thoughtworks.xstream.mapper.MapperWrapper.realClass(MapperWrapper.java:38)
	at com.thoughtworks.xstream.mapper.MapperWrapper.realClass(MapperWrapper.java:38)
	at com.thoughtworks.xstream.mapper.ArrayMapper.realClass(ArrayMapper.java:96)
	at com.thoughtworks.xstream.mapper.MapperWrapper.realClass(MapperWrapper.java:38)
	at com.thoughtworks.xstream.mapper.MapperWrapper.realClass(MapperWrapper.java:38)
	at com.thoughtworks.xstream.mapper.MapperWrapper.realClass(MapperWrapper.java:38)
	at com.thoughtworks.xstream.mapper.MapperWrapper.realClass(MapperWrapper.java:38)
	at com.thoughtworks.xstream.mapper.MapperWrapper.realClass(MapperWrapper.java:38)
	at com.thoughtworks.xstream.mapper.MapperWrapper.realClass(MapperWrapper.java:38)
	at com.thoughtworks.xstream.mapper.MapperWrapper.realClass(MapperWrapper.java:38)
	at com.thoughtworks.xstream.mapper.CachingMapper.realClass(CachingMapper.java:53)
	at com.thoughtworks.xstream.core.util.HierarchicalStreams.readClassType(HierarchicalStreams.java:29)
	at com.thoughtworks.xstream.converters.collections.AbstractCollectionConverter.readItem(AbstractCollectionConverter.java:70)
	at hudson.util.CopyOnWriteList$ConverterImpl.unmarshal(CopyOnWriteList.java:178)
	at hudson.util.CopyOnWriteList$ConverterImpl.unmarshal(CopyOnWriteList.java:157)
	at hudson.util.XStream2$AssociatedConverterImpl.unmarshal(XStream2.java:141)
	at com.thoughtworks.xstream.core.TreeUnmarshaller.convert(TreeUnmarshaller.java:82)
	at com.thoughtworks.xstream.core.AbstractReferenceUnmarshaller.convert(AbstractReferenceUnmarshaller.java:63)
	at com.thoughtworks.xstream.core.TreeUnmarshaller.convertAnother(TreeUnmarshaller.java:76)
	at com.thoughtworks.xstream.core.TreeUnmarshaller.convertAnother(TreeUnmarshaller.java:60)
	at hudson.util.RobustReflectionConverter.unmarshallField(RobustReflectionConverter.java:262)
	at hudson.util.RobustReflectionConverter.doUnmarshal(RobustReflectionConverter.java:222)
	at hudson.util.RobustReflectionConverter.unmarshal(RobustReflectionConverter.java:173)
	at com.thoughtworks.xstream.core.TreeUnmarshaller.convert(TreeUnmarshaller.java:82)
	at com.thoughtworks.xstream.core.AbstractReferenceUnmarshaller.convert(AbstractReferenceUnmarshaller.java:63)
	at com.thoughtworks.xstream.core.TreeUnmarshaller.convertAnother(TreeUnmarshaller.java:76)
	at com.thoughtworks.xstream.core.TreeUnmarshaller.convertAnother(TreeUnmarshaller.java:60)
	at com.thoughtworks.xstream.core.TreeUnmarshaller.start(TreeUnmarshaller.java:137)
	at com.thoughtworks.xstream.core.AbstractTreeMarshallingStrategy.unmarshal(AbstractTreeMarshallingStrategy.java:33)
	at com.thoughtworks.xstream.XStream.unmarshal(XStream.java:923)
	at hudson.util.XStream2.unmarshal(XStream2.java:65)
	at com.thoughtworks.xstream.XStream.unmarshal(XStream.java:909)
	at com.thoughtworks.xstream.XStream.fromXML(XStream.java:853)
	at hudson.XmlFile.read(XmlFile.java:126)
	at hudson.model.Items.load(Items.java:106)
	at hudson.model.Hudson$9.call(Hudson.java:1967)
	at hudson.model.Hudson$9.call(Hudson.java:1960)
	at java.util.concurrent.FutureTask$Sync.innerRun(FutureTask.java:303)
	at java.util.concurrent.FutureTask.run(FutureTask.java:138)
	at java.util.concurrent.ThreadPoolExecutor$Worker.runTask(ThreadPoolExecutor.java:886)
	at java.util.concurrent.ThreadPoolExecutor$Worker.run(ThreadPoolExecutor.java:908)
	at java.lang.Thread.run(Thread.java:619)
failed to locate class: com.thoughtworks.xstream.mapper.CannotResolveClassException: hudson.plugins.disk_usage.BuildDiskUsageAction : hudson.plugins.disk_usage.BuildDiskUsageAction
failed to locate class: com.thoughtworks.xstream.mapper.CannotResolveClassException: hudson.plugins.disk_usage.BuildDiskUsageAction : hudson.plugins.disk_usage.BuildDiskUsageAction
failed to locate class: com.thoughtworks.xstream.mapper.CannotResolveClassException: hudson.plugins.disk_usage.BuildDiskUsageAction : hudson.plugins.disk_usage.BuildDiskUsageAction
failed to locate class: com.thoughtworks.xstream.mapper.CannotResolveClassException: hudson.plugins.disk_usage.BuildDiskUsageAction : hudson.plugins.disk_usage.BuildDiskUsageAction
failed to locate class: com.thoughtworks.xstream.mapper.CannotResolveClassException: hudson.plugins.disk_usage.BuildDiskUsageAction : hudson.plugins.disk_usage.BuildDiskUsageAction
failed to locate class: com.thoughtworks.xstream.mapper.CannotResolveClassException: hudson.plugins.disk_usage.BuildDiskUsageAction : hudson.plugins.disk_usage.BuildDiskUsageAction
failed to locate class: com.thoughtworks.xstream.mapper.CannotResolveClassException: hudson.plugins.disk_usage.BuildDiskUsageAction : hudson.plugins.disk_usage.BuildDiskUsageAction
failed to locate class: com.thoughtworks.xstream.mapper.CannotResolveClassException: hudson.plugins.disk_usage.BuildDiskUsageAction : hudson.plugins.disk_usage.BuildDiskUsageAction
failed to locate class: com.thoughtworks.xstream.mapper.CannotResolveClassException: hudson.plugins.disk_usage.BuildDiskUsageAction : hudson.plugins.disk_usage.BuildDiskUsageAction
failed to locate class: com.thoughtworks.xstream.mapper.CannotResolveClassException: hudson.plugins.disk_usage.BuildDiskUsageAction : hudson.plugins.disk_usage.BuildDiskUsageAction
May 29, 2009 1:30:22 PM hudson.util.CopyOnWriteList$ConverterImpl unmarshal
WARNING: Failed to resolve class
com.thoughtworks.xstream.mapper.CannotResolveClassException: hudson.plugins.disk_usage.DiskUsageProperty : hudson.plugins.disk_usage.DiskUsageProperty
	at com.thoughtworks.xstream.mapper.DefaultMapper.realClass(DefaultMapper.java:68)
	at com.thoughtworks.xstream.mapper.MapperWrapper.realClass(MapperWrapper.java:38)
	at com.thoughtworks.xstream.mapper.XStream11XmlFriendlyMapper.realClass(XStream11XmlFriendlyMapper.java:34)
	at com.thoughtworks.xstream.mapper.MapperWrapper.realClass(MapperWrapper.java:38)
	at com.thoughtworks.xstream.mapper.DynamicProxyMapper.realClass(DynamicProxyMapper.java:71)
	at com.thoughtworks.xstream.mapper.MapperWrapper.realClass(MapperWrapper.java:38)
	at com.thoughtworks.xstream.mapper.PackageAliasingMapper.realClass(PackageAliasingMapper.java:88)
	at com.thoughtworks.xstream.mapper.MapperWrapper.realClass(MapperWrapper.java:38)
	at com.thoughtworks.xstream.mapper.ClassAliasingMapper.realClass(ClassAliasingMapper.java:86)
	at com.thoughtworks.xstream.mapper.MapperWrapper.realClass(MapperWrapper.java:38)
	at com.thoughtworks.xstream.mapper.MapperWrapper.realClass(MapperWrapper.java:38)
	at com.thoughtworks.xstream.mapper.MapperWrapper.realClass(MapperWrapper.java:38)
	at com.thoughtworks.xstream.mapper.MapperWrapper.realClass(MapperWrapper.java:38)
	at com.thoughtworks.xstream.mapper.MapperWrapper.realClass(MapperWrapper.java:38)
	at com.thoughtworks.xstream.mapper.MapperWrapper.realClass(MapperWrapper.java:38)
	at com.thoughtworks.xstream.mapper.ArrayMapper.realClass(ArrayMapper.java:96)
	at com.thoughtworks.xstream.mapper.MapperWrapper.realClass(MapperWrapper.java:38)
	at com.thoughtworks.xstream.mapper.MapperWrapper.realClass(MapperWrapper.java:38)
	at com.thoughtworks.xstream.mapper.MapperWrapper.realClass(MapperWrapper.java:38)
	at com.thoughtworks.xstream.mapper.MapperWrapper.realClass(MapperWrapper.java:38)
	at com.thoughtworks.xstream.mapper.MapperWrapper.realClass(MapperWrapper.java:38)
	at com.thoughtworks.xstream.mapper.MapperWrapper.realClass(MapperWrapper.java:38)
	at com.thoughtworks.xstream.mapper.MapperWrapper.realClass(MapperWrapper.java:38)
	at com.thoughtworks.xstream.mapper.CachingMapper.realClass(CachingMapper.java:53)
	at com.thoughtworks.xstream.core.util.HierarchicalStreams.readClassType(HierarchicalStreams.java:29)
	at com.thoughtworks.xstream.converters.collections.AbstractCollectionConverter.readItem(AbstractCollectionConverter.java:70)
	at hudson.util.CopyOnWriteList$ConverterImpl.unmarshal(CopyOnWriteList.java:178)
	at hudson.util.CopyOnWriteList$ConverterImpl.unmarshal(CopyOnWriteList.java:157)
	at hudson.util.XStream2$AssociatedConverterImpl.unmarshal(XStream2.java:141)
	at com.thoughtworks.xstream.core.TreeUnmarshaller.convert(TreeUnmarshaller.java:82)
	at com.thoughtworks.xstream.core.AbstractReferenceUnmarshaller.convert(AbstractReferenceUnmarshaller.java:63)
	at com.thoughtworks.xstream.core.TreeUnmarshaller.convertAnother(TreeUnmarshaller.java:76)
	at com.thoughtworks.xstream.core.TreeUnmarshaller.convertAnother(TreeUnmarshaller.java:60)
	at hudson.util.RobustReflectionConverter.unmarshallField(RobustReflectionConverter.java:262)
	at hudson.util.RobustReflectionConverter.doUnmarshal(RobustReflectionConverter.java:222)
	at hudson.util.RobustReflectionConverter.unmarshal(RobustReflectionConverter.java:173)
	at com.thoughtworks.xstream.core.TreeUnmarshaller.convert(TreeUnmarshaller.java:82)
	at com.thoughtworks.xstream.core.AbstractReferenceUnmarshaller.convert(AbstractReferenceUnmarshaller.java:63)
	at com.thoughtworks.xstream.core.TreeUnmarshaller.convertAnother(TreeUnmarshaller.java:76)
	at com.thoughtworks.xstream.core.TreeUnmarshaller.convertAnother(TreeUnmarshaller.java:60)
	at com.thoughtworks.xstream.core.TreeUnmarshaller.start(TreeUnmarshaller.java:137)
	at com.thoughtworks.xstream.core.AbstractTreeMarshallingStrategy.unmarshal(AbstractTreeMarshallingStrategy.java:33)
	at com.thoughtworks.xstream.XStream.unmarshal(XStream.java:923)
	at hudson.util.XStream2.unmarshal(XStream2.java:65)
	at com.thoughtworks.xstream.XStream.unmarshal(XStream.java:909)
	at com.thoughtworks.xstream.XStream.fromXML(XStream.java:853)
	at hudson.XmlFile.read(XmlFile.java:126)
	at hudson.model.Items.load(Items.java:106)
	at hudson.model.Hudson$9.call(Hudson.java:1967)
	at hudson.model.Hudson$9.call(Hudson.java:1960)
	at java.util.concurrent.FutureTask$Sync.innerRun(FutureTask.java:303)
	at java.util.concurrent.FutureTask.run(FutureTask.java:138)
	at java.util.concurrent.ThreadPoolExecutor$Worker.runTask(ThreadPoolExecutor.java:886)
	at java.util.concurrent.ThreadPoolExecutor$Worker.run(ThreadPoolExecutor.java:908)
	at java.lang.Thread.run(Thread.java:619)
failed to locate class: com.thoughtworks.xstream.mapper.CannotResolveClassException: hudson.plugins.disk_usage.BuildDiskUsageAction : hudson.plugins.disk_usage.BuildDiskUsageAction
failed to locate class: com.thoughtworks.xstream.mapper.CannotResolveClassException: hudson.plugins.disk_usage.BuildDiskUsageAction : hudson.plugins.disk_usage.BuildDiskUsageAction
failed to locate class: com.thoughtworks.xstream.mapper.CannotResolveClassException: hudson.plugins.disk_usage.BuildDiskUsageAction : hudson.plugins.disk_usage.BuildDiskUsageAction
failed to locate class: com.thoughtworks.xstream.mapper.CannotResolveClassException: hudson.plugins.disk_usage.BuildDiskUsageAction : hudson.plugins.disk_usage.BuildDiskUsageAction
failed to locate class: com.thoughtworks.xstream.mapper.CannotResolveClassException: hudson.plugins.disk_usage.BuildDiskUsageAction : hudson.plugins.disk_usage.BuildDiskUsageAction
failed to locate class: com.thoughtworks.xstream.mapper.CannotResolveClassException: hudson.plugins.disk_usage.BuildDiskUsageAction : hudson.plugins.disk_usage.BuildDiskUsageAction
failed to locate class: com.thoughtworks.xstream.mapper.CannotResolveClassException: hudson.plugins.disk_usage.BuildDiskUsageAction : hudson.plugins.disk_usage.BuildDiskUsageAction
failed to locate class: com.thoughtworks.xstream.mapper.CannotResolveClassException: hudson.plugins.disk_usage.BuildDiskUsageAction : hudson.plugins.disk_usage.BuildDiskUsageAction
failed to locate class: com.thoughtworks.xstream.mapper.CannotResolveClassException: hudson.plugins.disk_usage.BuildDiskUsageAction : hudson.plugins.disk_usage.BuildDiskUsageAction
failed to locate class: com.thoughtworks.xstream.mapper.CannotResolveClassException: hudson.plugins.disk_usage.BuildDiskUsageAction : hudson.plugins.disk_usage.BuildDiskUsageAction
failed to locate class: com.thoughtworks.xstream.mapper.CannotResolveClassException: hudson.plugins.disk_usage.BuildDiskUsageAction : hudson.plugins.disk_usage.BuildDiskUsageAction
failed to locate class: com.thoughtworks.xstream.mapper.CannotResolveClassException: hudson.plugins.disk_usage.BuildDiskUsageAction : hudson.plugins.disk_usage.BuildDiskUsageAction
failed to locate class: com.thoughtworks.xstream.mapper.CannotResolveClassException: hudson.plugins.disk_usage.BuildDiskUsageAction : hudson.plugins.disk_usage.BuildDiskUsageAction
failed to locate class: com.thoughtworks.xstream.mapper.CannotResolveClassException: hudson.plugins.disk_usage.BuildDiskUsageAction : hudson.plugins.disk_usage.BuildDiskUsageAction
failed to locate class: com.thoughtworks.xstream.mapper.CannotResolveClassException: hudson.plugins.disk_usage.BuildDiskUsageAction : hudson.plugins.disk_usage.BuildDiskUsageAction
failed to locate class: com.thoughtworks.xstream.mapper.CannotResolveClassException: hudson.plugins.disk_usage.BuildDiskUsageAction : hudson.plugins.disk_usage.BuildDiskUsageAction
failed to locate class: com.thoughtworks.xstream.mapper.CannotResolveClassException: hudson.plugins.disk_usage.BuildDiskUsageAction : hudson.plugins.disk_usage.BuildDiskUsageAction
failed to locate class: com.thoughtworks.xstream.mapper.CannotResolveClassException: hudson.plugins.disk_usage.BuildDiskUsageAction : hudson.plugins.disk_usage.BuildDiskUsageAction
failed to locate class: com.thoughtworks.xstream.mapper.CannotResolveClassException: hudson.plugins.disk_usage.BuildDiskUsageAction : hudson.plugins.disk_usage.BuildDiskUsageAction
failed to locate class: com.thoughtworks.xstream.mapper.CannotResolveClassException: hudson.plugins.disk_usage.BuildDiskUsageAction : hudson.plugins.disk_usage.BuildDiskUsageAction
failed to locate class: com.thoughtworks.xstream.mapper.CannotResolveClassException: hudson.plugins.disk_usage.BuildDiskUsageAction : hudson.plugins.disk_usage.BuildDiskUsageAction
failed to locate class: com.thoughtworks.xstream.mapper.CannotResolveClassException: hudson.plugins.disk_usage.BuildDiskUsageAction : hudson.plugins.disk_usage.BuildDiskUsageAction
failed to locate class: com.thoughtworks.xstream.mapper.CannotResolveClassException: hudson.plugins.disk_usage.BuildDiskUsageAction : hudson.plugins.disk_usage.BuildDiskUsageAction
failed to locate class: com.thoughtworks.xstream.mapper.CannotResolveClassException: hudson.plugins.disk_usage.BuildDiskUsageAction : hudson.plugins.disk_usage.BuildDiskUsageAction
failed to locate class: com.thoughtworks.xstream.mapper.CannotResolveClassException: hudson.plugins.disk_usage.BuildDiskUsageAction : hudson.plugins.disk_usage.BuildDiskUsageAction
failed to locate class: com.thoughtworks.xstream.mapper.CannotResolveClassException: hudson.plugins.disk_usage.BuildDiskUsageAction : hudson.plugins.disk_usage.BuildDiskUsageAction
failed to locate class: com.thoughtworks.xstream.mapper.CannotResolveClassException: hudson.plugins.disk_usage.BuildDiskUsageAction : hudson.plugins.disk_usage.BuildDiskUsageAction
failed to locate class: com.thoughtworks.xstream.mapper.CannotResolveClassException: hudson.plugins.disk_usage.BuildDiskUsageAction : hudson.plugins.disk_usage.BuildDiskUsageAction
failed to locate class: com.thoughtworks.xstream.mapper.CannotResolveClassException: hudson.plugins.disk_usage.BuildDiskUsageAction : hudson.plugins.disk_usage.BuildDiskUsageAction
failed to locate class: com.thoughtworks.xstream.mapper.CannotResolveClassException: hudson.plugins.disk_usage.BuildDiskUsageAction : hudson.plugins.disk_usage.BuildDiskUsageAction
failed to locate class: com.thoughtworks.xstream.mapper.CannotResolveClassException: hudson.plugins.disk_usage.BuildDiskUsageAction : hudson.plugins.disk_usage.BuildDiskUsageAction
failed to locate class: com.thoughtworks.xstream.mapper.CannotResolveClassException: hudson.plugins.disk_usage.BuildDiskUsageAction : hudson.plugins.disk_usage.BuildDiskUsageAction
failed to locate class: com.thoughtworks.xstream.mapper.CannotResolveClassException: hudson.plugins.disk_usage.BuildDiskUsageAction : hudson.plugins.disk_usage.BuildDiskUsageAction
failed to locate class: com.thoughtworks.xstream.mapper.CannotResolveClassException: hudson.plugins.disk_usage.BuildDiskUsageAction : hudson.plugins.disk_usage.BuildDiskUsageAction
failed to locate class: com.thoughtworks.xstream.mapper.CannotResolveClassException: hudson.plugins.disk_usage.BuildDiskUsageAction : hudson.plugins.disk_usage.BuildDiskUsageAction
failed to locate class: com.thoughtworks.xstream.mapper.CannotResolveClassException: hudson.plugins.disk_usage.BuildDiskUsageAction : hudson.plugins.disk_usage.BuildDiskUsageAction
failed to locate class: com.thoughtworks.xstream.mapper.CannotResolveClassException: hudson.plugins.disk_usage.BuildDiskUsageAction : hudson.plugins.disk_usage.BuildDiskUsageAction
failed to locate class: com.thoughtworks.xstream.mapper.CannotResolveClassException: hudson.plugins.disk_usage.BuildDiskUsageAction : hudson.plugins.disk_usage.BuildDiskUsageAction
failed to locate class: com.thoughtworks.xstream.mapper.CannotResolveClassException: hudson.plugins.disk_usage.BuildDiskUsageAction : hudson.plugins.disk_usage.BuildDiskUsageAction
failed to locate class: com.thoughtworks.xstream.mapper.CannotResolveClassException: hudson.plugins.disk_usage.BuildDiskUsageAction : hudson.plugins.disk_usage.BuildDiskUsageAction
failed to locate class: com.thoughtworks.xstream.mapper.CannotResolveClassException: hudson.plugins.disk_usage.BuildDiskUsageAction : hudson.plugins.disk_usage.BuildDiskUsageAction
failed to locate class: com.thoughtworks.xstream.mapper.CannotResolveClassException: hudson.plugins.disk_usage.BuildDiskUsageAction : hudson.plugins.disk_usage.BuildDiskUsageAction
failed to locate class: com.thoughtworks.xstream.mapper.CannotResolveClassException: hudson.plugins.disk_usage.BuildDiskUsageAction : hudson.plugins.disk_usage.BuildDiskUsageAction
failed to locate class: com.thoughtworks.xstream.mapper.CannotResolveClassException: hudson.plugins.disk_usage.BuildDiskUsageAction : hudson.plugins.disk_usage.BuildDiskUsageAction
failed to locate class: com.thoughtworks.xstream.mapper.CannotResolveClassException: hudson.plugins.disk_usage.BuildDiskUsageAction : hudson.plugins.disk_usage.BuildDiskUsageAction
failed to locate class: com.thoughtworks.xstream.mapper.CannotResolveClassException: hudson.plugins.disk_usage.BuildDiskUsageAction : hudson.plugins.disk_usage.BuildDiskUsageAction
failed to locate class: com.thoughtworks.xstream.mapper.CannotResolveClassException: hudson.plugins.disk_usage.BuildDiskUsageAction : hudson.plugins.disk_usage.BuildDiskUsageAction
failed to locate class: com.thoughtworks.xstream.mapper.CannotResolveClassException: hudson.plugins.disk_usage.BuildDiskUsageAction : hudson.plugins.disk_usage.BuildDiskUsageAction
failed to locate class: com.thoughtworks.xstream.mapper.CannotResolveClassException: hudson.plugins.disk_usage.BuildDiskUsageAction : hudson.plugins.disk_usage.BuildDiskUsageAction
failed to locate class: com.thoughtworks.xstream.mapper.CannotResolveClassException: hudson.plugins.disk_usage.BuildDiskUsageAction : hudson.plugins.disk_usage.BuildDiskUsageAction
failed to locate class: com.thoughtworks.xstream.mapper.CannotResolveClassException: hudson.plugins.disk_usage.BuildDiskUsageAction : hudson.plugins.disk_usage.BuildDiskUsageAction
failed to locate class: com.thoughtworks.xstream.mapper.CannotResolveClassException: hudson.plugins.disk_usage.BuildDiskUsageAction : hudson.plugins.disk_usage.BuildDiskUsageAction
failed to locate class: com.thoughtworks.xstream.mapper.CannotResolveClassException: hudson.plugins.disk_usage.BuildDiskUsageAction : hudson.plugins.disk_usage.BuildDiskUsageAction
failed to locate class: com.thoughtworks.xstream.mapper.CannotResolveClassException: hudson.plugins.disk_usage.BuildDiskUsageAction : hudson.plugins.disk_usage.BuildDiskUsageAction
failed to locate class: com.thoughtworks.xstream.mapper.CannotResolveClassException: hudson.plugins.disk_usage.BuildDiskUsageAction : hudson.plugins.disk_usage.BuildDiskUsageAction
failed to locate class: com.thoughtworks.xstream.mapper.CannotResolveClassException: hudson.plugins.disk_usage.BuildDiskUsageAction : hudson.plugins.disk_usage.BuildDiskUsageAction
failed to locate class: com.thoughtworks.xstream.mapper.CannotResolveClassException: hudson.plugins.disk_usage.BuildDiskUsageAction : hudson.plugins.disk_usage.BuildDiskUsageAction
failed to locate class: com.thoughtworks.xstream.mapper.CannotResolveClassException: hudson.plugins.disk_usage.BuildDiskUsageAction : hudson.plugins.disk_usage.BuildDiskUsageAction
failed to locate class: com.thoughtworks.xstream.mapper.CannotResolveClassException: hudson.plugins.disk_usage.BuildDiskUsageAction : hudson.plugins.disk_usage.BuildDiskUsageAction
failed to locate class: com.thoughtworks.xstream.mapper.CannotResolveClassException: hudson.plugins.disk_usage.BuildDiskUsageAction : hudson.plugins.disk_usage.BuildDiskUsageAction
failed to locate class: com.thoughtworks.xstream.mapper.CannotResolveClassException: hudson.plugins.disk_usage.BuildDiskUsageAction : hudson.plugins.disk_usage.BuildDiskUsageAction
failed to locate class: com.thoughtworks.xstream.mapper.CannotResolveClassException: hudson.plugins.disk_usage.BuildDiskUsageAction : hudson.plugins.disk_usage.BuildDiskUsageAction
failed to locate class: com.thoughtworks.xstream.mapper.CannotResolveClassException: hudson.plugins.disk_usage.BuildDiskUsageAction : hudson.plugins.disk_usage.BuildDiskUsageAction
failed to locate class: com.thoughtworks.xstream.mapper.CannotResolveClassException: hudson.plugins.disk_usage.BuildDiskUsageAction : hudson.plugins.disk_usage.BuildDiskUsageAction
failed to locate class: com.thoughtworks.xstream.mapper.CannotResolveClassException: hudson.plugins.disk_usage.BuildDiskUsageAction : hudson.plugins.disk_usage.BuildDiskUsageAction
failed to locate class: com.thoughtworks.xstream.mapper.CannotResolveClassException: hudson.plugins.disk_usage.BuildDiskUsageAction : hudson.plugins.disk_usage.BuildDiskUsageAction
failed to locate class: com.thoughtworks.xstream.mapper.CannotResolveClassException: hudson.plugins.disk_usage.BuildDiskUsageAction : hudson.plugins.disk_usage.BuildDiskUsageAction
failed to locate class: com.thoughtworks.xstream.mapper.CannotResolveClassException: hudson.plugins.disk_usage.BuildDiskUsageAction : hudson.plugins.disk_usage.BuildDiskUsageAction
failed to locate class: com.thoughtworks.xstream.mapper.CannotResolveClassException: hudson.plugins.disk_usage.BuildDiskUsageAction : hudson.plugins.disk_usage.BuildDiskUsageAction
failed to locate class: com.thoughtworks.xstream.mapper.CannotResolveClassException: hudson.plugins.disk_usage.BuildDiskUsageAction : hudson.plugins.disk_usage.BuildDiskUsageAction
failed to locate class: com.thoughtworks.xstream.mapper.CannotResolveClassException: hudson.plugins.disk_usage.BuildDiskUsageAction : hudson.plugins.disk_usage.BuildDiskUsageAction
failed to locate class: com.thoughtworks.xstream.mapper.CannotResolveClassException: hudson.plugins.disk_usage.BuildDiskUsageAction : hudson.plugins.disk_usage.BuildDiskUsageAction
failed to locate class: com.thoughtworks.xstream.mapper.CannotResolveClassException: hudson.plugins.disk_usage.BuildDiskUsageAction : hudson.plugins.disk_usage.BuildDiskUsageAction
failed to locate class: com.thoughtworks.xstream.mapper.CannotResolveClassException: hudson.plugins.disk_usage.BuildDiskUsageAction : hudson.plugins.disk_usage.BuildDiskUsageAction
failed to locate class: com.thoughtworks.xstream.mapper.CannotResolveClassException: hudson.plugins.disk_usage.BuildDiskUsageAction : hudson.plugins.disk_usage.BuildDiskUsageAction
failed to locate class: com.thoughtworks.xstream.mapper.CannotResolveClassException: hudson.plugins.disk_usage.BuildDiskUsageAction : hudson.plugins.disk_usage.BuildDiskUsageAction
failed to locate class: com.thoughtworks.xstream.mapper.CannotResolveClassException: hudson.plugins.disk_usage.BuildDiskUsageAction : hudson.plugins.disk_usage.BuildDiskUsageAction
failed to locate class: com.thoughtworks.xstream.mapper.CannotResolveClassException: hudson.plugins.disk_usage.BuildDiskUsageAction : hudson.plugins.disk_usage.BuildDiskUsageAction
failed to locate class: com.thoughtworks.xstream.mapper.CannotResolveClassException: hudson.plugins.disk_usage.BuildDiskUsageAction : hudson.plugins.disk_usage.BuildDiskUsageAction
failed to locate class: com.thoughtworks.xstream.mapper.CannotResolveClassException: hudson.plugins.disk_usage.BuildDiskUsageAction : hudson.plugins.disk_usage.BuildDiskUsageAction
May 29, 2009 1:30:22 PM hudson.util.CopyOnWriteList$ConverterImpl unmarshal
WARNING: Failed to resolve class
com.thoughtworks.xstream.mapper.CannotResolveClassException: hudson.plugins.disk_usage.DiskUsageProperty : hudson.plugins.disk_usage.DiskUsageProperty
	at com.thoughtworks.xstream.mapper.DefaultMapper.realClass(DefaultMapper.java:68)
	at com.thoughtworks.xstream.mapper.MapperWrapper.realClass(MapperWrapper.java:38)
	at com.thoughtworks.xstream.mapper.XStream11XmlFriendlyMapper.realClass(XStream11XmlFriendlyMapper.java:34)
	at com.thoughtworks.xstream.mapper.MapperWrapper.realClass(MapperWrapper.java:38)
	at com.thoughtworks.xstream.mapper.DynamicProxyMapper.realClass(DynamicProxyMapper.java:71)
	at com.thoughtworks.xstream.mapper.MapperWrapper.realClass(MapperWrapper.java:38)
	at com.thoughtworks.xstream.mapper.PackageAliasingMapper.realClass(PackageAliasingMapper.java:88)
	at com.thoughtworks.xstream.mapper.MapperWrapper.realClass(MapperWrapper.java:38)
	at com.thoughtworks.xstream.mapper.ClassAliasingMapper.realClass(ClassAliasingMapper.java:86)
	at com.thoughtworks.xstream.mapper.MapperWrapper.realClass(MapperWrapper.java:38)
	at com.thoughtworks.xstream.mapper.MapperWrapper.realClass(MapperWrapper.java:38)
	at com.thoughtworks.xstream.mapper.MapperWrapper.realClass(MapperWrapper.java:38)
	at com.thoughtworks.xstream.mapper.MapperWrapper.realClass(MapperWrapper.java:38)
	at com.thoughtworks.xstream.mapper.MapperWrapper.realClass(MapperWrapper.java:38)
	at com.thoughtworks.xstream.mapper.MapperWrapper.realClass(MapperWrapper.java:38)
	at com.thoughtworks.xstream.mapper.ArrayMapper.realClass(ArrayMapper.java:96)
	at com.thoughtworks.xstream.mapper.MapperWrapper.realClass(MapperWrapper.java:38)
	at com.thoughtworks.xstream.mapper.MapperWrapper.realClass(MapperWrapper.java:38)
	at com.thoughtworks.xstream.mapper.MapperWrapper.realClass(MapperWrapper.java:38)
	at com.thoughtworks.xstream.mapper.MapperWrapper.realClass(MapperWrapper.java:38)
	at com.thoughtworks.xstream.mapper.MapperWrapper.realClass(MapperWrapper.java:38)
	at com.thoughtworks.xstream.mapper.MapperWrapper.realClass(MapperWrapper.java:38)
	at com.thoughtworks.xstream.mapper.MapperWrapper.realClass(MapperWrapper.java:38)
	at com.thoughtworks.xstream.mapper.CachingMapper.realClass(CachingMapper.java:53)
	at com.thoughtworks.xstream.core.util.HierarchicalStreams.readClassType(HierarchicalStreams.java:29)
	at com.thoughtworks.xstream.converters.collections.AbstractCollectionConverter.readItem(AbstractCollectionConverter.java:70)
	at hudson.util.CopyOnWriteList$ConverterImpl.unmarshal(CopyOnWriteList.java:178)
	at hudson.util.CopyOnWriteList$ConverterImpl.unmarshal(CopyOnWriteList.java:157)
	at hudson.util.XStream2$AssociatedConverterImpl.unmarshal(XStream2.java:141)
	at com.thoughtworks.xstream.core.TreeUnmarshaller.convert(TreeUnmarshaller.java:82)
	at com.thoughtworks.xstream.core.AbstractReferenceUnmarshaller.convert(AbstractReferenceUnmarshaller.java:63)
	at com.thoughtworks.xstream.core.TreeUnmarshaller.convertAnother(TreeUnmarshaller.java:76)
	at com.thoughtworks.xstream.core.TreeUnmarshaller.convertAnother(TreeUnmarshaller.java:60)
	at hudson.util.RobustReflectionConverter.unmarshallField(RobustReflectionConverter.java:262)
	at hudson.util.RobustReflectionConverter.doUnmarshal(RobustReflectionConverter.java:222)
	at hudson.util.RobustReflectionConverter.unmarshal(RobustReflectionConverter.java:173)
	at com.thoughtworks.xstream.core.TreeUnmarshaller.convert(TreeUnmarshaller.java:82)
	at com.thoughtworks.xstream.core.AbstractReferenceUnmarshaller.convert(AbstractReferenceUnmarshaller.java:63)
	at com.thoughtworks.xstream.core.TreeUnmarshaller.convertAnother(TreeUnmarshaller.java:76)
	at com.thoughtworks.xstream.core.TreeUnmarshaller.convertAnother(TreeUnmarshaller.java:60)
	at com.thoughtworks.xstream.core.TreeUnmarshaller.start(TreeUnmarshaller.java:137)
	at com.thoughtworks.xstream.core.AbstractTreeMarshallingStrategy.unmarshal(AbstractTreeMarshallingStrategy.java:33)
	at com.thoughtworks.xstream.XStream.unmarshal(XStream.java:923)
	at hudson.util.XStream2.unmarshal(XStream2.java:65)
	at com.thoughtworks.xstream.XStream.unmarshal(XStream.java:909)
	at com.thoughtworks.xstream.XStream.fromXML(XStream.java:853)
	at hudson.XmlFile.read(XmlFile.java:126)
	at hudson.model.Items.load(Items.java:106)
	at hudson.model.Hudson$9.call(Hudson.java:1967)
	at hudson.model.Hudson$9.call(Hudson.java:1960)
	at java.util.concurrent.FutureTask$Sync.innerRun(FutureTask.java:303)
	at java.util.concurrent.FutureTask.run(FutureTask.java:138)
	at java.util.concurrent.ThreadPoolExecutor$Worker.runTask(ThreadPoolExecutor.java:886)
	at java.util.concurrent.ThreadPoolExecutor$Worker.run(ThreadPoolExecutor.java:908)
	at java.lang.Thread.run(Thread.java:619)
failed to locate class: com.thoughtworks.xstream.mapper.CannotResolveClassException: hudson.plugins.disk_usage.BuildDiskUsageAction : hudson.plugins.disk_usage.BuildDiskUsageAction
failed to locate class: com.thoughtworks.xstream.mapper.CannotResolveClassException: hudson.plugins.disk_usage.BuildDiskUsageAction : hudson.plugins.disk_usage.BuildDiskUsageAction
failed to locate class: com.thoughtworks.xstream.mapper.CannotResolveClassException: hudson.plugins.disk_usage.BuildDiskUsageAction : hudson.plugins.disk_usage.BuildDiskUsageAction
failed to locate class: com.thoughtworks.xstream.mapper.CannotResolveClassException: hudson.plugins.disk_usage.BuildDiskUsageAction : hudson.plugins.disk_usage.BuildDiskUsageAction
failed to locate class: com.thoughtworks.xstream.mapper.CannotResolveClassException: hudson.plugins.disk_usage.BuildDiskUsageAction : hudson.plugins.disk_usage.BuildDiskUsageAction
failed to locate class: com.thoughtworks.xstream.mapper.CannotResolveClassException: hudson.plugins.disk_usage.BuildDiskUsageAction : hudson.plugins.disk_usage.BuildDiskUsageAction
failed to locate class: com.thoughtworks.xstream.mapper.CannotResolveClassException: hudson.plugins.disk_usage.BuildDiskUsageAction : hudson.plugins.disk_usage.BuildDiskUsageAction
failed to locate class: com.thoughtworks.xstream.mapper.CannotResolveClassException: hudson.plugins.disk_usage.BuildDiskUsageAction : hudson.plugins.disk_usage.BuildDiskUsageAction
failed to locate class: com.thoughtworks.xstream.mapper.CannotResolveClassException: hudson.plugins.disk_usage.BuildDiskUsageAction : hudson.plugins.disk_usage.BuildDiskUsageAction
failed to locate class: com.thoughtworks.xstream.mapper.CannotResolveClassException: hudson.plugins.disk_usage.BuildDiskUsageAction : hudson.plugins.disk_usage.BuildDiskUsageAction
failed to locate class: com.thoughtworks.xstream.mapper.CannotResolveClassException: hudson.plugins.disk_usage.BuildDiskUsageAction : hudson.plugins.disk_usage.BuildDiskUsageAction
failed to locate class: com.thoughtworks.xstream.mapper.CannotResolveClassException: hudson.plugins.disk_usage.BuildDiskUsageAction : hudson.plugins.disk_usage.BuildDiskUsageAction
failed to locate class: com.thoughtworks.xstream.mapper.CannotResolveClassException: hudson.plugins.disk_usage.BuildDiskUsageAction : hudson.plugins.disk_usage.BuildDiskUsageAction
failed to locate class: com.thoughtworks.xstream.mapper.CannotResolveClassException: hudson.plugins.disk_usage.BuildDiskUsageAction : hudson.plugins.disk_usage.BuildDiskUsageAction
failed to locate class: com.thoughtworks.xstream.mapper.CannotResolveClassException: hudson.plugins.disk_usage.BuildDiskUsageAction : hudson.plugins.disk_usage.BuildDiskUsageAction
failed to locate class: com.thoughtworks.xstream.mapper.CannotResolveClassException: hudson.plugins.disk_usage.BuildDiskUsageAction : hudson.plugins.disk_usage.BuildDiskUsageAction
failed to locate class: com.thoughtworks.xstream.mapper.CannotResolveClassException: hudson.plugins.disk_usage.BuildDiskUsageAction : hudson.plugins.disk_usage.BuildDiskUsageAction
failed to locate class: com.thoughtworks.xstream.mapper.CannotResolveClassException: hudson.plugins.disk_usage.BuildDiskUsageAction : hudson.plugins.disk_usage.BuildDiskUsageAction
failed to locate class: com.thoughtworks.xstream.mapper.CannotResolveClassException: hudson.plugins.disk_usage.BuildDiskUsageAction : hudson.plugins.disk_usage.BuildDiskUsageAction
failed to locate class: com.thoughtworks.xstream.mapper.CannotResolveClassException: hudson.plugins.disk_usage.BuildDiskUsageAction : hudson.plugins.disk_usage.BuildDiskUsageAction
failed to locate class: com.thoughtworks.xstream.mapper.CannotResolveClassException: hudson.plugins.disk_usage.BuildDiskUsageAction : hudson.plugins.disk_usage.BuildDiskUsageAction
failed to locate class: com.thoughtworks.xstream.mapper.CannotResolveClassException: hudson.plugins.disk_usage.BuildDiskUsageAction : hudson.plugins.disk_usage.BuildDiskUsageAction
failed to locate class: com.thoughtworks.xstream.mapper.CannotResolveClassException: hudson.plugins.disk_usage.BuildDiskUsageAction : hudson.plugins.disk_usage.BuildDiskUsageAction
failed to locate class: com.thoughtworks.xstream.mapper.CannotResolveClassException: hudson.plugins.disk_usage.BuildDiskUsageAction : hudson.plugins.disk_usage.BuildDiskUsageAction
May 29, 2009 1:30:22 PM hudson.model.Hudson load
INFO: Took 869 ms to load
May 29, 2009 1:30:22 PM hudson.TcpSlaveAgentListener <init>
INFO: JNLP slave agent listener started on TCP port 43887
