Aug 29, 2018 7:39:41 PM org.csanchez.jenkins.plugins.kubernetes.KubernetesCloud provision
INFO: Excess workload after pending Kubernetes agents: 1
Aug 29, 2018 7:39:41 PM org.csanchez.jenkins.plugins.kubernetes.KubernetesCloud provision
INFO: Template: Kubernetes Pod Template
Aug 29, 2018 7:39:41 PM okhttp3.internal.platform.Platform log
INFO: ALPN callback dropped: HTTP/2 is disabled. Is alpn-boot on the boot class path?
Aug 29, 2018 7:39:41 PM okhttp3.internal.platform.Platform log
INFO: --> GET https://kubernetes.default/api/v1/namespaces/jenkins/pods?labelSelector=jenkins%3Dslave http/1.1
Aug 29, 2018 7:39:41 PM okhttp3.internal.platform.Platform log
INFO: Authorization: Bearer eyJhbGciOiJSUzI1NiIsImtpZCI6IiJ9.eyJpc3MiOiJrdWJlcm5ldGVzL3NlcnZpY2VhY2NvdW50Iiwia3ViZXJuZXRlcy5pby9zZXJ2aWNlYWNjb3VudC9uYW1lc3BhY2UiOiJqZW5raW5zIiwia3ViZXJuZXRlcy5pby9zZXJ2aWNlYWNjb3VudC9zZWNyZXQubmFtZSI6ImplbmtpbnMtdG9rZW4tZnFsZmMiLCJrdWJlcm5ldGVzLmlvL3NlcnZpY2VhY2NvdW50L3NlcnZpY2UtYWNjb3VudC5uYW1lIjoiamVua2lucyIsImt1YmVybmV0ZXMuaW8vc2VydmljZWFjY291bnQvc2VydmljZS1hY2NvdW50LnVpZCI6IjM3NzU1YTY1LTk1YmEtMTFlOC04MzlkLTJhZGJhODJkZmMxMSIsInN1YiI6InN5c3RlbTpzZXJ2aWNlYWNjb3VudDpqZW5raW5zOmplbmtpbnMifQ.mfHpadNaF6JhwS7YL171TBg1J_RxOQJwfcyAYUHDjPnc3VI_E6_LwXZ9CRJIIXxtcN7Ny8EWwL09EonaFq20LfZNK5TQaYbu6FIyipMNGaZ1JxA-vPZ-ZYghxOJcbK36JK_ap71g9Jiun7qUVbqGo39yuF6Ga-ELcDil30BOX3FMrZiAH3D6yTy0FUKMLt81KnCzwUEdyKSOO86Z6nNzzZTQ8qw_lVJOJbUPjicbMcOLz1yp19UW8sFYr2smY-BSv6oeHkoXCfbccKu7UsRFSxFKnFOK-5bv8TBwuZm8Wkm93RVUg9dNhrGnYUI5RtzJ1i2ntjqyBSBdYDeinYz5VPPTRhK7zG_k8bmIsw1OAiUdKEQZIsON1EaNYxFEwJ2yd3byQ5N-BUvkfEbOXwM6pWbKDM_RjEfZcFcSXr2XOC_1q6vbwaWBLKtEyD_xvz_ZLq7dbIU5N-FYm8NwAtSYcyxssnHleOqpUfUcDvVepkXJySMs__aarzMjdQYqLhpoCDQtiAZUq6LyFRtW3AezOClj1vweUoUKVx5KCyHm3meEKFc38TUUn9BkYY3lMlz4Q579TLzKzlTmQSFy9sdY1eSvQlikzLx-VSCb5aSc9D6xrINbky0tDmFH1uM7eT7oNRE9ZphctWADz3kZrP_cU-EWW4Ja798jpln93YgrFpY
Aug 29, 2018 7:39:41 PM okhttp3.internal.platform.Platform log
INFO: Host: kubernetes.default
Aug 29, 2018 7:39:41 PM okhttp3.internal.platform.Platform log
INFO: Connection: Keep-Alive
Aug 29, 2018 7:39:41 PM okhttp3.internal.platform.Platform log
INFO: Accept-Encoding: gzip
Aug 29, 2018 7:39:41 PM okhttp3.internal.platform.Platform log
INFO: User-Agent: okhttp/3.9.1
Aug 29, 2018 7:39:41 PM okhttp3.internal.platform.Platform log
INFO: --> END GET
Aug 29, 2018 7:39:41 PM okhttp3.internal.platform.Platform log
INFO: <-- 200 OK https://kubernetes.default/api/v1/namespaces/jenkins/pods?labelSelector=jenkins%3Dslave (8ms)
Aug 29, 2018 7:39:41 PM okhttp3.internal.platform.Platform log
INFO: Content-Type: application/json
Aug 29, 2018 7:39:41 PM okhttp3.internal.platform.Platform log
INFO: Date: Wed, 29 Aug 2018 19:39:41 GMT
Aug 29, 2018 7:39:41 PM okhttp3.internal.platform.Platform log
INFO: Content-Length: 134
Aug 29, 2018 7:39:41 PM okhttp3.internal.platform.Platform log
INFO:
Aug 29, 2018 7:39:41 PM okhttp3.internal.platform.Platform log
INFO: {"kind":"PodList","apiVersion":"v1","metadata":{"selfLink":"/api/v1/namespaces/jenkins/pods","resourceVersion":"1886160"},"items":[]}

Aug 29, 2018 7:39:41 PM okhttp3.internal.platform.Platform log
INFO: <-- END HTTP (134-byte body)
Aug 29, 2018 7:39:41 PM okhttp3.internal.platform.Platform log
INFO: --> GET https://kubernetes.default/api/v1/namespaces/jenkins/pods?labelSelector=jenkins%3Dslave,jenkins/jenkins-pipeline%3Dtrue http/1.1
Aug 29, 2018 7:39:41 PM okhttp3.internal.platform.Platform log
INFO: Authorization: Bearer eyJhbGciOiJSUzI1NiIsImtpZCI6IiJ9.eyJpc3MiOiJrdWJlcm5ldGVzL3NlcnZpY2VhY2NvdW50Iiwia3ViZXJuZXRlcy5pby9zZXJ2aWNlYWNjb3VudC9uYW1lc3BhY2UiOiJqZW5raW5zIiwia3ViZXJuZXRlcy5pby9zZXJ2aWNlYWNjb3VudC9zZWNyZXQubmFtZSI6ImplbmtpbnMtdG9rZW4tZnFsZmMiLCJrdWJlcm5ldGVzLmlvL3NlcnZpY2VhY2NvdW50L3NlcnZpY2UtYWNjb3VudC5uYW1lIjoiamVua2lucyIsImt1YmVybmV0ZXMuaW8vc2VydmljZWFjY291bnQvc2VydmljZS1hY2NvdW50LnVpZCI6IjM3NzU1YTY1LTk1YmEtMTFlOC04MzlkLTJhZGJhODJkZmMxMSIsInN1YiI6InN5c3RlbTpzZXJ2aWNlYWNjb3VudDpqZW5raW5zOmplbmtpbnMifQ.mfHpadNaF6JhwS7YL171TBg1J_RxOQJwfcyAYUHDjPnc3VI_E6_LwXZ9CRJIIXxtcN7Ny8EWwL09EonaFq20LfZNK5TQaYbu6FIyipMNGaZ1JxA-vPZ-ZYghxOJcbK36JK_ap71g9Jiun7qUVbqGo39yuF6Ga-ELcDil30BOX3FMrZiAH3D6yTy0FUKMLt81KnCzwUEdyKSOO86Z6nNzzZTQ8qw_lVJOJbUPjicbMcOLz1yp19UW8sFYr2smY-BSv6oeHkoXCfbccKu7UsRFSxFKnFOK-5bv8TBwuZm8Wkm93RVUg9dNhrGnYUI5RtzJ1i2ntjqyBSBdYDeinYz5VPPTRhK7zG_k8bmIsw1OAiUdKEQZIsON1EaNYxFEwJ2yd3byQ5N-BUvkfEbOXwM6pWbKDM_RjEfZcFcSXr2XOC_1q6vbwaWBLKtEyD_xvz_ZLq7dbIU5N-FYm8NwAtSYcyxssnHleOqpUfUcDvVepkXJySMs__aarzMjdQYqLhpoCDQtiAZUq6LyFRtW3AezOClj1vweUoUKVx5KCyHm3meEKFc38TUUn9BkYY3lMlz4Q579TLzKzlTmQSFy9sdY1eSvQlikzLx-VSCb5aSc9D6xrINbky0tDmFH1uM7eT7oNRE9ZphctWADz3kZrP_cU-EWW4Ja798jpln93YgrFpY
Aug 29, 2018 7:39:41 PM okhttp3.internal.platform.Platform log
INFO: Host: kubernetes.default
Aug 29, 2018 7:39:41 PM okhttp3.internal.platform.Platform log
INFO: Connection: Keep-Alive
Aug 29, 2018 7:39:41 PM okhttp3.internal.platform.Platform log
INFO: Accept-Encoding: gzip
Aug 29, 2018 7:39:41 PM okhttp3.internal.platform.Platform log
INFO: User-Agent: okhttp/3.9.1
Aug 29, 2018 7:39:41 PM okhttp3.internal.platform.Platform log
INFO: --> END GET
Aug 29, 2018 7:39:41 PM okhttp3.internal.platform.Platform log
INFO: <-- 200 OK https://kubernetes.default/api/v1/namespaces/jenkins/pods?labelSelector=jenkins%3Dslave,jenkins/jenkins-pipeline%3Dtrue (2ms)
Aug 29, 2018 7:39:41 PM okhttp3.internal.platform.Platform log
INFO: Content-Type: application/json
Aug 29, 2018 7:39:41 PM okhttp3.internal.platform.Platform log
INFO: Date: Wed, 29 Aug 2018 19:39:41 GMT
Aug 29, 2018 7:39:41 PM okhttp3.internal.platform.Platform log
INFO: Content-Length: 134
Aug 29, 2018 7:39:41 PM okhttp3.internal.platform.Platform log
INFO:
Aug 29, 2018 7:39:41 PM okhttp3.internal.platform.Platform log
INFO: {"kind":"PodList","apiVersion":"v1","metadata":{"selfLink":"/api/v1/namespaces/jenkins/pods","resourceVersion":"1886160"},"items":[]}

Aug 29, 2018 7:39:41 PM okhttp3.internal.platform.Platform log
INFO: <-- END HTTP (134-byte body)
Aug 29, 2018 7:39:41 PM hudson.slaves.NodeProvisioner$StandardStrategyImpl apply
INFO: Started provisioning Kubernetes Pod Template from devops-k8s with 1 executors. Remaining excess workload: 0
Aug 29, 2018 7:39:51 PM okhttp3.internal.platform.Platform log
INFO: ALPN callback dropped: HTTP/2 is disabled. Is alpn-boot on the boot class path?
Aug 29, 2018 7:39:51 PM okhttp3.internal.platform.Platform log
INFO: --> POST https://kubernetes.default/api/v1/namespaces/jenkins/pods http/1.1
Aug 29, 2018 7:39:51 PM okhttp3.internal.platform.Platform log
INFO: Content-Type: application/json; charset=utf-8
Aug 29, 2018 7:39:51 PM okhttp3.internal.platform.Platform log
INFO: Content-Length: 1577
Aug 29, 2018 7:39:51 PM okhttp3.internal.platform.Platform log
INFO: Authorization: Bearer eyJhbGciOiJSUzI1NiIsImtpZCI6IiJ9.eyJpc3MiOiJrdWJlcm5ldGVzL3NlcnZpY2VhY2NvdW50Iiwia3ViZXJuZXRlcy5pby9zZXJ2aWNlYWNjb3VudC9uYW1lc3BhY2UiOiJqZW5raW5zIiwia3ViZXJuZXRlcy5pby9zZXJ2aWNlYWNjb3VudC9zZWNyZXQubmFtZSI6ImplbmtpbnMtdG9rZW4tZnFsZmMiLCJrdWJlcm5ldGVzLmlvL3NlcnZpY2VhY2NvdW50L3NlcnZpY2UtYWNjb3VudC5uYW1lIjoiamVua2lucyIsImt1YmVybmV0ZXMuaW8vc2VydmljZWFjY291bnQvc2VydmljZS1hY2NvdW50LnVpZCI6IjM3NzU1YTY1LTk1YmEtMTFlOC04MzlkLTJhZGJhODJkZmMxMSIsInN1YiI6InN5c3RlbTpzZXJ2aWNlYWNjb3VudDpqZW5raW5zOmplbmtpbnMifQ.mfHpadNaF6JhwS7YL171TBg1J_RxOQJwfcyAYUHDjPnc3VI_E6_LwXZ9CRJIIXxtcN7Ny8EWwL09EonaFq20LfZNK5TQaYbu6FIyipMNGaZ1JxA-vPZ-ZYghxOJcbK36JK_ap71g9Jiun7qUVbqGo39yuF6Ga-ELcDil30BOX3FMrZiAH3D6yTy0FUKMLt81KnCzwUEdyKSOO86Z6nNzzZTQ8qw_lVJOJbUPjicbMcOLz1yp19UW8sFYr2smY-BSv6oeHkoXCfbccKu7UsRFSxFKnFOK-5bv8TBwuZm8Wkm93RVUg9dNhrGnYUI5RtzJ1i2ntjqyBSBdYDeinYz5VPPTRhK7zG_k8bmIsw1OAiUdKEQZIsON1EaNYxFEwJ2yd3byQ5N-BUvkfEbOXwM6pWbKDM_RjEfZcFcSXr2XOC_1q6vbwaWBLKtEyD_xvz_ZLq7dbIU5N-FYm8NwAtSYcyxssnHleOqpUfUcDvVepkXJySMs__aarzMjdQYqLhpoCDQtiAZUq6LyFRtW3AezOClj1vweUoUKVx5KCyHm3meEKFc38TUUn9BkYY3lMlz4Q579TLzKzlTmQSFy9sdY1eSvQlikzLx-VSCb5aSc9D6xrINbky0tDmFH1uM7eT7oNRE9ZphctWADz3kZrP_cU-EWW4Ja798jpln93YgrFpY
Aug 29, 2018 7:39:51 PM okhttp3.internal.platform.Platform log
INFO: Host: kubernetes.default
Aug 29, 2018 7:39:51 PM okhttp3.internal.platform.Platform log
INFO: Connection: Keep-Alive
Aug 29, 2018 7:39:51 PM okhttp3.internal.platform.Platform log
INFO: Accept-Encoding: gzip
Aug 29, 2018 7:39:51 PM okhttp3.internal.platform.Platform log
INFO: User-Agent: okhttp/3.9.1
Aug 29, 2018 7:39:51 PM okhttp3.internal.platform.Platform log
INFO:
Aug 29, 2018 7:39:51 PM okhttp3.internal.platform.Platform log
INFO: {"apiVersion":"v1","kind":"Pod","metadata":{"annotations":{},"labels":{"jenkins":"slave","jenkins/jenkins-pipeline":"true"},"name":"jenkins-slave-5r3bk-ctxsw"},"spec":{"containers":[{"command":["cat"],"env":[{"name":"JENKINS_SECRET","value":"1e05a98894eb386a847a3165256d10562f23cc4e3741f2fb607430f9c78c9bc8"},{"name":"JENKINS_TUNNEL","value":"jenkins-agent:50000"},{"name":"JENKINS_NAME","value":"jenkins-slave-5r3bk-ctxsw"},{"name":"JENKINS_URL","value":"http://jenkins:8080/"},{"name":"HOME","value":"/home/jenkins"}],"image":"lachlanevenson/k8s-helm","imagePullPolicy":"IfNotPresent","name":"helm","resources":{"limits":{},"requests":{}},"securityContext":{"privileged":false},"tty":true,"volumeMounts":[{"mountPath":"/var/run/docker.sock","name":"volume-0","readOnly":false},{"mountPath":"/home/jenkins","name":"workspace-volume","readOnly":false}],"workingDir":"/home/jenkins"},{"env":[{"name":"JENKINS_SECRET","value":"1e05a98894eb386a847a3165256d10562f23cc4e3741f2fb607430f9c78c9bc8"},{"name":"JENKINS_TUNNEL","value":"jenkins-agent:50000"},{"name":"JENKINS_NAME","value":"jenkins-slave-5r3bk-ctxsw"},{"name":"JENKINS_URL","value":"http://jenkins:8080/"},{"name":"HOME","value":"/home/jenkins"}],"image":"jenkins/jnlp-slave:alpine","name":"jnlp","volumeMounts":[{"mountPath":"/var/run/docker.sock","name":"volume-0","readOnly":false},{"mountPath":"/home/jenkins","name":"workspace-volume","readOnly":false}]}],"nodeSelector":{},"restartPolicy":"Never","volumes":[{"hostPath":{"path":"/var/run/docker.sock"},"name":"volume-0"},{"emptyDir":{},"name":"workspace-volume"}]}}
Aug 29, 2018 7:39:51 PM okhttp3.internal.platform.Platform log
INFO: --> END POST (1577-byte body)
Aug 29, 2018 7:39:51 PM okhttp3.internal.platform.Platform log
INFO: <-- 201 Created https://kubernetes.default/api/v1/namespaces/jenkins/pods (16ms)
Aug 29, 2018 7:39:51 PM okhttp3.internal.platform.Platform log
INFO: Content-Type: application/json
Aug 29, 2018 7:39:51 PM okhttp3.internal.platform.Platform log
INFO: Date: Wed, 29 Aug 2018 19:39:51 GMT
Aug 29, 2018 7:39:51 PM okhttp3.internal.platform.Platform log
INFO: Transfer-Encoding: chunked
Aug 29, 2018 7:39:51 PM okhttp3.internal.platform.Platform log
INFO:
Aug 29, 2018 7:39:51 PM okhttp3.internal.platform.Platform log
INFO: {"kind":"Pod","apiVersion":"v1","metadata":{"name":"jenkins-slave-5r3bk-ctxsw","namespace":"jenkins","selfLink":"/api/v1/namespaces/jenkins/pods/jenkins-slave-5r3bk-ctxsw","uid":"4c20923b-abc3-11e8-86b5-be343359565b","resourceVersion":"1886166","creationTimestamp":"2018-08-29T19:39:51Z","labels":{"jenkins":"slave","jenkins/jenkins-pipeline":"true"},"annotations":{"kubernetes.io/psp":"ibm-privileged-psp"}},"spec":{"volumes":[{"name":"volume-0","hostPath":{"path":"/var/run/docker.sock","type":""}},{"name":"workspace-volume","emptyDir":{}},{"name":"default-token-6s87h","secret":{"secretName":"default-token-6s87h","defaultMode":420}}],"containers":[{"name":"helm","image":"lachlanevenson/k8s-helm","command":["cat"],"workingDir":"/home/jenkins","env":[{"name":"JENKINS_SECRET","value":"1e05a98894eb386a847a3165256d10562f23cc4e3741f2fb607430f9c78c9bc8"},{"name":"JENKINS_TUNNEL","value":"jenkins-agent:50000"},{"name":"JENKINS_NAME","value":"jenkins-slave-5r3bk-ctxsw"},{"name":"JENKINS_URL","value":"http://jenkins:8080/"},{"name":"HOME","value":"/home/jenkins"}],"resources":{},"volumeMounts":[{"name":"volume-0","mountPath":"/var/run/docker.sock"},{"name":"workspace-volume","mountPath":"/home/jenkins"},{"name":"default-token-6s87h","readOnly":true,"mountPath":"/var/run/secrets/kubernetes.io/serviceaccount"}],"terminationMessagePath":"/dev/termination-log","terminationMessagePolicy":"File","imagePullPolicy":"IfNotPresent","securityContext":{"privileged":false},"tty":true},{"name":"jnlp","image":"jenkins/jnlp-slave:alpine","env":[{"name":"JENKINS_SECRET","value":"1e05a98894eb386a847a3165256d10562f23cc4e3741f2fb607430f9c78c9bc8"},{"name":"JENKINS_TUNNEL","value":"jenkins-agent:50000"},{"name":"JENKINS_NAME","value":"jenkins-slave-5r3bk-ctxsw"},{"name":"JENKINS_URL","value":"http://jenkins:8080/"},{"name":"HOME","value":"/home/jenkins"}],"resources":{},"volumeMounts":[{"name":"volume-0","mountPath":"/var/run/docker.sock"},{"name":"workspace-volume","mountPath":"/home/jenkins"},{"name":"default-token-6s87h","readOnly":true,"mountPath":"/var/run/secrets/kubernetes.io/serviceaccount"}],"terminationMessagePath":"/dev/termination-log","terminationMessagePolicy":"File","imagePullPolicy":"IfNotPresent"}],"restartPolicy":"Never","terminationGracePeriodSeconds":30,"dnsPolicy":"ClusterFirst","serviceAccountName":"default","serviceAccount":"default","securityContext":{},"schedulerName":"default-scheduler","tolerations":[{"key":"node.kubernetes.io/not-ready","operator":"Exists","effect":"NoExecute","tolerationSeconds":300},{"key":"node.kubernetes.io/unreachable","operator":"Exists","effect":"NoExecute","tolerationSeconds":300}],"priority":0},"status":{"phase":"Pending","qosClass":"BestEffort"}}

Aug 29, 2018 7:39:51 PM okhttp3.internal.platform.Platform log
INFO: <-- END HTTP (2716-byte body)
Aug 29, 2018 7:39:51 PM org.csanchez.jenkins.plugins.kubernetes.KubernetesLauncher launch
INFO: Created Pod: jenkins-slave-5r3bk-ctxsw in namespace jenkins
Aug 29, 2018 7:39:51 PM org.csanchez.jenkins.plugins.kubernetes.KubernetesLauncher launch
INFO: Waiting for Pod to be scheduled (0/100): jenkins-slave-5r3bk-ctxsw
Aug 29, 2018 7:39:52 PM hudson.slaves.NodeProvisioner$2 run
INFO: Kubernetes Pod Template provisioning successfully completed. We have now 2 computer(s)
Aug 29, 2018 7:39:54 PM hudson.TcpSlaveAgentListener$ConnectionHandler run
INFO: Accepted JNLP4-connect connection #12 from /172.30.89.203:38914
Aug 29, 2018 7:39:57 PM okhttp3.internal.platform.Platform log
INFO: --> GET https://kubernetes.default/api/v1/namespaces/jenkins/pods/jenkins-slave-5r3bk-ctxsw http/1.1
Aug 29, 2018 7:39:57 PM okhttp3.internal.platform.Platform log
INFO: Authorization: Bearer eyJhbGciOiJSUzI1NiIsImtpZCI6IiJ9.eyJpc3MiOiJrdWJlcm5ldGVzL3NlcnZpY2VhY2NvdW50Iiwia3ViZXJuZXRlcy5pby9zZXJ2aWNlYWNjb3VudC9uYW1lc3BhY2UiOiJqZW5raW5zIiwia3ViZXJuZXRlcy5pby9zZXJ2aWNlYWNjb3VudC9zZWNyZXQubmFtZSI6ImplbmtpbnMtdG9rZW4tZnFsZmMiLCJrdWJlcm5ldGVzLmlvL3NlcnZpY2VhY2NvdW50L3NlcnZpY2UtYWNjb3VudC5uYW1lIjoiamVua2lucyIsImt1YmVybmV0ZXMuaW8vc2VydmljZWFjY291bnQvc2VydmljZS1hY2NvdW50LnVpZCI6IjM3NzU1YTY1LTk1YmEtMTFlOC04MzlkLTJhZGJhODJkZmMxMSIsInN1YiI6InN5c3RlbTpzZXJ2aWNlYWNjb3VudDpqZW5raW5zOmplbmtpbnMifQ.mfHpadNaF6JhwS7YL171TBg1J_RxOQJwfcyAYUHDjPnc3VI_E6_LwXZ9CRJIIXxtcN7Ny8EWwL09EonaFq20LfZNK5TQaYbu6FIyipMNGaZ1JxA-vPZ-ZYghxOJcbK36JK_ap71g9Jiun7qUVbqGo39yuF6Ga-ELcDil30BOX3FMrZiAH3D6yTy0FUKMLt81KnCzwUEdyKSOO86Z6nNzzZTQ8qw_lVJOJbUPjicbMcOLz1yp19UW8sFYr2smY-BSv6oeHkoXCfbccKu7UsRFSxFKnFOK-5bv8TBwuZm8Wkm93RVUg9dNhrGnYUI5RtzJ1i2ntjqyBSBdYDeinYz5VPPTRhK7zG_k8bmIsw1OAiUdKEQZIsON1EaNYxFEwJ2yd3byQ5N-BUvkfEbOXwM6pWbKDM_RjEfZcFcSXr2XOC_1q6vbwaWBLKtEyD_xvz_ZLq7dbIU5N-FYm8NwAtSYcyxssnHleOqpUfUcDvVepkXJySMs__aarzMjdQYqLhpoCDQtiAZUq6LyFRtW3AezOClj1vweUoUKVx5KCyHm3meEKFc38TUUn9BkYY3lMlz4Q579TLzKzlTmQSFy9sdY1eSvQlikzLx-VSCb5aSc9D6xrINbky0tDmFH1uM7eT7oNRE9ZphctWADz3kZrP_cU-EWW4Ja798jpln93YgrFpY
Aug 29, 2018 7:39:57 PM okhttp3.internal.platform.Platform log
INFO: Host: kubernetes.default
Aug 29, 2018 7:39:57 PM okhttp3.internal.platform.Platform log
INFO: Connection: Keep-Alive
Aug 29, 2018 7:39:57 PM okhttp3.internal.platform.Platform log
INFO: Accept-Encoding: gzip
Aug 29, 2018 7:39:57 PM okhttp3.internal.platform.Platform log
INFO: User-Agent: okhttp/3.9.1
Aug 29, 2018 7:39:57 PM okhttp3.internal.platform.Platform log
INFO: --> END GET
Aug 29, 2018 7:39:57 PM okhttp3.internal.platform.Platform log
INFO: <-- 200 OK https://kubernetes.default/api/v1/namespaces/jenkins/pods/jenkins-slave-5r3bk-ctxsw (4ms)
Aug 29, 2018 7:39:57 PM okhttp3.internal.platform.Platform log
INFO: Content-Type: application/json
Aug 29, 2018 7:39:57 PM okhttp3.internal.platform.Platform log
INFO: Date: Wed, 29 Aug 2018 19:39:57 GMT
Aug 29, 2018 7:39:57 PM okhttp3.internal.platform.Platform log
INFO: Transfer-Encoding: chunked
Aug 29, 2018 7:39:57 PM okhttp3.internal.platform.Platform log
INFO:
Aug 29, 2018 7:39:57 PM okhttp3.internal.platform.Platform log
INFO: {"kind":"Pod","apiVersion":"v1","metadata":{"name":"jenkins-slave-5r3bk-ctxsw","namespace":"jenkins","selfLink":"/api/v1/namespaces/jenkins/pods/jenkins-slave-5r3bk-ctxsw","uid":"4c20923b-abc3-11e8-86b5-be343359565b","resourceVersion":"1886181","creationTimestamp":"2018-08-29T19:39:51Z","labels":{"jenkins":"slave","jenkins/jenkins-pipeline":"true"},"annotations":{"kubernetes.io/psp":"ibm-privileged-psp"}},"spec":{"volumes":[{"name":"volume-0","hostPath":{"path":"/var/run/docker.sock","type":""}},{"name":"workspace-volume","emptyDir":{}},{"name":"default-token-6s87h","secret":{"secretName":"default-token-6s87h","defaultMode":420}}],"containers":[{"name":"helm","image":"lachlanevenson/k8s-helm","command":["cat"],"workingDir":"/home/jenkins","env":[{"name":"JENKINS_SECRET","value":"1e05a98894eb386a847a3165256d10562f23cc4e3741f2fb607430f9c78c9bc8"},{"name":"JENKINS_TUNNEL","value":"jenkins-agent:50000"},{"name":"JENKINS_NAME","value":"jenkins-slave-5r3bk-ctxsw"},{"name":"JENKINS_URL","value":"http://jenkins:8080/"},{"name":"HOME","value":"/home/jenkins"}],"resources":{},"volumeMounts":[{"name":"volume-0","mountPath":"/var/run/docker.sock"},{"name":"workspace-volume","mountPath":"/home/jenkins"},{"name":"default-token-6s87h","readOnly":true,"mountPath":"/var/run/secrets/kubernetes.io/serviceaccount"}],"terminationMessagePath":"/dev/termination-log","terminationMessagePolicy":"File","imagePullPolicy":"IfNotPresent","securityContext":{"privileged":false},"tty":true},{"name":"jnlp","image":"jenkins/jnlp-slave:alpine","env":[{"name":"JENKINS_SECRET","value":"1e05a98894eb386a847a3165256d10562f23cc4e3741f2fb607430f9c78c9bc8"},{"name":"JENKINS_TUNNEL","value":"jenkins-agent:50000"},{"name":"JENKINS_NAME","value":"jenkins-slave-5r3bk-ctxsw"},{"name":"JENKINS_URL","value":"http://jenkins:8080/"},{"name":"HOME","value":"/home/jenkins"}],"resources":{},"volumeMounts":[{"name":"volume-0","mountPath":"/var/run/docker.sock"},{"name":"workspace-volume","mountPath":"/home/jenkins"},{"name":"default-token-6s87h","readOnly":true,"mountPath":"/var/run/secrets/kubernetes.io/serviceaccount"}],"terminationMessagePath":"/dev/termination-log","terminationMessagePolicy":"File","imagePullPolicy":"IfNotPresent"}],"restartPolicy":"Never","terminationGracePeriodSeconds":30,"dnsPolicy":"ClusterFirst","serviceAccountName":"default","serviceAccount":"default","nodeName":"10.150.123.237","securityContext":{},"schedulerName":"default-scheduler","tolerations":[{"key":"node.kubernetes.io/not-ready","operator":"Exists","effect":"NoExecute","tolerationSeconds":300},{"key":"node.kubernetes.io/unreachable","operator":"Exists","effect":"NoExecute","tolerationSeconds":300}],"priority":0},"status":{"phase":"Running","conditions":[{"type":"Initialized","status":"True","lastProbeTime":null,"lastTransitionTime":"2018-08-29T19:39:51Z"},{"type":"Ready","status":"True","lastProbeTime":null,"lastTransitionTime":"2018-08-29T19:39:54Z"},{"type":"ContainersReady","status":"True","lastProbeTime":null,"lastTransitionTime":null},{"type":"PodScheduled","status":"True","lastProbeTime":null,"lastTransitionTime":"2018-08-29T19:39:51Z"}],"hostIP":"10.150.123.237","podIP":"172.30.89.203","startTime":"2018-08-29T19:39:51Z","containerStatuses":[{"name":"helm","state":{"running":{"startedAt":"2018-08-29T19:39:53Z"}},"lastState":{},"ready":true,"restartCount":0,"image":"docker.io/lachlanevenson/k8s-helm:latest","imageID":"docker.io/lachlanevenson/k8s-helm@sha256:05529fc3039868a55b5cc2cc4cbb2a475b01d3976d99e707ada32d515c79d256","containerID":"containerd://bdb589c96712ad5e8033de325bc3979d812b4c2613c709ba37d9a16a9edf6ad5"},{"name":"jnlp","state":{"running":{"startedAt":"2018-08-29T19:39:53Z"}},"lastState":{},"ready":true,"restartCount":0,"image":"docker.io/jenkins/jnlp-slave:alpine","imageID":"docker.io/jenkins/jnlp-slave@sha256:41425b9c4d271296aea05ca81ba46e2a48824512d4c0da2c8cd559812d0918d6","containerID":"containerd://82fb6b05aec74c11e1449d5ed246dce79fb41ddc283f68809c576cb5c425c782"}],"qosClass":"BestEffort"}}

Aug 29, 2018 7:39:57 PM okhttp3.internal.platform.Platform log
INFO: <-- END HTTP (4015-byte body)
Aug 29, 2018 7:40:00 PM okhttp3.internal.platform.Platform log
INFO: ALPN callback dropped: HTTP/2 is disabled. Is alpn-boot on the boot class path?
Aug 29, 2018 7:40:00 PM okhttp3.internal.platform.Platform log
INFO: --> GET https://kubernetes.default/api/v1/namespaces/jenkins/pods/localhost http/1.1
Aug 29, 2018 7:40:00 PM okhttp3.internal.platform.Platform log
INFO: Authorization: Bearer eyJhbGciOiJSUzI1NiIsImtpZCI6IiJ9.eyJpc3MiOiJrdWJlcm5ldGVzL3NlcnZpY2VhY2NvdW50Iiwia3ViZXJuZXRlcy5pby9zZXJ2aWNlYWNjb3VudC9uYW1lc3BhY2UiOiJqZW5raW5zIiwia3ViZXJuZXRlcy5pby9zZXJ2aWNlYWNjb3VudC9zZWNyZXQubmFtZSI6ImplbmtpbnMtdG9rZW4tZnFsZmMiLCJrdWJlcm5ldGVzLmlvL3NlcnZpY2VhY2NvdW50L3NlcnZpY2UtYWNjb3VudC5uYW1lIjoiamVua2lucyIsImt1YmVybmV0ZXMuaW8vc2VydmljZWFjY291bnQvc2VydmljZS1hY2NvdW50LnVpZCI6IjM3NzU1YTY1LTk1YmEtMTFlOC04MzlkLTJhZGJhODJkZmMxMSIsInN1YiI6InN5c3RlbTpzZXJ2aWNlYWNjb3VudDpqZW5raW5zOmplbmtpbnMifQ.mfHpadNaF6JhwS7YL171TBg1J_RxOQJwfcyAYUHDjPnc3VI_E6_LwXZ9CRJIIXxtcN7Ny8EWwL09EonaFq20LfZNK5TQaYbu6FIyipMNGaZ1JxA-vPZ-ZYghxOJcbK36JK_ap71g9Jiun7qUVbqGo39yuF6Ga-ELcDil30BOX3FMrZiAH3D6yTy0FUKMLt81KnCzwUEdyKSOO86Z6nNzzZTQ8qw_lVJOJbUPjicbMcOLz1yp19UW8sFYr2smY-BSv6oeHkoXCfbccKu7UsRFSxFKnFOK-5bv8TBwuZm8Wkm93RVUg9dNhrGnYUI5RtzJ1i2ntjqyBSBdYDeinYz5VPPTRhK7zG_k8bmIsw1OAiUdKEQZIsON1EaNYxFEwJ2yd3byQ5N-BUvkfEbOXwM6pWbKDM_RjEfZcFcSXr2XOC_1q6vbwaWBLKtEyD_xvz_ZLq7dbIU5N-FYm8NwAtSYcyxssnHleOqpUfUcDvVepkXJySMs__aarzMjdQYqLhpoCDQtiAZUq6LyFRtW3AezOClj1vweUoUKVx5KCyHm3meEKFc38TUUn9BkYY3lMlz4Q579TLzKzlTmQSFy9sdY1eSvQlikzLx-VSCb5aSc9D6xrINbky0tDmFH1uM7eT7oNRE9ZphctWADz3kZrP_cU-EWW4Ja798jpln93YgrFpY
Aug 29, 2018 7:40:00 PM okhttp3.internal.platform.Platform log
INFO: Host: kubernetes.default
Aug 29, 2018 7:40:00 PM okhttp3.internal.platform.Platform log
INFO: Connection: Keep-Alive
Aug 29, 2018 7:40:00 PM okhttp3.internal.platform.Platform log
INFO: Accept-Encoding: gzip
Aug 29, 2018 7:40:00 PM okhttp3.internal.platform.Platform log
INFO: User-Agent: okhttp/3.9.1
Aug 29, 2018 7:40:00 PM okhttp3.internal.platform.Platform log
INFO: --> END GET
Aug 29, 2018 7:40:00 PM okhttp3.internal.platform.Platform log
INFO: <-- 404 Not Found https://kubernetes.default/api/v1/namespaces/jenkins/pods/localhost (3ms)
Aug 29, 2018 7:40:00 PM okhttp3.internal.platform.Platform log
INFO: Content-Type: application/json
Aug 29, 2018 7:40:00 PM okhttp3.internal.platform.Platform log
INFO: Date: Wed, 29 Aug 2018 19:40:00 GMT
Aug 29, 2018 7:40:00 PM okhttp3.internal.platform.Platform log
INFO: Content-Length: 186
Aug 29, 2018 7:40:00 PM okhttp3.internal.platform.Platform log
INFO:
Aug 29, 2018 7:40:00 PM okhttp3.internal.platform.Platform log
INFO: {"kind":"Status","apiVersion":"v1","metadata":{},"status":"Failure","message":"pods \"localhost\" not found","reason":"NotFound","details":{"name":"localhost","kind":"pods"},"code":404}

Aug 29, 2018 7:40:00 PM okhttp3.internal.platform.Platform log
INFO: <-- END HTTP (186-byte body)
