Sep 22, 2017 1:05:28 PM INFO org.csanchez.jenkins.plugins.kubernetes.KubernetesCloud provision
Excess workload after pending Spot instances: 1
Sep 22, 2017 1:05:28 PM INFO org.csanchez.jenkins.plugins.kubernetes.KubernetesCloud provision
Template: Kubernetes Pod Template
Sep 22, 2017 1:05:28 PM FINE org.csanchez.jenkins.plugins.kubernetes.KubernetesCloud
Building connection to Kubernetes kubernetes URL https://my-openshift-sandbox.com:8443
Sep 22, 2017 1:05:28 PM FINE org.csanchez.jenkins.plugins.kubernetes.KubernetesFactoryAdapter
Creating Kubernetes client: KubernetesFactoryAdapter [serviceAddress=https://my-openshift-sandbox.com:8443, namespace=test1-jenkins, caCertData=null, credentials=org.csanchez.jenkins.plugins.kubernetes.OpenShiftBearerTokenCredentialImpl@a0db8a82, skipTlsVerify=true, connectTimeout=0, readTimeout=0]
Sep 22, 2017 1:05:28 PM FINE org.csanchez.jenkins.plugins.kubernetes.KubernetesCloud
Connected to Kubernetes kubernetes URL https://my-openshift-sandbox.com:8443
Sep 22, 2017 1:05:28 PM FINER org.csanchez.jenkins.plugins.kubernetes.ProvisioningCallback
Adding Jenkins node: maven-7ts7x
Sep 22, 2017 1:05:28 PM FINE org.csanchez.jenkins.plugins.kubernetes.KubernetesCloud
Building connection to Kubernetes kubernetes URL https://my-openshift-sandbox.com:8443
Sep 22, 2017 1:05:28 PM FINE org.csanchez.jenkins.plugins.kubernetes.KubernetesFactoryAdapter
Creating Kubernetes client: KubernetesFactoryAdapter [serviceAddress=https://my-openshift-sandbox.com:8443, namespace=test1-jenkins, caCertData=null, credentials=org.csanchez.jenkins.plugins.kubernetes.OpenShiftBearerTokenCredentialImpl@a0db8a82, skipTlsVerify=true, connectTimeout=0, readTimeout=0]
Sep 22, 2017 1:05:28 PM FINE org.csanchez.jenkins.plugins.kubernetes.KubernetesCloud
Connected to Kubernetes kubernetes URL https://my-openshift-sandbox.com:8443
Sep 22, 2017 1:05:28 PM FINE org.csanchez.jenkins.plugins.kubernetes.ProvisioningCallback
Creating Pod: maven-7ts7x in namespace test1-jenkins
Sep 22, 2017 1:05:28 PM INFO org.csanchez.jenkins.plugins.kubernetes.ProvisioningCallback call
Created Pod: maven-7ts7x in namespace test1-jenkins
Sep 22, 2017 1:05:28 PM INFO org.csanchez.jenkins.plugins.kubernetes.ProvisioningCallback call
Waiting for Pod to be scheduled (0/100): maven-7ts7x
Sep 22, 2017 1:05:34 PM FINE org.csanchez.jenkins.plugins.kubernetes.KubernetesCloud
Building connection to Kubernetes kubernetes URL https://my-openshift-sandbox.com:8443
Sep 22, 2017 1:05:34 PM FINE org.csanchez.jenkins.plugins.kubernetes.KubernetesFactoryAdapter
Creating Kubernetes client: KubernetesFactoryAdapter [serviceAddress=https://my-openshift-sandbox.com:8443, namespace=test1-jenkins, caCertData=null, credentials=org.csanchez.jenkins.plugins.kubernetes.OpenShiftBearerTokenCredentialImpl@a0db8a82, skipTlsVerify=true, connectTimeout=0, readTimeout=0]
Sep 22, 2017 1:05:34 PM FINE org.csanchez.jenkins.plugins.kubernetes.KubernetesCloud
Connected to Kubernetes kubernetes URL https://my-openshift-sandbox.com:8443
Sep 22, 2017 1:05:34 PM INFO org.csanchez.jenkins.plugins.kubernetes.ProvisioningCallback call
Waiting for slave to connect (0/100): maven-7ts7x
Sep 22, 2017 1:05:35 PM INFO org.csanchez.jenkins.plugins.kubernetes.ProvisioningCallback call
Waiting for slave to connect (1/100): maven-7ts7x
Sep 22, 2017 1:05:36 PM INFO org.csanchez.jenkins.plugins.kubernetes.ProvisioningCallback call
Waiting for slave to connect (2/100): maven-7ts7x
Sep 22, 2017 1:05:37 PM INFO org.csanchez.jenkins.plugins.kubernetes.ProvisioningCallback call
Waiting for slave to connect (3/100): maven-7ts7x
Sep 22, 2017 1:05:38 PM FINE org.csanchez.jenkins.plugins.kubernetes.KubernetesComputer
 Computer KubernetesComputer name: maven-7ts7x slave: KubernetesSlave name: maven-7ts7x taskAccepted
Sep 22, 2017 1:06:39 PM FINE org.csanchez.jenkins.plugins.kubernetes.KubernetesComputer
 Computer KubernetesComputer name: maven-7ts7x slave: KubernetesSlave name: maven-7ts7x taskCompleted
Sep 22, 2017 1:06:39 PM FINE org.csanchez.jenkins.plugins.kubernetes.KubernetesComputer
 Computer KubernetesComputer name: maven-7ts7x slave: KubernetesSlave name: maven-7ts7x taskAccepted
Sep 22, 2017 1:07:39 PM FINE org.csanchez.jenkins.plugins.kubernetes.KubernetesComputer
 Computer KubernetesComputer name: maven-7ts7x slave: KubernetesSlave name: maven-7ts7x taskCompleted
Sep 22, 2017 1:08:41 PM INFO org.csanchez.jenkins.plugins.kubernetes.KubernetesSlave _terminate
Terminating Kubernetes instance for agent maven-7ts7x
Sep 22, 2017 1:08:41 PM FINE org.csanchez.jenkins.plugins.kubernetes.KubernetesCloud
Building connection to Kubernetes kubernetes URL https://my-openshift-sandbox.com:8443
Sep 22, 2017 1:08:41 PM FINE org.csanchez.jenkins.plugins.kubernetes.KubernetesFactoryAdapter
Creating Kubernetes client: KubernetesFactoryAdapter [serviceAddress=https://my-openshift-sandbox.com:8443, namespace=test1-jenkins, caCertData=null, credentials=org.csanchez.jenkins.plugins.kubernetes.OpenShiftBearerTokenCredentialImpl@a0db8a82, skipTlsVerify=true, connectTimeout=0, readTimeout=0]
Sep 22, 2017 1:08:41 PM FINE org.csanchez.jenkins.plugins.kubernetes.KubernetesCloud
Connected to Kubernetes kubernetes URL https://my-openshift-sandbox.com:8443
Sep 22, 2017 1:08:41 PM INFO org.csanchez.jenkins.plugins.kubernetes.KubernetesSlave _terminate
Terminated Kubernetes instance for agent test1-jenkins/maven-7ts7x
Sep 22, 2017 1:08:41 PM INFO org.csanchez.jenkins.plugins.kubernetes.KubernetesSlave _terminate
Disconnected computer maven-7ts7x