"Gearman worker 10.33.14.26_exec-1" prio=5 TIMED_WAITING
	java.lang.Object.wait(Native Method)
	hudson.plugins.gearman.NodeAvailabilityMonitor.lock(NodeAvailabilityMonitor.java:83)
	hudson.plugins.gearman.MyGearmanWorkerImpl.sendGrabJob(MyGearmanWorkerImpl.java:388)
	hudson.plugins.gearman.MyGearmanWorkerImpl.work(MyGearmanWorkerImpl.java:310)
	hudson.plugins.gearman.AbstractWorkerThread.run(AbstractWorkerThread.java:166)
	java.lang.Thread.run(Thread.java:745)

"Gearman worker 10.33.14.26_exec-2" prio=5 TIMED_WAITING
	java.lang.Object.wait(Native Method)
	hudson.plugins.gearman.NodeAvailabilityMonitor.lock(NodeAvailabilityMonitor.java:83)
	hudson.plugins.gearman.MyGearmanWorkerImpl.sendGrabJob(MyGearmanWorkerImpl.java:388)
	hudson.plugins.gearman.MyGearmanWorkerImpl.work(MyGearmanWorkerImpl.java:310)
	hudson.plugins.gearman.AbstractWorkerThread.run(AbstractWorkerThread.java:166)
	java.lang.Thread.run(Thread.java:745)

"Gearman worker 10.33.14.26_exec-3" prio=5 TIMED_WAITING
	java.lang.Object.wait(Native Method)
	hudson.plugins.gearman.NodeAvailabilityMonitor.lock(NodeAvailabilityMonitor.java:83)
	hudson.plugins.gearman.MyGearmanWorkerImpl.sendGrabJob(MyGearmanWorkerImpl.java:388)
	hudson.plugins.gearman.MyGearmanWorkerImpl.work(MyGearmanWorkerImpl.java:310)
	hudson.plugins.gearman.AbstractWorkerThread.run(AbstractWorkerThread.java:166)
	java.lang.Thread.run(Thread.java:745)

"Gearman worker 10.33.14.26_exec-4" prio=5 TIMED_WAITING
	java.lang.Object.wait(Native Method)
	hudson.plugins.gearman.NodeAvailabilityMonitor.lock(NodeAvailabilityMonitor.java:83)
	hudson.plugins.gearman.MyGearmanWorkerImpl.sendGrabJob(MyGearmanWorkerImpl.java:388)
	hudson.plugins.gearman.MyGearmanWorkerImpl.work(MyGearmanWorkerImpl.java:310)
	hudson.plugins.gearman.AbstractWorkerThread.run(AbstractWorkerThread.java:166)
	java.lang.Thread.run(Thread.java:745)

"Gearman worker 10.33.14.26_exec-5" prio=5 RUNNABLE
	sun.nio.ch.EPollArrayWrapper.epollWait(Native Method)
	sun.nio.ch.EPollArrayWrapper.poll(EPollArrayWrapper.java:269)
	sun.nio.ch.EPollSelectorImpl.doSelect(EPollSelectorImpl.java:79)
	sun.nio.ch.SelectorImpl.lockAndDoSelect(SelectorImpl.java:87)
	sun.nio.ch.SelectorImpl.select(SelectorImpl.java:98)
	sun.nio.ch.SelectorImpl.select(SelectorImpl.java:102)
	hudson.plugins.gearman.MyGearmanWorkerImpl.work(MyGearmanWorkerImpl.java:340)
	hudson.plugins.gearman.AbstractWorkerThread.run(AbstractWorkerThread.java:166)
	java.lang.Thread.run(Thread.java:745)

"Gearman worker 10.33.14.26_manager" prio=5 RUNNABLE
	sun.nio.ch.EPollArrayWrapper.epollWait(Native Method)
	sun.nio.ch.EPollArrayWrapper.poll(EPollArrayWrapper.java:269)
	sun.nio.ch.EPollSelectorImpl.doSelect(EPollSelectorImpl.java:79)
	sun.nio.ch.SelectorImpl.lockAndDoSelect(SelectorImpl.java:87)
	sun.nio.ch.SelectorImpl.select(SelectorImpl.java:98)
	sun.nio.ch.SelectorImpl.select(SelectorImpl.java:102)
	hudson.plugins.gearman.MyGearmanWorkerImpl.work(MyGearmanWorkerImpl.java:340)
	hudson.plugins.gearman.AbstractWorkerThread.run(AbstractWorkerThread.java:166)
	java.lang.Thread.run(Thread.java:745)
