Started by user ha:AAAAnB+LCAAAAAAAAP9b85aBtbiIQTGjNKU4P08vOT+vOD8nVc83PyU1x6OyILUoJzMv2y+/JJUBAhiZGBgqihhk0NSjKDWzXb3RdlLBUSYGJk8GtpzUvPSSDB8G5tKinBIGIZ+sxLJE/ZzEvHT94JKizLx0a6BxUmjGOUNodHsLgAz+EgYB/dLi1CL9lKL8lKLM9NLUKgADuwiHxQAAAA==David Rodriguez
Building remotely on ha:AAAAqR+LCAAAAAAAAP9b85aBtbiIQTGjNKU4P08vOT+vOD8nVc83PyU1x6OyILUoJzMv2y+/JJUBAhiZGBgqihhk0NSjKDWzXb3RdlLBUSYGJk8GtpzUvPSSDB8G5tKinBIGIZ+sxLJE/ZzEvHT94JKizLx0a6BxUmjGOUNodHsLgAzhEgZZ/eT83ILSktQi/azUvOzMvGLd4pzEslTdxPJiXSMAHwbi1tIAAAA=jenkins-slave-aws-2 (jenkins-slave-aws) in workspace /data/builds/workspace/drod-test-1.6
Using remote perforce client: ci-drod-test-1.6-1091564373
[drod-test-1.6] $ /data/builds/tools/perforce/2012.2/p4 workspace -o ci-drod-test-1.6-1091564373
Last build changeset: 290033
[drod-test-1.6] $ /data/builds/tools/perforce/2012.2/p4 changes -s submitted -m 1 //ci-drod-test-1.6-1091564373/...
[drod-test-1.6] $ /data/builds/tools/perforce/2012.2/p4 -s changes -s submitted //ci-drod-test-1.6-1091564373/...@290034,@290033
Sync'ing workspace to changelist 290033 (forcing sync of unchanged files).
[drod-test-1.6] $ /data/builds/tools/perforce/2012.2/p4 -s sync -f //ci-drod-test-1.6-1091564373/...@290033
Sync complete, took 1003 ms
[drod-test-1.6] $ /bin/sh -xe /tmp/hudson1085421712960825854.sh
+ echo P4CLIENT  = ci-drod-test-1.6-1091564373
P4CLIENT  = ci-drod-test-1.6-1091564373
+ echo P4_CLIENT =
P4_CLIENT =
+ pwd
+ echo PWD       = /data/builds/workspace/drod-test-1.6
PWD       = /data/builds/workspace/drod-test-1.6
+ cmd=/usr/bin/p4 -d /data/builds/workspace/drod-test-1.6 changes -m1 ...
+ /usr/bin/p4 -d /data/builds/workspace/drod-test-1.6 changes -m1 ...
+ Change 290033 on 2018/11/16 by davidt@FR-NBSPT6 '<admin-ui-4.2*SCH> IT test fail'
/tmp/hudson1085421712960825854.sh: 8: /tmp/hudson1085421712960825854.sh: Change: not found
Build step 'Execute shell' 
