------------------------------------------------------------
revno: 8
revision-id: alex@nabuchodonosor-20100207163618-ny516olxq1kht13u
parent: alex@nabuchodonosor-20100207163603-7153k3nmbnhh7jyn
committer: Alexandre Garnier <alex@nabuchodonosor>
branch nick: test
timestamp: Sun 2010-02-07 17:36:18 +0100
message:
  unrename
renamed:
  new_file => file file-20100207150730-6dt02bw6k42k3rmk-1
------------------------------------------------------------
revno: 7
revision-id: alex@nabuchodonosor-20100207163603-7153k3nmbnhh7jyn
parent: alex@nabuchodonosor-20100207163538-jntx22toa0sb509s
committer: Alexandre Garnier <alex@nabuchodonosor>
branch nick: test
timestamp: Sun 2010-02-07 17:36:03 +0100
message:
  rerename
renamed:
  refile => new_file file-20100207150730-6dt02bw6k42k3rmk-1
------------------------------------------------------------
revno: 6
revision-id: alex@nabuchodonosor-20100207163538-jntx22toa0sb509s
parent: alex@nabuchodonosor-20100207161901-xihayp2lf9dstszo
committer: Alexandre Garnier <alex@nabuchodonosor>
branch nick: test
timestamp: Sun 2010-02-07 17:35:38 +0100
message:
  derename
renamed:
  file_new => refile file-20100207150730-6dt02bw6k42k3rmk-1
------------------------------------------------------------
revno: 5 [merge]
revision-id: alex@nabuchodonosor-20100207161901-xihayp2lf9dstszo
parent: alex@nabuchodonosor-20100207160001-2p81eovrqn0eqvvj
parent: alex@nabuchodonosor-20100207161840-mq8ibl57srefi3st
committer: Alexandre Garnier <alex@nabuchodonosor>
branch nick: test
timestamp: Sun 2010-02-07 17:19:01 +0100
message:
  truc
modified:
  file_new                       file-20100207150730-6dt02bw6k42k3rmk-1
------------------------------------------------------------
Use --include-merges or -n0 to see merged revisions.
