Jul 18, 2012 3:04:53 PM hudson.scm.SubversionSCM$DescriptorImpl doCheckRevisionPropertiesSupported
INFO: Failed to access subversion repository https://svn_url/svn/asa_w2w/trunk
org.tmatesoft.svn.core.SVNException: svn: OPTIONS /svn/asa_w2w/trunk failed
	at org.tmatesoft.svn.core.internal.io.dav.http.HTTPConnection.request(HTTPConnection.java:291)
	at org.tmatesoft.svn.core.internal.io.dav.http.HTTPConnection.request(HTTPConnection.java:276)
	at org.tmatesoft.svn.core.internal.io.dav.http.HTTPConnection.request(HTTPConnection.java:264)
	at org.tmatesoft.svn.core.internal.io.dav.DAVConnection.exchangeCapabilities(DAVConnection.java:516)
	at org.tmatesoft.svn.core.internal.io.dav.DAVConnection.open(DAVConnection.java:98)
	at org.tmatesoft.svn.core.internal.io.dav.DAVRepository.openConnection(DAVRepository.java:1001)
	at org.tmatesoft.svn.core.internal.io.dav.DAVRepository.testConnection(DAVRepository.java:97)
	at hudson.scm.SubversionSCM$DescriptorImpl.checkRepositoryPath(SubversionSCM.java:1966)
	at hudson.scm.SubversionSCM$DescriptorImpl.doCheckRevisionPropertiesSupported(SubversionSCM.java:2101)
	at sun.reflect.NativeMethodAccessorImpl.invoke0(Native Method)
	at sun.reflect.NativeMethodAccessorImpl.invoke(Unknown Source)
	at sun.reflect.DelegatingMethodAccessorImpl.invoke(Unknown Source)
	at java.lang.reflect.Method.invoke(Unknown Source)
	at org.kohsuke.stapler.Function$InstanceFunction.invoke(Function.java:288)
	at org.kohsuke.stapler.Function.bindAndInvoke(Function.java:151)
	at org.kohsuke.stapler.Function.bindAndInvokeAndServeResponse(Function.java:90)
	at org.kohsuke.stapler.MetaClass$1.doDispatch(MetaClass.java:111)
	at org.kohsuke.stapler.NameBasedDispatcher.dispatch(NameBasedDispatcher.java:53)
	at org.kohsuke.stapler.Stapler.tryInvoke(Stapler.java:571)
	at org.kohsuke.stapler.Stapler.invoke(Stapler.java:656)
	at org.kohsuke.stapler.MetaClass$6.doDispatch(MetaClass.java:241)
	at org.kohsuke.stapler.NameBasedDispatcher.dispatch(NameBasedDispatcher.java:53)
	at org.kohsuke.stapler.Stapler.tryInvoke(Stapler.java:571)
	at org.kohsuke.stapler.Stapler.invoke(Stapler.java:656)
	at org.kohsuke.stapler.MetaClass$6.doDispatch(MetaClass.java:241)
	at org.kohsuke.stapler.NameBasedDispatcher.dispatch(NameBasedDispatcher.java:53)
	at org.kohsuke.stapler.Stapler.tryInvoke(Stapler.java:571)
	at org.kohsuke.stapler.Stapler.invoke(Stapler.java:656)
	at org.kohsuke.stapler.MetaClass$6.doDispatch(MetaClass.java:241)
	at org.kohsuke.stapler.NameBasedDispatcher.dispatch(NameBasedDispatcher.java:53)
	at org.kohsuke.stapler.Stapler.tryInvoke(Stapler.java:571)
	at org.kohsuke.stapler.Stapler.invoke(Stapler.java:656)
	at org.kohsuke.stapler.Stapler.invoke(Stapler.java:485)
	at org.kohsuke.stapler.Stapler.service(Stapler.java:159)
	at javax.servlet.http.HttpServlet.service(HttpServlet.java:717)
	at org.apache.catalina.core.ApplicationFilterChain.internalDoFilter(ApplicationFilterChain.java:290)
	at org.apache.catalina.core.ApplicationFilterChain.doFilter(ApplicationFilterChain.java:206)
	at safe.SAFEBackFilter.doFilter(SAFEBackFilter.java:260)
	at org.apache.catalina.core.ApplicationFilterChain.internalDoFilter(ApplicationFilterChain.java:235)
	at org.apache.catalina.core.ApplicationFilterChain.doFilter(ApplicationFilterChain.java:206)
	at hudson.util.PluginServletFilter$1.doFilter(PluginServletFilter.java:95)
	at net.bull.javamelody.MonitoringFilter.doFilter(MonitoringFilter.java:157)
	at net.bull.javamelody.MonitoringFilter.doFilter(MonitoringFilter.java:131)
	at net.bull.javamelody.PluginMonitoringFilter.doFilter(PluginMonitoringFilter.java:83)
	at org.jvnet.hudson.plugins.monitoring.HudsonMonitoringFilter.doFilter(HudsonMonitoringFilter.java:84)
	at hudson.util.PluginServletFilter$1.doFilter(PluginServletFilter.java:98)
	at hudson.plugins.audit_trail.AuditTrailFilter.doFilter(AuditTrailFilter.java:64)
	at hudson.util.PluginServletFilter$1.doFilter(PluginServletFilter.java:98)
	at com.marvelution.hudson.plugins.apiv2.servlet.filter.HudsonAPIV2ServletFilter.doFilter(HudsonAPIV2ServletFilter.java:115)
	at hudson.util.PluginServletFilter$1.doFilter(PluginServletFilter.java:98)
	at hudson.util.PluginServletFilter.doFilter(PluginServletFilter.java:87)
	at org.apache.catalina.core.ApplicationFilterChain.internalDoFilter(ApplicationFilterChain.java:235)
	at org.apache.catalina.core.ApplicationFilterChain.doFilter(ApplicationFilterChain.java:206)
	at hudson.security.csrf.CrumbFilter.doFilter(CrumbFilter.java:47)
	at org.apache.catalina.core.ApplicationFilterChain.internalDoFilter(ApplicationFilterChain.java:235)
	at org.apache.catalina.core.ApplicationFilterChain.doFilter(ApplicationFilterChain.java:206)
	at hudson.security.ChainedServletFilter$1.doFilter(ChainedServletFilter.java:84)
	at hudson.security.UnwrapSecurityExceptionFilter.doFilter(UnwrapSecurityExceptionFilter.java:51)
	at hudson.security.ChainedServletFilter$1.doFilter(ChainedServletFilter.java:87)
	at org.acegisecurity.ui.ExceptionTranslationFilter.doFilter(ExceptionTranslationFilter.java:166)
	at hudson.security.ChainedServletFilter$1.doFilter(ChainedServletFilter.java:87)
	at org.acegisecurity.providers.anonymous.AnonymousProcessingFilter.doFilter(AnonymousProcessingFilter.java:125)
	at hudson.security.ChainedServletFilter$1.doFilter(ChainedServletFilter.java:87)
	at org.acegisecurity.ui.rememberme.RememberMeProcessingFilter.doFilter(RememberMeProcessingFilter.java:142)
	at hudson.security.ChainedServletFilter$1.doFilter(ChainedServletFilter.java:87)
	at org.acegisecurity.ui.AbstractProcessingFilter.doFilter(AbstractProcessingFilter.java:271)
	at hudson.security.ChainedServletFilter$1.doFilter(ChainedServletFilter.java:87)
	at org.acegisecurity.ui.basicauth.BasicProcessingFilter.doFilter(BasicProcessingFilter.java:173)
	at hudson.security.ChainedServletFilter$1.doFilter(ChainedServletFilter.java:87)
	at jenkins.security.ApiTokenFilter.doFilter(ApiTokenFilter.java:61)
	at hudson.security.ChainedServletFilter$1.doFilter(ChainedServletFilter.java:87)
	at org.acegisecurity.context.HttpSessionContextIntegrationFilter.doFilter(HttpSessionContextIntegrationFilter.java:249)
	at hudson.security.HttpSessionContextIntegrationFilter2.doFilter(HttpSessionContextIntegrationFilter2.java:66)
	at hudson.security.ChainedServletFilter$1.doFilter(ChainedServletFilter.java:87)
	at hudson.security.ChainedServletFilter.doFilter(ChainedServletFilter.java:76)
	at hudson.security.HudsonFilter.doFilter(HudsonFilter.java:164)
	at org.apache.catalina.core.ApplicationFilterChain.internalDoFilter(ApplicationFilterChain.java:235)
	at org.apache.catalina.core.ApplicationFilterChain.doFilter(ApplicationFilterChain.java:206)
	at hudson.util.CharacterEncodingFilter.doFilter(CharacterEncodingFilter.java:81)
	at org.apache.catalina.core.ApplicationFilterChain.internalDoFilter(ApplicationFilterChain.java:235)
	at org.apache.catalina.core.ApplicationFilterChain.doFilter(ApplicationFilterChain.java:206)
	at org.apache.catalina.core.StandardWrapperValve.invoke(StandardWrapperValve.java:233)
	at org.apache.catalina.core.StandardContextValve.invoke(StandardContextValve.java:191)
	at org.apache.catalina.authenticator.AuthenticatorBase.invoke(AuthenticatorBase.java:470)
	at org.apache.catalina.core.StandardHostValve.invoke(StandardHostValve.java:127)
	at org.apache.catalina.valves.ErrorReportValve.invoke(ErrorReportValve.java:102)
	at org.apache.catalina.core.StandardEngineValve.invoke(StandardEngineValve.java:109)
	at org.apache.catalina.connector.CoyoteAdapter.service(CoyoteAdapter.java:298)
	at org.apache.coyote.http11.Http11AprProcessor.process(Http11AprProcessor.java:864)
	at org.apache.coyote.http11.Http11AprProtocol$Http11ConnectionHandler.process(Http11AprProtocol.java:579)
	at org.apache.tomcat.util.net.AprEndpoint$Worker.run(AprEndpoint.java:1665)
	at java.lang.Thread.run(Unknown Source)
Caused by: org.tmatesoft.svn.core.SVNErrorMessage: svn: OPTIONS /svn/asa_w2w/trunk failed
	at org.tmatesoft.svn.core.SVNErrorMessage.create(SVNErrorMessage.java:200)
	at org.tmatesoft.svn.core.SVNErrorMessage.create(SVNErrorMessage.java:146)
	at org.tmatesoft.svn.core.SVNErrorMessage.create(SVNErrorMessage.java:89)
	... 92 more
Caused by: org.tmatesoft.svn.core.SVNAuthenticationException: svn: OPTIONS request failed on '/svn/asa_w2w/trunk'
svn: OPTIONS of /svn/asa_w2w/trunk: 403 Forbidden (https://svn_url)
	at org.tmatesoft.svn.core.internal.wc.SVNErrorManager.error(SVNErrorManager.java:62)
	at org.tmatesoft.svn.core.internal.wc.SVNErrorManager.error(SVNErrorManager.java:51)
	at org.tmatesoft.svn.core.internal.io.dav.http.HTTPConnection._request(HTTPConnection.java:638)
	at org.tmatesoft.svn.core.internal.io.dav.http.HTTPConnection.request(HTTPConnection.java:285)
	... 91 more
Caused by: org.tmatesoft.svn.core.SVNErrorMessage: svn: OPTIONS request failed on '/svn/asa_w2w/trunk'
	at org.tmatesoft.svn.core.SVNErrorMessage.create(SVNErrorMessage.java:200)
	at org.tmatesoft.svn.core.SVNErrorMessage.create(SVNErrorMessage.java:146)
	at org.tmatesoft.svn.core.SVNErrorMessage.create(SVNErrorMessage.java:89)
	at org.tmatesoft.svn.core.SVNErrorMessage.wrap(SVNErrorMessage.java:366)
	... 93 more
Caused by: org.tmatesoft.svn.core.SVNErrorMessage: svn: OPTIONS of /svn/asa_w2w/trunk: 403 Forbidden (https://svn_url)
	at org.tmatesoft.svn.core.SVNErrorMessage.create(SVNErrorMessage.java:200)
	at org.tmatesoft.svn.core.SVNErrorMessage.create(SVNErrorMessage.java:181)
	at org.tmatesoft.svn.core.SVNErrorMessage.create(SVNErrorMessage.java:133)
	at org.tmatesoft.svn.core.internal.io.dav.http.HTTPRequest.createDefaultErrorMessage(HTTPRequest.java:430)
	at org.tmatesoft.svn.core.internal.io.dav.http.HTTPRequest.dispatch(HTTPRequest.java:187)
	at org.tmatesoft.svn.core.internal.io.dav.http.HTTPConnection._request(HTTPConnection.java:364)
	... 92 more

Jul 18, 2012 3:04:51 PM hudson.scm.SubversionSCM$DescriptorImpl doCheckRemote
INFO: Failed to access subversion repository https://svn_url/svn/asa_w2w/trunk
org.tmatesoft.svn.core.SVNException: svn: OPTIONS /svn/asa_w2w/trunk failed
	at org.tmatesoft.svn.core.internal.io.dav.http.HTTPConnection.request(HTTPConnection.java:291)
	at org.tmatesoft.svn.core.internal.io.dav.http.HTTPConnection.request(HTTPConnection.java:276)
	at org.tmatesoft.svn.core.internal.io.dav.http.HTTPConnection.request(HTTPConnection.java:264)
	at org.tmatesoft.svn.core.internal.io.dav.DAVConnection.exchangeCapabilities(DAVConnection.java:516)
	at org.tmatesoft.svn.core.internal.io.dav.DAVConnection.open(DAVConnection.java:98)
	at org.tmatesoft.svn.core.internal.io.dav.DAVRepository.openConnection(DAVRepository.java:1001)
	at org.tmatesoft.svn.core.internal.io.dav.DAVRepository.testConnection(DAVRepository.java:97)
	at hudson.scm.SubversionSCM$DescriptorImpl.checkRepositoryPath(SubversionSCM.java:1966)
	at hudson.scm.SubversionSCM$DescriptorImpl.doCheckRemote(SubversionSCM.java:1900)
	at sun.reflect.NativeMethodAccessorImpl.invoke0(Native Method)
	at sun.reflect.NativeMethodAccessorImpl.invoke(Unknown Source)
	at sun.reflect.DelegatingMethodAccessorImpl.invoke(Unknown Source)
	at java.lang.reflect.Method.invoke(Unknown Source)
	at org.kohsuke.stapler.Function$InstanceFunction.invoke(Function.java:288)
	at org.kohsuke.stapler.Function.bindAndInvoke(Function.java:151)
	at org.kohsuke.stapler.Function.bindAndInvokeAndServeResponse(Function.java:90)
	at org.kohsuke.stapler.MetaClass$1.doDispatch(MetaClass.java:111)
	at org.kohsuke.stapler.NameBasedDispatcher.dispatch(NameBasedDispatcher.java:53)
	at org.kohsuke.stapler.Stapler.tryInvoke(Stapler.java:571)
	at org.kohsuke.stapler.Stapler.invoke(Stapler.java:656)
	at org.kohsuke.stapler.MetaClass$6.doDispatch(MetaClass.java:241)
	at org.kohsuke.stapler.NameBasedDispatcher.dispatch(NameBasedDispatcher.java:53)
	at org.kohsuke.stapler.Stapler.tryInvoke(Stapler.java:571)
	at org.kohsuke.stapler.Stapler.invoke(Stapler.java:656)
	at org.kohsuke.stapler.MetaClass$6.doDispatch(MetaClass.java:241)
	at org.kohsuke.stapler.NameBasedDispatcher.dispatch(NameBasedDispatcher.java:53)
	at org.kohsuke.stapler.Stapler.tryInvoke(Stapler.java:571)
	at org.kohsuke.stapler.Stapler.invoke(Stapler.java:656)
	at org.kohsuke.stapler.MetaClass$6.doDispatch(MetaClass.java:241)
	at org.kohsuke.stapler.NameBasedDispatcher.dispatch(NameBasedDispatcher.java:53)
	at org.kohsuke.stapler.Stapler.tryInvoke(Stapler.java:571)
	at org.kohsuke.stapler.Stapler.invoke(Stapler.java:656)
	at org.kohsuke.stapler.Stapler.invoke(Stapler.java:485)
	at org.kohsuke.stapler.Stapler.service(Stapler.java:159)
	at javax.servlet.http.HttpServlet.service(HttpServlet.java:717)
	at org.apache.catalina.core.ApplicationFilterChain.internalDoFilter(ApplicationFilterChain.java:290)
	at org.apache.catalina.core.ApplicationFilterChain.doFilter(ApplicationFilterChain.java:206)
	at safe.SAFEBackFilter.doFilter(SAFEBackFilter.java:260)
	at org.apache.catalina.core.ApplicationFilterChain.internalDoFilter(ApplicationFilterChain.java:235)
	at org.apache.catalina.core.ApplicationFilterChain.doFilter(ApplicationFilterChain.java:206)
	at hudson.util.PluginServletFilter$1.doFilter(PluginServletFilter.java:95)
	at net.bull.javamelody.MonitoringFilter.doFilter(MonitoringFilter.java:157)
	at net.bull.javamelody.MonitoringFilter.doFilter(MonitoringFilter.java:131)
	at net.bull.javamelody.PluginMonitoringFilter.doFilter(PluginMonitoringFilter.java:83)
	at org.jvnet.hudson.plugins.monitoring.HudsonMonitoringFilter.doFilter(HudsonMonitoringFilter.java:84)
	at hudson.util.PluginServletFilter$1.doFilter(PluginServletFilter.java:98)
	at hudson.plugins.audit_trail.AuditTrailFilter.doFilter(AuditTrailFilter.java:64)
	at hudson.util.PluginServletFilter$1.doFilter(PluginServletFilter.java:98)
	at com.marvelution.hudson.plugins.apiv2.servlet.filter.HudsonAPIV2ServletFilter.doFilter(HudsonAPIV2ServletFilter.java:115)
	at hudson.util.PluginServletFilter$1.doFilter(PluginServletFilter.java:98)
	at hudson.util.PluginServletFilter.doFilter(PluginServletFilter.java:87)
	at org.apache.catalina.core.ApplicationFilterChain.internalDoFilter(ApplicationFilterChain.java:235)
	at org.apache.catalina.core.ApplicationFilterChain.doFilter(ApplicationFilterChain.java:206)
	at hudson.security.csrf.CrumbFilter.doFilter(CrumbFilter.java:47)
	at org.apache.catalina.core.ApplicationFilterChain.internalDoFilter(ApplicationFilterChain.java:235)
	at org.apache.catalina.core.ApplicationFilterChain.doFilter(ApplicationFilterChain.java:206)
	at hudson.security.ChainedServletFilter$1.doFilter(ChainedServletFilter.java:84)
	at hudson.security.UnwrapSecurityExceptionFilter.doFilter(UnwrapSecurityExceptionFilter.java:51)
	at hudson.security.ChainedServletFilter$1.doFilter(ChainedServletFilter.java:87)
	at org.acegisecurity.ui.ExceptionTranslationFilter.doFilter(ExceptionTranslationFilter.java:166)
	at hudson.security.ChainedServletFilter$1.doFilter(ChainedServletFilter.java:87)
	at org.acegisecurity.providers.anonymous.AnonymousProcessingFilter.doFilter(AnonymousProcessingFilter.java:125)
	at hudson.security.ChainedServletFilter$1.doFilter(ChainedServletFilter.java:87)
	at org.acegisecurity.ui.rememberme.RememberMeProcessingFilter.doFilter(RememberMeProcessingFilter.java:142)
	at hudson.security.ChainedServletFilter$1.doFilter(ChainedServletFilter.java:87)
	at org.acegisecurity.ui.AbstractProcessingFilter.doFilter(AbstractProcessingFilter.java:271)
	at hudson.security.ChainedServletFilter$1.doFilter(ChainedServletFilter.java:87)
	at org.acegisecurity.ui.basicauth.BasicProcessingFilter.doFilter(BasicProcessingFilter.java:173)
	at hudson.security.ChainedServletFilter$1.doFilter(ChainedServletFilter.java:87)
	at jenkins.security.ApiTokenFilter.doFilter(ApiTokenFilter.java:61)
	at hudson.security.ChainedServletFilter$1.doFilter(ChainedServletFilter.java:87)
	at org.acegisecurity.context.HttpSessionContextIntegrationFilter.doFilter(HttpSessionContextIntegrationFilter.java:249)
	at hudson.security.HttpSessionContextIntegrationFilter2.doFilter(HttpSessionContextIntegrationFilter2.java:66)
	at hudson.security.ChainedServletFilter$1.doFilter(ChainedServletFilter.java:87)
	at hudson.security.ChainedServletFilter.doFilter(ChainedServletFilter.java:76)
	at hudson.security.HudsonFilter.doFilter(HudsonFilter.java:164)
	at org.apache.catalina.core.ApplicationFilterChain.internalDoFilter(ApplicationFilterChain.java:235)
	at org.apache.catalina.core.ApplicationFilterChain.doFilter(ApplicationFilterChain.java:206)
	at hudson.util.CharacterEncodingFilter.doFilter(CharacterEncodingFilter.java:81)
	at org.apache.catalina.core.ApplicationFilterChain.internalDoFilter(ApplicationFilterChain.java:235)
	at org.apache.catalina.core.ApplicationFilterChain.doFilter(ApplicationFilterChain.java:206)
	at org.apache.catalina.core.StandardWrapperValve.invoke(StandardWrapperValve.java:233)
	at org.apache.catalina.core.StandardContextValve.invoke(StandardContextValve.java:191)
	at org.apache.catalina.authenticator.AuthenticatorBase.invoke(AuthenticatorBase.java:470)
	at org.apache.catalina.core.StandardHostValve.invoke(StandardHostValve.java:127)
	at org.apache.catalina.valves.ErrorReportValve.invoke(ErrorReportValve.java:102)
	at org.apache.catalina.core.StandardEngineValve.invoke(StandardEngineValve.java:109)
	at org.apache.catalina.connector.CoyoteAdapter.service(CoyoteAdapter.java:298)
	at org.apache.coyote.http11.Http11AprProcessor.process(Http11AprProcessor.java:864)
	at org.apache.coyote.http11.Http11AprProtocol$Http11ConnectionHandler.process(Http11AprProtocol.java:579)
	at org.apache.tomcat.util.net.AprEndpoint$Worker.run(AprEndpoint.java:1665)
	at java.lang.Thread.run(Unknown Source)
Caused by: org.tmatesoft.svn.core.SVNErrorMessage: svn: OPTIONS /svn/asa_w2w/trunk failed
	at org.tmatesoft.svn.core.SVNErrorMessage.create(SVNErrorMessage.java:200)
	at org.tmatesoft.svn.core.SVNErrorMessage.create(SVNErrorMessage.java:146)
	at org.tmatesoft.svn.core.SVNErrorMessage.create(SVNErrorMessage.java:89)
	... 92 more
Caused by: org.tmatesoft.svn.core.SVNAuthenticationException: svn: OPTIONS request failed on '/svn/asa_w2w/trunk'
svn: OPTIONS of /svn/asa_w2w/trunk: 403 Forbidden (https://svn_url)
	at org.tmatesoft.svn.core.internal.wc.SVNErrorManager.error(SVNErrorManager.java:62)
	at org.tmatesoft.svn.core.internal.wc.SVNErrorManager.error(SVNErrorManager.java:51)
	at org.tmatesoft.svn.core.internal.io.dav.http.HTTPConnection._request(HTTPConnection.java:638)
	at org.tmatesoft.svn.core.internal.io.dav.http.HTTPConnection.request(HTTPConnection.java:285)
	... 91 more
Caused by: org.tmatesoft.svn.core.SVNErrorMessage: svn: OPTIONS request failed on '/svn/asa_w2w/trunk'
	at org.tmatesoft.svn.core.SVNErrorMessage.create(SVNErrorMessage.java:200)
	at org.tmatesoft.svn.core.SVNErrorMessage.create(SVNErrorMessage.java:146)
	at org.tmatesoft.svn.core.SVNErrorMessage.create(SVNErrorMessage.java:89)
	at org.tmatesoft.svn.core.SVNErrorMessage.wrap(SVNErrorMessage.java:366)
	... 93 more
Caused by: org.tmatesoft.svn.core.SVNErrorMessage: svn: OPTIONS of /svn/asa_w2w/trunk: 403 Forbidden (https://svn_url)
	at org.tmatesoft.svn.core.SVNErrorMessage.create(SVNErrorMessage.java:200)
	at org.tmatesoft.svn.core.SVNErrorMessage.create(SVNErrorMessage.java:181)
	at org.tmatesoft.svn.core.SVNErrorMessage.create(SVNErrorMessage.java:133)
	at org.tmatesoft.svn.core.internal.io.dav.http.HTTPRequest.createDefaultErrorMessage(HTTPRequest.java:430)
	at org.tmatesoft.svn.core.internal.io.dav.http.HTTPRequest.dispatch(HTTPRequest.java:187)
	at org.tmatesoft.svn.core.internal.io.dav.http.HTTPConnection._request(HTTPConnection.java:364)
	... 92 more
