Aug 09, 2018 4:49:35 AM INFO org.csanchez.jenkins.plugins.kubernetes.KubernetesCloud provision

Excess workload after pending Kubernetes agents: 1

Aug 09, 2018 4:49:35 AM INFO org.csanchez.jenkins.plugins.kubernetes.KubernetesCloud provision

Template: Kubernetes Pod Template

Aug 09, 2018 4:49:35 AM WARNING io.fabric8.kubernetes.client.Config tryServiceAccount

Error reading service account token from: [/var/run/secrets/kubernetes.io/serviceaccount/token]. Ignoring.

Aug 09, 2018 4:49:35 AM INFO okhttp3.internal.platform.Platform log

ALPN callback dropped: HTTP/2 is disabled. Is alpn-boot on the boot class path?

Aug 09, 2018 4:49:35 AM INFO okhttp3.internal.platform.Platform log

--> GET https://b22.jonqe.lab.eng.bos.redhat.com:8443/api/v1/namespaces/jenkins-slaves/pods?labelSelector=jenkins%3Dslave http/1.1

Aug 09, 2018 4:49:35 AM INFO okhttp3.internal.platform.Platform log

Authorization: Bearer ZNevubc7fJK7PJ5jA9S38mQHXktWd7VfLr2wz-3Fay4

Aug 09, 2018 4:49:35 AM INFO okhttp3.internal.platform.Platform log

Host: b22.jonqe.lab.eng.bos.redhat.com:8443

Aug 09, 2018 4:49:35 AM INFO okhttp3.internal.platform.Platform log

Connection: Keep-Alive

Aug 09, 2018 4:49:35 AM INFO okhttp3.internal.platform.Platform log

Accept-Encoding: gzip

Aug 09, 2018 4:49:35 AM INFO okhttp3.internal.platform.Platform log

User-Agent: okhttp/3.9.1

Aug 09, 2018 4:49:35 AM INFO okhttp3.internal.platform.Platform log

--> END GET

Aug 09, 2018 4:49:35 AM INFO okhttp3.internal.platform.Platform log

<-- 200 OK https://b22.jonqe.lab.eng.bos.redhat.com:8443/api/v1/namespaces/jenkins-slaves/pods?labelSelector=jenkins%3Dslave (11ms)

Aug 09, 2018 4:49:35 AM INFO okhttp3.internal.platform.Platform log

Cache-Control: no-store

Aug 09, 2018 4:49:35 AM INFO okhttp3.internal.platform.Platform log

Content-Type: application/json

Aug 09, 2018 4:49:35 AM INFO okhttp3.internal.platform.Platform log

Date: Thu, 09 Aug 2018 08:49:35 GMT

Aug 09, 2018 4:49:35 AM INFO okhttp3.internal.platform.Platform log

Content-Length: 142

Aug 09, 2018 4:49:35 AM INFO okhttp3.internal.platform.Platform log

Aug 09, 2018 4:49:35 AM INFO okhttp3.internal.platform.Platform log

{"kind":"PodList","apiVersion":"v1","metadata":{"selfLink":"/api/v1/namespaces/jenkins-slaves/pods","resourceVersion":"22090877"},"items":[]}

Aug 09, 2018 4:49:35 AM INFO okhttp3.internal.platform.Platform log

<-- END HTTP (142-byte body)

Aug 09, 2018 4:49:35 AM INFO okhttp3.internal.platform.Platform log

--> GET https://b22.jonqe.lab.eng.bos.redhat.com:8443/api/v1/namespaces/jenkins-slaves/pods?labelSelector=jenkins%3Dslave,jenkins/base%3Dtrue http/1.1

Aug 09, 2018 4:49:35 AM INFO okhttp3.internal.platform.Platform log

Authorization: Bearer ZNevubc7fJK7PJ5jA9S38mQHXktWd7VfLr2wz-3Fay4

Aug 09, 2018 4:49:35 AM INFO okhttp3.internal.platform.Platform log

Host: b22.jonqe.lab.eng.bos.redhat.com:8443

Aug 09, 2018 4:49:35 AM INFO okhttp3.internal.platform.Platform log

Connection: Keep-Alive

Aug 09, 2018 4:49:35 AM INFO okhttp3.internal.platform.Platform log

Accept-Encoding: gzip

Aug 09, 2018 4:49:35 AM INFO okhttp3.internal.platform.Platform log

User-Agent: okhttp/3.9.1

Aug 09, 2018 4:49:35 AM INFO okhttp3.internal.platform.Platform log

--> END GET

Aug 09, 2018 4:49:35 AM INFO okhttp3.internal.platform.Platform log

<-- 200 OK https://b22.jonqe.lab.eng.bos.redhat.com:8443/api/v1/namespaces/jenkins-slaves/pods?labelSelector=jenkins%3Dslave,jenkins/base%3Dtrue (3ms)

Aug 09, 2018 4:49:35 AM INFO okhttp3.internal.platform.Platform log

Cache-Control: no-store

Aug 09, 2018 4:49:35 AM INFO okhttp3.internal.platform.Platform log

Content-Type: application/json

Aug 09, 2018 4:49:35 AM INFO okhttp3.internal.platform.Platform log

Date: Thu, 09 Aug 2018 08:49:35 GMT

Aug 09, 2018 4:49:35 AM INFO okhttp3.internal.platform.Platform log

Content-Length: 142

Aug 09, 2018 4:49:35 AM INFO okhttp3.internal.platform.Platform log

Aug 09, 2018 4:49:35 AM INFO okhttp3.internal.platform.Platform log

{"kind":"PodList","apiVersion":"v1","metadata":{"selfLink":"/api/v1/namespaces/jenkins-slaves/pods","resourceVersion":"22090877"},"items":[]}

Aug 09, 2018 4:49:35 AM INFO okhttp3.internal.platform.Platform log

<-- END HTTP (142-byte body)

Aug 09, 2018 4:49:35 AM INFO hudson.slaves.NodeProvisioner$StandardStrategyImpl apply

Started provisioning Kubernetes Pod Template from os-prod-master.jonqe.lab.eng.bos.redhat.com with 1 executors. Remaining excess workload: 0

Aug 09, 2018 4:49:40 AM WARNING io.fabric8.kubernetes.client.Config tryServiceAccount

Error reading service account token from: [/var/run/secrets/kubernetes.io/serviceaccount/token]. Ignoring.

Aug 09, 2018 4:49:40 AM INFO hudson.slaves.NodeProvisioner$2 run

Kubernetes Pod Template provisioning successfully completed. We have now 3 computer(s)

Aug 09, 2018 4:49:40 AM INFO org.csanchez.jenkins.plugins.kubernetes.KubernetesCloud provision

Excess workload after pending Kubernetes agents: 0

Aug 09, 2018 4:49:40 AM INFO org.csanchez.jenkins.plugins.kubernetes.KubernetesCloud provision

Template: Kubernetes Pod Template

Aug 09, 2018 4:49:40 AM INFO okhttp3.internal.platform.Platform log

ALPN callback dropped: HTTP/2 is disabled. Is alpn-boot on the boot class path?

Aug 09, 2018 4:49:40 AM INFO okhttp3.internal.platform.Platform log

--> POST https://b22.jonqe.lab.eng.bos.redhat.com:8443/api/v1/namespaces/jenkins-slaves/pods http/1.1

Aug 09, 2018 4:49:40 AM INFO okhttp3.internal.platform.Platform log

Content-Type: application/json; charset=utf-8

Aug 09, 2018 4:49:40 AM INFO okhttp3.internal.platform.Platform log

Content-Length: 1034

Aug 09, 2018 4:49:40 AM INFO okhttp3.internal.platform.Platform log

Authorization: Bearer ZNevubc7fJK7PJ5jA9S38mQHXktWd7VfLr2wz-3Fay4

Aug 09, 2018 4:49:40 AM INFO okhttp3.internal.platform.Platform log

Host: b22.jonqe.lab.eng.bos.redhat.com:8443

Aug 09, 2018 4:49:40 AM INFO okhttp3.internal.platform.Platform log

Connection: Keep-Alive

Aug 09, 2018 4:49:40 AM INFO okhttp3.internal.platform.Platform log

Accept-Encoding: gzip

Aug 09, 2018 4:49:40 AM INFO okhttp3.internal.platform.Platform log

User-Agent: okhttp/3.9.1

Aug 09, 2018 4:49:40 AM INFO okhttp3.internal.platform.Platform log

Aug 09, 2018 4:49:40 AM INFO okhttp3.internal.platform.Platform log

{"apiVersion":"v1","kind":"Pod","metadata":{"annotations":{},"labels":{"jenkins":"slave","jenkins/base":"true"},"name":"jenkins-slave-centos-base-8ffg2"},"spec":{"containers":[{"args":["68c7afe521f69ce4b634df982d8fe759b2aa4c7c5b8fb06262378a2e116a6141","jenkins-slave-centos-base-8ffg2"],"env":[{"name":"JENKINS_SECRET","value":"68c7afe521f69ce4b634df982d8fe759b2aa4c7c5b8fb06262378a2e116a6141"},{"name":"JENKINS_NAME","value":"jenkins-slave-centos-base-8ffg2"},{"name":"JENKINS_URL","value":"http://jenkins2.bc.jonqe.lab.eng.bos.redhat.com:8080/"},{"name":"HOME","value":"/home/jenkins"}],"image":"docker-registry.default.svc:5000/jenkins-slaves/jenkins-slave-centos-base","imagePullPolicy":"Always","name":"jnlp","resources":{"limits":{},"requests":{}},"securityContext":{"privileged":false},"tty":false,"volumeMounts":[{"mountPath":"/home/jenkins","name":"workspace-volume","readOnly":false}],"workingDir":"/home/jenkins"}],"nodeSelector":{},"restartPolicy":"Never","volumes":[{"emptyDir":{"medium":""},"name":"workspace-volume"}]}}

Aug 09, 2018 4:49:40 AM INFO okhttp3.internal.platform.Platform log

--> END POST (1034-byte body)

Aug 09, 2018 4:49:40 AM INFO okhttp3.internal.platform.Platform log

<-- 201 Created https://b22.jonqe.lab.eng.bos.redhat.com:8443/api/v1/namespaces/jenkins-slaves/pods (39ms)

Aug 09, 2018 4:49:40 AM INFO okhttp3.internal.platform.Platform log

Cache-Control: no-store

Aug 09, 2018 4:49:40 AM INFO okhttp3.internal.platform.Platform log

Content-Type: application/json

Aug 09, 2018 4:49:40 AM INFO okhttp3.internal.platform.Platform log

Date: Thu, 09 Aug 2018 08:49:40 GMT

Aug 09, 2018 4:49:40 AM INFO okhttp3.internal.platform.Platform log

Content-Length: 1909

Aug 09, 2018 4:49:40 AM INFO okhttp3.internal.platform.Platform log

Aug 09, 2018 4:49:40 AM INFO okhttp3.internal.platform.Platform log

{"kind":"Pod","apiVersion":"v1","metadata":{"name":"jenkins-slave-centos-base-8ffg2","namespace":"jenkins-slaves","selfLink":"/api/v1/namespaces/jenkins-slaves/pods/jenkins-slave-centos-base-8ffg2","uid":"2777ad14-9bb1-11e8-b230-ecf4bbc1e3dc","resourceVersion":"22090889","creationTimestamp":"2018-08-09T08:49:40Z","labels":{"jenkins":"slave","jenkins/base":"true"},"annotations":{"openshift.io/scc":"anyuid"}},"spec":{"volumes":[{"name":"workspace-volume","emptyDir":{}},{"name":"default-token-n7jsf","secret":{"secretName":"default-token-n7jsf","defaultMode":420}}],"containers":[{"name":"jnlp","image":"docker-registry.default.svc:5000/jenkins-slaves/jenkins-slave-centos-base","args":["68c7afe521f69ce4b634df982d8fe759b2aa4c7c5b8fb06262378a2e116a6141","jenkins-slave-centos-base-8ffg2"],"workingDir":"/home/jenkins","env":[{"name":"JENKINS_SECRET","value":"68c7afe521f69ce4b634df982d8fe759b2aa4c7c5b8fb06262378a2e116a6141"},{"name":"JENKINS_NAME","value":"jenkins-slave-centos-base-8ffg2"},{"name":"JENKINS_URL","value":"http://jenkins2.bc.jonqe.lab.eng.bos.redhat.com:8080/"},{"name":"HOME","value":"/home/jenkins"}],"resources":{},"volumeMounts":[{"name":"workspace-volume","mountPath":"/home/jenkins"},{"name":"default-token-n7jsf","readOnly":true,"mountPath":"/var/run/secrets/kubernetes.io/serviceaccount"}],"terminationMessagePath":"/dev/termination-log","terminationMessagePolicy":"File","imagePullPolicy":"Always","securityContext":{"capabilities":{"drop":["MKNOD"]},"privileged":false}}],"restartPolicy":"Never","terminationGracePeriodSeconds":30,"dnsPolicy":"ClusterFirst","nodeSelector":{"node-role.kubernetes.io/compute":"true"},"serviceAccountName":"default","serviceAccount":"default","securityContext":{"seLinuxOptions":{"level":"s0:c11,c5"}},"imagePullSecrets":[{"name":"default-dockercfg-pr285"}],"schedulerName":"default-scheduler"},"status":{"phase":"Pending","qosClass":"BestEffort"}}

Aug 09, 2018 4:49:40 AM INFO okhttp3.internal.platform.Platform log

<-- END HTTP (1909-byte body)

Aug 09, 2018 4:49:40 AM INFO org.csanchez.jenkins.plugins.kubernetes.KubernetesLauncher launch

Created Pod: jenkins-slave-centos-base-8ffg2 in namespace jenkins-slaves

Aug 09, 2018 4:49:40 AM INFO org.csanchez.jenkins.plugins.kubernetes.KubernetesLauncher launch

Waiting for Pod to be scheduled (0/100): jenkins-slave-centos-base-8ffg2

Aug 09, 2018 4:49:45 AM INFO org.csanchez.jenkins.plugins.kubernetes.KubernetesCloud provision

Excess workload after pending Kubernetes agents: 0

Aug 09, 2018 4:49:45 AM INFO org.csanchez.jenkins.plugins.kubernetes.KubernetesCloud provision

Template: Kubernetes Pod Template

Aug 09, 2018 4:49:46 AM INFO okhttp3.internal.platform.Platform log

--> GET https://b22.jonqe.lab.eng.bos.redhat.com:8443/api/v1/namespaces/jenkins-slaves/pods/jenkins-slave-centos-base-8ffg2 http/1.1

Aug 09, 2018 4:49:46 AM INFO okhttp3.internal.platform.Platform log

Authorization: Bearer ZNevubc7fJK7PJ5jA9S38mQHXktWd7VfLr2wz-3Fay4

Aug 09, 2018 4:49:46 AM INFO okhttp3.internal.platform.Platform log

Host: b22.jonqe.lab.eng.bos.redhat.com:8443

Aug 09, 2018 4:49:46 AM INFO okhttp3.internal.platform.Platform log

Connection: Keep-Alive

Aug 09, 2018 4:49:46 AM INFO okhttp3.internal.platform.Platform log

Accept-Encoding: gzip

Aug 09, 2018 4:49:46 AM INFO okhttp3.internal.platform.Platform log

User-Agent: okhttp/3.9.1

Aug 09, 2018 4:49:46 AM INFO okhttp3.internal.platform.Platform log

--> END GET

Aug 09, 2018 4:49:46 AM INFO okhttp3.internal.platform.Platform log

<-- 200 OK https://b22.jonqe.lab.eng.bos.redhat.com:8443/api/v1/namespaces/jenkins-slaves/pods/jenkins-slave-centos-base-8ffg2 (10ms)

Aug 09, 2018 4:49:46 AM INFO okhttp3.internal.platform.Platform log

Cache-Control: no-store

Aug 09, 2018 4:49:46 AM INFO okhttp3.internal.platform.Platform log

Content-Type: application/json

Aug 09, 2018 4:49:46 AM INFO okhttp3.internal.platform.Platform log

Date: Thu, 09 Aug 2018 08:49:46 GMT

Aug 09, 2018 4:49:46 AM INFO okhttp3.internal.platform.Platform log

Transfer-Encoding: chunked

Aug 09, 2018 4:49:46 AM INFO okhttp3.internal.platform.Platform log

Aug 09, 2018 4:49:46 AM INFO okhttp3.internal.platform.Platform log

{"kind":"Pod","apiVersion":"v1","metadata":{"name":"jenkins-slave-centos-base-8ffg2","namespace":"jenkins-slaves","selfLink":"/api/v1/namespaces/jenkins-slaves/pods/jenkins-slave-centos-base-8ffg2","uid":"2777ad14-9bb1-11e8-b230-ecf4bbc1e3dc","resourceVersion":"22090907","creationTimestamp":"2018-08-09T08:49:40Z","labels":{"jenkins":"slave","jenkins/base":"true"},"annotations":{"openshift.io/scc":"anyuid"}},"spec":{"volumes":[{"name":"workspace-volume","emptyDir":{}},{"name":"default-token-n7jsf","secret":{"secretName":"default-token-n7jsf","defaultMode":420}}],"containers":[{"name":"jnlp","image":"docker-registry.default.svc:5000/jenkins-slaves/jenkins-slave-centos-base","args":["68c7afe521f69ce4b634df982d8fe759b2aa4c7c5b8fb06262378a2e116a6141","jenkins-slave-centos-base-8ffg2"],"workingDir":"/home/jenkins","env":[{"name":"JENKINS_SECRET","value":"68c7afe521f69ce4b634df982d8fe759b2aa4c7c5b8fb06262378a2e116a6141"},{"name":"JENKINS_NAME","value":"jenkins-slave-centos-base-8ffg2"},{"name":"JENKINS_URL","value":"http://jenkins2.bc.jonqe.lab.eng.bos.redhat.com:8080/"},{"name":"HOME","value":"/home/jenkins"}],"resources":{},"volumeMounts":[{"name":"workspace-volume","mountPath":"/home/jenkins"},{"name":"default-token-n7jsf","readOnly":true,"mountPath":"/var/run/secrets/kubernetes.io/serviceaccount"}],"terminationMessagePath":"/dev/termination-log","terminationMessagePolicy":"File","imagePullPolicy":"Always","securityContext":{"capabilities":{"drop":["MKNOD"]},"privileged":false}}],"restartPolicy":"Never","terminationGracePeriodSeconds":30,"dnsPolicy":"ClusterFirst","nodeSelector":{"node-role.kubernetes.io/compute":"true"},"serviceAccountName":"default","serviceAccount":"default","nodeName":"b21.jonqe.lab.eng.bos.redhat.com","securityContext":{"seLinuxOptions":{"level":"s0:c11,c5"}},"imagePullSecrets":[{"name":"default-dockercfg-pr285"}],"schedulerName":"default-scheduler"},"status":{"phase":"Running","conditions":[{"type":"Initialized","status":"True","lastProbeTime":null,"lastTransitionTime":"2018-08-09T08:49:40Z"},{"type":"Ready","status":"True","lastProbeTime":null,"lastTransitionTime":"2018-08-09T08:49:44Z"},{"type":"PodScheduled","status":"True","lastProbeTime":null,"lastTransitionTime":"2018-08-09T08:49:40Z"}],"hostIP":"10.16.23.44","podIP":"10.130.1.97","startTime":"2018-08-09T08:49:40Z","containerStatuses":[{"name":"jnlp","state":{"running":{"startedAt":"2018-08-09T08:49:44Z"}},"lastState":{},"ready":true,"restartCount":0,"image":"docker-registry-default.prod.os.jonqe.lab.eng.bos.redhat.com/jenkins-slaves/jenkins-slave-centos-base:latest","imageID":"docker-pullable://docker-registry-default.prod.os.jonqe.lab.eng.bos.redhat.com/jenkins-slaves/jenkins-slave-centos-base@sha256:d146e2580cc1943b2f86c0d6c2b921bcb6d7d1846e4fb804f66cb0acb51eb905","containerID":"docker://9ce43d9b5714b63b47fb51eafefd6310d090ee7d809dff62aeec4e10502ea871"}],"qosClass":"BestEffort"}}

Aug 09, 2018 4:49:46 AM INFO okhttp3.internal.platform.Platform log

<-- END HTTP (2910-byte body)

Aug 09, 2018 4:49:46 AM INFO org.csanchez.jenkins.plugins.kubernetes.KubernetesLauncher launch

Waiting for agent to connect (0/100): jenkins-slave-centos-base-8ffg2

Aug 09, 2018 4:49:47 AM INFO hudson.TcpSlaveAgentListener$ConnectionHandler run

Accepted JNLP4-connect connection #100 from 10.16.23.44/10.16.23.44:55154

Aug 09, 2018 4:49:47 AM INFO org.csanchez.jenkins.plugins.kubernetes.KubernetesLauncher launch

Waiting for agent to connect (1/100): jenkins-slave-centos-base-8ffg2

Aug 09, 2018 4:49:48 AM INFO org.csanchez.jenkins.plugins.kubernetes.KubernetesLauncher launch

Waiting for agent to connect (2/100): jenkins-slave-centos-base-8ffg2

Aug 09, 2018 4:49:49 AM INFO org.csanchez.jenkins.plugins.kubernetes.KubernetesLauncher launch

Waiting for agent to connect (3/100): jenkins-slave-centos-base-8ffg2

Aug 09, 2018 4:49:50 AM INFO org.csanchez.jenkins.plugins.kubernetes.KubernetesLauncher launch

Waiting for agent to connect (4/100): jenkins-slave-centos-base-8ffg2

Aug 09, 2018 4:49:51 AM INFO org.pircbotx.output.OutputRaw rawLine

PING 1533804591

Aug 09, 2018 4:49:51 AM INFO org.pircbotx.InputParser handleLine

:irc.devel.redhat.com PONG irc.devel.redhat.com :1533804591

Aug 09, 2018 4:49:52 AM INFO org.pircbotx.output.OutputRaw rawLineNow

AWAY Please give me some rest! All 1 executors are busy, 0 job(s) in queue.

Aug 09, 2018 4:49:52 AM INFO org.pircbotx.InputParser handleLine

:irc.devel.redhat.com 306 jenkins-bot2 :You have been marked as being away

Aug 09, 2018 4:50:01 AM INFO org.jenkinsci.plugins.ghprb.GhprbPullRequest updatePR

Pull request #65 was updated on repo Kiali-QE/kiali-qe-python but there aren't any new comments nor commits; that may mean that commit status was updated.

Aug 09, 2018 4:50:55 AM INFO hudson.model.Run execute

fbr-base-test #27 main build action completed: SUCCESS

Aug 09, 2018 4:50:55 AM INFO org.csanchez.jenkins.plugins.kubernetes.KubernetesSlave _terminate

Terminating Kubernetes instance for agent jenkins-slave-centos-base-8ffg2

Aug 09, 2018 4:50:55 AM WARNING io.fabric8.kubernetes.client.Config tryServiceAccount

Error reading service account token from: [/var/run/secrets/kubernetes.io/serviceaccount/token]. Ignoring.

Aug 09, 2018 4:50:55 AM INFO okhttp3.internal.platform.Platform log

ALPN callback dropped: HTTP/2 is disabled. Is alpn-boot on the boot class path?

Aug 09, 2018 4:50:55 AM INFO okhttp3.internal.platform.Platform log

--> GET https://b22.jonqe.lab.eng.bos.redhat.com:8443/api/v1/namespaces/jenkins-slaves/pods/jenkins-slave-centos-base-8ffg2 http/1.1

Aug 09, 2018 4:50:55 AM INFO okhttp3.internal.platform.Platform log

Authorization: Bearer ZNevubc7fJK7PJ5jA9S38mQHXktWd7VfLr2wz-3Fay4

Aug 09, 2018 4:50:55 AM INFO okhttp3.internal.platform.Platform log

Host: b22.jonqe.lab.eng.bos.redhat.com:8443

Aug 09, 2018 4:50:55 AM INFO okhttp3.internal.platform.Platform log

Connection: Keep-Alive

Aug 09, 2018 4:50:55 AM INFO okhttp3.internal.platform.Platform log

Accept-Encoding: gzip

Aug 09, 2018 4:50:55 AM INFO okhttp3.internal.platform.Platform log

User-Agent: okhttp/3.9.1

Aug 09, 2018 4:50:55 AM INFO okhttp3.internal.platform.Platform log

--> END GET

Aug 09, 2018 4:50:55 AM INFO okhttp3.internal.platform.Platform log

<-- 200 OK https://b22.jonqe.lab.eng.bos.redhat.com:8443/api/v1/namespaces/jenkins-slaves/pods/jenkins-slave-centos-base-8ffg2 (11ms)

Aug 09, 2018 4:50:55 AM INFO okhttp3.internal.platform.Platform log

Cache-Control: no-store

Aug 09, 2018 4:50:55 AM INFO okhttp3.internal.platform.Platform log

Content-Type: application/json

Aug 09, 2018 4:50:55 AM INFO okhttp3.internal.platform.Platform log

Date: Thu, 09 Aug 2018 08:50:55 GMT

Aug 09, 2018 4:50:55 AM INFO okhttp3.internal.platform.Platform log

Transfer-Encoding: chunked

Aug 09, 2018 4:50:55 AM INFO okhttp3.internal.platform.Platform log

Aug 09, 2018 4:50:55 AM INFO okhttp3.internal.platform.Platform log

{"kind":"Pod","apiVersion":"v1","metadata":{"name":"jenkins-slave-centos-base-8ffg2","namespace":"jenkins-slaves","selfLink":"/api/v1/namespaces/jenkins-slaves/pods/jenkins-slave-centos-base-8ffg2","uid":"2777ad14-9bb1-11e8-b230-ecf4bbc1e3dc","resourceVersion":"22090907","creationTimestamp":"2018-08-09T08:49:40Z","labels":{"jenkins":"slave","jenkins/base":"true"},"annotations":{"openshift.io/scc":"anyuid"}},"spec":{"volumes":[{"name":"workspace-volume","emptyDir":{}},{"name":"default-token-n7jsf","secret":{"secretName":"default-token-n7jsf","defaultMode":420}}],"containers":[{"name":"jnlp","image":"docker-registry.default.svc:5000/jenkins-slaves/jenkins-slave-centos-base","args":["68c7afe521f69ce4b634df982d8fe759b2aa4c7c5b8fb06262378a2e116a6141","jenkins-slave-centos-base-8ffg2"],"workingDir":"/home/jenkins","env":[{"name":"JENKINS_SECRET","value":"68c7afe521f69ce4b634df982d8fe759b2aa4c7c5b8fb06262378a2e116a6141"},{"name":"JENKINS_NAME","value":"jenkins-slave-centos-base-8ffg2"},{"name":"JENKINS_URL","value":"http://jenkins2.bc.jonqe.lab.eng.bos.redhat.com:8080/"},{"name":"HOME","value":"/home/jenkins"}],"resources":{},"volumeMounts":[{"name":"workspace-volume","mountPath":"/home/jenkins"},{"name":"default-token-n7jsf","readOnly":true,"mountPath":"/var/run/secrets/kubernetes.io/serviceaccount"}],"terminationMessagePath":"/dev/termination-log","terminationMessagePolicy":"File","imagePullPolicy":"Always","securityContext":{"capabilities":{"drop":["MKNOD"]},"privileged":false}}],"restartPolicy":"Never","terminationGracePeriodSeconds":30,"dnsPolicy":"ClusterFirst","nodeSelector":{"node-role.kubernetes.io/compute":"true"},"serviceAccountName":"default","serviceAccount":"default","nodeName":"b21.jonqe.lab.eng.bos.redhat.com","securityContext":{"seLinuxOptions":{"level":"s0:c11,c5"}},"imagePullSecrets":[{"name":"default-dockercfg-pr285"}],"schedulerName":"default-scheduler"},"status":{"phase":"Running","conditions":[{"type":"Initialized","status":"True","lastProbeTime":null,"lastTransitionTime":"2018-08-09T08:49:40Z"},{"type":"Ready","status":"True","lastProbeTime":null,"lastTransitionTime":"2018-08-09T08:49:44Z"},{"type":"PodScheduled","status":"True","lastProbeTime":null,"lastTransitionTime":"2018-08-09T08:49:40Z"}],"hostIP":"10.16.23.44","podIP":"10.130.1.97","startTime":"2018-08-09T08:49:40Z","containerStatuses":[{"name":"jnlp","state":{"running":{"startedAt":"2018-08-09T08:49:44Z"}},"lastState":{},"ready":true,"restartCount":0,"image":"docker-registry-default.prod.os.jonqe.lab.eng.bos.redhat.com/jenkins-slaves/jenkins-slave-centos-base:latest","imageID":"docker-pullable://docker-registry-default.prod.os.jonqe.lab.eng.bos.redhat.com/jenkins-slaves/jenkins-slave-centos-base@sha256:d146e2580cc1943b2f86c0d6c2b921bcb6d7d1846e4fb804f66cb0acb51eb905","containerID":"docker://9ce43d9b5714b63b47fb51eafefd6310d090ee7d809dff62aeec4e10502ea871"}],"qosClass":"BestEffort"}}

Aug 09, 2018 4:50:55 AM INFO okhttp3.internal.platform.Platform log

<-- END HTTP (2910-byte body)

Aug 09, 2018 4:50:55 AM WARNING jenkins.slaves.DefaultJnlpSlaveReceiver channelClosed

Computer.threadPoolForRemoting [#760] for jenkins-slave-centos-base-8ffg2 terminated
java.nio.channels.ClosedChannelException
	at org.jenkinsci.remoting.protocol.impl.ChannelApplicationLayer.onReadClosed(ChannelApplicationLayer.java:209)
	at org.jenkinsci.remoting.protocol.ApplicationLayer.onRecvClosed(ApplicationLayer.java:222)
	at org.jenkinsci.remoting.protocol.ProtocolStack$Ptr.onRecvClosed(ProtocolStack.java:832)
	at org.jenkinsci.remoting.protocol.FilterLayer.onRecvClosed(FilterLayer.java:287)
	at org.jenkinsci.remoting.protocol.impl.SSLEngineFilterLayer.onRecvClosed(SSLEngineFilterLayer.java:181)
	at org.jenkinsci.remoting.protocol.impl.SSLEngineFilterLayer.switchToNoSecure(SSLEngineFilterLayer.java:283)
	at org.jenkinsci.remoting.protocol.impl.SSLEngineFilterLayer.processWrite(SSLEngineFilterLayer.java:503)
	at org.jenkinsci.remoting.protocol.impl.SSLEngineFilterLayer.processQueuedWrites(SSLEngineFilterLayer.java:248)
	at org.jenkinsci.remoting.protocol.impl.SSLEngineFilterLayer.doSend(SSLEngineFilterLayer.java:200)
	at org.jenkinsci.remoting.protocol.impl.SSLEngineFilterLayer.doCloseSend(SSLEngineFilterLayer.java:213)
	at org.jenkinsci.remoting.protocol.ProtocolStack$Ptr.doCloseSend(ProtocolStack.java:800)
	at org.jenkinsci.remoting.protocol.ApplicationLayer.doCloseWrite(ApplicationLayer.java:173)
	at org.jenkinsci.remoting.protocol.impl.ChannelApplicationLayer$ByteBufferCommandTransport.closeWrite(ChannelApplicationLayer.java:314)
	at hudson.remoting.Channel.close(Channel.java:1450)
	at hudson.remoting.Channel.close(Channel.java:1403)
	at hudson.slaves.SlaveComputer.closeChannel(SlaveComputer.java:799)
	at hudson.slaves.SlaveComputer.access$800(SlaveComputer.java:103)
	at hudson.slaves.SlaveComputer$3.run(SlaveComputer.java:715)
	at jenkins.util.ContextResettingExecutorService$1.run(ContextResettingExecutorService.java:28)
	at jenkins.security.ImpersonatingExecutorService$1.run(ImpersonatingExecutorService.java:59)
	at java.util.concurrent.Executors$RunnableAdapter.call(Executors.java:511)
	at java.util.concurrent.FutureTask.run(FutureTask.java:266)
	at java.util.concurrent.ThreadPoolExecutor.runWorker(ThreadPoolExecutor.java:1149)
	at java.util.concurrent.ThreadPoolExecutor$Worker.run(ThreadPoolExecutor.java:624)
	at java.lang.Thread.run(Thread.java:748)

Aug 09, 2018 4:50:56 AM INFO org.pircbotx.output.OutputRaw rawLineNow

AWAY

Aug 09, 2018 4:50:56 AM INFO org.pircbotx.InputParser handleLine

:irc.devel.redhat.com 305 jenkins-bot2 :You are no longer marked as being away

Aug 09, 2018 4:51:01 AM INFO org.jenkinsci.plugins.ghprb.GhprbPullRequest updatePR

Pull request #37 was updated on repo Kiali-QE/kiali-qe-rest but there aren't any new comments nor commits; that may mean that commit status was updated.

Aug 09, 2018 4:51:08 AM INFO hudson.TcpSlaveAgentListener$ConnectionHandler run

Accepted JNLP4-connect connection #101 from 10.16.23.44/10.16.23.44:55402

Aug 09, 2018 4:51:08 AM INFO org.jenkinsci.remoting.protocol.impl.ConnectionHeadersFilterLayer onRecv

[JNLP4-connect connection from 10.16.23.44/10.16.23.44:55402] Refusing headers from remote: Unknown client name: jenkins-slave-centos-base-8ffg2

Aug 09, 2018 4:51:09 AM WARNING hudson.TcpSlaveAgentListener$ConnectionHandler run

Connection #102 failed
java.io.EOFException
	at java.io.DataInputStream.readFully(DataInputStream.java:197)
	at java.io.DataInputStream.readFully(DataInputStream.java:169)
	at hudson.TcpSlaveAgentListener$ConnectionHandler.run(TcpSlaveAgentListener.java:242)


