2025-02-05 23:54:48.260+0000 [id=17759]	FINE	i.j.p.a.JCloudsVirtualFile#run: enter cache bucket-name / http://jenkins-job-url/101/artifacts
2025-02-05 23:54:48.262+0000 [id=17759]	FINEST	i.j.p.a.s3.S3BlobStore#getContext: Building context
2025-02-05 23:54:48.326+0000 [id=17759]	FINEST	o.jclouds.logging.jdk.JDKLogger#logTrace: >> converting ListBucket
2025-02-05 23:54:48.332+0000 [id=17759]	FINEST	o.jclouds.logging.jdk.JDKLogger#logTrace: >> converting GetBucketLocation
2025-02-05 23:54:48.337+0000 [id=17759]	FINEST	o.jclouds.logging.jdk.JDKLogger#logTrace: << converted GetBucketLocation to GET https://s3.amazonaws.com/bucket-name?location HTTP/1.1
2025-02-05 23:54:48.341+0000 [id=17759]	FINEST	o.jclouds.logging.jdk.JDKLogger#logTrace: << response from GetBucketLocation is parsed by ParseSax
2025-02-05 23:54:48.345+0000 [id=17759]	FINEST	o.jclouds.logging.jdk.JDKLogger#logTrace: << exceptions from GetBucketLocation are parsed by MapHttp4xxCodesToExceptions
2025-02-05 23:54:48.349+0000 [id=17759]	FINE	o.jclouds.logging.jdk.JDKLogger#logDebug: >> invoking GetBucketLocation
2025-02-05 23:54:48.573+0000 [id=17759]	FINEST	o.jclouds.logging.jdk.JDKLogger#logTrace: << converted ListBucket to GET https://bucket-name.s3.amazonaws.com/?prefix=http://jenkins-job-url/101/artifacts/ HTTP/1.1
2025-02-05 23:54:48.577+0000 [id=17759]	FINEST	o.jclouds.logging.jdk.JDKLogger#logTrace: << response from ListBucket is parsed by ParseSax
2025-02-05 23:54:48.584+0000 [id=17759]	FINEST	o.jclouds.logging.jdk.JDKLogger#logTrace: << exceptions from ListBucket are parsed by MapHttp4xxCodesToExceptions
2025-02-05 23:54:48.591+0000 [id=17759]	FINE	o.jclouds.logging.jdk.JDKLogger#logDebug: >> invoking ListBucket
2025-02-05 23:54:48.910+0000 [id=17759]	FINEST	o.jclouds.logging.jdk.JDKLogger#logTrace: >> converting GetBucketLocation
2025-02-05 23:54:48.914+0000 [id=17759]	FINEST	o.jclouds.logging.jdk.JDKLogger#logTrace: << converted GetBucketLocation to GET https://s3.amazonaws.com/bucket-name?location HTTP/1.1
2025-02-05 23:54:48.917+0000 [id=17759]	FINEST	o.jclouds.logging.jdk.JDKLogger#logTrace: << response from GetBucketLocation is parsed by ParseSax
2025-02-05 23:54:48.920+0000 [id=17759]	FINEST	o.jclouds.logging.jdk.JDKLogger#logTrace: << exceptions from GetBucketLocation are parsed by MapHttp4xxCodesToExceptions
2025-02-05 23:54:48.923+0000 [id=17759]	FINE	o.jclouds.logging.jdk.JDKLogger#logDebug: >> invoking GetBucketLocation
2025-02-05 23:54:48.988+0000 [id=17759]	FINEST	o.jclouds.logging.jdk.JDKLogger#logTrace: >> converting GetBucketLocation
2025-02-05 23:54:48.993+0000 [id=17759]	FINEST	o.jclouds.logging.jdk.JDKLogger#logTrace: << converted GetBucketLocation to GET https://s3.amazonaws.com/bucket-name?location HTTP/1.1
2025-02-05 23:54:48.996+0000 [id=17759]	FINEST	o.jclouds.logging.jdk.JDKLogger#logTrace: << response from GetBucketLocation is parsed by ParseSax
2025-02-05 23:54:48.999+0000 [id=17759]	FINEST	o.jclouds.logging.jdk.JDKLogger#logTrace: << exceptions from GetBucketLocation are parsed by MapHttp4xxCodesToExceptions
2025-02-05 23:54:49.002+0000 [id=17759]	FINE	o.jclouds.logging.jdk.JDKLogger#logDebug: >> invoking GetBucketLocation
2025-02-05 23:54:49.067+0000 [id=17759]	FINEST	o.jclouds.logging.jdk.JDKLogger#logTrace: >> converting GetBucketLocation
2025-02-05 23:54:49.071+0000 [id=17759]	FINEST	o.jclouds.logging.jdk.JDKLogger#logTrace: << converted GetBucketLocation to GET https://s3.amazonaws.com/bucket-name?location HTTP/1.1
2025-02-05 23:54:49.073+0000 [id=17759]	FINEST	o.jclouds.logging.jdk.JDKLogger#logTrace: << response from GetBucketLocation is parsed by ParseSax
2025-02-05 23:54:49.075+0000 [id=17759]	FINEST	o.jclouds.logging.jdk.JDKLogger#logTrace: << exceptions from GetBucketLocation are parsed by MapHttp4xxCodesToExceptions
2025-02-05 23:54:49.077+0000 [id=17759]	FINE	o.jclouds.logging.jdk.JDKLogger#logDebug: >> invoking GetBucketLocation
2025-02-05 23:54:49.142+0000 [id=17759]	FINEST	o.jclouds.logging.jdk.JDKLogger#logTrace: >> converting GetBucketLocation
2025-02-05 23:54:49.145+0000 [id=17759]	FINEST	o.jclouds.logging.jdk.JDKLogger#logTrace: << converted GetBucketLocation to GET https://s3.amazonaws.com/bucket-name?location HTTP/1.1
2025-02-05 23:54:49.148+0000 [id=17759]	FINEST	o.jclouds.logging.jdk.JDKLogger#logTrace: << response from GetBucketLocation is parsed by ParseSax
2025-02-05 23:54:49.152+0000 [id=17759]	FINEST	o.jclouds.logging.jdk.JDKLogger#logTrace: << exceptions from GetBucketLocation are parsed by MapHttp4xxCodesToExceptions
2025-02-05 23:54:49.155+0000 [id=17759]	FINE	o.jclouds.logging.jdk.JDKLogger#logDebug: >> invoking GetBucketLocation
2025-02-05 23:54:49.221+0000 [id=17759]	FINEST	o.jclouds.logging.jdk.JDKLogger#logTrace: >> converting GetBucketLocation
2025-02-05 23:54:49.226+0000 [id=17759]	FINEST	o.jclouds.logging.jdk.JDKLogger#logTrace: << converted GetBucketLocation to GET https://s3.amazonaws.com/bucket-name?location HTTP/1.1
2025-02-05 23:54:49.236+0000 [id=17759]	FINEST	o.jclouds.logging.jdk.JDKLogger#logTrace: << response from GetBucketLocation is parsed by ParseSax
2025-02-05 23:54:49.242+0000 [id=17759]	FINEST	o.jclouds.logging.jdk.JDKLogger#logTrace: << exceptions from GetBucketLocation are parsed by MapHttp4xxCodesToExceptions
2025-02-05 23:54:49.248+0000 [id=17759]	FINE	o.jclouds.logging.jdk.JDKLogger#logDebug: >> invoking GetBucketLocation
2025-02-05 23:54:49.319+0000 [id=17759]	FINEST	o.jclouds.logging.jdk.JDKLogger#logTrace: >> converting GetBucketLocation
2025-02-05 23:54:49.322+0000 [id=17759]	FINEST	o.jclouds.logging.jdk.JDKLogger#logTrace: << converted GetBucketLocation to GET https://s3.amazonaws.com/bucket-name?location HTTP/1.1
2025-02-05 23:54:49.326+0000 [id=17759]	FINEST	o.jclouds.logging.jdk.JDKLogger#logTrace: << response from GetBucketLocation is parsed by ParseSax
2025-02-05 23:54:49.329+0000 [id=17759]	FINEST	o.jclouds.logging.jdk.JDKLogger#logTrace: << exceptions from GetBucketLocation are parsed by MapHttp4xxCodesToExceptions
2025-02-05 23:54:49.339+0000 [id=17759]	FINE	o.jclouds.logging.jdk.JDKLogger#logDebug: >> invoking GetBucketLocation
2025-02-05 23:54:49.405+0000 [id=17759]	FINEST	o.jclouds.logging.jdk.JDKLogger#logTrace: >> converting GetBucketLocation
2025-02-05 23:54:49.408+0000 [id=17759]	FINEST	o.jclouds.logging.jdk.JDKLogger#logTrace: << converted GetBucketLocation to GET https://s3.amazonaws.com/bucket-name?location HTTP/1.1
2025-02-05 23:54:49.411+0000 [id=17759]	FINEST	o.jclouds.logging.jdk.JDKLogger#logTrace: << response from GetBucketLocation is parsed by ParseSax
2025-02-05 23:54:49.414+0000 [id=17759]	FINEST	o.jclouds.logging.jdk.JDKLogger#logTrace: << exceptions from GetBucketLocation are parsed by MapHttp4xxCodesToExceptions
2025-02-05 23:54:49.417+0000 [id=17759]	FINE	o.jclouds.logging.jdk.JDKLogger#logDebug: >> invoking GetBucketLocation
2025-02-05 23:54:49.485+0000 [id=17759]	FINEST	o.jclouds.logging.jdk.JDKLogger#logTrace: >> converting GetBucketLocation
2025-02-05 23:54:49.489+0000 [id=17759]	FINEST	o.jclouds.logging.jdk.JDKLogger#logTrace: << converted GetBucketLocation to GET https://s3.amazonaws.com/bucket-name?location HTTP/1.1
2025-02-05 23:54:49.492+0000 [id=17759]	FINEST	o.jclouds.logging.jdk.JDKLogger#logTrace: << response from GetBucketLocation is parsed by ParseSax
2025-02-05 23:54:49.495+0000 [id=17759]	FINEST	o.jclouds.logging.jdk.JDKLogger#logTrace: << exceptions from GetBucketLocation are parsed by MapHttp4xxCodesToExceptions
2025-02-05 23:54:49.503+0000 [id=17759]	FINE	o.jclouds.logging.jdk.JDKLogger#logDebug: >> invoking GetBucketLocation
2025-02-05 23:54:49.571+0000 [id=17759]	FINEST	o.jclouds.logging.jdk.JDKLogger#logTrace: >> converting GetBucketLocation
2025-02-05 23:54:49.574+0000 [id=17759]	FINEST	o.jclouds.logging.jdk.JDKLogger#logTrace: << converted GetBucketLocation to GET https://s3.amazonaws.com/bucket-name?location HTTP/1.1
2025-02-05 23:54:49.577+0000 [id=17759]	FINEST	o.jclouds.logging.jdk.JDKLogger#logTrace: << response from GetBucketLocation is parsed by ParseSax
2025-02-05 23:54:49.580+0000 [id=17759]	FINEST	o.jclouds.logging.jdk.JDKLogger#logTrace: << exceptions from GetBucketLocation are parsed by MapHttp4xxCodesToExceptions
2025-02-05 23:54:49.582+0000 [id=17759]	FINE	o.jclouds.logging.jdk.JDKLogger#logDebug: >> invoking GetBucketLocation
2025-02-05 23:54:49.647+0000 [id=17759]	FINEST	o.jclouds.logging.jdk.JDKLogger#logTrace: >> converting GetBucketLocation
2025-02-05 23:54:49.651+0000 [id=17759]	FINEST	o.jclouds.logging.jdk.JDKLogger#logTrace: << converted GetBucketLocation to GET https://s3.amazonaws.com/bucket-name?location HTTP/1.1
2025-02-05 23:54:49.655+0000 [id=17759]	FINEST	o.jclouds.logging.jdk.JDKLogger#logTrace: << response from GetBucketLocation is parsed by ParseSax
2025-02-05 23:54:49.659+0000 [id=17759]	FINEST	o.jclouds.logging.jdk.JDKLogger#logTrace: << exceptions from GetBucketLocation are parsed by MapHttp4xxCodesToExceptions
2025-02-05 23:54:49.665+0000 [id=17759]	FINE	o.jclouds.logging.jdk.JDKLogger#logDebug: >> invoking GetBucketLocation
2025-02-05 23:54:49.732+0000 [id=17759]	FINEST	o.jclouds.logging.jdk.JDKLogger#logTrace: >> converting GetBucketLocation
2025-02-05 23:54:49.747+0000 [id=17759]	FINEST	o.jclouds.logging.jdk.JDKLogger#logTrace: << converted GetBucketLocation to GET https://s3.amazonaws.com/bucket-name?location HTTP/1.1
2025-02-05 23:54:49.760+0000 [id=17759]	FINEST	o.jclouds.logging.jdk.JDKLogger#logTrace: << response from GetBucketLocation is parsed by ParseSax
2025-02-05 23:54:49.767+0000 [id=17759]	FINEST	o.jclouds.logging.jdk.JDKLogger#logTrace: << exceptions from GetBucketLocation are parsed by MapHttp4xxCodesToExceptions
2025-02-05 23:54:49.772+0000 [id=17759]	FINE	o.jclouds.logging.jdk.JDKLogger#logDebug: >> invoking GetBucketLocation
2025-02-05 23:54:49.839+0000 [id=17759]	FINEST	o.jclouds.logging.jdk.JDKLogger#logTrace: >> converting GetBucketLocation
2025-02-05 23:54:49.842+0000 [id=17759]	FINEST	o.jclouds.logging.jdk.JDKLogger#logTrace: << converted GetBucketLocation to GET https://s3.amazonaws.com/bucket-name?location HTTP/1.1
2025-02-05 23:54:49.845+0000 [id=17759]	FINEST	o.jclouds.logging.jdk.JDKLogger#logTrace: << response from GetBucketLocation is parsed by ParseSax
2025-02-05 23:54:49.848+0000 [id=17759]	FINEST	o.jclouds.logging.jdk.JDKLogger#logTrace: << exceptions from GetBucketLocation are parsed by MapHttp4xxCodesToExceptions
2025-02-05 23:54:49.850+0000 [id=17759]	FINE	o.jclouds.logging.jdk.JDKLogger#logDebug: >> invoking GetBucketLocation
2025-02-05 23:54:49.914+0000 [id=17759]	FINEST	o.jclouds.logging.jdk.JDKLogger#logTrace: >> converting GetBucketLocation
2025-02-05 23:54:49.917+0000 [id=17759]	FINEST	o.jclouds.logging.jdk.JDKLogger#logTrace: << converted GetBucketLocation to GET https://s3.amazonaws.com/bucket-name?location HTTP/1.1
2025-02-05 23:54:49.919+0000 [id=17759]	FINEST	o.jclouds.logging.jdk.JDKLogger#logTrace: << response from GetBucketLocation is parsed by ParseSax
2025-02-05 23:54:49.922+0000 [id=17759]	FINEST	o.jclouds.logging.jdk.JDKLogger#logTrace: << exceptions from GetBucketLocation are parsed by MapHttp4xxCodesToExceptions
2025-02-05 23:54:49.924+0000 [id=17759]	FINE	o.jclouds.logging.jdk.JDKLogger#logDebug: >> invoking GetBucketLocation
2025-02-05 23:54:49.999+0000 [id=17759]	FINEST	o.jclouds.logging.jdk.JDKLogger#logTrace: >> converting GetBucketLocation
2025-02-05 23:54:50.001+0000 [id=17759]	FINEST	o.jclouds.logging.jdk.JDKLogger#logTrace: << converted GetBucketLocation to GET https://s3.amazonaws.com/bucket-name?location HTTP/1.1
2025-02-05 23:54:50.004+0000 [id=17759]	FINEST	o.jclouds.logging.jdk.JDKLogger#logTrace: << response from GetBucketLocation is parsed by ParseSax
2025-02-05 23:54:50.007+0000 [id=17759]	FINEST	o.jclouds.logging.jdk.JDKLogger#logTrace: << exceptions from GetBucketLocation are parsed by MapHttp4xxCodesToExceptions
2025-02-05 23:54:50.010+0000 [id=17759]	FINE	o.jclouds.logging.jdk.JDKLogger#logDebug: >> invoking GetBucketLocation
2025-02-05 23:54:50.074+0000 [id=17759]	FINEST	o.jclouds.logging.jdk.JDKLogger#logTrace: >> converting GetBucketLocation
2025-02-05 23:54:50.078+0000 [id=17759]	FINEST	o.jclouds.logging.jdk.JDKLogger#logTrace: << converted GetBucketLocation to GET https://s3.amazonaws.com/bucket-name?location HTTP/1.1
2025-02-05 23:54:50.080+0000 [id=17759]	FINEST	o.jclouds.logging.jdk.JDKLogger#logTrace: << response from GetBucketLocation is parsed by ParseSax
2025-02-05 23:54:50.082+0000 [id=17759]	FINEST	o.jclouds.logging.jdk.JDKLogger#logTrace: << exceptions from GetBucketLocation are parsed by MapHttp4xxCodesToExceptions
2025-02-05 23:54:50.085+0000 [id=17759]	FINE	o.jclouds.logging.jdk.JDKLogger#logDebug: >> invoking GetBucketLocation
2025-02-05 23:54:50.150+0000 [id=17759]	FINEST	o.jclouds.logging.jdk.JDKLogger#logTrace: >> converting GetBucketLocation
2025-02-05 23:54:50.153+0000 [id=17759]	FINEST	o.jclouds.logging.jdk.JDKLogger#logTrace: << converted GetBucketLocation to GET https://s3.amazonaws.com/bucket-name?location HTTP/1.1
2025-02-05 23:54:50.155+0000 [id=17759]	FINEST	o.jclouds.logging.jdk.JDKLogger#logTrace: << response from GetBucketLocation is parsed by ParseSax
2025-02-05 23:54:50.158+0000 [id=17759]	FINEST	o.jclouds.logging.jdk.JDKLogger#logTrace: << exceptions from GetBucketLocation are parsed by MapHttp4xxCodesToExceptions
2025-02-05 23:54:50.160+0000 [id=17759]	FINE	o.jclouds.logging.jdk.JDKLogger#logDebug: >> invoking GetBucketLocation
2025-02-05 23:54:50.226+0000 [id=17759]	FINEST	o.jclouds.logging.jdk.JDKLogger#logTrace: >> converting GetBucketLocation
2025-02-05 23:54:50.228+0000 [id=17759]	FINEST	o.jclouds.logging.jdk.JDKLogger#logTrace: << converted GetBucketLocation to GET https://s3.amazonaws.com/bucket-name?location HTTP/1.1
2025-02-05 23:54:50.231+0000 [id=17759]	FINEST	o.jclouds.logging.jdk.JDKLogger#logTrace: << response from GetBucketLocation is parsed by ParseSax
2025-02-05 23:54:50.233+0000 [id=17759]	FINEST	o.jclouds.logging.jdk.JDKLogger#logTrace: << exceptions from GetBucketLocation are parsed by MapHttp4xxCodesToExceptions
2025-02-05 23:54:50.236+0000 [id=17759]	FINE	o.jclouds.logging.jdk.JDKLogger#logDebug: >> invoking GetBucketLocation
2025-02-05 23:54:50.301+0000 [id=17759]	FINEST	o.jclouds.logging.jdk.JDKLogger#logTrace: >> converting GetBucketLocation
2025-02-05 23:54:50.305+0000 [id=17759]	FINEST	o.jclouds.logging.jdk.JDKLogger#logTrace: << converted GetBucketLocation to GET https://s3.amazonaws.com/bucket-name?location HTTP/1.1
2025-02-05 23:54:50.307+0000 [id=17759]	FINEST	o.jclouds.logging.jdk.JDKLogger#logTrace: << response from GetBucketLocation is parsed by ParseSax
2025-02-05 23:54:50.308+0000 [id=17759]	FINEST	o.jclouds.logging.jdk.JDKLogger#logTrace: << exceptions from GetBucketLocation are parsed by MapHttp4xxCodesToExceptions
2025-02-05 23:54:50.310+0000 [id=17759]	FINE	o.jclouds.logging.jdk.JDKLogger#logDebug: >> invoking GetBucketLocation
2025-02-05 23:54:50.374+0000 [id=17759]	FINEST	o.jclouds.logging.jdk.JDKLogger#logTrace: >> converting GetBucketLocation
2025-02-05 23:54:50.377+0000 [id=17759]	FINEST	o.jclouds.logging.jdk.JDKLogger#logTrace: << converted GetBucketLocation to GET https://s3.amazonaws.com/bucket-name?location HTTP/1.1
2025-02-05 23:54:50.379+0000 [id=17759]	FINEST	o.jclouds.logging.jdk.JDKLogger#logTrace: << response from GetBucketLocation is parsed by ParseSax
2025-02-05 23:54:50.382+0000 [id=17759]	FINEST	o.jclouds.logging.jdk.JDKLogger#logTrace: << exceptions from GetBucketLocation are parsed by MapHttp4xxCodesToExceptions
2025-02-05 23:54:50.384+0000 [id=17759]	FINE	o.jclouds.logging.jdk.JDKLogger#logDebug: >> invoking GetBucketLocation
2025-02-05 23:54:50.450+0000 [id=17759]	FINEST	o.jclouds.logging.jdk.JDKLogger#logTrace: >> converting GetBucketLocation
2025-02-05 23:54:50.454+0000 [id=17759]	FINEST	o.jclouds.logging.jdk.JDKLogger#logTrace: << converted GetBucketLocation to GET https://s3.amazonaws.com/bucket-name?location HTTP/1.1
2025-02-05 23:54:50.458+0000 [id=17759]	FINEST	o.jclouds.logging.jdk.JDKLogger#logTrace: << response from GetBucketLocation is parsed by ParseSax
2025-02-05 23:54:50.460+0000 [id=17759]	FINEST	o.jclouds.logging.jdk.JDKLogger#logTrace: << exceptions from GetBucketLocation are parsed by MapHttp4xxCodesToExceptions
2025-02-05 23:54:50.462+0000 [id=17759]	FINE	o.jclouds.logging.jdk.JDKLogger#logDebug: >> invoking GetBucketLocation
2025-02-05 23:54:50.527+0000 [id=17759]	FINEST	o.jclouds.logging.jdk.JDKLogger#logTrace: >> converting GetBucketLocation
2025-02-05 23:54:50.530+0000 [id=17759]	FINEST	o.jclouds.logging.jdk.JDKLogger#logTrace: << converted GetBucketLocation to GET https://s3.amazonaws.com/bucket-name?location HTTP/1.1
2025-02-05 23:54:50.532+0000 [id=17759]	FINEST	o.jclouds.logging.jdk.JDKLogger#logTrace: << response from GetBucketLocation is parsed by ParseSax
2025-02-05 23:54:50.535+0000 [id=17759]	FINEST	o.jclouds.logging.jdk.JDKLogger#logTrace: << exceptions from GetBucketLocation are parsed by MapHttp4xxCodesToExceptions
2025-02-05 23:54:50.537+0000 [id=17759]	FINE	o.jclouds.logging.jdk.JDKLogger#logDebug: >> invoking GetBucketLocation
2025-02-05 23:54:50.603+0000 [id=17759]	FINEST	o.jclouds.logging.jdk.JDKLogger#logTrace: >> converting GetBucketLocation
2025-02-05 23:54:50.606+0000 [id=17759]	FINEST	o.jclouds.logging.jdk.JDKLogger#logTrace: << converted GetBucketLocation to GET https://s3.amazonaws.com/bucket-name?location HTTP/1.1
2025-02-05 23:54:50.608+0000 [id=17759]	FINEST	o.jclouds.logging.jdk.JDKLogger#logTrace: << response from GetBucketLocation is parsed by ParseSax
2025-02-05 23:54:50.611+0000 [id=17759]	FINEST	o.jclouds.logging.jdk.JDKLogger#logTrace: << exceptions from GetBucketLocation are parsed by MapHttp4xxCodesToExceptions
2025-02-05 23:54:50.613+0000 [id=17759]	FINE	o.jclouds.logging.jdk.JDKLogger#logDebug: >> invoking GetBucketLocation
2025-02-05 23:54:50.678+0000 [id=17759]	FINEST	o.jclouds.logging.jdk.JDKLogger#logTrace: >> converting GetBucketLocation
2025-02-05 23:54:50.681+0000 [id=17759]	FINEST	o.jclouds.logging.jdk.JDKLogger#logTrace: << converted GetBucketLocation to GET https://s3.amazonaws.com/bucket-name?location HTTP/1.1
2025-02-05 23:54:50.683+0000 [id=17759]	FINEST	o.jclouds.logging.jdk.JDKLogger#logTrace: << response from GetBucketLocation is parsed by ParseSax
2025-02-05 23:54:50.686+0000 [id=17759]	FINEST	o.jclouds.logging.jdk.JDKLogger#logTrace: << exceptions from GetBucketLocation are parsed by MapHttp4xxCodesToExceptions
2025-02-05 23:54:50.702+0000 [id=17759]	FINE	o.jclouds.logging.jdk.JDKLogger#logDebug: >> invoking GetBucketLocation
2025-02-05 23:54:50.773+0000 [id=17759]	FINEST	o.jclouds.logging.jdk.JDKLogger#logTrace: >> converting GetBucketLocation
2025-02-05 23:54:50.776+0000 [id=17759]	FINEST	o.jclouds.logging.jdk.JDKLogger#logTrace: << converted GetBucketLocation to GET https://s3.amazonaws.com/bucket-name?location HTTP/1.1
2025-02-05 23:54:50.779+0000 [id=17759]	FINEST	o.jclouds.logging.jdk.JDKLogger#logTrace: << response from GetBucketLocation is parsed by ParseSax
2025-02-05 23:54:50.782+0000 [id=17759]	FINEST	o.jclouds.logging.jdk.JDKLogger#logTrace: << exceptions from GetBucketLocation are parsed by MapHttp4xxCodesToExceptions
2025-02-05 23:54:50.784+0000 [id=17759]	FINE	o.jclouds.logging.jdk.JDKLogger#logDebug: >> invoking GetBucketLocation
2025-02-05 23:54:50.849+0000 [id=17759]	FINEST	o.jclouds.logging.jdk.JDKLogger#logTrace: >> converting GetBucketLocation
2025-02-05 23:54:50.852+0000 [id=17759]	FINEST	o.jclouds.logging.jdk.JDKLogger#logTrace: << converted GetBucketLocation to GET https://s3.amazonaws.com/bucket-name?location HTTP/1.1
2025-02-05 23:54:50.856+0000 [id=17759]	FINEST	o.jclouds.logging.jdk.JDKLogger#logTrace: << response from GetBucketLocation is parsed by ParseSax
2025-02-05 23:54:50.859+0000 [id=17759]	FINEST	o.jclouds.logging.jdk.JDKLogger#logTrace: << exceptions from GetBucketLocation are parsed by MapHttp4xxCodesToExceptions
2025-02-05 23:54:50.862+0000 [id=17759]	FINE	o.jclouds.logging.jdk.JDKLogger#logDebug: >> invoking GetBucketLocation
2025-02-05 23:54:50.930+0000 [id=17759]	FINEST	o.jclouds.logging.jdk.JDKLogger#logTrace: >> converting GetBucketLocation
2025-02-05 23:54:50.932+0000 [id=17759]	FINEST	o.jclouds.logging.jdk.JDKLogger#logTrace: << converted GetBucketLocation to GET https://s3.amazonaws.com/bucket-name?location HTTP/1.1
2025-02-05 23:54:50.935+0000 [id=17759]	FINEST	o.jclouds.logging.jdk.JDKLogger#logTrace: << response from GetBucketLocation is parsed by ParseSax
2025-02-05 23:54:50.936+0000 [id=17759]	FINEST	o.jclouds.logging.jdk.JDKLogger#logTrace: << exceptions from GetBucketLocation are parsed by MapHttp4xxCodesToExceptions
2025-02-05 23:54:50.939+0000 [id=17759]	FINE	o.jclouds.logging.jdk.JDKLogger#logDebug: >> invoking GetBucketLocation
2025-02-05 23:54:51.004+0000 [id=17759]	FINEST	o.jclouds.logging.jdk.JDKLogger#logTrace: >> converting GetBucketLocation
2025-02-05 23:54:51.007+0000 [id=17759]	FINEST	o.jclouds.logging.jdk.JDKLogger#logTrace: << converted GetBucketLocation to GET https://s3.amazonaws.com/bucket-name?location HTTP/1.1
2025-02-05 23:54:51.009+0000 [id=17759]	FINEST	o.jclouds.logging.jdk.JDKLogger#logTrace: << response from GetBucketLocation is parsed by ParseSax
2025-02-05 23:54:51.011+0000 [id=17759]	FINEST	o.jclouds.logging.jdk.JDKLogger#logTrace: << exceptions from GetBucketLocation are parsed by MapHttp4xxCodesToExceptions
2025-02-05 23:54:51.015+0000 [id=17759]	FINE	o.jclouds.logging.jdk.JDKLogger#logDebug: >> invoking GetBucketLocation
2025-02-05 23:54:51.092+0000 [id=17759]	FINEST	o.jclouds.logging.jdk.JDKLogger#logTrace: >> converting GetBucketLocation
2025-02-05 23:54:51.095+0000 [id=17759]	FINEST	o.jclouds.logging.jdk.JDKLogger#logTrace: << converted GetBucketLocation to GET https://s3.amazonaws.com/bucket-name?location HTTP/1.1
2025-02-05 23:54:51.099+0000 [id=17759]	FINEST	o.jclouds.logging.jdk.JDKLogger#logTrace: << response from GetBucketLocation is parsed by ParseSax
2025-02-05 23:54:51.102+0000 [id=17759]	FINEST	o.jclouds.logging.jdk.JDKLogger#logTrace: << exceptions from GetBucketLocation are parsed by MapHttp4xxCodesToExceptions
2025-02-05 23:54:51.104+0000 [id=17759]	FINE	o.jclouds.logging.jdk.JDKLogger#logDebug: >> invoking GetBucketLocation
2025-02-05 23:54:51.169+0000 [id=17759]	FINEST	o.jclouds.logging.jdk.JDKLogger#logTrace: >> converting GetBucketLocation
2025-02-05 23:54:51.172+0000 [id=17759]	FINEST	o.jclouds.logging.jdk.JDKLogger#logTrace: << converted GetBucketLocation to GET https://s3.amazonaws.com/bucket-name?location HTTP/1.1
2025-02-05 23:54:51.174+0000 [id=17759]	FINEST	o.jclouds.logging.jdk.JDKLogger#logTrace: << response from GetBucketLocation is parsed by ParseSax
2025-02-05 23:54:51.177+0000 [id=17759]	FINEST	o.jclouds.logging.jdk.JDKLogger#logTrace: << exceptions from GetBucketLocation are parsed by MapHttp4xxCodesToExceptions
2025-02-05 23:54:51.179+0000 [id=17759]	FINE	o.jclouds.logging.jdk.JDKLogger#logDebug: >> invoking GetBucketLocation
2025-02-05 23:54:51.245+0000 [id=17759]	FINEST	o.jclouds.logging.jdk.JDKLogger#logTrace: >> converting GetBucketLocation
2025-02-05 23:54:51.247+0000 [id=17759]	FINEST	o.jclouds.logging.jdk.JDKLogger#logTrace: << converted GetBucketLocation to GET https://s3.amazonaws.com/bucket-name?location HTTP/1.1
2025-02-05 23:54:51.249+0000 [id=17759]	FINEST	o.jclouds.logging.jdk.JDKLogger#logTrace: << response from GetBucketLocation is parsed by ParseSax
2025-02-05 23:54:51.251+0000 [id=17759]	FINEST	o.jclouds.logging.jdk.JDKLogger#logTrace: << exceptions from GetBucketLocation are parsed by MapHttp4xxCodesToExceptions
2025-02-05 23:54:51.253+0000 [id=17759]	FINE	o.jclouds.logging.jdk.JDKLogger#logDebug: >> invoking GetBucketLocation
2025-02-05 23:54:51.317+0000 [id=17759]	FINEST	o.jclouds.logging.jdk.JDKLogger#logTrace: >> converting GetBucketLocation
2025-02-05 23:54:51.319+0000 [id=17759]	FINEST	o.jclouds.logging.jdk.JDKLogger#logTrace: << converted GetBucketLocation to GET https://s3.amazonaws.com/bucket-name?location HTTP/1.1
2025-02-05 23:54:51.321+0000 [id=17759]	FINEST	o.jclouds.logging.jdk.JDKLogger#logTrace: << response from GetBucketLocation is parsed by ParseSax
2025-02-05 23:54:51.324+0000 [id=17759]	FINEST	o.jclouds.logging.jdk.JDKLogger#logTrace: << exceptions from GetBucketLocation are parsed by MapHttp4xxCodesToExceptions
2025-02-05 23:54:51.327+0000 [id=17759]	FINE	o.jclouds.logging.jdk.JDKLogger#logDebug: >> invoking GetBucketLocation
2025-02-05 23:54:51.393+0000 [id=17759]	FINEST	o.jclouds.logging.jdk.JDKLogger#logTrace: >> converting GetBucketLocation
2025-02-05 23:54:51.395+0000 [id=17759]	FINEST	o.jclouds.logging.jdk.JDKLogger#logTrace: << converted GetBucketLocation to GET https://s3.amazonaws.com/bucket-name?location HTTP/1.1
2025-02-05 23:54:51.398+0000 [id=17759]	FINEST	o.jclouds.logging.jdk.JDKLogger#logTrace: << response from GetBucketLocation is parsed by ParseSax
2025-02-05 23:54:51.400+0000 [id=17759]	FINEST	o.jclouds.logging.jdk.JDKLogger#logTrace: << exceptions from GetBucketLocation are parsed by MapHttp4xxCodesToExceptions
2025-02-05 23:54:51.403+0000 [id=17759]	FINE	o.jclouds.logging.jdk.JDKLogger#logDebug: >> invoking GetBucketLocation
2025-02-05 23:54:51.467+0000 [id=17759]	FINEST	o.jclouds.logging.jdk.JDKLogger#logTrace: >> converting GetBucketLocation
2025-02-05 23:54:51.469+0000 [id=17759]	FINEST	o.jclouds.logging.jdk.JDKLogger#logTrace: << converted GetBucketLocation to GET https://s3.amazonaws.com/bucket-name?location HTTP/1.1
2025-02-05 23:54:51.472+0000 [id=17759]	FINEST	o.jclouds.logging.jdk.JDKLogger#logTrace: << response from GetBucketLocation is parsed by ParseSax
2025-02-05 23:54:51.475+0000 [id=17759]	FINEST	o.jclouds.logging.jdk.JDKLogger#logTrace: << exceptions from GetBucketLocation are parsed by MapHttp4xxCodesToExceptions
2025-02-05 23:54:51.478+0000 [id=17759]	FINE	o.jclouds.logging.jdk.JDKLogger#logDebug: >> invoking GetBucketLocation
2025-02-05 23:54:51.543+0000 [id=17759]	FINEST	o.jclouds.logging.jdk.JDKLogger#logTrace: >> converting GetBucketLocation
2025-02-05 23:54:51.547+0000 [id=17759]	FINEST	o.jclouds.logging.jdk.JDKLogger#logTrace: << converted GetBucketLocation to GET https://s3.amazonaws.com/bucket-name?location HTTP/1.1
2025-02-05 23:54:51.550+0000 [id=17759]	FINEST	o.jclouds.logging.jdk.JDKLogger#logTrace: << response from GetBucketLocation is parsed by ParseSax
2025-02-05 23:54:51.558+0000 [id=17759]	FINEST	o.jclouds.logging.jdk.JDKLogger#logTrace: << exceptions from GetBucketLocation are parsed by MapHttp4xxCodesToExceptions
2025-02-05 23:54:51.565+0000 [id=17759]	FINE	o.jclouds.logging.jdk.JDKLogger#logDebug: >> invoking GetBucketLocation
2025-02-05 23:54:51.634+0000 [id=17759]	FINEST	o.jclouds.logging.jdk.JDKLogger#logTrace: >> converting GetBucketLocation
2025-02-05 23:54:51.637+0000 [id=17759]	FINEST	o.jclouds.logging.jdk.JDKLogger#logTrace: << converted GetBucketLocation to GET https://s3.amazonaws.com/bucket-name?location HTTP/1.1
2025-02-05 23:54:51.640+0000 [id=17759]	FINEST	o.jclouds.logging.jdk.JDKLogger#logTrace: << response from GetBucketLocation is parsed by ParseSax
2025-02-05 23:54:51.643+0000 [id=17759]	FINEST	o.jclouds.logging.jdk.JDKLogger#logTrace: << exceptions from GetBucketLocation are parsed by MapHttp4xxCodesToExceptions
2025-02-05 23:54:51.646+0000 [id=17759]	FINE	o.jclouds.logging.jdk.JDKLogger#logDebug: >> invoking GetBucketLocation
2025-02-05 23:54:51.713+0000 [id=17759]	FINEST	o.jclouds.logging.jdk.JDKLogger#logTrace: >> converting GetBucketLocation
2025-02-05 23:54:51.716+0000 [id=17759]	FINEST	o.jclouds.logging.jdk.JDKLogger#logTrace: << converted GetBucketLocation to GET https://s3.amazonaws.com/bucket-name?location HTTP/1.1
2025-02-05 23:54:51.719+0000 [id=17759]	FINEST	o.jclouds.logging.jdk.JDKLogger#logTrace: << response from GetBucketLocation is parsed by ParseSax
2025-02-05 23:54:51.726+0000 [id=17759]	FINEST	o.jclouds.logging.jdk.JDKLogger#logTrace: << exceptions from GetBucketLocation are parsed by MapHttp4xxCodesToExceptions
2025-02-05 23:54:51.732+0000 [id=17759]	FINE	o.jclouds.logging.jdk.JDKLogger#logDebug: >> invoking GetBucketLocation
2025-02-05 23:54:51.797+0000 [id=17759]	FINEST	o.jclouds.logging.jdk.JDKLogger#logTrace: >> converting GetBucketLocation
2025-02-05 23:54:51.799+0000 [id=17759]	FINEST	o.jclouds.logging.jdk.JDKLogger#logTrace: << converted GetBucketLocation to GET https://s3.amazonaws.com/bucket-name?location HTTP/1.1
2025-02-05 23:54:51.802+0000 [id=17759]	FINEST	o.jclouds.logging.jdk.JDKLogger#logTrace: << response from GetBucketLocation is parsed by ParseSax
2025-02-05 23:54:51.806+0000 [id=17759]	FINEST	o.jclouds.logging.jdk.JDKLogger#logTrace: << exceptions from GetBucketLocation are parsed by MapHttp4xxCodesToExceptions
2025-02-05 23:54:51.809+0000 [id=17759]	FINE	o.jclouds.logging.jdk.JDKLogger#logDebug: >> invoking GetBucketLocation
2025-02-05 23:54:51.876+0000 [id=17759]	FINEST	o.jclouds.logging.jdk.JDKLogger#logTrace: >> converting GetBucketLocation
2025-02-05 23:54:51.878+0000 [id=17759]	FINEST	o.jclouds.logging.jdk.JDKLogger#logTrace: << converted GetBucketLocation to GET https://s3.amazonaws.com/bucket-name?location HTTP/1.1
2025-02-05 23:54:51.880+0000 [id=17759]	FINEST	o.jclouds.logging.jdk.JDKLogger#logTrace: << response from GetBucketLocation is parsed by ParseSax
2025-02-05 23:54:51.883+0000 [id=17759]	FINEST	o.jclouds.logging.jdk.JDKLogger#logTrace: << exceptions from GetBucketLocation are parsed by MapHttp4xxCodesToExceptions
2025-02-05 23:54:51.885+0000 [id=17759]	FINE	o.jclouds.logging.jdk.JDKLogger#logDebug: >> invoking GetBucketLocation
2025-02-05 23:54:51.951+0000 [id=17759]	FINEST	o.jclouds.logging.jdk.JDKLogger#logTrace: >> converting GetBucketLocation
2025-02-05 23:54:51.957+0000 [id=17759]	FINEST	o.jclouds.logging.jdk.JDKLogger#logTrace: << converted GetBucketLocation to GET https://s3.amazonaws.com/bucket-name?location HTTP/1.1
2025-02-05 23:54:51.969+0000 [id=17759]	FINEST	o.jclouds.logging.jdk.JDKLogger#logTrace: << response from GetBucketLocation is parsed by ParseSax
2025-02-05 23:54:51.973+0000 [id=17759]	FINEST	o.jclouds.logging.jdk.JDKLogger#logTrace: << exceptions from GetBucketLocation are parsed by MapHttp4xxCodesToExceptions
2025-02-05 23:54:51.996+0000 [id=17759]	FINE	o.jclouds.logging.jdk.JDKLogger#logDebug: >> invoking GetBucketLocation
2025-02-05 23:54:52.063+0000 [id=17759]	FINEST	o.jclouds.logging.jdk.JDKLogger#logTrace: >> converting GetBucketLocation
2025-02-05 23:54:52.066+0000 [id=17759]	FINEST	o.jclouds.logging.jdk.JDKLogger#logTrace: << converted GetBucketLocation to GET https://s3.amazonaws.com/bucket-name?location HTTP/1.1
2025-02-05 23:54:52.069+0000 [id=17759]	FINEST	o.jclouds.logging.jdk.JDKLogger#logTrace: << response from GetBucketLocation is parsed by ParseSax
2025-02-05 23:54:52.072+0000 [id=17759]	FINEST	o.jclouds.logging.jdk.JDKLogger#logTrace: << exceptions from GetBucketLocation are parsed by MapHttp4xxCodesToExceptions
2025-02-05 23:54:52.074+0000 [id=17759]	FINE	o.jclouds.logging.jdk.JDKLogger#logDebug: >> invoking GetBucketLocation
2025-02-05 23:54:52.141+0000 [id=17759]	FINEST	o.jclouds.logging.jdk.JDKLogger#logTrace: >> converting GetBucketLocation
2025-02-05 23:54:52.144+0000 [id=17759]	FINEST	o.jclouds.logging.jdk.JDKLogger#logTrace: << converted GetBucketLocation to GET https://s3.amazonaws.com/bucket-name?location HTTP/1.1
2025-02-05 23:54:52.147+0000 [id=17759]	FINEST	o.jclouds.logging.jdk.JDKLogger#logTrace: << response from GetBucketLocation is parsed by ParseSax
2025-02-05 23:54:52.149+0000 [id=17759]	FINEST	o.jclouds.logging.jdk.JDKLogger#logTrace: << exceptions from GetBucketLocation are parsed by MapHttp4xxCodesToExceptions
2025-02-05 23:54:52.152+0000 [id=17759]	FINE	o.jclouds.logging.jdk.JDKLogger#logDebug: >> invoking GetBucketLocation
2025-02-05 23:54:52.217+0000 [id=17759]	FINEST	o.jclouds.logging.jdk.JDKLogger#logTrace: >> converting GetBucketLocation
2025-02-05 23:54:52.220+0000 [id=17759]	FINEST	o.jclouds.logging.jdk.JDKLogger#logTrace: << converted GetBucketLocation to GET https://s3.amazonaws.com/bucket-name?location HTTP/1.1
2025-02-05 23:54:52.223+0000 [id=17759]	FINEST	o.jclouds.logging.jdk.JDKLogger#logTrace: << response from GetBucketLocation is parsed by ParseSax
2025-02-05 23:54:52.226+0000 [id=17759]	FINEST	o.jclouds.logging.jdk.JDKLogger#logTrace: << exceptions from GetBucketLocation are parsed by MapHttp4xxCodesToExceptions
2025-02-05 23:54:52.232+0000 [id=17759]	FINE	o.jclouds.logging.jdk.JDKLogger#logDebug: >> invoking GetBucketLocation
2025-02-05 23:54:52.297+0000 [id=17759]	FINEST	o.jclouds.logging.jdk.JDKLogger#logTrace: >> converting GetBucketLocation
2025-02-05 23:54:52.299+0000 [id=17759]	FINEST	o.jclouds.logging.jdk.JDKLogger#logTrace: << converted GetBucketLocation to GET https://s3.amazonaws.com/bucket-name?location HTTP/1.1
2025-02-05 23:54:52.302+0000 [id=17759]	FINEST	o.jclouds.logging.jdk.JDKLogger#logTrace: << response from GetBucketLocation is parsed by ParseSax
2025-02-05 23:54:52.305+0000 [id=17759]	FINEST	o.jclouds.logging.jdk.JDKLogger#logTrace: << exceptions from GetBucketLocation are parsed by MapHttp4xxCodesToExceptions
2025-02-05 23:54:52.307+0000 [id=17759]	FINE	o.jclouds.logging.jdk.JDKLogger#logDebug: >> invoking GetBucketLocation
2025-02-05 23:54:52.374+0000 [id=17759]	FINEST	o.jclouds.logging.jdk.JDKLogger#logTrace: >> converting GetBucketLocation
2025-02-05 23:54:52.377+0000 [id=17759]	FINEST	o.jclouds.logging.jdk.JDKLogger#logTrace: << converted GetBucketLocation to GET https://s3.amazonaws.com/bucket-name?location HTTP/1.1
2025-02-05 23:54:52.379+0000 [id=17759]	FINEST	o.jclouds.logging.jdk.JDKLogger#logTrace: << response from GetBucketLocation is parsed by ParseSax
2025-02-05 23:54:52.381+0000 [id=17759]	FINEST	o.jclouds.logging.jdk.JDKLogger#logTrace: << exceptions from GetBucketLocation are parsed by MapHttp4xxCodesToExceptions
2025-02-05 23:54:52.383+0000 [id=17759]	FINE	o.jclouds.logging.jdk.JDKLogger#logDebug: >> invoking GetBucketLocation
2025-02-05 23:54:52.448+0000 [id=17759]	FINEST	o.jclouds.logging.jdk.JDKLogger#logTrace: >> converting GetBucketLocation
2025-02-05 23:54:52.450+0000 [id=17759]	FINEST	o.jclouds.logging.jdk.JDKLogger#logTrace: << converted GetBucketLocation to GET https://s3.amazonaws.com/bucket-name?location HTTP/1.1
2025-02-05 23:54:52.452+0000 [id=17759]	FINEST	o.jclouds.logging.jdk.JDKLogger#logTrace: << response from GetBucketLocation is parsed by ParseSax
2025-02-05 23:54:52.455+0000 [id=17759]	FINEST	o.jclouds.logging.jdk.JDKLogger#logTrace: << exceptions from GetBucketLocation are parsed by MapHttp4xxCodesToExceptions
2025-02-05 23:54:52.457+0000 [id=17759]	FINE	o.jclouds.logging.jdk.JDKLogger#logDebug: >> invoking GetBucketLocation
2025-02-05 23:54:52.522+0000 [id=17759]	FINEST	o.jclouds.logging.jdk.JDKLogger#logTrace: >> converting GetBucketLocation
2025-02-05 23:54:52.525+0000 [id=17759]	FINEST	o.jclouds.logging.jdk.JDKLogger#logTrace: << converted GetBucketLocation to GET https://s3.amazonaws.com/bucket-name?location HTTP/1.1
2025-02-05 23:54:52.528+0000 [id=17759]	FINEST	o.jclouds.logging.jdk.JDKLogger#logTrace: << response from GetBucketLocation is parsed by ParseSax
2025-02-05 23:54:52.530+0000 [id=17759]	FINEST	o.jclouds.logging.jdk.JDKLogger#logTrace: << exceptions from GetBucketLocation are parsed by MapHttp4xxCodesToExceptions
2025-02-05 23:54:52.532+0000 [id=17759]	FINE	o.jclouds.logging.jdk.JDKLogger#logDebug: >> invoking GetBucketLocation
2025-02-05 23:54:52.597+0000 [id=17759]	FINEST	o.jclouds.logging.jdk.JDKLogger#logTrace: >> converting GetBucketLocation
2025-02-05 23:54:52.599+0000 [id=17759]	FINEST	o.jclouds.logging.jdk.JDKLogger#logTrace: << converted GetBucketLocation to GET https://s3.amazonaws.com/bucket-name?location HTTP/1.1
2025-02-05 23:54:52.602+0000 [id=17759]	FINEST	o.jclouds.logging.jdk.JDKLogger#logTrace: << response from GetBucketLocation is parsed by ParseSax
2025-02-05 23:54:52.603+0000 [id=17759]	FINEST	o.jclouds.logging.jdk.JDKLogger#logTrace: << exceptions from GetBucketLocation are parsed by MapHttp4xxCodesToExceptions
2025-02-05 23:54:52.605+0000 [id=17759]	FINE	o.jclouds.logging.jdk.JDKLogger#logDebug: >> invoking GetBucketLocation
2025-02-05 23:54:52.671+0000 [id=17759]	FINEST	o.jclouds.logging.jdk.JDKLogger#logTrace: >> converting GetBucketLocation
2025-02-05 23:54:52.674+0000 [id=17759]	FINEST	o.jclouds.logging.jdk.JDKLogger#logTrace: << converted GetBucketLocation to GET https://s3.amazonaws.com/bucket-name?location HTTP/1.1
2025-02-05 23:54:52.677+0000 [id=17759]	FINEST	o.jclouds.logging.jdk.JDKLogger#logTrace: << response from GetBucketLocation is parsed by ParseSax
2025-02-05 23:54:52.680+0000 [id=17759]	FINEST	o.jclouds.logging.jdk.JDKLogger#logTrace: << exceptions from GetBucketLocation are parsed by MapHttp4xxCodesToExceptions
2025-02-05 23:54:52.685+0000 [id=17759]	FINE	o.jclouds.logging.jdk.JDKLogger#logDebug: >> invoking GetBucketLocation
2025-02-05 23:54:52.751+0000 [id=17759]	FINEST	o.jclouds.logging.jdk.JDKLogger#logTrace: >> converting GetBucketLocation
2025-02-05 23:54:52.753+0000 [id=17759]	FINEST	o.jclouds.logging.jdk.JDKLogger#logTrace: << converted GetBucketLocation to GET https://s3.amazonaws.com/bucket-name?location HTTP/1.1
2025-02-05 23:54:52.757+0000 [id=17759]	FINEST	o.jclouds.logging.jdk.JDKLogger#logTrace: << response from GetBucketLocation is parsed by ParseSax
2025-02-05 23:54:52.764+0000 [id=17759]	FINEST	o.jclouds.logging.jdk.JDKLogger#logTrace: << exceptions from GetBucketLocation are parsed by MapHttp4xxCodesToExceptions
2025-02-05 23:54:52.768+0000 [id=17759]	FINE	o.jclouds.logging.jdk.JDKLogger#logDebug: >> invoking GetBucketLocation
2025-02-05 23:54:52.838+0000 [id=17759]	FINEST	o.jclouds.logging.jdk.JDKLogger#logTrace: >> converting GetBucketLocation
2025-02-05 23:54:52.843+0000 [id=17759]	FINEST	o.jclouds.logging.jdk.JDKLogger#logTrace: << converted GetBucketLocation to GET https://s3.amazonaws.com/bucket-name?location HTTP/1.1
2025-02-05 23:54:52.847+0000 [id=17759]	FINEST	o.jclouds.logging.jdk.JDKLogger#logTrace: << response from GetBucketLocation is parsed by ParseSax
2025-02-05 23:54:52.851+0000 [id=17759]	FINEST	o.jclouds.logging.jdk.JDKLogger#logTrace: << exceptions from GetBucketLocation are parsed by MapHttp4xxCodesToExceptions
2025-02-05 23:54:52.853+0000 [id=17759]	FINE	o.jclouds.logging.jdk.JDKLogger#logDebug: >> invoking GetBucketLocation
2025-02-05 23:54:52.920+0000 [id=17759]	FINEST	o.jclouds.logging.jdk.JDKLogger#logTrace: >> converting GetBucketLocation
2025-02-05 23:54:52.922+0000 [id=17759]	FINEST	o.jclouds.logging.jdk.JDKLogger#logTrace: << converted GetBucketLocation to GET https://s3.amazonaws.com/bucket-name?location HTTP/1.1
2025-02-05 23:54:52.925+0000 [id=17759]	FINEST	o.jclouds.logging.jdk.JDKLogger#logTrace: << response from GetBucketLocation is parsed by ParseSax
2025-02-05 23:54:52.928+0000 [id=17759]	FINEST	o.jclouds.logging.jdk.JDKLogger#logTrace: << exceptions from GetBucketLocation are parsed by MapHttp4xxCodesToExceptions
2025-02-05 23:54:52.932+0000 [id=17759]	FINE	o.jclouds.logging.jdk.JDKLogger#logDebug: >> invoking GetBucketLocation
2025-02-05 23:54:52.999+0000 [id=17759]	FINEST	o.jclouds.logging.jdk.JDKLogger#logTrace: >> converting GetBucketLocation
2025-02-05 23:54:53.003+0000 [id=17759]	FINEST	o.jclouds.logging.jdk.JDKLogger#logTrace: << converted GetBucketLocation to GET https://s3.amazonaws.com/bucket-name?location HTTP/1.1
2025-02-05 23:54:53.006+0000 [id=17759]	FINEST	o.jclouds.logging.jdk.JDKLogger#logTrace: << response from GetBucketLocation is parsed by ParseSax
2025-02-05 23:54:53.009+0000 [id=17759]	FINEST	o.jclouds.logging.jdk.JDKLogger#logTrace: << exceptions from GetBucketLocation are parsed by MapHttp4xxCodesToExceptions
2025-02-05 23:54:53.011+0000 [id=17759]	FINE	o.jclouds.logging.jdk.JDKLogger#logDebug: >> invoking GetBucketLocation
2025-02-05 23:54:53.077+0000 [id=17759]	FINEST	o.jclouds.logging.jdk.JDKLogger#logTrace: >> converting GetBucketLocation
2025-02-05 23:54:53.081+0000 [id=17759]	FINEST	o.jclouds.logging.jdk.JDKLogger#logTrace: << converted GetBucketLocation to GET https://s3.amazonaws.com/bucket-name?location HTTP/1.1
2025-02-05 23:54:53.085+0000 [id=17759]	FINEST	o.jclouds.logging.jdk.JDKLogger#logTrace: << response from GetBucketLocation is parsed by ParseSax
2025-02-05 23:54:53.088+0000 [id=17759]	FINEST	o.jclouds.logging.jdk.JDKLogger#logTrace: << exceptions from GetBucketLocation are parsed by MapHttp4xxCodesToExceptions
2025-02-05 23:54:53.091+0000 [id=17759]	FINE	o.jclouds.logging.jdk.JDKLogger#logDebug: >> invoking GetBucketLocation
2025-02-05 23:54:53.157+0000 [id=17759]	FINEST	o.jclouds.logging.jdk.JDKLogger#logTrace: >> converting GetBucketLocation
2025-02-05 23:54:53.160+0000 [id=17759]	FINEST	o.jclouds.logging.jdk.JDKLogger#logTrace: << converted GetBucketLocation to GET https://s3.amazonaws.com/bucket-name?location HTTP/1.1
2025-02-05 23:54:53.166+0000 [id=17759]	FINEST	o.jclouds.logging.jdk.JDKLogger#logTrace: << response from GetBucketLocation is parsed by ParseSax
2025-02-05 23:54:53.169+0000 [id=17759]	FINEST	o.jclouds.logging.jdk.JDKLogger#logTrace: << exceptions from GetBucketLocation are parsed by MapHttp4xxCodesToExceptions
2025-02-05 23:54:53.173+0000 [id=17759]	FINE	o.jclouds.logging.jdk.JDKLogger#logDebug: >> invoking GetBucketLocation
2025-02-05 23:54:53.240+0000 [id=17759]	FINEST	o.jclouds.logging.jdk.JDKLogger#logTrace: >> converting GetBucketLocation
2025-02-05 23:54:53.243+0000 [id=17759]	FINEST	o.jclouds.logging.jdk.JDKLogger#logTrace: << converted GetBucketLocation to GET https://s3.amazonaws.com/bucket-name?location HTTP/1.1
2025-02-05 23:54:53.246+0000 [id=17759]	FINEST	o.jclouds.logging.jdk.JDKLogger#logTrace: << response from GetBucketLocation is parsed by ParseSax
2025-02-05 23:54:53.248+0000 [id=17759]	FINEST	o.jclouds.logging.jdk.JDKLogger#logTrace: << exceptions from GetBucketLocation are parsed by MapHttp4xxCodesToExceptions
2025-02-05 23:54:53.250+0000 [id=17759]	FINE	o.jclouds.logging.jdk.JDKLogger#logDebug: >> invoking GetBucketLocation
2025-02-05 23:54:53.316+0000 [id=17759]	FINEST	o.jclouds.logging.jdk.JDKLogger#logTrace: >> converting GetBucketLocation
2025-02-05 23:54:53.318+0000 [id=17759]	FINEST	o.jclouds.logging.jdk.JDKLogger#logTrace: << converted GetBucketLocation to GET https://s3.amazonaws.com/bucket-name?location HTTP/1.1
2025-02-05 23:54:53.321+0000 [id=17759]	FINEST	o.jclouds.logging.jdk.JDKLogger#logTrace: << response from GetBucketLocation is parsed by ParseSax
2025-02-05 23:54:53.323+0000 [id=17759]	FINEST	o.jclouds.logging.jdk.JDKLogger#logTrace: << exceptions from GetBucketLocation are parsed by MapHttp4xxCodesToExceptions
2025-02-05 23:54:53.325+0000 [id=17759]	FINE	o.jclouds.logging.jdk.JDKLogger#logDebug: >> invoking GetBucketLocation
2025-02-05 23:54:53.395+0000 [id=17759]	FINEST	o.jclouds.logging.jdk.JDKLogger#logTrace: >> converting GetBucketLocation
2025-02-05 23:54:53.398+0000 [id=17759]	FINEST	o.jclouds.logging.jdk.JDKLogger#logTrace: << converted GetBucketLocation to GET https://s3.amazonaws.com/bucket-name?location HTTP/1.1
2025-02-05 23:54:53.400+0000 [id=17759]	FINEST	o.jclouds.logging.jdk.JDKLogger#logTrace: << response from GetBucketLocation is parsed by ParseSax
2025-02-05 23:54:53.404+0000 [id=17759]	FINEST	o.jclouds.logging.jdk.JDKLogger#logTrace: << exceptions from GetBucketLocation are parsed by MapHttp4xxCodesToExceptions
2025-02-05 23:54:53.406+0000 [id=17759]	FINE	o.jclouds.logging.jdk.JDKLogger#logDebug: >> invoking GetBucketLocation
2025-02-05 23:54:53.471+0000 [id=17759]	FINEST	o.jclouds.logging.jdk.JDKLogger#logTrace: >> converting GetBucketLocation
2025-02-05 23:54:53.474+0000 [id=17759]	FINEST	o.jclouds.logging.jdk.JDKLogger#logTrace: << converted GetBucketLocation to GET https://s3.amazonaws.com/bucket-name?location HTTP/1.1
2025-02-05 23:54:53.477+0000 [id=17759]	FINEST	o.jclouds.logging.jdk.JDKLogger#logTrace: << response from GetBucketLocation is parsed by ParseSax
2025-02-05 23:54:53.479+0000 [id=17759]	FINEST	o.jclouds.logging.jdk.JDKLogger#logTrace: << exceptions from GetBucketLocation are parsed by MapHttp4xxCodesToExceptions
2025-02-05 23:54:53.482+0000 [id=17759]	FINE	o.jclouds.logging.jdk.JDKLogger#logDebug: >> invoking GetBucketLocation
2025-02-05 23:54:53.546+0000 [id=17759]	FINEST	o.jclouds.logging.jdk.JDKLogger#logTrace: >> converting GetBucketLocation
2025-02-05 23:54:53.549+0000 [id=17759]	FINEST	o.jclouds.logging.jdk.JDKLogger#logTrace: << converted GetBucketLocation to GET https://s3.amazonaws.com/bucket-name?location HTTP/1.1
2025-02-05 23:54:53.551+0000 [id=17759]	FINEST	o.jclouds.logging.jdk.JDKLogger#logTrace: << response from GetBucketLocation is parsed by ParseSax
2025-02-05 23:54:53.554+0000 [id=17759]	FINEST	o.jclouds.logging.jdk.JDKLogger#logTrace: << exceptions from GetBucketLocation are parsed by MapHttp4xxCodesToExceptions
2025-02-05 23:54:53.556+0000 [id=17759]	FINE	o.jclouds.logging.jdk.JDKLogger#logDebug: >> invoking GetBucketLocation
2025-02-05 23:54:53.622+0000 [id=17759]	FINEST	o.jclouds.logging.jdk.JDKLogger#logTrace: >> converting GetBucketLocation
2025-02-05 23:54:53.625+0000 [id=17759]	FINEST	o.jclouds.logging.jdk.JDKLogger#logTrace: << converted GetBucketLocation to GET https://s3.amazonaws.com/bucket-name?location HTTP/1.1
2025-02-05 23:54:53.627+0000 [id=17759]	FINEST	o.jclouds.logging.jdk.JDKLogger#logTrace: << response from GetBucketLocation is parsed by ParseSax
2025-02-05 23:54:53.629+0000 [id=17759]	FINEST	o.jclouds.logging.jdk.JDKLogger#logTrace: << exceptions from GetBucketLocation are parsed by MapHttp4xxCodesToExceptions
2025-02-05 23:54:53.632+0000 [id=17759]	FINE	o.jclouds.logging.jdk.JDKLogger#logDebug: >> invoking GetBucketLocation
2025-02-05 23:54:53.697+0000 [id=17759]	FINEST	o.jclouds.logging.jdk.JDKLogger#logTrace: >> converting GetBucketLocation
2025-02-05 23:54:53.700+0000 [id=17759]	FINEST	o.jclouds.logging.jdk.JDKLogger#logTrace: << converted GetBucketLocation to GET https://s3.amazonaws.com/bucket-name?location HTTP/1.1
2025-02-05 23:54:53.702+0000 [id=17759]	FINEST	o.jclouds.logging.jdk.JDKLogger#logTrace: << response from GetBucketLocation is parsed by ParseSax
2025-02-05 23:54:53.705+0000 [id=17759]	FINEST	o.jclouds.logging.jdk.JDKLogger#logTrace: << exceptions from GetBucketLocation are parsed by MapHttp4xxCodesToExceptions
2025-02-05 23:54:53.707+0000 [id=17759]	FINE	o.jclouds.logging.jdk.JDKLogger#logDebug: >> invoking GetBucketLocation
2025-02-05 23:54:53.774+0000 [id=17759]	FINEST	o.jclouds.logging.jdk.JDKLogger#logTrace: >> converting GetBucketLocation
2025-02-05 23:54:53.777+0000 [id=17759]	FINEST	o.jclouds.logging.jdk.JDKLogger#logTrace: << converted GetBucketLocation to GET https://s3.amazonaws.com/bucket-name?location HTTP/1.1
2025-02-05 23:54:53.779+0000 [id=17759]	FINEST	o.jclouds.logging.jdk.JDKLogger#logTrace: << response from GetBucketLocation is parsed by ParseSax
2025-02-05 23:54:53.781+0000 [id=17759]	FINEST	o.jclouds.logging.jdk.JDKLogger#logTrace: << exceptions from GetBucketLocation are parsed by MapHttp4xxCodesToExceptions
2025-02-05 23:54:53.785+0000 [id=17759]	FINE	o.jclouds.logging.jdk.JDKLogger#logDebug: >> invoking GetBucketLocation
2025-02-05 23:54:53.850+0000 [id=17759]	FINEST	o.jclouds.logging.jdk.JDKLogger#logTrace: >> converting GetBucketLocation
2025-02-05 23:54:53.857+0000 [id=17759]	FINEST	o.jclouds.logging.jdk.JDKLogger#logTrace: << converted GetBucketLocation to GET https://s3.amazonaws.com/bucket-name?location HTTP/1.1
2025-02-05 23:54:53.863+0000 [id=17759]	FINEST	o.jclouds.logging.jdk.JDKLogger#logTrace: << response from GetBucketLocation is parsed by ParseSax
2025-02-05 23:54:53.866+0000 [id=17759]	FINEST	o.jclouds.logging.jdk.JDKLogger#logTrace: << exceptions from GetBucketLocation are parsed by MapHttp4xxCodesToExceptions
2025-02-05 23:54:53.868+0000 [id=17759]	FINE	o.jclouds.logging.jdk.JDKLogger#logDebug: >> invoking GetBucketLocation
2025-02-05 23:54:53.942+0000 [id=17759]	FINEST	o.jclouds.logging.jdk.JDKLogger#logTrace: >> converting GetBucketLocation
2025-02-05 23:54:53.948+0000 [id=17759]	FINEST	o.jclouds.logging.jdk.JDKLogger#logTrace: << converted GetBucketLocation to GET https://s3.amazonaws.com/bucket-name?location HTTP/1.1
2025-02-05 23:54:53.952+0000 [id=17759]	FINEST	o.jclouds.logging.jdk.JDKLogger#logTrace: << response from GetBucketLocation is parsed by ParseSax
2025-02-05 23:54:53.954+0000 [id=17759]	FINEST	o.jclouds.logging.jdk.JDKLogger#logTrace: << exceptions from GetBucketLocation are parsed by MapHttp4xxCodesToExceptions
2025-02-05 23:54:53.958+0000 [id=17759]	FINE	o.jclouds.logging.jdk.JDKLogger#logDebug: >> invoking GetBucketLocation
2025-02-05 23:54:54.023+0000 [id=17759]	FINEST	o.jclouds.logging.jdk.JDKLogger#logTrace: >> converting GetBucketLocation
2025-02-05 23:54:54.026+0000 [id=17759]	FINEST	o.jclouds.logging.jdk.JDKLogger#logTrace: << converted GetBucketLocation to GET https://s3.amazonaws.com/bucket-name?location HTTP/1.1
2025-02-05 23:54:54.038+0000 [id=17759]	FINEST	o.jclouds.logging.jdk.JDKLogger#logTrace: << response from GetBucketLocation is parsed by ParseSax
2025-02-05 23:54:54.044+0000 [id=17759]	FINEST	o.jclouds.logging.jdk.JDKLogger#logTrace: << exceptions from GetBucketLocation are parsed by MapHttp4xxCodesToExceptions
2025-02-05 23:54:54.046+0000 [id=17759]	FINE	o.jclouds.logging.jdk.JDKLogger#logDebug: >> invoking GetBucketLocation
2025-02-05 23:54:54.118+0000 [id=17759]	FINEST	o.jclouds.logging.jdk.JDKLogger#logTrace: >> converting GetBucketLocation
2025-02-05 23:54:54.120+0000 [id=17759]	FINEST	o.jclouds.logging.jdk.JDKLogger#logTrace: << converted GetBucketLocation to GET https://s3.amazonaws.com/bucket-name?location HTTP/1.1
2025-02-05 23:54:54.122+0000 [id=17759]	FINEST	o.jclouds.logging.jdk.JDKLogger#logTrace: << response from GetBucketLocation is parsed by ParseSax
2025-02-05 23:54:54.126+0000 [id=17759]	FINEST	o.jclouds.logging.jdk.JDKLogger#logTrace: << exceptions from GetBucketLocation are parsed by MapHttp4xxCodesToExceptions
2025-02-05 23:54:54.128+0000 [id=17759]	FINE	o.jclouds.logging.jdk.JDKLogger#logDebug: >> invoking GetBucketLocation
2025-02-05 23:54:54.192+0000 [id=17759]	FINEST	o.jclouds.logging.jdk.JDKLogger#logTrace: >> converting GetBucketLocation
2025-02-05 23:54:54.195+0000 [id=17759]	FINEST	o.jclouds.logging.jdk.JDKLogger#logTrace: << converted GetBucketLocation to GET https://s3.amazonaws.com/bucket-name?location HTTP/1.1
2025-02-05 23:54:54.197+0000 [id=17759]	FINEST	o.jclouds.logging.jdk.JDKLogger#logTrace: << response from GetBucketLocation is parsed by ParseSax
2025-02-05 23:54:54.199+0000 [id=17759]	FINEST	o.jclouds.logging.jdk.JDKLogger#logTrace: << exceptions from GetBucketLocation are parsed by MapHttp4xxCodesToExceptions
2025-02-05 23:54:54.201+0000 [id=17759]	FINE	o.jclouds.logging.jdk.JDKLogger#logDebug: >> invoking GetBucketLocation
2025-02-05 23:54:54.265+0000 [id=17759]	FINEST	o.jclouds.logging.jdk.JDKLogger#logTrace: >> converting GetBucketLocation
2025-02-05 23:54:54.268+0000 [id=17759]	FINEST	o.jclouds.logging.jdk.JDKLogger#logTrace: << converted GetBucketLocation to GET https://s3.amazonaws.com/bucket-name?location HTTP/1.1
2025-02-05 23:54:54.270+0000 [id=17759]	FINEST	o.jclouds.logging.jdk.JDKLogger#logTrace: << response from GetBucketLocation is parsed by ParseSax
2025-02-05 23:54:54.272+0000 [id=17759]	FINEST	o.jclouds.logging.jdk.JDKLogger#logTrace: << exceptions from GetBucketLocation are parsed by MapHttp4xxCodesToExceptions
2025-02-05 23:54:54.274+0000 [id=17759]	FINE	o.jclouds.logging.jdk.JDKLogger#logDebug: >> invoking GetBucketLocation
2025-02-05 23:54:54.337+0000 [id=17759]	FINEST	o.jclouds.logging.jdk.JDKLogger#logTrace: >> converting GetBucketLocation
2025-02-05 23:54:54.340+0000 [id=17759]	FINEST	o.jclouds.logging.jdk.JDKLogger#logTrace: << converted GetBucketLocation to GET https://s3.amazonaws.com/bucket-name?location HTTP/1.1
2025-02-05 23:54:54.342+0000 [id=17759]	FINEST	o.jclouds.logging.jdk.JDKLogger#logTrace: << response from GetBucketLocation is parsed by ParseSax
2025-02-05 23:54:54.344+0000 [id=17759]	FINEST	o.jclouds.logging.jdk.JDKLogger#logTrace: << exceptions from GetBucketLocation are parsed by MapHttp4xxCodesToExceptions
2025-02-05 23:54:54.346+0000 [id=17759]	FINE	o.jclouds.logging.jdk.JDKLogger#logDebug: >> invoking GetBucketLocation
2025-02-05 23:54:54.411+0000 [id=17759]	FINEST	o.jclouds.logging.jdk.JDKLogger#logTrace: >> converting GetBucketLocation
2025-02-05 23:54:54.414+0000 [id=17759]	FINEST	o.jclouds.logging.jdk.JDKLogger#logTrace: << converted GetBucketLocation to GET https://s3.amazonaws.com/bucket-name?location HTTP/1.1
2025-02-05 23:54:54.416+0000 [id=17759]	FINEST	o.jclouds.logging.jdk.JDKLogger#logTrace: << response from GetBucketLocation is parsed by ParseSax
2025-02-05 23:54:54.418+0000 [id=17759]	FINEST	o.jclouds.logging.jdk.JDKLogger#logTrace: << exceptions from GetBucketLocation are parsed by MapHttp4xxCodesToExceptions
2025-02-05 23:54:54.420+0000 [id=17759]	FINE	o.jclouds.logging.jdk.JDKLogger#logDebug: >> invoking GetBucketLocation
2025-02-05 23:54:54.485+0000 [id=17759]	FINE	i.j.p.a.JCloudsVirtualFile#run: using cache bucket-name / http://jenkins-job-url/101/artifacts: 70 file entries
...
