Feb 08, 2018 8:01:11 AM INFO com.nirima.jenkins.plugins.docker.DockerCloud provision
Asked to provision 1 slave(s) for: centos6&&dockerswarm
Feb 08, 2018 8:01:11 AM INFO com.nirima.jenkins.plugins.docker.DockerCloud provision
Will provision 'tc-docker-swarm-01.private.domain:5000/jenkins-centos-6.7-java', for label: 'centos6&&dockerswarm', in cloud: 'BigMemory-Swarm'
Feb 08, 2018 8:01:12 AM INFO com.nirima.jenkins.plugins.docker.DockerCloud addProvisionedSlave
Provisioning 'tc-docker-swarm-01.private.domain:5000/jenkins-centos-6.7-java' number '0' on 'BigMemory-Swarm'; Total containers: '5'
Feb 08, 2018 8:01:12 AM INFO hudson.slaves.NodeProvisioner$StandardStrategyImpl apply
Started provisioning Image of tc-docker-swarm-01.private.domain:5000/jenkins-centos-6.7-java from BigMemory-Swarm with 1 executors. Remaining excess workload: 0
Feb 08, 2018 8:01:12 AM INFO com.nirima.jenkins.plugins.docker.DockerCloud provision
Asked to provision 1 slave(s) for: ubuntu&&dockerswarm
Feb 08, 2018 8:01:12 AM INFO com.nirima.jenkins.plugins.docker.DockerCloud provision
Will provision 'tc-docker-swarm-01.private.domain:5000/jenkins-ubuntu-14-java', for label: 'ubuntu&&dockerswarm', in cloud: 'BigMemory-Swarm'
Feb 08, 2018 8:01:12 AM INFO com.nirima.jenkins.plugins.docker.DockerTemplate pullImage
Pulling image 'tc-docker-swarm-01.private.domain:5000/jenkins-centos-6.7-java:latest'. This may take awhile...
Feb 08, 2018 8:01:12 AM INFO com.nirima.jenkins.plugins.docker.DockerCloud addProvisionedSlave
Provisioning 'tc-docker-swarm-01.private.domain:5000/jenkins-ubuntu-14-java' number '0' on 'BigMemory-Swarm'; Total containers: '6'
Feb 08, 2018 8:01:12 AM INFO hudson.slaves.NodeProvisioner$StandardStrategyImpl apply
Started provisioning Image of tc-docker-swarm-01.private.domain:5000/jenkins-ubuntu-14-java from BigMemory-Swarm with 1 executors. Remaining excess workload: 0
Feb 08, 2018 8:01:12 AM INFO com.nirima.jenkins.plugins.docker.DockerTemplate pullImage
Pulling image 'tc-docker-swarm-01.private.domain:5000/jenkins-ubuntu-14-java:latest'. This may take awhile...
Feb 08, 2018 8:01:12 AM INFO com.nirima.jenkins.plugins.docker.DockerCloud provision
Asked to provision 1 slave(s) for: sles12&&dockerswarm
Feb 08, 2018 8:01:12 AM INFO com.nirima.jenkins.plugins.docker.DockerCloud provision
Will provision 'tc-docker-swarm-01.private.domain:5000/jenkins-sles12-java', for label: 'sles12&&dockerswarm', in cloud: 'BigMemory-Swarm'
Feb 08, 2018 8:01:12 AM INFO com.nirima.jenkins.plugins.docker.DockerCloud addProvisionedSlave
Provisioning 'tc-docker-swarm-01.private.domain:5000/jenkins-sles12-java' number '0' on 'BigMemory-Swarm'; Total containers: '7'
Feb 08, 2018 8:01:12 AM INFO hudson.slaves.NodeProvisioner$StandardStrategyImpl apply
Started provisioning Image of tc-docker-swarm-01.private.domain:5000/jenkins-sles12-java from BigMemory-Swarm with 1 executors. Remaining excess workload: 0
Feb 08, 2018 8:01:12 AM INFO com.nirima.jenkins.plugins.docker.DockerCloud provision
Asked to provision 1 slave(s) for: sles11&&dockerswarm
Feb 08, 2018 8:01:12 AM INFO com.nirima.jenkins.plugins.docker.DockerTemplate pullImage
Pulling image 'tc-docker-swarm-01.private.domain:5000/jenkins-sles12-java:latest'. This may take awhile...
Feb 08, 2018 8:01:12 AM INFO com.nirima.jenkins.plugins.docker.DockerCloud provision
Will provision 'tc-docker-swarm-01.private.domain:5000/jenkins-sles11sp3-java', for label: 'sles11&&dockerswarm', in cloud: 'BigMemory-Swarm'
Feb 08, 2018 8:01:12 AM INFO com.nirima.jenkins.plugins.docker.DockerCloud addProvisionedSlave
Provisioning 'tc-docker-swarm-01.private.domain:5000/jenkins-sles11sp3-java' number '0' on 'BigMemory-Swarm'; Total containers: '8'
Feb 08, 2018 8:01:12 AM INFO hudson.slaves.NodeProvisioner$StandardStrategyImpl apply
Started provisioning Image of tc-docker-swarm-01.private.domain:5000/jenkins-sles11sp3-java from BigMemory-Swarm with 1 executors. Remaining excess workload: 0
Feb 08, 2018 8:01:12 AM INFO com.nirima.jenkins.plugins.docker.DockerTemplate pullImage
Pulling image 'tc-docker-swarm-01.private.domain:5000/jenkins-sles11sp3-java:latest'. This may take awhile...
Feb 08, 2018 8:01:12 AM INFO com.nirima.jenkins.plugins.docker.DockerCloud provision
Asked to provision 1 slave(s) for: centos7&&dockerswarm
Feb 08, 2018 8:01:12 AM INFO com.nirima.jenkins.plugins.docker.DockerCloud provision
Will provision 'tc-docker-swarm-01.private.domain:5000/jenkins-centos-7-java', for label: 'centos7&&dockerswarm', in cloud: 'BigMemory-Swarm'
Feb 08, 2018 8:01:12 AM INFO com.nirima.jenkins.plugins.docker.DockerCloud addProvisionedSlave
Provisioning 'tc-docker-swarm-01.private.domain:5000/jenkins-centos-7-java' number '0' on 'BigMemory-Swarm'; Total containers: '9'
Feb 08, 2018 8:01:12 AM INFO hudson.slaves.NodeProvisioner$StandardStrategyImpl apply
Started provisioning Image of tc-docker-swarm-01.private.domain:5000/jenkins-centos-7-java from BigMemory-Swarm with 1 executors. Remaining excess workload: 0
Feb 08, 2018 8:01:12 AM INFO com.nirima.jenkins.plugins.docker.DockerTemplate pullImage
Pulling image 'tc-docker-swarm-01.private.domain:5000/jenkins-centos-7-java:latest'. This may take awhile...
Feb 08, 2018 8:01:12 AM INFO com.nirima.jenkins.plugins.docker.DockerTemplate pullImage
Finished pulling image 'tc-docker-swarm-01.private.domain:5000/jenkins-ubuntu-14-java:latest', took 254 ms
Feb 08, 2018 8:01:12 AM INFO com.nirima.jenkins.plugins.docker.DockerTemplate provisionNode
Trying to run container for tc-docker-swarm-01.private.domain:5000/jenkins-ubuntu-14-java
Feb 08, 2018 8:01:12 AM INFO com.nirima.jenkins.plugins.docker.DockerTemplate pullImage
Finished pulling image 'tc-docker-swarm-01.private.domain:5000/jenkins-centos-6.7-java:latest', took 276 ms
Feb 08, 2018 8:01:12 AM INFO com.nirima.jenkins.plugins.docker.DockerTemplate provisionNode
Trying to run container for tc-docker-swarm-01.private.domain:5000/jenkins-centos-6.7-java
Feb 08, 2018 8:01:12 AM INFO com.nirima.jenkins.plugins.docker.DockerTemplate pullImage
Finished pulling image 'tc-docker-swarm-01.private.domain:5000/jenkins-centos-7-java:latest', took 298 ms
Feb 08, 2018 8:01:12 AM INFO com.nirima.jenkins.plugins.docker.DockerTemplate provisionNode
Trying to run container for tc-docker-swarm-01.private.domain:5000/jenkins-centos-7-java
Feb 08, 2018 8:01:12 AM INFO com.nirima.jenkins.plugins.docker.DockerTemplate pullImage
Finished pulling image 'tc-docker-swarm-01.private.domain:5000/jenkins-sles11sp3-java:latest', took 315 ms
Feb 08, 2018 8:01:12 AM INFO com.nirima.jenkins.plugins.docker.DockerTemplate provisionNode
Trying to run container for tc-docker-swarm-01.private.domain:5000/jenkins-sles11sp3-java
Feb 08, 2018 8:01:12 AM INFO com.nirima.jenkins.plugins.docker.DockerTemplate pullImage
Finished pulling image 'tc-docker-swarm-01.private.domain:5000/jenkins-sles12-java:latest', took 339 ms
Feb 08, 2018 8:01:12 AM INFO com.nirima.jenkins.plugins.docker.DockerTemplate provisionNode
Trying to run container for tc-docker-swarm-01.private.domain:5000/jenkins-sles12-java
Feb 08, 2018 8:01:13 AM INFO hudson.slaves.NodeProvisioner$2 run
Image of tc-docker-swarm-01.private.domain:5000/jenkins-centos-6.7-java provisioning successfully completed. We have now 8 computer(s)
Feb 08, 2018 8:01:13 AM INFO hudson.slaves.NodeProvisioner$2 run
Image of tc-docker-swarm-01.private.domain:5000/jenkins-sles11sp3-java provisioning successfully completed. We have now 9 computer(s)
Feb 08, 2018 8:01:13 AM INFO hudson.slaves.NodeProvisioner$2 run
Image of tc-docker-swarm-01.private.domain:5000/jenkins-ubuntu-14-java provisioning successfully completed. We have now 10 computer(s)
Feb 08, 2018 8:01:14 AM INFO hudson.TcpSlaveAgentListener$ConnectionHandler run
Accepted JNLP4-connect connection #7 from tc-perf-g3-08.private.domain/10.130.240.45:50524
Feb 08, 2018 8:01:14 AM INFO hudson.TcpSlaveAgentListener$ConnectionHandler run
Accepted JNLP4-connect connection #8 from tc-perf-g3-07.private.domain/10.130.240.44:42330
Feb 08, 2018 8:01:14 AM INFO hudson.slaves.NodeProvisioner$2 run
Image of tc-docker-swarm-01.private.domain:5000/jenkins-centos-7-java provisioning successfully completed. We have now 10 computer(s)
Feb 08, 2018 8:01:14 AM INFO hudson.slaves.NodeProvisioner$2 run
Image of tc-docker-swarm-01.private.domain:5000/jenkins-sles12-java provisioning successfully completed. We have now 11 computer(s)
Feb 08, 2018 8:01:14 AM INFO hudson.TcpSlaveAgentListener$ConnectionHandler run
Accepted JNLP4-connect connection #9 from tc-perf-g3-08.private.domain/10.130.240.45:49268
Feb 08, 2018 8:01:14 AM INFO org.jenkinsci.remoting.protocol.impl.ConnectionHeadersFilterLayer onRecv
[JNLP4-connect connection from tc-perf-g3-07.private.domain/10.130.240.44:42330] Refusing headers from remote: Unknown client name: docker-fcfb021a48a6
Feb 08, 2018 8:01:14 AM INFO hudson.TcpSlaveAgentListener$ConnectionHandler run
Accepted JNLP2-connect connection #10 from /10.130.240.44:42336
Feb 08, 2018 8:01:14 AM INFO hudson.TcpSlaveAgentListener$ConnectionHandler run
Accepted JNLP-connect connection #11 from /10.130.240.44:42338
Feb 08, 2018 8:01:17 AM INFO hudson.TcpSlaveAgentListener$ConnectionHandler run
Accepted JNLP4-connect connection #12 from tc-bigmemory-14.private.domain/10.130.240.33:60044
Feb 08, 2018 8:01:17 AM INFO hudson.TcpSlaveAgentListener$ConnectionHandler run
Accepted JNLP4-connect connection #13 from tc-bigmemory-14.private.domain/10.130.240.33:32772
Feb 08, 2018 8:01:18 AM WARNING jenkins.slaves.DefaultJnlpSlaveReceiver channelClosed
Computer.threadPoolForRemoting [#5] for docker-86e0ab6c0811 terminated
java.nio.channels.ClosedChannelException
	at org.jenkinsci.remoting.protocol.impl.ChannelApplicationLayer.onReadClosed(ChannelApplicationLayer.java:208)
	at org.jenkinsci.remoting.protocol.ApplicationLayer.onRecvClosed(ApplicationLayer.java:222)
	at org.jenkinsci.remoting.protocol.ProtocolStack$Ptr.onRecvClosed(ProtocolStack.java:832)
	at org.jenkinsci.remoting.protocol.FilterLayer.onRecvClosed(FilterLayer.java:287)
	at org.jenkinsci.remoting.protocol.impl.SSLEngineFilterLayer.onRecvClosed(SSLEngineFilterLayer.java:181)
	at org.jenkinsci.remoting.protocol.impl.SSLEngineFilterLayer.switchToNoSecure(SSLEngineFilterLayer.java:283)
	at org.jenkinsci.remoting.protocol.impl.SSLEngineFilterLayer.processWrite(SSLEngineFilterLayer.java:503)
	at org.jenkinsci.remoting.protocol.impl.SSLEngineFilterLayer.processQueuedWrites(SSLEngineFilterLayer.java:248)
	at org.jenkinsci.remoting.protocol.impl.SSLEngineFilterLayer.doSend(SSLEngineFilterLayer.java:200)
	at org.jenkinsci.remoting.protocol.impl.SSLEngineFilterLayer.doCloseSend(SSLEngineFilterLayer.java:213)
	at org.jenkinsci.remoting.protocol.ProtocolStack$Ptr.doCloseSend(ProtocolStack.java:800)
	at org.jenkinsci.remoting.protocol.ApplicationLayer.doCloseWrite(ApplicationLayer.java:173)
	at org.jenkinsci.remoting.protocol.impl.ChannelApplicationLayer$ByteBufferCommandTransport.closeWrite(ChannelApplicationLayer.java:313)
	at hudson.remoting.Channel.close(Channel.java:1405)
	at hudson.remoting.Channel.close(Channel.java:1358)
	at hudson.slaves.SlaveComputer.closeChannel(SlaveComputer.java:737)
	at hudson.slaves.SlaveComputer.access$800(SlaveComputer.java:96)
	at hudson.slaves.SlaveComputer$3.run(SlaveComputer.java:655)
	at jenkins.util.ContextResettingExecutorService$1.run(ContextResettingExecutorService.java:28)
	at java.util.concurrent.Executors$RunnableAdapter.call(Executors.java:511)
	at java.util.concurrent.FutureTask.run(FutureTask.java:266)
	at java.util.concurrent.ThreadPoolExecutor.runWorker(ThreadPoolExecutor.java:1149)
	at java.util.concurrent.ThreadPoolExecutor$Worker.run(ThreadPoolExecutor.java:624)
	at java.lang.Thread.run(Thread.java:748)

Feb 08, 2018 8:01:18 AM WARNING hudson.remoting.Request$2 run
Failed to send back a reply to the request hudson.remoting.Request$2@276168a2
java.nio.channels.ClosedChannelException
	at org.jenkinsci.remoting.protocol.impl.ChannelApplicationLayer.onReadClosed(ChannelApplicationLayer.java:208)
	at org.jenkinsci.remoting.protocol.ApplicationLayer.onRecvClosed(ApplicationLayer.java:222)
	at org.jenkinsci.remoting.protocol.ProtocolStack$Ptr.onRecvClosed(ProtocolStack.java:832)
	at org.jenkinsci.remoting.protocol.FilterLayer.onRecvClosed(FilterLayer.java:287)
	at org.jenkinsci.remoting.protocol.impl.SSLEngineFilterLayer.onRecvClosed(SSLEngineFilterLayer.java:181)
	at org.jenkinsci.remoting.protocol.impl.SSLEngineFilterLayer.switchToNoSecure(SSLEngineFilterLayer.java:283)
	at org.jenkinsci.remoting.protocol.impl.SSLEngineFilterLayer.processWrite(SSLEngineFilterLayer.java:503)
	at org.jenkinsci.remoting.protocol.impl.SSLEngineFilterLayer.processQueuedWrites(SSLEngineFilterLayer.java:248)
	at org.jenkinsci.remoting.protocol.impl.SSLEngineFilterLayer.doSend(SSLEngineFilterLayer.java:200)
	at org.jenkinsci.remoting.protocol.impl.SSLEngineFilterLayer.doCloseSend(SSLEngineFilterLayer.java:213)
	at org.jenkinsci.remoting.protocol.ProtocolStack$Ptr.doCloseSend(ProtocolStack.java:800)
	at org.jenkinsci.remoting.protocol.ApplicationLayer.doCloseWrite(ApplicationLayer.java:173)
	at org.jenkinsci.remoting.protocol.impl.ChannelApplicationLayer$ByteBufferCommandTransport.closeWrite(ChannelApplicationLayer.java:313)
	at hudson.remoting.Channel.close(Channel.java:1405)
	at hudson.remoting.Channel.close(Channel.java:1358)
	at hudson.slaves.SlaveComputer.closeChannel(SlaveComputer.java:737)
	at hudson.slaves.SlaveComputer.access$800(SlaveComputer.java:96)
	at hudson.slaves.SlaveComputer$3.run(SlaveComputer.java:655)
	at jenkins.util.ContextResettingExecutorService$1.run(ContextResettingExecutorService.java:28)
	at java.util.concurrent.Executors$RunnableAdapter.call(Executors.java:511)
Caused: hudson.remoting.ChannelClosedException: Channel "hudson.remoting.Channel@2f2db53a:JNLP4-connect connection from tc-perf-g3-08.private.domain/10.130.240.45:50524": channel is already closed
	at hudson.remoting.Channel.send(Channel.java:672)
	at hudson.remoting.Request$2.run(Request.java:371)
	at hudson.remoting.InterceptingExecutorService$1.call(InterceptingExecutorService.java:72)
	at org.jenkinsci.remoting.CallableDecorator.call(CallableDecorator.java:19)
	at hudson.remoting.CallableDecoratorList$1.call(CallableDecoratorList.java:21)
	at jenkins.util.ContextResettingExecutorService$2.call(ContextResettingExecutorService.java:46)
	at java.util.concurrent.FutureTask.run(FutureTask.java:266)
	at java.util.concurrent.ThreadPoolExecutor.runWorker(ThreadPoolExecutor.java:1149)
	at java.util.concurrent.ThreadPoolExecutor$Worker.run(ThreadPoolExecutor.java:624)
	at java.lang.Thread.run(Thread.java:748)

Feb 08, 2018 8:01:18 AM WARNING jenkins.slaves.DefaultJnlpSlaveReceiver channelClosed
Computer.threadPoolForRemoting [#33] for docker-bb0330dabd43 terminated
java.nio.channels.ClosedChannelException
	at org.jenkinsci.remoting.protocol.impl.ChannelApplicationLayer.onReadClosed(ChannelApplicationLayer.java:208)
	at org.jenkinsci.remoting.protocol.ApplicationLayer.onRecvClosed(ApplicationLayer.java:222)
	at org.jenkinsci.remoting.protocol.ProtocolStack$Ptr.onRecvClosed(ProtocolStack.java:832)
	at org.jenkinsci.remoting.protocol.FilterLayer.onRecvClosed(FilterLayer.java:287)
	at org.jenkinsci.remoting.protocol.impl.SSLEngineFilterLayer.onRecvClosed(SSLEngineFilterLayer.java:181)
	at org.jenkinsci.remoting.protocol.impl.SSLEngineFilterLayer.switchToNoSecure(SSLEngineFilterLayer.java:283)
	at org.jenkinsci.remoting.protocol.impl.SSLEngineFilterLayer.processWrite(SSLEngineFilterLayer.java:503)
	at org.jenkinsci.remoting.protocol.impl.SSLEngineFilterLayer.processQueuedWrites(SSLEngineFilterLayer.java:248)
	at org.jenkinsci.remoting.protocol.impl.SSLEngineFilterLayer.doSend(SSLEngineFilterLayer.java:200)
	at org.jenkinsci.remoting.protocol.impl.SSLEngineFilterLayer.doCloseSend(SSLEngineFilterLayer.java:213)
	at org.jenkinsci.remoting.protocol.ProtocolStack$Ptr.doCloseSend(ProtocolStack.java:800)
	at org.jenkinsci.remoting.protocol.ApplicationLayer.doCloseWrite(ApplicationLayer.java:173)
	at org.jenkinsci.remoting.protocol.impl.ChannelApplicationLayer$ByteBufferCommandTransport.closeWrite(ChannelApplicationLayer.java:313)
	at hudson.remoting.Channel.close(Channel.java:1405)
	at hudson.remoting.Channel.close(Channel.java:1358)
	at hudson.slaves.SlaveComputer.closeChannel(SlaveComputer.java:737)
	at hudson.slaves.SlaveComputer.access$800(SlaveComputer.java:96)
	at hudson.slaves.SlaveComputer$3.run(SlaveComputer.java:655)
	at jenkins.util.ContextResettingExecutorService$1.run(ContextResettingExecutorService.java:28)
	at java.util.concurrent.Executors$RunnableAdapter.call(Executors.java:511)
	at java.util.concurrent.FutureTask.run(FutureTask.java:266)
	at java.util.concurrent.ThreadPoolExecutor.runWorker(ThreadPoolExecutor.java:1149)
	at java.util.concurrent.ThreadPoolExecutor$Worker.run(ThreadPoolExecutor.java:624)
	at java.lang.Thread.run(Thread.java:748)

Feb 08, 2018 8:01:20 AM WARNING jenkins.slaves.DefaultJnlpSlaveReceiver channelClosed
Computer.threadPoolForRemoting [#38] for docker-34088222e0b1 terminated
java.nio.channels.ClosedChannelException
	at org.jenkinsci.remoting.protocol.impl.ChannelApplicationLayer.onReadClosed(ChannelApplicationLayer.java:208)
	at org.jenkinsci.remoting.protocol.ApplicationLayer.onRecvClosed(ApplicationLayer.java:222)
	at org.jenkinsci.remoting.protocol.ProtocolStack$Ptr.onRecvClosed(ProtocolStack.java:832)
	at org.jenkinsci.remoting.protocol.FilterLayer.onRecvClosed(FilterLayer.java:287)
	at org.jenkinsci.remoting.protocol.impl.SSLEngineFilterLayer.onRecvClosed(SSLEngineFilterLayer.java:181)
	at org.jenkinsci.remoting.protocol.impl.SSLEngineFilterLayer.switchToNoSecure(SSLEngineFilterLayer.java:283)
	at org.jenkinsci.remoting.protocol.impl.SSLEngineFilterLayer.processWrite(SSLEngineFilterLayer.java:503)
	at org.jenkinsci.remoting.protocol.impl.SSLEngineFilterLayer.processQueuedWrites(SSLEngineFilterLayer.java:248)
	at org.jenkinsci.remoting.protocol.impl.SSLEngineFilterLayer.doSend(SSLEngineFilterLayer.java:200)
	at org.jenkinsci.remoting.protocol.impl.SSLEngineFilterLayer.doCloseSend(SSLEngineFilterLayer.java:213)
	at org.jenkinsci.remoting.protocol.ProtocolStack$Ptr.doCloseSend(ProtocolStack.java:800)
	at org.jenkinsci.remoting.protocol.ApplicationLayer.doCloseWrite(ApplicationLayer.java:173)
	at org.jenkinsci.remoting.protocol.impl.ChannelApplicationLayer$ByteBufferCommandTransport.closeWrite(ChannelApplicationLayer.java:313)
	at hudson.remoting.Channel.close(Channel.java:1405)
	at hudson.remoting.Channel.close(Channel.java:1358)
	at hudson.slaves.SlaveComputer.closeChannel(SlaveComputer.java:737)
	at hudson.slaves.SlaveComputer.access$800(SlaveComputer.java:96)
	at hudson.slaves.SlaveComputer$3.run(SlaveComputer.java:655)
	at jenkins.util.ContextResettingExecutorService$1.run(ContextResettingExecutorService.java:28)
	at java.util.concurrent.Executors$RunnableAdapter.call(Executors.java:511)
	at java.util.concurrent.FutureTask.run(FutureTask.java:266)
	at java.util.concurrent.ThreadPoolExecutor.runWorker(ThreadPoolExecutor.java:1149)
	at java.util.concurrent.ThreadPoolExecutor$Worker.run(ThreadPoolExecutor.java:624)
	at java.lang.Thread.run(Thread.java:748)

Feb 08, 2018 8:01:20 AM WARNING jenkins.slaves.DefaultJnlpSlaveReceiver channelClosed
Computer.threadPoolForRemoting [#30] for docker-42e31fd5a93b terminated
java.nio.channels.ClosedChannelException
	at org.jenkinsci.remoting.protocol.impl.ChannelApplicationLayer.onReadClosed(ChannelApplicationLayer.java:208)
	at org.jenkinsci.remoting.protocol.ApplicationLayer.onRecvClosed(ApplicationLayer.java:222)
	at org.jenkinsci.remoting.protocol.ProtocolStack$Ptr.onRecvClosed(ProtocolStack.java:832)
	at org.jenkinsci.remoting.protocol.FilterLayer.onRecvClosed(FilterLayer.java:287)
	at org.jenkinsci.remoting.protocol.impl.SSLEngineFilterLayer.onRecvClosed(SSLEngineFilterLayer.java:181)
	at org.jenkinsci.remoting.protocol.impl.SSLEngineFilterLayer.switchToNoSecure(SSLEngineFilterLayer.java:283)
	at org.jenkinsci.remoting.protocol.impl.SSLEngineFilterLayer.processWrite(SSLEngineFilterLayer.java:503)
	at org.jenkinsci.remoting.protocol.impl.SSLEngineFilterLayer.processQueuedWrites(SSLEngineFilterLayer.java:248)
	at org.jenkinsci.remoting.protocol.impl.SSLEngineFilterLayer.doSend(SSLEngineFilterLayer.java:200)
	at org.jenkinsci.remoting.protocol.impl.SSLEngineFilterLayer.doCloseSend(SSLEngineFilterLayer.java:213)
	at org.jenkinsci.remoting.protocol.ProtocolStack$Ptr.doCloseSend(ProtocolStack.java:800)
	at org.jenkinsci.remoting.protocol.ApplicationLayer.doCloseWrite(ApplicationLayer.java:173)
	at org.jenkinsci.remoting.protocol.impl.ChannelApplicationLayer$ByteBufferCommandTransport.closeWrite(ChannelApplicationLayer.java:313)
	at hudson.remoting.Channel.close(Channel.java:1405)
	at hudson.remoting.Channel.close(Channel.java:1358)
	at hudson.slaves.SlaveComputer.closeChannel(SlaveComputer.java:737)
	at hudson.slaves.SlaveComputer.access$800(SlaveComputer.java:96)
	at hudson.slaves.SlaveComputer$3.run(SlaveComputer.java:655)
	at jenkins.util.ContextResettingExecutorService$1.run(ContextResettingExecutorService.java:28)
	at java.util.concurrent.Executors$RunnableAdapter.call(Executors.java:511)
	at java.util.concurrent.FutureTask.run(FutureTask.java:266)
	at java.util.concurrent.ThreadPoolExecutor.runWorker(ThreadPoolExecutor.java:1149)
	at java.util.concurrent.ThreadPoolExecutor$Worker.run(ThreadPoolExecutor.java:624)
	at java.lang.Thread.run(Thread.java:748)

Feb 08, 2018 8:01:39 AM INFO com.nirima.jenkins.plugins.docker.DockerCloud provision
Asked to provision 1 slave(s) for: sles11&&dockerswarm
Feb 08, 2018 8:01:39 AM INFO com.nirima.jenkins.plugins.docker.DockerCloud provision
Will provision 'tc-docker-swarm-01.private.domain:5000/jenkins-sles11sp3-java', for label: 'sles11&&dockerswarm', in cloud: 'BigMemory-Swarm'
Feb 08, 2018 8:01:39 AM INFO com.nirima.jenkins.plugins.docker.DockerCloud addProvisionedSlave
Provisioning 'tc-docker-swarm-01.private.domain:5000/jenkins-sles11sp3-java' number '0' on 'BigMemory-Swarm'; Total containers: '7'
Feb 08, 2018 8:01:39 AM INFO hudson.slaves.NodeProvisioner$StandardStrategyImpl apply
Started provisioning Image of tc-docker-swarm-01.private.domain:5000/jenkins-sles11sp3-java from BigMemory-Swarm with 1 executors. Remaining excess workload: 0
Feb 08, 2018 8:01:39 AM INFO com.nirima.jenkins.plugins.docker.DockerTemplate pullImage
Pulling image 'tc-docker-swarm-01.private.domain:5000/jenkins-sles11sp3-java:latest'. This may take awhile...
Feb 08, 2018 8:01:39 AM INFO com.nirima.jenkins.plugins.docker.DockerTemplate pullImage
Finished pulling image 'tc-docker-swarm-01.private.domain:5000/jenkins-sles11sp3-java:latest', took 208 ms
Feb 08, 2018 8:01:39 AM INFO com.nirima.jenkins.plugins.docker.DockerTemplate provisionNode
Trying to run container for tc-docker-swarm-01.private.domain:5000/jenkins-sles11sp3-java
Feb 08, 2018 8:01:41 AM INFO hudson.TcpSlaveAgentListener$ConnectionHandler run
Accepted JNLP4-connect connection #14 from tc-perf-g3-08.private.domain/10.130.240.45:50606
Feb 08, 2018 8:01:44 AM WARNING jenkins.slaves.DefaultJnlpSlaveReceiver channelClosed
Computer.threadPoolForRemoting [#18] for docker-80cd48264176 terminated
java.nio.channels.ClosedChannelException
	at org.jenkinsci.remoting.protocol.impl.ChannelApplicationLayer.onReadClosed(ChannelApplicationLayer.java:208)
	at org.jenkinsci.remoting.protocol.ApplicationLayer.onRecvClosed(ApplicationLayer.java:222)
	at org.jenkinsci.remoting.protocol.ProtocolStack$Ptr.onRecvClosed(ProtocolStack.java:832)
	at org.jenkinsci.remoting.protocol.FilterLayer.onRecvClosed(FilterLayer.java:287)
	at org.jenkinsci.remoting.protocol.impl.SSLEngineFilterLayer.onRecvClosed(SSLEngineFilterLayer.java:181)
	at org.jenkinsci.remoting.protocol.impl.SSLEngineFilterLayer.switchToNoSecure(SSLEngineFilterLayer.java:283)
	at org.jenkinsci.remoting.protocol.impl.SSLEngineFilterLayer.processWrite(SSLEngineFilterLayer.java:503)
	at org.jenkinsci.remoting.protocol.impl.SSLEngineFilterLayer.processQueuedWrites(SSLEngineFilterLayer.java:248)
	at org.jenkinsci.remoting.protocol.impl.SSLEngineFilterLayer.doSend(SSLEngineFilterLayer.java:200)
	at org.jenkinsci.remoting.protocol.impl.SSLEngineFilterLayer.doCloseSend(SSLEngineFilterLayer.java:213)
	at org.jenkinsci.remoting.protocol.ProtocolStack$Ptr.doCloseSend(ProtocolStack.java:800)
	at org.jenkinsci.remoting.protocol.ApplicationLayer.doCloseWrite(ApplicationLayer.java:173)
	at org.jenkinsci.remoting.protocol.impl.ChannelApplicationLayer$ByteBufferCommandTransport.closeWrite(ChannelApplicationLayer.java:313)
	at hudson.remoting.Channel.close(Channel.java:1405)
	at hudson.remoting.Channel.close(Channel.java:1358)
	at hudson.slaves.SlaveComputer.closeChannel(SlaveComputer.java:737)
	at hudson.slaves.SlaveComputer.access$800(SlaveComputer.java:96)
	at hudson.slaves.SlaveComputer$3.run(SlaveComputer.java:655)
	at jenkins.util.ContextResettingExecutorService$1.run(ContextResettingExecutorService.java:28)
	at java.util.concurrent.Executors$RunnableAdapter.call(Executors.java:511)
	at java.util.concurrent.FutureTask.run(FutureTask.java:266)
	at java.util.concurrent.ThreadPoolExecutor.runWorker(ThreadPoolExecutor.java:1149)
	at java.util.concurrent.ThreadPoolExecutor$Worker.run(ThreadPoolExecutor.java:624)
	at java.lang.Thread.run(Thread.java:748)

Feb 08, 2018 8:01:44 AM WARNING hudson.remoting.Request$2 run
Failed to send back a reply to the request hudson.remoting.Request$2@17366543
java.nio.channels.ClosedChannelException
	at org.jenkinsci.remoting.protocol.impl.ChannelApplicationLayer.onReadClosed(ChannelApplicationLayer.java:208)
	at org.jenkinsci.remoting.protocol.ApplicationLayer.onRecvClosed(ApplicationLayer.java:222)
	at org.jenkinsci.remoting.protocol.ProtocolStack$Ptr.onRecvClosed(ProtocolStack.java:832)
	at org.jenkinsci.remoting.protocol.FilterLayer.onRecvClosed(FilterLayer.java:287)
	at org.jenkinsci.remoting.protocol.impl.SSLEngineFilterLayer.onRecvClosed(SSLEngineFilterLayer.java:181)
	at org.jenkinsci.remoting.protocol.impl.SSLEngineFilterLayer.switchToNoSecure(SSLEngineFilterLayer.java:283)
	at org.jenkinsci.remoting.protocol.impl.SSLEngineFilterLayer.processWrite(SSLEngineFilterLayer.java:503)
	at org.jenkinsci.remoting.protocol.impl.SSLEngineFilterLayer.processQueuedWrites(SSLEngineFilterLayer.java:248)
	at org.jenkinsci.remoting.protocol.impl.SSLEngineFilterLayer.doSend(SSLEngineFilterLayer.java:200)
	at org.jenkinsci.remoting.protocol.impl.SSLEngineFilterLayer.doCloseSend(SSLEngineFilterLayer.java:213)
	at org.jenkinsci.remoting.protocol.ProtocolStack$Ptr.doCloseSend(ProtocolStack.java:800)
	at org.jenkinsci.remoting.protocol.ApplicationLayer.doCloseWrite(ApplicationLayer.java:173)
	at org.jenkinsci.remoting.protocol.impl.ChannelApplicationLayer$ByteBufferCommandTransport.closeWrite(ChannelApplicationLayer.java:313)
	at hudson.remoting.Channel.close(Channel.java:1405)
	at hudson.remoting.Channel.close(Channel.java:1358)
	at hudson.slaves.SlaveComputer.closeChannel(SlaveComputer.java:737)
	at hudson.slaves.SlaveComputer.access$800(SlaveComputer.java:96)
	at hudson.slaves.SlaveComputer$3.run(SlaveComputer.java:655)
	at jenkins.util.ContextResettingExecutorService$1.run(ContextResettingExecutorService.java:28)
	at java.util.concurrent.Executors$RunnableAdapter.call(Executors.java:511)
Caused: hudson.remoting.ChannelClosedException: Channel "hudson.remoting.Channel@186bd6d9:JNLP4-connect connection from tc-perf-g3-08.private.domain/10.130.240.45:50606": channel is already closed
	at hudson.remoting.Channel.send(Channel.java:672)
	at hudson.remoting.Request$2.run(Request.java:371)
	at hudson.remoting.InterceptingExecutorService$1.call(InterceptingExecutorService.java:72)
	at org.jenkinsci.remoting.CallableDecorator.call(CallableDecorator.java:19)
	at hudson.remoting.CallableDecoratorList$1.call(CallableDecoratorList.java:21)
	at jenkins.util.ContextResettingExecutorService$2.call(ContextResettingExecutorService.java:46)
	at java.util.concurrent.FutureTask.run(FutureTask.java:266)
	at java.util.concurrent.ThreadPoolExecutor.runWorker(ThreadPoolExecutor.java:1149)
	at java.util.concurrent.ThreadPoolExecutor$Worker.run(ThreadPoolExecutor.java:624)
	at java.lang.Thread.run(Thread.java:748)

Feb 08, 2018 8:01:44 AM INFO org.jenkinsci.plugins.workflow.job.WorkflowRun finish
test-docker-launching-pipeline #11 completed: SUCCESS
Feb 08, 2018 8:01:49 AM INFO hudson.slaves.NodeProvisioner$2 run
Image of tc-docker-swarm-01.private.domain:5000/jenkins-sles11sp3-java provisioning successfully completed. We have now 8 computer(s)
Feb 08, 2018 8:01:50 AM INFO hudson.TcpSlaveAgentListener$ConnectionHandler run
Accepted JNLP4-connect connection #15 from tc-perf-g3-08.private.domain/10.130.240.45:50610
