 WARNING: Failed to instantiate Key[type=hudson.plugins.claim.ClaimConfig, annotation=[none]]; skipping this component
  com.google.inject.ProvisionException: Unable to provision, see the following errors:

  1) Tried proxying hudson.plugins.claim.ClaimConfig to support a circular dependency, but it is not an interface.

  1 error
          at com.google.inject.internal.ProviderToInternalFactoryAdapter.get(ProviderToInternalFactoryAdapter.java:52)
          at com.google.inject.internal.SingletonScope$1.get(SingletonScope.java:145)
          at hudson.ExtensionFinder$GuiceFinder$FaultTolerantScope$1.get(ExtensionFinder.java:424)
          at com.google.inject.internal.InternalFactoryToProviderAdapter.get(InternalFactoryToProviderAdapter.java:41)
          at com.google.inject.internal.InjectorImpl$2$1.call(InjectorImpl.java:1016)
          at com.google.inject.internal.InjectorImpl.callInContext(InjectorImpl.java:1103)
          at com.google.inject.internal.InjectorImpl$2.get(InjectorImpl.java:1012)
          at hudson.ExtensionFinder$GuiceFinder._find(ExtensionFinder.java:386)
          at hudson.ExtensionFinder$GuiceFinder.find(ExtensionFinder.java:377)
          at hudson.ClassicPluginStrategy.findComponents(ClassicPluginStrategy.java:479)
          at hudson.ExtensionList.load(ExtensionList.java:365)
          at hudson.ExtensionList.ensureLoaded(ExtensionList.java:303)
          at hudson.ExtensionList.getComponents(ExtensionList.java:168)
          at hudson.DescriptorExtensionList.load(DescriptorExtensionList.java:191)
          at hudson.ExtensionList.ensureLoaded(ExtensionList.java:303)
          at hudson.ExtensionList.iterator(ExtensionList.java:157)
          at hudson.model.User.load(User.java:207)
          at hudson.model.User.<init>(User.java:161)
          at hudson.model.User.getOrCreate(User.java:512)
          at hudson.model.User.getById(User.java:583)
          at hudson.model.User.get(User.java:567)
          at hudson.model.User.current(User.java:551)
          at org.jenkinsci.plugins.scriptsecurity.scripts.ApprovalContext.withCurrentUser(ApprovalContext.java:72)
          at hudson.plugins.claim.ClaimConfig.setGroovyTrigger(ClaimConfig.java:131)
          at hudson.plugins.claim.ClaimConfig.readResolve(ClaimConfig.java:147)
          at sun.reflect.NativeMethodAccessorImpl.invoke0(Native Method)
          at sun.reflect.NativeMethodAccessorImpl.invoke(NativeMethodAccessorImpl.java:62)
          at sun.reflect.DelegatingMethodAccessorImpl.invoke(DelegatingMethodAccessorImpl.java:43)
          at java.lang.reflect.Method.invoke(Method.java:498)
          at com.thoughtworks.xstream.converters.reflection.SerializationMethodInvoker.callReadResolve(SerializationMethodInvoker.java:66)
          at hudson.util.RobustReflectionConverter.unmarshal(RobustReflectionConverter.java:271)
          at com.thoughtworks.xstream.core.TreeUnmarshaller.convert(TreeUnmarshaller.java:72)
          at com.thoughtworks.xstream.core.AbstractReferenceUnmarshaller.convert(AbstractReferenceUnmarshaller.java:65)
          at com.thoughtworks.xstream.core.TreeUnmarshaller.convertAnother(TreeUnmarshaller.java:66)
          at com.thoughtworks.xstream.core.TreeUnmarshaller.convertAnother(TreeUnmarshaller.java:50)
          at com.thoughtworks.xstream.core.TreeUnmarshaller.start(TreeUnmarshaller.java:134)
          at com.thoughtworks.xstream.core.AbstractTreeMarshallingStrategy.unmarshal(AbstractTreeMarshallingStrategy.java:32)
          at com.thoughtworks.xstream.XStream.unmarshal(XStream.java:1189)
          at hudson.util.XStream2.unmarshal(XStream2.java:114)
          at com.thoughtworks.xstream.XStream.unmarshal(XStream.java:1173)
          at hudson.XmlFile.unmarshal(XmlFile.java:160)
          at hudson.model.Descriptor.load(Descriptor.java:893)
          at hudson.plugins.claim.ClaimConfig.<init>(ClaimConfig.java:20)
          at hudson.plugins.claim.ClaimConfig$$FastClassByGuice$$74f9760b.newInstance(<generated>)
          at com.google.inject.internal.cglib.reflect.$FastConstructor.newInstance(FastConstructor.java:40)
          at com.google.inject.internal.DefaultConstructionProxyFactory$1.newInstance(DefaultConstructionProxyFactory.java:61)
          at com.google.inject.internal.ConstructorInjector.provision(ConstructorInjector.java:105)
          at com.google.inject.internal.ConstructorInjector.construct(ConstructorInjector.java:85)
          at com.google.inject.internal.ConstructorBindingImpl$Factory.get(ConstructorBindingImpl.java:267)
          at com.google.inject.internal.ProviderToInternalFactoryAdapter$1.call(ProviderToInternalFactoryAdapter.java:46)
          at com.google.inject.internal.InjectorImpl.callInContext(InjectorImpl.java:1103)
          at com.google.inject.internal.ProviderToInternalFactoryAdapter.get(ProviderToInternalFactoryAdapter.java:40)
          at com.google.inject.internal.SingletonScope$1.get(SingletonScope.java:145)
          at hudson.ExtensionFinder$GuiceFinder$FaultTolerantScope$1.get(ExtensionFinder.java:424)
          at com.google.inject.internal.InternalFactoryToProviderAdapter.get(InternalFactoryToProviderAdapter.java:41)
          at com.google.inject.internal.InjectorImpl$2$1.call(InjectorImpl.java:1016)
          at com.google.inject.internal.InjectorImpl.callInContext(InjectorImpl.java:1092)
          at com.google.inject.internal.InjectorImpl$2.get(InjectorImpl.java:1012)
          at hudson.ExtensionFinder$GuiceFinder._find(ExtensionFinder.java:386)
          at hudson.ExtensionFinder$GuiceFinder.find(ExtensionFinder.java:377)
          at hudson.ClassicPluginStrategy.findComponents(ClassicPluginStrategy.java:479)
          at hudson.ExtensionList.load(ExtensionList.java:365)
          at hudson.ExtensionList.ensureLoaded(ExtensionList.java:303)
          at hudson.ExtensionList.iterator(ExtensionList.java:157)
          at hudson.ExtensionList.get(ExtensionList.java:148)
          at hudson.plugins.sonar.SonarPlugin.postInitialize(SonarPlugin.java:47)
          at hudson.PluginManager$2$1$2.run(PluginManager.java:542)
          at org.jvnet.hudson.reactor.TaskGraphBuilder$TaskImpl.run(TaskGraphBuilder.java:169)
          at org.jvnet.hudson.reactor.Reactor.runTask(Reactor.java:282)
          at jenkins.model.Jenkins$7.runTask(Jenkins.java:1090)
          at org.jvnet.hudson.reactor.Reactor$2.run(Reactor.java:210)
          at org.jvnet.hudson.reactor.Reactor$Node.run(Reactor.java:117)
          at java.util.concurrent.ThreadPoolExecutor.runWorker(ThreadPoolExecutor.java:1142)
          at java.util.concurrent.ThreadPoolExecutor$Worker.run(ThreadPoolExecutor.java:617)
          at java.lang.Thread.run(Thread.java:748)
