git-lfs/2.4.0 (GitHub; linux amd64; go 1.8.3)
git version 2.11.0

$ git-lfs filter-process
Error downloading object: path/to/some_file.zip (b7bf2ce): Smudge error: Error downloading path/to/some_file.zip (f7bf2cfb57d399fd89d33ff2cddf5c35f979bf8086134fd7e1251a60bf3fbfe9): batch response: Bad credentials

Bad credentials
batch response
github.com/git-lfs/git-lfs/errors.newWrappedError
	/tmp/docker_run/src/github.com/git-lfs/git-lfs/amd64/obj-x86_64-linux-gnu/src/github.com/git-lfs/git-lfs/errors/types.go:170
github.com/git-lfs/git-lfs/errors.Wrap
	/tmp/docker_run/src/github.com/git-lfs/git-lfs/amd64/obj-x86_64-linux-gnu/src/github.com/git-lfs/git-lfs/errors/errors.go:74
github.com/git-lfs/git-lfs/tq.(*tqClient).Batch
	/tmp/docker_run/src/github.com/git-lfs/git-lfs/amd64/obj-x86_64-linux-gnu/src/github.com/git-lfs/git-lfs/tq/api.go:71
github.com/git-lfs/git-lfs/tq.Batch
	/tmp/docker_run/src/github.com/git-lfs/git-lfs/amd64/obj-x86_64-linux-gnu/src/github.com/git-lfs/git-lfs/tq/api.go:44
github.com/git-lfs/git-lfs/tq.(*TransferQueue).enqueueAndCollectRetriesFor
	/tmp/docker_run/src/github.com/git-lfs/git-lfs/amd64/obj-x86_64-linux-gnu/src/github.com/git-lfs/git-lfs/tq/transfer_queue.go:432
github.com/git-lfs/git-lfs/tq.(*TransferQueue).collectBatches.func1
	/tmp/docker_run/src/github.com/git-lfs/git-lfs/amd64/obj-x86_64-linux-gnu/src/github.com/git-lfs/git-lfs/tq/transfer_queue.go:354
runtime.goexit
	/usr/local/go/src/runtime/asm_amd64.s:2197
Error downloading path/to/some_file.zip (f7bf2cfb57d399fd89d33ff2cddf5c35f979bf8086134fd7e1251a60bf3fbfe9)
github.com/git-lfs/git-lfs/errors.newWrappedError
	/tmp/docker_run/src/github.com/git-lfs/git-lfs/amd64/obj-x86_64-linux-gnu/src/github.com/git-lfs/git-lfs/errors/types.go:170
github.com/git-lfs/git-lfs/errors.Wrapf
	/tmp/docker_run/src/github.com/git-lfs/git-lfs/amd64/obj-x86_64-linux-gnu/src/github.com/git-lfs/git-lfs/errors/errors.go:85
github.com/git-lfs/git-lfs/lfs.(*GitFilter).downloadFile
	/tmp/docker_run/src/github.com/git-lfs/git-lfs/amd64/obj-x86_64-linux-gnu/src/github.com/git-lfs/git-lfs/lfs/gitfilter_smudge.go:98
github.com/git-lfs/git-lfs/lfs.(*GitFilter).Smudge
	/tmp/docker_run/src/github.com/git-lfs/git-lfs/amd64/obj-x86_64-linux-gnu/src/github.com/git-lfs/git-lfs/lfs/gitfilter_smudge.go:59
github.com/git-lfs/git-lfs/commands.smudge
	/tmp/docker_run/src/github.com/git-lfs/git-lfs/amd64/obj-x86_64-linux-gnu/src/github.com/git-lfs/git-lfs/commands/command_smudge.go:127
github.com/git-lfs/git-lfs/commands.filterCommand
	/tmp/docker_run/src/github.com/git-lfs/git-lfs/amd64/obj-x86_64-linux-gnu/src/github.com/git-lfs/git-lfs/commands/command_filter_process.go:118
github.com/git-lfs/git-lfs/vendor/github.com/spf13/cobra.(*Command).execute
	/tmp/docker_run/src/github.com/git-lfs/git-lfs/amd64/obj-x86_64-linux-gnu/src/github.com/git-lfs/git-lfs/vendor/github.com/spf13/cobra/command.go:477
github.com/git-lfs/git-lfs/vendor/github.com/spf13/cobra.(*Command).Execute
	/tmp/docker_run/src/github.com/git-lfs/git-lfs/amd64/obj-x86_64-linux-gnu/src/github.com/git-lfs/git-lfs/vendor/github.com/spf13/cobra/command.go:551
github.com/git-lfs/git-lfs/commands.Run
	/tmp/docker_run/src/github.com/git-lfs/git-lfs/amd64/obj-x86_64-linux-gnu/src/github.com/git-lfs/git-lfs/commands/run.go:71
main.main
	/tmp/docker_run/src/github.com/git-lfs/git-lfs/amd64/obj-x86_64-linux-gnu/src/github.com/git-lfs/git-lfs/git-lfs.go:35
runtime.main
	/usr/local/go/src/runtime/proc.go:185
runtime.goexit
	/usr/local/go/src/runtime/asm_amd64.s:2197
Smudge error
github.com/git-lfs/git-lfs/errors.newWrappedError
	/tmp/docker_run/src/github.com/git-lfs/git-lfs/amd64/obj-x86_64-linux-gnu/src/github.com/git-lfs/git-lfs/errors/types.go:170
github.com/git-lfs/git-lfs/errors.NewSmudgeError
	/tmp/docker_run/src/github.com/git-lfs/git-lfs/amd64/obj-x86_64-linux-gnu/src/github.com/git-lfs/git-lfs/errors/types.go:256
github.com/git-lfs/git-lfs/lfs.(*GitFilter).Smudge
	/tmp/docker_run/src/github.com/git-lfs/git-lfs/amd64/obj-x86_64-linux-gnu/src/github.com/git-lfs/git-lfs/lfs/gitfilter_smudge.go:68
github.com/git-lfs/git-lfs/commands.smudge
	/tmp/docker_run/src/github.com/git-lfs/git-lfs/amd64/obj-x86_64-linux-gnu/src/github.com/git-lfs/git-lfs/commands/command_smudge.go:127
github.com/git-lfs/git-lfs/commands.filterCommand
	/tmp/docker_run/src/github.com/git-lfs/git-lfs/amd64/obj-x86_64-linux-gnu/src/github.com/git-lfs/git-lfs/commands/command_filter_process.go:118
github.com/git-lfs/git-lfs/vendor/github.com/spf13/cobra.(*Command).execute
	/tmp/docker_run/src/github.com/git-lfs/git-lfs/amd64/obj-x86_64-linux-gnu/src/github.com/git-lfs/git-lfs/vendor/github.com/spf13/cobra/command.go:477
github.com/git-lfs/git-lfs/vendor/github.com/spf13/cobra.(*Command).Execute
	/tmp/docker_run/src/github.com/git-lfs/git-lfs/amd64/obj-x86_64-linux-gnu/src/github.com/git-lfs/git-lfs/vendor/github.com/spf13/cobra/command.go:551
github.com/git-lfs/git-lfs/commands.Run
	/tmp/docker_run/src/github.com/git-lfs/git-lfs/amd64/obj-x86_64-linux-gnu/src/github.com/git-lfs/git-lfs/commands/run.go:71
main.main
	/tmp/docker_run/src/github.com/git-lfs/git-lfs/amd64/obj-x86_64-linux-gnu/src/github.com/git-lfs/git-lfs/git-lfs.go:35
runtime.main
	/usr/local/go/src/runtime/proc.go:185
runtime.goexit
	/usr/local/go/src/runtime/asm_amd64.s:2197

Current time in UTC:
2018-03-21 15:41:55

ENV:
LocalWorkingDir=/var/jenkins_home/jobs/some-job/branches/PR-512/workspace@script
LocalGitDir=/var/jenkins_home/jobs/some-job/branches/PR-512/workspace@script/.git
LocalGitStorageDir=/var/jenkins_home/jobs/some-job/branches/PR-512/workspace@script/.git
LocalMediaDir=/var/jenkins_home/jobs/some-job/branches/PR-512/workspace@script/.git/lfs/objects
LocalReferenceDir=
TempDir=/var/jenkins_home/jobs/some-job/branches/PR-512/workspace@script/.git/lfs/tmp
ConcurrentTransfers=3
TusTransfers=false
BasicTransfersOnly=false
SkipDownloadErrors=false
FetchRecentAlways=false
FetchRecentRefsDays=7
FetchRecentCommitsDays=0
FetchRecentRefsIncludeRemotes=true
PruneOffsetDays=3
PruneVerifyRemoteAlways=false
PruneRemoteName=origin
LfsStorageDir=/var/jenkins_home/jobs/some-job/branches/PR-512/workspace@script/.git/lfs
AccessDownload=basic
AccessUpload=basic
DownloadTransfers=basic
UploadTransfers=basic
GIT_COMMITTER_NAME=Jenkins
GIT_AUTHOR_EMAIL=nobody@nowhere
GIT_ASKPASS=echo
GIT_DIR=.git
GIT_AUTHOR_NAME=Jenkins
GIT_PREFIX=
GIT_REFLOG_ACTION=merge ec1ba744fe37a290f7fb05a46fb8ad79f675a192
GIT_COMMITTER_EMAIL=nobody@nowhere

Client IP addresses:
172.17.0.2
