[adima02-8x86] Starting Virtual Machine...
[adima02-8x86] Powering on VM
[adima02-8x86] Waiting for VMTools
[adima02-8x86] VM Tools are running
[adima02-8x86] Finished wait for VMTools
Connecting to adima02-8x86
ERROR: Message not found for errorCode: 0xC0000034
[8mha:AAAAWB+LCAAAAAAAAP9b85aBtbiIQSmjNKU4P08vOT+vOD8nVc8DzHWtSE4tKMnMz/PLL0ldFVf2c+b/lb5MDAwVRQxSaBqcITRIIQMEMIIUFgAAckCEiWAAAAA=[0morg.jinterop.dcom.common.JIException: Message not found for errorCode: 0xC0000034
	at org.jinterop.winreg.smb.JIWinRegStub.winreg_OpenHKCR(JIWinRegStub.java:121)
	at org.jinterop.dcom.core.JIComServer.initialise(JIComServer.java:479)
	at org.jinterop.dcom.core.JIComServer.<init>(JIComServer.java:427)
	at org.jvnet.hudson.wmi.WMI.connect(WMI.java:59)
	at hudson.os.windows.ManagedWindowsServiceLauncher.launch(ManagedWindowsServiceLauncher.java:218)
	at org.jenkinsci.plugins.vSphereCloudLauncher.launch(vSphereCloudLauncher.java:199)
	at hudson.slaves.SlaveComputer$1.call(SlaveComputer.java:253)
	at jenkins.util.ContextResettingExecutorService$2.call(ContextResettingExecutorService.java:46)
	at java.util.concurrent.FutureTask.run(Unknown Source)
	at java.util.concurrent.ThreadPoolExecutor.runWorker(Unknown Source)
	at java.util.concurrent.ThreadPoolExecutor$Worker.run(Unknown Source)
	at java.lang.Thread.run(Unknown Source)
Caused by: jcifs.smb.SmbException: The system cannot find the file specified.
	at jcifs.smb.SmbTransport.checkStatus(SmbTransport.java:563)
	at jcifs.smb.SmbTransport.send(SmbTransport.java:664)
	at jcifs.smb.SmbSession.send(SmbSession.java:238)
	at jcifs.smb.SmbTree.send(SmbTree.java:119)
	at jcifs.smb.SmbFile.send(SmbFile.java:775)
	at jcifs.smb.SmbFile.open0(SmbFile.java:989)
	at jcifs.smb.SmbFile.open(SmbFile.java:1006)
	at jcifs.smb.SmbFileOutputStream.<init>(SmbFileOutputStream.java:142)
	at jcifs.smb.TransactNamedPipeOutputStream.<init>(TransactNamedPipeOutputStream.java:32)
	at jcifs.smb.SmbNamedPipe.getNamedPipeOutputStream(SmbNamedPipe.java:187)
	at rpc.ncacn_np.RpcTransport.attach(RpcTransport.java:91)
	at rpc.Stub.attach(Stub.java:104)
	at rpc.Stub.call(Stub.java:109)
	at org.jinterop.winreg.smb.JIWinRegStub.winreg_OpenHKCR(JIWinRegStub.java:119)
	... 11 more
