Nov 25, 2014 11:52:22 AM hudson.plugins.im.IMConnectionProvider$ConnectorRunnable run
INFO: Trying to reconnect
Nov 25, 2014 11:52:22 AM hudson.plugins.jabber.im.transport.JabberIMConnection createConnection
INFO: Trying to connect to XMPP on /xes-inc.com
Nov 25, 2014 11:52:23 AM org.jivesoftware.smack.util.PacketParserUtils parsePresence
WARNING: Failed to parse extension packet in Presence packet.
Nov 25, 2014 11:52:23 AM org.jivesoftware.smack.util.PacketParserUtils parsePresence
WARNING: Failed to parse extension packet in Presence packet.
Nov 25, 2014 11:52:23 AM org.jivesoftware.smack.util.PacketParserUtils parsePresence
WARNING: Failed to parse extension packet in Presence packet.
Nov 25, 2014 11:52:23 AM hudson.plugins.jabber.im.transport.JabberIMConnection setupSubscriptionMode
INFO: Accepting all subscription requests
Nov 25, 2014 11:52:23 AM hudson.plugins.jabber.im.transport.JabberIMConnection connect
INFO: Connected to XMPP on null:0/xes-inc.com using secure connection
Nov 25, 2014 11:52:23 AM hudson.plugins.jabber.im.transport.JabberIMConnection connect
INFO: Joined groupchat jenkins@conference.xes-inc.com
Nov 25, 2014 11:55:45 AM org.jivesoftware.smack.util.PacketParserUtils parsePresence
WARNING: Failed to parse extension packet in Presence packet.
Nov 25, 2014 11:57:00 AM org.jivesoftware.smack.util.PacketParserUtils parsePresence
WARNING: Failed to parse extension packet in Presence packet.
