2019-09-13 00:44:57.913+0000 [id=37804]	FINER	o.j.p.d.e.ContinuedTask$Scheduler#canTake: ExecutorStepExecution.PlaceholderTask{runId=dse-team-apac/aburdajewicz/testScenario#4,label=dse-team-apac_aburdajewicz_testScenario_4-10xd4,context=CpsStepContext[5:node]:Owner[dse-team-apac/aburdajewicz/testScenario/4:dse-team-apac/aburdajewicz/testScenario #4],cookie=null,auth=null} is not continued, so it would not block ExecutorStepExecution.PlaceholderTask{runId=dse-team-apac/aburdajewicz/testScenario#4,label=dse-team-apac_aburdajewicz_testScenario_4-10xd4,context=CpsStepContext[5:node]:Owner[dse-team-apac/aburdajewicz/testScenario/4:dse-team-apac/aburdajewicz/testScenario #4],cookie=null,auth=null}
2019-09-13 00:44:57.913+0000 [id=37804]	FINER	o.j.p.d.e.ContinuedTask$Scheduler#canTake: no reason to block ExecutorStepExecution.PlaceholderTask{runId=dse-team-apac/aburdajewicz/testScenario#4,label=dse-team-apac_aburdajewicz_testScenario_4-10xd4,context=CpsStepContext[5:node]:Owner[dse-team-apac/aburdajewicz/testScenario/4:dse-team-apac/aburdajewicz/testScenario #4],cookie=null,auth=null}
2019-09-13 00:44:57.913+0000 [id=37804]	FINER	o.j.p.d.e.ContinuedTask$Scheduler#canTake: ExecutorStepExecution.PlaceholderTask{runId=dse-team-apac/aburdajewicz/testScenario#4,label=dse-team-apac_aburdajewicz_testScenario_4-10xd4,context=CpsStepContext[5:node]:Owner[dse-team-apac/aburdajewicz/testScenario/4:dse-team-apac/aburdajewicz/testScenario #4],cookie=null,auth=null} is not continued, so it would not block ExecutorStepExecution.PlaceholderTask{runId=dse-team-apac/aburdajewicz/testScenario#4,label=dse-team-apac_aburdajewicz_testScenario_4-10xd4,context=CpsStepContext[5:node]:Owner[dse-team-apac/aburdajewicz/testScenario/4:dse-team-apac/aburdajewicz/testScenario #4],cookie=null,auth=null}
2019-09-13 00:44:57.913+0000 [id=37804]	FINER	o.j.p.d.e.ContinuedTask$Scheduler#canTake: no reason to block ExecutorStepExecution.PlaceholderTask{runId=dse-team-apac/aburdajewicz/testScenario#4,label=dse-team-apac_aburdajewicz_testScenario_4-10xd4,context=CpsStepContext[5:node]:Owner[dse-team-apac/aburdajewicz/testScenario/4:dse-team-apac/aburdajewicz/testScenario #4],cookie=null,auth=null}
2019-09-13 00:45:02.308+0000 [id=37753]	FINE	o.j.p.d.e.OnceRetentionStrategy#done: terminating dse-team-apac-aburdajewicz-testscenario-3-kfc00-gbhvq-s84b4 since PlaceholderExecutable:ExecutorStepExecution.PlaceholderTask{runId=dse-team-apac/aburdajewicz/testScenario#3,label=dse-team-apac_aburdajewicz_testScenario_3-kfc00,context=CpsStepContext[5:node]:Owner[dse-team-apac/aburdajewicz/testScenario/3:dse-team-apac/aburdajewicz/testScenario #3],cookie=null,auth=null} seems to be finished
2019-09-13 00:45:07.432+0000 [id=37808]	FINER	o.j.p.d.e.ContinuedTask$Scheduler#canTake: ExecutorStepExecution.PlaceholderTask{runId=dse-team-apac/aburdajewicz/testScenario#4,label=dse-team-apac_aburdajewicz_testScenario_4-10xd4,context=CpsStepContext[5:node]:Owner[dse-team-apac/aburdajewicz/testScenario/4:dse-team-apac/aburdajewicz/testScenario #4],cookie=null,auth=null} is not continued, so it would not block ExecutorStepExecution.PlaceholderTask{runId=dse-team-apac/aburdajewicz/testScenario#4,label=dse-team-apac_aburdajewicz_testScenario_4-10xd4,context=CpsStepContext[5:node]:Owner[dse-team-apac/aburdajewicz/testScenario/4:dse-team-apac/aburdajewicz/testScenario #4],cookie=null,auth=null}
2019-09-13 00:45:07.433+0000 [id=37808]	FINER	o.j.p.d.e.ContinuedTask$Scheduler#canTake: no reason to block ExecutorStepExecution.PlaceholderTask{runId=dse-team-apac/aburdajewicz/testScenario#4,label=dse-team-apac_aburdajewicz_testScenario_4-10xd4,context=CpsStepContext[5:node]:Owner[dse-team-apac/aburdajewicz/testScenario/4:dse-team-apac/aburdajewicz/testScenario #4],cookie=null,auth=null}
2019-09-13 00:45:07.433+0000 [id=37808]	FINER	o.j.p.d.e.ContinuedTask$Scheduler#canTake: ExecutorStepExecution.PlaceholderTask{runId=dse-team-apac/aburdajewicz/testScenario#4,label=dse-team-apac_aburdajewicz_testScenario_4-10xd4,context=CpsStepContext[5:node]:Owner[dse-team-apac/aburdajewicz/testScenario/4:dse-team-apac/aburdajewicz/testScenario #4],cookie=null,auth=null} is not continued, so it would not block ExecutorStepExecution.PlaceholderTask{runId=dse-team-apac/aburdajewicz/testScenario#4,label=dse-team-apac_aburdajewicz_testScenario_4-10xd4,context=CpsStepContext[5:node]:Owner[dse-team-apac/aburdajewicz/testScenario/4:dse-team-apac/aburdajewicz/testScenario #4],cookie=null,auth=null}
2019-09-13 00:45:07.433+0000 [id=37808]	FINER	o.j.p.d.e.ContinuedTask$Scheduler#canTake: no reason to block ExecutorStepExecution.PlaceholderTask{runId=dse-team-apac/aburdajewicz/testScenario#4,label=dse-team-apac_aburdajewicz_testScenario_4-10xd4,context=CpsStepContext[5:node]:Owner[dse-team-apac/aburdajewicz/testScenario/4:dse-team-apac/aburdajewicz/testScenario #4],cookie=null,auth=null}
2019-09-13 00:45:07.434+0000 [id=35]	FINER	o.j.p.d.e.ContinuedTask$Scheduler#canTake: ExecutorStepExecution.PlaceholderTask{runId=dse-team-apac/aburdajewicz/testScenario#4,label=dse-team-apac_aburdajewicz_testScenario_4-10xd4,context=CpsStepContext[5:node]:Owner[dse-team-apac/aburdajewicz/testScenario/4:dse-team-apac/aburdajewicz/testScenario #4],cookie=null,auth=null} is not continued, so it would not block ExecutorStepExecution.PlaceholderTask{runId=dse-team-apac/aburdajewicz/testScenario#4,label=dse-team-apac_aburdajewicz_testScenario_4-10xd4,context=CpsStepContext[5:node]:Owner[dse-team-apac/aburdajewicz/testScenario/4:dse-team-apac/aburdajewicz/testScenario #4],cookie=null,auth=null}
2019-09-13 00:45:07.434+0000 [id=35]	FINER	o.j.p.d.e.ContinuedTask$Scheduler#canTake: no reason to block ExecutorStepExecution.PlaceholderTask{runId=dse-team-apac/aburdajewicz/testScenario#4,label=dse-team-apac_aburdajewicz_testScenario_4-10xd4,context=CpsStepContext[5:node]:Owner[dse-team-apac/aburdajewicz/testScenario/4:dse-team-apac/aburdajewicz/testScenario #4],cookie=null,auth=null}
2019-09-13 00:45:12.434+0000 [id=32]	FINER	o.j.p.d.e.ContinuedTask$Scheduler#canTake: ExecutorStepExecution.PlaceholderTask{runId=dse-team-apac/aburdajewicz/testScenario#4,label=dse-team-apac_aburdajewicz_testScenario_4-10xd4,context=CpsStepContext[5:node]:Owner[dse-team-apac/aburdajewicz/testScenario/4:dse-team-apac/aburdajewicz/testScenario #4],cookie=null,auth=null} is not continued, so it would not block ExecutorStepExecution.PlaceholderTask{runId=dse-team-apac/aburdajewicz/testScenario#4,label=dse-team-apac_aburdajewicz_testScenario_4-10xd4,context=CpsStepContext[5:node]:Owner[dse-team-apac/aburdajewicz/testScenario/4:dse-team-apac/aburdajewicz/testScenario #4],cookie=null,auth=null}
2019-09-13 00:45:12.434+0000 [id=32]	FINER	o.j.p.d.e.ContinuedTask$Scheduler#canTake: no reason to block ExecutorStepExecution.PlaceholderTask{runId=dse-team-apac/aburdajewicz/testScenario#4,label=dse-team-apac_aburdajewicz_testScenario_4-10xd4,context=CpsStepContext[5:node]:Owner[dse-team-apac/aburdajewicz/testScenario/4:dse-team-apac/aburdajewicz/testScenario #4],cookie=null,auth=null}
2019-09-13 00:45:17.435+0000 [id=36]	FINER	o.j.p.d.e.ContinuedTask$Scheduler#canTake: ExecutorStepExecution.PlaceholderTask{runId=dse-team-apac/aburdajewicz/testScenario#4,label=dse-team-apac_aburdajewicz_testScenario_4-10xd4,context=CpsStepContext[5:node]:Owner[dse-team-apac/aburdajewicz/testScenario/4:dse-team-apac/aburdajewicz/testScenario #4],cookie=null,auth=null} is not continued, so it would not block ExecutorStepExecution.PlaceholderTask{runId=dse-team-apac/aburdajewicz/testScenario#4,label=dse-team-apac_aburdajewicz_testScenario_4-10xd4,context=CpsStepContext[5:node]:Owner[dse-team-apac/aburdajewicz/testScenario/4:dse-team-apac/aburdajewicz/testScenario #4],cookie=null,auth=null}
2019-09-13 00:45:17.435+0000 [id=36]	FINER	o.j.p.d.e.ContinuedTask$Scheduler#canTake: no reason to block ExecutorStepExecution.PlaceholderTask{runId=dse-team-apac/aburdajewicz/testScenario#4,label=dse-team-apac_aburdajewicz_testScenario_4-10xd4,context=CpsStepContext[5:node]:Owner[dse-team-apac/aburdajewicz/testScenario/4:dse-team-apac/aburdajewicz/testScenario #4],cookie=null,auth=null}
2019-09-13 00:45:22.436+0000 [id=29]	FINER	o.j.p.d.e.ContinuedTask$Scheduler#canTake: ExecutorStepExecution.PlaceholderTask{runId=dse-team-apac/aburdajewicz/testScenario#4,label=dse-team-apac_aburdajewicz_testScenario_4-10xd4,context=CpsStepContext[5:node]:Owner[dse-team-apac/aburdajewicz/testScenario/4:dse-team-apac/aburdajewicz/testScenario #4],cookie=null,auth=null} is not continued, so it would not block ExecutorStepExecution.PlaceholderTask{runId=dse-team-apac/aburdajewicz/testScenario#4,label=dse-team-apac_aburdajewicz_testScenario_4-10xd4,context=CpsStepContext[5:node]:Owner[dse-team-apac/aburdajewicz/testScenario/4:dse-team-apac/aburdajewicz/testScenario #4],cookie=null,auth=null}
2019-09-13 00:45:22.436+0000 [id=29]	FINER	o.j.p.d.e.ContinuedTask$Scheduler#canTake: no reason to block ExecutorStepExecution.PlaceholderTask{runId=dse-team-apac/aburdajewicz/testScenario#4,label=dse-team-apac_aburdajewicz_testScenario_4-10xd4,context=CpsStepContext[5:node]:Owner[dse-team-apac/aburdajewicz/testScenario/4:dse-team-apac/aburdajewicz/testScenario #4],cookie=null,auth=null}
2019-09-13 00:45:27.437+0000 [id=28]	FINER	o.j.p.d.e.ContinuedTask$Scheduler#canTake: ExecutorStepExecution.PlaceholderTask{runId=dse-team-apac/aburdajewicz/testScenario#4,label=dse-team-apac_aburdajewicz_testScenario_4-10xd4,context=CpsStepContext[5:node]:Owner[dse-team-apac/aburdajewicz/testScenario/4:dse-team-apac/aburdajewicz/testScenario #4],cookie=null,auth=null} is not continued, so it would not block ExecutorStepExecution.PlaceholderTask{runId=dse-team-apac/aburdajewicz/testScenario#4,label=dse-team-apac_aburdajewicz_testScenario_4-10xd4,context=CpsStepContext[5:node]:Owner[dse-team-apac/aburdajewicz/testScenario/4:dse-team-apac/aburdajewicz/testScenario #4],cookie=null,auth=null}
2019-09-13 00:45:27.437+0000 [id=28]	FINER	o.j.p.d.e.ContinuedTask$Scheduler#canTake: no reason to block ExecutorStepExecution.PlaceholderTask{runId=dse-team-apac/aburdajewicz/testScenario#4,label=dse-team-apac_aburdajewicz_testScenario_4-10xd4,context=CpsStepContext[5:node]:Owner[dse-team-apac/aburdajewicz/testScenario/4:dse-team-apac/aburdajewicz/testScenario #4],cookie=null,auth=null}
2019-09-13 00:45:32.438+0000 [id=30]	FINER	o.j.p.d.e.ContinuedTask$Scheduler#canTake: ExecutorStepExecution.PlaceholderTask{runId=dse-team-apac/aburdajewicz/testScenario#4,label=dse-team-apac_aburdajewicz_testScenario_4-10xd4,context=CpsStepContext[5:node]:Owner[dse-team-apac/aburdajewicz/testScenario/4:dse-team-apac/aburdajewicz/testScenario #4],cookie=null,auth=null} is not continued, so it would not block ExecutorStepExecution.PlaceholderTask{runId=dse-team-apac/aburdajewicz/testScenario#4,label=dse-team-apac_aburdajewicz_testScenario_4-10xd4,context=CpsStepContext[5:node]:Owner[dse-team-apac/aburdajewicz/testScenario/4:dse-team-apac/aburdajewicz/testScenario #4],cookie=null,auth=null}
2019-09-13 00:45:32.438+0000 [id=30]	FINER	o.j.p.d.e.ContinuedTask$Scheduler#canTake: no reason to block ExecutorStepExecution.PlaceholderTask{runId=dse-team-apac/aburdajewicz/testScenario#4,label=dse-team-apac_aburdajewicz_testScenario_4-10xd4,context=CpsStepContext[5:node]:Owner[dse-team-apac/aburdajewicz/testScenario/4:dse-team-apac/aburdajewicz/testScenario #4],cookie=null,auth=null}
2019-09-13 00:45:37.439+0000 [id=34]	FINER	o.j.p.d.e.ContinuedTask$Scheduler#canTake: ExecutorStepExecution.PlaceholderTask{runId=dse-team-apac/aburdajewicz/testScenario#4,label=dse-team-apac_aburdajewicz_testScenario_4-10xd4,context=CpsStepContext[5:node]:Owner[dse-team-apac/aburdajewicz/testScenario/4:dse-team-apac/aburdajewicz/testScenario #4],cookie=null,auth=null} is not continued, so it would not block ExecutorStepExecution.PlaceholderTask{runId=dse-team-apac/aburdajewicz/testScenario#4,label=dse-team-apac_aburdajewicz_testScenario_4-10xd4,context=CpsStepContext[5:node]:Owner[dse-team-apac/aburdajewicz/testScenario/4:dse-team-apac/aburdajewicz/testScenario #4],cookie=null,auth=null}
2019-09-13 00:45:37.439+0000 [id=34]	FINER	o.j.p.d.e.ContinuedTask$Scheduler#canTake: no reason to block ExecutorStepExecution.PlaceholderTask{runId=dse-team-apac/aburdajewicz/testScenario#4,label=dse-team-apac_aburdajewicz_testScenario_4-10xd4,context=CpsStepContext[5:node]:Owner[dse-team-apac/aburdajewicz/testScenario/4:dse-team-apac/aburdajewicz/testScenario #4],cookie=null,auth=null}
2019-09-13 00:45:38.001+0000 [id=37822]	FINER	o.j.p.d.e.ContinuedTask$Scheduler#canTake: ExecutorStepExecution.PlaceholderTask{runId=dse-team-apac/aburdajewicz/testScenario#4,label=dse-team-apac_aburdajewicz_testScenario_4-10xd4,context=CpsStepContext[5:node]:Owner[dse-team-apac/aburdajewicz/testScenario/4:dse-team-apac/aburdajewicz/testScenario #4],cookie=null,auth=null} is not continued, so it would not block ExecutorStepExecution.PlaceholderTask{runId=dse-team-apac/aburdajewicz/testScenario#4,label=dse-team-apac_aburdajewicz_testScenario_4-10xd4,context=CpsStepContext[5:node]:Owner[dse-team-apac/aburdajewicz/testScenario/4:dse-team-apac/aburdajewicz/testScenario #4],cookie=null,auth=null}
2019-09-13 00:45:38.001+0000 [id=37822]	FINER	o.j.p.d.e.ContinuedTask$Scheduler#canTake: no reason to block ExecutorStepExecution.PlaceholderTask{runId=dse-team-apac/aburdajewicz/testScenario#4,label=dse-team-apac_aburdajewicz_testScenario_4-10xd4,context=CpsStepContext[5:node]:Owner[dse-team-apac/aburdajewicz/testScenario/4:dse-team-apac/aburdajewicz/testScenario #4],cookie=null,auth=null}
2019-09-13 00:45:42.411+0000 [id=37752]	FINEST	o.j.p.w.s.d.DurableTaskStep$Execution#_listener: JENKINS-34021: DurableTaskStep.Execution.listener present in CpsStepContext[9:sh]:Owner[dse-team-apac/aburdajewicz/testScenario/4:dse-team-apac/aburdajewicz/testScenario #4]
2019-09-13 00:45:42.411+0000 [id=37752]	FINE	o.j.p.w.s.d.DurableTaskStep$Execution#start: launching task against hudson.remoting.Channel@27723c0f:JNLP4-connect connection from 10.52.2.22/10.52.2.22:46876 using RemoteLauncher[hudson.remoting.Channel@27723c0f:JNLP4-connect connection from 10.52.2.22/10.52.2.22:46876]
2019-09-13 00:45:53.904+0000 [id=37752]	FINE	o.j.p.d.BourneShellScript#launchWithCookie: launching [nohup, sh, -c, (pid=$$$$; { while [ \( -d /proc/$$pid -o \! -d /proc/$$$$ \) -a -d '/home/jenkins/workspace/dse-team-apac/aburdajewicz/testScenario@tmp/durable-31368809' -a \! -f '/home/jenkins/workspace/dse-team-apac/aburdajewicz/testScenario@tmp/durable-31368809/jenkins-result.txt' ]; do touch '/home/jenkins/workspace/dse-team-apac/aburdajewicz/testScenario@tmp/durable-31368809/jenkins-log.txt'; sleep 3; done } & jsc=durable-7bf6c8ab04d33dcb3aa394f9f3a67eaf; JENKINS_SERVER_COOKIE=$$jsc 'sh' -xe  '/home/jenkins/workspace/dse-team-apac/aburdajewicz/testScenario@tmp/durable-31368809/script.sh' > '/home/jenkins/workspace/dse-team-apac/aburdajewicz/testScenario@tmp/durable-31368809/jenkins-log.txt' 2>&1; echo $$? > '/home/jenkins/workspace/dse-team-apac/aburdajewicz/testScenario@tmp/durable-31368809/jenkins-result.txt.tmp'; mv '/home/jenkins/workspace/dse-team-apac/aburdajewicz/testScenario@tmp/durable-31368809/jenkins-result.txt.tmp' '/home/jenkins/workspace/dse-team-apac/aburdajewicz/testScenario@tmp/durable-31368809/jenkins-result.txt'; wait) >&- 2>&- &]
2019-09-13 00:45:59.300+0000 [id=37752]	FINE	o.j.p.w.s.d.DurableTaskStep$Execution#start: launched task
2019-09-13 00:45:59.601+0000 [id=37836]	FINER	o.j.p.w.s.d.DurableTaskStep$Execution#getWorkspace: dse-team-apac-aburdajewicz-testscenario-4-10xd4-558nc-5khzj seems to be online so using /home/jenkins/workspace/dse-team-apac/aburdajewicz/testScenario
2019-09-13 00:45:59.602+0000 [id=37836]	FINE	o.j.p.w.s.d.DurableTaskStep$Execution$NewlineSafeTaskListener#getLogger: creating filtered stream
2019-09-13 00:46:00.207+0000 [id=37836]	FINE	o.j.p.d.FileMonitoringTask$FileMonitoringController#writeLog: remote transcoding charset: null
2019-09-13 00:46:00.403+0000 [id=37836]	FINE	o.j.p.d.FileMonitoringTask$FileMonitoringController#writeLog: copied 551 bytes from /home/jenkins/workspace/dse-team-apac/aburdajewicz/testScenario@tmp/durable-31368809/jenkins-log.txt
2019-09-13 00:46:00.498+0000 [id=37836]	FINE	o.j.p.d.BourneShellScript$ShellController#exitStatus: starting check in /home/jenkins/workspace/dse-team-apac/aburdajewicz/testScenario@tmp/durable-31368809
2019-09-13 00:46:00.498+0000 [id=37836]	FINE	o.j.p.w.s.d.DurableTaskStep$Execution#check: still running in /home/jenkins/workspace/dse-team-apac/aburdajewicz/testScenario on dse-team-apac-aburdajewicz-testscenario-4-10xd4-558nc-5khzj
2019-09-13 00:46:03.411+0000 [id=37836]	FINER	o.j.p.w.s.d.DurableTaskStep$Execution#getWorkspace: dse-team-apac-aburdajewicz-testscenario-4-10xd4-558nc-5khzj seems to be online so using /home/jenkins/workspace/dse-team-apac/aburdajewicz/testScenario
2019-09-13 00:46:04.022+0000 [id=37836]	FINE	o.j.p.w.s.d.DurableTaskStep$Execution#check: could not check /home/jenkins/workspace/dse-team-apac/aburdajewicz/testScenario
java.nio.channels.ClosedChannelException
Also:   hudson.remoting.Channel$CallSiteStackTrace: Remote call to JNLP4-connect connection from 10.52.2.22/10.52.2.22:46876
		at hudson.remoting.Channel.attachCallSiteStackTrace(Channel.java:1743)
		at hudson.remoting.Request.call(Request.java:202)
		at hudson.remoting.Channel.call(Channel.java:956)
		at hudson.FilePath.act(FilePath.java:1070)
		at hudson.FilePath.act(FilePath.java:1059)
		at org.jenkinsci.plugins.durabletask.FileMonitoringTask$FileMonitoringController.writeLog(FileMonitoringTask.java:209)
		at org.jenkinsci.plugins.workflow.steps.durable_task.DurableTaskStep$Execution.check(DurableTaskStep.java:591)
		at org.jenkinsci.plugins.workflow.steps.durable_task.DurableTaskStep$Execution.run(DurableTaskStep.java:548)
		at java.util.concurrent.Executors$RunnableAdapter.call(Executors.java:511)
		at java.util.concurrent.FutureTask.run(FutureTask.java:266)
		at java.util.concurrent.ScheduledThreadPoolExecutor$ScheduledFutureTask.access$201(ScheduledThreadPoolExecutor.java:180)
		at java.util.concurrent.ScheduledThreadPoolExecutor$ScheduledFutureTask.run(ScheduledThreadPoolExecutor.java:293)
Caused: hudson.remoting.RequestAbortedException
	at hudson.remoting.Request.abort(Request.java:340)
	at hudson.remoting.Channel.terminate(Channel.java:1040)
	at org.jenkinsci.remoting.protocol.impl.ChannelApplicationLayer.onReadClosed(ChannelApplicationLayer.java:209)
	at org.jenkinsci.remoting.protocol.ApplicationLayer.onRecvClosed(ApplicationLayer.java:222)
	at org.jenkinsci.remoting.protocol.ProtocolStack$Ptr.onRecvClosed(ProtocolStack.java:816)
	at org.jenkinsci.remoting.protocol.FilterLayer.onRecvClosed(FilterLayer.java:287)
	at org.jenkinsci.remoting.protocol.impl.SSLEngineFilterLayer.onRecvClosed(SSLEngineFilterLayer.java:172)
	at org.jenkinsci.remoting.protocol.ProtocolStack$Ptr.onRecvClosed(ProtocolStack.java:816)
	at org.jenkinsci.remoting.protocol.NetworkLayer.onRecvClosed(NetworkLayer.java:154)
	at org.jenkinsci.remoting.protocol.impl.NIONetworkLayer.ready(NIONetworkLayer.java:142)
	at org.jenkinsci.remoting.protocol.IOHub$OnReady.run(IOHub.java:795)
	at jenkins.util.ContextResettingExecutorService$1.run(ContextResettingExecutorService.java:28)
	at jenkins.security.ImpersonatingExecutorService$1.run(ImpersonatingExecutorService.java:59)
	at java.util.concurrent.ThreadPoolExecutor.runWorker(ThreadPoolExecutor.java:1149)
	at java.util.concurrent.ThreadPoolExecutor$Worker.run(ThreadPoolExecutor.java:624)
	at java.lang.Thread.run(Thread.java:748)
2019-09-13 00:46:04.274+0000 [id=37837]	FINE	o.j.p.w.s.d.DurableTaskStep$Execution#getWorkspace: Jenkins is not running, no such node dse-team-apac-aburdajewicz-testscenario-4-10xd4-558nc-5khzj, or it is offline
2019-09-13 00:46:04.574+0000 [id=37836]	FINE	o.j.p.w.s.d.DurableTaskStep$Execution#getWorkspace: Jenkins is not running, no such node dse-team-apac-aburdajewicz-testscenario-4-10xd4-558nc-5khzj, or it is offline
2019-09-13 00:46:04.935+0000 [id=37838]	FINE	o.j.p.w.s.d.DurableTaskStep$Execution#getWorkspace: Jenkins is not running, no such node dse-team-apac-aburdajewicz-testscenario-4-10xd4-558nc-5khzj, or it is offline
2019-09-13 00:46:05.367+0000 [id=37837]	FINE	o.j.p.w.s.d.DurableTaskStep$Execution#getWorkspace: Jenkins is not running, no such node dse-team-apac-aburdajewicz-testscenario-4-10xd4-558nc-5khzj, or it is offline
2019-09-13 00:46:05.886+0000 [id=37839]	FINE	o.j.p.w.s.d.DurableTaskStep$Execution#getWorkspace: Jenkins is not running, no such node dse-team-apac-aburdajewicz-testscenario-4-10xd4-558nc-5khzj, or it is offline
2019-09-13 00:46:06.507+0000 [id=37836]	FINE	o.j.p.w.s.d.DurableTaskStep$Execution#getWorkspace: Jenkins is not running, no such node dse-team-apac-aburdajewicz-testscenario-4-10xd4-558nc-5khzj, or it is offline
2019-09-13 00:46:07.252+0000 [id=37840]	FINE	o.j.p.w.s.d.DurableTaskStep$Execution#getWorkspace: Jenkins is not running, no such node dse-team-apac-aburdajewicz-testscenario-4-10xd4-558nc-5khzj, or it is offline
2019-09-13 00:46:08.147+0000 [id=37838]	FINE	o.j.p.w.s.d.DurableTaskStep$Execution#getWorkspace: Jenkins is not running, no such node dse-team-apac-aburdajewicz-testscenario-4-10xd4-558nc-5khzj, or it is offline
2019-09-13 00:46:09.219+0000 [id=37841]	FINE	o.j.p.w.s.d.DurableTaskStep$Execution#getWorkspace: Jenkins is not running, no such node dse-team-apac-aburdajewicz-testscenario-4-10xd4-558nc-5khzj, or it is offline
2019-09-13 00:46:10.506+0000 [id=37837]	FINE	o.j.p.w.s.d.DurableTaskStep$Execution#getWorkspace: Jenkins is not running, no such node dse-team-apac-aburdajewicz-testscenario-4-10xd4-558nc-5khzj, or it is offline
2019-09-13 00:46:12.049+0000 [id=37842]	FINE	o.j.p.w.s.d.DurableTaskStep$Execution#getWorkspace: Jenkins is not running, no such node dse-team-apac-aburdajewicz-testscenario-4-10xd4-558nc-5khzj, or it is offline
2019-09-13 00:46:13.900+0000 [id=37839]	FINE	o.j.p.w.s.d.DurableTaskStep$Execution#getWorkspace: Jenkins is not running, no such node dse-team-apac-aburdajewicz-testscenario-4-10xd4-558nc-5khzj, or it is offline
2019-09-13 00:46:16.122+0000 [id=37845]	FINE	o.j.p.w.s.d.DurableTaskStep$Execution#getWorkspace: Jenkins is not running, no such node dse-team-apac-aburdajewicz-testscenario-4-10xd4-558nc-5khzj, or it is offline
2019-09-13 00:46:18.787+0000 [id=37836]	FINE	o.j.p.w.s.d.DurableTaskStep$Execution#getWorkspace: Jenkins is not running, no such node dse-team-apac-aburdajewicz-testscenario-4-10xd4-558nc-5khzj, or it is offline
2019-09-13 00:46:21.985+0000 [id=37846]	FINE	o.j.p.w.s.d.DurableTaskStep$Execution#getWorkspace: Jenkins is not running, no such node dse-team-apac-aburdajewicz-testscenario-4-10xd4-558nc-5khzj, or it is offline
2019-09-13 00:46:25.823+0000 [id=37840]	FINE	o.j.p.w.s.d.DurableTaskStep$Execution#getWorkspace: Jenkins is not running, no such node dse-team-apac-aburdajewicz-testscenario-4-10xd4-558nc-5khzj, or it is offline
2019-09-13 00:46:30.427+0000 [id=37847]	FINE	o.j.p.w.s.d.DurableTaskStep$Execution#getWorkspace: Jenkins is not running, no such node dse-team-apac-aburdajewicz-testscenario-4-10xd4-558nc-5khzj, or it is offline
2019-09-13 00:46:35.952+0000 [id=37838]	FINE	o.j.p.w.s.d.DurableTaskStep$Execution#getWorkspace: Jenkins is not running, no such node dse-team-apac-aburdajewicz-testscenario-4-10xd4-558nc-5khzj, or it is offline
2019-09-13 00:46:42.580+0000 [id=37848]	FINE	o.j.p.w.s.d.DurableTaskStep$Execution#getWorkspace: Jenkins is not running, no such node dse-team-apac-aburdajewicz-testscenario-4-10xd4-558nc-5khzj, or it is offline
2019-09-13 00:46:50.533+0000 [id=37841]	FINE	o.j.p.w.s.d.DurableTaskStep$Execution#getWorkspace: Jenkins is not running, no such node dse-team-apac-aburdajewicz-testscenario-4-10xd4-558nc-5khzj, or it is offline
2019-09-13 00:47:00.077+0000 [id=37849]	FINE	o.j.p.w.s.d.DurableTaskStep$Execution#getWorkspace: Jenkins is not running, no such node dse-team-apac-aburdajewicz-testscenario-4-10xd4-558nc-5khzj, or it is offline
2019-09-13 00:47:11.528+0000 [id=37849]	FINE	o.j.p.w.s.d.DurableTaskStep$Execution#getWorkspace: Jenkins is not running, no such node dse-team-apac-aburdajewicz-testscenario-4-10xd4-558nc-5khzj, or it is offline
2019-09-13 00:47:25.270+0000 [id=37849]	FINE	o.j.p.w.s.d.DurableTaskStep$Execution#getWorkspace: Jenkins is not running, no such node dse-team-apac-aburdajewicz-testscenario-4-10xd4-558nc-5khzj, or it is offline
2019-09-13 00:47:40.270+0000 [id=37849]	FINE	o.j.p.w.s.d.DurableTaskStep$Execution#getWorkspace: Jenkins is not running, no such node dse-team-apac-aburdajewicz-testscenario-4-10xd4-558nc-5khzj, or it is offline
2019-09-13 00:47:55.270+0000 [id=37849]	FINE	o.j.p.w.s.d.DurableTaskStep$Execution#getWorkspace: Jenkins is not running, no such node dse-team-apac-aburdajewicz-testscenario-4-10xd4-558nc-5khzj, or it is offline
2019-09-13 00:48:10.271+0000 [id=37849]	FINE	o.j.p.w.s.d.DurableTaskStep$Execution#getWorkspace: Jenkins is not running, no such node dse-team-apac-aburdajewicz-testscenario-4-10xd4-558nc-5khzj, or it is offline
2019-09-13 00:48:25.271+0000 [id=37849]	FINE	o.j.p.w.s.d.DurableTaskStep$Execution#getWorkspace: Jenkins is not running, no such node dse-team-apac-aburdajewicz-testscenario-4-10xd4-558nc-5khzj, or it is offline
2019-09-13 00:48:40.272+0000 [id=37849]	FINE	o.j.p.w.s.d.DurableTaskStep$Execution#getWorkspace: Jenkins is not running, no such node dse-team-apac-aburdajewicz-testscenario-4-10xd4-558nc-5khzj, or it is offline
2019-09-13 00:48:55.272+0000 [id=37849]	FINE	o.j.p.w.s.d.DurableTaskStep$Execution#getWorkspace: Jenkins is not running, no such node dse-team-apac-aburdajewicz-testscenario-4-10xd4-558nc-5khzj, or it is offline
2019-09-13 00:49:10.272+0000 [id=37849]	FINE	o.j.p.w.s.d.DurableTaskStep$Execution#getWorkspace: Jenkins is not running, no such node dse-team-apac-aburdajewicz-testscenario-4-10xd4-558nc-5khzj, or it is offline
2019-09-13 00:49:25.273+0000 [id=37849]	FINE	o.j.p.w.s.d.DurableTaskStep$Execution#getWorkspace: Jenkins is not running, no such node dse-team-apac-aburdajewicz-testscenario-4-10xd4-558nc-5khzj, or it is offline
2019-09-13 00:49:40.273+0000 [id=37849]	FINE	o.j.p.w.s.d.DurableTaskStep$Execution#getWorkspace: Jenkins is not running, no such node dse-team-apac-aburdajewicz-testscenario-4-10xd4-558nc-5khzj, or it is offline
2019-09-13 00:49:55.274+0000 [id=37849]	FINE	o.j.p.w.s.d.DurableTaskStep$Execution#getWorkspace: Jenkins is not running, no such node dse-team-apac-aburdajewicz-testscenario-4-10xd4-558nc-5khzj, or it is offline
2019-09-13 00:50:10.274+0000 [id=37849]	FINE	o.j.p.w.s.d.DurableTaskStep$Execution#getWorkspace: Jenkins is not running, no such node dse-team-apac-aburdajewicz-testscenario-4-10xd4-558nc-5khzj, or it is offline
2019-09-13 00:50:25.274+0000 [id=37849]	FINE	o.j.p.w.s.d.DurableTaskStep$Execution#getWorkspace: Jenkins is not running, no such node dse-team-apac-aburdajewicz-testscenario-4-10xd4-558nc-5khzj, or it is offline
2019-09-13 00:50:40.275+0000 [id=37849]	FINE	o.j.p.w.s.d.DurableTaskStep$Execution#getWorkspace: Jenkins is not running, no such node dse-team-apac-aburdajewicz-testscenario-4-10xd4-558nc-5khzj, or it is offline
2019-09-13 00:50:55.275+0000 [id=37849]	FINE	o.j.p.w.s.d.DurableTaskStep$Execution#getWorkspace: Jenkins is not running, no such node dse-team-apac-aburdajewicz-testscenario-4-10xd4-558nc-5khzj, or it is offline
