Running jid: 20171108193450382201
Waiting for 1 minions
0 minions are done
Will check status every 10 seconds...

FATAL: null
java.lang.StackOverflowError
	at org.apache.commons.beanutils.PropertyUtilsBean.getPropertyDescriptors(PropertyUtilsBean.java:1084)
	at org.apache.commons.beanutils.PropertyUtilsBean.getPropertyDescriptor(PropertyUtilsBean.java:912)
	at org.apache.commons.beanutils.PropertyUtilsBean.getSimpleProperty(PropertyUtilsBean.java:1319)
	at org.apache.commons.beanutils.PropertyUtilsBean.getNestedProperty(PropertyUtilsBean.java:770)
	at org.apache.commons.beanutils.PropertyUtilsBean.getProperty(PropertyUtilsBean.java:846)
	at org.apache.commons.beanutils.PropertyUtils.getProperty(PropertyUtils.java:426)
	at net.sf.json.JSONObject.defaultBeanProcessing(JSONObject.java:692)
	at net.sf.json.JSONObject._fromBean(JSONObject.java:642)
	at net.sf.json.JSONObject.fromObject(JSONObject.java:169)
	at net.sf.json.JSONSerializer.toJSON(JSONSerializer.java:108)
	at net.sf.json.AbstractJSON._processValue(AbstractJSON.java:239)
	at net.sf.json.JSONArray._processValue(JSONArray.java:2492)
	at net.sf.json.JSONArray.processValue(JSONArray.java:2517)
	at net.sf.json.JSONArray.addValue(JSONArray.java:2504)
	at net.sf.json.JSONArray.element(JSONArray.java:1719)
	at net.sf.json.JSONArray.fromObject(JSONArray.java:159)
	at net.sf.json.JSONSerializer.toJSON(JSONSerializer.java:113)
	at net.sf.json.AbstractJSON._processValue(AbstractJSON.java:239)
	at net.sf.json.JSONArray._processValue(JSONArray.java:2492)
	at net.sf.json.JSONArray.processValue(JSONArray.java:2517)
	at net.sf.json.JSONArray.addValue(JSONArray.java:2504)
	at net.sf.json.JSONArray.element(JSONArray.java:1719)
	at net.sf.json.JSONArray.fromObject(JSONArray.java:159)
	at net.sf.json.JSONSerializer.toJSON(JSONSerializer.java:113)
	at net.sf.json.AbstractJSON._processValue(AbstractJSON.java:239)
	at net.sf.json.JSONArray._processValue(JSONArray.java:2492)
	at net.sf.json.JSONArray.processValue(JSONArray.java:2517)
	at net.sf.json.JSONArray.addValue(JSONArray.java:2504)
	at net.sf.json.JSONArray.element(JSONArray.java:1719)
	at net.sf.json.JSONArray.fromObject(JSONArray.java:159)
	at net.sf.json.JSONSerializer.toJSON(JSONSerializer.java:113)
	at net.sf.json.AbstractJSON._processValue(AbstractJSON.java:239)
	at net.sf.json.JSONArray._processValue(JSONArray.java:2492)
	at net.sf.json.JSONArray.processValue(JSONArray.java:2517)
	at net.sf.json.JSONArray.addValue(JSONArray.java:2504)
	at net.sf.json.JSONArray.element(JSONArray.java:1719)
	at net.sf.json.JSONArray.fromObject(JSONArray.java:159)
	at net.sf.json.JSONSerializer.toJSON(JSONSerializer.java:113)
	at net.sf.json.AbstractJSON._processValue(AbstractJSON.java:239)
	at net.sf.json.JSONArray._processValue(JSONArray.java:2492)
	at net.sf.json.JSONArray.processValue(JSONArray.java:2517)
	at net.sf.json.JSONArray.addValue(JSONArray.java:2504)
	at net.sf.json.JSONArray.element(JSONArray.java:1719)
	at net.sf.json.JSONArray.fromObject(JSONArray.java:159)
	at net.sf.json.JSONSerializer.toJSON(JSONSerializer.java:113)
	at net.sf.json.AbstractJSON._processValue(AbstractJSON.java:239)
	at net.sf.json.JSONArray._processValue(JSONArray.java:2492)
	at net.sf.json.JSONArray.processValue(JSONArray.java:2517)
	at net.sf.json.JSONArray.addValue(JSONArray.java:2504)
	at net.sf.json.JSONArray.element(JSONArray.java:1719)
	at net.sf.json.JSONArray.fromObject(JSONArray.java:159)
	at net.sf.json.JSONSerializer.toJSON(JSONSerializer.java:113)
	at net.sf.json.AbstractJSON._processValue(AbstractJSON.java:239)
	at net.sf.json.JSONArray._processValue(JSONArray.java:2492)
	at net.sf.json.JSONArray.processValue(JSONArray.java:2517)
	at net.sf.json.JSONArray.addValue(JSONArray.java:2504)
	at net.sf.json.JSONArray.element(JSONArray.java:1719)
	at net.sf.json.JSONArray.fromObject(JSONArray.java:159)
	at net.sf.json.JSONSerializer.toJSON(JSONSerializer.java:113)
	at net.sf.json.AbstractJSON._processValue(AbstractJSON.java:239)
	at net.sf.json.JSONArray._processValue(JSONArray.java:2492)
	at net.sf.json.JSONArray.processValue(JSONArray.java:2517)
	at net.sf.json.JSONArray.addValue(JSONArray.java:2504)
	at net.sf.json.JSONArray.element(JSONArray.java:1719)
	at net.sf.json.JSONArray.fromObject(JSONArray.java:159)
	at net.sf.json.JSONSerializer.toJSON(JSONSerializer.java:113)
	at net.sf.json.AbstractJSON._processValue(AbstractJSON.java:239)
	at net.sf.json.JSONArray._processValue(JSONArray.java:2492)
	at net.sf.json.JSONArray.processValue(JSONArray.java:2517)
	at net.sf.json.JSONArray.addValue(JSONArray.java:2504)
	at net.sf.json.JSONArray.element(JSONArray.java:1719)
	at net.sf.json.JSONArray.fromObject(JSONArray.java:159)
	at net.sf.json.JSONSerializer.toJSON(JSONSerializer.java:113)
	at net.sf.json.AbstractJSON._processValue(AbstractJSON.java:239)
	at net.sf.json.JSONArray._processValue(JSONArray.java:2492)
	at net.sf.json.JSONArray.processValue(JSONArray.java:2517)
	at net.sf.json.JSONArray.addValue(JSONArray.java:2504)
	at net.sf.json.JSONArray.element(JSONArray.java:1719)
	at net.sf.json.JSONArray.fromObject(JSONArray.java:159)
	at net.sf.json.JSONSerializer.toJSON(JSONSerializer.java:113)
	at net.sf.json.AbstractJSON._processValue(AbstractJSON.java:239)
	at net.sf.json.JSONArray._processValue(JSONArray.java:2492)
	at net.sf.json.JSONArray.processValue(JSONArray.java:2517)
	at net.sf.json.JSONArray.addValue(JSONArray.java:2504)
	at net.sf.json.JSONArray.element(JSONArray.java:1719)
	at net.sf.json.JSONArray.fromObject(JSONArray.java:159)
	at net.sf.json.JSONSerializer.toJSON(JSONSerializer.java:113)
	at net.sf.json.AbstractJSON._processValue(AbstractJSON.java:239)
	at net.sf.json.JSONArray._processValue(JSONArray.java:2492)
	at net.sf.json.JSONArray.processValue(JSONArray.java:2517)
	at net.sf.json.JSONArray.addValue(JSONArray.java:2504)
	at net.sf.json.JSONArray.element(JSONArray.java:1719)
	at net.sf.json.JSONArray.fromObject(JSONArray.java:159)
	at net.sf.json.JSONSerializer.toJSON(JSONSerializer.java:113)
	at net.sf.json.AbstractJSON._processValue(AbstractJSON.java:239)
	at net.sf.json.JSONArray._processValue(JSONArray.java:2492)
	at net.sf.json.JSONArray.processValue(JSONArray.java:2517)
	at net.sf.json.JSONArray.addValue(JSONArray.java:2504)
	at net.sf.json.JSONArray.element(JSONArray.java:1719)
	at net.sf.json.JSONArray.fromObject(JSONArray.java:159)
	at net.sf.json.JSONSerializer.toJSON(JSONSerializer.java:113)
	at net.sf.json.AbstractJSON._processValue(AbstractJSON.java:239)
	at net.sf.json.JSONArray._processValue(JSONArray.java:2492)
	at net.sf.json.JSONArray.processValue(JSONArray.java:2517)
	at net.sf.json.JSONArray.addValue(JSONArray.java:2504)
	at net.sf.json.JSONArray.element(JSONArray.java:1719)
	at net.sf.json.JSONArray.fromObject(JSONArray.java:159)
	at net.sf.json.JSONSerializer.toJSON(JSONSerializer.java:113)
	at net.sf.json.AbstractJSON._processValue(AbstractJSON.java:239)
	at net.sf.json.JSONArray._processValue(JSONArray.java:2492)
	at net.sf.json.JSONArray.processValue(JSONArray.java:2517)
	at net.sf.json.JSONArray.addValue(JSONArray.java:2504)
	at net.sf.json.JSONArray.element(JSONArray.java:1719)
	at net.sf.json.JSONArray.fromObject(JSONArray.java:159)
	at net.sf.json.JSONSerializer.toJSON(JSONSerializer.java:113)
	at net.sf.json.AbstractJSON._processValue(AbstractJSON.java:239)
	at net.sf.json.JSONArray._processValue(JSONArray.java:2492)
	at net.sf.json.JSONArray.processValue(JSONArray.java:2517)
	at net.sf.json.JSONArray.addValue(JSONArray.java:2504)
	at net.sf.json.JSONArray.element(JSONArray.java:1719)
	at net.sf.json.JSONArray.fromObject(JSONArray.java:159)
	at net.sf.json.JSONSerializer.toJSON(JSONSerializer.java:113)
	at net.sf.json.AbstractJSON._processValue(AbstractJSON.java:239)
	at net.sf.json.JSONArray._processValue(JSONArray.java:2492)
	at net.sf.json.JSONArray.processValue(JSONArray.java:2517)
	at net.sf.json.JSONArray.addValue(JSONArray.java:2504)
	at net.sf.json.JSONArray.element(JSONArray.java:1719)
	at net.sf.json.JSONArray.fromObject(JSONArray.java:159)
	at net.sf.json.JSONSerializer.toJSON(JSONSerializer.java:113)
	at net.sf.json.AbstractJSON._processValue(AbstractJSON.java:239)
	at net.sf.json.JSONArray._processValue(JSONArray.java:2492)
	at net.sf.json.JSONArray.processValue(JSONArray.java:2517)
	at net.sf.json.JSONArray.addValue(JSONArray.java:2504)
	at net.sf.json.JSONArray.element(JSONArray.java:1719)
	at net.sf.json.JSONArray.fromObject(JSONArray.java:159)
	at net.sf.json.JSONSerializer.toJSON(JSONSerializer.java:113)
	at net.sf.json.AbstractJSON._processValue(AbstractJSON.java:239)
	at net.sf.json.JSONArray._processValue(JSONArray.java:2492)
	at net.sf.json.JSONArray.processValue(JSONArray.java:2517)
	at net.sf.json.JSONArray.addValue(JSONArray.java:2504)
	at net.sf.json.JSONArray.element(JSONArray.java:1719)
	at net.sf.json.JSONArray.fromObject(JSONArray.java:159)
	at net.sf.json.JSONSerializer.toJSON(JSONSerializer.java:113)
	at net.sf.json.AbstractJSON._processValue(AbstractJSON.java:239)
	at net.sf.json.JSONArray._processValue(JSONArray.java:2492)
	at net.sf.json.JSONArray.processValue(JSONArray.java:2517)
	at net.sf.json.JSONArray.addValue(JSONArray.java:2504)
	at net.sf.json.JSONArray.element(JSONArray.java:1719)
	at net.sf.json.JSONArray.fromObject(JSONArray.java:159)
	at net.sf.json.JSONSerializer.toJSON(JSONSerializer.java:113)
	at net.sf.json.AbstractJSON._processValue(AbstractJSON.java:239)
	at net.sf.json.JSONArray._processValue(JSONArray.java:2492)
	at net.sf.json.JSONArray.processValue(JSONArray.java:2517)
	at net.sf.json.JSONArray.addValue(JSONArray.java:2504)
	at net.sf.json.JSONArray.element(JSONArray.java:1719)
	at net.sf.json.JSONArray.fromObject(JSONArray.java:159)
	at net.sf.json.JSONSerializer.toJSON(JSONSerializer.java:113)
	at net.sf.json.AbstractJSON._processValue(AbstractJSON.java:239)
	at net.sf.json.JSONArray._processValue(JSONArray.java:2492)
	at net.sf.json.JSONArray.processValue(JSONArray.java:2517)
	at net.sf.json.JSONArray.addValue(JSONArray.java:2504)
	at net.sf.json.JSONArray.element(JSONArray.java:1719)
	at net.sf.json.JSONArray.fromObject(JSONArray.java:159)
	at net.sf.json.JSONSerializer.toJSON(JSONSerializer.java:113)
	at net.sf.json.AbstractJSON._processValue(AbstractJSON.java:239)
	at net.sf.json.JSONArray._processValue(JSONArray.java:2492)
	at net.sf.json.JSONArray.processValue(JSONArray.java:2517)
	at net.sf.json.JSONArray.addValue(JSONArray.java:2504)
	at net.sf.json.JSONArray.element(JSONArray.java:1719)
	at net.sf.json.JSONArray.fromObject(JSONArray.java:159)
	at net.sf.json.JSONSerializer.toJSON(JSONSerializer.java:113)
	at net.sf.json.AbstractJSON._processValue(AbstractJSON.java:239)
	at net.sf.json.JSONArray._processValue(JSONArray.java:2492)
	at net.sf.json.JSONArray.processValue(JSONArray.java:2517)
	at net.sf.json.JSONArray.addValue(JSONArray.java:2504)
	at net.sf.json.JSONArray.element(JSONArray.java:1719)
	at net.sf.json.JSONArray.fromObject(JSONArray.java:159)
	at net.sf.json.JSONSerializer.toJSON(JSONSerializer.java:113)
	at net.sf.json.AbstractJSON._processValue(AbstractJSON.java:239)
	at net.sf.json.JSONArray._processValue(JSONArray.java:2492)
	at net.sf.json.JSONArray.processValue(JSONArray.java:2517)
	at net.sf.json.JSONArray.addValue(JSONArray.java:2504)
	at net.sf.json.JSONArray.element(JSONArray.java:1719)
	at net.sf.json.JSONArray.fromObject(JSONArray.java:159)
	at net.sf.json.JSONSerializer.toJSON(JSONSerializer.java:113)
	at net.sf.json.AbstractJSON._processValue(AbstractJSON.java:239)
	at net.sf.json.JSONArray._processValue(JSONArray.java:2492)
	at net.sf.json.JSONArray.processValue(JSONArray.java:2517)
	at net.sf.json.JSONArray.addValue(JSONArray.java:2504)
	at net.sf.json.JSONArray.element(JSONArray.java:1719)
	at net.sf.json.JSONArray.fromObject(JSONArray.java:159)
	at net.sf.json.JSONSerializer.toJSON(JSONSerializer.java:113)
	at net.sf.json.AbstractJSON._processValue(AbstractJSON.java:239)
	at net.sf.json.JSONArray._processValue(JSONArray.java:2492)
	at net.sf.json.JSONArray.processValue(JSONArray.java:2517)
	at net.sf.json.JSONArray.addValue(JSONArray.java:2504)
	at net.sf.json.JSONArray.element(JSONArray.java:1719)
	at net.sf.json.JSONArray.fromObject(JSONArray.java:159)
	at net.sf.json.JSONSerializer.toJSON(JSONSerializer.java:113)
	at net.sf.json.AbstractJSON._processValue(AbstractJSON.java:239)
	at net.sf.json.JSONArray._processValue(JSONArray.java:2492)
	at net.sf.json.JSONArray.processValue(JSONArray.java:2517)
	at net.sf.json.JSONArray.addValue(JSONArray.java:2504)
	at net.sf.json.JSONArray.element(JSONArray.java:1719)
	at net.sf.json.JSONArray.fromObject(JSONArray.java:159)
	at net.sf.json.JSONSerializer.toJSON(JSONSerializer.java:113)
	at net.sf.json.AbstractJSON._processValue(AbstractJSON.java:239)
	at net.sf.json.JSONArray._processValue(JSONArray.java:2492)
	at net.sf.json.JSONArray.processValue(JSONArray.java:2517)
	at net.sf.json.JSONArray.addValue(JSONArray.java:2504)
	at net.sf.json.JSONArray.element(JSONArray.java:1719)
	at net.sf.json.JSONArray.fromObject(JSONArray.java:159)
	at net.sf.json.JSONSerializer.toJSON(JSONSerializer.java:113)
	at net.sf.json.AbstractJSON._processValue(AbstractJSON.java:239)
	at net.sf.json.JSONArray._processValue(JSONArray.java:2492)
	at net.sf.json.JSONArray.processValue(JSONArray.java:2517)
	at net.sf.json.JSONArray.addValue(JSONArray.java:2504)
	at net.sf.json.JSONArray.element(JSONArray.java:1719)
	at net.sf.json.JSONArray.fromObject(JSONArray.java:159)
	at net.sf.json.JSONSerializer.toJSON(JSONSerializer.java:113)
	at net.sf.json.AbstractJSON._processValue(AbstractJSON.java:239)
	at net.sf.json.JSONArray._processValue(JSONArray.java:2492)
	at net.sf.json.JSONArray.processValue(JSONArray.java:2517)
	at net.sf.json.JSONArray.addValue(JSONArray.java:2504)
	at net.sf.json.JSONArray.element(JSONArray.java:1719)
	at net.sf.json.JSONArray.fromObject(JSONArray.java:159)
	at net.sf.json.JSONSerializer.toJSON(JSONSerializer.java:113)
	at net.sf.json.AbstractJSON._processValue(AbstractJSON.java:239)
	at net.sf.json.JSONArray._processValue(JSONArray.java:2492)
	at net.sf.json.JSONArray.processValue(JSONArray.java:2517)
	at net.sf.json.JSONArray.addValue(JSONArray.java:2504)
	at net.sf.json.JSONArray.element(JSONArray.java:1719)
	at net.sf.json.JSONArray.fromObject(JSONArray.java:159)
	at net.sf.json.JSONSerializer.toJSON(JSONSerializer.java:113)
	at net.sf.json.AbstractJSON._processValue(AbstractJSON.java:239)
	at net.sf.json.JSONArray._processValue(JSONArray.java:2492)
	at net.sf.json.JSONArray.processValue(JSONArray.java:2517)
	at net.sf.json.JSONArray.addValue(JSONArray.java:2504)
	at net.sf.json.JSONArray.element(JSONArray.java:1719)
	at net.sf.json.JSONArray.fromObject(JSONArray.java:159)
	at net.sf.json.JSONSerializer.toJSON(JSONSerializer.java:113)
	at net.sf.json.AbstractJSON._processValue(AbstractJSON.java:239)
	at net.sf.json.JSONArray._processValue(JSONArray.java:2492)
	at net.sf.json.JSONArray.processValue(JSONArray.java:2517)
	at net.sf.json.JSONArray.addValue(JSONArray.java:2504)
	at net.sf.json.JSONArray.element(JSONArray.java:1719)
	at net.sf.json.JSONArray.fromObject(JSONArray.java:159)
	at net.sf.json.JSONSerializer.toJSON(JSONSerializer.java:113)
	at net.sf.json.AbstractJSON._processValue(AbstractJSON.java:239)
	at net.sf.json.JSONArray._processValue(JSONArray.java:2492)
	at net.sf.json.JSONArray.processValue(JSONArray.java:2517)
	at net.sf.json.JSONArray.addValue(JSONArray.java:2504)
	at net.sf.json.JSONArray.element(JSONArray.java:1719)
	at net.sf.json.JSONArray.fromObject(JSONArray.java:159)
	at net.sf.json.JSONSerializer.toJSON(JSONSerializer.java:113)
	at net.sf.json.AbstractJSON._processValue(AbstractJSON.java:239)
	at net.sf.json.JSONArray._processValue(JSONArray.java:2492)
	at net.sf.json.JSONArray.processValue(JSONArray.java:2517)
	at net.sf.json.JSONArray.addValue(JSONArray.java:2504)
	at net.sf.json.JSONArray.element(JSONArray.java:1719)
	at net.sf.json.JSONArray.fromObject(JSONArray.java:159)
	at net.sf.json.JSONSerializer.toJSON(JSONSerializer.java:113)
	at net.sf.json.AbstractJSON._processValue(AbstractJSON.java:239)
	at net.sf.json.JSONArray._processValue(JSONArray.java:2492)
	at net.sf.json.JSONArray.processValue(JSONArray.java:2517)
	at net.sf.json.JSONArray.addValue(JSONArray.java:2504)
	at net.sf.json.JSONArray.element(JSONArray.java:1719)
	at net.sf.json.JSONArray.fromObject(JSONArray.java:159)
	at net.sf.json.JSONSerializer.toJSON(JSONSerializer.java:113)
	at net.sf.json.AbstractJSON._processValue(AbstractJSON.java:239)
	at net.sf.json.JSONArray._processValue(JSONArray.java:2492)
	at net.sf.json.JSONArray.processValue(JSONArray.java:2517)
	at net.sf.json.JSONArray.addValue(JSONArray.java:2504)
	at net.sf.json.JSONArray.element(JSONArray.java:1719)
	at net.sf.json.JSONArray.fromObject(JSONArray.java:159)
	at net.sf.json.JSONSerializer.toJSON(JSONSerializer.java:113)
	at net.sf.json.AbstractJSON._processValue(AbstractJSON.java:239)
	at net.sf.json.JSONArray._processValue(JSONArray.java:2492)
	at net.sf.json.JSONArray.processValue(JSONArray.java:2517)
	at net.sf.json.JSONArray.addValue(JSONArray.java:2504)
	at net.sf.json.JSONArray.element(JSONArray.java:1719)
	at net.sf.json.JSONArray.fromObject(JSONArray.java:159)
	at net.sf.json.JSONSerializer.toJSON(JSONSerializer.java:113)
	at net.sf.json.AbstractJSON._processValue(AbstractJSON.java:239)
	at net.sf.json.JSONArray._processValue(JSONArray.java:2492)
	at net.sf.json.JSONArray.processValue(JSONArray.java:2517)
	at net.sf.json.JSONArray.addValue(JSONArray.java:2504)
	at net.sf.json.JSONArray.element(JSONArray.java:1719)
	at net.sf.json.JSONArray.fromObject(JSONArray.java:159)
	at net.sf.json.JSONSerializer.toJSON(JSONSerializer.java:113)
	at net.sf.json.AbstractJSON._processValue(AbstractJSON.java:239)
	at net.sf.json.JSONArray._processValue(JSONArray.java:2492)
	at net.sf.json.JSONArray.processValue(JSONArray.java:2517)
	at net.sf.json.JSONArray.addValue(JSONArray.java:2504)
	at net.sf.json.JSONArray.element(JSONArray.java:1719)
	at net.sf.json.JSONArray.fromObject(JSONArray.java:159)
	at net.sf.json.JSONSerializer.toJSON(JSONSerializer.java:113)
	at net.sf.json.AbstractJSON._processValue(AbstractJSON.java:239)
	at net.sf.json.JSONArray._processValue(JSONArray.java:2492)
	at net.sf.json.JSONArray.processValue(JSONArray.java:2517)
	at net.sf.json.JSONArray.addValue(JSONArray.java:2504)
	at net.sf.json.JSONArray.element(JSONArray.java:1719)
	at net.sf.json.JSONArray.fromObject(JSONArray.java:159)
	at net.sf.json.JSONSerializer.toJSON(JSONSerializer.java:113)
	at net.sf.json.AbstractJSON._processValue(AbstractJSON.java:239)
	at net.sf.json.JSONArray._processValue(JSONArray.java:2492)
	at net.sf.json.JSONArray.processValue(JSONArray.java:2517)
	at net.sf.json.JSONArray.addValue(JSONArray.java:2504)
	at net.sf.json.JSONArray.element(JSONArray.java:1719)
	at net.sf.json.JSONArray.fromObject(JSONArray.java:159)
	at net.sf.json.JSONSerializer.toJSON(JSONSerializer.java:113)
	at net.sf.json.AbstractJSON._processValue(AbstractJSON.java:239)
	at net.sf.json.JSONArray._processValue(JSONArray.java:2492)
	at net.sf.json.JSONArray.processValue(JSONArray.java:2517)
	at net.sf.json.JSONArray.addValue(JSONArray.java:2504)
	at net.sf.json.JSONArray.element(JSONArray.java:1719)
	at net.sf.json.JSONArray.fromObject(JSONArray.java:159)
	at net.sf.json.JSONSerializer.toJSON(JSONSerializer.java:113)
	at net.sf.json.AbstractJSON._processValue(AbstractJSON.java:239)
	at net.sf.json.JSONArray._processValue(JSONArray.java:2492)
	at net.sf.json.JSONArray.processValue(JSONArray.java:2517)
	at net.sf.json.JSONArray.addValue(JSONArray.java:2504)
	at net.sf.json.JSONArray.element(JSONArray.java:1719)
	at net.sf.json.JSONArray.fromObject(JSONArray.java:159)
	at net.sf.json.JSONSerializer.toJSON(JSONSerializer.java:113)
	at net.sf.json.AbstractJSON._processValue(AbstractJSON.java:239)
	at net.sf.json.JSONArray._processValue(JSONArray.java:2492)
	at net.sf.json.JSONArray.processValue(JSONArray.java:2517)
	at net.sf.json.JSONArray.addValue(JSONArray.java:2504)
	at net.sf.json.JSONArray.element(JSONArray.java:1719)
	at net.sf.json.JSONArray.fromObject(JSONArray.java:159)
	at net.sf.json.JSONSerializer.toJSON(JSONSerializer.java:113)
	at net.sf.json.AbstractJSON._processValue(AbstractJSON.java:239)
	at net.sf.json.JSONArray._processValue(JSONArray.java:2492)
	at net.sf.json.JSONArray.processValue(JSONArray.java:2517)
	at net.sf.json.JSONArray.addValue(JSONArray.java:2504)
	at net.sf.json.JSONArray.element(JSONArray.java:1719)
	at net.sf.json.JSONArray.fromObject(JSONArray.java:159)
	at net.sf.json.JSONSerializer.toJSON(JSONSerializer.java:113)
	at net.sf.json.AbstractJSON._processValue(AbstractJSON.java:239)
	at net.sf.json.JSONArray._processValue(JSONArray.java:2492)
	at net.sf.json.JSONArray.processValue(JSONArray.java:2517)
	at net.sf.json.JSONArray.addValue(JSONArray.java:2504)
	at net.sf.json.JSONArray.element(JSONArray.java:1719)
	at net.sf.json.JSONArray.fromObject(JSONArray.java:159)
	at net.sf.json.JSONSerializer.toJSON(JSONSerializer.java:113)
	at net.sf.json.AbstractJSON._processValue(AbstractJSON.java:239)
	at net.sf.json.JSONArray._processValue(JSONArray.java:2492)
	at net.sf.json.JSONArray.processValue(JSONArray.java:2517)
	at net.sf.json.JSONArray.addValue(JSONArray.java:2504)
	at net.sf.json.JSONArray.element(JSONArray.java:1719)
	at net.sf.json.JSONArray.fromObject(JSONArray.java:159)
	at net.sf.json.JSONSerializer.toJSON(JSONSerializer.java:113)
	at net.sf.json.AbstractJSON._processValue(AbstractJSON.java:239)
	at net.sf.json.JSONArray._processValue(JSONArray.java:2492)
	at net.sf.json.JSONArray.processValue(JSONArray.java:2517)
	at net.sf.json.JSONArray.addValue(JSONArray.java:2504)
	at net.sf.json.JSONArray.element(JSONArray.java:1719)
	at net.sf.json.JSONArray.fromObject(JSONArray.java:159)
	at net.sf.json.JSONSerializer.toJSON(JSONSerializer.java:113)
	at net.sf.json.AbstractJSON._processValue(AbstractJSON.java:239)
	at net.sf.json.JSONArray._processValue(JSONArray.java:2492)
	at net.sf.json.JSONArray.processValue(JSONArray.java:2517)
	at net.sf.json.JSONArray.addValue(JSONArray.java:2504)
	at net.sf.json.JSONArray.element(JSONArray.java:1719)
	at net.sf.json.JSONArray.fromObject(JSONArray.java:159)
	at net.sf.json.JSONSerializer.toJSON(JSONSerializer.java:113)
	at net.sf.json.AbstractJSON._processValue(AbstractJSON.java:239)
	at net.sf.json.JSONArray._processValue(JSONArray.java:2492)
	at net.sf.json.JSONArray.processValue(JSONArray.java:2517)
	at net.sf.json.JSONArray.addValue(JSONArray.java:2504)
	at net.sf.json.JSONArray.element(JSONArray.java:1719)
	at net.sf.json.JSONArray.fromObject(JSONArray.java:159)
	at net.sf.json.JSONSerializer.toJSON(JSONSerializer.java:113)
	at net.sf.json.AbstractJSON._processValue(AbstractJSON.java:239)
	at net.sf.json.JSONArray._processValue(JSONArray.java:2492)
	at net.sf.json.JSONArray.processValue(JSONArray.java:2517)
	at net.sf.json.JSONArray.addValue(JSONArray.java:2504)
	at net.sf.json.JSONArray.element(JSONArray.java:1719)
	at net.sf.json.JSONArray.fromObject(JSONArray.java:159)
	at net.sf.json.JSONSerializer.toJSON(JSONSerializer.java:113)
	at net.sf.json.AbstractJSON._processValue(AbstractJSON.java:239)
	at net.sf.json.JSONArray._processValue(JSONArray.java:2492)
	at net.sf.json.JSONArray.processValue(JSONArray.java:2517)
	at net.sf.json.JSONArray.addValue(JSONArray.java:2504)
	at net.sf.json.JSONArray.element(JSONArray.java:1719)
	at net.sf.json.JSONArray.fromObject(JSONArray.java:159)
	at net.sf.json.JSONSerializer.toJSON(JSONSerializer.java:113)
	at net.sf.json.AbstractJSON._processValue(AbstractJSON.java:239)
	at net.sf.json.JSONArray._processValue(JSONArray.java:2492)
	at net.sf.json.JSONArray.processValue(JSONArray.java:2517)
	at net.sf.json.JSONArray.addValue(JSONArray.java:2504)
	at net.sf.json.JSONArray.element(JSONArray.java:1719)
	at net.sf.json.JSONArray.fromObject(JSONArray.java:159)
	at net.sf.json.JSONSerializer.toJSON(JSONSerializer.java:113)
	at net.sf.json.AbstractJSON._processValue(AbstractJSON.java:239)
	at net.sf.json.JSONArray._processValue(JSONArray.java:2492)
	at net.sf.json.JSONArray.processValue(JSONArray.java:2517)
	at net.sf.json.JSONArray.addValue(JSONArray.java:2504)
	at net.sf.json.JSONArray.element(JSONArray.java:1719)
	at net.sf.json.JSONArray.fromObject(JSONArray.java:159)
	at net.sf.json.JSONSerializer.toJSON(JSONSerializer.java:113)
	at net.sf.json.AbstractJSON._processValue(AbstractJSON.java:239)
	at net.sf.json.JSONArray._processValue(JSONArray.java:2492)
	at net.sf.json.JSONArray.processValue(JSONArray.java:2517)
	at net.sf.json.JSONArray.addValue(JSONArray.java:2504)
	at net.sf.json.JSONArray.element(JSONArray.java:1719)
	at net.sf.json.JSONArray.fromObject(JSONArray.java:159)
	at net.sf.json.JSONSerializer.toJSON(JSONSerializer.java:113)
	at net.sf.json.AbstractJSON._processValue(AbstractJSON.java:239)
	at net.sf.json.JSONArray._processValue(JSONArray.java:2492)
	at net.sf.json.JSONArray.processValue(JSONArray.java:2517)
	at net.sf.json.JSONArray.addValue(JSONArray.java:2504)
	at net.sf.json.JSONArray.element(JSONArray.java:1719)
	at net.sf.json.JSONArray.fromObject(JSONArray.java:159)
	at net.sf.json.JSONSerializer.toJSON(JSONSerializer.java:113)
	at net.sf.json.AbstractJSON._processValue(AbstractJSON.java:239)
	at net.sf.json.JSONArray._processValue(JSONArray.java:2492)
	at net.sf.json.JSONArray.processValue(JSONArray.java:2517)
	at net.sf.json.JSONArray.addValue(JSONArray.java:2504)
	at net.sf.json.JSONArray.element(JSONArray.java:1719)
	at net.sf.json.JSONArray.fromObject(JSONArray.java:159)
	at net.sf.json.JSONSerializer.toJSON(JSONSerializer.java:113)
	at net.sf.json.AbstractJSON._processValue(AbstractJSON.java:239)
	at net.sf.json.JSONArray._processValue(JSONArray.java:2492)
	at net.sf.json.JSONArray.processValue(JSONArray.java:2517)
	at net.sf.json.JSONArray.addValue(JSONArray.java:2504)
	at net.sf.json.JSONArray.element(JSONArray.java:1719)
	at net.sf.json.JSONArray.fromObject(JSONArray.java:159)
	at net.sf.json.JSONSerializer.toJSON(JSONSerializer.java:113)
	at net.sf.json.AbstractJSON._processValue(AbstractJSON.java:239)
	at net.sf.json.JSONArray._processValue(JSONArray.java:2492)
	at net.sf.json.JSONArray.processValue(JSONArray.java:2517)
	at net.sf.json.JSONArray.addValue(JSONArray.java:2504)
	at net.sf.json.JSONArray.element(JSONArray.java:1719)
	at net.sf.json.JSONArray.fromObject(JSONArray.java:159)
	at net.sf.json.JSONSerializer.toJSON(JSONSerializer.java:113)
	at net.sf.json.AbstractJSON._processValue(AbstractJSON.java:239)
	at net.sf.json.JSONArray._processValue(JSONArray.java:2492)
	at net.sf.json.JSONArray.processValue(JSONArray.java:2517)
	at net.sf.json.JSONArray.addValue(JSONArray.java:2504)
	at net.sf.json.JSONArray.element(JSONArray.java:1719)
	at net.sf.json.JSONArray.fromObject(JSONArray.java:159)
	at net.sf.json.JSONSerializer.toJSON(JSONSerializer.java:113)
	at net.sf.json.AbstractJSON._processValue(AbstractJSON.java:239)
	at net.sf.json.JSONArray._processValue(JSONArray.java:2492)
	at net.sf.json.JSONArray.processValue(JSONArray.java:2517)
	at net.sf.json.JSONArray.addValue(JSONArray.java:2504)
	at net.sf.json.JSONArray.element(JSONArray.java:1719)
	at net.sf.json.JSONArray.fromObject(JSONArray.java:159)
	at net.sf.json.JSONSerializer.toJSON(JSONSerializer.java:113)
	at net.sf.json.AbstractJSON._processValue(AbstractJSON.java:239)
	at net.sf.json.JSONArray._processValue(JSONArray.java:2492)
	at net.sf.json.JSONArray.processValue(JSONArray.java:2517)
	at net.sf.json.JSONArray.addValue(JSONArray.java:2504)
	at net.sf.json.JSONArray.element(JSONArray.java:1719)
	at net.sf.json.JSONArray.fromObject(JSONArray.java:159)
	at net.sf.json.JSONSerializer.toJSON(JSONSerializer.java:113)
	at net.sf.json.AbstractJSON._processValue(AbstractJSON.java:239)
	at net.sf.json.JSONArray._processValue(JSONArray.java:2492)
	at net.sf.json.JSONArray.processValue(JSONArray.java:2517)
	at net.sf.json.JSONArray.addValue(JSONArray.java:2504)
	at net.sf.json.JSONArray.element(JSONArray.java:1719)
	at net.sf.json.JSONArray.fromObject(JSONArray.java:159)
	at net.sf.json.JSONSerializer.toJSON(JSONSerializer.java:113)
	at net.sf.json.AbstractJSON._processValue(AbstractJSON.java:239)
	at net.sf.json.JSONArray._processValue(JSONArray.java:2492)
	at net.sf.json.JSONArray.processValue(JSONArray.java:2517)
	at net.sf.json.JSONArray.addValue(JSONArray.java:2504)
	at net.sf.json.JSONArray.element(JSONArray.java:1719)
	at net.sf.json.JSONArray.fromObject(JSONArray.java:159)
	at net.sf.json.JSONSerializer.toJSON(JSONSerializer.java:113)
	at net.sf.json.AbstractJSON._processValue(AbstractJSON.java:239)
	at net.sf.json.JSONArray._processValue(JSONArray.java:2492)
	at net.sf.json.JSONArray.processValue(JSONArray.java:2517)
	at net.sf.json.JSONArray.addValue(JSONArray.java:2504)
	at net.sf.json.JSONArray.element(JSONArray.java:1719)
	at net.sf.json.JSONArray.fromObject(JSONArray.java:159)
	at net.sf.json.JSONSerializer.toJSON(JSONSerializer.java:113)
	at net.sf.json.AbstractJSON._processValue(AbstractJSON.java:239)
	at net.sf.json.JSONArray._processValue(JSONArray.java:2492)
	at net.sf.json.JSONArray.processValue(JSONArray.java:2517)
	at net.sf.json.JSONArray.addValue(JSONArray.java:2504)
	at net.sf.json.JSONArray.element(JSONArray.java:1719)
	at net.sf.json.JSONArray.fromObject(JSONArray.java:159)
	at net.sf.json.JSONSerializer.toJSON(JSONSerializer.java:113)
	at net.sf.json.AbstractJSON._processValue(AbstractJSON.java:239)
	at net.sf.json.JSONArray._processValue(JSONArray.java:2492)
	at net.sf.json.JSONArray.processValue(JSONArray.java:2517)
	at net.sf.json.JSONArray.addValue(JSONArray.java:2504)
	at net.sf.json.JSONArray.element(JSONArray.java:1719)
	at net.sf.json.JSONArray.fromObject(JSONArray.java:159)
	at net.sf.json.JSONSerializer.toJSON(JSONSerializer.java:113)
	at net.sf.json.AbstractJSON._processValue(AbstractJSON.java:239)
	at net.sf.json.JSONArray._processValue(JSONArray.java:2492)
	at net.sf.json.JSONArray.processValue(JSONArray.java:2517)
	at net.sf.json.JSONArray.addValue(JSONArray.java:2504)
	at net.sf.json.JSONArray.element(JSONArray.java:1719)
	at net.sf.json.JSONArray.fromObject(JSONArray.java:159)
	at net.sf.json.JSONSerializer.toJSON(JSONSerializer.java:113)
	at net.sf.json.AbstractJSON._processValue(AbstractJSON.java:239)
	at net.sf.json.JSONArray._processValue(JSONArray.java:2492)
	at net.sf.json.JSONArray.processValue(JSONArray.java:2517)
	at net.sf.json.JSONArray.addValue(JSONArray.java:2504)
	at net.sf.json.JSONArray.element(JSONArray.java:1719)
	at net.sf.json.JSONArray.fromObject(JSONArray.java:159)
	at net.sf.json.JSONSerializer.toJSON(JSONSerializer.java:113)
	at net.sf.json.AbstractJSON._processValue(AbstractJSON.java:239)
	at net.sf.json.JSONArray._processValue(JSONArray.java:2492)
	at net.sf.json.JSONArray.processValue(JSONArray.java:2517)
	at net.sf.json.JSONArray.addValue(JSONArray.java:2504)
	at net.sf.json.JSONArray.element(JSONArray.java:1719)
	at net.sf.json.JSONArray.fromObject(JSONArray.java:159)
	at net.sf.json.JSONSerializer.toJSON(JSONSerializer.java:113)
	at net.sf.json.AbstractJSON._processValue(AbstractJSON.java:239)
	at net.sf.json.JSONArray._processValue(JSONArray.java:2492)
	at net.sf.json.JSONArray.processValue(JSONArray.java:2517)
	at net.sf.json.JSONArray.addValue(JSONArray.java:2504)
	at net.sf.json.JSONArray.element(JSONArray.java:1719)
	at net.sf.json.JSONArray.fromObject(JSONArray.java:159)
	at net.sf.json.JSONSerializer.toJSON(JSONSerializer.java:113)
	at net.sf.json.AbstractJSON._processValue(AbstractJSON.java:239)
	at net.sf.json.JSONArray._processValue(JSONArray.java:2492)
	at net.sf.json.JSONArray.processValue(JSONArray.java:2517)
	at net.sf.json.JSONArray.addValue(JSONArray.java:2504)
	at net.sf.json.JSONArray.element(JSONArray.java:1719)
	at net.sf.json.JSONArray.fromObject(JSONArray.java:159)
	at net.sf.json.JSONSerializer.toJSON(JSONSerializer.java:113)
	at net.sf.json.AbstractJSON._processValue(AbstractJSON.java:239)
	at net.sf.json.JSONArray._processValue(JSONArray.java:2492)
	at net.sf.json.JSONArray.processValue(JSONArray.java:2517)
	at net.sf.json.JSONArray.addValue(JSONArray.java:2504)
	at net.sf.json.JSONArray.element(JSONArray.java:1719)
	at net.sf.json.JSONArray.fromObject(JSONArray.java:159)
	at net.sf.json.JSONSerializer.toJSON(JSONSerializer.java:113)
	at net.sf.json.AbstractJSON._processValue(AbstractJSON.java:239)
	at net.sf.json.JSONArray._processValue(JSONArray.java:2492)
	at net.sf.json.JSONArray.processValue(JSONArray.java:2517)
	at net.sf.json.JSONArray.addValue(JSONArray.java:2504)
	at net.sf.json.JSONArray.element(JSONArray.java:1719)
	at net.sf.json.JSONArray.fromObject(JSONArray.java:159)
	at net.sf.json.JSONSerializer.toJSON(JSONSerializer.java:113)
	at net.sf.json.AbstractJSON._processValue(AbstractJSON.java:239)
	at net.sf.json.JSONArray._processValue(JSONArray.java:2492)
	at net.sf.json.JSONArray.processValue(JSONArray.java:2517)
	at net.sf.json.JSONArray.addValue(JSONArray.java:2504)
	at net.sf.json.JSONArray.element(JSONArray.java:1719)
	at net.sf.json.JSONArray.fromObject(JSONArray.java:159)
	at net.sf.json.JSONSerializer.toJSON(JSONSerializer.java:113)
	at net.sf.json.AbstractJSON._processValue(AbstractJSON.java:239)
	at net.sf.json.JSONArray._processValue(JSONArray.java:2492)
	at net.sf.json.JSONArray.processValue(JSONArray.java:2517)
	at net.sf.json.JSONArray.addValue(JSONArray.java:2504)
	at net.sf.json.JSONArray.element(JSONArray.java:1719)
	at net.sf.json.JSONArray.fromObject(JSONArray.java:159)
	at net.sf.json.JSONSerializer.toJSON(JSONSerializer.java:113)
	at net.sf.json.AbstractJSON._processValue(AbstractJSON.java:239)
	at net.sf.json.JSONArray._processValue(JSONArray.java:2492)
	at net.sf.json.JSONArray.processValue(JSONArray.java:2517)
	at net.sf.json.JSONArray.addValue(JSONArray.java:2504)
	at net.sf.json.JSONArray.element(JSONArray.java:1719)
	at net.sf.json.JSONArray.fromObject(JSONArray.java:159)
	at net.sf.json.JSONSerializer.toJSON(JSONSerializer.java:113)
	at net.sf.json.AbstractJSON._processValue(AbstractJSON.java:239)
	at net.sf.json.JSONArray._processValue(JSONArray.java:2492)
	at net.sf.json.JSONArray.processValue(JSONArray.java:2517)
	at net.sf.json.JSONArray.addValue(JSONArray.java:2504)
	at net.sf.json.JSONArray.element(JSONArray.java:1719)
	at net.sf.json.JSONArray.fromObject(JSONArray.java:159)
	at net.sf.json.JSONSerializer.toJSON(JSONSerializer.java:113)
	at net.sf.json.AbstractJSON._processValue(AbstractJSON.java:239)
	at net.sf.json.JSONArray._processValue(JSONArray.java:2492)
	at net.sf.json.JSONArray.processValue(JSONArray.java:2517)
	at net.sf.json.JSONArray.addValue(JSONArray.java:2504)
	at net.sf.json.JSONArray.element(JSONArray.java:1719)
	at net.sf.json.JSONArray.fromObject(JSONArray.java:159)
	at net.sf.json.JSONSerializer.toJSON(JSONSerializer.java:113)
	at net.sf.json.AbstractJSON._processValue(AbstractJSON.java:239)
	at net.sf.json.JSONArray._processValue(JSONArray.java:2492)
	at net.sf.json.JSONArray.processValue(JSONArray.java:2517)
	at net.sf.json.JSONArray.addValue(JSONArray.java:2504)
	at net.sf.json.JSONArray.element(JSONArray.java:1719)
	at net.sf.json.JSONArray.fromObject(JSONArray.java:159)
	at net.sf.json.JSONSerializer.toJSON(JSONSerializer.java:113)
	at net.sf.json.AbstractJSON._processValue(AbstractJSON.java:239)
	at net.sf.json.JSONArray._processValue(JSONArray.java:2492)
	at net.sf.json.JSONArray.processValue(JSONArray.java:2517)
	at net.sf.json.JSONArray.addValue(JSONArray.java:2504)
	at net.sf.json.JSONArray.element(JSONArray.java:1719)
	at net.sf.json.JSONArray.fromObject(JSONArray.java:159)
	at net.sf.json.JSONSerializer.toJSON(JSONSerializer.java:113)
	at net.sf.json.AbstractJSON._processValue(AbstractJSON.java:239)
	at net.sf.json.JSONArray._processValue(JSONArray.java:2492)
	at net.sf.json.JSONArray.processValue(JSONArray.java:2517)
	at net.sf.json.JSONArray.addValue(JSONArray.java:2504)
	at net.sf.json.JSONArray.element(JSONArray.java:1719)
	at net.sf.json.JSONArray.fromObject(JSONArray.java:159)
	at net.sf.json.JSONSerializer.toJSON(JSONSerializer.java:113)
	at net.sf.json.AbstractJSON._processValue(AbstractJSON.java:239)
	at net.sf.json.JSONArray._processValue(JSONArray.java:2492)
	at net.sf.json.JSONArray.processValue(JSONArray.java:2517)
	at net.sf.json.JSONArray.addValue(JSONArray.java:2504)
	at net.sf.json.JSONArray.element(JSONArray.java:1719)
	at net.sf.json.JSONArray.fromObject(JSONArray.java:159)
	at net.sf.json.JSONSerializer.toJSON(JSONSerializer.java:113)
	at net.sf.json.AbstractJSON._processValue(AbstractJSON.java:239)
	at net.sf.json.JSONArray._processValue(JSONArray.java:2492)
	at net.sf.json.JSONArray.processValue(JSONArray.java:2517)
	at net.sf.json.JSONArray.addValue(JSONArray.java:2504)
	at net.sf.json.JSONArray.element(JSONArray.java:1719)
	at net.sf.json.JSONArray.fromObject(JSONArray.java:159)
	at net.sf.json.JSONSerializer.toJSON(JSONSerializer.java:113)
	at net.sf.json.AbstractJSON._processValue(AbstractJSON.java:239)
	at net.sf.json.JSONArray._processValue(JSONArray.java:2492)
	at net.sf.json.JSONArray.processValue(JSONArray.java:2517)
	at net.sf.json.JSONArray.addValue(JSONArray.java:2504)
	at net.sf.json.JSONArray.element(JSONArray.java:1719)
	at net.sf.json.JSONArray.fromObject(JSONArray.java:159)
	at net.sf.json.JSONSerializer.toJSON(JSONSerializer.java:113)
	at net.sf.json.AbstractJSON._processValue(AbstractJSON.java:239)
	at net.sf.json.JSONArray._processValue(JSONArray.java:2492)
	at net.sf.json.JSONArray.processValue(JSONArray.java:2517)
	at net.sf.json.JSONArray.addValue(JSONArray.java:2504)
	at net.sf.json.JSONArray.element(JSONArray.java:1719)
	at net.sf.json.JSONArray.fromObject(JSONArray.java:159)
	at net.sf.json.JSONSerializer.toJSON(JSONSerializer.java:113)
	at net.sf.json.AbstractJSON._processValue(AbstractJSON.java:239)
	at net.sf.json.JSONArray._processValue(JSONArray.java:2492)
	at net.sf.json.JSONArray.processValue(JSONArray.java:2517)
	at net.sf.json.JSONArray.addValue(JSONArray.java:2504)
	at net.sf.json.JSONArray.element(JSONArray.java:1719)
	at net.sf.json.JSONArray.fromObject(JSONArray.java:159)
	at net.sf.json.JSONSerializer.toJSON(JSONSerializer.java:113)
	at net.sf.json.AbstractJSON._processValue(AbstractJSON.java:239)
	at net.sf.json.JSONArray._processValue(JSONArray.java:2492)
	at net.sf.json.JSONArray.processValue(JSONArray.java:2517)
	at net.sf.json.JSONArray.addValue(JSONArray.java:2504)
	at net.sf.json.JSONArray.element(JSONArray.java:1719)
	at net.sf.json.JSONArray.fromObject(JSONArray.java:159)
	at net.sf.json.JSONSerializer.toJSON(JSONSerializer.java:113)
	at net.sf.json.AbstractJSON._processValue(AbstractJSON.java:239)
	at net.sf.json.JSONArray._processValue(JSONArray.java:2492)
	at net.sf.json.JSONArray.processValue(JSONArray.java:2517)
	at net.sf.json.JSONArray.addValue(JSONArray.java:2504)
	at net.sf.json.JSONArray.element(JSONArray.java:1719)
	at net.sf.json.JSONArray.fromObject(JSONArray.java:159)
	at net.sf.json.JSONSerializer.toJSON(JSONSerializer.java:113)
	at net.sf.json.AbstractJSON._processValue(AbstractJSON.java:239)
	at net.sf.json.JSONArray._processValue(JSONArray.java:2492)
	at net.sf.json.JSONArray.processValue(JSONArray.java:2517)
	at net.sf.json.JSONArray.addValue(JSONArray.java:2504)
	at net.sf.json.JSONArray.element(JSONArray.java:1719)
	at net.sf.json.JSONArray.fromObject(JSONArray.java:159)
	at net.sf.json.JSONSerializer.toJSON(JSONSerializer.java:113)
	at net.sf.json.AbstractJSON._processValue(AbstractJSON.java:239)
	at net.sf.json.JSONArray._processValue(JSONArray.java:2492)
	at net.sf.json.JSONArray.processValue(JSONArray.java:2517)
	at net.sf.json.JSONArray.addValue(JSONArray.java:2504)
	at net.sf.json.JSONArray.element(JSONArray.java:1719)
	at net.sf.json.JSONArray.fromObject(JSONArray.java:159)
	at net.sf.json.JSONSerializer.toJSON(JSONSerializer.java:113)
	at net.sf.json.AbstractJSON._processValue(AbstractJSON.java:239)
	at net.sf.json.JSONArray._processValue(JSONArray.java:2492)
	at net.sf.json.JSONArray.processValue(JSONArray.java:2517)
	at net.sf.json.JSONArray.addValue(JSONArray.java:2504)
	at net.sf.json.JSONArray.element(JSONArray.java:1719)
	at net.sf.json.JSONArray.fromObject(JSONArray.java:159)
	at net.sf.json.JSONSerializer.toJSON(JSONSerializer.java:113)
	at net.sf.json.AbstractJSON._processValue(AbstractJSON.java:239)
	at net.sf.json.JSONArray._processValue(JSONArray.java:2492)
	at net.sf.json.JSONArray.processValue(JSONArray.java:2517)
	at net.sf.json.JSONArray.addValue(JSONArray.java:2504)
	at net.sf.json.JSONArray.element(JSONArray.java:1719)
	at net.sf.json.JSONArray.fromObject(JSONArray.java:159)
	at net.sf.json.JSONSerializer.toJSON(JSONSerializer.java:113)
	at net.sf.json.AbstractJSON._processValue(AbstractJSON.java:239)
	at net.sf.json.JSONArray._processValue(JSONArray.java:2492)
	at net.sf.json.JSONArray.processValue(JSONArray.java:2517)
	at net.sf.json.JSONArray.addValue(JSONArray.java:2504)
	at net.sf.json.JSONArray.element(JSONArray.java:1719)
	at net.sf.json.JSONArray.fromObject(JSONArray.java:159)
	at net.sf.json.JSONSerializer.toJSON(JSONSerializer.java:113)
	at net.sf.json.AbstractJSON._processValue(AbstractJSON.java:239)
	at net.sf.json.JSONArray._processValue(JSONArray.java:2492)
	at net.sf.json.JSONArray.processValue(JSONArray.java:2517)
	at net.sf.json.JSONArray.addValue(JSONArray.java:2504)
	at net.sf.json.JSONArray.element(JSONArray.java:1719)
	at net.sf.json.JSONArray.fromObject(JSONArray.java:159)
	at net.sf.json.JSONSerializer.toJSON(JSONSerializer.java:113)
	at net.sf.json.AbstractJSON._processValue(AbstractJSON.java:239)
	at net.sf.json.JSONArray._processValue(JSONArray.java:2492)
	at net.sf.json.JSONArray.processValue(JSONArray.java:2517)
	at net.sf.json.JSONArray.addValue(JSONArray.java:2504)
	at net.sf.json.JSONArray.element(JSONArray.java:1719)
	at net.sf.json.JSONArray.fromObject(JSONArray.java:159)
	at net.sf.json.JSONSerializer.toJSON(JSONSerializer.java:113)
	at net.sf.json.AbstractJSON._processValue(AbstractJSON.java:239)
	at net.sf.json.JSONArray._processValue(JSONArray.java:2492)
	at net.sf.json.JSONArray.processValue(JSONArray.java:2517)
	at net.sf.json.JSONArray.addValue(JSONArray.java:2504)
	at net.sf.json.JSONArray.element(JSONArray.java:1719)
	at net.sf.json.JSONArray.fromObject(JSONArray.java:159)
	at net.sf.json.JSONSerializer.toJSON(JSONSerializer.java:113)
	at net.sf.json.AbstractJSON._processValue(AbstractJSON.java:239)
	at net.sf.json.JSONArray._processValue(JSONArray.java:2492)
	at net.sf.json.JSONArray.processValue(JSONArray.java:2517)
	at net.sf.json.JSONArray.addValue(JSONArray.java:2504)
	at net.sf.json.JSONArray.element(JSONArray.java:1719)
	at net.sf.json.JSONArray.fromObject(JSONArray.java:159)
	at net.sf.json.JSONSerializer.toJSON(JSONSerializer.java:113)
	at net.sf.json.AbstractJSON._processValue(AbstractJSON.java:239)
	at net.sf.json.JSONArray._processValue(JSONArray.java:2492)
	at net.sf.json.JSONArray.processValue(JSONArray.java:2517)
	at net.sf.json.JSONArray.addValue(JSONArray.java:2504)
	at net.sf.json.JSONArray.element(JSONArray.java:1719)
	at net.sf.json.JSONArray.fromObject(JSONArray.java:159)
	at net.sf.json.JSONSerializer.toJSON(JSONSerializer.java:113)
	at net.sf.json.AbstractJSON._processValue(AbstractJSON.java:239)
	at net.sf.json.JSONArray._processValue(JSONArray.java:2492)
	at net.sf.json.JSONArray.processValue(JSONArray.java:2517)
	at net.sf.json.JSONArray.addValue(JSONArray.java:2504)
	at net.sf.json.JSONArray.element(JSONArray.java:1719)
	at net.sf.json.JSONArray.fromObject(JSONArray.java:159)
	at net.sf.json.JSONSerializer.toJSON(JSONSerializer.java:113)
	at net.sf.json.AbstractJSON._processValue(AbstractJSON.java:239)
	at net.sf.json.JSONArray._processValue(JSONArray.java:2492)
	at net.sf.json.JSONArray.processValue(JSONArray.java:2517)
	at net.sf.json.JSONArray.addValue(JSONArray.java:2504)
	at net.sf.json.JSONArray.element(JSONArray.java:1719)
	at net.sf.json.JSONArray.fromObject(JSONArray.java:159)
	at net.sf.json.JSONSerializer.toJSON(JSONSerializer.java:113)
	at net.sf.json.AbstractJSON._processValue(AbstractJSON.java:239)
	at net.sf.json.JSONArray._processValue(JSONArray.java:2492)
	at net.sf.json.JSONArray.processValue(JSONArray.java:2517)
	at net.sf.json.JSONArray.addValue(JSONArray.java:2504)
	at net.sf.json.JSONArray.element(JSONArray.java:1719)
	at net.sf.json.JSONArray.fromObject(JSONArray.java:159)
	at net.sf.json.JSONSerializer.toJSON(JSONSerializer.java:113)
	at net.sf.json.AbstractJSON._processValue(AbstractJSON.java:239)
	at net.sf.json.JSONArray._processValue(JSONArray.java:2492)
	at net.sf.json.JSONArray.processValue(JSONArray.java:2517)
	at net.sf.json.JSONArray.addValue(JSONArray.java:2504)
	at net.sf.json.JSONArray.element(JSONArray.java:1719)
	at net.sf.json.JSONArray.fromObject(JSONArray.java:159)
	at net.sf.json.JSONSerializer.toJSON(JSONSerializer.java:113)
	at net.sf.json.AbstractJSON._processValue(AbstractJSON.java:239)
	at net.sf.json.JSONArray._processValue(JSONArray.java:2492)
	at net.sf.json.JSONArray.processValue(JSONArray.java:2517)
	at net.sf.json.JSONArray.addValue(JSONArray.java:2504)
	at net.sf.json.JSONArray.element(JSONArray.java:1719)
	at net.sf.json.JSONArray.fromObject(JSONArray.java:159)
	at net.sf.json.JSONSerializer.toJSON(JSONSerializer.java:113)
	at net.sf.json.AbstractJSON._processValue(AbstractJSON.java:239)
	at net.sf.json.JSONArray._processValue(JSONArray.java:2492)
	at net.sf.json.JSONArray.processValue(JSONArray.java:2517)
	at net.sf.json.JSONArray.addValue(JSONArray.java:2504)
	at net.sf.json.JSONArray.element(JSONArray.java:1719)
	at net.sf.json.JSONArray.fromObject(JSONArray.java:159)
	at net.sf.json.JSONSerializer.toJSON(JSONSerializer.java:113)
	at net.sf.json.AbstractJSON._processValue(AbstractJSON.java:239)
	at net.sf.json.JSONArray._processValue(JSONArray.java:2492)
	at net.sf.json.JSONArray.processValue(JSONArray.java:2517)
	at net.sf.json.JSONArray.addValue(JSONArray.java:2504)
	at net.sf.json.JSONArray.element(JSONArray.java:1719)
	at net.sf.json.JSONArray.fromObject(JSONArray.java:159)
	at net.sf.json.JSONSerializer.toJSON(JSONSerializer.java:113)
	at net.sf.json.AbstractJSON._processValue(AbstractJSON.java:239)
	at net.sf.json.JSONArray._processValue(JSONArray.java:2492)
	at net.sf.json.JSONArray.processValue(JSONArray.java:2517)
	at net.sf.json.JSONArray.addValue(JSONArray.java:2504)
	at net.sf.json.JSONArray.element(JSONArray.java:1719)
	at net.sf.json.JSONArray.fromObject(JSONArray.java:159)
	at net.sf.json.JSONSerializer.toJSON(JSONSerializer.java:113)
	at net.sf.json.AbstractJSON._processValue(AbstractJSON.java:239)
	at net.sf.json.JSONArray._processValue(JSONArray.java:2492)
	at net.sf.json.JSONArray.processValue(JSONArray.java:2517)
	at net.sf.json.JSONArray.addValue(JSONArray.java:2504)
	at net.sf.json.JSONArray.element(JSONArray.java:1719)
	at net.sf.json.JSONArray.fromObject(JSONArray.java:159)
	at net.sf.json.JSONSerializer.toJSON(JSONSerializer.java:113)
	at net.sf.json.AbstractJSON._processValue(AbstractJSON.java:239)
	at net.sf.json.JSONArray._processValue(JSONArray.java:2492)
	at net.sf.json.JSONArray.processValue(JSONArray.java:2517)
	at net.sf.json.JSONArray.addValue(JSONArray.java:2504)
	at net.sf.json.JSONArray.element(JSONArray.java:1719)
	at net.sf.json.JSONArray.fromObject(JSONArray.java:159)
	at net.sf.json.JSONSerializer.toJSON(JSONSerializer.java:113)
	at net.sf.json.AbstractJSON._processValue(AbstractJSON.java:239)
	at net.sf.json.JSONArray._processValue(JSONArray.java:2492)
	at net.sf.json.JSONArray.processValue(JSONArray.java:2517)
	at net.sf.json.JSONArray.addValue(JSONArray.java:2504)
	at net.sf.json.JSONArray.element(JSONArray.java:1719)
	at net.sf.json.JSONArray.fromObject(JSONArray.java:159)
	at net.sf.json.JSONSerializer.toJSON(JSONSerializer.java:113)
	at net.sf.json.AbstractJSON._processValue(AbstractJSON.java:239)
	at net.sf.json.JSONArray._processValue(JSONArray.java:2492)
	at net.sf.json.JSONArray.processValue(JSONArray.java:2517)
	at net.sf.json.JSONArray.addValue(JSONArray.java:2504)
	at net.sf.json.JSONArray.element(JSONArray.java:1719)
	at net.sf.json.JSONArray.fromObject(JSONArray.java:159)
	at net.sf.json.JSONSerializer.toJSON(JSONSerializer.java:113)
	at net.sf.json.AbstractJSON._processValue(AbstractJSON.java:239)
	at net.sf.json.JSONArray._processValue(JSONArray.java:2492)
	at net.sf.json.JSONArray.processValue(JSONArray.java:2517)
	at net.sf.json.JSONArray.addValue(JSONArray.java:2504)
	at net.sf.json.JSONArray.element(JSONArray.java:1719)
	at net.sf.json.JSONArray.fromObject(JSONArray.java:159)
	at net.sf.json.JSONSerializer.toJSON(JSONSerializer.java:113)
	at net.sf.json.AbstractJSON._processValue(AbstractJSON.java:239)
	at net.sf.json.JSONArray._processValue(JSONArray.java:2492)
	at net.sf.json.JSONArray.processValue(JSONArray.java:2517)
	at net.sf.json.JSONArray.addValue(JSONArray.java:2504)
	at net.sf.json.JSONArray.element(JSONArray.java:1719)
	at net.sf.json.JSONArray.fromObject(JSONArray.java:159)
	at net.sf.json.JSONSerializer.toJSON(JSONSerializer.java:113)
	at net.sf.json.AbstractJSON._processValue(AbstractJSON.java:239)
	at net.sf.json.JSONArray._processValue(JSONArray.java:2492)
	at net.sf.json.JSONArray.processValue(JSONArray.java:2517)
	at net.sf.json.JSONArray.addValue(JSONArray.java:2504)
	at net.sf.json.JSONArray.element(JSONArray.java:1719)
	at net.sf.json.JSONArray.fromObject(JSONArray.java:159)
	at net.sf.json.JSONSerializer.toJSON(JSONSerializer.java:113)
	at net.sf.json.AbstractJSON._processValue(AbstractJSON.java:239)
	at net.sf.json.JSONArray._processValue(JSONArray.java:2492)
	at net.sf.json.JSONArray.processValue(JSONArray.java:2517)
	at net.sf.json.JSONArray.addValue(JSONArray.java:2504)
	at net.sf.json.JSONArray.element(JSONArray.java:1719)
	at net.sf.json.JSONArray.fromObject(JSONArray.java:159)
	at net.sf.json.JSONSerializer.toJSON(JSONSerializer.java:113)
	at net.sf.json.AbstractJSON._processValue(AbstractJSON.java:239)
	at net.sf.json.JSONArray._processValue(JSONArray.java:2492)
	at net.sf.json.JSONArray.processValue(JSONArray.java:2517)
	at net.sf.json.JSONArray.addValue(JSONArray.java:2504)
	at net.sf.json.JSONArray.element(JSONArray.java:1719)
	at net.sf.json.JSONArray.fromObject(JSONArray.java:159)
	at net.sf.json.JSONSerializer.toJSON(JSONSerializer.java:113)
	at net.sf.json.AbstractJSON._processValue(AbstractJSON.java:239)
	at net.sf.json.JSONArray._processValue(JSONArray.java:2492)
	at net.sf.json.JSONArray.processValue(JSONArray.java:2517)
	at net.sf.json.JSONArray.addValue(JSONArray.java:2504)
	at net.sf.json.JSONArray.element(JSONArray.java:1719)
	at net.sf.json.JSONArray.fromObject(JSONArray.java:159)
	at net.sf.json.JSONSerializer.toJSON(JSONSerializer.java:113)
	at net.sf.json.AbstractJSON._processValue(AbstractJSON.java:239)
	at net.sf.json.JSONArray._processValue(JSONArray.java:2492)
	at net.sf.json.JSONArray.processValue(JSONArray.java:2517)
	at net.sf.json.JSONArray.addValue(JSONArray.java:2504)
	at net.sf.json.JSONArray.element(JSONArray.java:1719)
	at net.sf.json.JSONArray.fromObject(JSONArray.java:159)
	at net.sf.json.JSONSerializer.toJSON(JSONSerializer.java:113)
	at net.sf.json.AbstractJSON._processValue(AbstractJSON.java:239)
	at net.sf.json.JSONArray._processValue(JSONArray.java:2492)
	at net.sf.json.JSONArray.processValue(JSONArray.java:2517)
	at net.sf.json.JSONArray.addValue(JSONArray.java:2504)
	at net.sf.json.JSONArray.element(JSONArray.java:1719)
	at net.sf.json.JSONArray.fromObject(JSONArray.java:159)
	at net.sf.json.JSONSerializer.toJSON(JSONSerializer.java:113)
	at net.sf.json.AbstractJSON._processValue(AbstractJSON.java:239)
	at net.sf.json.JSONArray._processValue(JSONArray.java:2492)
	at net.sf.json.JSONArray.processValue(JSONArray.java:2517)
	at net.sf.json.JSONArray.addValue(JSONArray.java:2504)
	at net.sf.json.JSONArray.element(JSONArray.java:1719)
	at net.sf.json.JSONArray.fromObject(JSONArray.java:159)
	at net.sf.json.JSONSerializer.toJSON(JSONSerializer.java:113)
	at net.sf.json.AbstractJSON._processValue(AbstractJSON.java:239)
	at net.sf.json.JSONArray._processValue(JSONArray.java:2492)
	at net.sf.json.JSONArray.processValue(JSONArray.java:2517)
	at net.sf.json.JSONArray.addValue(JSONArray.java:2504)
	at net.sf.json.JSONArray.element(JSONArray.java:1719)
	at net.sf.json.JSONArray.fromObject(JSONArray.java:159)
	at net.sf.json.JSONSerializer.toJSON(JSONSerializer.java:113)
	at net.sf.json.AbstractJSON._processValue(AbstractJSON.java:239)
	at net.sf.json.JSONArray._processValue(JSONArray.java:2492)
	at net.sf.json.JSONArray.processValue(JSONArray.java:2517)
	at net.sf.json.JSONArray.addValue(JSONArray.java:2504)
	at net.sf.json.JSONArray.element(JSONArray.java:1719)
	at net.sf.json.JSONArray.fromObject(JSONArray.java:159)
	at net.sf.json.JSONSerializer.toJSON(JSONSerializer.java:113)
	at net.sf.json.AbstractJSON._processValue(AbstractJSON.java:239)
	at net.sf.json.JSONArray._processValue(JSONArray.java:2492)
	at net.sf.json.JSONArray.processValue(JSONArray.java:2517)
	at net.sf.json.JSONArray.addValue(JSONArray.java:2504)
	at net.sf.json.JSONArray.element(JSONArray.java:1719)
	at net.sf.json.JSONArray.fromObject(JSONArray.java:159)
	at net.sf.json.JSONSerializer.toJSON(JSONSerializer.java:113)
	at net.sf.json.AbstractJSON._processValue(AbstractJSON.java:239)
	at net.sf.json.JSONArray._processValue(JSONArray.java:2492)
	at net.sf.json.JSONArray.processValue(JSONArray.java:2517)
	at net.sf.json.JSONArray.addValue(JSONArray.java:2504)
	at net.sf.json.JSONArray.element(JSONArray.java:1719)
	at net.sf.json.JSONArray.fromObject(JSONArray.java:159)
	at net.sf.json.JSONSerializer.toJSON(JSONSerializer.java:113)
	at net.sf.json.AbstractJSON._processValue(AbstractJSON.java:239)
	at net.sf.json.JSONArray._processValue(JSONArray.java:2492)
	at net.sf.json.JSONArray.processValue(JSONArray.java:2517)
	at net.sf.json.JSONArray.addValue(JSONArray.java:2504)
	at net.sf.json.JSONArray.element(JSONArray.java:1719)
	at net.sf.json.JSONArray.fromObject(JSONArray.java:159)
	at net.sf.json.JSONSerializer.toJSON(JSONSerializer.java:113)
	at net.sf.json.AbstractJSON._processValue(AbstractJSON.java:239)
	at net.sf.json.JSONArray._processValue(JSONArray.java:2492)
	at net.sf.json.JSONArray.processValue(JSONArray.java:2517)
	at net.sf.json.JSONArray.addValue(JSONArray.java:2504)
	at net.sf.json.JSONArray.element(JSONArray.java:1719)
	at net.sf.json.JSONArray.fromObject(JSONArray.java:159)
	at net.sf.json.JSONSerializer.toJSON(JSONSerializer.java:113)
	at net.sf.json.AbstractJSON._processValue(AbstractJSON.java:239)
	at net.sf.json.JSONArray._processValue(JSONArray.java:2492)
	at net.sf.json.JSONArray.processValue(JSONArray.java:2517)
	at net.sf.json.JSONArray.addValue(JSONArray.java:2504)
	at net.sf.json.JSONArray.element(JSONArray.java:1719)
	at net.sf.json.JSONArray.fromObject(JSONArray.java:159)
	at net.sf.json.JSONSerializer.toJSON(JSONSerializer.java:113)
	at net.sf.json.AbstractJSON._processValue(AbstractJSON.java:239)
	at net.sf.json.JSONArray._processValue(JSONArray.java:2492)
	at net.sf.json.JSONArray.processValue(JSONArray.java:2517)
	at net.sf.json.JSONArray.addValue(JSONArray.java:2504)
	at net.sf.json.JSONArray.element(JSONArray.java:1719)
	at net.sf.json.JSONArray.fromObject(JSONArray.java:159)
	at net.sf.json.JSONSerializer.toJSON(JSONSerializer.java:113)
	at net.sf.json.AbstractJSON._processValue(AbstractJSON.java:239)
	at net.sf.json.JSONArray._processValue(JSONArray.java:2492)
	at net.sf.json.JSONArray.processValue(JSONArray.java:2517)
	at net.sf.json.JSONArray.addValue(JSONArray.java:2504)
	at net.sf.json.JSONArray.element(JSONArray.java:1719)
	at net.sf.json.JSONArray.fromObject(JSONArray.java:159)
	at net.sf.json.JSONSerializer.toJSON(JSONSerializer.java:113)
	at net.sf.json.AbstractJSON._processValue(AbstractJSON.java:239)
	at net.sf.json.JSONArray._processValue(JSONArray.java:2492)
	at net.sf.json.JSONArray.processValue(JSONArray.java:2517)
	at net.sf.json.JSONArray.addValue(JSONArray.java:2504)
	at net.sf.json.JSONArray.element(JSONArray.java:1719)
	at net.sf.json.JSONArray.fromObject(JSONArray.java:159)
	at net.sf.json.JSONSerializer.toJSON(JSONSerializer.java:113)
	at net.sf.json.AbstractJSON._processValue(AbstractJSON.java:239)
	at net.sf.json.JSONArray._processValue(JSONArray.java:2492)
	at net.sf.json.JSONArray.processValue(JSONArray.java:2517)
	at net.sf.json.JSONArray.addValue(JSONArray.java:2504)
	at net.sf.json.JSONArray.element(JSONArray.java:1719)
	at net.sf.json.JSONArray.fromObject(JSONArray.java:159)
	at net.sf.json.JSONSerializer.toJSON(JSONSerializer.java:113)
	at net.sf.json.AbstractJSON._processValue(AbstractJSON.java:239)
	at net.sf.json.JSONArray._processValue(JSONArray.java:2492)
	at net.sf.json.JSONArray.processValue(JSONArray.java:2517)
	at net.sf.json.JSONArray.addValue(JSONArray.java:2504)
	at net.sf.json.JSONArray.element(JSONArray.java:1719)
	at net.sf.json.JSONArray.fromObject(JSONArray.java:159)
	at net.sf.json.JSONSerializer.toJSON(JSONSerializer.java:113)
	at net.sf.json.AbstractJSON._processValue(AbstractJSON.java:239)
	at net.sf.json.JSONArray._processValue(JSONArray.java:2492)
	at net.sf.json.JSONArray.processValue(JSONArray.java:2517)
	at net.sf.json.JSONArray.addValue(JSONArray.java:2504)
	at net.sf.json.JSONArray.element(JSONArray.java:1719)
	at net.sf.json.JSONArray.fromObject(JSONArray.java:159)
	at net.sf.json.JSONSerializer.toJSON(JSONSerializer.java:113)
	at net.sf.json.AbstractJSON._processValue(AbstractJSON.java:239)
	at net.sf.json.JSONArray._processValue(JSONArray.java:2492)
	at net.sf.json.JSONArray.processValue(JSONArray.java:2517)
	at net.sf.json.JSONArray.addValue(JSONArray.java:2504)
	at net.sf.json.JSONArray.element(JSONArray.java:1719)
	at net.sf.json.JSONArray.fromObject(JSONArray.java:159)
	at net.sf.json.JSONSerializer.toJSON(JSONSerializer.java:113)
	at net.sf.json.AbstractJSON._processValue(AbstractJSON.java:239)
	at net.sf.json.JSONArray._processValue(JSONArray.java:2492)
	at net.sf.json.JSONArray.processValue(JSONArray.java:2517)
	at net.sf.json.JSONArray.addValue(JSONArray.java:2504)
	at net.sf.json.JSONArray.element(JSONArray.java:1719)
	at net.sf.json.JSONArray.fromObject(JSONArray.java:159)
	at net.sf.json.JSONSerializer.toJSON(JSONSerializer.java:113)
	at net.sf.json.AbstractJSON._processValue(AbstractJSON.java:239)
	at net.sf.json.JSONArray._processValue(JSONArray.java:2492)
	at net.sf.json.JSONArray.processValue(JSONArray.java:2517)
	at net.sf.json.JSONArray.addValue(JSONArray.java:2504)
	at net.sf.json.JSONArray.element(JSONArray.java:1719)
	at net.sf.json.JSONArray.fromObject(JSONArray.java:159)
	at net.sf.json.JSONSerializer.toJSON(JSONSerializer.java:113)
	at net.sf.json.AbstractJSON._processValue(AbstractJSON.java:239)
	at net.sf.json.JSONArray._processValue(JSONArray.java:2492)
	at net.sf.json.JSONArray.processValue(JSONArray.java:2517)
	at net.sf.json.JSONArray.addValue(JSONArray.java:2504)
	at net.sf.json.JSONArray.element(JSONArray.java:1719)
	at net.sf.json.JSONArray.fromObject(JSONArray.java:159)
	at net.sf.json.JSONSerializer.toJSON(JSONSerializer.java:113)
	at net.sf.json.AbstractJSON._processValue(AbstractJSON.java:239)
	at net.sf.json.JSONArray._processValue(JSONArray.java:2492)
	at net.sf.json.JSONArray.processValue(JSONArray.java:2517)
	at net.sf.json.JSONArray.addValue(JSONArray.java:2504)
	at net.sf.json.JSONArray.element(JSONArray.java:1719)
	at net.sf.json.JSONArray.fromObject(JSONArray.java:159)
	at net.sf.json.JSONSerializer.toJSON(JSONSerializer.java:113)
	at net.sf.json.AbstractJSON._processValue(AbstractJSON.java:239)
	at net.sf.json.JSONArray._processValue(JSONArray.java:2492)
	at net.sf.json.JSONArray.processValue(JSONArray.java:2517)
	at net.sf.json.JSONArray.addValue(JSONArray.java:2504)
	at net.sf.json.JSONArray.element(JSONArray.java:1719)
	at net.sf.json.JSONArray.fromObject(JSONArray.java:159)
	at net.sf.json.JSONSerializer.toJSON(JSONSerializer.java:113)
	at net.sf.json.AbstractJSON._processValue(AbstractJSON.java:239)
	at net.sf.json.JSONArray._processValue(JSONArray.java:2492)
	at net.sf.json.JSONArray.processValue(JSONArray.java:2517)
	at net.sf.json.JSONArray.addValue(JSONArray.java:2504)
	at net.sf.json.JSONArray.element(JSONArray.java:1719)
	at net.sf.json.JSONArray.fromObject(JSONArray.java:159)
	at net.sf.json.JSONSerializer.toJSON(JSONSerializer.java:113)
	at net.sf.json.AbstractJSON._processValue(AbstractJSON.java:239)
	at net.sf.json.JSONArray._processValue(JSONArray.java:2492)
	at net.sf.json.JSONArray.processValue(JSONArray.java:2517)
	at net.sf.json.JSONArray.addValue(JSONArray.java:2504)
	at net.sf.json.JSONArray.element(JSONArray.java:1719)
	at net.sf.json.JSONArray.fromObject(JSONArray.java:159)
	at net.sf.json.JSONSerializer.toJSON(JSONSerializer.java:113)
	at net.sf.json.AbstractJSON._processValue(AbstractJSON.java:239)
	at net.sf.json.JSONArray._processValue(JSONArray.java:2492)
	at net.sf.json.JSONArray.processValue(JSONArray.java:2517)
	at net.sf.json.JSONArray.addValue(JSONArray.java:2504)
	at net.sf.json.JSONArray.element(JSONArray.java:1719)
	at net.sf.json.JSONArray.fromObject(JSONArray.java:159)
	at net.sf.json.JSONSerializer.toJSON(JSONSerializer.java:113)
	at net.sf.json.AbstractJSON._processValue(AbstractJSON.java:239)
	at net.sf.json.JSONArray._processValue(JSONArray.java:2492)
	at net.sf.json.JSONArray.processValue(JSONArray.java:2517)
	at net.sf.json.JSONArray.addValue(JSONArray.java:2504)
	at net.sf.json.JSONArray.element(JSONArray.java:1719)
	at net.sf.json.JSONArray.fromObject(JSONArray.java:159)
Finished: FAILURE
