D:\Projekte\Path1\Path2\Path3\DSProcessor.pas(340) H1054 : *** TS *** Die Frage ist, ob sich die beiden folgenden Flags ausschließen [D:\Projekte\Path1\Path2\Path3\Project1.dproj]
D:\Projekte\Path1\Path2\Path3\DSDefinitions.pas(44) H2269 : Durch das Überschreiben erhält die virtuelle Methode 'TDSFunctions.Destroy' eine geringere Sichtbarkeit (private) als die Basisklasse 'TObject' (public) [D:\Projekte\Path1\Path2\Path3\Project1.dproj]
D:\Projekte\Path1\Path2\Path3\DSWebServiceClient.pas(217) H1054 : *** TS *** es gibt in DiagInterface bereits eine Routine, die Fehlerstrings zu den Fehlercodes liefert. Diese ist allerdings nicht vollständig befüllt und bietet keine Übersetzung. [D:\Projekte\Path1\Path2\Path3\Project1.dproj]
D:\Projekte\Path1\Path2\Path3\DSCallbackCmdsDIAG.pas(597) H1054 : *** TS *** Hier entsteht eine zusätzliche Zeile in den Verarbeitungsschritten, die die Ablaufanzeige durcheinander bringt [D:\Projekte\Path1\Path2\Path3\Project1.dproj]
D:\Projekte\Path1\Path2\Path3\DSCallbackCmdsDIAG.pas(860) H1054 : *** TS *** Hier entsteht eine zusätzliche Zeile in den Verarbeitungsschritten, die die Ablaufanzeige durcheinander bringt [D:\Projekte\Path1\Path2\Path3\Project1.dproj]
D:\Projekte\Path1\Path2\Path3\DSCallbackCmdsDIAG.pas(1136) H1054 : *** TS *** Hier entsteht eine zusätzliche Zeile in den Verarbeitungsschritten, die die Ablaufanzeige durcheinander bringt [D:\Projekte\Path1\Path2\Path3\Project1.dproj]
D:\Projekte\Path1\Path2\Path3\DSCallbackCmdsDIAG.pas(1175) H1054 : *** TS *** Hier entsteht eine zusätzliche Zeile in den Verarbeitungsschritten, die die Ablaufanzeige durcheinander bringt [D:\Projekte\Path1\Path2\Path3\Project1.dproj]
D:\Projekte\Path1\Path2\Path3\DSCallbackCmdsSYSTEM.pas(50) H1054 : *** TS *** Nochmal Hilfe zu WinExec anschauen. Möglicherweise auf CreateProcess umstellen... [D:\Projekte\Path1\Path2\Path3\Project1.dproj]
D:\Projekte\Path1\Path2\Path3\DSCallbackCmdsSYSTEM.pas(142) H1054 : *** TS *** TimerDSDoNext.Enabled hier in Variable merken und in TimerWaitFktTimer wieder so setzen. [D:\Projekte\Path1\Path2\Path3\Project1.dproj]
D:\Projekte\Path1\Path2\Path3\DSProcessorCallbacks.pas(246) H1054 : *** TS *** Hier die Params checken? LineBreaks in Strings geradeziehen? [D:\Projekte\Path1\Path2\Path3\Project1.dproj]
D:\Projekte\Path1\Path2\Path3\DSProcessorCallbacks.pas(437) H1054 : *** TS *** Hier entsteht möglicherweise eine zusätzliche Zeile in den Verarbeitungsschritten, die die Ablaufanzeige durcheinander bringt [D:\Projekte\Path1\Path2\Path3\Project1.dproj]
D:\Projekte\Path1\Path2\Path3\DSProcessorCallbacks.pas(550) H1054 : *** TS *** Hier eventuell auch besser kapseln? [D:\Projekte\Path1\Path2\Path3\Project1.dproj]
D:\Projekte\Path1\Path2\Path3\DSImportExport.pas(796) H1054 : *** TS *** Könnte man hier (in TIEScript!) auch den Mode berücksichtigen? [D:\Projekte\Path1\Path2\Path3\Project1.dproj]
D:\Projekte\Path1\Path2\Path3\DSMain.pas(459) H1054 : *** TS *** Hier muss die Step-Variable zurückgesetzt werden. Sonst wird bei der nächsten Ausführung in der falschen Zeile begonnen. [D:\Projekte\Path1\Path2\Path3\Project1.dproj]
D:\Projekte\Path1\Path2\Path3\DSMain.pas(542) H1054 : *** TS *** BatchMode und SilentMode hier berücksichtigen? [D:\Projekte\Path1\Path2\Path3\Project1.dproj]
D:\Projekte\Path1\Path2\Path3\DSMain.pas(549) H1054 : *** TS *** BatchMode und SilentMode hier berücksichtigen? [D:\Projekte\Path1\Path2\Path3\Project1.dproj]
D:\Projekte\Path1\Path2\Path3\DSMain.pas(1279) H1054 : *** TS *** Nächste Abfrage? Müsste eventuell durch not DSProc.bIsExecuting ersetzt werden? [D:\Projekte\Path1\Path2\Path3\Project1.dproj]
D:\Projekte\Path1\Path2\Path3\DSMain.pas(1286) H1054 : *** TS *** Fehlt hier der Login (siehe actStartScriptExecute)? Würde sagen ja! [D:\Projekte\Path1\Path2\Path3\Project1.dproj]
D:\Projekte\Path1\Path2\Path3\DSMain.pas(1315) H1054 : *** TS *** Nächste Zeile ist wahrscheinlich versehentlich drin. [D:\Projekte\Path1\Path2\Path3\Project1.dproj]
D:\Projekte\Path1\Path2\Path3\DSMain.pas(1684) H1054 : *** TS *** ArrangeView überarbeiten: Einfache Ansicht raus? [D:\Projekte\Path1\Path2\Path3\Project1.dproj]
D:\Projekte\Path1\Path2\Path3\DSMain.pas(2160) H1054 : *** TS *** ScriptMessage wird nur von USER::MESSAGE verwendet. Könnte man vielleicht auch in die DSCallbackCmdsUSER.pas verlagern. [D:\Projekte\Path1\Path2\Path3\Project1.dproj]
D:\Projekte\Path1\Path2\Path3\DSMain.pas(2256) H1054 : *** TS *** Mit Parser ist vermutlich das Ausführen gemeint. Könnte man vielleicht sinniger umbenennen. [D:\Projekte\Path1\Path2\Path3\Project1.dproj]
D:\Projekte\Path1\Path2\Path3\DSMain.pas(2521) H1054 : *** TS *** ToDo: falls gewählte Datei ein importiertes Skript ist: speichern ablehnen. [D:\Projekte\Path1\Path2\Path3\Project1.dproj]
D:\Projekte\Path1\Path2\Path3\DSQuickStart.pas(467) H1054 : *** TS *** Eigentlich würde es hier reichen, das Icon der Buttons zu aktualisieren. Im Prinzip könnte dies jeweils über das Setzen der Property isPublic ausgelöst werden. [D:\Projekte\Path1\Path2\Path3\Project1.dproj]
D:\Projekte\Path1\Path2\Path3\DSQuickStart.pas(797) H1054 : *** TS *** PopUpMenüs als Class-Vars des Frames ODER PopUpMenüs auf Frame verlagern, Actions auf Haupt-Form belassen? [D:\Projekte\Path1\Path2\Path3\Project1.dproj]
D:\Projekte\Path1\Path2\Path3\DSQuickStart.pas(1193) H1054 : *** TS *** Hier fehlt noch der ImageIndex, der muss ja vielleicht auch mal aktualisiert werden... [D:\Projekte\Path1\Path2\Path3\Project1.dproj]
D:\Projekte\Path1\Path2\Path3\DSScript.pas(1) H1054 : *** TS *** Wird aktuell noch nicht verwendet [D:\Projekte\Path1\Path2\Path3\Project1.dproj]
