03:03:16 A         applications\ATMH\src\workflows\finformats\Storage.MessageType\export_MT090_GPA.xml
03:03:17 A         applications\ATMH\src\workflows\finformats\Storage.MessageType\export_MT092_GPA.xml
03:03:17 A         applications\ATMH\src\workflows\finformats\Storage.MessageType\export_MT300.xml
03:03:18 A         applications\ATMH\src\workflows\finformats\Storage.MessageType\export_MT103.xml
03:03:19 A         applications\ATMH\src\workflows\finformats\Storage.MessageType\export_MT022.xml
03:03:57 ERROR: Failed to update https://agalm.sungard.com/svn/AME/echos/trunk
03:03:57 org.tmatesoft.svn.core.SVNException: svn: REPORT /svn/AME/!svn/vcc/default failed
03:03:57 	at org.tmatesoft.svn.core.internal.io.dav.http.HTTPConnection.request(HTTPConnection.java:298)
03:03:57 	at org.tmatesoft.svn.core.internal.io.dav.http.HTTPConnection.request(HTTPConnection.java:283)
03:03:57 	at org.tmatesoft.svn.core.internal.io.dav.http.HTTPConnection.request(HTTPConnection.java:271)
03:03:57 	at org.tmatesoft.svn.core.internal.io.dav.DAVConnection.doReport(DAVConnection.java:283)
03:03:57 	at org.tmatesoft.svn.core.internal.io.dav.DAVRepository.runReport(DAVRepository.java:1282)
03:03:57 	at org.tmatesoft.svn.core.internal.io.dav.DAVRepository.update(DAVRepository.java:830)
03:03:57 	at org.tmatesoft.svn.core.wc.SVNUpdateClient.update(SVNUpdateClient.java:564)
03:03:57 	at org.tmatesoft.svn.core.wc.SVNUpdateClient.doUpdate(SVNUpdateClient.java:401)
03:03:57 	at hudson.scm.subversion.UpdateUpdater$TaskImpl.perform(UpdateUpdater.java:136)
03:03:57 	at hudson.scm.subversion.WorkspaceUpdater$UpdateTask.delegateTo(WorkspaceUpdater.java:136)
03:03:57 	at hudson.scm.SubversionSCM$CheckOutTask.perform(SubversionSCM.java:788)
03:03:57 	at hudson.scm.SubversionSCM$CheckOutTask.invoke(SubversionSCM.java:769)
03:03:57 	at hudson.scm.SubversionSCM$CheckOutTask.invoke(SubversionSCM.java:753)
03:03:57 	at hudson.FilePath.act(FilePath.java:904)
03:03:57 	at hudson.FilePath.act(FilePath.java:877)
03:03:57 	at hudson.scm.SubversionSCM.checkout(SubversionSCM.java:743)
03:03:57 	at hudson.scm.SubversionSCM.checkout(SubversionSCM.java:685)
03:03:57 	at hudson.model.AbstractProject.checkout(AbstractProject.java:1369)
03:03:57 	at hudson.model.AbstractBuild$AbstractBuildExecution.defaultCheckout(AbstractBuild.java:674)
03:03:57 	at jenkins.scm.SCMCheckoutStrategy.checkout(SCMCheckoutStrategy.java:88)
03:03:57 	at hudson.model.AbstractBuild$AbstractBuildExecution.run(AbstractBuild.java:579)
03:03:57 	at hudson.model.Run.execute(Run.java:1575)
03:03:57 	at hudson.model.FreeStyleBuild.run(FreeStyleBuild.java:46)
03:03:57 	at hudson.model.ResourceController.execute(ResourceController.java:88)
03:03:57 	at hudson.model.Executor.run(Executor.java:237)
03:03:57 Caused by: org.tmatesoft.svn.core.SVNErrorMessage: svn: REPORT /svn/AME/!svn/vcc/default failed
03:03:57 	at org.tmatesoft.svn.core.SVNErrorMessage.create(SVNErrorMessage.java:200)
03:03:57 	at org.tmatesoft.svn.core.SVNErrorMessage.create(SVNErrorMessage.java:146)
03:03:57 	at org.tmatesoft.svn.core.SVNErrorMessage.create(SVNErrorMessage.java:89)
03:03:57 	... 25 more
03:03:57 Caused by: org.tmatesoft.svn.core.SVNException: svn: REPORT request failed on '/svn/AME/!svn/vcc/default'
03:03:57 svn: Connection reset
03:03:57 	at org.tmatesoft.svn.core.internal.wc.SVNErrorManager.error(SVNErrorManager.java:64)
03:03:57 	at org.tmatesoft.svn.core.internal.wc.SVNErrorManager.error(SVNErrorManager.java:51)
03:03:57 	at org.tmatesoft.svn.core.internal.io.dav.http.HTTPConnection._request(HTTPConnection.java:662)
03:03:57 	at org.tmatesoft.svn.core.internal.io.dav.http.HTTPConnection.request(HTTPConnection.java:292)
03:03:57 	... 24 more
03:03:57 Caused by: org.tmatesoft.svn.core.SVNErrorMessage: svn: REPORT request failed on '/svn/AME/!svn/vcc/default'
03:03:57 	at org.tmatesoft.svn.core.SVNErrorMessage.create(SVNErrorMessage.java:200)
03:03:57 	at org.tmatesoft.svn.core.internal.io.dav.http.HTTPConnection._request(HTTPConnection.java:660)
03:03:57 	... 25 more
03:03:57 Caused by: org.tmatesoft.svn.core.SVNErrorMessage: svn: Connection reset
03:03:57 	at org.tmatesoft.svn.core.SVNErrorMessage.create(SVNErrorMessage.java:101)
03:03:57 	at org.tmatesoft.svn.core.internal.io.dav.http.HTTPConnection._request(HTTPConnection.java:426)
03:03:57 	... 25 more
03:03:57 Caused by: java.net.SocketException: Connection reset
03:03:57 	at java.net.SocketInputStream.read(SocketInputStream.java:189)
03:03:57 	at java.net.SocketInputStream.read(SocketInputStream.java:121)
03:03:57 	at sun.security.ssl.InputRecord.readFully(InputRecord.java:442)
03:03:57 	at sun.security.ssl.InputRecord.read(InputRecord.java:480)
03:03:57 	at sun.security.ssl.SSLSocketImpl.readRecord(SSLSocketImpl.java:927)
03:03:57 	at sun.security.ssl.SSLSocketImpl.readDataRecord(SSLSocketImpl.java:884)
03:03:57 	at sun.security.ssl.AppInputStream.read(AppInputStream.java:102)
03:03:57 	at java.io.BufferedInputStream.fill(BufferedInputStream.java:235)
03:03:57 	at java.io.BufferedInputStream.read(BufferedInputStream.java:254)
03:03:57 	at org.tmatesoft.svn.core.internal.util.ChunkedInputStream.getChunkSizeFromInputStream(ChunkedInputStream.java:106)
03:03:57 	at org.tmatesoft.svn.core.internal.util.ChunkedInputStream.nextChunk(ChunkedInputStream.java:92)
03:03:57 	at org.tmatesoft.svn.core.internal.util.ChunkedInputStream.read(ChunkedInputStream.java:64)
03:03:57 	at java.util.zip.InflaterInputStream.fill(InflaterInputStream.java:238)
03:03:57 	at java.util.zip.InflaterInputStream.read(InflaterInputStream.java:158)
03:03:57 	at java.util.zip.GZIPInputStream.read(GZIPInputStream.java:116)
03:03:57 	at sun.nio.cs.StreamDecoder.readBytes(StreamDecoder.java:283)
03:03:57 	at sun.nio.cs.StreamDecoder.implRead(StreamDecoder.java:325)
03:03:57 	at sun.nio.cs.StreamDecoder.read(StreamDecoder.java:177)
03:03:57 	at java.io.InputStreamReader.read(InputStreamReader.java:184)
03:03:57 	at org.tmatesoft.svn.core.internal.io.dav.http.XMLReader.read(XMLReader.java:39)
03:03:57 	at com.sun.org.apache.xerces.internal.impl.XMLEntityScanner.load(XMLEntityScanner.java:1753)
03:03:57 	at com.sun.org.apache.xerces.internal.impl.XMLEntityScanner.scanLiteral(XMLEntityScanner.java:1074)
03:03:57 	at com.sun.org.apache.xerces.internal.impl.XMLScanner.scanAttributeValue(XMLScanner.java:948)
03:03:57 	at com.sun.org.apache.xerces.internal.impl.XMLNSDocumentScannerImpl.scanAttribute(XMLNSDocumentScannerImpl.java:436)
03:03:57 	at com.sun.org.apache.xerces.internal.impl.XMLNSDocumentScannerImpl.scanStartElement(XMLNSDocumentScannerImpl.java:253)
03:03:57 	at com.sun.org.apache.xerces.internal.impl.XMLDocumentFragmentScannerImpl$FragmentContentDriver.next(XMLDocumentFragmentScannerImpl.java:2717)
03:03:57 	at com.sun.org.apache.xerces.internal.impl.XMLDocumentScannerImpl.next(XMLDocumentScannerImpl.java:607)
03:03:57 	at com.sun.org.apache.xerces.internal.impl.XMLNSDocumentScannerImpl.next(XMLNSDocumentScannerImpl.java:116)
03:03:57 	at com.sun.org.apache.xerces.internal.impl.XMLDocumentFragmentScannerImpl.scanDocument(XMLDocumentFragmentScannerImpl.java:489)
03:03:57 	at com.sun.org.apache.xerces.internal.parsers.XML11Configuration.parse(XML11Configuration.java:835)
03:03:57 	at com.sun.org.apache.xerces.internal.parsers.XML11Configuration.parse(XML11Configuration.java:764)
03:03:57 	at com.sun.org.apache.xerces.internal.parsers.XMLParser.parse(XMLParser.java:123)
03:03:57 	at com.sun.org.apache.xerces.internal.parsers.AbstractSAXParser.parse(AbstractSAXParser.java:1210)
03:03:57 	at com.sun.org.apache.xerces.internal.jaxp.SAXParserImpl$JAXPSAXParser.parse(SAXParserImpl.java:568)
03:03:57 	at org.tmatesoft.svn.core.internal.io.dav.http.HTTPConnection.readData(HTTPConnection.java:776)
03:03:57 	at org.tmatesoft.svn.core.internal.io.dav.http.HTTPConnection.readData(HTTPConnection.java:741)
03:03:57 	at org.tmatesoft.svn.core.internal.io.dav.http.HTTPRequest.dispatch(HTTPRequest.java:218)
03:03:57 	at org.tmatesoft.svn.core.internal.io.dav.http.HTTPConnection._request(HTTPConnection.java:379)
03:03:57 	... 25 more
03:03:58 no revision recorded for https://agalm.sungard.com/svn/AME/echos/trunk in the previous build