Jun 13, 2013 10:21:12 AM hudson.model.Executor run
SEVERE: Executor threw an exception
hudson.util.IOException2: Failed to create a temporary file in /proj/RBS_IoV/.hudson/jobs/KillZombieProcess
	at hudson.util.AtomicFileWriter.<init>(AtomicFileWriter.java:67)
	at hudson.util.AtomicFileWriter.<init>(AtomicFileWriter.java:54)
	at hudson.util.TextFile.write(TextFile.java:78)
	at hudson.model.Job.saveNextBuildNumber(Job.java:234)
	at hudson.model.Job.assignBuildNumber(Job.java:291)
	at hudson.model.Run.<init>(Run.java:256)
	at hudson.model.AbstractBuild.<init>(AbstractBuild.java:158)
	at hudson.model.Build.<init>(Build.java:92)
	at hudson.model.FreeStyleBuild.<init>(FreeStyleBuild.java:37)
	at sun.reflect.GeneratedConstructorAccessor100.newInstance(Unknown Source)
	at sun.reflect.DelegatingConstructorAccessorImpl.newInstance(DelegatingConstructorAccessorImpl.java:27)
	at java.lang.reflect.Constructor.newInstance(Constructor.java:513)
	at hudson.model.AbstractProject.newBuild(AbstractProject.java:982)
	at hudson.model.AbstractProject.createExecutable(AbstractProject.java:1197)
	at hudson.model.AbstractProject.createExecutable(AbstractProject.java:136)
	at hudson.model.Executor.run(Executor.java:211)
Caused by: java.io.IOException: Too many open files
	at java.io.UnixFileSystem.createFileExclusively(Native Method)
	at java.io.File.checkAndCreate(File.java:1704)
	at java.io.File.createTempFile(File.java:1792)
	at hudson.util.AtomicFileWriter.<init>(AtomicFileWriter.java:65)
	... 15 more
Jun 13, 2013 10:21:12 AM hudson.model.Executor run
SEVERE: Executor threw an exception
hudson.util.IOException2: Failed to create a temporary file in /proj/RBS_IoV/.hudson/jobs/W12A_CLA_R6_CI_testExec_Trigger_Job
	at hudson.util.AtomicFileWriter.<init>(AtomicFileWriter.java:67)
	at hudson.util.AtomicFileWriter.<init>(AtomicFileWriter.java:54)
	at hudson.util.TextFile.write(TextFile.java:78)
	at hudson.model.Job.saveNextBuildNumber(Job.java:234)
	at hudson.model.Job.assignBuildNumber(Job.java:291)
	at hudson.model.Run.<init>(Run.java:256)
	at hudson.model.AbstractBuild.<init>(AbstractBuild.java:158)
	at hudson.model.Build.<init>(Build.java:92)
	at hudson.model.FreeStyleBuild.<init>(FreeStyleBuild.java:37)
	at sun.reflect.GeneratedConstructorAccessor100.newInstance(Unknown Source)
	at sun.reflect.DelegatingConstructorAccessorImpl.newInstance(DelegatingConstructorAccessorImpl.java:27)
	at java.lang.reflect.Constructor.newInstance(Constructor.java:513)
	at hudson.model.AbstractProject.newBuild(AbstractProject.java:982)
	at hudson.model.AbstractProject.createExecutable(AbstractProject.java:1197)
	at hudson.model.AbstractProject.createExecutable(AbstractProject.java:136)
	at hudson.model.Executor.run(Executor.java:211)
Caused by: java.io.IOException: Too many open files
	at java.io.UnixFileSystem.createFileExclusively(Native Method)
	at java.io.File.checkAndCreate(File.java:1704)
	at java.io.File.createTempFile(File.java:1792)
	at hudson.util.AtomicFileWriter.<init>(AtomicFileWriter.java:65)
	... 15 more
Jun 13, 2013 10:21:13 AM org.apache.tomcat.util.net.JIoEndpoint$Acceptor run
SEVERE: Socket accept failed
java.net.SocketException: Too many open files
	at java.net.PlainSocketImpl.socketAccept(Native Method)
	at java.net.PlainSocketImpl.accept(PlainSocketImpl.java:390)
	at java.net.ServerSocket.implAccept(ServerSocket.java:453)
	at java.net.ServerSocket.accept(ServerSocket.java:421)
	at org.apache.tomcat.util.net.DefaultServerSocketFactory.acceptSocket(DefaultServerSocketFactory.java:60)
	at org.apache.tomcat.util.net.JIoEndpoint$Acceptor.run(JIoEndpoint.java:216)
	at java.lang.Thread.run(Thread.java:619)
Jun 13, 2013 10:21:14 AM org.apache.tomcat.util.net.JIoEndpoint$Acceptor run
SEVERE: Socket accept failed
java.net.SocketException: Too many open files
	at java.net.PlainSocketImpl.socketAccept(Native Method)
	at java.net.PlainSocketImpl.accept(PlainSocketImpl.java:390)
	at java.net.ServerSocket.implAccept(ServerSocket.java:453)
	at java.net.ServerSocket.accept(ServerSocket.java:421)
	at org.apache.tomcat.util.net.DefaultServerSocketFactory.acceptSocket(DefaultServerSocketFactory.java:60)
	at org.apache.tomcat.util.net.JIoEndpoint$Acceptor.run(JIoEndpoint.java:216)
	at java.lang.Thread.run(Thread.java:619)
Jun 13, 2013 10:21:16 AM org.apache.tomcat.util.net.JIoEndpoint$Acceptor run
SEVERE: Socket accept failed
java.net.SocketException: Too many open files
	at java.net.PlainSocketImpl.socketAccept(Native Method)
	at java.net.PlainSocketImpl.accept(PlainSocketImpl.java:390)
	at java.net.ServerSocket.implAccept(ServerSocket.java:453)
	at java.net.ServerSocket.accept(ServerSocket.java:421)
	at org.apache.tomcat.util.net.DefaultServerSocketFactory.acceptSocket(DefaultServerSocketFactory.java:60)
	at org.apache.tomcat.util.net.JIoEndpoint$Acceptor.run(JIoEndpoint.java:216)
	at java.lang.Thread.run(Thread.java:619)
Jun 13, 2013 10:21:17 AM org.apache.tomcat.util.net.JIoEndpoint$Acceptor run
SEVERE: Socket accept failed
java.net.SocketException: Too many open files
	at java.net.PlainSocketImpl.socketAccept(Native Method)
	at java.net.PlainSocketImpl.accept(PlainSocketImpl.java:390)
	at java.net.ServerSocket.implAccept(ServerSocket.java:453)
	at java.net.ServerSocket.accept(ServerSocket.java:421)
	at org.apache.tomcat.util.net.DefaultServerSocketFactory.acceptSocket(DefaultServerSocketFactory.java:60)
	at org.apache.tomcat.util.net.JIoEndpoint$Acceptor.run(JIoEndpoint.java:216)
	at java.lang.Thread.run(Thread.java:619)
Jun 13, 2013 10:21:19 AM org.apache.tomcat.util.net.JIoEndpoint$Acceptor run
SEVERE: Socket accept failed
java.net.SocketException: Too many open files
	at java.net.PlainSocketImpl.socketAccept(Native Method)
	at java.net.PlainSocketImpl.accept(PlainSocketImpl.java:390)
	at java.net.ServerSocket.implAccept(ServerSocket.java:453)
	at java.net.ServerSocket.accept(ServerSocket.java:421)
	at org.apache.tomcat.util.net.DefaultServerSocketFactory.acceptSocket(DefaultServerSocketFactory.java:60)
	at org.apache.tomcat.util.net.JIoEndpoint$Acceptor.run(JIoEndpoint.java:216)
	at java.lang.Thread.run(Thread.java:619)
