"C:\Program Files\Java\jdk1.8.0_201\bin\java.exe" -Dmaven.multiModuleProjectDirectory=D:\Download\Chrome\dashboard-view-plugin-dashboard-view-2.17 "-Dmaven.home=D:\Programs\IntelliJ IDEA Community Edition 2021.1.2\plugins\maven\lib\maven3" "-Dclassworlds.conf=D:\Programs\IntelliJ IDEA Community Edition 2021.1.2\plugins\maven\lib\maven3\bin\m2.conf" "-Dmaven.ext.class.path=D:\Programs\IntelliJ IDEA Community Edition 2021.1.2\plugins\maven\lib\maven-event-listener.jar" "-javaagent:D:\Programs\IntelliJ IDEA Community Edition 2021.1.2\lib\idea_rt.jar=54983:D:\Programs\IntelliJ IDEA Community Edition 2021.1.2\bin" -Dfile.encoding=UTF-8 -classpath "D:\Programs\IntelliJ IDEA Community Edition 2021.1.2\plugins\maven\lib\maven3\boot\plexus-classworlds-2.6.0.jar;D:\Programs\IntelliJ IDEA Community Edition 2021.1.2\plugins\maven\lib\maven3\boot\plexus-classworlds.license" org.codehaus.classworlds.Launcher -Didea.version=2021.1.2 hpi:run
[INFO] Scanning for projects...
[WARNING] The POM for org.jenkins-ci.tools:maven-hpi-plugin:jar:3.17 is missing, no dependency information available
[WARNING] Failed to build parent project for org.jenkins-ci.plugins:dashboard-view:hpi:2.17
[INFO] 
[INFO] ---------------< org.jenkins-ci.plugins:dashboard-view >----------------
[INFO] Building Dashboard View 2.17
[INFO] --------------------------------[ hpi ]---------------------------------
[INFO] 
[INFO] >>> maven-hpi-plugin:3.17:run (default-cli) > compile @ dashboard-view >>>
[INFO] 
[INFO] --- maven-hpi-plugin:3.17:validate (default-validate) @ dashboard-view ---
[INFO] 
[INFO] --- maven-hpi-plugin:3.17:validate-hpi (default-validate-hpi) @ dashboard-view ---
[INFO] 
[INFO] --- maven-enforcer-plugin:3.0.0-M3:display-info (display-info) @ dashboard-view ---
[INFO] Maven Version: 3.6.3
[INFO] JDK Version: 1.8.0_201 normalized as: 1.8.0-201
[INFO] OS Info: Arch: amd64 Family: windows Name: windows 10 Version: 10.0
[INFO] 
[INFO] --- maven-enforcer-plugin:3.0.0-M3:enforce (display-info) @ dashboard-view ---
[INFO] Adding ignore: module-info
[WARNING] Invalid bytecodeVersion for com.fasterxml.jackson.module:jackson-module-jaxb-annotations:jar:2.12.3:compile : META-INF/versions/11/module-info.class: expected 55, but was 53
[INFO] 
[INFO] --- maven-enforcer-plugin:3.0.0-M3:enforce (no-snapshots-in-release) @ dashboard-view ---
[INFO] 
[INFO] --- gmavenplus-plugin:1.12.1:addTestSources (test-in-groovy) @ dashboard-view ---
[INFO] 
[INFO] --- localizer-maven-plugin:1.31:generate (default) @ dashboard-view ---
[INFO] 
[INFO] --- maven-resources-plugin:3.2.0:resources (default-resources) @ dashboard-view ---
[INFO] Using 'UTF-8' encoding to copy filtered resources.
[INFO] Using 'UTF-8' encoding to copy filtered properties files.
[INFO] Copying 83 resources
[INFO] 
[INFO] --- flatten-maven-plugin:1.2.7:flatten (flatten) @ dashboard-view ---
Downloading from repo.jenkins-ci.org: https://repo.jenkins-ci.org/public/org/apache/maven/shared/maven-artifact-transfer/0.9.0/maven-artifact-transfer-0.9.0.pom
Downloaded from repo.jenkins-ci.org: https://repo.jenkins-ci.org/public/org/apache/maven/shared/maven-artifact-transfer/0.9.0/maven-artifact-transfer-0.9.0.pom (7.3 kB at 5.5 kB/s)
Downloading from repo.jenkins-ci.org: https://repo.jenkins-ci.org/public/org/codehaus/plexus/plexus-component-annotations/1.7/plexus-component-annotations-1.7.pom
Downloaded from repo.jenkins-ci.org: https://repo.jenkins-ci.org/public/org/codehaus/plexus/plexus-component-annotations/1.7/plexus-component-annotations-1.7.pom (748 B at 2.6 kB/s)
Downloading from repo.jenkins-ci.org: https://repo.jenkins-ci.org/public/org/codehaus/plexus/plexus-containers/1.7/plexus-containers-1.7.pom
Downloaded from repo.jenkins-ci.org: https://repo.jenkins-ci.org/public/org/codehaus/plexus/plexus-containers/1.7/plexus-containers-1.7.pom (4.8 kB at 17 kB/s)
Downloading from repo.jenkins-ci.org: https://repo.jenkins-ci.org/public/org/apache/maven/shared/maven-common-artifact-filters/3.0.0/maven-common-artifact-filters-3.0.0.pom
Downloaded from repo.jenkins-ci.org: https://repo.jenkins-ci.org/public/org/apache/maven/shared/maven-common-artifact-filters/3.0.0/maven-common-artifact-filters-3.0.0.pom (4.8 kB at 17 kB/s)
Downloading from repo.jenkins-ci.org: https://repo.jenkins-ci.org/public/org/apache/maven/maven-model/3.2.5/maven-model-3.2.5.jar
Downloading from repo.jenkins-ci.org: https://repo.jenkins-ci.org/public/org/eclipse/sisu/org.eclipse.sisu.plexus/0.3.0.M1/org.eclipse.sisu.plexus-0.3.0.M1.jar
Downloading from repo.jenkins-ci.org: https://repo.jenkins-ci.org/public/org/apache/maven/maven-plugin-api/3.2.5/maven-plugin-api-3.2.5.jar
Downloading from repo.jenkins-ci.org: https://repo.jenkins-ci.org/public/org/eclipse/sisu/org.eclipse.sisu.inject/0.3.0.M1/org.eclipse.sisu.inject-0.3.0.M1.jar
Downloading from repo.jenkins-ci.org: https://repo.jenkins-ci.org/public/org/apache/maven/maven-artifact/3.2.5/maven-artifact-3.2.5.jar
Downloaded from repo.jenkins-ci.org: https://repo.jenkins-ci.org/public/org/apache/maven/maven-model/3.2.5/maven-model-3.2.5.jar (161 kB at 214 kB/s)
Downloading from repo.jenkins-ci.org: https://repo.jenkins-ci.org/public/org/apache/maven/shared/maven-artifact-transfer/0.9.0/maven-artifact-transfer-0.9.0.jar
Downloaded from repo.jenkins-ci.org: https://repo.jenkins-ci.org/public/org/apache/maven/maven-artifact/3.2.5/maven-artifact-3.2.5.jar (55 kB at 47 kB/s)
Downloading from repo.jenkins-ci.org: https://repo.jenkins-ci.org/public/org/apache/maven/shared/maven-common-artifact-filters/3.0.0/maven-common-artifact-filters-3.0.0.jar
Downloaded from repo.jenkins-ci.org: https://repo.jenkins-ci.org/public/org/apache/maven/maven-plugin-api/3.2.5/maven-plugin-api-3.2.5.jar (46 kB at 40 kB/s)
Downloaded from repo.jenkins-ci.org: https://repo.jenkins-ci.org/public/org/apache/maven/shared/maven-artifact-transfer/0.9.0/maven-artifact-transfer-0.9.0.jar (123 kB at 93 kB/s)
Downloaded from repo.jenkins-ci.org: https://repo.jenkins-ci.org/public/org/eclipse/sisu/org.eclipse.sisu.plexus/0.3.0.M1/org.eclipse.sisu.plexus-0.3.0.M1.jar (201 kB at 140 kB/s)
Downloaded from repo.jenkins-ci.org: https://repo.jenkins-ci.org/public/org/apache/maven/shared/maven-common-artifact-filters/3.0.0/maven-common-artifact-filters-3.0.0.jar (57 kB at 34 kB/s)
Downloaded from repo.jenkins-ci.org: https://repo.jenkins-ci.org/public/org/eclipse/sisu/org.eclipse.sisu.inject/0.3.0.M1/org.eclipse.sisu.inject-0.3.0.M1.jar (340 kB at 196 kB/s)
[INFO] Generating flattened POM of project org.jenkins-ci.plugins:dashboard-view:hpi:2.17...
[INFO] 
[INFO] --- maven-compiler-plugin:3.8.1:compile (default-compile) @ dashboard-view ---
[INFO] Changes detected - recompiling the module!
[INFO] Compiling 20 source files to D:\Download\Chrome\dashboard-view-plugin-dashboard-view-2.17\target\classes
[INFO] /D:/Download/Chrome/dashboard-view-plugin-dashboard-view-2.17/src/main/java/hudson/plugins/view/dashboard/stats/StatSlaves.java: D:\Download\Chrome\dashboard-view-plugin-dashboard-view-2.17\src\main\java\hudson\plugins\view\dashboard\stats\StatSlaves.java uses or overrides a deprecated API.
[INFO] /D:/Download/Chrome/dashboard-view-plugin-dashboard-view-2.17/src/main/java/hudson/plugins/view/dashboard/stats/StatSlaves.java: Recompile with -Xlint:deprecation for details.
[INFO] /D:/Download/Chrome/dashboard-view-plugin-dashboard-view-2.17/src/main/java/hudson/plugins/view/dashboard/DashboardPortlet.java: Some input files use unchecked or unsafe operations.
[INFO] /D:/Download/Chrome/dashboard-view-plugin-dashboard-view-2.17/src/main/java/hudson/plugins/view/dashboard/DashboardPortlet.java: Recompile with -Xlint:unchecked for details.
[INFO] 
[INFO] <<< maven-hpi-plugin:3.17:run (default-cli) < compile @ dashboard-view <<<
[INFO] 
[INFO] 
[INFO] --- maven-hpi-plugin:3.17:run (default-cli) @ dashboard-view ---
[INFO] Logging initialized @44458ms to org.eclipse.jetty.util.log.Slf4jLog
[INFO] Generating D:\Download\Chrome\dashboard-view-plugin-dashboard-view-2.17\work\plugins\dashboard-view.hpl
Downloading from repo.jenkins-ci.org: https://repo.jenkins-ci.org/public/io/jenkins/plugins/bootstrap4-api/4.6.0-3/bootstrap4-api-4.6.0-3.hpi
Downloaded from repo.jenkins-ci.org: https://repo.jenkins-ci.org/public/io/jenkins/plugins/bootstrap4-api/4.6.0-3/bootstrap4-api-4.6.0-3.hpi (538 kB at 539 kB/s)
[INFO] Copying dependency Jenkins plugin C:\Users\andrey\.m2\repository\io\jenkins\plugins\bootstrap4-api\4.6.0-3\bootstrap4-api-4.6.0-3.hpi
Downloading from repo.jenkins-ci.org: https://repo.jenkins-ci.org/public/org/jenkins-ci/plugins/matrix-project/1.18/matrix-project-1.18.hpi
Downloaded from repo.jenkins-ci.org: https://repo.jenkins-ci.org/public/org/jenkins-ci/plugins/matrix-project/1.18/matrix-project-1.18.hpi (229 kB at 619 kB/s)
[INFO] Copying dependency Jenkins plugin C:\Users\andrey\.m2\repository\org\jenkins-ci\plugins\matrix-project\1.18\matrix-project-1.18.hpi
Downloading from repo.jenkins-ci.org: https://repo.jenkins-ci.org/public/org/jenkins-ci/plugins/display-url-api/2.3.4/display-url-api-2.3.4.hpi
Downloaded from repo.jenkins-ci.org: https://repo.jenkins-ci.org/public/org/jenkins-ci/plugins/display-url-api/2.3.4/display-url-api-2.3.4.hpi (28 kB at 97 kB/s)
[INFO] Copying dependency Jenkins plugin C:\Users\andrey\.m2\repository\org\jenkins-ci\plugins\display-url-api\2.3.4\display-url-api-2.3.4.hpi
Downloading from repo.jenkins-ci.org: https://repo.jenkins-ci.org/public/org/jenkins-ci/plugins/jsch/0.1.55.2/jsch-0.1.55.2.hpi
Downloaded from repo.jenkins-ci.org: https://repo.jenkins-ci.org/public/org/jenkins-ci/plugins/jsch/0.1.55.2/jsch-0.1.55.2.hpi (280 kB at 645 kB/s)
[INFO] Copying dependency Jenkins plugin C:\Users\andrey\.m2\repository\org\jenkins-ci\plugins\jsch\0.1.55.2\jsch-0.1.55.2.hpi
Downloading from repo.jenkins-ci.org: https://repo.jenkins-ci.org/public/io/jenkins/plugins/jquery3-api/3.6.0-1/jquery3-api-3.6.0-1.hpi
Downloaded from repo.jenkins-ci.org: https://repo.jenkins-ci.org/public/io/jenkins/plugins/jquery3-api/3.6.0-1/jquery3-api-3.6.0-1.hpi (317 kB at 754 kB/s)
[INFO] Copying dependency Jenkins plugin C:\Users\andrey\.m2\repository\io\jenkins\plugins\jquery3-api\3.6.0-1\jquery3-api-3.6.0-1.hpi
Downloading from repo.jenkins-ci.org: https://repo.jenkins-ci.org/public/org/jenkins-ci/main/maven-plugin/3.10/maven-plugin-3.10.hpi
Downloaded from repo.jenkins-ci.org: https://repo.jenkins-ci.org/public/org/jenkins-ci/main/maven-plugin/3.10/maven-plugin-3.10.hpi (16 MB at 3.3 MB/s)
[INFO] Copying dependency Jenkins plugin C:\Users\andrey\.m2\repository\org\jenkins-ci\main\maven-plugin\3.10\maven-plugin-3.10.hpi
Downloading from repo.jenkins-ci.org: https://repo.jenkins-ci.org/public/io/jenkins/plugins/font-awesome-api/5.15.3-2/font-awesome-api-5.15.3-2.hpi
Downloaded from repo.jenkins-ci.org: https://repo.jenkins-ci.org/public/io/jenkins/plugins/font-awesome-api/5.15.3-2/font-awesome-api-5.15.3-2.hpi (487 kB at 1.3 MB/s)
[INFO] Copying dependency Jenkins plugin C:\Users\andrey\.m2\repository\io\jenkins\plugins\font-awesome-api\5.15.3-2\font-awesome-api-5.15.3-2.hpi
Downloading from repo.jenkins-ci.org: https://repo.jenkins-ci.org/public/org/jenkins-ci/plugins/gradle/1.24/gradle-1.24.hpi
Downloaded from repo.jenkins-ci.org: https://repo.jenkins-ci.org/public/org/jenkins-ci/plugins/gradle/1.24/gradle-1.24.hpi (32 kB at 105 kB/s)
[INFO] Copying dependency Jenkins plugin C:\Users\andrey\.m2\repository\org\jenkins-ci\plugins\gradle\1.24\gradle-1.24.hpi
Downloading from repo.jenkins-ci.org: https://repo.jenkins-ci.org/public/org/jenkins-ci/plugins/ant/1.2/ant-1.2.hpi
Downloaded from repo.jenkins-ci.org: https://repo.jenkins-ci.org/public/org/jenkins-ci/plugins/ant/1.2/ant-1.2.hpi (90 kB at 295 kB/s)
[INFO] Copying dependency Jenkins plugin C:\Users\andrey\.m2\repository\org\jenkins-ci\plugins\ant\1.2\ant-1.2.hpi
Downloading from repo.jenkins-ci.org: https://repo.jenkins-ci.org/public/io/jenkins/plugins/plugin-util-api/2.2.0/plugin-util-api-2.2.0.hpi
Downloaded from repo.jenkins-ci.org: https://repo.jenkins-ci.org/public/io/jenkins/plugins/plugin-util-api/2.2.0/plugin-util-api-2.2.0.hpi (777 kB at 1.4 MB/s)
[INFO] Copying dependency Jenkins plugin C:\Users\andrey\.m2\repository\io\jenkins\plugins\plugin-util-api\2.2.0\plugin-util-api-2.2.0.hpi
Downloading from repo.jenkins-ci.org: https://repo.jenkins-ci.org/public/org/jenkins-ci/plugins/trilead-api/1.0.13/trilead-api-1.0.13.hpi
Downloaded from repo.jenkins-ci.org: https://repo.jenkins-ci.org/public/org/jenkins-ci/plugins/trilead-api/1.0.13/trilead-api-1.0.13.hpi (3.2 MB at 2.9 MB/s)
[INFO] Copying dependency Jenkins plugin C:\Users\andrey\.m2\repository\org\jenkins-ci\plugins\trilead-api\1.0.13\trilead-api-1.0.13.hpi
Downloading from repo.jenkins-ci.org: https://repo.jenkins-ci.org/public/org/jenkins-ci/plugins/ssh-credentials/1.18.1/ssh-credentials-1.18.1.hpi
Downloaded from repo.jenkins-ci.org: https://repo.jenkins-ci.org/public/org/jenkins-ci/plugins/ssh-credentials/1.18.1/ssh-credentials-1.18.1.hpi (66 kB at 205 kB/s)
[INFO] Copying dependency Jenkins plugin C:\Users\andrey\.m2\repository\org\jenkins-ci\plugins\ssh-credentials\1.18.1\ssh-credentials-1.18.1.hpi
Downloading from repo.jenkins-ci.org: https://repo.jenkins-ci.org/public/org/jenkins-ci/plugins/credentials/2.4.1/credentials-2.4.1.hpi
Downloaded from repo.jenkins-ci.org: https://repo.jenkins-ci.org/public/org/jenkins-ci/plugins/credentials/2.4.1/credentials-2.4.1.hpi (957 kB at 1.5 MB/s)
[INFO] Copying dependency Jenkins plugin C:\Users\andrey\.m2\repository\org\jenkins-ci\plugins\credentials\2.4.1\credentials-2.4.1.hpi
Downloading from repo.jenkins-ci.org: https://repo.jenkins-ci.org/public/io/jenkins/configuration-as-code/1.51/configuration-as-code-1.51.hpi
Downloaded from repo.jenkins-ci.org: https://repo.jenkins-ci.org/public/io/jenkins/configuration-as-code/1.51/configuration-as-code-1.51.hpi (2.3 MB at 2.8 MB/s)
[INFO] Copying dependency Jenkins plugin C:\Users\andrey\.m2\repository\io\jenkins\configuration-as-code\1.51\configuration-as-code-1.51.hpi
Downloading from repo.jenkins-ci.org: https://repo.jenkins-ci.org/public/io/jenkins/plugins/echarts-api/5.0.2-1/echarts-api-5.0.2-1.hpi
Downloaded from repo.jenkins-ci.org: https://repo.jenkins-ci.org/public/io/jenkins/plugins/echarts-api/5.0.2-1/echarts-api-5.0.2-1.hpi (17 MB at 3.6 MB/s)
[INFO] Copying dependency Jenkins plugin C:\Users\andrey\.m2\repository\io\jenkins\plugins\echarts-api\5.0.2-1\echarts-api-5.0.2-1.hpi
Downloading from repo.jenkins-ci.org: https://repo.jenkins-ci.org/public/org/jenkins-ci/plugins/workflow/workflow-support/3.8/workflow-support-3.8.hpi
Downloaded from repo.jenkins-ci.org: https://repo.jenkins-ci.org/public/org/jenkins-ci/plugins/workflow/workflow-support/3.8/workflow-support-3.8.hpi (384 kB at 839 kB/s)
[INFO] Copying dependency Jenkins plugin C:\Users\andrey\.m2\repository\org\jenkins-ci\plugins\workflow\workflow-support\3.8\workflow-support-3.8.hpi
Downloading from repo.jenkins-ci.org: https://repo.jenkins-ci.org/public/org/jenkins-ci/plugins/script-security/1.77/script-security-1.77.hpi
Downloaded from repo.jenkins-ci.org: https://repo.jenkins-ci.org/public/org/jenkins-ci/plugins/script-security/1.77/script-security-1.77.hpi (190 kB at 613 kB/s)
[INFO] Copying dependency Jenkins plugin C:\Users\andrey\.m2\repository\org\jenkins-ci\plugins\script-security\1.77\script-security-1.77.hpi
Downloading from repo.jenkins-ci.org: https://repo.jenkins-ci.org/public/org/jenkins-ci/plugins/apache-httpcomponents-client-4-api/4.5.13-1.0/apache-httpcomponents-client-4-api-4.5.13-1.0.hpi
Downloaded from repo.jenkins-ci.org: https://repo.jenkins-ci.org/public/org/jenkins-ci/plugins/apache-httpcomponents-client-4-api/4.5.13-1.0/apache-httpcomponents-client-4-api-4.5.13-1.0.hpi (1.8 MB at 2.1 MB/s)
[INFO] Copying dependency Jenkins plugin C:\Users\andrey\.m2\repository\org\jenkins-ci\plugins\apache-httpcomponents-client-4-api\4.5.13-1.0\apache-httpcomponents-client-4-api-4.5.13-1.0.hpi
Downloading from repo.jenkins-ci.org: https://repo.jenkins-ci.org/public/org/jenkins-ci/plugins/scm-api/2.6.4/scm-api-2.6.4.hpi
Downloaded from repo.jenkins-ci.org: https://repo.jenkins-ci.org/public/org/jenkins-ci/plugins/scm-api/2.6.4/scm-api-2.6.4.hpi (221 kB at 704 kB/s)
[INFO] Copying dependency Jenkins plugin C:\Users\andrey\.m2\repository\org\jenkins-ci\plugins\scm-api\2.6.4\scm-api-2.6.4.hpi
Downloading from repo.jenkins-ci.org: https://repo.jenkins-ci.org/public/org/jenkins-ci/plugins/junit/1.49/junit-1.49.hpi
Downloaded from repo.jenkins-ci.org: https://repo.jenkins-ci.org/public/org/jenkins-ci/plugins/junit/1.49/junit-1.49.hpi (386 kB at 906 kB/s)
[INFO] Copying dependency Jenkins plugin C:\Users\andrey\.m2\repository\org\jenkins-ci\plugins\junit\1.49\junit-1.49.hpi
Downloading from repo.jenkins-ci.org: https://repo.jenkins-ci.org/public/org/jenkins-ci/plugins/structs/1.23/structs-1.23.hpi
Downloaded from repo.jenkins-ci.org: https://repo.jenkins-ci.org/public/org/jenkins-ci/plugins/structs/1.23/structs-1.23.hpi (44 kB at 153 kB/s)
[INFO] Copying dependency Jenkins plugin C:\Users\andrey\.m2\repository\org\jenkins-ci\plugins\structs\1.23\structs-1.23.hpi
Downloading from repo.jenkins-ci.org: https://repo.jenkins-ci.org/public/io/jenkins/plugins/popper-api/1.16.1-2/popper-api-1.16.1-2.hpi
Downloaded from repo.jenkins-ci.org: https://repo.jenkins-ci.org/public/io/jenkins/plugins/popper-api/1.16.1-2/popper-api-1.16.1-2.hpi (464 kB at 804 kB/s)
[INFO] Copying dependency Jenkins plugin C:\Users\andrey\.m2\repository\io\jenkins\plugins\popper-api\1.16.1-2\popper-api-1.16.1-2.hpi
Downloading from repo.jenkins-ci.org: https://repo.jenkins-ci.org/public/io/jenkins/plugins/snakeyaml-api/1.27.0/snakeyaml-api-1.27.0.hpi
Downloaded from repo.jenkins-ci.org: https://repo.jenkins-ci.org/public/io/jenkins/plugins/snakeyaml-api/1.27.0/snakeyaml-api-1.27.0.hpi (278 kB at 693 kB/s)
[INFO] Copying dependency Jenkins plugin C:\Users\andrey\.m2\repository\io\jenkins\plugins\snakeyaml-api\1.27.0\snakeyaml-api-1.27.0.hpi
Downloading from repo.jenkins-ci.org: https://repo.jenkins-ci.org/public/org/jenkins-ci/plugins/javadoc/1.6/javadoc-1.6.hpi
Downloaded from repo.jenkins-ci.org: https://repo.jenkins-ci.org/public/org/jenkins-ci/plugins/javadoc/1.6/javadoc-1.6.hpi (36 kB at 126 kB/s)
[INFO] Copying dependency Jenkins plugin C:\Users\andrey\.m2\repository\org\jenkins-ci\plugins\javadoc\1.6\javadoc-1.6.hpi
Downloading from repo.jenkins-ci.org: https://repo.jenkins-ci.org/public/io/jenkins/plugins/caffeine-api/2.9.1-23.v51c4e2c879c8/caffeine-api-2.9.1-23.v51c4e2c879c8.hpi
Downloaded from repo.jenkins-ci.org: https://repo.jenkins-ci.org/public/io/jenkins/plugins/caffeine-api/2.9.1-23.v51c4e2c879c8/caffeine-api-2.9.1-23.v51c4e2c879c8.hpi (759 kB at 1.5 MB/s)
[INFO] Copying dependency Jenkins plugin C:\Users\andrey\.m2\repository\io\jenkins\plugins\caffeine-api\2.9.1-23.v51c4e2c879c8\caffeine-api-2.9.1-23.v51c4e2c879c8.hpi
Downloading from repo.jenkins-ci.org: https://repo.jenkins-ci.org/public/org/jenkins-ci/plugins/workflow/workflow-api/2.42/workflow-api-2.42.hpi
Downloaded from repo.jenkins-ci.org: https://repo.jenkins-ci.org/public/org/jenkins-ci/plugins/workflow/workflow-api/2.42/workflow-api-2.42.hpi (158 kB at 506 kB/s)
[INFO] Copying dependency Jenkins plugin C:\Users\andrey\.m2\repository\org\jenkins-ci\plugins\workflow\workflow-api\2.42\workflow-api-2.42.hpi
Downloading from repo.jenkins-ci.org: https://repo.jenkins-ci.org/public/io/jenkins/plugins/checks-api/1.7.0/checks-api-1.7.0.hpi
Downloaded from repo.jenkins-ci.org: https://repo.jenkins-ci.org/public/io/jenkins/plugins/checks-api/1.7.0/checks-api-1.7.0.hpi (68 kB at 241 kB/s)
[INFO] Copying dependency Jenkins plugin C:\Users\andrey\.m2\repository\io\jenkins\plugins\checks-api\1.7.0\checks-api-1.7.0.hpi
Downloading from repo.jenkins-ci.org: https://repo.jenkins-ci.org/public/org/jenkins-ci/plugins/workflow/workflow-step-api/2.23/workflow-step-api-2.23.hpi
Downloaded from repo.jenkins-ci.org: https://repo.jenkins-ci.org/public/org/jenkins-ci/plugins/workflow/workflow-step-api/2.23/workflow-step-api-2.23.hpi (76 kB at 264 kB/s)
[INFO] Copying dependency Jenkins plugin C:\Users\andrey\.m2\repository\org\jenkins-ci\plugins\workflow\workflow-step-api\2.23\workflow-step-api-2.23.hpi
Downloading from repo.jenkins-ci.org: https://repo.jenkins-ci.org/public/org/jenkins-ci/plugins/mailer/1.34/mailer-1.34.hpi
Downloaded from repo.jenkins-ci.org: https://repo.jenkins-ci.org/public/org/jenkins-ci/plugins/mailer/1.34/mailer-1.34.hpi (133 kB at 443 kB/s)
[INFO] Copying dependency Jenkins plugin C:\Users\andrey\.m2\repository\org\jenkins-ci\plugins\mailer\1.34\mailer-1.34.hpi
Downloading from repo.jenkins-ci.org: https://repo.jenkins-ci.org/public/org/jenkins-ci/plugins/jackson2-api/2.12.3/jackson2-api-2.12.3.hpi
Downloaded from repo.jenkins-ci.org: https://repo.jenkins-ci.org/public/org/jenkins-ci/plugins/jackson2-api/2.12.3/jackson2-api-2.12.3.hpi (2.2 MB at 2.1 MB/s)
[INFO] Copying dependency Jenkins plugin C:\Users\andrey\.m2\repository\org\jenkins-ci\plugins\jackson2-api\2.12.3\jackson2-api-2.12.3.hpi
[INFO] Configuring Jetty for project: Dashboard View
[INFO] Try setting -DwildcardDNS=nip.io in a profile
[INFO] ===========> Browse to: http://localhost:8080/jenkins/
[INFO] D:\Download\Chrome\dashboard-view-plugin-dashboard-view-2.17\target\tmp\webapp does not yet exist, will receive C:\Users\andrey\.m2\repository\org\jenkins-ci\main\jenkins-war\2.277.1\jenkins-war-2.277.1.war
[INFO] Context path = /jenkins
[INFO] Tmp directory = D:\Download\Chrome\dashboard-view-plugin-dashboard-view-2.17\target\jetty
[INFO] Web defaults = org/eclipse/jetty/webapp/webdefault.xml
[INFO] Web overrides = (none)
[INFO] jetty-9.4.32.v20200930; built: 2020-09-30T16:16:37.804Z; git: de97d26f7bd222a0e16831e353d702a7a422f711; jvm 1.8.0_201-b09
[INFO] DefaultSessionIdManager workerName=node0
[INFO] No SessionScavenger set, using defaults
[INFO] node0 Scavenging every 600000ms
июн 08, 2021 6:51:31 PM hudson.WebAppMain contextInitialized
INFO: Jenkins home directory: D:\Download\Chrome\dashboard-view-plugin-dashboard-view-2.17\work found at: SystemProperties.getProperty("JENKINS_HOME")
[INFO] Started o.e.j.m.p.JettyWebAppContext@5747c447{Jenkins v2.277.1,/jenkins,file:///D:/Download/Chrome/dashboard-view-plugin-dashboard-view-2.17/target/jetty/webapp/,AVAILABLE}{C:\Users\andrey\.m2\repository\org\jenkins-ci\main\jenkins-war\2.277.1\jenkins-war-2.277.1.war}
[INFO] Started ServerConnector@53cf6123{HTTP/1.1, (http/1.1)}{localhost:8080}
[INFO] Started @82900ms
[INFO] Started Jetty Server
[INFO] Console reloading is ENABLED. Hit ENTER on the console to restart the context.
2021-06-08 15:51:33.912+0000 [id=50]	INFO	jenkins.InitReactorRunner$1#onAttained: Started initialization
2021-06-08 15:51:35.059+0000 [id=70]	WARNING	hudson.ClassicPluginStrategy#createClassJarFromWebInfClasses: Created D:\Download\Chrome\dashboard-view-plugin-dashboard-view-2.17\work\plugins\ant\WEB-INF\lib\classes.jar; update plugin to a version created with a newer harness
2021-06-08 15:51:35.122+0000 [id=70]	INFO	hudson.PluginManager#considerDetachedPlugin: Loading a detached plugin as a dependency: D:\Download\Chrome\dashboard-view-plugin-dashboard-view-2.17\work\plugins\external-monitor-job.jpi
2021-06-08 15:51:35.267+0000 [id=70]	WARNING	hudson.ClassicPluginStrategy#createClassJarFromWebInfClasses: Created D:\Download\Chrome\dashboard-view-plugin-dashboard-view-2.17\work\plugins\external-monitor-job\WEB-INF\lib\classes.jar; update plugin to a version created with a newer harness
2021-06-08 15:51:35.297+0000 [id=70]	INFO	hudson.PluginManager#considerDetachedPlugin: Loading a detached plugin as a dependency: D:\Download\Chrome\dashboard-view-plugin-dashboard-view-2.17\work\plugins\matrix-auth.jpi
2021-06-08 15:51:35.361+0000 [id=70]	INFO	hudson.PluginManager#considerDetachedPlugin: Loading a detached plugin as a dependency: D:\Download\Chrome\dashboard-view-plugin-dashboard-view-2.17\work\plugins\windows-slaves.jpi
2021-06-08 15:51:35.458+0000 [id=70]	INFO	hudson.PluginManager#considerDetachedPlugin: Loading a detached plugin as a dependency: D:\Download\Chrome\dashboard-view-plugin-dashboard-view-2.17\work\plugins\antisamy-markup-formatter.jpi
2021-06-08 15:51:35.517+0000 [id=70]	INFO	hudson.PluginManager#considerDetachedPlugin: Loading a detached plugin as a dependency: D:\Download\Chrome\dashboard-view-plugin-dashboard-view-2.17\work\plugins\bouncycastle-api.jpi
2021-06-08 15:51:35.698+0000 [id=70]	INFO	hudson.PluginManager#considerDetachedPlugin: Loading a detached plugin as a dependency: D:\Download\Chrome\dashboard-view-plugin-dashboard-view-2.17\work\plugins\command-launcher.jpi
2021-06-08 15:51:35.742+0000 [id=70]	INFO	hudson.PluginManager#considerDetachedPlugin: Loading a detached plugin as a dependency: D:\Download\Chrome\dashboard-view-plugin-dashboard-view-2.17\work\plugins\jdk-tool.jpi
2021-06-08 15:51:35.802+0000 [id=70]	INFO	hudson.PluginManager#considerDetachedPlugin: Loading a detached plugin as a dependency: D:\Download\Chrome\dashboard-view-plugin-dashboard-view-2.17\work\plugins\ldap.jpi
2021-06-08 15:51:35.882+0000 [id=70]	INFO	hudson.PluginManager#considerDetachedPlugin: Loading a detached plugin as a dependency: D:\Download\Chrome\dashboard-view-plugin-dashboard-view-2.17\work\plugins\pam-auth.jpi
2021-06-08 15:51:39.536+0000 [id=67]	INFO	jenkins.InitReactorRunner$1#onAttained: Listed all plugins
2021-06-08 15:51:39.594+0000 [id=77]	INFO	j.b.a.SecurityProviderInitializer#addSecurityProvider: Initializing Bouncy Castle security provider.
2021-06-08 15:51:39.787+0000 [id=77]	INFO	j.b.a.SecurityProviderInitializer#addSecurityProvider: Bouncy Castle security provider initialized.
2021-06-08 15:51:42.775+0000 [id=65]	INFO	jenkins.InitReactorRunner$1#onAttained: Prepared all plugins
2021-06-08 15:51:42.785+0000 [id=60]	INFO	jenkins.InitReactorRunner$1#onAttained: Started all plugins
2021-06-08 15:51:42.787+0000 [id=77]	INFO	jenkins.InitReactorRunner$1#onAttained: Augmented all extensions
2021-06-08 15:51:43.777+0000 [id=51]	INFO	jenkins.InitReactorRunner$1#onAttained: System config loaded
2021-06-08 15:51:44.097+0000 [id=62]	INFO	jenkins.InitReactorRunner$1#onAttained: System config adapted
2021-06-08 15:51:44.098+0000 [id=53]	INFO	jenkins.InitReactorRunner$1#onAttained: Loaded all jobs
2021-06-08 15:51:44.098+0000 [id=53]	INFO	jenkins.InitReactorRunner$1#onAttained: Configuration for all jobs updated
2021-06-08 15:51:44.119+0000 [id=92]	INFO	hudson.model.AsyncPeriodicWork#lambda$doRun$0: Started Download metadata
2021-06-08 15:51:44.138+0000 [id=92]	INFO	hudson.util.Retrier#start: Attempt #1 to do the action check updates server
2021-06-08 15:51:44.256+0000 [id=66]	INFO	jenkins.model.Jenkins#setInstallState: Install state transitioning from: null to : DEVELOPMENT
2021-06-08 15:51:44.392+0000 [id=77]	INFO	jenkins.InitReactorRunner$1#onAttained: Completed initialization
2021-06-08 15:51:44.421+0000 [id=42]	INFO	hudson.WebAppMain$3#run: Jenkins is fully up and running
2021-06-08 15:51:54.666+0000 [id=92]	INFO	h.m.DownloadService$Downloadable#load: Obtained the updated data file for hudson.tasks.Maven.MavenInstaller
2021-06-08 15:51:54.878+0000 [id=92]	INFO	h.m.DownloadService$Downloadable#load: Obtained the updated data file for hudson.tasks.Ant.AntInstaller
2021-06-08 15:51:55.231+0000 [id=92]	INFO	h.m.DownloadService$Downloadable#load: Obtained the updated data file for hudson.plugins.gradle.GradleInstaller
2021-06-08 15:51:56.403+0000 [id=92]	INFO	h.m.DownloadService$Downloadable#load: Obtained the updated data file for hudson.tools.JDKInstaller
2021-06-08 15:51:56.404+0000 [id=92]	INFO	hudson.util.Retrier#start: Performed the action check updates server successfully at the attempt #1
2021-06-08 15:51:56.408+0000 [id=92]	INFO	hudson.model.AsyncPeriodicWork#lambda$doRun$0: Finished Download metadata. 12 288 ms
