[webapp 2011/09/12 22:39:55] - Error while serving http://10.0.0.222:8080/job/SiteManager/configSubmit
java.lang.reflect.InvocationTargetException
        at sun.reflect.NativeMethodAccessorImpl.invoke0(Native Method)
        at sun.reflect.NativeMethodAccessorImpl.invoke(NativeMethodAccessorImpl.java:39)
        at sun.reflect.DelegatingMethodAccessorImpl.invoke(DelegatingMethodAccessorImpl.java:25)
        at java.lang.reflect.Method.invoke(Method.java:597)
        at org.kohsuke.stapler.Function$InstanceFunction.invoke(Function.java:282)
        at org.kohsuke.stapler.Function.bindAndInvoke(Function.java:149)
        at org.kohsuke.stapler.Function.bindAndInvokeAndServeResponse(Function.java:88)
        at org.kohsuke.stapler.MetaClass$1.doDispatch(MetaClass.java:104)
        at org.kohsuke.stapler.NameBasedDispatcher.dispatch(NameBasedDispatcher.java:53)
        at org.kohsuke.stapler.Stapler.tryInvoke(Stapler.java:561)
        at org.kohsuke.stapler.Stapler.invoke(Stapler.java:646)
        at org.kohsuke.stapler.MetaClass$6.doDispatch(MetaClass.java:234)
        at org.kohsuke.stapler.NameBasedDispatcher.dispatch(NameBasedDispatcher.java:53)
        at org.kohsuke.stapler.Stapler.tryInvoke(Stapler.java:561)
        at org.kohsuke.stapler.Stapler.invoke(Stapler.java:646)
        at org.kohsuke.stapler.Stapler.invoke(Stapler.java:477)
        at org.kohsuke.stapler.Stapler.service(Stapler.java:159)
        at javax.servlet.http.HttpServlet.service(HttpServlet.java:45)
        at winstone.ServletConfiguration.execute(ServletConfiguration.java:249)
        at winstone.RequestDispatcher.forward(RequestDispatcher.java:335)
        at winstone.RequestDispatcher.doFilter(RequestDispatcher.java:378)
        at hudson.util.PluginServletFilter$1.doFilter(PluginServletFilter.java:95)
        at hudson.util.PluginServletFilter.doFilter(PluginServletFilter.java:87)
        at winstone.FilterConfiguration.execute(FilterConfiguration.java:195)
        at winstone.RequestDispatcher.doFilter(RequestDispatcher.java:368)
        at hudson.security.csrf.CrumbFilter.doFilter(CrumbFilter.java:47)
        at winstone.FilterConfiguration.execute(FilterConfiguration.java:195)
        at winstone.RequestDispatcher.doFilter(RequestDispatcher.java:368)
        at hudson.security.ChainedServletFilter$1.doFilter(ChainedServletFilter.java:84)
        at hudson.security.UnwrapSecurityExceptionFilter.doFilter(UnwrapSecurityExceptionFilter.java:51)
        at hudson.security.ChainedServletFilter$1.doFilter(ChainedServletFilter.java:87)
        at org.acegisecurity.ui.ExceptionTranslationFilter.doFilter(ExceptionTranslationFilter.java:166)
        at hudson.security.ChainedServletFilter$1.doFilter(ChainedServletFilter.java:87)
        at org.acegisecurity.providers.anonymous.AnonymousProcessingFilter.doFilter(AnonymousProcessingFilter.java:125)
        at hudson.security.ChainedServletFilter$1.doFilter(ChainedServletFilter.java:87)
        at org.acegisecurity.ui.rememberme.RememberMeProcessingFilter.doFilter(RememberMeProcessingFilter.java:142)
        at hudson.security.ChainedServletFilter$1.doFilter(ChainedServletFilter.java:87)
        at org.acegisecurity.ui.AbstractProcessingFilter.doFilter(AbstractProcessingFilter.java:271)
        at hudson.security.ChainedServletFilter$1.doFilter(ChainedServletFilter.java:87)
        at org.acegisecurity.ui.basicauth.BasicProcessingFilter.doFilter(BasicProcessingFilter.java:173)
        at hudson.security.ChainedServletFilter$1.doFilter(ChainedServletFilter.java:87)
        at jenkins.security.ApiTokenFilter.doFilter(ApiTokenFilter.java:61)
        at hudson.security.ChainedServletFilter$1.doFilter(ChainedServletFilter.java:87)
        at org.acegisecurity.context.HttpSessionContextIntegrationFilter.doFilter(HttpSessionContextIntegrationFilter.java:249)
        at hudson.security.HttpSessionContextIntegrationFilter2.doFilter(HttpSessionContextIntegrationFilter2.java:66)
        at hudson.security.ChainedServletFilter$1.doFilter(ChainedServletFilter.java:87)
        at hudson.security.ChainedServletFilter.doFilter(ChainedServletFilter.java:76)
        at hudson.security.HudsonFilter.doFilter(HudsonFilter.java:164)
        at winstone.FilterConfiguration.execute(FilterConfiguration.java:195)
        at winstone.RequestDispatcher.doFilter(RequestDispatcher.java:368)
        at hudson.util.CharacterEncodingFilter.doFilter(CharacterEncodingFilter.java:81)
        at winstone.FilterConfiguration.execute(FilterConfiguration.java:195)
        at winstone.RequestDispatcher.doFilter(RequestDispatcher.java:368)
        at winstone.RequestDispatcher.forward(RequestDispatcher.java:333)
        at winstone.RequestHandlerThread.processRequest(RequestHandlerThread.java:244)
        at winstone.RequestHandlerThread.run(RequestHandlerThread.java:150)
        at java.lang.Thread.run(Thread.java:662)
Caused by: java.lang.RuntimeException: Failed to instantiate class org.jenkinsci.plugins.preSCMbuildstep.PreSCMBuildStepsWrapper from {"buildstep":{"bindings":"","classpath":"","kind":"hudson.plugins.groovy.SystemGroovy$DescriptorImpl","scriptSource":{"command":"[\"/home/jenkins/scripts/vm-start-if-not-running.sh\", \"[ha-datacenter/datastore1] build-system-pool/bs-slave-04/bs-slave-04.vmx\"].execute().text","value":"0"},"stapler-class":"hudson.plugins.groovy.SystemGroovy"}}
        at hudson.model.Descriptor.newInstance(Descriptor.java:560)
        at hudson.util.DescribableList.rebuild(DescribableList.java:155)
        at hudson.model.Project.submit(Project.java:196)
        at hudson.model.Job.doConfigSubmit(Job.java:965)
        at hudson.model.AbstractProject.doConfigSubmit(AbstractProject.java:643)
        ... 57 more
Caused by: java.lang.IllegalArgumentException: Failed to instantiate class org.jenkinsci.plugins.preSCMbuildstep.PreSCMBuildStepsWrapper from {"buildstep":{"bindings":"","classpath":"","kind":"hudson.plugins.groovy.SystemGroovy$DescriptorImpl","scriptSource":{"command":"[\"/home/jenkins/scripts/vm-start-if-not-running.sh\", \"[ha-datacenter/datastore1] build-system-pool/bs-slave-04/bs-slave-04.vmx\"].execute().text","value":"0"},"stapler-class":"hudson.plugins.groovy.SystemGroovy"}}
        at org.kohsuke.stapler.RequestImpl$TypePair.convertJSON(RequestImpl.java:628)
        at org.kohsuke.stapler.RequestImpl.bindJSON(RequestImpl.java:372)
        at org.kohsuke.stapler.RequestImpl.bindJSON(RequestImpl.java:368)
        at hudson.model.Descriptor.newInstance(Descriptor.java:551)
        ... 61 more
Caused by: java.lang.IllegalArgumentException: Failed to convert the buildstep parameter of the constructor public org.jenkinsci.plugins.preSCMbuildstep.PreSCMBuildStepsWrapper(java.util.ArrayList)
        at org.kohsuke.stapler.RequestImpl$TypePair.convertJSON(RequestImpl.java:622)
        ... 64 more
Caused by: java.lang.IllegalArgumentException: Failed to instantiate interface hudson.tasks.BuildStep from {"bindings":"","classpath":"","kind":"hudson.plugins.groovy.SystemGroovy$DescriptorImpl","scriptSource":{"command":"[\"/home/jenkins/scripts/vm-start-if-not-running.sh\", \"[ha-datacenter/datastore1] build-system-pool/bs-slave-04/bs-slave-04.vmx\"].execute().text","value":"0"},"stapler-class":"hudson.plugins.groovy.SystemGroovy"}
        at org.kohsuke.stapler.RequestImpl$TypePair.convertJSON(RequestImpl.java:628)
        at org.kohsuke.stapler.RequestImpl$TypePair.convertJSON(RequestImpl.java:664)
        at org.kohsuke.stapler.RequestImpl.bindJSON(RequestImpl.java:372)
        at org.kohsuke.stapler.RequestImpl$TypePair.convertJSON(RequestImpl.java:620)
        ... 64 more
Caused by: java.lang.IllegalArgumentException: Failed to convert the scriptSource parameter of the constructor public hudson.plugins.groovy.SystemGroovy(hudson.plugins.groovy.ScriptSource,java.lang.String,java.lang.String)
        at org.kohsuke.stapler.RequestImpl$TypePair.convertJSON(RequestImpl.java:622)
        ... 67 more
Caused by: java.lang.IllegalArgumentException: Failed to instantiate interface hudson.plugins.groovy.ScriptSource from {"command":"[\"/home/jenkins/scripts/vm-start-if-not-running.sh\", \"[ha-datacenter/datastore1] build-system-pool/bs-slave-04/bs-slave-04.vmx\"].execute().text","value":"0"}
        at org.kohsuke.stapler.RequestImpl$TypePair.convertJSON(RequestImpl.java:628)
        at org.kohsuke.stapler.RequestImpl.bindJSON(RequestImpl.java:372)
        at org.kohsuke.stapler.RequestImpl$TypePair.convertJSON(RequestImpl.java:620)
        ... 67 more
Caused by: org.kohsuke.stapler.NoStaplerConstructorException: There's no @DataBoundConstructor on any constructor of interface hudson.plugins.groovy.ScriptSource
        at org.kohsuke.stapler.RequestImpl.loadConstructorParamNames(RequestImpl.java:480)
        at org.kohsuke.stapler.RequestImpl.access$100(RequestImpl.java:75)
        at org.kohsuke.stapler.RequestImpl$TypePair.convertJSON(RequestImpl.java:607)
        ... 69 more

[Winstone 2011/09/12 22:39:55] - Untrapped Error in Servlet
javax.servlet.ServletException: java.lang.RuntimeException: Failed to instantiate class org.jenkinsci.plugins.preSCMbuildstep.PreSCMBuildStepsWrapper from {"buildstep":{"bindings":"","classpath":"","kind":"hudson.plugins.groovy.SystemGroovy$DescriptorImpl","scriptSource":{"command":"[\"/home/jenkins/scripts/vm-start-if-not-running.sh\", \"[ha-datacenter/datastore1] build-system-pool/bs-slave-04/bs-slave-04.vmx\"].execute().text","value":"0"},"stapler-class":"hudson.plugins.groovy.SystemGroovy"}}
        at org.kohsuke.stapler.Stapler.tryInvoke(Stapler.java:603)
        at org.kohsuke.stapler.Stapler.invoke(Stapler.java:646)
        at org.kohsuke.stapler.MetaClass$6.doDispatch(MetaClass.java:234)
        at org.kohsuke.stapler.NameBasedDispatcher.dispatch(NameBasedDispatcher.java:53)
        at org.kohsuke.stapler.Stapler.tryInvoke(Stapler.java:561)
        at org.kohsuke.stapler.Stapler.invoke(Stapler.java:646)
        at org.kohsuke.stapler.Stapler.invoke(Stapler.java:477)
        at org.kohsuke.stapler.Stapler.service(Stapler.java:159)
        at javax.servlet.http.HttpServlet.service(HttpServlet.java:45)
        at winstone.ServletConfiguration.execute(ServletConfiguration.java:249)
        at winstone.RequestDispatcher.forward(RequestDispatcher.java:335)
        at winstone.RequestDispatcher.doFilter(RequestDispatcher.java:378)
        at hudson.util.PluginServletFilter$1.doFilter(PluginServletFilter.java:95)
        at hudson.util.PluginServletFilter.doFilter(PluginServletFilter.java:87)
        at winstone.FilterConfiguration.execute(FilterConfiguration.java:195)
        at winstone.RequestDispatcher.doFilter(RequestDispatcher.java:368)
        at hudson.security.csrf.CrumbFilter.doFilter(CrumbFilter.java:47)
        at winstone.FilterConfiguration.execute(FilterConfiguration.java:195)
        at winstone.RequestDispatcher.doFilter(RequestDispatcher.java:368)
        at hudson.security.ChainedServletFilter$1.doFilter(ChainedServletFilter.java:84)
        at hudson.security.UnwrapSecurityExceptionFilter.doFilter(UnwrapSecurityExceptionFilter.java:51)
        at hudson.security.ChainedServletFilter$1.doFilter(ChainedServletFilter.java:87)
        at org.acegisecurity.ui.ExceptionTranslationFilter.doFilter(ExceptionTranslationFilter.java:166)
        at hudson.security.ChainedServletFilter$1.doFilter(ChainedServletFilter.java:87)
        at org.acegisecurity.providers.anonymous.AnonymousProcessingFilter.doFilter(AnonymousProcessingFilter.java:125)
        at hudson.security.ChainedServletFilter$1.doFilter(ChainedServletFilter.java:87)
        at org.acegisecurity.ui.rememberme.RememberMeProcessingFilter.doFilter(RememberMeProcessingFilter.java:142)
        at hudson.security.ChainedServletFilter$1.doFilter(ChainedServletFilter.java:87)
        at org.acegisecurity.ui.AbstractProcessingFilter.doFilter(AbstractProcessingFilter.java:271)
        at hudson.security.ChainedServletFilter$1.doFilter(ChainedServletFilter.java:87)
        at org.acegisecurity.ui.basicauth.BasicProcessingFilter.doFilter(BasicProcessingFilter.java:173)
        at hudson.security.ChainedServletFilter$1.doFilter(ChainedServletFilter.java:87)
        at jenkins.security.ApiTokenFilter.doFilter(ApiTokenFilter.java:61)
        at hudson.security.ChainedServletFilter$1.doFilter(ChainedServletFilter.java:87)
        at org.acegisecurity.context.HttpSessionContextIntegrationFilter.doFilter(HttpSessionContextIntegrationFilter.java:249)
        at hudson.security.HttpSessionContextIntegrationFilter2.doFilter(HttpSessionContextIntegrationFilter2.java:66)
        at hudson.security.ChainedServletFilter$1.doFilter(ChainedServletFilter.java:87)
        at hudson.security.ChainedServletFilter.doFilter(ChainedServletFilter.java:76)
        at hudson.security.HudsonFilter.doFilter(HudsonFilter.java:164)
        at winstone.FilterConfiguration.execute(FilterConfiguration.java:195)
        at winstone.RequestDispatcher.doFilter(RequestDispatcher.java:368)
        at hudson.util.CharacterEncodingFilter.doFilter(CharacterEncodingFilter.java:81)
        at winstone.FilterConfiguration.execute(FilterConfiguration.java:195)
        at winstone.RequestDispatcher.doFilter(RequestDispatcher.java:368)
        at winstone.RequestDispatcher.forward(RequestDispatcher.java:333)
        at winstone.RequestHandlerThread.processRequest(RequestHandlerThread.java:244)
        at winstone.RequestHandlerThread.run(RequestHandlerThread.java:150)
        at java.lang.Thread.run(Thread.java:662)
Caused by: java.lang.RuntimeException: Failed to instantiate class org.jenkinsci.plugins.preSCMbuildstep.PreSCMBuildStepsWrapper from {"buildstep":{"bindings":"","classpath":"","kind":"hudson.plugins.groovy.SystemGroovy$DescriptorImpl","scriptSource":{"command":"[\"/home/jenkins/scripts/vm-start-if-not-running.sh\", \"[ha-datacenter/datastore1] build-system-pool/bs-slave-04/bs-slave-04.vmx\"].execute().text","value":"0"},"stapler-class":"hudson.plugins.groovy.SystemGroovy"}}
        at hudson.model.Descriptor.newInstance(Descriptor.java:560)
        at hudson.util.DescribableList.rebuild(DescribableList.java:155)
        at hudson.model.Project.submit(Project.java:196)
        at hudson.model.Job.doConfigSubmit(Job.java:965)
        at hudson.model.AbstractProject.doConfigSubmit(AbstractProject.java:643)
        at sun.reflect.NativeMethodAccessorImpl.invoke0(Native Method)
        at sun.reflect.NativeMethodAccessorImpl.invoke(NativeMethodAccessorImpl.java:39)
        at sun.reflect.DelegatingMethodAccessorImpl.invoke(DelegatingMethodAccessorImpl.java:25)
        at java.lang.reflect.Method.invoke(Method.java:597)
        at org.kohsuke.stapler.Function$InstanceFunction.invoke(Function.java:282)
        at org.kohsuke.stapler.Function.bindAndInvoke(Function.java:149)
        at org.kohsuke.stapler.Function.bindAndInvokeAndServeResponse(Function.java:88)
        at org.kohsuke.stapler.MetaClass$1.doDispatch(MetaClass.java:104)
        at org.kohsuke.stapler.NameBasedDispatcher.dispatch(NameBasedDispatcher.java:53)
        at org.kohsuke.stapler.Stapler.tryInvoke(Stapler.java:561)
        ... 47 more
Caused by: java.lang.IllegalArgumentException: Failed to instantiate class org.jenkinsci.plugins.preSCMbuildstep.PreSCMBuildStepsWrapper from {"buildstep":{"bindings":"","classpath":"","kind":"hudson.plugins.groovy.SystemGroovy$DescriptorImpl","scriptSource":{"command":"[\"/home/jenkins/scripts/vm-start-if-not-running.sh\", \"[ha-datacenter/datastore1] build-system-pool/bs-slave-04/bs-slave-04.vmx\"].execute().text","value":"0"},"stapler-class":"hudson.plugins.groovy.SystemGroovy"}}
        at org.kohsuke.stapler.RequestImpl$TypePair.convertJSON(RequestImpl.java:628)
        at org.kohsuke.stapler.RequestImpl.bindJSON(RequestImpl.java:372)
        at org.kohsuke.stapler.RequestImpl.bindJSON(RequestImpl.java:368)
        at hudson.model.Descriptor.newInstance(Descriptor.java:551)
        ... 61 more
Caused by: java.lang.IllegalArgumentException: Failed to convert the buildstep parameter of the constructor public org.jenkinsci.plugins.preSCMbuildstep.PreSCMBuildStepsWrapper(java.util.ArrayList)
        at org.kohsuke.stapler.RequestImpl$TypePair.convertJSON(RequestImpl.java:622)
        ... 64 more
Caused by: java.lang.IllegalArgumentException: Failed to instantiate interface hudson.tasks.BuildStep from {"bindings":"","classpath":"","kind":"hudson.plugins.groovy.SystemGroovy$DescriptorImpl","scriptSource":{"command":"[\"/home/jenkins/scripts/vm-start-if-not-running.sh\", \"[ha-datacenter/datastore1] build-system-pool/bs-slave-04/bs-slave-04.vmx\"].execute().text","value":"0"},"stapler-class":"hudson.plugins.groovy.SystemGroovy"}
        at org.kohsuke.stapler.RequestImpl$TypePair.convertJSON(RequestImpl.java:628)
        at org.kohsuke.stapler.RequestImpl$TypePair.convertJSON(RequestImpl.java:664)
        at org.kohsuke.stapler.RequestImpl.bindJSON(RequestImpl.java:372)
        at org.kohsuke.stapler.RequestImpl$TypePair.convertJSON(RequestImpl.java:620)
        ... 64 more
Caused by: java.lang.IllegalArgumentException: Failed to convert the scriptSource parameter of the constructor public hudson.plugins.groovy.SystemGroovy(hudson.plugins.groovy.ScriptSource,java.lang.String,java.lang.String)
        at org.kohsuke.stapler.RequestImpl$TypePair.convertJSON(RequestImpl.java:622)
        ... 67 more
Caused by: java.lang.IllegalArgumentException: Failed to instantiate interface hudson.plugins.groovy.ScriptSource from {"command":"[\"/home/jenkins/scripts/vm-start-if-not-running.sh\", \"[ha-datacenter/datastore1] build-system-pool/bs-slave-04/bs-slave-04.vmx\"].execute().text","value":"0"}
        at org.kohsuke.stapler.RequestImpl$TypePair.convertJSON(RequestImpl.java:628)
        at org.kohsuke.stapler.RequestImpl.bindJSON(RequestImpl.java:372)
        at org.kohsuke.stapler.RequestImpl$TypePair.convertJSON(RequestImpl.java:620)
        ... 67 more
Caused by: org.kohsuke.stapler.NoStaplerConstructorException: There's no @DataBoundConstructor on any constructor of interface hudson.plugins.groovy.ScriptSource
        at org.kohsuke.stapler.RequestImpl.loadConstructorParamNames(RequestImpl.java:480)
        at org.kohsuke.stapler.RequestImpl.access$100(RequestImpl.java:75)
        at org.kohsuke.stapler.RequestImpl$TypePair.convertJSON(RequestImpl.java:607)
        ... 69 more

[webapp 2011/09/12 22:39:56] - Error while serving http://10.0.0.222:8080/job/SiteManager/configSubmit
java.lang.reflect.InvocationTargetException
        at sun.reflect.NativeMethodAccessorImpl.invoke0(Native Method)
        at sun.reflect.NativeMethodAccessorImpl.invoke(NativeMethodAccessorImpl.java:39)
        at sun.reflect.DelegatingMethodAccessorImpl.invoke(DelegatingMethodAccessorImpl.java:25)
        at java.lang.reflect.Method.invoke(Method.java:597)
        at org.kohsuke.stapler.Function$InstanceFunction.invoke(Function.java:282)
        at org.kohsuke.stapler.Function.bindAndInvoke(Function.java:149)
        at org.kohsuke.stapler.Function.bindAndInvokeAndServeResponse(Function.java:88)
        at org.kohsuke.stapler.MetaClass$1.doDispatch(MetaClass.java:104)
        at org.kohsuke.stapler.NameBasedDispatcher.dispatch(NameBasedDispatcher.java:53)
        at org.kohsuke.stapler.Stapler.tryInvoke(Stapler.java:561)
        at org.kohsuke.stapler.Stapler.invoke(Stapler.java:646)
        at org.kohsuke.stapler.MetaClass$6.doDispatch(MetaClass.java:234)
        at org.kohsuke.stapler.NameBasedDispatcher.dispatch(NameBasedDispatcher.java:53)
        at org.kohsuke.stapler.Stapler.tryInvoke(Stapler.java:561)
        at org.kohsuke.stapler.Stapler.invoke(Stapler.java:646)
        at org.kohsuke.stapler.Stapler.invoke(Stapler.java:477)
        at org.kohsuke.stapler.Stapler.service(Stapler.java:159)
        at javax.servlet.http.HttpServlet.service(HttpServlet.java:45)
        at winstone.ServletConfiguration.execute(ServletConfiguration.java:249)
        at winstone.RequestDispatcher.forward(RequestDispatcher.java:335)
        at winstone.RequestDispatcher.doFilter(RequestDispatcher.java:378)
        at hudson.util.PluginServletFilter$1.doFilter(PluginServletFilter.java:95)
        at hudson.util.PluginServletFilter.doFilter(PluginServletFilter.java:87)
        at winstone.FilterConfiguration.execute(FilterConfiguration.java:195)
        at winstone.RequestDispatcher.doFilter(RequestDispatcher.java:368)
        at hudson.security.csrf.CrumbFilter.doFilter(CrumbFilter.java:47)
        at winstone.FilterConfiguration.execute(FilterConfiguration.java:195)
        at winstone.RequestDispatcher.doFilter(RequestDispatcher.java:368)
        at hudson.security.ChainedServletFilter$1.doFilter(ChainedServletFilter.java:84)
        at hudson.security.UnwrapSecurityExceptionFilter.doFilter(UnwrapSecurityExceptionFilter.java:51)
        at hudson.security.ChainedServletFilter$1.doFilter(ChainedServletFilter.java:87)
        at org.acegisecurity.ui.ExceptionTranslationFilter.doFilter(ExceptionTranslationFilter.java:166)
        at hudson.security.ChainedServletFilter$1.doFilter(ChainedServletFilter.java:87)
        at org.acegisecurity.providers.anonymous.AnonymousProcessingFilter.doFilter(AnonymousProcessingFilter.java:125)
        at hudson.security.ChainedServletFilter$1.doFilter(ChainedServletFilter.java:87)
        at org.acegisecurity.ui.rememberme.RememberMeProcessingFilter.doFilter(RememberMeProcessingFilter.java:142)
        at hudson.security.ChainedServletFilter$1.doFilter(ChainedServletFilter.java:87)
        at org.acegisecurity.ui.AbstractProcessingFilter.doFilter(AbstractProcessingFilter.java:271)
        at hudson.security.ChainedServletFilter$1.doFilter(ChainedServletFilter.java:87)
        at org.acegisecurity.ui.basicauth.BasicProcessingFilter.doFilter(BasicProcessingFilter.java:173)
        at hudson.security.ChainedServletFilter$1.doFilter(ChainedServletFilter.java:87)
        at jenkins.security.ApiTokenFilter.doFilter(ApiTokenFilter.java:61)
        at hudson.security.ChainedServletFilter$1.doFilter(ChainedServletFilter.java:87)
        at org.acegisecurity.context.HttpSessionContextIntegrationFilter.doFilter(HttpSessionContextIntegrationFilter.java:249)
        at hudson.security.HttpSessionContextIntegrationFilter2.doFilter(HttpSessionContextIntegrationFilter2.java:66)
        at hudson.security.ChainedServletFilter$1.doFilter(ChainedServletFilter.java:87)
        at hudson.security.ChainedServletFilter.doFilter(ChainedServletFilter.java:76)
        at hudson.security.HudsonFilter.doFilter(HudsonFilter.java:164)
        at winstone.FilterConfiguration.execute(FilterConfiguration.java:195)
        at winstone.RequestDispatcher.doFilter(RequestDispatcher.java:368)
        at hudson.util.CharacterEncodingFilter.doFilter(CharacterEncodingFilter.java:81)
        at winstone.FilterConfiguration.execute(FilterConfiguration.java:195)
        at winstone.RequestDispatcher.doFilter(RequestDispatcher.java:368)
        at winstone.RequestDispatcher.forward(RequestDispatcher.java:333)
        at winstone.RequestHandlerThread.processRequest(RequestHandlerThread.java:244)
        at winstone.RequestHandlerThread.run(RequestHandlerThread.java:150)
        at java.lang.Thread.run(Thread.java:662)
Caused by: java.lang.RuntimeException: Failed to instantiate class org.jenkinsci.plugins.preSCMbuildstep.PreSCMBuildStepsWrapper from {"buildstep":{"bindings":"","classpath":"","kind":"hudson.plugins.groovy.SystemGroovy$DescriptorImpl","scriptSource":{"command":"[\"/home/jenkins/scripts/vm-start-if-not-running.sh\", \"[ha-datacenter/datastore1] build-system-pool/bs-slave-04/bs-slave-04.vmx\"].execute().text","value":"0"},"stapler-class":"hudson.plugins.groovy.SystemGroovy"}}
        at hudson.model.Descriptor.newInstance(Descriptor.java:560)
        at hudson.util.DescribableList.rebuild(DescribableList.java:155)
        at hudson.model.Project.submit(Project.java:196)
        at hudson.model.Job.doConfigSubmit(Job.java:965)
        at hudson.model.AbstractProject.doConfigSubmit(AbstractProject.java:643)
        ... 57 more
Caused by: java.lang.IllegalArgumentException: Failed to instantiate class org.jenkinsci.plugins.preSCMbuildstep.PreSCMBuildStepsWrapper from {"buildstep":{"bindings":"","classpath":"","kind":"hudson.plugins.groovy.SystemGroovy$DescriptorImpl","scriptSource":{"command":"[\"/home/jenkins/scripts/vm-start-if-not-running.sh\", \"[ha-datacenter/datastore1] build-system-pool/bs-slave-04/bs-slave-04.vmx\"].execute().text","value":"0"},"stapler-class":"hudson.plugins.groovy.SystemGroovy"}}
        at org.kohsuke.stapler.RequestImpl$TypePair.convertJSON(RequestImpl.java:628)
        at org.kohsuke.stapler.RequestImpl.bindJSON(RequestImpl.java:372)
        at org.kohsuke.stapler.RequestImpl.bindJSON(RequestImpl.java:368)
        at hudson.model.Descriptor.newInstance(Descriptor.java:551)
        ... 61 more
Caused by: java.lang.IllegalArgumentException: Failed to convert the buildstep parameter of the constructor public org.jenkinsci.plugins.preSCMbuildstep.PreSCMBuildStepsWrapper(java.util.ArrayList)
        at org.kohsuke.stapler.RequestImpl$TypePair.convertJSON(RequestImpl.java:622)
        ... 64 more
Caused by: java.lang.IllegalArgumentException: Failed to instantiate interface hudson.tasks.BuildStep from {"bindings":"","classpath":"","kind":"hudson.plugins.groovy.SystemGroovy$DescriptorImpl","scriptSource":{"command":"[\"/home/jenkins/scripts/vm-start-if-not-running.sh\", \"[ha-datacenter/datastore1] build-system-pool/bs-slave-04/bs-slave-04.vmx\"].execute().text","value":"0"},"stapler-class":"hudson.plugins.groovy.SystemGroovy"}
        at org.kohsuke.stapler.RequestImpl$TypePair.convertJSON(RequestImpl.java:628)
        at org.kohsuke.stapler.RequestImpl$TypePair.convertJSON(RequestImpl.java:664)
        at org.kohsuke.stapler.RequestImpl.bindJSON(RequestImpl.java:372)
        at org.kohsuke.stapler.RequestImpl$TypePair.convertJSON(RequestImpl.java:620)
        ... 64 more
Caused by: java.lang.IllegalArgumentException: Failed to convert the scriptSource parameter of the constructor public hudson.plugins.groovy.SystemGroovy(hudson.plugins.groovy.ScriptSource,java.lang.String,java.lang.String)
        at org.kohsuke.stapler.RequestImpl$TypePair.convertJSON(RequestImpl.java:622)
        ... 67 more
Caused by: java.lang.IllegalArgumentException: Failed to instantiate interface hudson.plugins.groovy.ScriptSource from {"command":"[\"/home/jenkins/scripts/vm-start-if-not-running.sh\", \"[ha-datacenter/datastore1] build-system-pool/bs-slave-04/bs-slave-04.vmx\"].execute().text","value":"0"}
        at org.kohsuke.stapler.RequestImpl$TypePair.convertJSON(RequestImpl.java:628)
        at org.kohsuke.stapler.RequestImpl.bindJSON(RequestImpl.java:372)
        at org.kohsuke.stapler.RequestImpl$TypePair.convertJSON(RequestImpl.java:620)
        ... 67 more
Caused by: org.kohsuke.stapler.NoStaplerConstructorException: There's no @DataBoundConstructor on any constructor of interface hudson.plugins.groovy.ScriptSource
        at org.kohsuke.stapler.RequestImpl.loadConstructorParamNames(RequestImpl.java:480)
        at org.kohsuke.stapler.RequestImpl.access$100(RequestImpl.java:75)
        at org.kohsuke.stapler.RequestImpl$TypePair.convertJSON(RequestImpl.java:607)
        ... 69 more

[Winstone 2011/09/12 22:39:56] - Untrapped Error in Servlet
javax.servlet.ServletException: java.lang.RuntimeException: Failed to instantiate class org.jenkinsci.plugins.preSCMbuildstep.PreSCMBuildStepsWrapper from {"buildstep":{"bindings":"","classpath":"","kind":"hudson.plugins.groovy.SystemGroovy$DescriptorImpl","scriptSource":{"command":"[\"/home/jenkins/scripts/vm-start-if-not-running.sh\", \"[ha-datacenter/datastore1] build-system-pool/bs-slave-04/bs-slave-04.vmx\"].execute().text","value":"0"},"stapler-class":"hudson.plugins.groovy.SystemGroovy"}}
        at org.kohsuke.stapler.Stapler.tryInvoke(Stapler.java:603)
        at org.kohsuke.stapler.Stapler.invoke(Stapler.java:646)
        at org.kohsuke.stapler.MetaClass$6.doDispatch(MetaClass.java:234)
        at org.kohsuke.stapler.NameBasedDispatcher.dispatch(NameBasedDispatcher.java:53)
        at org.kohsuke.stapler.Stapler.tryInvoke(Stapler.java:561)
        at org.kohsuke.stapler.Stapler.invoke(Stapler.java:646)
        at org.kohsuke.stapler.Stapler.invoke(Stapler.java:477)
        at org.kohsuke.stapler.Stapler.service(Stapler.java:159)
        at javax.servlet.http.HttpServlet.service(HttpServlet.java:45)
        at winstone.ServletConfiguration.execute(ServletConfiguration.java:249)
        at winstone.RequestDispatcher.forward(RequestDispatcher.java:335)
        at winstone.RequestDispatcher.doFilter(RequestDispatcher.java:378)
        at hudson.util.PluginServletFilter$1.doFilter(PluginServletFilter.java:95)
        at hudson.util.PluginServletFilter.doFilter(PluginServletFilter.java:87)
        at winstone.FilterConfiguration.execute(FilterConfiguration.java:195)
        at winstone.RequestDispatcher.doFilter(RequestDispatcher.java:368)
        at hudson.security.csrf.CrumbFilter.doFilter(CrumbFilter.java:47)
        at winstone.FilterConfiguration.execute(FilterConfiguration.java:195)
        at winstone.RequestDispatcher.doFilter(RequestDispatcher.java:368)
        at hudson.security.ChainedServletFilter$1.doFilter(ChainedServletFilter.java:84)
        at hudson.security.UnwrapSecurityExceptionFilter.doFilter(UnwrapSecurityExceptionFilter.java:51)
        at hudson.security.ChainedServletFilter$1.doFilter(ChainedServletFilter.java:87)
        at org.acegisecurity.ui.ExceptionTranslationFilter.doFilter(ExceptionTranslationFilter.java:166)
        at hudson.security.ChainedServletFilter$1.doFilter(ChainedServletFilter.java:87)
        at org.acegisecurity.providers.anonymous.AnonymousProcessingFilter.doFilter(AnonymousProcessingFilter.java:125)
        at hudson.security.ChainedServletFilter$1.doFilter(ChainedServletFilter.java:87)
        at org.acegisecurity.ui.rememberme.RememberMeProcessingFilter.doFilter(RememberMeProcessingFilter.java:142)
        at hudson.security.ChainedServletFilter$1.doFilter(ChainedServletFilter.java:87)
        at org.acegisecurity.ui.AbstractProcessingFilter.doFilter(AbstractProcessingFilter.java:271)
        at hudson.security.ChainedServletFilter$1.doFilter(ChainedServletFilter.java:87)
        at org.acegisecurity.ui.basicauth.BasicProcessingFilter.doFilter(BasicProcessingFilter.java:173)
        at hudson.security.ChainedServletFilter$1.doFilter(ChainedServletFilter.java:87)
        at jenkins.security.ApiTokenFilter.doFilter(ApiTokenFilter.java:61)
        at hudson.security.ChainedServletFilter$1.doFilter(ChainedServletFilter.java:87)
        at org.acegisecurity.context.HttpSessionContextIntegrationFilter.doFilter(HttpSessionContextIntegrationFilter.java:249)
        at hudson.security.HttpSessionContextIntegrationFilter2.doFilter(HttpSessionContextIntegrationFilter2.java:66)
        at hudson.security.ChainedServletFilter$1.doFilter(ChainedServletFilter.java:87)
        at hudson.security.ChainedServletFilter.doFilter(ChainedServletFilter.java:76)
        at hudson.security.HudsonFilter.doFilter(HudsonFilter.java:164)
        at winstone.FilterConfiguration.execute(FilterConfiguration.java:195)
        at winstone.RequestDispatcher.doFilter(RequestDispatcher.java:368)
        at hudson.util.CharacterEncodingFilter.doFilter(CharacterEncodingFilter.java:81)
        at winstone.FilterConfiguration.execute(FilterConfiguration.java:195)
        at winstone.RequestDispatcher.doFilter(RequestDispatcher.java:368)
        at winstone.RequestDispatcher.forward(RequestDispatcher.java:333)
        at winstone.RequestHandlerThread.processRequest(RequestHandlerThread.java:244)
        at winstone.RequestHandlerThread.run(RequestHandlerThread.java:150)
        at java.lang.Thread.run(Thread.java:662)
Caused by: java.lang.RuntimeException: Failed to instantiate class org.jenkinsci.plugins.preSCMbuildstep.PreSCMBuildStepsWrapper from {"buildstep":{"bindings":"","classpath":"","kind":"hudson.plugins.groovy.SystemGroovy$DescriptorImpl","scriptSource":{"command":"[\"/home/jenkins/scripts/vm-start-if-not-running.sh\", \"[ha-datacenter/datastore1] build-system-pool/bs-slave-04/bs-slave-04.vmx\"].execute().text","value":"0"},"stapler-class":"hudson.plugins.groovy.SystemGroovy"}}
        at hudson.model.Descriptor.newInstance(Descriptor.java:560)
        at hudson.util.DescribableList.rebuild(DescribableList.java:155)
        at hudson.model.Project.submit(Project.java:196)
        at hudson.model.Job.doConfigSubmit(Job.java:965)
        at hudson.model.AbstractProject.doConfigSubmit(AbstractProject.java:643)
        at sun.reflect.NativeMethodAccessorImpl.invoke0(Native Method)
        at sun.reflect.NativeMethodAccessorImpl.invoke(NativeMethodAccessorImpl.java:39)
        at sun.reflect.DelegatingMethodAccessorImpl.invoke(DelegatingMethodAccessorImpl.java:25)
        at java.lang.reflect.Method.invoke(Method.java:597)
        at org.kohsuke.stapler.Function$InstanceFunction.invoke(Function.java:282)
        at org.kohsuke.stapler.Function.bindAndInvoke(Function.java:149)
        at org.kohsuke.stapler.Function.bindAndInvokeAndServeResponse(Function.java:88)
        at org.kohsuke.stapler.MetaClass$1.doDispatch(MetaClass.java:104)
        at org.kohsuke.stapler.NameBasedDispatcher.dispatch(NameBasedDispatcher.java:53)
        at org.kohsuke.stapler.Stapler.tryInvoke(Stapler.java:561)
        ... 47 more
Caused by: java.lang.IllegalArgumentException: Failed to instantiate class org.jenkinsci.plugins.preSCMbuildstep.PreSCMBuildStepsWrapper from {"buildstep":{"bindings":"","classpath":"","kind":"hudson.plugins.groovy.SystemGroovy$DescriptorImpl","scriptSource":{"command":"[\"/home/jenkins/scripts/vm-start-if-not-running.sh\", \"[ha-datacenter/datastore1] build-system-pool/bs-slave-04/bs-slave-04.vmx\"].execute().text","value":"0"},"stapler-class":"hudson.plugins.groovy.SystemGroovy"}}
        at org.kohsuke.stapler.RequestImpl$TypePair.convertJSON(RequestImpl.java:628)
        at org.kohsuke.stapler.RequestImpl.bindJSON(RequestImpl.java:372)
        at org.kohsuke.stapler.RequestImpl.bindJSON(RequestImpl.java:368)
        at hudson.model.Descriptor.newInstance(Descriptor.java:551)
        ... 61 more
Caused by: java.lang.IllegalArgumentException: Failed to convert the buildstep parameter of the constructor public org.jenkinsci.plugins.preSCMbuildstep.PreSCMBuildStepsWrapper(java.util.ArrayList)
        at org.kohsuke.stapler.RequestImpl$TypePair.convertJSON(RequestImpl.java:622)
        ... 64 more
Caused by: java.lang.IllegalArgumentException: Failed to instantiate interface hudson.tasks.BuildStep from {"bindings":"","classpath":"","kind":"hudson.plugins.groovy.SystemGroovy$DescriptorImpl","scriptSource":{"command":"[\"/home/jenkins/scripts/vm-start-if-not-running.sh\", \"[ha-datacenter/datastore1] build-system-pool/bs-slave-04/bs-slave-04.vmx\"].execute().text","value":"0"},"stapler-class":"hudson.plugins.groovy.SystemGroovy"}
        at org.kohsuke.stapler.RequestImpl$TypePair.convertJSON(RequestImpl.java:628)
        at org.kohsuke.stapler.RequestImpl$TypePair.convertJSON(RequestImpl.java:664)
        at org.kohsuke.stapler.RequestImpl.bindJSON(RequestImpl.java:372)
        at org.kohsuke.stapler.RequestImpl$TypePair.convertJSON(RequestImpl.java:620)
        ... 64 more
Caused by: java.lang.IllegalArgumentException: Failed to convert the scriptSource parameter of the constructor public hudson.plugins.groovy.SystemGroovy(hudson.plugins.groovy.ScriptSource,java.lang.String,java.lang.String)
        at org.kohsuke.stapler.RequestImpl$TypePair.convertJSON(RequestImpl.java:622)
        ... 67 more
Caused by: java.lang.IllegalArgumentException: Failed to instantiate interface hudson.plugins.groovy.ScriptSource from {"command":"[\"/home/jenkins/scripts/vm-start-if-not-running.sh\", \"[ha-datacenter/datastore1] build-system-pool/bs-slave-04/bs-slave-04.vmx\"].execute().text","value":"0"}
        at org.kohsuke.stapler.RequestImpl$TypePair.convertJSON(RequestImpl.java:628)
        at org.kohsuke.stapler.RequestImpl.bindJSON(RequestImpl.java:372)
        at org.kohsuke.stapler.RequestImpl$TypePair.convertJSON(RequestImpl.java:620)
        ... 67 more
Caused by: org.kohsuke.stapler.NoStaplerConstructorException: There's no @DataBoundConstructor on any constructor of interface hudson.plugins.groovy.ScriptSource
        at org.kohsuke.stapler.RequestImpl.loadConstructorParamNames(RequestImpl.java:480)
        at org.kohsuke.stapler.RequestImpl.access$100(RequestImpl.java:75)
        at org.kohsuke.stapler.RequestImpl$TypePair.convertJSON(RequestImpl.java:607)
        ... 69 more
