Running from: /tmp/hudson-1_376.war
[Winstone 2010/09/16 11:32:25] - Beginning extraction from war file
hudson home directory: /home/andreyev/.hudson
Using one-time self-signed certificate
[Winstone 2010/09/16 11:32:27] - AJP13 Listener started: port=8009
[Winstone 2010/09/16 11:32:27] - HTTP Listener started: port=8081
Sep 16, 2010 11:32:27 AM hudson.model.Hudson$4 onAttained
INFO: Started initialization
Sep 16, 2010 11:32:27 AM hudson.model.Hudson$4 onAttained
INFO: Listed all plugins
Green Balls!
Sep 16, 2010 11:32:27 AM hudson.model.Hudson$4 onAttained
INFO: Prepared all plugins
Sep 16, 2010 11:32:27 AM hudson.model.Hudson$4 onAttained
INFO: Started all plugins
[Winstone 2010/09/16 11:32:28] - Winstone Servlet Engine v0.9.10 running: controlPort=disabled
Sep 16, 2010 11:32:31 AM org.jvnet.hudson.plugins.DownStreamProjectActionFactory createFor
INFO: org.jvnet.hudson.plugins.DownStreamProjectActionFactory@182a033 adds DownStreamProjectAction for hudson.model.FreeStyleProject@e391c4[job 1]
Sep 16, 2010 11:32:31 AM org.jvnet.hudson.plugins.DownStreamProjectActionFactory createFor
INFO: job 1 #2 already has [org.jvnet.hudson.plugins.DownstreamBuildViewAction@1408a75]
Sep 16, 2010 11:32:31 AM org.jvnet.hudson.plugins.DownStreamProjectActionFactory createFor
INFO: job 1 #2:[hudson.model.CauseAction@423d4f, org.jvnet.hudson.plugins.DownstreamBuildViewAction@1408a75]
Sep 16, 2010 11:32:31 AM org.jvnet.hudson.plugins.DownStreamProjectActionFactory createFor
INFO: job 1 #1 already has [org.jvnet.hudson.plugins.DownstreamBuildViewAction@c713d2]
Sep 16, 2010 11:32:31 AM org.jvnet.hudson.plugins.DownStreamProjectActionFactory createFor
INFO: job 1 #1:[hudson.model.CauseAction@1e6696c, org.jvnet.hudson.plugins.DownstreamBuildViewAction@c713d2]
Sep 16, 2010 11:32:31 AM org.jvnet.hudson.plugins.DownStreamProjectActionFactory createFor
INFO: org.jvnet.hudson.plugins.DownStreamProjectActionFactory@182a033 adds DownStreamProjectAction for hudson.model.FreeStyleProject@381d92[job 3]
Sep 16, 2010 11:32:31 AM org.jvnet.hudson.plugins.DownStreamProjectActionFactory createFor
INFO: job 3 #42 already has [org.jvnet.hudson.plugins.DownstreamBuildViewAction@1d8e9e]
Sep 16, 2010 11:32:31 AM org.jvnet.hudson.plugins.DownStreamProjectActionFactory createFor
INFO: job 3 #42:[hudson.model.CauseAction@7e5130, org.jvnet.hudson.plugins.DownstreamBuildViewAction@1d8e9e]
Sep 16, 2010 11:32:31 AM org.jvnet.hudson.plugins.DownStreamProjectActionFactory createFor
INFO: job 3 #41 already has [org.jvnet.hudson.plugins.DownstreamBuildViewAction@1042fcc]
Sep 16, 2010 11:32:31 AM org.jvnet.hudson.plugins.DownStreamProjectActionFactory createFor
INFO: job 3 #41:[hudson.model.CauseAction@1de0c09, org.jvnet.hudson.plugins.DownstreamBuildViewAction@1042fcc]
Sep 16, 2010 11:32:31 AM org.jvnet.hudson.plugins.DownStreamProjectActionFactory createFor
INFO: job 3 #40 already has [org.jvnet.hudson.plugins.DownstreamBuildViewAction@e85825]
Sep 16, 2010 11:32:31 AM org.jvnet.hudson.plugins.DownStreamProjectActionFactory createFor
INFO: org.jvnet.hudson.plugins.DownStreamProjectActionFactory@182a033 adds DownStreamProjectAction for hudson.model.FreeStyleProject@1f2f70a[job 4]
Sep 16, 2010 11:32:31 AM org.jvnet.hudson.plugins.DownStreamProjectActionFactory createFor
INFO: job 3 #40:[hudson.model.CauseAction@38d460, org.jvnet.hudson.plugins.DownstreamBuildViewAction@e85825]
Sep 16, 2010 11:32:31 AM org.jvnet.hudson.plugins.DownStreamProjectActionFactory createFor
INFO: job 3 #39 already has [org.jvnet.hudson.plugins.DownstreamBuildViewAction@6bd9e0]
Sep 16, 2010 11:32:31 AM org.jvnet.hudson.plugins.DownStreamProjectActionFactory createFor
INFO: job 3 #39:[hudson.model.CauseAction@ad339b, org.jvnet.hudson.plugins.DownstreamBuildViewAction@6bd9e0]
Sep 16, 2010 11:32:31 AM org.jvnet.hudson.plugins.DownStreamProjectActionFactory createFor
INFO: job 3 #38 already has [org.jvnet.hudson.plugins.DownstreamBuildViewAction@11710be]
Sep 16, 2010 11:32:31 AM org.jvnet.hudson.plugins.DownStreamProjectActionFactory createFor
INFO: job 3 #38:[hudson.model.CauseAction@14c4d61, org.jvnet.hudson.plugins.DownstreamBuildViewAction@11710be]
Sep 16, 2010 11:32:31 AM org.jvnet.hudson.plugins.DownStreamProjectActionFactory createFor
INFO: job 3 #37 already has [org.jvnet.hudson.plugins.DownstreamBuildViewAction@6c5356]
Sep 16, 2010 11:32:31 AM org.jvnet.hudson.plugins.DownStreamProjectActionFactory createFor
INFO: job 3 #37:[hudson.model.CauseAction@1d349e2, org.jvnet.hudson.plugins.DownstreamBuildViewAction@6c5356]
Sep 16, 2010 11:32:31 AM org.jvnet.hudson.plugins.DownStreamProjectActionFactory createFor
INFO: job 3 #36 already has [org.jvnet.hudson.plugins.DownstreamBuildViewAction@97d3f0]
Sep 16, 2010 11:32:31 AM org.jvnet.hudson.plugins.DownStreamProjectActionFactory createFor
INFO: job 3 #36:[hudson.model.CauseAction@1db6942, org.jvnet.hudson.plugins.DownstreamBuildViewAction@97d3f0]
Sep 16, 2010 11:32:31 AM org.jvnet.hudson.plugins.DownStreamProjectActionFactory createFor
INFO: job 3 #35 already has [org.jvnet.hudson.plugins.DownstreamBuildViewAction@1db9f45]
Sep 16, 2010 11:32:31 AM org.jvnet.hudson.plugins.DownStreamProjectActionFactory createFor
INFO: job 3 #35:[hudson.model.CauseAction@1b59919, org.jvnet.hudson.plugins.DownstreamBuildViewAction@1db9f45]
Sep 16, 2010 11:32:31 AM org.jvnet.hudson.plugins.DownStreamProjectActionFactory createFor
INFO: job 3 #34 already has [org.jvnet.hudson.plugins.DownstreamBuildViewAction@1566a6c]
Sep 16, 2010 11:32:31 AM org.jvnet.hudson.plugins.DownStreamProjectActionFactory createFor
INFO: job 3 #34:[hudson.model.CauseAction@650646, org.jvnet.hudson.plugins.DownstreamBuildViewAction@1566a6c]
Sep 16, 2010 11:32:31 AM org.jvnet.hudson.plugins.DownStreamProjectActionFactory createFor
INFO: job 3 #33 already has [org.jvnet.hudson.plugins.DownstreamBuildViewAction@7efa96]
Sep 16, 2010 11:32:31 AM org.jvnet.hudson.plugins.DownStreamProjectActionFactory createFor
INFO: job 3 #33:[hudson.model.CauseAction@75c78d, org.jvnet.hudson.plugins.DownstreamBuildViewAction@7efa96]
Sep 16, 2010 11:32:31 AM org.jvnet.hudson.plugins.DownStreamProjectActionFactory createFor
INFO: job 3 #32 already has [org.jvnet.hudson.plugins.DownstreamBuildViewAction@800aa1]
Sep 16, 2010 11:32:31 AM org.jvnet.hudson.plugins.DownStreamProjectActionFactory createFor
INFO: job 3 #32:[hudson.model.CauseAction@39da8a, org.jvnet.hudson.plugins.DownstreamBuildViewAction@800aa1]
Sep 16, 2010 11:32:31 AM org.jvnet.hudson.plugins.DownStreamProjectActionFactory createFor
INFO: job 3 #31 already has [org.jvnet.hudson.plugins.DownstreamBuildViewAction@3acc67]
Sep 16, 2010 11:32:31 AM org.jvnet.hudson.plugins.DownStreamProjectActionFactory createFor
INFO: job 3 #31:[hudson.model.CauseAction@41a12f, org.jvnet.hudson.plugins.DownstreamBuildViewAction@3acc67]
Sep 16, 2010 11:32:31 AM org.jvnet.hudson.plugins.DownStreamProjectActionFactory createFor
INFO: job 3 #30 already has [org.jvnet.hudson.plugins.DownstreamBuildViewAction@bd4e3c]
Sep 16, 2010 11:32:31 AM org.jvnet.hudson.plugins.DownStreamProjectActionFactory createFor
INFO: job 3 #30:[hudson.model.CauseAction@5b78cf, org.jvnet.hudson.plugins.DownstreamBuildViewAction@bd4e3c]
Sep 16, 2010 11:32:31 AM org.jvnet.hudson.plugins.DownStreamProjectActionFactory createFor
INFO: job 3 #29 already has [org.jvnet.hudson.plugins.DownstreamBuildViewAction@1588325]
Sep 16, 2010 11:32:31 AM org.jvnet.hudson.plugins.DownStreamProjectActionFactory createFor
INFO: job 3 #29:[hudson.model.CauseAction@a2a38, org.jvnet.hudson.plugins.DownstreamBuildViewAction@1588325]
Sep 16, 2010 11:32:31 AM org.jvnet.hudson.plugins.DownStreamProjectActionFactory createFor
INFO: job 3 #28 already has [org.jvnet.hudson.plugins.DownstreamBuildViewAction@159ea8e]
Sep 16, 2010 11:32:31 AM org.jvnet.hudson.plugins.DownStreamProjectActionFactory createFor
INFO: job 3 #28:[hudson.model.CauseAction@3650ed, org.jvnet.hudson.plugins.DownstreamBuildViewAction@159ea8e]
Sep 16, 2010 11:32:31 AM org.jvnet.hudson.plugins.DownStreamProjectActionFactory createFor
INFO: job 3 #27 already has [org.jvnet.hudson.plugins.DownstreamBuildViewAction@1fb050c]
Sep 16, 2010 11:32:31 AM org.jvnet.hudson.plugins.DownStreamProjectActionFactory createFor
INFO: job 3 #27:[hudson.model.CauseAction@1088a1b, org.jvnet.hudson.plugins.DownstreamBuildViewAction@1fb050c]
Sep 16, 2010 11:32:31 AM org.jvnet.hudson.plugins.DownStreamProjectActionFactory createFor
INFO: job 4 #41 already has [org.jvnet.hudson.plugins.DownstreamBuildViewAction@feecca]
Sep 16, 2010 11:32:31 AM org.jvnet.hudson.plugins.DownStreamProjectActionFactory createFor
INFO: job 4 #41:[hudson.model.CauseAction@1a32ea4, org.jvnet.hudson.plugins.DownstreamBuildViewAction@feecca]
Sep 16, 2010 11:32:31 AM org.jvnet.hudson.plugins.DownStreamProjectActionFactory createFor
INFO: job 4 #40 already has [org.jvnet.hudson.plugins.DownstreamBuildViewAction@4b12d9]
Sep 16, 2010 11:32:31 AM org.jvnet.hudson.plugins.DownStreamProjectActionFactory createFor
INFO: job 4 #40:[hudson.model.CauseAction@c28cb7, org.jvnet.hudson.plugins.DownstreamBuildViewAction@4b12d9]
Sep 16, 2010 11:32:31 AM org.jvnet.hudson.plugins.DownStreamProjectActionFactory createFor
INFO: job 4 #39 already has [org.jvnet.hudson.plugins.DownstreamBuildViewAction@a45435]
Sep 16, 2010 11:32:31 AM org.jvnet.hudson.plugins.DownStreamProjectActionFactory createFor
INFO: job 4 #39:[hudson.model.CauseAction@946d22, org.jvnet.hudson.plugins.DownstreamBuildViewAction@a45435]
Sep 16, 2010 11:32:31 AM org.jvnet.hudson.plugins.DownStreamProjectActionFactory createFor
INFO: job 4 #38 already has [org.jvnet.hudson.plugins.DownstreamBuildViewAction@8905bd]
Sep 16, 2010 11:32:31 AM org.jvnet.hudson.plugins.DownStreamProjectActionFactory createFor
INFO: job 4 #38:[hudson.model.CauseAction@1d7fc31, org.jvnet.hudson.plugins.DownstreamBuildViewAction@8905bd]
Sep 16, 2010 11:32:31 AM org.jvnet.hudson.plugins.DownStreamProjectActionFactory createFor
INFO: job 4 #37 already has [org.jvnet.hudson.plugins.DownstreamBuildViewAction@ee20fe]
Sep 16, 2010 11:32:31 AM org.jvnet.hudson.plugins.DownStreamProjectActionFactory createFor
INFO: job 4 #37:[hudson.model.CauseAction@1b83048, org.jvnet.hudson.plugins.DownstreamBuildViewAction@ee20fe]
Sep 16, 2010 11:32:31 AM org.jvnet.hudson.plugins.DownStreamProjectActionFactory createFor
INFO: job 4 #36 already has [org.jvnet.hudson.plugins.DownstreamBuildViewAction@169dd64]
Sep 16, 2010 11:32:31 AM org.jvnet.hudson.plugins.DownStreamProjectActionFactory createFor
INFO: job 4 #36:[hudson.model.CauseAction@145f5e3, org.jvnet.hudson.plugins.DownstreamBuildViewAction@169dd64]
Sep 16, 2010 11:32:31 AM org.jvnet.hudson.plugins.DownStreamProjectActionFactory createFor
INFO: job 4 #35 already has [org.jvnet.hudson.plugins.DownstreamBuildViewAction@122d9c]
Sep 16, 2010 11:32:31 AM org.jvnet.hudson.plugins.DownStreamProjectActionFactory createFor
INFO: job 4 #35:[hudson.model.CauseAction@170984c, org.jvnet.hudson.plugins.DownstreamBuildViewAction@122d9c]
Sep 16, 2010 11:32:31 AM org.jvnet.hudson.plugins.DownStreamProjectActionFactory createFor
INFO: job 4 #34 already has [org.jvnet.hudson.plugins.DownstreamBuildViewAction@11ed166]
Sep 16, 2010 11:32:31 AM org.jvnet.hudson.plugins.DownStreamProjectActionFactory createFor
INFO: job 4 #34:[hudson.model.CauseAction@45aa2c, org.jvnet.hudson.plugins.DownstreamBuildViewAction@11ed166]
Sep 16, 2010 11:32:31 AM org.jvnet.hudson.plugins.DownStreamProjectActionFactory createFor
INFO: job 4 #33 already has [org.jvnet.hudson.plugins.DownstreamBuildViewAction@1a734ff]
Sep 16, 2010 11:32:31 AM org.jvnet.hudson.plugins.DownStreamProjectActionFactory createFor
INFO: job 4 #33:[hudson.model.CauseAction@886ad0, org.jvnet.hudson.plugins.DownstreamBuildViewAction@1a734ff]
Sep 16, 2010 11:32:31 AM org.jvnet.hudson.plugins.DownStreamProjectActionFactory createFor
INFO: job 4 #32 already has [org.jvnet.hudson.plugins.DownstreamBuildViewAction@1cab18]
Sep 16, 2010 11:32:31 AM org.jvnet.hudson.plugins.DownStreamProjectActionFactory createFor
INFO: job 4 #32:[hudson.model.CauseAction@24e801, org.jvnet.hudson.plugins.DownstreamBuildViewAction@1cab18]
Sep 16, 2010 11:32:31 AM org.jvnet.hudson.plugins.DownStreamProjectActionFactory createFor
INFO: job 4 #31 already has [org.jvnet.hudson.plugins.DownstreamBuildViewAction@fba502]
Sep 16, 2010 11:32:31 AM org.jvnet.hudson.plugins.DownStreamProjectActionFactory createFor
INFO: job 4 #31:[hudson.model.CauseAction@10e4fd7, org.jvnet.hudson.plugins.DownstreamBuildViewAction@fba502]
Sep 16, 2010 11:32:31 AM org.jvnet.hudson.plugins.DownStreamProjectActionFactory createFor
INFO: job 4 #30 already has [org.jvnet.hudson.plugins.DownstreamBuildViewAction@9bc984]
Sep 16, 2010 11:32:31 AM org.jvnet.hudson.plugins.DownStreamProjectActionFactory createFor
INFO: job 4 #30:[hudson.model.CauseAction@1cb2795, org.jvnet.hudson.plugins.DownstreamBuildViewAction@9bc984]
Sep 16, 2010 11:32:31 AM org.jvnet.hudson.plugins.DownStreamProjectActionFactory createFor
INFO: job 4 #29 already has [org.jvnet.hudson.plugins.DownstreamBuildViewAction@93bca2]
Sep 16, 2010 11:32:31 AM org.jvnet.hudson.plugins.DownStreamProjectActionFactory createFor
INFO: job 4 #29:[hudson.model.CauseAction@1455d1c, org.jvnet.hudson.plugins.DownstreamBuildViewAction@93bca2]
Sep 16, 2010 11:32:31 AM org.jvnet.hudson.plugins.DownStreamProjectActionFactory createFor
INFO: job 4 #28 already has [org.jvnet.hudson.plugins.DownstreamBuildViewAction@b3a5a0]
Sep 16, 2010 11:32:31 AM org.jvnet.hudson.plugins.DownStreamProjectActionFactory createFor
INFO: job 4 #28:[hudson.model.CauseAction@3ec561, org.jvnet.hudson.plugins.DownstreamBuildViewAction@b3a5a0]
Sep 16, 2010 11:32:31 AM org.jvnet.hudson.plugins.DownStreamProjectActionFactory createFor
INFO: job 4 #27 already has [org.jvnet.hudson.plugins.DownstreamBuildViewAction@1107c05]
Sep 16, 2010 11:32:31 AM org.jvnet.hudson.plugins.DownStreamProjectActionFactory createFor
INFO: job 4 #27:[hudson.model.CauseAction@13e6226, org.jvnet.hudson.plugins.DownstreamBuildViewAction@1107c05]
Sep 16, 2010 11:32:31 AM org.jvnet.hudson.plugins.DownStreamProjectActionFactory createFor
INFO: job 4 #26 already has [org.jvnet.hudson.plugins.DownstreamBuildViewAction@9dca26]
Sep 16, 2010 11:32:31 AM org.jvnet.hudson.plugins.DownStreamProjectActionFactory createFor
INFO: job 4 #26:[hudson.model.CauseAction@1429cb2, org.jvnet.hudson.plugins.DownstreamBuildViewAction@9dca26]
Sep 16, 2010 11:32:31 AM org.jvnet.hudson.plugins.DownStreamProjectActionFactory createFor
INFO: job 4 #25 already has [org.jvnet.hudson.plugins.DownstreamBuildViewAction@3da850]
Sep 16, 2010 11:32:31 AM org.jvnet.hudson.plugins.DownStreamProjectActionFactory createFor
INFO: job 4 #25:[hudson.model.CauseAction@1f51e5c, org.jvnet.hudson.plugins.DownstreamBuildViewAction@3da850]
Sep 16, 2010 11:32:31 AM org.jvnet.hudson.plugins.DownStreamProjectActionFactory createFor
INFO: job 4 #24 already has [org.jvnet.hudson.plugins.DownstreamBuildViewAction@19c6163]
Sep 16, 2010 11:32:31 AM org.jvnet.hudson.plugins.DownStreamProjectActionFactory createFor
INFO: job 4 #24:[hudson.model.CauseAction@1bdbfec, org.jvnet.hudson.plugins.DownstreamBuildViewAction@19c6163]
Sep 16, 2010 11:32:31 AM org.jvnet.hudson.plugins.DownStreamProjectActionFactory createFor
INFO: job 4 #23 already has [org.jvnet.hudson.plugins.DownstreamBuildViewAction@834cfb]
Sep 16, 2010 11:32:31 AM org.jvnet.hudson.plugins.DownStreamProjectActionFactory createFor
INFO: job 4 #23:[hudson.model.CauseAction@330fb9, org.jvnet.hudson.plugins.DownstreamBuildViewAction@834cfb]
Sep 16, 2010 11:32:31 AM org.jvnet.hudson.plugins.DownStreamProjectActionFactory createFor
INFO: job 4 #22 already has [org.jvnet.hudson.plugins.DownstreamBuildViewAction@4d5575]
Sep 16, 2010 11:32:31 AM org.jvnet.hudson.plugins.DownStreamProjectActionFactory createFor
INFO: job 4 #22:[hudson.model.CauseAction@1257687, org.jvnet.hudson.plugins.DownstreamBuildViewAction@4d5575]
Sep 16, 2010 11:32:31 AM org.jvnet.hudson.plugins.DownStreamProjectActionFactory createFor
INFO: job 4 #21 already has [org.jvnet.hudson.plugins.DownstreamBuildViewAction@88d319]
Sep 16, 2010 11:32:31 AM org.jvnet.hudson.plugins.DownStreamProjectActionFactory createFor
INFO: job 4 #21:[hudson.model.CauseAction@db38a4, org.jvnet.hudson.plugins.DownstreamBuildViewAction@88d319]
Sep 16, 2010 11:32:31 AM org.jvnet.hudson.plugins.DownStreamProjectActionFactory createFor
INFO: job 4 #20 already has [org.jvnet.hudson.plugins.DownstreamBuildViewAction@63a1ae]
Sep 16, 2010 11:32:31 AM org.jvnet.hudson.plugins.DownStreamProjectActionFactory createFor
INFO: job 4 #20:[hudson.model.CauseAction@10bc995, org.jvnet.hudson.plugins.DownstreamBuildViewAction@63a1ae]
Sep 16, 2010 11:32:31 AM org.jvnet.hudson.plugins.DownStreamProjectActionFactory createFor
INFO: job 4 #19 already has [org.jvnet.hudson.plugins.DownstreamBuildViewAction@df8b14]
Sep 16, 2010 11:32:31 AM org.jvnet.hudson.plugins.DownStreamProjectActionFactory createFor
INFO: job 4 #19:[hudson.model.CauseAction@23d08b, org.jvnet.hudson.plugins.DownstreamBuildViewAction@df8b14]
Sep 16, 2010 11:32:31 AM org.jvnet.hudson.plugins.DownStreamProjectActionFactory createFor
INFO: job 4 #18 already has [org.jvnet.hudson.plugins.DownstreamBuildViewAction@1508f31]
Sep 16, 2010 11:32:31 AM org.jvnet.hudson.plugins.DownStreamProjectActionFactory createFor
INFO: job 4 #18:[hudson.model.CauseAction@1e8fa70, org.jvnet.hudson.plugins.DownstreamBuildViewAction@1508f31]
Sep 16, 2010 11:32:31 AM org.jvnet.hudson.plugins.DownStreamProjectActionFactory createFor
INFO: job 4 #17 already has [org.jvnet.hudson.plugins.DownstreamBuildViewAction@91f0de]
Sep 16, 2010 11:32:31 AM org.jvnet.hudson.plugins.DownStreamProjectActionFactory createFor
INFO: job 4 #17:[hudson.model.CauseAction@15c929a, org.jvnet.hudson.plugins.DownstreamBuildViewAction@91f0de]
Sep 16, 2010 11:32:31 AM org.jvnet.hudson.plugins.DownStreamProjectActionFactory createFor
INFO: job 4 #16 already has [org.jvnet.hudson.plugins.DownstreamBuildViewAction@9cd8db]
Sep 16, 2010 11:32:31 AM org.jvnet.hudson.plugins.DownStreamProjectActionFactory createFor
INFO: job 4 #16:[hudson.model.CauseAction@1612190, org.jvnet.hudson.plugins.DownstreamBuildViewAction@9cd8db]
Sep 16, 2010 11:32:31 AM org.jvnet.hudson.plugins.DownStreamProjectActionFactory createFor
INFO: job 4 #15 already has [org.jvnet.hudson.plugins.DownstreamBuildViewAction@1e29b99]
Sep 16, 2010 11:32:31 AM org.jvnet.hudson.plugins.DownStreamProjectActionFactory createFor
INFO: job 4 #15:[hudson.model.CauseAction@5585dc, org.jvnet.hudson.plugins.DownstreamBuildViewAction@1e29b99]
Sep 16, 2010 11:32:31 AM org.jvnet.hudson.plugins.DownStreamProjectActionFactory createFor
INFO: job 3 #26 already has [org.jvnet.hudson.plugins.DownstreamBuildViewAction@e3ffdf]
Sep 16, 2010 11:32:31 AM org.jvnet.hudson.plugins.DownStreamProjectActionFactory createFor
INFO: job 3 #26:[hudson.model.CauseAction@c736e4, org.jvnet.hudson.plugins.DownstreamBuildViewAction@e3ffdf]
Sep 16, 2010 11:32:31 AM org.jvnet.hudson.plugins.DownStreamProjectActionFactory createFor
INFO: job 3 #25 already has [org.jvnet.hudson.plugins.DownstreamBuildViewAction@e4e358]
Sep 16, 2010 11:32:31 AM org.jvnet.hudson.plugins.DownStreamProjectActionFactory createFor
INFO: job 3 #25:[hudson.model.CauseAction@109dc35, org.jvnet.hudson.plugins.DownstreamBuildViewAction@e4e358]
Sep 16, 2010 11:32:31 AM org.jvnet.hudson.plugins.DownStreamProjectActionFactory createFor
INFO: job 3 #24 already has [org.jvnet.hudson.plugins.DownstreamBuildViewAction@58213c]
Sep 16, 2010 11:32:31 AM org.jvnet.hudson.plugins.DownStreamProjectActionFactory createFor
INFO: job 3 #24:[hudson.model.CauseAction@1ee04fd, org.jvnet.hudson.plugins.DownstreamBuildViewAction@58213c]
Sep 16, 2010 11:32:31 AM org.jvnet.hudson.plugins.DownStreamProjectActionFactory createFor
INFO: job 3 #23 already has [org.jvnet.hudson.plugins.DownstreamBuildViewAction@1898115]
Sep 16, 2010 11:32:31 AM org.jvnet.hudson.plugins.DownStreamProjectActionFactory createFor
INFO: job 3 #23:[hudson.model.CauseAction@79b177, org.jvnet.hudson.plugins.DownstreamBuildViewAction@1898115]
Sep 16, 2010 11:32:31 AM org.jvnet.hudson.plugins.DownStreamProjectActionFactory createFor
INFO: job 3 #22 already has [org.jvnet.hudson.plugins.DownstreamBuildViewAction@1723c7f]
Sep 16, 2010 11:32:31 AM org.jvnet.hudson.plugins.DownStreamProjectActionFactory createFor
INFO: job 3 #22:[hudson.model.CauseAction@e1eae7, org.jvnet.hudson.plugins.DownstreamBuildViewAction@1723c7f]
Sep 16, 2010 11:32:31 AM org.jvnet.hudson.plugins.DownStreamProjectActionFactory createFor
INFO: job 3 #21 already has [org.jvnet.hudson.plugins.DownstreamBuildViewAction@523be]
Sep 16, 2010 11:32:31 AM org.jvnet.hudson.plugins.DownStreamProjectActionFactory createFor
INFO: job 3 #21:[hudson.model.CauseAction@16dba0a, org.jvnet.hudson.plugins.DownstreamBuildViewAction@523be]
Sep 16, 2010 11:32:31 AM org.jvnet.hudson.plugins.DownStreamProjectActionFactory createFor
INFO: job 3 #20 already has [org.jvnet.hudson.plugins.DownstreamBuildViewAction@d0f59e]
Sep 16, 2010 11:32:31 AM org.jvnet.hudson.plugins.DownStreamProjectActionFactory createFor
INFO: job 3 #20:[hudson.model.CauseAction@ad5fab, org.jvnet.hudson.plugins.DownstreamBuildViewAction@d0f59e]
Sep 16, 2010 11:32:31 AM org.jvnet.hudson.plugins.DownStreamProjectActionFactory createFor
INFO: job 3 #19 already has [org.jvnet.hudson.plugins.DownstreamBuildViewAction@63f09e]
Sep 16, 2010 11:32:31 AM org.jvnet.hudson.plugins.DownStreamProjectActionFactory createFor
INFO: job 3 #19:[hudson.model.CauseAction@14a55e5, org.jvnet.hudson.plugins.DownstreamBuildViewAction@63f09e]
Sep 16, 2010 11:32:31 AM org.jvnet.hudson.plugins.DownStreamProjectActionFactory createFor
INFO: job 3 #18 already has [org.jvnet.hudson.plugins.DownstreamBuildViewAction@14d581b]
Sep 16, 2010 11:32:31 AM org.jvnet.hudson.plugins.DownStreamProjectActionFactory createFor
INFO: job 3 #18:[hudson.model.CauseAction@d36ff3, org.jvnet.hudson.plugins.DownstreamBuildViewAction@14d581b]
Sep 16, 2010 11:32:31 AM org.jvnet.hudson.plugins.DownStreamProjectActionFactory createFor
INFO: job 3 #17 already has [org.jvnet.hudson.plugins.DownstreamBuildViewAction@15af049]
Sep 16, 2010 11:32:31 AM org.jvnet.hudson.plugins.DownStreamProjectActionFactory createFor
INFO: job 3 #17:[hudson.model.CauseAction@1555185, org.jvnet.hudson.plugins.DownstreamBuildViewAction@15af049]
Sep 16, 2010 11:32:31 AM org.jvnet.hudson.plugins.DownStreamProjectActionFactory createFor
INFO: job 3 #16 already has [org.jvnet.hudson.plugins.DownstreamBuildViewAction@5b28c9]
Sep 16, 2010 11:32:31 AM org.jvnet.hudson.plugins.DownStreamProjectActionFactory createFor
INFO: job 3 #16:[hudson.model.CauseAction@d2d58b, org.jvnet.hudson.plugins.DownstreamBuildViewAction@5b28c9]
Sep 16, 2010 11:32:31 AM org.jvnet.hudson.plugins.DownStreamProjectActionFactory createFor
INFO: job 3 #15 already has [org.jvnet.hudson.plugins.DownstreamBuildViewAction@1c19919]
Sep 16, 2010 11:32:31 AM org.jvnet.hudson.plugins.DownStreamProjectActionFactory createFor
INFO: job 3 #15:[hudson.model.CauseAction@12a416a, org.jvnet.hudson.plugins.DownstreamBuildViewAction@1c19919]
Sep 16, 2010 11:32:31 AM org.jvnet.hudson.plugins.DownStreamProjectActionFactory createFor
INFO: job 3 #14 already has [org.jvnet.hudson.plugins.DownstreamBuildViewAction@12cb585]
Sep 16, 2010 11:32:31 AM org.jvnet.hudson.plugins.DownStreamProjectActionFactory createFor
INFO: job 3 #14:[hudson.model.CauseAction@413fc6, org.jvnet.hudson.plugins.DownstreamBuildViewAction@12cb585]
Sep 16, 2010 11:32:31 AM org.jvnet.hudson.plugins.DownStreamProjectActionFactory createFor
INFO: job 3 #13 already has [org.jvnet.hudson.plugins.DownstreamBuildViewAction@1c220eb]
Sep 16, 2010 11:32:31 AM org.jvnet.hudson.plugins.DownStreamProjectActionFactory createFor
INFO: job 3 #13:[hudson.model.CauseAction@1ff5c98, org.jvnet.hudson.plugins.DownstreamBuildViewAction@1c220eb]
Sep 16, 2010 11:32:31 AM org.jvnet.hudson.plugins.DownStreamProjectActionFactory createFor
INFO: job 3 #12 already has [org.jvnet.hudson.plugins.DownstreamBuildViewAction@183272]
Sep 16, 2010 11:32:31 AM org.jvnet.hudson.plugins.DownStreamProjectActionFactory createFor
INFO: job 3 #12:[hudson.model.CauseAction@97e3a5, org.jvnet.hudson.plugins.DownstreamBuildViewAction@183272]
Sep 16, 2010 11:32:31 AM org.jvnet.hudson.plugins.DownStreamProjectActionFactory createFor
INFO: job 3 #11 already has [org.jvnet.hudson.plugins.DownstreamBuildViewAction@1e2a069]
Sep 16, 2010 11:32:31 AM org.jvnet.hudson.plugins.DownStreamProjectActionFactory createFor
INFO: job 3 #11:[hudson.model.CauseAction@191777e, org.jvnet.hudson.plugins.DownstreamBuildViewAction@1e2a069]
Sep 16, 2010 11:32:31 AM org.jvnet.hudson.plugins.DownStreamProjectActionFactory createFor
INFO: job 3 #10 already has [org.jvnet.hudson.plugins.DownstreamBuildViewAction@13c2d7f]
Sep 16, 2010 11:32:31 AM org.jvnet.hudson.plugins.DownStreamProjectActionFactory createFor
INFO: job 3 #10:[hudson.model.CauseAction@1cefde4, org.jvnet.hudson.plugins.DownstreamBuildViewAction@13c2d7f]
Sep 16, 2010 11:32:31 AM org.jvnet.hudson.plugins.DownStreamProjectActionFactory createFor
INFO: job 3 #9 already has [org.jvnet.hudson.plugins.DownstreamBuildViewAction@7ec028]
Sep 16, 2010 11:32:31 AM org.jvnet.hudson.plugins.DownStreamProjectActionFactory createFor
INFO: job 3 #9:[hudson.model.CauseAction@179b7b0, org.jvnet.hudson.plugins.DownstreamBuildViewAction@7ec028]
Sep 16, 2010 11:32:31 AM org.jvnet.hudson.plugins.DownStreamProjectActionFactory createFor
INFO: job 3 #8 already has [org.jvnet.hudson.plugins.DownstreamBuildViewAction@ab1b4]
Sep 16, 2010 11:32:31 AM org.jvnet.hudson.plugins.DownStreamProjectActionFactory createFor
INFO: job 3 #8:[hudson.model.CauseAction@18c458, org.jvnet.hudson.plugins.DownstreamBuildViewAction@ab1b4]
Sep 16, 2010 11:32:31 AM org.jvnet.hudson.plugins.DownStreamProjectActionFactory createFor
INFO: job 3 #7 already has [org.jvnet.hudson.plugins.DownstreamBuildViewAction@2a2cc]
Sep 16, 2010 11:32:31 AM org.jvnet.hudson.plugins.DownStreamProjectActionFactory createFor
INFO: job 3 #7:[hudson.model.CauseAction@10e18ba, org.jvnet.hudson.plugins.DownstreamBuildViewAction@2a2cc]
Sep 16, 2010 11:32:31 AM org.jvnet.hudson.plugins.DownStreamProjectActionFactory createFor
INFO: job 3 #6 already has [org.jvnet.hudson.plugins.DownstreamBuildViewAction@7981d5]
Sep 16, 2010 11:32:31 AM org.jvnet.hudson.plugins.DownStreamProjectActionFactory createFor
INFO: job 3 #6:[hudson.model.CauseAction@13acc52, org.jvnet.hudson.plugins.DownstreamBuildViewAction@7981d5]
Sep 16, 2010 11:32:31 AM org.jvnet.hudson.plugins.DownStreamProjectActionFactory createFor
INFO: job 3 #5 already has [org.jvnet.hudson.plugins.DownstreamBuildViewAction@13c33b7]
Sep 16, 2010 11:32:31 AM org.jvnet.hudson.plugins.DownStreamProjectActionFactory createFor
INFO: job 3 #5:[hudson.model.CauseAction@16752c9, org.jvnet.hudson.plugins.DownstreamBuildViewAction@13c33b7]
Sep 16, 2010 11:32:31 AM org.jvnet.hudson.plugins.DownStreamProjectActionFactory createFor
INFO: job 3 #4 already has [org.jvnet.hudson.plugins.DownstreamBuildViewAction@6c2896]
Sep 16, 2010 11:32:31 AM org.jvnet.hudson.plugins.DownStreamProjectActionFactory createFor
INFO: job 3 #4:[hudson.model.CauseAction@dccfab, org.jvnet.hudson.plugins.DownstreamBuildViewAction@6c2896]
Sep 16, 2010 11:32:31 AM org.jvnet.hudson.plugins.DownStreamProjectActionFactory createFor
INFO: job 3 #3 already has [org.jvnet.hudson.plugins.DownstreamBuildViewAction@c5f468]
Sep 16, 2010 11:32:31 AM org.jvnet.hudson.plugins.DownStreamProjectActionFactory createFor
INFO: job 3 #3:[hudson.model.CauseAction@30d83d, org.jvnet.hudson.plugins.DownstreamBuildViewAction@c5f468]
Sep 16, 2010 11:32:31 AM org.jvnet.hudson.plugins.DownStreamProjectActionFactory createFor
INFO: job 3 #2 already has [org.jvnet.hudson.plugins.DownstreamBuildViewAction@c4afc4]
Sep 16, 2010 11:32:31 AM org.jvnet.hudson.plugins.DownStreamProjectActionFactory createFor
INFO: job 3 #2:[hudson.model.CauseAction@ef9f84, org.jvnet.hudson.plugins.DownstreamBuildViewAction@c4afc4]
Sep 16, 2010 11:32:31 AM org.jvnet.hudson.plugins.DownStreamProjectActionFactory createFor
INFO: job 4 #14 already has [org.jvnet.hudson.plugins.DownstreamBuildViewAction@1d1c3cd]
Sep 16, 2010 11:32:31 AM org.jvnet.hudson.plugins.DownStreamProjectActionFactory createFor
INFO: job 4 #14:[hudson.model.CauseAction@8deb8a, org.jvnet.hudson.plugins.DownstreamBuildViewAction@1d1c3cd]
Sep 16, 2010 11:32:31 AM org.jvnet.hudson.plugins.DownStreamProjectActionFactory createFor
INFO: job 4 #13 already has [org.jvnet.hudson.plugins.DownstreamBuildViewAction@162d950]
Sep 16, 2010 11:32:31 AM org.jvnet.hudson.plugins.DownStreamProjectActionFactory createFor
INFO: job 4 #13:[hudson.model.CauseAction@a937cd, org.jvnet.hudson.plugins.DownstreamBuildViewAction@162d950]
Sep 16, 2010 11:32:31 AM org.jvnet.hudson.plugins.DownStreamProjectActionFactory createFor
INFO: job 4 #12 already has [org.jvnet.hudson.plugins.DownstreamBuildViewAction@18e899c]
Sep 16, 2010 11:32:31 AM org.jvnet.hudson.plugins.DownStreamProjectActionFactory createFor
INFO: job 4 #12:[hudson.model.CauseAction@ec8784, org.jvnet.hudson.plugins.DownstreamBuildViewAction@18e899c]
Sep 16, 2010 11:32:31 AM org.jvnet.hudson.plugins.DownStreamProjectActionFactory createFor
INFO: job 4 #11 already has [org.jvnet.hudson.plugins.DownstreamBuildViewAction@b52a28]
Sep 16, 2010 11:32:31 AM org.jvnet.hudson.plugins.DownStreamProjectActionFactory createFor
INFO: job 4 #11:[hudson.model.CauseAction@1e2c841, org.jvnet.hudson.plugins.DownstreamBuildViewAction@b52a28]
Sep 16, 2010 11:32:31 AM org.jvnet.hudson.plugins.DownStreamProjectActionFactory createFor
INFO: job 4 #10 already has [org.jvnet.hudson.plugins.DownstreamBuildViewAction@1c958af]
Sep 16, 2010 11:32:31 AM org.jvnet.hudson.plugins.DownStreamProjectActionFactory createFor
INFO: job 4 #10:[hudson.model.CauseAction@1dd7736, org.jvnet.hudson.plugins.DownstreamBuildViewAction@1c958af]
Sep 16, 2010 11:32:31 AM org.jvnet.hudson.plugins.DownStreamProjectActionFactory createFor
INFO: job 4 #9 already has [org.jvnet.hudson.plugins.DownstreamBuildViewAction@bd93cd]
Sep 16, 2010 11:32:31 AM org.jvnet.hudson.plugins.DownStreamProjectActionFactory createFor
INFO: job 4 #9:[hudson.model.CauseAction@3299f6, org.jvnet.hudson.plugins.DownstreamBuildViewAction@bd93cd]
Sep 16, 2010 11:32:31 AM org.jvnet.hudson.plugins.DownStreamProjectActionFactory createFor
INFO: job 4 #8 already has [org.jvnet.hudson.plugins.DownstreamBuildViewAction@19fc25]
Sep 16, 2010 11:32:31 AM org.jvnet.hudson.plugins.DownStreamProjectActionFactory createFor
INFO: job 4 #8:[hudson.model.CauseAction@1f8f8c8, org.jvnet.hudson.plugins.DownstreamBuildViewAction@19fc25]
Sep 16, 2010 11:32:31 AM org.jvnet.hudson.plugins.DownStreamProjectActionFactory createFor
INFO: job 4 #7 already has [org.jvnet.hudson.plugins.DownstreamBuildViewAction@952905]
Sep 16, 2010 11:32:31 AM org.jvnet.hudson.plugins.DownStreamProjectActionFactory createFor
INFO: job 4 #7:[hudson.model.CauseAction@b83be0, org.jvnet.hudson.plugins.DownstreamBuildViewAction@952905]
Sep 16, 2010 11:32:31 AM org.jvnet.hudson.plugins.DownStreamProjectActionFactory createFor
INFO: job 4 #6 already has [org.jvnet.hudson.plugins.DownstreamBuildViewAction@1631573]
Sep 16, 2010 11:32:31 AM org.jvnet.hudson.plugins.DownStreamProjectActionFactory createFor
INFO: job 4 #6:[hudson.model.CauseAction@1533c8, org.jvnet.hudson.plugins.DownstreamBuildViewAction@1631573]
Sep 16, 2010 11:32:31 AM org.jvnet.hudson.plugins.DownStreamProjectActionFactory createFor
INFO: job 4 #5 already has [org.jvnet.hudson.plugins.DownstreamBuildViewAction@1faa614]
Sep 16, 2010 11:32:31 AM org.jvnet.hudson.plugins.DownStreamProjectActionFactory createFor
INFO: job 4 #5:[hudson.model.CauseAction@ad7d80, org.jvnet.hudson.plugins.DownstreamBuildViewAction@1faa614]
Sep 16, 2010 11:32:31 AM org.jvnet.hudson.plugins.DownStreamProjectActionFactory createFor
INFO: job 4 #4 already has [org.jvnet.hudson.plugins.DownstreamBuildViewAction@a6d35]
Sep 16, 2010 11:32:31 AM org.jvnet.hudson.plugins.DownStreamProjectActionFactory createFor
INFO: job 4 #4:[hudson.model.CauseAction@87d472, org.jvnet.hudson.plugins.DownstreamBuildViewAction@a6d35]
Sep 16, 2010 11:32:31 AM org.jvnet.hudson.plugins.DownStreamProjectActionFactory createFor
INFO: job 4 #3 already has [org.jvnet.hudson.plugins.DownstreamBuildViewAction@18ca663]
Sep 16, 2010 11:32:31 AM org.jvnet.hudson.plugins.DownStreamProjectActionFactory createFor
INFO: job 4 #3:[hudson.model.CauseAction@ffc3eb, org.jvnet.hudson.plugins.DownstreamBuildViewAction@18ca663]
Sep 16, 2010 11:32:31 AM org.jvnet.hudson.plugins.DownStreamProjectActionFactory createFor
INFO: job 4 #2 already has [org.jvnet.hudson.plugins.DownstreamBuildViewAction@1978933]
Sep 16, 2010 11:32:31 AM org.jvnet.hudson.plugins.DownStreamProjectActionFactory createFor
INFO: job 4 #2:[hudson.model.CauseAction@1b0889a, org.jvnet.hudson.plugins.DownstreamBuildViewAction@1978933]
Sep 16, 2010 11:32:31 AM org.jvnet.hudson.plugins.DownStreamProjectActionFactory createFor
INFO: job 4 #1 already has [org.jvnet.hudson.plugins.DownstreamBuildViewAction@d844a9]
Sep 16, 2010 11:32:31 AM org.jvnet.hudson.plugins.DownStreamProjectActionFactory createFor
INFO: job 4 #1:[hudson.model.CauseAction@83e5f1, org.jvnet.hudson.plugins.DownstreamBuildViewAction@d844a9]
Sep 16, 2010 11:32:31 AM org.jvnet.hudson.plugins.DownStreamProjectActionFactory createFor
INFO: job 3 #1 already has [org.jvnet.hudson.plugins.DownstreamBuildViewAction@16d64c5]
Sep 16, 2010 11:32:31 AM org.jvnet.hudson.plugins.DownStreamProjectActionFactory createFor
INFO: job 3 #1:[hudson.model.CauseAction@f2c96c, org.jvnet.hudson.plugins.DownstreamBuildViewAction@16d64c5]
Sep 16, 2010 11:32:31 AM org.jvnet.hudson.plugins.DownStreamProjectActionFactory createFor
INFO: org.jvnet.hudson.plugins.DownStreamProjectActionFactory@182a033 adds DownStreamProjectAction for hudson.model.FreeStyleProject@1c70315[job 2]
Sep 16, 2010 11:32:31 AM org.jvnet.hudson.plugins.DownStreamProjectActionFactory createFor
INFO: job 2 #42 already has [org.jvnet.hudson.plugins.DownstreamBuildViewAction@9b59a2]
Sep 16, 2010 11:32:31 AM org.jvnet.hudson.plugins.DownStreamProjectActionFactory createFor
INFO: job 2 #42:[hudson.model.CauseAction@119db9e, org.jvnet.hudson.plugins.DownstreamBuildViewAction@9b59a2]
Sep 16, 2010 11:32:31 AM org.jvnet.hudson.plugins.DownStreamProjectActionFactory createFor
INFO: job 2 #41 already has [org.jvnet.hudson.plugins.DownstreamBuildViewAction@a166bd]
Sep 16, 2010 11:32:31 AM org.jvnet.hudson.plugins.DownStreamProjectActionFactory createFor
INFO: job 2 #41:[hudson.model.CauseAction@60029d, org.jvnet.hudson.plugins.DownstreamBuildViewAction@a166bd]
Sep 16, 2010 11:32:31 AM org.jvnet.hudson.plugins.DownStreamProjectActionFactory createFor
INFO: job 2 #40 already has [org.jvnet.hudson.plugins.DownstreamBuildViewAction@14bc4e6]
Sep 16, 2010 11:32:31 AM org.jvnet.hudson.plugins.DownStreamProjectActionFactory createFor
INFO: job 2 #40:[hudson.model.CauseAction@16c06dd, org.jvnet.hudson.plugins.DownstreamBuildViewAction@14bc4e6]
Sep 16, 2010 11:32:31 AM org.jvnet.hudson.plugins.DownStreamProjectActionFactory createFor
INFO: job 2 #39 already has [org.jvnet.hudson.plugins.DownstreamBuildViewAction@136bdda]
Sep 16, 2010 11:32:31 AM org.jvnet.hudson.plugins.DownStreamProjectActionFactory createFor
INFO: job 2 #39:[hudson.model.CauseAction@ea443f, org.jvnet.hudson.plugins.DownstreamBuildViewAction@136bdda]
Sep 16, 2010 11:32:31 AM org.jvnet.hudson.plugins.DownStreamProjectActionFactory createFor
INFO: job 2 #38 already has [org.jvnet.hudson.plugins.DownstreamBuildViewAction@268cc6]
Sep 16, 2010 11:32:31 AM org.jvnet.hudson.plugins.DownStreamProjectActionFactory createFor
INFO: job 2 #38:[hudson.model.CauseAction@e41d4a, org.jvnet.hudson.plugins.DownstreamBuildViewAction@268cc6]
Sep 16, 2010 11:32:31 AM org.jvnet.hudson.plugins.DownStreamProjectActionFactory createFor
INFO: job 2 #37 already has [org.jvnet.hudson.plugins.DownstreamBuildViewAction@3f265b]
Sep 16, 2010 11:32:31 AM org.jvnet.hudson.plugins.DownStreamProjectActionFactory createFor
INFO: job 2 #37:[hudson.model.CauseAction@1ef3a22, org.jvnet.hudson.plugins.DownstreamBuildViewAction@3f265b]
Sep 16, 2010 11:32:31 AM org.jvnet.hudson.plugins.DownStreamProjectActionFactory createFor
INFO: job 2 #36 already has [org.jvnet.hudson.plugins.DownstreamBuildViewAction@d1b72d]
Sep 16, 2010 11:32:31 AM org.jvnet.hudson.plugins.DownStreamProjectActionFactory createFor
INFO: job 2 #36:[hudson.model.CauseAction@511e0a, org.jvnet.hudson.plugins.DownstreamBuildViewAction@d1b72d]
Sep 16, 2010 11:32:31 AM org.jvnet.hudson.plugins.DownStreamProjectActionFactory createFor
INFO: job 2 #35 already has [org.jvnet.hudson.plugins.DownstreamBuildViewAction@18b3e62]
Sep 16, 2010 11:32:31 AM org.jvnet.hudson.plugins.DownStreamProjectActionFactory createFor
INFO: job 2 #35:[hudson.model.CauseAction@ac97cc, org.jvnet.hudson.plugins.DownstreamBuildViewAction@18b3e62]
Sep 16, 2010 11:32:31 AM org.jvnet.hudson.plugins.DownStreamProjectActionFactory createFor
INFO: job 2 #34 already has [org.jvnet.hudson.plugins.DownstreamBuildViewAction@121f653]
Sep 16, 2010 11:32:31 AM org.jvnet.hudson.plugins.DownStreamProjectActionFactory createFor
INFO: job 2 #34:[hudson.model.CauseAction@b2fb1e, org.jvnet.hudson.plugins.DownstreamBuildViewAction@121f653]
Sep 16, 2010 11:32:31 AM org.jvnet.hudson.plugins.DownStreamProjectActionFactory createFor
INFO: job 2 #33 already has [org.jvnet.hudson.plugins.DownstreamBuildViewAction@8497f6]
Sep 16, 2010 11:32:31 AM org.jvnet.hudson.plugins.DownStreamProjectActionFactory createFor
INFO: job 2 #33:[hudson.model.CauseAction@114a306, org.jvnet.hudson.plugins.DownstreamBuildViewAction@8497f6]
Sep 16, 2010 11:32:31 AM org.jvnet.hudson.plugins.DownStreamProjectActionFactory createFor
INFO: job 2 #32 already has [org.jvnet.hudson.plugins.DownstreamBuildViewAction@1db0da1]
Sep 16, 2010 11:32:31 AM org.jvnet.hudson.plugins.DownStreamProjectActionFactory createFor
INFO: job 2 #32:[hudson.model.CauseAction@5bd978, org.jvnet.hudson.plugins.DownstreamBuildViewAction@1db0da1]
Sep 16, 2010 11:32:31 AM org.jvnet.hudson.plugins.DownStreamProjectActionFactory createFor
INFO: job 2 #31 already has [org.jvnet.hudson.plugins.DownstreamBuildViewAction@2264da]
Sep 16, 2010 11:32:31 AM org.jvnet.hudson.plugins.DownStreamProjectActionFactory createFor
INFO: job 2 #31:[hudson.model.CauseAction@b34b1, org.jvnet.hudson.plugins.DownstreamBuildViewAction@2264da]
Sep 16, 2010 11:32:31 AM org.jvnet.hudson.plugins.DownStreamProjectActionFactory createFor
INFO: job 2 #30 already has [org.jvnet.hudson.plugins.DownstreamBuildViewAction@1b06a21]
Sep 16, 2010 11:32:31 AM org.jvnet.hudson.plugins.DownStreamProjectActionFactory createFor
INFO: job 2 #30:[hudson.model.CauseAction@107dcfe, org.jvnet.hudson.plugins.DownstreamBuildViewAction@1b06a21]
Sep 16, 2010 11:32:31 AM org.jvnet.hudson.plugins.DownStreamProjectActionFactory createFor
INFO: job 2 #29 already has [org.jvnet.hudson.plugins.DownstreamBuildViewAction@13dcd27]
Sep 16, 2010 11:32:31 AM org.jvnet.hudson.plugins.DownStreamProjectActionFactory createFor
INFO: job 2 #29:[hudson.model.CauseAction@67cd84, org.jvnet.hudson.plugins.DownstreamBuildViewAction@13dcd27]
Sep 16, 2010 11:32:31 AM org.jvnet.hudson.plugins.DownStreamProjectActionFactory createFor
INFO: job 2 #28 already has [org.jvnet.hudson.plugins.DownstreamBuildViewAction@e5ace9]
Sep 16, 2010 11:32:31 AM org.jvnet.hudson.plugins.DownStreamProjectActionFactory createFor
INFO: job 2 #28:[hudson.model.CauseAction@bb05de, org.jvnet.hudson.plugins.DownstreamBuildViewAction@e5ace9]
Sep 16, 2010 11:32:31 AM org.jvnet.hudson.plugins.DownStreamProjectActionFactory createFor
INFO: job 2 #27 already has [org.jvnet.hudson.plugins.DownstreamBuildViewAction@7e5619]
Sep 16, 2010 11:32:31 AM org.jvnet.hudson.plugins.DownStreamProjectActionFactory createFor
INFO: job 2 #27:[hudson.model.CauseAction@4693f9, org.jvnet.hudson.plugins.DownstreamBuildViewAction@7e5619]
Sep 16, 2010 11:32:31 AM org.jvnet.hudson.plugins.DownStreamProjectActionFactory createFor
INFO: job 2 #26 already has [org.jvnet.hudson.plugins.DownstreamBuildViewAction@19ce47a]
Sep 16, 2010 11:32:31 AM org.jvnet.hudson.plugins.DownStreamProjectActionFactory createFor
INFO: job 2 #26:[hudson.model.CauseAction@15c2843, org.jvnet.hudson.plugins.DownstreamBuildViewAction@19ce47a]
Sep 16, 2010 11:32:31 AM org.jvnet.hudson.plugins.DownStreamProjectActionFactory createFor
INFO: job 2 #25 already has [org.jvnet.hudson.plugins.DownstreamBuildViewAction@15780d9]
Sep 16, 2010 11:32:31 AM org.jvnet.hudson.plugins.DownStreamProjectActionFactory createFor
INFO: job 2 #25:[hudson.model.CauseAction@1cc5461, org.jvnet.hudson.plugins.DownstreamBuildViewAction@15780d9]
Sep 16, 2010 11:32:31 AM org.jvnet.hudson.plugins.DownStreamProjectActionFactory createFor
INFO: job 2 #24 already has [org.jvnet.hudson.plugins.DownstreamBuildViewAction@1b7edd3]
Sep 16, 2010 11:32:31 AM org.jvnet.hudson.plugins.DownStreamProjectActionFactory createFor
INFO: job 2 #24:[hudson.model.CauseAction@5ed853, org.jvnet.hudson.plugins.DownstreamBuildViewAction@1b7edd3]
Sep 16, 2010 11:32:31 AM org.jvnet.hudson.plugins.DownStreamProjectActionFactory createFor
INFO: job 2 #23 already has [org.jvnet.hudson.plugins.DownstreamBuildViewAction@cc5436]
Sep 16, 2010 11:32:31 AM org.jvnet.hudson.plugins.DownStreamProjectActionFactory createFor
INFO: job 2 #23:[hudson.model.CauseAction@acbd3a, org.jvnet.hudson.plugins.DownstreamBuildViewAction@cc5436]
Sep 16, 2010 11:32:31 AM org.jvnet.hudson.plugins.DownStreamProjectActionFactory createFor
INFO: job 2 #22 already has [org.jvnet.hudson.plugins.DownstreamBuildViewAction@bb6086]
Sep 16, 2010 11:32:31 AM org.jvnet.hudson.plugins.DownStreamProjectActionFactory createFor
INFO: job 2 #22:[hudson.model.CauseAction@1be1041, org.jvnet.hudson.plugins.DownstreamBuildViewAction@bb6086]
Sep 16, 2010 11:32:31 AM org.jvnet.hudson.plugins.DownStreamProjectActionFactory createFor
INFO: job 2 #21 already has [org.jvnet.hudson.plugins.DownstreamBuildViewAction@11d2066]
Sep 16, 2010 11:32:31 AM org.jvnet.hudson.plugins.DownStreamProjectActionFactory createFor
INFO: job 2 #21:[hudson.model.CauseAction@13a1778, org.jvnet.hudson.plugins.DownstreamBuildViewAction@11d2066]
Sep 16, 2010 11:32:31 AM org.jvnet.hudson.plugins.DownStreamProjectActionFactory createFor
INFO: job 2 #20 already has [org.jvnet.hudson.plugins.DownstreamBuildViewAction@dafa2c]
Sep 16, 2010 11:32:31 AM org.jvnet.hudson.plugins.DownStreamProjectActionFactory createFor
INFO: job 2 #20:[hudson.model.CauseAction@5e9db7, org.jvnet.hudson.plugins.DownstreamBuildViewAction@dafa2c]
Sep 16, 2010 11:32:31 AM org.jvnet.hudson.plugins.DownStreamProjectActionFactory createFor
INFO: job 2 #19 already has [org.jvnet.hudson.plugins.DownstreamBuildViewAction@1c4795e]
Sep 16, 2010 11:32:31 AM org.jvnet.hudson.plugins.DownStreamProjectActionFactory createFor
INFO: job 2 #19:[hudson.model.CauseAction@1fc25e5, org.jvnet.hudson.plugins.DownstreamBuildViewAction@1c4795e]
Sep 16, 2010 11:32:31 AM org.jvnet.hudson.plugins.DownStreamProjectActionFactory createFor
INFO: job 2 #18 already has [org.jvnet.hudson.plugins.DownstreamBuildViewAction@11c19e6]
Sep 16, 2010 11:32:31 AM org.jvnet.hudson.plugins.DownStreamProjectActionFactory createFor
INFO: job 2 #18:[hudson.model.CauseAction@1e88b35, org.jvnet.hudson.plugins.DownstreamBuildViewAction@11c19e6]
Sep 16, 2010 11:32:31 AM org.jvnet.hudson.plugins.DownStreamProjectActionFactory createFor
INFO: job 2 #17 already has [org.jvnet.hudson.plugins.DownstreamBuildViewAction@b655a]
Sep 16, 2010 11:32:31 AM org.jvnet.hudson.plugins.DownStreamProjectActionFactory createFor
INFO: job 2 #17:[hudson.model.CauseAction@2b1682, org.jvnet.hudson.plugins.DownstreamBuildViewAction@b655a]
Sep 16, 2010 11:32:31 AM org.jvnet.hudson.plugins.DownStreamProjectActionFactory createFor
INFO: job 2 #16 already has [org.jvnet.hudson.plugins.DownstreamBuildViewAction@d2b918]
Sep 16, 2010 11:32:31 AM org.jvnet.hudson.plugins.DownStreamProjectActionFactory createFor
INFO: job 2 #16:[hudson.model.CauseAction@7616ad, org.jvnet.hudson.plugins.DownstreamBuildViewAction@d2b918]
Sep 16, 2010 11:32:31 AM org.jvnet.hudson.plugins.DownStreamProjectActionFactory createFor
INFO: job 2 #15 already has [org.jvnet.hudson.plugins.DownstreamBuildViewAction@caf083]
Sep 16, 2010 11:32:31 AM org.jvnet.hudson.plugins.DownStreamProjectActionFactory createFor
INFO: job 2 #15:[hudson.model.CauseAction@1742dfe, org.jvnet.hudson.plugins.DownstreamBuildViewAction@caf083]
Sep 16, 2010 11:32:31 AM org.jvnet.hudson.plugins.DownStreamProjectActionFactory createFor
INFO: job 2 #14 already has [org.jvnet.hudson.plugins.DownstreamBuildViewAction@7787a5]
Sep 16, 2010 11:32:31 AM org.jvnet.hudson.plugins.DownStreamProjectActionFactory createFor
INFO: job 2 #14:[hudson.model.CauseAction@16a9424, org.jvnet.hudson.plugins.DownstreamBuildViewAction@7787a5]
Sep 16, 2010 11:32:31 AM org.jvnet.hudson.plugins.DownStreamProjectActionFactory createFor
INFO: job 2 #13 already has [org.jvnet.hudson.plugins.DownstreamBuildViewAction@23d278]
Sep 16, 2010 11:32:31 AM org.jvnet.hudson.plugins.DownStreamProjectActionFactory createFor
INFO: job 2 #13:[hudson.model.CauseAction@1cec874, org.jvnet.hudson.plugins.DownstreamBuildViewAction@23d278]
Sep 16, 2010 11:32:31 AM org.jvnet.hudson.plugins.DownStreamProjectActionFactory createFor
INFO: job 2 #12 already has [org.jvnet.hudson.plugins.DownstreamBuildViewAction@ca6cea]
Sep 16, 2010 11:32:31 AM org.jvnet.hudson.plugins.DownStreamProjectActionFactory createFor
INFO: job 2 #12:[hudson.model.CauseAction@1b493c6, org.jvnet.hudson.plugins.DownstreamBuildViewAction@ca6cea]
Sep 16, 2010 11:32:31 AM org.jvnet.hudson.plugins.DownStreamProjectActionFactory createFor
INFO: job 2 #11 already has [org.jvnet.hudson.plugins.DownstreamBuildViewAction@51e67c]
Sep 16, 2010 11:32:31 AM org.jvnet.hudson.plugins.DownStreamProjectActionFactory createFor
INFO: job 2 #11:[hudson.model.CauseAction@f2da21, org.jvnet.hudson.plugins.DownstreamBuildViewAction@51e67c]
Sep 16, 2010 11:32:31 AM org.jvnet.hudson.plugins.DownStreamProjectActionFactory createFor
INFO: job 2 #10 already has [org.jvnet.hudson.plugins.DownstreamBuildViewAction@1cee361]
Sep 16, 2010 11:32:31 AM org.jvnet.hudson.plugins.DownStreamProjectActionFactory createFor
INFO: job 2 #10:[hudson.model.CauseAction@1b22d99, org.jvnet.hudson.plugins.DownstreamBuildViewAction@1cee361]
Sep 16, 2010 11:32:31 AM org.jvnet.hudson.plugins.DownStreamProjectActionFactory createFor
INFO: job 2 #9 already has [org.jvnet.hudson.plugins.DownstreamBuildViewAction@cfad31]
Sep 16, 2010 11:32:31 AM org.jvnet.hudson.plugins.DownStreamProjectActionFactory createFor
INFO: job 2 #9:[hudson.model.CauseAction@73a5d3, org.jvnet.hudson.plugins.DownstreamBuildViewAction@cfad31]
Sep 16, 2010 11:32:31 AM org.jvnet.hudson.plugins.DownStreamProjectActionFactory createFor
INFO: job 2 #8 already has [org.jvnet.hudson.plugins.DownstreamBuildViewAction@8be9ef]
Sep 16, 2010 11:32:31 AM org.jvnet.hudson.plugins.DownStreamProjectActionFactory createFor
INFO: job 2 #8:[hudson.model.CauseAction@1ab5dae, org.jvnet.hudson.plugins.DownstreamBuildViewAction@8be9ef]
Sep 16, 2010 11:32:31 AM org.jvnet.hudson.plugins.DownStreamProjectActionFactory createFor
INFO: job 2 #7 already has [org.jvnet.hudson.plugins.DownstreamBuildViewAction@19360e7]
Sep 16, 2010 11:32:31 AM org.jvnet.hudson.plugins.DownStreamProjectActionFactory createFor
INFO: job 2 #7:[hudson.model.CauseAction@bf1f20, org.jvnet.hudson.plugins.DownstreamBuildViewAction@19360e7]
Sep 16, 2010 11:32:31 AM org.jvnet.hudson.plugins.DownStreamProjectActionFactory createFor
INFO: job 2 #6 already has [org.jvnet.hudson.plugins.DownstreamBuildViewAction@19480b8]
Sep 16, 2010 11:32:31 AM org.jvnet.hudson.plugins.DownStreamProjectActionFactory createFor
INFO: job 2 #6:[hudson.model.CauseAction@8ef177, org.jvnet.hudson.plugins.DownstreamBuildViewAction@19480b8]
Sep 16, 2010 11:32:31 AM org.jvnet.hudson.plugins.DownStreamProjectActionFactory createFor
INFO: job 2 #5 already has [org.jvnet.hudson.plugins.DownstreamBuildViewAction@8ef455]
Sep 16, 2010 11:32:31 AM org.jvnet.hudson.plugins.DownStreamProjectActionFactory createFor
INFO: job 2 #5:[hudson.model.CauseAction@14b2f1a, org.jvnet.hudson.plugins.DownstreamBuildViewAction@8ef455]
Sep 16, 2010 11:32:31 AM org.jvnet.hudson.plugins.DownStreamProjectActionFactory createFor
INFO: job 2 #4 already has [org.jvnet.hudson.plugins.DownstreamBuildViewAction@1017ca1]
Sep 16, 2010 11:32:31 AM org.jvnet.hudson.plugins.DownStreamProjectActionFactory createFor
INFO: job 2 #4:[hudson.model.CauseAction@9d5793, org.jvnet.hudson.plugins.DownstreamBuildViewAction@1017ca1]
Sep 16, 2010 11:32:31 AM org.jvnet.hudson.plugins.DownStreamProjectActionFactory createFor
INFO: job 2 #3 already has [org.jvnet.hudson.plugins.DownstreamBuildViewAction@1e090ee]
Sep 16, 2010 11:32:31 AM org.jvnet.hudson.plugins.DownStreamProjectActionFactory createFor
INFO: job 2 #3:[hudson.model.CauseAction@4b2b75, org.jvnet.hudson.plugins.DownstreamBuildViewAction@1e090ee]
Sep 16, 2010 11:32:31 AM org.jvnet.hudson.plugins.DownStreamProjectActionFactory createFor
INFO: job 2 #2 already has [org.jvnet.hudson.plugins.DownstreamBuildViewAction@1123eb0]
Sep 16, 2010 11:32:31 AM org.jvnet.hudson.plugins.DownStreamProjectActionFactory createFor
INFO: job 2 #2:[hudson.model.CauseAction@d1a1ab, org.jvnet.hudson.plugins.DownstreamBuildViewAction@1123eb0]
Sep 16, 2010 11:32:31 AM org.jvnet.hudson.plugins.DownStreamProjectActionFactory createFor
INFO: job 2 #1 already has [org.jvnet.hudson.plugins.DownstreamBuildViewAction@cd2192]
Sep 16, 2010 11:32:31 AM org.jvnet.hudson.plugins.DownStreamProjectActionFactory createFor
INFO: job 2 #1:[hudson.model.CauseAction@1570c24, org.jvnet.hudson.plugins.DownstreamBuildViewAction@cd2192]
Sep 16, 2010 11:32:31 AM hudson.model.Hudson$4 onAttained
INFO: Loaded all jobs
Sep 16, 2010 11:32:32 AM hudson.model.Hudson$4 onAttained
INFO: Completed initialization
Sep 16, 2010 11:32:32 AM hudson.TcpSlaveAgentListener <init>
INFO: JNLP slave agent listener started on TCP port 45750
Sep 16, 2010 11:32:40 AM hudson.ExpressionFactory2$JexlExpression evaluate
WARNING: Caught exception evaluating: it.downstreamBuildList.isEmpty(). Reason: java.lang.reflect.InvocationTargetException
java.lang.reflect.InvocationTargetException
	at sun.reflect.NativeMethodAccessorImpl.invoke0(Native Method)
	at sun.reflect.NativeMethodAccessorImpl.invoke(NativeMethodAccessorImpl.java:39)
	at sun.reflect.DelegatingMethodAccessorImpl.invoke(DelegatingMethodAccessorImpl.java:25)
	at java.lang.reflect.Method.invoke(Method.java:597)
	at org.apache.commons.jexl.util.PropertyExecutor.execute(PropertyExecutor.java:125)
	at org.apache.commons.jexl.util.introspection.UberspectImpl$VelGetterImpl.invoke(UberspectImpl.java:314)
	at org.apache.commons.jexl.parser.ASTArrayAccess.evaluateExpr(ASTArrayAccess.java:185)
	at org.apache.commons.jexl.parser.ASTIdentifier.execute(ASTIdentifier.java:75)
	at org.apache.commons.jexl.parser.ASTReference.execute(ASTReference.java:83)
	at org.apache.commons.jexl.parser.ASTReference.value(ASTReference.java:57)
	at org.apache.commons.jexl.parser.ASTReferenceExpression.value(ASTReferenceExpression.java:51)
	at org.apache.commons.jexl.ExpressionImpl.evaluate(ExpressionImpl.java:80)
	at hudson.ExpressionFactory2$JexlExpression.evaluate(ExpressionFactory2.java:72)
	at org.apache.commons.jelly.expression.ExpressionSupport.evaluateRecurse(ExpressionSupport.java:61)
	at org.apache.commons.jelly.expression.ExpressionSupport.evaluateAsBoolean(ExpressionSupport.java:71)
	at org.apache.commons.jelly.tags.core.WhenTag.doTag(WhenTag.java:44)
	at org.apache.commons.jelly.impl.TagScript.run(TagScript.java:270)
	at org.apache.commons.jelly.impl.ScriptBlock.run(ScriptBlock.java:95)
	at org.apache.commons.jelly.TagSupport.invokeBody(TagSupport.java:161)
	at org.apache.commons.jelly.tags.core.ChooseTag.doTag(ChooseTag.java:38)
	at org.apache.commons.jelly.impl.TagScript.run(TagScript.java:270)
	at org.kohsuke.stapler.jelly.ReallyStaticTagLibrary$1.run(ReallyStaticTagLibrary.java:76)
	at org.kohsuke.stapler.jelly.ReallyStaticTagLibrary$1.run(ReallyStaticTagLibrary.java:76)
	at org.apache.commons.jelly.impl.ScriptBlock.run(ScriptBlock.java:95)
	at org.kohsuke.stapler.jelly.ReallyStaticTagLibrary$1.run(ReallyStaticTagLibrary.java:76)
	at org.apache.commons.jelly.impl.ScriptBlock.run(ScriptBlock.java:95)
	at org.kohsuke.stapler.jelly.CallTagLibScript$1.run(CallTagLibScript.java:75)
	at org.apache.commons.jelly.tags.define.InvokeBodyTag.doTag(InvokeBodyTag.java:91)
	at org.apache.commons.jelly.impl.TagScript.run(TagScript.java:270)
	at org.apache.commons.jelly.impl.ScriptBlock.run(ScriptBlock.java:95)
	at org.apache.commons.jelly.tags.core.CoreTagLibrary$1.run(CoreTagLibrary.java:98)
	at org.apache.commons.jelly.impl.ScriptBlock.run(ScriptBlock.java:95)
	at org.apache.commons.jelly.tags.core.CoreTagLibrary$2.run(CoreTagLibrary.java:105)
	at org.kohsuke.stapler.jelly.CallTagLibScript.run(CallTagLibScript.java:96)
	at org.apache.commons.jelly.impl.ScriptBlock.run(ScriptBlock.java:95)
	at org.kohsuke.stapler.jelly.CallTagLibScript$1.run(CallTagLibScript.java:75)
	at org.apache.commons.jelly.tags.define.InvokeBodyTag.doTag(InvokeBodyTag.java:91)
	at org.apache.commons.jelly.impl.TagScript.run(TagScript.java:270)
	at org.apache.commons.jelly.impl.ScriptBlock.run(ScriptBlock.java:95)
	at org.kohsuke.stapler.jelly.ReallyStaticTagLibrary$1.run(ReallyStaticTagLibrary.java:76)
	at org.apache.commons.jelly.impl.ScriptBlock.run(ScriptBlock.java:95)
	at org.kohsuke.stapler.jelly.ReallyStaticTagLibrary$1.run(ReallyStaticTagLibrary.java:76)
	at org.kohsuke.stapler.jelly.ReallyStaticTagLibrary$1.run(ReallyStaticTagLibrary.java:76)
	at org.apache.commons.jelly.impl.ScriptBlock.run(ScriptBlock.java:95)
	at org.kohsuke.stapler.jelly.ReallyStaticTagLibrary$1.run(ReallyStaticTagLibrary.java:76)
	at org.apache.commons.jelly.impl.ScriptBlock.run(ScriptBlock.java:95)
	at org.kohsuke.stapler.jelly.ReallyStaticTagLibrary$1.run(ReallyStaticTagLibrary.java:76)
	at org.apache.commons.jelly.impl.ScriptBlock.run(ScriptBlock.java:95)
	at org.apache.commons.jelly.tags.core.CoreTagLibrary$2.run(CoreTagLibrary.java:105)
	at org.kohsuke.stapler.jelly.CallTagLibScript.run(CallTagLibScript.java:96)
	at org.apache.commons.jelly.tags.core.CoreTagLibrary$2.run(CoreTagLibrary.java:105)
	at org.kohsuke.stapler.jelly.DefaultScriptInvoker.invokeScript(DefaultScriptInvoker.java:40)
	at org.kohsuke.stapler.jelly.DefaultScriptInvoker.invokeScript(DefaultScriptInvoker.java:30)
	at org.kohsuke.stapler.jelly.JellyClassTearOff.serveIndexJelly(JellyClassTearOff.java:43)
	at org.kohsuke.stapler.jelly.JellyFacet.handleIndexRequest(JellyFacet.java:83)
	at org.kohsuke.stapler.Stapler.invoke(Stapler.java:523)
	at org.kohsuke.stapler.MetaClass$13.dispatch(MetaClass.java:359)
	at org.kohsuke.stapler.Stapler.invoke(Stapler.java:534)
	at org.kohsuke.stapler.MetaClass$13.dispatch(MetaClass.java:359)
	at org.kohsuke.stapler.Stapler.invoke(Stapler.java:534)
	at org.kohsuke.stapler.MetaClass$7.doDispatch(MetaClass.java:219)
	at org.kohsuke.stapler.NameBasedDispatcher.dispatch(NameBasedDispatcher.java:30)
	at org.kohsuke.stapler.Stapler.invoke(Stapler.java:534)
	at org.kohsuke.stapler.Stapler.invoke(Stapler.java:450)
	at org.kohsuke.stapler.Stapler.service(Stapler.java:132)
	at javax.servlet.http.HttpServlet.service(HttpServlet.java:45)
	at winstone.ServletConfiguration.execute(ServletConfiguration.java:249)
	at winstone.RequestDispatcher.forward(RequestDispatcher.java:335)
	at winstone.RequestDispatcher.doFilter(RequestDispatcher.java:378)
	at hudson.util.PluginServletFilter$1.doFilter(PluginServletFilter.java:94)
	at hudson.plugins.greenballs.GreenBallFilter.doFilter(GreenBallFilter.java:51)
	at hudson.util.PluginServletFilter$1.doFilter(PluginServletFilter.java:97)
	at hudson.util.PluginServletFilter.doFilter(PluginServletFilter.java:86)
	at winstone.FilterConfiguration.execute(FilterConfiguration.java:195)
	at winstone.RequestDispatcher.doFilter(RequestDispatcher.java:368)
	at hudson.security.csrf.CrumbFilter.doFilter(CrumbFilter.java:47)
	at winstone.FilterConfiguration.execute(FilterConfiguration.java:195)
	at winstone.RequestDispatcher.doFilter(RequestDispatcher.java:368)
	at hudson.security.ChainedServletFilter$1.doFilter(ChainedServletFilter.java:84)
	at hudson.security.ChainedServletFilter.doFilter(ChainedServletFilter.java:76)
	at hudson.security.HudsonFilter.doFilter(HudsonFilter.java:164)
	at winstone.FilterConfiguration.execute(FilterConfiguration.java:195)
	at winstone.RequestDispatcher.doFilter(RequestDispatcher.java:368)
	at winstone.RequestDispatcher.forward(RequestDispatcher.java:333)
	at winstone.RequestHandlerThread.processRequest(RequestHandlerThread.java:244)
	at winstone.RequestHandlerThread.run(RequestHandlerThread.java:150)
	at java.lang.Thread.run(Thread.java:619)
Caused by: java.lang.NullPointerException
	at org.jvnet.hudson.plugins.AbstractDownstreamBuildViewAction.getDownstreamBuildNumber(AbstractDownstreamBuildViewAction.java:76)
	at org.jvnet.hudson.plugins.DownstreamBuildViewAction.findDownstream(DownstreamBuildViewAction.java:77)
	at org.jvnet.hudson.plugins.DownstreamBuildViewAction.findDownstream(DownstreamBuildViewAction.java:95)
	at org.jvnet.hudson.plugins.DownstreamBuildViewAction.getDownstreamBuildList(DownstreamBuildViewAction.java:235)
	... 87 more
Sep 16, 2010 11:32:40 AM hudson.ExpressionFactory2$JexlExpression evaluate
WARNING: Caught exception evaluating: it.downstreamBuildList. Reason: java.lang.reflect.InvocationTargetException
java.lang.reflect.InvocationTargetException
	at sun.reflect.NativeMethodAccessorImpl.invoke0(Native Method)
	at sun.reflect.NativeMethodAccessorImpl.invoke(NativeMethodAccessorImpl.java:39)
	at sun.reflect.DelegatingMethodAccessorImpl.invoke(DelegatingMethodAccessorImpl.java:25)
	at java.lang.reflect.Method.invoke(Method.java:597)
	at org.apache.commons.jexl.util.PropertyExecutor.execute(PropertyExecutor.java:125)
	at org.apache.commons.jexl.util.introspection.UberspectImpl$VelGetterImpl.invoke(UberspectImpl.java:314)
	at org.apache.commons.jexl.parser.ASTArrayAccess.evaluateExpr(ASTArrayAccess.java:185)
	at org.apache.commons.jexl.parser.ASTIdentifier.execute(ASTIdentifier.java:75)
	at org.apache.commons.jexl.parser.ASTReference.execute(ASTReference.java:83)
	at org.apache.commons.jexl.parser.ASTReference.value(ASTReference.java:57)
	at org.apache.commons.jexl.parser.ASTReferenceExpression.value(ASTReferenceExpression.java:51)
	at org.apache.commons.jexl.ExpressionImpl.evaluate(ExpressionImpl.java:80)
	at hudson.ExpressionFactory2$JexlExpression.evaluate(ExpressionFactory2.java:72)
	at org.apache.commons.jelly.expression.ExpressionSupport.evaluateRecurse(ExpressionSupport.java:61)
	at org.apache.commons.jelly.expression.ExpressionSupport.evaluateAsIterator(ExpressionSupport.java:94)
	at org.apache.commons.jelly.tags.core.ForEachTag.doTag(ForEachTag.java:89)
	at org.apache.commons.jelly.impl.TagScript.run(TagScript.java:270)
	at org.apache.commons.jelly.TagSupport.invokeBody(TagSupport.java:161)
	at org.apache.commons.jelly.tags.core.OtherwiseTag.doTag(OtherwiseTag.java:41)
	at org.apache.commons.jelly.impl.TagScript.run(TagScript.java:270)
	at org.apache.commons.jelly.impl.ScriptBlock.run(ScriptBlock.java:95)
	at org.apache.commons.jelly.TagSupport.invokeBody(TagSupport.java:161)
	at org.apache.commons.jelly.tags.core.ChooseTag.doTag(ChooseTag.java:38)
	at org.apache.commons.jelly.impl.TagScript.run(TagScript.java:270)
	at org.kohsuke.stapler.jelly.ReallyStaticTagLibrary$1.run(ReallyStaticTagLibrary.java:76)
	at org.kohsuke.stapler.jelly.ReallyStaticTagLibrary$1.run(ReallyStaticTagLibrary.java:76)
	at org.apache.commons.jelly.impl.ScriptBlock.run(ScriptBlock.java:95)
	at org.kohsuke.stapler.jelly.ReallyStaticTagLibrary$1.run(ReallyStaticTagLibrary.java:76)
	at org.apache.commons.jelly.impl.ScriptBlock.run(ScriptBlock.java:95)
	at org.kohsuke.stapler.jelly.CallTagLibScript$1.run(CallTagLibScript.java:75)
	at org.apache.commons.jelly.tags.define.InvokeBodyTag.doTag(InvokeBodyTag.java:91)
	at org.apache.commons.jelly.impl.TagScript.run(TagScript.java:270)
	at org.apache.commons.jelly.impl.ScriptBlock.run(ScriptBlock.java:95)
	at org.apache.commons.jelly.tags.core.CoreTagLibrary$1.run(CoreTagLibrary.java:98)
	at org.apache.commons.jelly.impl.ScriptBlock.run(ScriptBlock.java:95)
	at org.apache.commons.jelly.tags.core.CoreTagLibrary$2.run(CoreTagLibrary.java:105)
	at org.kohsuke.stapler.jelly.CallTagLibScript.run(CallTagLibScript.java:96)
	at org.apache.commons.jelly.impl.ScriptBlock.run(ScriptBlock.java:95)
	at org.kohsuke.stapler.jelly.CallTagLibScript$1.run(CallTagLibScript.java:75)
	at org.apache.commons.jelly.tags.define.InvokeBodyTag.doTag(InvokeBodyTag.java:91)
	at org.apache.commons.jelly.impl.TagScript.run(TagScript.java:270)
	at org.apache.commons.jelly.impl.ScriptBlock.run(ScriptBlock.java:95)
	at org.kohsuke.stapler.jelly.ReallyStaticTagLibrary$1.run(ReallyStaticTagLibrary.java:76)
	at org.apache.commons.jelly.impl.ScriptBlock.run(ScriptBlock.java:95)
	at org.kohsuke.stapler.jelly.ReallyStaticTagLibrary$1.run(ReallyStaticTagLibrary.java:76)
	at org.kohsuke.stapler.jelly.ReallyStaticTagLibrary$1.run(ReallyStaticTagLibrary.java:76)
	at org.apache.commons.jelly.impl.ScriptBlock.run(ScriptBlock.java:95)
	at org.kohsuke.stapler.jelly.ReallyStaticTagLibrary$1.run(ReallyStaticTagLibrary.java:76)
	at org.apache.commons.jelly.impl.ScriptBlock.run(ScriptBlock.java:95)
	at org.kohsuke.stapler.jelly.ReallyStaticTagLibrary$1.run(ReallyStaticTagLibrary.java:76)
	at org.apache.commons.jelly.impl.ScriptBlock.run(ScriptBlock.java:95)
	at org.apache.commons.jelly.tags.core.CoreTagLibrary$2.run(CoreTagLibrary.java:105)
	at org.kohsuke.stapler.jelly.CallTagLibScript.run(CallTagLibScript.java:96)
	at org.apache.commons.jelly.tags.core.CoreTagLibrary$2.run(CoreTagLibrary.java:105)
	at org.kohsuke.stapler.jelly.DefaultScriptInvoker.invokeScript(DefaultScriptInvoker.java:40)
	at org.kohsuke.stapler.jelly.DefaultScriptInvoker.invokeScript(DefaultScriptInvoker.java:30)
	at org.kohsuke.stapler.jelly.JellyClassTearOff.serveIndexJelly(JellyClassTearOff.java:43)
	at org.kohsuke.stapler.jelly.JellyFacet.handleIndexRequest(JellyFacet.java:83)
	at org.kohsuke.stapler.Stapler.invoke(Stapler.java:523)
	at org.kohsuke.stapler.MetaClass$13.dispatch(MetaClass.java:359)
	at org.kohsuke.stapler.Stapler.invoke(Stapler.java:534)
	at org.kohsuke.stapler.MetaClass$13.dispatch(MetaClass.java:359)
	at org.kohsuke.stapler.Stapler.invoke(Stapler.java:534)
	at org.kohsuke.stapler.MetaClass$7.doDispatch(MetaClass.java:219)
	at org.kohsuke.stapler.NameBasedDispatcher.dispatch(NameBasedDispatcher.java:30)
	at org.kohsuke.stapler.Stapler.invoke(Stapler.java:534)
	at org.kohsuke.stapler.Stapler.invoke(Stapler.java:450)
	at org.kohsuke.stapler.Stapler.service(Stapler.java:132)
	at javax.servlet.http.HttpServlet.service(HttpServlet.java:45)
	at winstone.ServletConfiguration.execute(ServletConfiguration.java:249)
	at winstone.RequestDispatcher.forward(RequestDispatcher.java:335)
	at winstone.RequestDispatcher.doFilter(RequestDispatcher.java:378)
	at hudson.util.PluginServletFilter$1.doFilter(PluginServletFilter.java:94)
	at hudson.plugins.greenballs.GreenBallFilter.doFilter(GreenBallFilter.java:51)
	at hudson.util.PluginServletFilter$1.doFilter(PluginServletFilter.java:97)
	at hudson.util.PluginServletFilter.doFilter(PluginServletFilter.java:86)
	at winstone.FilterConfiguration.execute(FilterConfiguration.java:195)
	at winstone.RequestDispatcher.doFilter(RequestDispatcher.java:368)
	at hudson.security.csrf.CrumbFilter.doFilter(CrumbFilter.java:47)
	at winstone.FilterConfiguration.execute(FilterConfiguration.java:195)
	at winstone.RequestDispatcher.doFilter(RequestDispatcher.java:368)
	at hudson.security.ChainedServletFilter$1.doFilter(ChainedServletFilter.java:84)
	at hudson.security.ChainedServletFilter.doFilter(ChainedServletFilter.java:76)
	at hudson.security.HudsonFilter.doFilter(HudsonFilter.java:164)
	at winstone.FilterConfiguration.execute(FilterConfiguration.java:195)
	at winstone.RequestDispatcher.doFilter(RequestDispatcher.java:368)
	at winstone.RequestDispatcher.forward(RequestDispatcher.java:333)
	at winstone.RequestHandlerThread.processRequest(RequestHandlerThread.java:244)
	at winstone.RequestHandlerThread.run(RequestHandlerThread.java:150)
	at java.lang.Thread.run(Thread.java:619)
Caused by: java.lang.NullPointerException
	at org.jvnet.hudson.plugins.AbstractDownstreamBuildViewAction.getDownstreamBuildNumber(AbstractDownstreamBuildViewAction.java:76)
	at org.jvnet.hudson.plugins.DownstreamBuildViewAction.findDownstream(DownstreamBuildViewAction.java:77)
	at org.jvnet.hudson.plugins.DownstreamBuildViewAction.findDownstream(DownstreamBuildViewAction.java:95)
	at org.jvnet.hudson.plugins.DownstreamBuildViewAction.getDownstreamBuildList(DownstreamBuildViewAction.java:235)
	... 90 more
Sep 16, 2010 11:32:40 AM hudson.ExpressionFactory2$JexlExpression evaluate
WARNING: Caught exception evaluating: it.downstreamBuildList.isEmpty(). Reason: java.lang.reflect.InvocationTargetException
java.lang.reflect.InvocationTargetException
	at sun.reflect.NativeMethodAccessorImpl.invoke0(Native Method)
	at sun.reflect.NativeMethodAccessorImpl.invoke(NativeMethodAccessorImpl.java:39)
	at sun.reflect.DelegatingMethodAccessorImpl.invoke(DelegatingMethodAccessorImpl.java:25)
	at java.lang.reflect.Method.invoke(Method.java:597)
	at org.apache.commons.jexl.util.PropertyExecutor.execute(PropertyExecutor.java:125)
	at org.apache.commons.jexl.util.introspection.UberspectImpl$VelGetterImpl.invoke(UberspectImpl.java:314)
	at org.apache.commons.jexl.parser.ASTArrayAccess.evaluateExpr(ASTArrayAccess.java:185)
	at org.apache.commons.jexl.parser.ASTIdentifier.execute(ASTIdentifier.java:75)
	at org.apache.commons.jexl.parser.ASTReference.execute(ASTReference.java:83)
	at org.apache.commons.jexl.parser.ASTReference.value(ASTReference.java:57)
	at org.apache.commons.jexl.parser.ASTReferenceExpression.value(ASTReferenceExpression.java:51)
	at org.apache.commons.jexl.ExpressionImpl.evaluate(ExpressionImpl.java:80)
	at hudson.ExpressionFactory2$JexlExpression.evaluate(ExpressionFactory2.java:72)
	at org.apache.commons.jelly.expression.ExpressionSupport.evaluateRecurse(ExpressionSupport.java:61)
	at org.apache.commons.jelly.expression.ExpressionSupport.evaluateAsBoolean(ExpressionSupport.java:71)
	at org.apache.commons.jelly.tags.core.WhenTag.doTag(WhenTag.java:44)
	at org.apache.commons.jelly.impl.TagScript.run(TagScript.java:270)
	at org.apache.commons.jelly.impl.ScriptBlock.run(ScriptBlock.java:95)
	at org.apache.commons.jelly.TagSupport.invokeBody(TagSupport.java:161)
	at org.apache.commons.jelly.tags.core.ChooseTag.doTag(ChooseTag.java:38)
	at org.apache.commons.jelly.impl.TagScript.run(TagScript.java:270)
	at org.kohsuke.stapler.jelly.ReallyStaticTagLibrary$1.run(ReallyStaticTagLibrary.java:76)
	at org.kohsuke.stapler.jelly.ReallyStaticTagLibrary$1.run(ReallyStaticTagLibrary.java:76)
	at org.apache.commons.jelly.impl.ScriptBlock.run(ScriptBlock.java:95)
	at org.kohsuke.stapler.jelly.ReallyStaticTagLibrary$1.run(ReallyStaticTagLibrary.java:76)
	at org.apache.commons.jelly.impl.ScriptBlock.run(ScriptBlock.java:95)
	at org.kohsuke.stapler.jelly.CallTagLibScript$1.run(CallTagLibScript.java:75)
	at org.apache.commons.jelly.tags.define.InvokeBodyTag.doTag(InvokeBodyTag.java:91)
	at org.apache.commons.jelly.impl.TagScript.run(TagScript.java:270)
	at org.apache.commons.jelly.impl.ScriptBlock.run(ScriptBlock.java:95)
	at org.apache.commons.jelly.tags.core.CoreTagLibrary$1.run(CoreTagLibrary.java:98)
	at org.apache.commons.jelly.impl.ScriptBlock.run(ScriptBlock.java:95)
	at org.apache.commons.jelly.tags.core.CoreTagLibrary$2.run(CoreTagLibrary.java:105)
	at org.kohsuke.stapler.jelly.CallTagLibScript.run(CallTagLibScript.java:96)
	at org.apache.commons.jelly.impl.ScriptBlock.run(ScriptBlock.java:95)
	at org.kohsuke.stapler.jelly.CallTagLibScript$1.run(CallTagLibScript.java:75)
	at org.apache.commons.jelly.tags.define.InvokeBodyTag.doTag(InvokeBodyTag.java:91)
	at org.apache.commons.jelly.impl.TagScript.run(TagScript.java:270)
	at org.apache.commons.jelly.impl.ScriptBlock.run(ScriptBlock.java:95)
	at org.kohsuke.stapler.jelly.ReallyStaticTagLibrary$1.run(ReallyStaticTagLibrary.java:76)
	at org.apache.commons.jelly.impl.ScriptBlock.run(ScriptBlock.java:95)
	at org.kohsuke.stapler.jelly.ReallyStaticTagLibrary$1.run(ReallyStaticTagLibrary.java:76)
	at org.kohsuke.stapler.jelly.ReallyStaticTagLibrary$1.run(ReallyStaticTagLibrary.java:76)
	at org.apache.commons.jelly.impl.ScriptBlock.run(ScriptBlock.java:95)
	at org.kohsuke.stapler.jelly.ReallyStaticTagLibrary$1.run(ReallyStaticTagLibrary.java:76)
	at org.apache.commons.jelly.impl.ScriptBlock.run(ScriptBlock.java:95)
	at org.kohsuke.stapler.jelly.ReallyStaticTagLibrary$1.run(ReallyStaticTagLibrary.java:76)
	at org.apache.commons.jelly.impl.ScriptBlock.run(ScriptBlock.java:95)
	at org.apache.commons.jelly.tags.core.CoreTagLibrary$2.run(CoreTagLibrary.java:105)
	at org.kohsuke.stapler.jelly.CallTagLibScript.run(CallTagLibScript.java:96)
	at org.apache.commons.jelly.tags.core.CoreTagLibrary$2.run(CoreTagLibrary.java:105)
	at org.kohsuke.stapler.jelly.DefaultScriptInvoker.invokeScript(DefaultScriptInvoker.java:40)
	at org.kohsuke.stapler.jelly.DefaultScriptInvoker.invokeScript(DefaultScriptInvoker.java:30)
	at org.kohsuke.stapler.jelly.JellyClassTearOff.serveIndexJelly(JellyClassTearOff.java:43)
	at org.kohsuke.stapler.jelly.JellyFacet.handleIndexRequest(JellyFacet.java:83)
	at org.kohsuke.stapler.Stapler.invoke(Stapler.java:523)
	at org.kohsuke.stapler.MetaClass$13.dispatch(MetaClass.java:359)
	at org.kohsuke.stapler.Stapler.invoke(Stapler.java:534)
	at org.kohsuke.stapler.MetaClass$13.dispatch(MetaClass.java:359)
	at org.kohsuke.stapler.Stapler.invoke(Stapler.java:534)
	at org.kohsuke.stapler.MetaClass$7.doDispatch(MetaClass.java:219)
	at org.kohsuke.stapler.NameBasedDispatcher.dispatch(NameBasedDispatcher.java:30)
	at org.kohsuke.stapler.Stapler.invoke(Stapler.java:534)
	at org.kohsuke.stapler.Stapler.invoke(Stapler.java:450)
	at org.kohsuke.stapler.Stapler.service(Stapler.java:132)
	at javax.servlet.http.HttpServlet.service(HttpServlet.java:45)
	at winstone.ServletConfiguration.execute(ServletConfiguration.java:249)
	at winstone.RequestDispatcher.forward(RequestDispatcher.java:335)
	at winstone.RequestDispatcher.doFilter(RequestDispatcher.java:378)
	at hudson.util.PluginServletFilter$1.doFilter(PluginServletFilter.java:94)
	at hudson.plugins.greenballs.GreenBallFilter.doFilter(GreenBallFilter.java:51)
	at hudson.util.PluginServletFilter$1.doFilter(PluginServletFilter.java:97)
	at hudson.util.PluginServletFilter.doFilter(PluginServletFilter.java:86)
	at winstone.FilterConfiguration.execute(FilterConfiguration.java:195)
	at winstone.RequestDispatcher.doFilter(RequestDispatcher.java:368)
	at hudson.security.csrf.CrumbFilter.doFilter(CrumbFilter.java:47)
	at winstone.FilterConfiguration.execute(FilterConfiguration.java:195)
	at winstone.RequestDispatcher.doFilter(RequestDispatcher.java:368)
	at hudson.security.ChainedServletFilter$1.doFilter(ChainedServletFilter.java:84)
	at hudson.security.ChainedServletFilter.doFilter(ChainedServletFilter.java:76)
	at hudson.security.HudsonFilter.doFilter(HudsonFilter.java:164)
	at winstone.FilterConfiguration.execute(FilterConfiguration.java:195)
	at winstone.RequestDispatcher.doFilter(RequestDispatcher.java:368)
	at winstone.RequestDispatcher.forward(RequestDispatcher.java:333)
	at winstone.RequestHandlerThread.processRequest(RequestHandlerThread.java:244)
	at winstone.RequestHandlerThread.run(RequestHandlerThread.java:150)
	at java.lang.Thread.run(Thread.java:619)
Caused by: java.lang.NullPointerException
	at org.jvnet.hudson.plugins.AbstractDownstreamBuildViewAction.getDownstreamBuildNumber(AbstractDownstreamBuildViewAction.java:76)
	at org.jvnet.hudson.plugins.DownstreamBuildViewAction.findDownstream(DownstreamBuildViewAction.java:77)
	at org.jvnet.hudson.plugins.DownstreamBuildViewAction.findDownstream(DownstreamBuildViewAction.java:95)
	at org.jvnet.hudson.plugins.DownstreamBuildViewAction.getDownstreamBuildList(DownstreamBuildViewAction.java:235)
	... 87 more
Sep 16, 2010 11:32:40 AM hudson.ExpressionFactory2$JexlExpression evaluate
WARNING: Caught exception evaluating: it.downstreamBuildList. Reason: java.lang.reflect.InvocationTargetException
java.lang.reflect.InvocationTargetException
	at sun.reflect.NativeMethodAccessorImpl.invoke0(Native Method)
	at sun.reflect.NativeMethodAccessorImpl.invoke(NativeMethodAccessorImpl.java:39)
	at sun.reflect.DelegatingMethodAccessorImpl.invoke(DelegatingMethodAccessorImpl.java:25)
	at java.lang.reflect.Method.invoke(Method.java:597)
	at org.apache.commons.jexl.util.PropertyExecutor.execute(PropertyExecutor.java:125)
	at org.apache.commons.jexl.util.introspection.UberspectImpl$VelGetterImpl.invoke(UberspectImpl.java:314)
	at org.apache.commons.jexl.parser.ASTArrayAccess.evaluateExpr(ASTArrayAccess.java:185)
	at org.apache.commons.jexl.parser.ASTIdentifier.execute(ASTIdentifier.java:75)
	at org.apache.commons.jexl.parser.ASTReference.execute(ASTReference.java:83)
	at org.apache.commons.jexl.parser.ASTReference.value(ASTReference.java:57)
	at org.apache.commons.jexl.parser.ASTReferenceExpression.value(ASTReferenceExpression.java:51)
	at org.apache.commons.jexl.ExpressionImpl.evaluate(ExpressionImpl.java:80)
	at hudson.ExpressionFactory2$JexlExpression.evaluate(ExpressionFactory2.java:72)
	at org.apache.commons.jelly.expression.ExpressionSupport.evaluateRecurse(ExpressionSupport.java:61)
	at org.apache.commons.jelly.expression.ExpressionSupport.evaluateAsIterator(ExpressionSupport.java:94)
	at org.apache.commons.jelly.tags.core.ForEachTag.doTag(ForEachTag.java:89)
	at org.apache.commons.jelly.impl.TagScript.run(TagScript.java:270)
	at org.apache.commons.jelly.TagSupport.invokeBody(TagSupport.java:161)
	at org.apache.commons.jelly.tags.core.OtherwiseTag.doTag(OtherwiseTag.java:41)
	at org.apache.commons.jelly.impl.TagScript.run(TagScript.java:270)
	at org.apache.commons.jelly.impl.ScriptBlock.run(ScriptBlock.java:95)
	at org.apache.commons.jelly.TagSupport.invokeBody(TagSupport.java:161)
	at org.apache.commons.jelly.tags.core.ChooseTag.doTag(ChooseTag.java:38)
	at org.apache.commons.jelly.impl.TagScript.run(TagScript.java:270)
	at org.kohsuke.stapler.jelly.ReallyStaticTagLibrary$1.run(ReallyStaticTagLibrary.java:76)
	at org.kohsuke.stapler.jelly.ReallyStaticTagLibrary$1.run(ReallyStaticTagLibrary.java:76)
	at org.apache.commons.jelly.impl.ScriptBlock.run(ScriptBlock.java:95)
	at org.kohsuke.stapler.jelly.ReallyStaticTagLibrary$1.run(ReallyStaticTagLibrary.java:76)
	at org.apache.commons.jelly.impl.ScriptBlock.run(ScriptBlock.java:95)
	at org.kohsuke.stapler.jelly.CallTagLibScript$1.run(CallTagLibScript.java:75)
	at org.apache.commons.jelly.tags.define.InvokeBodyTag.doTag(InvokeBodyTag.java:91)
	at org.apache.commons.jelly.impl.TagScript.run(TagScript.java:270)
	at org.apache.commons.jelly.impl.ScriptBlock.run(ScriptBlock.java:95)
	at org.apache.commons.jelly.tags.core.CoreTagLibrary$1.run(CoreTagLibrary.java:98)
	at org.apache.commons.jelly.impl.ScriptBlock.run(ScriptBlock.java:95)
	at org.apache.commons.jelly.tags.core.CoreTagLibrary$2.run(CoreTagLibrary.java:105)
	at org.kohsuke.stapler.jelly.CallTagLibScript.run(CallTagLibScript.java:96)
	at org.apache.commons.jelly.impl.ScriptBlock.run(ScriptBlock.java:95)
	at org.kohsuke.stapler.jelly.CallTagLibScript$1.run(CallTagLibScript.java:75)
	at org.apache.commons.jelly.tags.define.InvokeBodyTag.doTag(InvokeBodyTag.java:91)
	at org.apache.commons.jelly.impl.TagScript.run(TagScript.java:270)
	at org.apache.commons.jelly.impl.ScriptBlock.run(ScriptBlock.java:95)
	at org.kohsuke.stapler.jelly.ReallyStaticTagLibrary$1.run(ReallyStaticTagLibrary.java:76)
	at org.apache.commons.jelly.impl.ScriptBlock.run(ScriptBlock.java:95)
	at org.kohsuke.stapler.jelly.ReallyStaticTagLibrary$1.run(ReallyStaticTagLibrary.java:76)
	at org.kohsuke.stapler.jelly.ReallyStaticTagLibrary$1.run(ReallyStaticTagLibrary.java:76)
	at org.apache.commons.jelly.impl.ScriptBlock.run(ScriptBlock.java:95)
	at org.kohsuke.stapler.jelly.ReallyStaticTagLibrary$1.run(ReallyStaticTagLibrary.java:76)
	at org.apache.commons.jelly.impl.ScriptBlock.run(ScriptBlock.java:95)
	at org.kohsuke.stapler.jelly.ReallyStaticTagLibrary$1.run(ReallyStaticTagLibrary.java:76)
	at org.apache.commons.jelly.impl.ScriptBlock.run(ScriptBlock.java:95)
	at org.apache.commons.jelly.tags.core.CoreTagLibrary$2.run(CoreTagLibrary.java:105)
	at org.kohsuke.stapler.jelly.CallTagLibScript.run(CallTagLibScript.java:96)
	at org.apache.commons.jelly.tags.core.CoreTagLibrary$2.run(CoreTagLibrary.java:105)
	at org.kohsuke.stapler.jelly.DefaultScriptInvoker.invokeScript(DefaultScriptInvoker.java:40)
	at org.kohsuke.stapler.jelly.DefaultScriptInvoker.invokeScript(DefaultScriptInvoker.java:30)
	at org.kohsuke.stapler.jelly.JellyClassTearOff.serveIndexJelly(JellyClassTearOff.java:43)
	at org.kohsuke.stapler.jelly.JellyFacet.handleIndexRequest(JellyFacet.java:83)
	at org.kohsuke.stapler.Stapler.invoke(Stapler.java:523)
	at org.kohsuke.stapler.MetaClass$13.dispatch(MetaClass.java:359)
	at org.kohsuke.stapler.Stapler.invoke(Stapler.java:534)
	at org.kohsuke.stapler.MetaClass$13.dispatch(MetaClass.java:359)
	at org.kohsuke.stapler.Stapler.invoke(Stapler.java:534)
	at org.kohsuke.stapler.MetaClass$7.doDispatch(MetaClass.java:219)
	at org.kohsuke.stapler.NameBasedDispatcher.dispatch(NameBasedDispatcher.java:30)
	at org.kohsuke.stapler.Stapler.invoke(Stapler.java:534)
	at org.kohsuke.stapler.Stapler.invoke(Stapler.java:450)
	at org.kohsuke.stapler.Stapler.service(Stapler.java:132)
	at javax.servlet.http.HttpServlet.service(HttpServlet.java:45)
	at winstone.ServletConfiguration.execute(ServletConfiguration.java:249)
	at winstone.RequestDispatcher.forward(RequestDispatcher.java:335)
	at winstone.RequestDispatcher.doFilter(RequestDispatcher.java:378)
	at hudson.util.PluginServletFilter$1.doFilter(PluginServletFilter.java:94)
	at hudson.plugins.greenballs.GreenBallFilter.doFilter(GreenBallFilter.java:51)
	at hudson.util.PluginServletFilter$1.doFilter(PluginServletFilter.java:97)
	at hudson.util.PluginServletFilter.doFilter(PluginServletFilter.java:86)
	at winstone.FilterConfiguration.execute(FilterConfiguration.java:195)
	at winstone.RequestDispatcher.doFilter(RequestDispatcher.java:368)
	at hudson.security.csrf.CrumbFilter.doFilter(CrumbFilter.java:47)
	at winstone.FilterConfiguration.execute(FilterConfiguration.java:195)
	at winstone.RequestDispatcher.doFilter(RequestDispatcher.java:368)
	at hudson.security.ChainedServletFilter$1.doFilter(ChainedServletFilter.java:84)
	at hudson.security.ChainedServletFilter.doFilter(ChainedServletFilter.java:76)
	at hudson.security.HudsonFilter.doFilter(HudsonFilter.java:164)
	at winstone.FilterConfiguration.execute(FilterConfiguration.java:195)
	at winstone.RequestDispatcher.doFilter(RequestDispatcher.java:368)
	at winstone.RequestDispatcher.forward(RequestDispatcher.java:333)
	at winstone.RequestHandlerThread.processRequest(RequestHandlerThread.java:244)
	at winstone.RequestHandlerThread.run(RequestHandlerThread.java:150)
	at java.lang.Thread.run(Thread.java:619)
Caused by: java.lang.NullPointerException
	at org.jvnet.hudson.plugins.AbstractDownstreamBuildViewAction.getDownstreamBuildNumber(AbstractDownstreamBuildViewAction.java:76)
	at org.jvnet.hudson.plugins.DownstreamBuildViewAction.findDownstream(DownstreamBuildViewAction.java:77)
	at org.jvnet.hudson.plugins.DownstreamBuildViewAction.findDownstream(DownstreamBuildViewAction.java:95)
	at org.jvnet.hudson.plugins.DownstreamBuildViewAction.getDownstreamBuildList(DownstreamBuildViewAction.java:235)
	... 90 more
[Winstone 2010/09/16 11:33:00] - HTTP Listener shutdown successfully
[Winstone 2010/09/16 11:33:01] - Control thread shutdown successfully
[Winstone 2010/09/16 11:33:01] - Winstone shutdown successfully
