Feb 08, 2018 7:53:57 AM INFO com.nirima.jenkins.plugins.docker.DockerCloud provision
Asked to provision 1 slave(s) for: centos6&&dockerswarm
Feb 08, 2018 7:53:57 AM INFO com.nirima.jenkins.plugins.docker.DockerCloud provision
Will provision 'tc-docker-swarm-01.private.domain:5000/jenkins-centos-6.7-java', for label: 'centos6&&dockerswarm', in cloud: 'BigMemory-Swarm'
Feb 08, 2018 7:53:57 AM INFO com.nirima.jenkins.plugins.docker.DockerCloud addProvisionedSlave
Provisioning 'tc-docker-swarm-01.private.domain:5000/jenkins-centos-6.7-java' number '0' on 'BigMemory-Swarm'; Total containers: '5'
Feb 08, 2018 7:53:57 AM INFO hudson.slaves.NodeProvisioner$StandardStrategyImpl apply
Started provisioning Image of tc-docker-swarm-01.private.domain:5000/jenkins-centos-6.7-java from BigMemory-Swarm with 1 executors. Remaining excess workload: 0
Feb 08, 2018 7:53:57 AM INFO com.nirima.jenkins.plugins.docker.DockerCloud provision
Asked to provision 1 slave(s) for: ubuntu&&dockerswarm
Feb 08, 2018 7:53:57 AM INFO com.nirima.jenkins.plugins.docker.DockerTemplate pullImage
Pulling image 'tc-docker-swarm-01.private.domain:5000/jenkins-centos-6.7-java:latest'. This may take awhile...
Feb 08, 2018 7:53:57 AM INFO com.nirima.jenkins.plugins.docker.DockerCloud provision
Will provision 'tc-docker-swarm-01.private.domain:5000/jenkins-ubuntu-14-java', for label: 'ubuntu&&dockerswarm', in cloud: 'BigMemory-Swarm'
Feb 08, 2018 7:53:57 AM INFO com.nirima.jenkins.plugins.docker.DockerCloud addProvisionedSlave
Provisioning 'tc-docker-swarm-01.private.domain:5000/jenkins-ubuntu-14-java' number '0' on 'BigMemory-Swarm'; Total containers: '6'
Feb 08, 2018 7:53:57 AM INFO hudson.slaves.NodeProvisioner$StandardStrategyImpl apply
Started provisioning Image of tc-docker-swarm-01.private.domain:5000/jenkins-ubuntu-14-java from BigMemory-Swarm with 1 executors. Remaining excess workload: 0
Feb 08, 2018 7:53:57 AM INFO com.nirima.jenkins.plugins.docker.DockerCloud provision
Asked to provision 1 slave(s) for: sles11&&dockerswarm
Feb 08, 2018 7:53:57 AM INFO com.nirima.jenkins.plugins.docker.DockerTemplate pullImage
Pulling image 'tc-docker-swarm-01.private.domain:5000/jenkins-ubuntu-14-java:latest'. This may take awhile...
Feb 08, 2018 7:53:57 AM INFO com.nirima.jenkins.plugins.docker.DockerCloud provision
Will provision 'tc-docker-swarm-01.private.domain:5000/jenkins-sles11sp3-java', for label: 'sles11&&dockerswarm', in cloud: 'BigMemory-Swarm'
Feb 08, 2018 7:53:57 AM INFO com.nirima.jenkins.plugins.docker.DockerCloud addProvisionedSlave
Provisioning 'tc-docker-swarm-01.private.domain:5000/jenkins-sles11sp3-java' number '0' on 'BigMemory-Swarm'; Total containers: '7'
Feb 08, 2018 7:53:57 AM INFO hudson.slaves.NodeProvisioner$StandardStrategyImpl apply
Started provisioning Image of tc-docker-swarm-01.private.domain:5000/jenkins-sles11sp3-java from BigMemory-Swarm with 1 executors. Remaining excess workload: 0
Feb 08, 2018 7:53:57 AM INFO com.nirima.jenkins.plugins.docker.DockerTemplate pullImage
Pulling image 'tc-docker-swarm-01.private.domain:5000/jenkins-sles11sp3-java:latest'. This may take awhile...
Feb 08, 2018 7:53:57 AM INFO com.nirima.jenkins.plugins.docker.DockerCloud provision
Asked to provision 1 slave(s) for: centos7&&dockerswarm
Feb 08, 2018 7:53:57 AM INFO com.nirima.jenkins.plugins.docker.DockerCloud provision
Will provision 'tc-docker-swarm-01.private.domain:5000/jenkins-centos-7-java', for label: 'centos7&&dockerswarm', in cloud: 'BigMemory-Swarm'
Feb 08, 2018 7:53:57 AM INFO com.nirima.jenkins.plugins.docker.DockerCloud addProvisionedSlave
Provisioning 'tc-docker-swarm-01.private.domain:5000/jenkins-centos-7-java' number '0' on 'BigMemory-Swarm'; Total containers: '8'
Feb 08, 2018 7:53:57 AM INFO hudson.slaves.NodeProvisioner$StandardStrategyImpl apply
Started provisioning Image of tc-docker-swarm-01.private.domain:5000/jenkins-centos-7-java from BigMemory-Swarm with 1 executors. Remaining excess workload: 0
Feb 08, 2018 7:53:57 AM INFO com.nirima.jenkins.plugins.docker.DockerTemplate pullImage
Pulling image 'tc-docker-swarm-01.private.domain:5000/jenkins-centos-7-java:latest'. This may take awhile...
Feb 08, 2018 7:53:57 AM INFO com.nirima.jenkins.plugins.docker.DockerTemplate pullImage
Finished pulling image 'tc-docker-swarm-01.private.domain:5000/jenkins-centos-6.7-java:latest', took 198 ms
Feb 08, 2018 7:53:57 AM INFO com.nirima.jenkins.plugins.docker.DockerTemplate provisionNode
Trying to run container for tc-docker-swarm-01.private.domain:5000/jenkins-centos-6.7-java
Feb 08, 2018 7:53:57 AM INFO com.nirima.jenkins.plugins.docker.DockerTemplate pullImage
Finished pulling image 'tc-docker-swarm-01.private.domain:5000/jenkins-ubuntu-14-java:latest', took 200 ms
Feb 08, 2018 7:53:57 AM INFO com.nirima.jenkins.plugins.docker.DockerTemplate provisionNode
Trying to run container for tc-docker-swarm-01.private.domain:5000/jenkins-ubuntu-14-java
Feb 08, 2018 7:53:57 AM INFO com.nirima.jenkins.plugins.docker.DockerTemplate pullImage
Finished pulling image 'tc-docker-swarm-01.private.domain:5000/jenkins-centos-7-java:latest', took 244 ms
Feb 08, 2018 7:53:57 AM INFO com.nirima.jenkins.plugins.docker.DockerTemplate provisionNode
Trying to run container for tc-docker-swarm-01.private.domain:5000/jenkins-centos-7-java
Feb 08, 2018 7:53:57 AM INFO com.nirima.jenkins.plugins.docker.DockerTemplate pullImage
Finished pulling image 'tc-docker-swarm-01.private.domain:5000/jenkins-sles11sp3-java:latest', took 252 ms
Feb 08, 2018 7:53:57 AM INFO com.nirima.jenkins.plugins.docker.DockerTemplate provisionNode
Trying to run container for tc-docker-swarm-01.private.domain:5000/jenkins-sles11sp3-java
Feb 08, 2018 7:53:58 AM INFO hudson.slaves.NodeProvisioner$2 run
Image of tc-docker-swarm-01.private.domain:5000/jenkins-centos-6.7-java provisioning successfully completed. We have now 9 computer(s)
Feb 08, 2018 7:53:59 AM INFO hudson.slaves.NodeProvisioner$2 run
Image of tc-docker-swarm-01.private.domain:5000/jenkins-ubuntu-14-java provisioning successfully completed. We have now 9 computer(s)
Feb 08, 2018 7:53:59 AM INFO hudson.slaves.NodeProvisioner$2 run
Image of tc-docker-swarm-01.private.domain:5000/jenkins-centos-7-java provisioning successfully completed. We have now 10 computer(s)
Feb 08, 2018 7:53:59 AM INFO hudson.slaves.NodeProvisioner$2 run
Image of tc-docker-swarm-01.private.domain:5000/jenkins-sles11sp3-java provisioning successfully completed. We have now 11 computer(s)
Feb 08, 2018 7:53:59 AM INFO hudson.TcpSlaveAgentListener$ConnectionHandler run
Accepted JNLP4-connect connection #66 from tc-perf-g3-07.private.domain/10.130.240.44:45670
Feb 08, 2018 7:53:59 AM INFO hudson.TcpSlaveAgentListener$ConnectionHandler run
Accepted JNLP4-connect connection #67 from tc-perf-g3-08.private.domain/10.130.240.45:55830
Feb 08, 2018 7:54:00 AM INFO hudson.TcpSlaveAgentListener$ConnectionHandler run
Accepted JNLP4-connect connection #68 from tc-perf-g3-07.private.domain/10.130.240.44:45678
Feb 08, 2018 7:54:00 AM WARNING jenkins.slaves.DefaultJnlpSlaveReceiver channelClosed
Computer.threadPoolForRemoting [#167] for docker-598f493328f5 terminated
java.nio.channels.ClosedChannelException
	at org.jenkinsci.remoting.protocol.impl.ChannelApplicationLayer.onReadClosed(ChannelApplicationLayer.java:208)
	at org.jenkinsci.remoting.protocol.ApplicationLayer.onRecvClosed(ApplicationLayer.java:222)
	at org.jenkinsci.remoting.protocol.ProtocolStack$Ptr.onRecvClosed(ProtocolStack.java:832)
	at org.jenkinsci.remoting.protocol.FilterLayer.onRecvClosed(FilterLayer.java:287)
	at org.jenkinsci.remoting.protocol.impl.SSLEngineFilterLayer.onRecvClosed(SSLEngineFilterLayer.java:181)
	at org.jenkinsci.remoting.protocol.impl.SSLEngineFilterLayer.switchToNoSecure(SSLEngineFilterLayer.java:283)
	at org.jenkinsci.remoting.protocol.impl.SSLEngineFilterLayer.processWrite(SSLEngineFilterLayer.java:503)
	at org.jenkinsci.remoting.protocol.impl.SSLEngineFilterLayer.processQueuedWrites(SSLEngineFilterLayer.java:248)
	at org.jenkinsci.remoting.protocol.impl.SSLEngineFilterLayer.doSend(SSLEngineFilterLayer.java:200)
	at org.jenkinsci.remoting.protocol.impl.SSLEngineFilterLayer.doCloseSend(SSLEngineFilterLayer.java:213)
	at org.jenkinsci.remoting.protocol.ProtocolStack$Ptr.doCloseSend(ProtocolStack.java:800)
	at org.jenkinsci.remoting.protocol.ApplicationLayer.doCloseWrite(ApplicationLayer.java:173)
	at org.jenkinsci.remoting.protocol.impl.ChannelApplicationLayer$ByteBufferCommandTransport.closeWrite(ChannelApplicationLayer.java:313)
	at hudson.remoting.Channel.close(Channel.java:1405)
	at hudson.remoting.Channel.close(Channel.java:1358)
	at hudson.slaves.SlaveComputer.setChannel(SlaveComputer.java:595)
	at jenkins.slaves.DefaultJnlpSlaveReceiver.afterChannel(DefaultJnlpSlaveReceiver.java:168)
	at org.jenkinsci.remoting.engine.JnlpConnectionState$4.invoke(JnlpConnectionState.java:421)
	at org.jenkinsci.remoting.engine.JnlpConnectionState.fire(JnlpConnectionState.java:312)
	at org.jenkinsci.remoting.engine.JnlpConnectionState.fireAfterChannel(JnlpConnectionState.java:418)
	at org.jenkinsci.remoting.engine.JnlpProtocol4Handler$Handler$1.run(JnlpProtocol4Handler.java:334)
	at jenkins.util.ContextResettingExecutorService$1.run(ContextResettingExecutorService.java:28)
	at java.util.concurrent.ThreadPoolExecutor.runWorker(ThreadPoolExecutor.java:1149)
	at java.util.concurrent.ThreadPoolExecutor$Worker.run(ThreadPoolExecutor.java:624)
	at java.lang.Thread.run(Thread.java:748)

Feb 08, 2018 7:54:00 AM WARNING jenkins.slaves.DefaultJnlpSlaveReceiver channelClosed
Computer.threadPoolForRemoting [#167] for docker-598f493328f5 terminated
java.nio.channels.ClosedChannelException
	at org.jenkinsci.remoting.protocol.impl.ChannelApplicationLayer.onReadClosed(ChannelApplicationLayer.java:208)
	at org.jenkinsci.remoting.protocol.ApplicationLayer.onRecvClosed(ApplicationLayer.java:222)
	at org.jenkinsci.remoting.protocol.ProtocolStack$Ptr.onRecvClosed(ProtocolStack.java:832)
	at org.jenkinsci.remoting.protocol.FilterLayer.onRecvClosed(FilterLayer.java:287)
	at org.jenkinsci.remoting.protocol.impl.SSLEngineFilterLayer.onRecvClosed(SSLEngineFilterLayer.java:181)
	at org.jenkinsci.remoting.protocol.impl.SSLEngineFilterLayer.switchToNoSecure(SSLEngineFilterLayer.java:283)
	at org.jenkinsci.remoting.protocol.impl.SSLEngineFilterLayer.processWrite(SSLEngineFilterLayer.java:503)
	at org.jenkinsci.remoting.protocol.impl.SSLEngineFilterLayer.processQueuedWrites(SSLEngineFilterLayer.java:248)
	at org.jenkinsci.remoting.protocol.impl.SSLEngineFilterLayer.doSend(SSLEngineFilterLayer.java:200)
	at org.jenkinsci.remoting.protocol.impl.SSLEngineFilterLayer.doCloseSend(SSLEngineFilterLayer.java:213)
	at org.jenkinsci.remoting.protocol.ProtocolStack$Ptr.doCloseSend(ProtocolStack.java:800)
	at org.jenkinsci.remoting.protocol.ApplicationLayer.doCloseWrite(ApplicationLayer.java:173)
	at org.jenkinsci.remoting.protocol.impl.ChannelApplicationLayer$ByteBufferCommandTransport.closeWrite(ChannelApplicationLayer.java:313)
	at hudson.remoting.Channel.close(Channel.java:1405)
	at hudson.remoting.Channel.close(Channel.java:1358)
	at hudson.slaves.SlaveComputer.closeChannel(SlaveComputer.java:737)
	at hudson.slaves.SlaveComputer.access$800(SlaveComputer.java:96)
	at hudson.slaves.SlaveComputer$2.onClosed(SlaveComputer.java:531)
	at hudson.remoting.Channel.terminate(Channel.java:1014)
	at org.jenkinsci.remoting.protocol.impl.ChannelApplicationLayer.onReadClosed(ChannelApplicationLayer.java:208)
	at org.jenkinsci.remoting.protocol.ApplicationLayer.onRecvClosed(ApplicationLayer.java:222)
	at org.jenkinsci.remoting.protocol.ProtocolStack$Ptr.onRecvClosed(ProtocolStack.java:832)
	at org.jenkinsci.remoting.protocol.FilterLayer.onRecvClosed(FilterLayer.java:287)
	at org.jenkinsci.remoting.protocol.impl.SSLEngineFilterLayer.onRecvClosed(SSLEngineFilterLayer.java:181)
	at org.jenkinsci.remoting.protocol.impl.SSLEngineFilterLayer.switchToNoSecure(SSLEngineFilterLayer.java:283)
	at org.jenkinsci.remoting.protocol.impl.SSLEngineFilterLayer.processWrite(SSLEngineFilterLayer.java:503)
	at org.jenkinsci.remoting.protocol.impl.SSLEngineFilterLayer.processQueuedWrites(SSLEngineFilterLayer.java:248)
	at org.jenkinsci.remoting.protocol.impl.SSLEngineFilterLayer.doSend(SSLEngineFilterLayer.java:200)
	at org.jenkinsci.remoting.protocol.impl.SSLEngineFilterLayer.doCloseSend(SSLEngineFilterLayer.java:213)
	at org.jenkinsci.remoting.protocol.ProtocolStack$Ptr.doCloseSend(ProtocolStack.java:800)
	at org.jenkinsci.remoting.protocol.ApplicationLayer.doCloseWrite(ApplicationLayer.java:173)
	at org.jenkinsci.remoting.protocol.impl.ChannelApplicationLayer$ByteBufferCommandTransport.closeWrite(ChannelApplicationLayer.java:313)
	at hudson.remoting.Channel.close(Channel.java:1405)
	at hudson.remoting.Channel.close(Channel.java:1358)
	at hudson.slaves.SlaveComputer.setChannel(SlaveComputer.java:595)
	at jenkins.slaves.DefaultJnlpSlaveReceiver.afterChannel(DefaultJnlpSlaveReceiver.java:168)
	at org.jenkinsci.remoting.engine.JnlpConnectionState$4.invoke(JnlpConnectionState.java:421)
	at org.jenkinsci.remoting.engine.JnlpConnectionState.fire(JnlpConnectionState.java:312)
	at org.jenkinsci.remoting.engine.JnlpConnectionState.fireAfterChannel(JnlpConnectionState.java:418)
	at org.jenkinsci.remoting.engine.JnlpProtocol4Handler$Handler$1.run(JnlpProtocol4Handler.java:334)
	at jenkins.util.ContextResettingExecutorService$1.run(ContextResettingExecutorService.java:28)
	at java.util.concurrent.ThreadPoolExecutor.runWorker(ThreadPoolExecutor.java:1149)
	at java.util.concurrent.ThreadPoolExecutor$Worker.run(ThreadPoolExecutor.java:624)
	at java.lang.Thread.run(Thread.java:748)

Feb 08, 2018 7:54:00 AM WARNING hudson.util.ExceptionCatchingThreadFactory uncaughtException
Thread Computer.threadPoolForRemoting [#160] terminated unexpectedly
java.nio.channels.ClosedChannelException
Also:   hudson.remoting.Channel$CallSiteStackTrace: Remote call to JNLP4-connect connection from tc-perf-g3-07.private.domain/10.130.240.44:45670
		at hudson.remoting.Channel.attachCallSiteStackTrace(Channel.java:1696)
		at hudson.remoting.Request.call(Request.java:192)
		at hudson.remoting.Channel.call(Channel.java:908)
		at hudson.FilePath.act(FilePath.java:1093)
		at org.jenkinsci.plugins.envinject.EnvInjectComputerListener.getNewSlaveEnvironmentVariables(EnvInjectComputerListener.java:102)
		at org.jenkinsci.plugins.envinject.EnvInjectComputerListener.onOnline(EnvInjectComputerListener.java:157)
		at hudson.slaves.SlaveComputer.setChannel(SlaveComputer.java:611)
Caused: hudson.remoting.RequestAbortedException
	at hudson.remoting.Request.abort(Request.java:329)
	at hudson.remoting.Channel.terminate(Channel.java:993)
	at org.jenkinsci.remoting.protocol.impl.ChannelApplicationLayer.onReadClosed(ChannelApplicationLayer.java:208)
	at org.jenkinsci.remoting.protocol.ApplicationLayer.onRecvClosed(ApplicationLayer.java:222)
	at org.jenkinsci.remoting.protocol.ProtocolStack$Ptr.onRecvClosed(ProtocolStack.java:832)
	at org.jenkinsci.remoting.protocol.FilterLayer.onRecvClosed(FilterLayer.java:287)
	at org.jenkinsci.remoting.protocol.impl.SSLEngineFilterLayer.onRecvClosed(SSLEngineFilterLayer.java:181)
	at org.jenkinsci.remoting.protocol.impl.SSLEngineFilterLayer.switchToNoSecure(SSLEngineFilterLayer.java:283)
	at org.jenkinsci.remoting.protocol.impl.SSLEngineFilterLayer.processWrite(SSLEngineFilterLayer.java:503)
	at org.jenkinsci.remoting.protocol.impl.SSLEngineFilterLayer.processQueuedWrites(SSLEngineFilterLayer.java:248)
	at org.jenkinsci.remoting.protocol.impl.SSLEngineFilterLayer.doSend(SSLEngineFilterLayer.java:200)
	at org.jenkinsci.remoting.protocol.impl.SSLEngineFilterLayer.doCloseSend(SSLEngineFilterLayer.java:213)
	at org.jenkinsci.remoting.protocol.ProtocolStack$Ptr.doCloseSend(ProtocolStack.java:800)
	at org.jenkinsci.remoting.protocol.ApplicationLayer.doCloseWrite(ApplicationLayer.java:173)
	at org.jenkinsci.remoting.protocol.impl.ChannelApplicationLayer$ByteBufferCommandTransport.closeWrite(ChannelApplicationLayer.java:313)
	at hudson.remoting.Channel.close(Channel.java:1405)
	at hudson.remoting.Channel.close(Channel.java:1358)
	at hudson.slaves.SlaveComputer.closeChannel(SlaveComputer.java:737)
	at hudson.slaves.SlaveComputer.access$800(SlaveComputer.java:96)
	at hudson.slaves.SlaveComputer$2.onClosed(SlaveComputer.java:531)
	at hudson.remoting.Channel.terminate(Channel.java:1014)
	at org.jenkinsci.remoting.protocol.impl.ChannelApplicationLayer.onReadClosed(ChannelApplicationLayer.java:208)
	at org.jenkinsci.remoting.protocol.ApplicationLayer.onRecvClosed(ApplicationLayer.java:222)
	at org.jenkinsci.remoting.protocol.ProtocolStack$Ptr.onRecvClosed(ProtocolStack.java:832)
	at org.jenkinsci.remoting.protocol.FilterLayer.onRecvClosed(FilterLayer.java:287)
	at org.jenkinsci.remoting.protocol.impl.SSLEngineFilterLayer.onRecvClosed(SSLEngineFilterLayer.java:181)
	at org.jenkinsci.remoting.protocol.impl.SSLEngineFilterLayer.switchToNoSecure(SSLEngineFilterLayer.java:283)
	at org.jenkinsci.remoting.protocol.impl.SSLEngineFilterLayer.processWrite(SSLEngineFilterLayer.java:503)
	at org.jenkinsci.remoting.protocol.impl.SSLEngineFilterLayer.processQueuedWrites(SSLEngineFilterLayer.java:248)
	at org.jenkinsci.remoting.protocol.impl.SSLEngineFilterLayer.doSend(SSLEngineFilterLayer.java:200)
	at org.jenkinsci.remoting.protocol.impl.SSLEngineFilterLayer.doCloseSend(SSLEngineFilterLayer.java:213)
	at org.jenkinsci.remoting.protocol.ProtocolStack$Ptr.doCloseSend(ProtocolStack.java:800)
	at org.jenkinsci.remoting.protocol.ApplicationLayer.doCloseWrite(ApplicationLayer.java:173)
	at org.jenkinsci.remoting.protocol.impl.ChannelApplicationLayer$ByteBufferCommandTransport.closeWrite(ChannelApplicationLayer.java:313)
	at hudson.remoting.Channel.close(Channel.java:1405)
	at hudson.remoting.Channel.close(Channel.java:1358)
	at hudson.slaves.SlaveComputer.setChannel(SlaveComputer.java:595)
	at jenkins.slaves.DefaultJnlpSlaveReceiver.afterChannel(DefaultJnlpSlaveReceiver.java:168)
	at org.jenkinsci.remoting.engine.JnlpConnectionState$4.invoke(JnlpConnectionState.java:421)
	at org.jenkinsci.remoting.engine.JnlpConnectionState.fire(JnlpConnectionState.java:312)
	at org.jenkinsci.remoting.engine.JnlpConnectionState.fireAfterChannel(JnlpConnectionState.java:418)
	at org.jenkinsci.remoting.engine.JnlpProtocol4Handler$Handler$1.run(JnlpProtocol4Handler.java:334)
	at jenkins.util.ContextResettingExecutorService$1.run(ContextResettingExecutorService.java:28)
	at java.util.concurrent.ThreadPoolExecutor.runWorker(ThreadPoolExecutor.java:1149)
	at java.util.concurrent.ThreadPoolExecutor$Worker.run(ThreadPoolExecutor.java:624)
	at java.lang.Thread.run(Thread.java:748)

Feb 08, 2018 7:54:00 AM WARNING hudson.util.ExceptionCatchingThreadFactory uncaughtException
Thread Computer.threadPoolForRemoting [#167] terminated unexpectedly
java.lang.IllegalStateException: Already connected
	at hudson.slaves.SlaveComputer.setChannel(SlaveComputer.java:596)
	at jenkins.slaves.DefaultJnlpSlaveReceiver.afterChannel(DefaultJnlpSlaveReceiver.java:168)
	at org.jenkinsci.remoting.engine.JnlpConnectionState$4.invoke(JnlpConnectionState.java:421)
	at org.jenkinsci.remoting.engine.JnlpConnectionState.fire(JnlpConnectionState.java:312)
	at org.jenkinsci.remoting.engine.JnlpConnectionState.fireAfterChannel(JnlpConnectionState.java:418)
	at org.jenkinsci.remoting.engine.JnlpProtocol4Handler$Handler$1.run(JnlpProtocol4Handler.java:334)
	at jenkins.util.ContextResettingExecutorService$1.run(ContextResettingExecutorService.java:28)
	at java.util.concurrent.ThreadPoolExecutor.runWorker(ThreadPoolExecutor.java:1149)
	at java.util.concurrent.ThreadPoolExecutor$Worker.run(ThreadPoolExecutor.java:624)
	at java.lang.Thread.run(Thread.java:748)

Feb 08, 2018 7:54:01 AM INFO hudson.TcpSlaveAgentListener$ConnectionHandler run
Accepted JNLP4-connect connection #69 from tc-bigmemory-14.private.domain/10.130.240.33:48348
Feb 08, 2018 7:54:01 AM SEVERE hudson.remoting.SynchronousCommandTransport$ReaderThread run
I/O error in channel docker-8980d34c1f9a
java.net.SocketException: Socket closed
	at java.net.SocketInputStream.socketRead0(Native Method)
	at java.net.SocketInputStream.socketRead(SocketInputStream.java:116)
	at java.net.SocketInputStream.read(SocketInputStream.java:171)
	at java.net.SocketInputStream.read(SocketInputStream.java:141)
	at java.net.SocketInputStream.read(SocketInputStream.java:127)
	at io.jenkins.docker.client.DockerMultiplexedInputStream.readInternal(DockerMultiplexedInputStream.java:41)
	at io.jenkins.docker.client.DockerMultiplexedInputStream.read(DockerMultiplexedInputStream.java:25)
	at hudson.remoting.FlightRecorderInputStream.read(FlightRecorderInputStream.java:91)
	at hudson.remoting.ChunkedInputStream.readHeader(ChunkedInputStream.java:72)
	at hudson.remoting.ChunkedInputStream.readUntilBreak(ChunkedInputStream.java:103)
	at hudson.remoting.ChunkedCommandTransport.readBlock(ChunkedCommandTransport.java:39)
	at hudson.remoting.AbstractSynchronousByteArrayCommandTransport.read(AbstractSynchronousByteArrayCommandTransport.java:35)
	at hudson.remoting.SynchronousCommandTransport$ReaderThread.run(SynchronousCommandTransport.java:63)

Feb 08, 2018 7:54:02 AM WARNING jenkins.slaves.DefaultJnlpSlaveReceiver channelClosed
Computer.threadPoolForRemoting [#166] for docker-46dc787823a7 terminated
java.nio.channels.ClosedChannelException
	at org.jenkinsci.remoting.protocol.impl.ChannelApplicationLayer.onReadClosed(ChannelApplicationLayer.java:208)
	at org.jenkinsci.remoting.protocol.ApplicationLayer.onRecvClosed(ApplicationLayer.java:222)
	at org.jenkinsci.remoting.protocol.ProtocolStack$Ptr.onRecvClosed(ProtocolStack.java:832)
	at org.jenkinsci.remoting.protocol.FilterLayer.onRecvClosed(FilterLayer.java:287)
	at org.jenkinsci.remoting.protocol.impl.SSLEngineFilterLayer.onRecvClosed(SSLEngineFilterLayer.java:181)
	at org.jenkinsci.remoting.protocol.impl.SSLEngineFilterLayer.switchToNoSecure(SSLEngineFilterLayer.java:283)
	at org.jenkinsci.remoting.protocol.impl.SSLEngineFilterLayer.processWrite(SSLEngineFilterLayer.java:503)
	at org.jenkinsci.remoting.protocol.impl.SSLEngineFilterLayer.processQueuedWrites(SSLEngineFilterLayer.java:248)
	at org.jenkinsci.remoting.protocol.impl.SSLEngineFilterLayer.doSend(SSLEngineFilterLayer.java:200)
	at org.jenkinsci.remoting.protocol.impl.SSLEngineFilterLayer.doCloseSend(SSLEngineFilterLayer.java:213)
	at org.jenkinsci.remoting.protocol.ProtocolStack$Ptr.doCloseSend(ProtocolStack.java:800)
	at org.jenkinsci.remoting.protocol.ApplicationLayer.doCloseWrite(ApplicationLayer.java:173)
	at org.jenkinsci.remoting.protocol.impl.ChannelApplicationLayer$ByteBufferCommandTransport.closeWrite(ChannelApplicationLayer.java:313)
	at hudson.remoting.Channel.close(Channel.java:1405)
	at hudson.remoting.Channel.close(Channel.java:1358)
	at hudson.slaves.SlaveComputer.closeChannel(SlaveComputer.java:737)
	at hudson.slaves.SlaveComputer.access$800(SlaveComputer.java:96)
	at hudson.slaves.SlaveComputer$3.run(SlaveComputer.java:655)
	at jenkins.util.ContextResettingExecutorService$1.run(ContextResettingExecutorService.java:28)
	at java.util.concurrent.Executors$RunnableAdapter.call(Executors.java:511)
	at java.util.concurrent.FutureTask.run(FutureTask.java:266)
	at java.util.concurrent.ThreadPoolExecutor.runWorker(ThreadPoolExecutor.java:1149)
	at java.util.concurrent.ThreadPoolExecutor$Worker.run(ThreadPoolExecutor.java:624)
	at java.lang.Thread.run(Thread.java:748)

Feb 08, 2018 7:54:02 AM WARNING hudson.remoting.Request$2 run
Failed to send back a reply to the request hudson.remoting.Request$2@4cdc5fc
java.nio.channels.ClosedChannelException
	at org.jenkinsci.remoting.protocol.impl.ChannelApplicationLayer.onReadClosed(ChannelApplicationLayer.java:208)
	at org.jenkinsci.remoting.protocol.ApplicationLayer.onRecvClosed(ApplicationLayer.java:222)
	at org.jenkinsci.remoting.protocol.ProtocolStack$Ptr.onRecvClosed(ProtocolStack.java:832)
	at org.jenkinsci.remoting.protocol.FilterLayer.onRecvClosed(FilterLayer.java:287)
	at org.jenkinsci.remoting.protocol.impl.SSLEngineFilterLayer.onRecvClosed(SSLEngineFilterLayer.java:181)
	at org.jenkinsci.remoting.protocol.impl.SSLEngineFilterLayer.switchToNoSecure(SSLEngineFilterLayer.java:283)
	at org.jenkinsci.remoting.protocol.impl.SSLEngineFilterLayer.processWrite(SSLEngineFilterLayer.java:503)
	at org.jenkinsci.remoting.protocol.impl.SSLEngineFilterLayer.processQueuedWrites(SSLEngineFilterLayer.java:248)
	at org.jenkinsci.remoting.protocol.impl.SSLEngineFilterLayer.doSend(SSLEngineFilterLayer.java:200)
	at org.jenkinsci.remoting.protocol.impl.SSLEngineFilterLayer.doCloseSend(SSLEngineFilterLayer.java:213)
	at org.jenkinsci.remoting.protocol.ProtocolStack$Ptr.doCloseSend(ProtocolStack.java:800)
	at org.jenkinsci.remoting.protocol.ApplicationLayer.doCloseWrite(ApplicationLayer.java:173)
	at org.jenkinsci.remoting.protocol.impl.ChannelApplicationLayer$ByteBufferCommandTransport.closeWrite(ChannelApplicationLayer.java:313)
	at hudson.remoting.Channel.close(Channel.java:1405)
	at hudson.remoting.Channel.close(Channel.java:1358)
	at hudson.slaves.SlaveComputer.closeChannel(SlaveComputer.java:737)
	at hudson.slaves.SlaveComputer.access$800(SlaveComputer.java:96)
	at hudson.slaves.SlaveComputer$3.run(SlaveComputer.java:655)
	at jenkins.util.ContextResettingExecutorService$1.run(ContextResettingExecutorService.java:28)
	at java.util.concurrent.Executors$RunnableAdapter.call(Executors.java:511)
Caused: hudson.remoting.ChannelClosedException: Channel "hudson.remoting.Channel@11c32c94:JNLP4-connect connection from tc-perf-g3-08.private.domain/10.130.240.45:55830": channel is already closed
	at hudson.remoting.Channel.send(Channel.java:672)
	at hudson.remoting.Request$2.run(Request.java:371)
	at hudson.remoting.InterceptingExecutorService$1.call(InterceptingExecutorService.java:72)
	at org.jenkinsci.remoting.CallableDecorator.call(CallableDecorator.java:19)
	at hudson.remoting.CallableDecoratorList$1.call(CallableDecoratorList.java:21)
	at jenkins.util.ContextResettingExecutorService$2.call(ContextResettingExecutorService.java:46)
	at java.util.concurrent.FutureTask.run(FutureTask.java:266)
	at java.util.concurrent.ThreadPoolExecutor.runWorker(ThreadPoolExecutor.java:1149)
	at java.util.concurrent.ThreadPoolExecutor$Worker.run(ThreadPoolExecutor.java:624)
	at java.lang.Thread.run(Thread.java:748)

Feb 08, 2018 7:54:03 AM WARNING jenkins.slaves.DefaultJnlpSlaveReceiver channelClosed
Computer.threadPoolForRemoting [#173] for docker-8a00fd0dd1ca terminated
java.nio.channels.ClosedChannelException
	at org.jenkinsci.remoting.protocol.impl.ChannelApplicationLayer.onReadClosed(ChannelApplicationLayer.java:208)
	at org.jenkinsci.remoting.protocol.ApplicationLayer.onRecvClosed(ApplicationLayer.java:222)
	at org.jenkinsci.remoting.protocol.ProtocolStack$Ptr.onRecvClosed(ProtocolStack.java:832)
	at org.jenkinsci.remoting.protocol.FilterLayer.onRecvClosed(FilterLayer.java:287)
	at org.jenkinsci.remoting.protocol.impl.SSLEngineFilterLayer.onRecvClosed(SSLEngineFilterLayer.java:181)
	at org.jenkinsci.remoting.protocol.impl.SSLEngineFilterLayer.switchToNoSecure(SSLEngineFilterLayer.java:283)
	at org.jenkinsci.remoting.protocol.impl.SSLEngineFilterLayer.processWrite(SSLEngineFilterLayer.java:503)
	at org.jenkinsci.remoting.protocol.impl.SSLEngineFilterLayer.processQueuedWrites(SSLEngineFilterLayer.java:248)
	at org.jenkinsci.remoting.protocol.impl.SSLEngineFilterLayer.doSend(SSLEngineFilterLayer.java:200)
	at org.jenkinsci.remoting.protocol.impl.SSLEngineFilterLayer.doCloseSend(SSLEngineFilterLayer.java:213)
	at org.jenkinsci.remoting.protocol.ProtocolStack$Ptr.doCloseSend(ProtocolStack.java:800)
	at org.jenkinsci.remoting.protocol.ApplicationLayer.doCloseWrite(ApplicationLayer.java:173)
	at org.jenkinsci.remoting.protocol.impl.ChannelApplicationLayer$ByteBufferCommandTransport.closeWrite(ChannelApplicationLayer.java:313)
	at hudson.remoting.Channel.close(Channel.java:1405)
	at hudson.remoting.Channel.close(Channel.java:1358)
	at hudson.slaves.SlaveComputer.closeChannel(SlaveComputer.java:737)
	at hudson.slaves.SlaveComputer.access$800(SlaveComputer.java:96)
	at hudson.slaves.SlaveComputer$3.run(SlaveComputer.java:655)
	at jenkins.util.ContextResettingExecutorService$1.run(ContextResettingExecutorService.java:28)
	at java.util.concurrent.Executors$RunnableAdapter.call(Executors.java:511)
	at java.util.concurrent.FutureTask.run(FutureTask.java:266)
	at java.util.concurrent.ThreadPoolExecutor.runWorker(ThreadPoolExecutor.java:1149)
	at java.util.concurrent.ThreadPoolExecutor$Worker.run(ThreadPoolExecutor.java:624)
	at java.lang.Thread.run(Thread.java:748)

Feb 08, 2018 7:54:03 AM WARNING hudson.remoting.Request$2 run
Failed to send back a reply to the request hudson.remoting.Request$2@735243a
java.nio.channels.ClosedChannelException
	at org.jenkinsci.remoting.protocol.impl.ChannelApplicationLayer.onReadClosed(ChannelApplicationLayer.java:208)
	at org.jenkinsci.remoting.protocol.ApplicationLayer.onRecvClosed(ApplicationLayer.java:222)
	at org.jenkinsci.remoting.protocol.ProtocolStack$Ptr.onRecvClosed(ProtocolStack.java:832)
	at org.jenkinsci.remoting.protocol.FilterLayer.onRecvClosed(FilterLayer.java:287)
	at org.jenkinsci.remoting.protocol.impl.SSLEngineFilterLayer.onRecvClosed(SSLEngineFilterLayer.java:181)
	at org.jenkinsci.remoting.protocol.impl.SSLEngineFilterLayer.switchToNoSecure(SSLEngineFilterLayer.java:283)
	at org.jenkinsci.remoting.protocol.impl.SSLEngineFilterLayer.processWrite(SSLEngineFilterLayer.java:503)
	at org.jenkinsci.remoting.protocol.impl.SSLEngineFilterLayer.processQueuedWrites(SSLEngineFilterLayer.java:248)
	at org.jenkinsci.remoting.protocol.impl.SSLEngineFilterLayer.doSend(SSLEngineFilterLayer.java:200)
	at org.jenkinsci.remoting.protocol.impl.SSLEngineFilterLayer.doCloseSend(SSLEngineFilterLayer.java:213)
	at org.jenkinsci.remoting.protocol.ProtocolStack$Ptr.doCloseSend(ProtocolStack.java:800)
	at org.jenkinsci.remoting.protocol.ApplicationLayer.doCloseWrite(ApplicationLayer.java:173)
	at org.jenkinsci.remoting.protocol.impl.ChannelApplicationLayer$ByteBufferCommandTransport.closeWrite(ChannelApplicationLayer.java:313)
	at hudson.remoting.Channel.close(Channel.java:1405)
	at hudson.remoting.Channel.close(Channel.java:1358)
	at hudson.slaves.SlaveComputer.closeChannel(SlaveComputer.java:737)
	at hudson.slaves.SlaveComputer.access$800(SlaveComputer.java:96)
	at hudson.slaves.SlaveComputer$3.run(SlaveComputer.java:655)
	at jenkins.util.ContextResettingExecutorService$1.run(ContextResettingExecutorService.java:28)
	at java.util.concurrent.Executors$RunnableAdapter.call(Executors.java:511)
Caused: hudson.remoting.ChannelClosedException: Channel "hudson.remoting.Channel@6394c798:JNLP4-connect connection from tc-bigmemory-14.private.domain/10.130.240.33:48348": channel is already closed
	at hudson.remoting.Channel.send(Channel.java:672)
	at hudson.remoting.Request$2.run(Request.java:371)
	at hudson.remoting.InterceptingExecutorService$1.call(InterceptingExecutorService.java:72)
	at org.jenkinsci.remoting.CallableDecorator.call(CallableDecorator.java:19)
	at hudson.remoting.CallableDecoratorList$1.call(CallableDecoratorList.java:21)
	at jenkins.util.ContextResettingExecutorService$2.call(ContextResettingExecutorService.java:46)
	at java.util.concurrent.FutureTask.run(FutureTask.java:266)
	at java.util.concurrent.ThreadPoolExecutor.runWorker(ThreadPoolExecutor.java:1149)
	at java.util.concurrent.ThreadPoolExecutor$Worker.run(ThreadPoolExecutor.java:624)
	at java.lang.Thread.run(Thread.java:748)

Feb 08, 2018 7:54:08 AM SEVERE com.github.dockerjava.core.async.ResultCallbackTemplate onError
Error during callback
com.github.dockerjava.api.exception.InternalServerErrorException: Error response from daemon: removal of container 598f493328f5e51c21005fb994452329adafbf3f3a880d2d18ec46bcfc4f7643 is already in progress

	at com.github.dockerjava.netty.handler.HttpResponseHandler.channelRead0(HttpResponseHandler.java:109)
	at com.github.dockerjava.netty.handler.HttpResponseHandler.channelRead0(HttpResponseHandler.java:33)
	at io.netty.channel.SimpleChannelInboundHandler.channelRead(SimpleChannelInboundHandler.java:105)
	at io.netty.channel.AbstractChannelHandlerContext.invokeChannelRead(AbstractChannelHandlerContext.java:362)
	at io.netty.channel.AbstractChannelHandlerContext.invokeChannelRead(AbstractChannelHandlerContext.java:348)
	at io.netty.channel.AbstractChannelHandlerContext.fireChannelRead(AbstractChannelHandlerContext.java:340)
	at io.netty.handler.logging.LoggingHandler.channelRead(LoggingHandler.java:241)
	at io.netty.channel.AbstractChannelHandlerContext.invokeChannelRead(AbstractChannelHandlerContext.java:362)
	at io.netty.channel.AbstractChannelHandlerContext.invokeChannelRead(AbstractChannelHandlerContext.java:348)
	at io.netty.channel.AbstractChannelHandlerContext.fireChannelRead(AbstractChannelHandlerContext.java:340)
	at io.netty.channel.CombinedChannelDuplexHandler$DelegatingChannelHandlerContext.fireChannelRead(CombinedChannelDuplexHandler.java:438)
	at io.netty.handler.codec.ByteToMessageDecoder.fireChannelRead(ByteToMessageDecoder.java:310)
	at io.netty.handler.codec.ByteToMessageDecoder.channelRead(ByteToMessageDecoder.java:284)
	at io.netty.channel.CombinedChannelDuplexHandler.channelRead(CombinedChannelDuplexHandler.java:253)
	at io.netty.channel.AbstractChannelHandlerContext.invokeChannelRead(AbstractChannelHandlerContext.java:362)
	at io.netty.channel.AbstractChannelHandlerContext.invokeChannelRead(AbstractChannelHandlerContext.java:348)
	at io.netty.channel.AbstractChannelHandlerContext.fireChannelRead(AbstractChannelHandlerContext.java:340)
	at io.netty.channel.DefaultChannelPipeline$HeadContext.channelRead(DefaultChannelPipeline.java:1334)
	at io.netty.channel.AbstractChannelHandlerContext.invokeChannelRead(AbstractChannelHandlerContext.java:362)
	at io.netty.channel.AbstractChannelHandlerContext.invokeChannelRead(AbstractChannelHandlerContext.java:348)
	at io.netty.channel.DefaultChannelPipeline.fireChannelRead(DefaultChannelPipeline.java:926)
	at io.netty.channel.nio.AbstractNioByteChannel$NioByteUnsafe.read(AbstractNioByteChannel.java:134)
	at io.netty.channel.nio.NioEventLoop.processSelectedKey(NioEventLoop.java:644)
	at io.netty.channel.nio.NioEventLoop.processSelectedKeysOptimized(NioEventLoop.java:579)
	at io.netty.channel.nio.NioEventLoop.processSelectedKeys(NioEventLoop.java:496)
	at io.netty.channel.nio.NioEventLoop.run(NioEventLoop.java:458)
	at io.netty.util.concurrent.SingleThreadEventExecutor$5.run(SingleThreadEventExecutor.java:858)
	at io.netty.util.concurrent.DefaultThreadFactory$DefaultRunnableDecorator.run(DefaultThreadFactory.java:138)
	at java.lang.Thread.run(Thread.java:748)

Feb 08, 2018 7:54:09 AM INFO com.nirima.jenkins.plugins.docker.DockerCloud provision
Asked to provision 1 slave(s) for: sles11&&dockerswarm
Feb 08, 2018 7:54:09 AM INFO com.nirima.jenkins.plugins.docker.DockerCloud provision
Will provision 'tc-docker-swarm-01.private.domain:5000/jenkins-sles11sp3-java', for label: 'sles11&&dockerswarm', in cloud: 'BigMemory-Swarm'
Feb 08, 2018 7:54:09 AM INFO com.nirima.jenkins.plugins.docker.DockerCloud addProvisionedSlave
Provisioning 'tc-docker-swarm-01.private.domain:5000/jenkins-sles11sp3-java' number '0' on 'BigMemory-Swarm'; Total containers: '8'
Feb 08, 2018 7:54:09 AM INFO hudson.slaves.NodeProvisioner$StandardStrategyImpl apply
Started provisioning Image of tc-docker-swarm-01.private.domain:5000/jenkins-sles11sp3-java from BigMemory-Swarm with 1 executors. Remaining excess workload: 0
Feb 08, 2018 7:54:09 AM INFO com.nirima.jenkins.plugins.docker.DockerTemplate pullImage
Pulling image 'tc-docker-swarm-01.private.domain:5000/jenkins-sles11sp3-java:latest'. This may take awhile...
Feb 08, 2018 7:54:09 AM INFO com.nirima.jenkins.plugins.docker.DockerTemplate pullImage
Finished pulling image 'tc-docker-swarm-01.private.domain:5000/jenkins-sles11sp3-java:latest', took 195 ms
Feb 08, 2018 7:54:09 AM INFO com.nirima.jenkins.plugins.docker.DockerTemplate provisionNode
Trying to run container for tc-docker-swarm-01.private.domain:5000/jenkins-sles11sp3-java
Feb 08, 2018 7:54:11 AM INFO hudson.TcpSlaveAgentListener$ConnectionHandler run
Accepted JNLP4-connect connection #70 from tc-perf-g3-07.private.domain/10.130.240.44:45706
Feb 08, 2018 7:54:13 AM WARNING jenkins.slaves.DefaultJnlpSlaveReceiver channelClosed
Computer.threadPoolForRemoting [#164] for docker-9fb0af680668 terminated
java.nio.channels.ClosedChannelException
	at org.jenkinsci.remoting.protocol.impl.ChannelApplicationLayer.onReadClosed(ChannelApplicationLayer.java:208)
	at org.jenkinsci.remoting.protocol.ApplicationLayer.onRecvClosed(ApplicationLayer.java:222)
	at org.jenkinsci.remoting.protocol.ProtocolStack$Ptr.onRecvClosed(ProtocolStack.java:832)
	at org.jenkinsci.remoting.protocol.FilterLayer.onRecvClosed(FilterLayer.java:287)
	at org.jenkinsci.remoting.protocol.impl.SSLEngineFilterLayer.onRecvClosed(SSLEngineFilterLayer.java:181)
	at org.jenkinsci.remoting.protocol.impl.SSLEngineFilterLayer.switchToNoSecure(SSLEngineFilterLayer.java:283)
	at org.jenkinsci.remoting.protocol.impl.SSLEngineFilterLayer.processWrite(SSLEngineFilterLayer.java:503)
	at org.jenkinsci.remoting.protocol.impl.SSLEngineFilterLayer.processQueuedWrites(SSLEngineFilterLayer.java:248)
	at org.jenkinsci.remoting.protocol.impl.SSLEngineFilterLayer.doSend(SSLEngineFilterLayer.java:200)
	at org.jenkinsci.remoting.protocol.impl.SSLEngineFilterLayer.doCloseSend(SSLEngineFilterLayer.java:213)
	at org.jenkinsci.remoting.protocol.ProtocolStack$Ptr.doCloseSend(ProtocolStack.java:800)
	at org.jenkinsci.remoting.protocol.ApplicationLayer.doCloseWrite(ApplicationLayer.java:173)
	at org.jenkinsci.remoting.protocol.impl.ChannelApplicationLayer$ByteBufferCommandTransport.closeWrite(ChannelApplicationLayer.java:313)
	at hudson.remoting.Channel.close(Channel.java:1405)
	at hudson.remoting.Channel.close(Channel.java:1358)
	at hudson.slaves.SlaveComputer.closeChannel(SlaveComputer.java:737)
	at hudson.slaves.SlaveComputer.access$800(SlaveComputer.java:96)
	at hudson.slaves.SlaveComputer$3.run(SlaveComputer.java:655)
	at jenkins.util.ContextResettingExecutorService$1.run(ContextResettingExecutorService.java:28)
	at java.util.concurrent.Executors$RunnableAdapter.call(Executors.java:511)
	at java.util.concurrent.FutureTask.run(FutureTask.java:266)
	at java.util.concurrent.ThreadPoolExecutor.runWorker(ThreadPoolExecutor.java:1149)
	at java.util.concurrent.ThreadPoolExecutor$Worker.run(ThreadPoolExecutor.java:624)
	at java.lang.Thread.run(Thread.java:748)

Feb 08, 2018 7:54:19 AM INFO hudson.slaves.NodeProvisioner$2 run
Image of tc-docker-swarm-01.private.domain:5000/jenkins-sles11sp3-java provisioning successfully completed. We have now 8 computer(s)
Feb 08, 2018 7:54:20 AM INFO hudson.TcpSlaveAgentListener$ConnectionHandler run
Accepted JNLP4-connect connection #71 from tc-perf-g3-07.private.domain/10.130.240.44:45714
Feb 08, 2018 7:54:23 AM WARNING jenkins.slaves.DefaultJnlpSlaveReceiver channelClosed
IOHub#1: Worker[channel:java.nio.channels.SocketChannel[connected local=/10.130.225.27:33197 remote=tc-perf-g3-07.private.domain/10.130.240.44:45714]] / Computer.threadPoolForRemoting [#172] for docker-9fb0af680668 terminated
java.nio.channels.ClosedChannelException
	at org.jenkinsci.remoting.protocol.NetworkLayer.onRecvClosed(NetworkLayer.java:154)
	at org.jenkinsci.remoting.protocol.impl.NIONetworkLayer.ready(NIONetworkLayer.java:142)
	at org.jenkinsci.remoting.protocol.IOHub$OnReady.run(IOHub.java:789)
	at jenkins.util.ContextResettingExecutorService$1.run(ContextResettingExecutorService.java:28)
	at java.util.concurrent.ThreadPoolExecutor.runWorker(ThreadPoolExecutor.java:1149)
	at java.util.concurrent.ThreadPoolExecutor$Worker.run(ThreadPoolExecutor.java:624)
	at java.lang.Thread.run(Thread.java:748)

Feb 08, 2018 7:54:57 AM WARNING org.jenkinsci.plugins.workflow.cps.CpsStepContext completed
already completed CpsStepContext[42:node]:Owner[test-docker-launching-pipeline/9:test-docker-launching-pipeline #9]
java.lang.IllegalStateException: delivered here
	at org.jenkinsci.plugins.workflow.cps.CpsStepContext.completed(CpsStepContext.java:353)
	at org.jenkinsci.plugins.workflow.cps.CpsStepContext.onFailure(CpsStepContext.java:329)
	at org.jenkinsci.plugins.workflow.steps.StepExecution.stop(StepExecution.java:105)
	at org.jenkinsci.plugins.workflow.support.steps.ExecutorStepExecution.stop(ExecutorStepExecution.java:152)
	at org.jenkinsci.plugins.workflow.cps.CpsThread.stop(CpsThread.java:296)
	at org.jenkinsci.plugins.workflow.cps.CpsBodyExecution$2.onSuccess(CpsBodyExecution.java:263)
	at org.jenkinsci.plugins.workflow.cps.CpsBodyExecution$2.onSuccess(CpsBodyExecution.java:250)
	at org.jenkinsci.plugins.workflow.cps.CpsFlowExecution$4$1.run(CpsFlowExecution.java:861)
	at org.jenkinsci.plugins.workflow.cps.CpsVmExecutorService$1.run(CpsVmExecutorService.java:35)
	at java.util.concurrent.Executors$RunnableAdapter.call(Executors.java:511)
	at java.util.concurrent.FutureTask.run(FutureTask.java:266)
	at hudson.remoting.SingleLaneExecutorService$1.run(SingleLaneExecutorService.java:131)
	at jenkins.util.ContextResettingExecutorService$1.run(ContextResettingExecutorService.java:28)
	at java.util.concurrent.Executors$RunnableAdapter.call(Executors.java:511)
	at java.util.concurrent.FutureTask.run(FutureTask.java:266)
	at java.util.concurrent.ThreadPoolExecutor.runWorker(ThreadPoolExecutor.java:1149)
	at java.util.concurrent.ThreadPoolExecutor$Worker.run(ThreadPoolExecutor.java:624)
	at java.lang.Thread.run(Thread.java:748)

Feb 08, 2018 7:54:57 AM INFO org.jenkinsci.plugins.workflow.cps.CpsStepContext completed
new failure
org.jenkinsci.plugins.workflow.steps.FlowInterruptedException
	at org.jenkinsci.plugins.workflow.cps.CpsBodyExecution.cancel(CpsBodyExecution.java:245)
	at org.jenkinsci.plugins.workflow.steps.TimeoutStepExecution.cancel(TimeoutStepExecution.java:133)
	at org.jenkinsci.plugins.workflow.steps.TimeoutStepExecution.access$100(TimeoutStepExecution.java:24)
	at org.jenkinsci.plugins.workflow.steps.TimeoutStepExecution$1.run(TimeoutStepExecution.java:83)
	at jenkins.security.ImpersonatingScheduledExecutorService$1.run(ImpersonatingScheduledExecutorService.java:58)
	at java.util.concurrent.Executors$RunnableAdapter.call(Executors.java:511)
	at java.util.concurrent.FutureTask.run(FutureTask.java:266)
	at java.util.concurrent.ScheduledThreadPoolExecutor$ScheduledFutureTask.access$201(ScheduledThreadPoolExecutor.java:180)
	at java.util.concurrent.ScheduledThreadPoolExecutor$ScheduledFutureTask.run(ScheduledThreadPoolExecutor.java:293)
	at java.util.concurrent.ThreadPoolExecutor.runWorker(ThreadPoolExecutor.java:1149)
	at java.util.concurrent.ThreadPoolExecutor$Worker.run(ThreadPoolExecutor.java:624)
	at java.lang.Thread.run(Thread.java:748)

Feb 08, 2018 7:54:57 AM INFO org.jenkinsci.plugins.workflow.cps.CpsStepContext completed
previously delivered here
java.lang.Throwable
	at org.jenkinsci.plugins.workflow.cps.CpsStepContext.completed(CpsStepContext.java:341)
	at org.jenkinsci.plugins.workflow.cps.CpsStepContext.onFailure(CpsStepContext.java:329)
	at org.jenkinsci.plugins.workflow.support.steps.ExecutorStepExecution$CancelledItemListener.onLeft(ExecutorStepExecution.java:216)
	at hudson.model.Queue$LeftItem.enter(Queue.java:2741)
	at hudson.model.Queue$Item.cancel(Queue.java:2329)
	at hudson.model.Queue.cancel(Queue.java:745)
	at org.jenkinsci.plugins.workflow.support.steps.ExecutorStepExecution.stop(ExecutorStepExecution.java:133)
	at org.jenkinsci.plugins.workflow.cps.CpsThread.stop(CpsThread.java:296)
	at org.jenkinsci.plugins.workflow.cps.CpsBodyExecution$2.onSuccess(CpsBodyExecution.java:263)
	at org.jenkinsci.plugins.workflow.cps.CpsBodyExecution$2.onSuccess(CpsBodyExecution.java:250)
	at org.jenkinsci.plugins.workflow.cps.CpsFlowExecution$4$1.run(CpsFlowExecution.java:861)
	at org.jenkinsci.plugins.workflow.cps.CpsVmExecutorService$1.run(CpsVmExecutorService.java:35)
	at java.util.concurrent.Executors$RunnableAdapter.call(Executors.java:511)
	at java.util.concurrent.FutureTask.run(FutureTask.java:266)
	at hudson.remoting.SingleLaneExecutorService$1.run(SingleLaneExecutorService.java:131)
	at jenkins.util.ContextResettingExecutorService$1.run(ContextResettingExecutorService.java:28)
	at java.util.concurrent.Executors$RunnableAdapter.call(Executors.java:511)
	at java.util.concurrent.FutureTask.run(FutureTask.java:266)
	at java.util.concurrent.ThreadPoolExecutor.runWorker(ThreadPoolExecutor.java:1149)
	at java.util.concurrent.ThreadPoolExecutor$Worker.run(ThreadPoolExecutor.java:624)
	at java.lang.Thread.run(Thread.java:748)

Feb 08, 2018 7:54:57 AM INFO org.jenkinsci.plugins.workflow.cps.CpsStepContext completed
earlier failure
hudson.AbortException: Queue task was cancelled
	at org.jenkinsci.plugins.workflow.support.steps.ExecutorStepExecution$CancelledItemListener.onLeft(ExecutorStepExecution.java:216)
	at hudson.model.Queue$LeftItem.enter(Queue.java:2741)
	at hudson.model.Queue$Item.cancel(Queue.java:2329)
	at hudson.model.Queue.cancel(Queue.java:745)
	at org.jenkinsci.plugins.workflow.support.steps.ExecutorStepExecution.stop(ExecutorStepExecution.java:133)
	at org.jenkinsci.plugins.workflow.cps.CpsThread.stop(CpsThread.java:296)
	at org.jenkinsci.plugins.workflow.cps.CpsBodyExecution$2.onSuccess(CpsBodyExecution.java:263)
	at org.jenkinsci.plugins.workflow.cps.CpsBodyExecution$2.onSuccess(CpsBodyExecution.java:250)
	at org.jenkinsci.plugins.workflow.cps.CpsFlowExecution$4$1.run(CpsFlowExecution.java:861)
	at org.jenkinsci.plugins.workflow.cps.CpsVmExecutorService$1.run(CpsVmExecutorService.java:35)
	at java.util.concurrent.Executors$RunnableAdapter.call(Executors.java:511)
	at java.util.concurrent.FutureTask.run(FutureTask.java:266)
	at hudson.remoting.SingleLaneExecutorService$1.run(SingleLaneExecutorService.java:131)
	at jenkins.util.ContextResettingExecutorService$1.run(ContextResettingExecutorService.java:28)
	at java.util.concurrent.Executors$RunnableAdapter.call(Executors.java:511)
	at java.util.concurrent.FutureTask.run(FutureTask.java:266)
	at java.util.concurrent.ThreadPoolExecutor.runWorker(ThreadPoolExecutor.java:1149)
	at java.util.concurrent.ThreadPoolExecutor$Worker.run(ThreadPoolExecutor.java:624)
	at java.lang.Thread.run(Thread.java:748)

Feb 08, 2018 7:54:57 AM INFO org.jenkinsci.plugins.workflow.job.WorkflowRun finish
test-docker-launching-pipeline #9 completed: FAILURE
