Jan 31, 2011 10:34:29 AM hudson.remoting.jnlp.Main$CuiListener <init>
INFO: Hudson agent is running in headless mode.
Jan 31, 2011 10:34:29 AM hudson.remoting.jnlp.Main$CuiListener status
INFO: Locating server among [http://ci.jruby.org/]
Jan 31, 2011 10:34:29 AM hudson.remoting.jnlp.Main$CuiListener status
INFO: Connecting to ci.jruby.org:32323
Jan 31, 2011 10:34:29 AM hudson.remoting.jnlp.Main$CuiListener status
INFO: Handshaking
Jan 31, 2011 10:34:30 AM hudson.remoting.jnlp.Main$CuiListener status
INFO: Connected
Feb 2, 2011 6:27:16 AM hudson.Proc$LocalProc join
WARNING: Process leaked file descriptors. See http://wiki.hudson-ci.org/display/HUDSON/Spawning+processes+from+build for more information
java.lang.Exception
	at hudson.Proc$LocalProc.join(Proc.java:236)
	at hudson.Launcher$RemoteLaunchCallable.call(Launcher.java:795)
	at hudson.Launcher$RemoteLaunchCallable.call(Launcher.java:767)
	at hudson.remoting.UserRequest.perform(UserRequest.java:114)
	at hudson.remoting.UserRequest.perform(UserRequest.java:48)
	at hudson.remoting.Request$2.run(Request.java:270)
	at java.util.concurrent.Executors$RunnableAdapter.call(Executors.java:441)
	at java.util.concurrent.FutureTask$Sync.innerRun(FutureTask.java:303)
	at java.util.concurrent.FutureTask.run(FutureTask.java:138)
	at java.util.concurrent.ThreadPoolExecutor$Worker.runTask(ThreadPoolExecutor.java:886)
	at java.util.concurrent.ThreadPoolExecutor$Worker.run(ThreadPoolExecutor.java:908)
	at hudson.remoting.Engine$1$1.run(Engine.java:58)
	at java.lang.Thread.run(Thread.java:619)
Feb 2, 2011 7:35:32 PM hudson.Proc$LocalProc join
WARNING: Process leaked file descriptors. See http://wiki.hudson-ci.org/display/HUDSON/Spawning+processes+from+build for more information
java.lang.Exception
	at hudson.Proc$LocalProc.join(Proc.java:236)
	at hudson.Launcher$RemoteLaunchCallable.call(Launcher.java:795)
	at hudson.Launcher$RemoteLaunchCallable.call(Launcher.java:767)
	at hudson.remoting.UserRequest.perform(UserRequest.java:114)
	at hudson.remoting.UserRequest.perform(UserRequest.java:48)
	at hudson.remoting.Request$2.run(Request.java:270)
	at java.util.concurrent.Executors$RunnableAdapter.call(Executors.java:441)
	at java.util.concurrent.FutureTask$Sync.innerRun(FutureTask.java:303)
	at java.util.concurrent.FutureTask.run(FutureTask.java:138)
	at java.util.concurrent.ThreadPoolExecutor$Worker.runTask(ThreadPoolExecutor.java:886)
	at java.util.concurrent.ThreadPoolExecutor$Worker.run(ThreadPoolExecutor.java:908)
	at hudson.remoting.Engine$1$1.run(Engine.java:58)
	at java.lang.Thread.run(Thread.java:619)
Exception in thread "ant -Dtesttype=spec-ci_interpreted_19 ci-matrix: stdout copier" java.lang.AssertionError
	at hudson.remoting.PipeWindow$Real.decrease(PipeWindow.java:160)
	at hudson.remoting.ProxyOutputStream._write(ProxyOutputStream.java:124)
	at hudson.remoting.ProxyOutputStream.write(ProxyOutputStream.java:103)
	at hudson.remoting.RemoteOutputStream.write(RemoteOutputStream.java:110)
	at hudson.util.StreamCopyThread.run(StreamCopyThread.java:61)
Feb 2, 2011 8:23:07 PM hudson.Proc$LocalProc join
WARNING: Process leaked file descriptors. See http://wiki.hudson-ci.org/display/HUDSON/Spawning+processes+from+build for more information
java.lang.Exception
	at hudson.Proc$LocalProc.join(Proc.java:236)
	at hudson.Launcher$RemoteLaunchCallable.call(Launcher.java:795)
	at hudson.Launcher$RemoteLaunchCallable.call(Launcher.java:767)
	at hudson.remoting.UserRequest.perform(UserRequest.java:114)
	at hudson.remoting.UserRequest.perform(UserRequest.java:48)
	at hudson.remoting.Request$2.run(Request.java:270)
	at java.util.concurrent.Executors$RunnableAdapter.call(Executors.java:441)
	at java.util.concurrent.FutureTask$Sync.innerRun(FutureTask.java:303)
	at java.util.concurrent.FutureTask.run(FutureTask.java:138)
	at java.util.concurrent.ThreadPoolExecutor$Worker.runTask(ThreadPoolExecutor.java:886)
	at java.util.concurrent.ThreadPoolExecutor$Worker.run(ThreadPoolExecutor.java:908)
	at hudson.remoting.Engine$1$1.run(Engine.java:58)
	at java.lang.Thread.run(Thread.java:619)
  % Total    % Received % Xferd  Average Speed   Time    Time     Time  Current
                                 Dload  Upload   Total   Spent    Left  Speed
  0     0    0     0    0     0      0      0 --:--:-- --:--:-- --:--:--     0  0     0    0     0    0     0      0      0 --:--:-- --:--:-- --:--:--     0100  225k  100  225k    0     0   791k      0 --:--:-- --:--:-- --:--:-- 1176k
Feb 3, 2011 1:29:53 PM hudson.remoting.jnlp.Main$CuiListener <init>
INFO: Hudson agent is running in headless mode.
Feb 3, 2011 1:29:53 PM hudson.remoting.jnlp.Main$CuiListener status
INFO: Locating server among [http://ci.jruby.org/]
Feb 3, 2011 1:29:53 PM hudson.remoting.jnlp.Main$CuiListener status
INFO: Connecting to ci.jruby.org:32323
Feb 3, 2011 1:29:53 PM hudson.remoting.jnlp.Main$CuiListener status
INFO: Handshaking
Feb 3, 2011 1:29:53 PM hudson.remoting.jnlp.Main$CuiListener status
INFO: Connected
Feb 4, 2011 1:23:53 AM hudson.remoting.Engine$2 onDead
INFO: Ping failed. Terminating the socket.
Feb 4, 2011 1:23:53 AM hudson.remoting.Channel$ReaderThread run
SEVERE: I/O error in channel channel
java.net.SocketException: Socket closed
	at java.net.SocketInputStream.read(SocketInputStream.java:162)
	at java.io.BufferedInputStream.fill(BufferedInputStream.java:218)
	at java.io.BufferedInputStream.read(BufferedInputStream.java:237)
	at java.io.ObjectInputStream$PeekInputStream.peek(ObjectInputStream.java:2249)
	at java.io.ObjectInputStream$BlockDataInputStream.peek(ObjectInputStream.java:2542)
	at java.io.ObjectInputStream$BlockDataInputStream.peekByte(ObjectInputStream.java:2552)
	at java.io.ObjectInputStream.readObject0(ObjectInputStream.java:1297)
	at java.io.ObjectInputStream.readObject(ObjectInputStream.java:351)
	at hudson.remoting.Channel$ReaderThread.run(Channel.java:947)
Feb 4, 2011 1:23:53 AM hudson.remoting.jnlp.Main$CuiListener status
INFO: Terminated
Feb 4, 2011 2:34:33 PM hudson.remoting.jnlp.Main$CuiListener status
INFO: Locating server among [http://ci.jruby.org/]
Feb 4, 2011 2:34:33 PM hudson.remoting.jnlp.Main$CuiListener status
INFO: Connecting to ci.jruby.org:32323
Feb 4, 2011 2:34:33 PM hudson.remoting.jnlp.Main$CuiListener status
INFO: Handshaking
Feb 4, 2011 2:34:33 PM hudson.remoting.jnlp.Main$CuiListener status
INFO: Connected
Feb 7, 2011 9:33:13 AM hudson.remoting.Channel$ReaderThread run
SEVERE: I/O error in channel channel
java.net.SocketException: Connection reset
	at java.net.SocketInputStream.read(SocketInputStream.java:168)
	at java.io.BufferedInputStream.fill(BufferedInputStream.java:218)
	at java.io.BufferedInputStream.read1(BufferedInputStream.java:258)
	at java.io.BufferedInputStream.read(BufferedInputStream.java:317)
	at java.io.ObjectInputStream$PeekInputStream.read(ObjectInputStream.java:2266)
	at java.io.ObjectInputStream$PeekInputStream.readFully(ObjectInputStream.java:2279)
	at java.io.ObjectInputStream$BlockDataInputStream.readUTFBody(ObjectInputStream.java:3019)
	at java.io.ObjectInputStream$BlockDataInputStream.readUTF(ObjectInputStream.java:2820)
	at java.io.ObjectInputStream.readUTF(ObjectInputStream.java:1051)
	at java.io.ObjectStreamClass.readNonProxy(ObjectStreamClass.java:616)
	at java.io.ObjectInputStream.readClassDescriptor(ObjectInputStream.java:809)
	at java.io.ObjectInputStream.readNonProxyDesc(ObjectInputStream.java:1565)
	at java.io.ObjectInputStream.readClassDesc(ObjectInputStream.java:1496)
	at java.io.ObjectInputStream.readOrdinaryObject(ObjectInputStream.java:1732)
	at java.io.ObjectInputStream.readObject0(ObjectInputStream.java:1329)
	at java.io.ObjectInputStream.readObject(ObjectInputStream.java:351)
	at hudson.remoting.Channel$ReaderThread.run(Channel.java:947)
Feb 7, 2011 9:33:13 AM hudson.remoting.jnlp.Main$CuiListener status
INFO: Terminated
Feb 7, 2011 9:33:13 AM hudson.remoting.Request$2 run
SEVERE: Failed to send back a reply
java.net.SocketException: Broken pipe
	at java.net.SocketOutputStream.socketWrite0(Native Method)
	at java.net.SocketOutputStream.socketWrite(SocketOutputStream.java:92)
	at java.net.SocketOutputStream.write(SocketOutputStream.java:136)
	at java.io.BufferedOutputStream.flushBuffer(BufferedOutputStream.java:65)
	at java.io.BufferedOutputStream.flush(BufferedOutputStream.java:123)
	at java.io.ObjectOutputStream$BlockDataOutputStream.flush(ObjectOutputStream.java:1784)
	at java.io.ObjectOutputStream.flush(ObjectOutputStream.java:691)
	at hudson.remoting.Channel.send(Channel.java:472)
	at hudson.remoting.Request$2.run(Request.java:282)
	at java.util.concurrent.Executors$RunnableAdapter.call(Executors.java:441)
	at java.util.concurrent.FutureTask$Sync.innerRun(FutureTask.java:303)
	at java.util.concurrent.FutureTask.run(FutureTask.java:138)
	at java.util.concurrent.ThreadPoolExecutor$Worker.runTask(ThreadPoolExecutor.java:886)
	at java.util.concurrent.ThreadPoolExecutor$Worker.run(ThreadPoolExecutor.java:908)
	at hudson.remoting.Engine$1$1.run(Engine.java:58)
	at java.lang.Thread.run(Thread.java:619)
Feb 7, 2011 9:39:30 AM hudson.remoting.jnlp.Main$CuiListener status
INFO: Locating server among [http://ci.jruby.org/]
Feb 7, 2011 9:39:30 AM hudson.remoting.jnlp.Main$CuiListener status
INFO: Connecting to ci.jruby.org:32323
Feb 7, 2011 9:39:30 AM hudson.remoting.jnlp.Main$CuiListener status
INFO: Handshaking
Feb 7, 2011 9:39:30 AM hudson.remoting.jnlp.Main$CuiListener status
INFO: Connected
Feb 9, 2011 7:13:30 AM hudson.remoting.Engine$2 onDead
INFO: Ping failed. Terminating the socket.
Feb 9, 2011 7:13:30 AM hudson.remoting.Channel$ReaderThread run
SEVERE: I/O error in channel channel
java.net.SocketException: Socket closed
	at java.net.SocketInputStream.read(SocketInputStream.java:162)
	at java.io.BufferedInputStream.fill(BufferedInputStream.java:218)
	at java.io.BufferedInputStream.read(BufferedInputStream.java:237)
	at java.io.ObjectInputStream$PeekInputStream.peek(ObjectInputStream.java:2249)
	at java.io.ObjectInputStream$BlockDataInputStream.peek(ObjectInputStream.java:2542)
	at java.io.ObjectInputStream$BlockDataInputStream.peekByte(ObjectInputStream.java:2552)
	at java.io.ObjectInputStream.readObject0(ObjectInputStream.java:1297)
	at java.io.ObjectInputStream.readObject(ObjectInputStream.java:351)
	at hudson.remoting.Channel$ReaderThread.run(Channel.java:947)
Feb 9, 2011 7:13:30 AM hudson.remoting.jnlp.Main$CuiListener status
INFO: Terminated
Feb 9, 2011 7:14:38 AM hudson.remoting.jnlp.Main$CuiListener status
INFO: Locating server among [http://ci.jruby.org/]
Feb 9, 2011 7:14:40 AM hudson.remoting.jnlp.Main$CuiListener status
INFO: Connecting to ci.jruby.org:32323
Feb 9, 2011 7:14:40 AM hudson.remoting.jnlp.Main$CuiListener status
INFO: Handshaking
Feb 9, 2011 7:14:47 AM hudson.remoting.jnlp.Main$CuiListener error
SEVERE: unexpected stream termination
java.io.EOFException: unexpected stream termination
	at hudson.remoting.Channel.<init>(Channel.java:375)
	at hudson.remoting.Channel.<init>(Channel.java:338)
	at hudson.remoting.Channel.<init>(Channel.java:305)
	at hudson.remoting.Channel.<init>(Channel.java:293)
	at hudson.remoting.Engine.run(Engine.java:201)
