may 09, 2014 11:43:40 PM Grave org.jclouds.logging.jdk.JDKLogger logError
<< problem customizing node(DFW/4acc0220-af9e-4e23-bd16-5cafcc669ed8): 
java.lang.IllegalStateException: node(DFW/4acc0220-af9e-4e23-bd16-5cafcc669ed8) didn't achieve the status running; aborting after 600 seconds with final status: PENDING
	at org.jclouds.compute.functions.PollNodeRunning.apply(PollNodeRunning.java:72)
	at org.jclouds.compute.functions.PollNodeRunning.apply(PollNodeRunning.java:45)
	at org.jclouds.compute.strategy.CustomizeNodeAndAddToGoodMapOrPutExceptionIntoBadMap.call(CustomizeNodeAndAddToGoodMapOrPutExceptionIntoBadMap.java:121)
	at org.jclouds.compute.strategy.CustomizeNodeAndAddToGoodMapOrPutExceptionIntoBadMap.apply(CustomizeNodeAndAddToGoodMapOrPutExceptionIntoBadMap.java:146)
	at org.jclouds.compute.strategy.CustomizeNodeAndAddToGoodMapOrPutExceptionIntoBadMap.apply(CustomizeNodeAndAddToGoodMapOrPutExceptionIntoBadMap.java:53)
	at shaded.com.google.common.util.concurrent.Futures$1.apply(Futures.java:711)
	at shaded.com.google.common.util.concurrent.Futures$ChainingListenableFuture.run(Futures.java:849)
	at java.util.concurrent.ThreadPoolExecutor.runWorker(ThreadPoolExecutor.java:1145)
	at java.util.concurrent.ThreadPoolExecutor$Worker.run(ThreadPoolExecutor.java:615)
	at java.lang.Thread.run(Thread.java:744)

may 09, 2014 11:43:40 PM Información org.jclouds.logging.jdk.JDKLogger logInfo
>> destroying node(DFW/4acc0220-af9e-4e23-bd16-5cafcc669ed8)
may 09, 2014 11:44:11 PM Información org.jclouds.logging.jdk.JDKLogger logInfo
<< destroyed node(DFW/4acc0220-af9e-4e23-bd16-5cafcc669ed8) success(false)
may 09, 2014 11:44:22 PM Advertencia org.eclipse.jetty.util.log.JavaUtilLog warn
Error while serving http://localhost:8090/cloud/rackspace-server-nube/provision
java.lang.reflect.InvocationTargetException
	at sun.reflect.NativeMethodAccessorImpl.invoke0(Native Method)
	at sun.reflect.NativeMethodAccessorImpl.invoke(NativeMethodAccessorImpl.java:57)
	at sun.reflect.DelegatingMethodAccessorImpl.invoke(DelegatingMethodAccessorImpl.java:43)
	at java.lang.reflect.Method.invoke(Method.java:606)
	at org.kohsuke.stapler.Function$InstanceFunction.invoke(Function.java:298)
	at org.kohsuke.stapler.Function.bindAndInvoke(Function.java:161)
	at org.kohsuke.stapler.Function.bindAndInvokeAndServeResponse(Function.java:96)
	at org.kohsuke.stapler.MetaClass$1.doDispatch(MetaClass.java:120)
	at org.kohsuke.stapler.NameBasedDispatcher.dispatch(NameBasedDispatcher.java:53)
	at org.kohsuke.stapler.Stapler.tryInvoke(Stapler.java:728)
	at org.kohsuke.stapler.Stapler.invoke(Stapler.java:858)
	at org.kohsuke.stapler.MetaClass$6.doDispatch(MetaClass.java:248)
	at org.kohsuke.stapler.NameBasedDispatcher.dispatch(NameBasedDispatcher.java:53)
	at org.kohsuke.stapler.Stapler.tryInvoke(Stapler.java:728)
	at org.kohsuke.stapler.Stapler.invoke(Stapler.java:858)
	at org.kohsuke.stapler.Stapler.invoke(Stapler.java:631)
	at org.kohsuke.stapler.Stapler.service(Stapler.java:225)
	at javax.servlet.http.HttpServlet.service(HttpServlet.java:848)
	at org.eclipse.jetty.servlet.ServletHolder.handle(ServletHolder.java:686)
	at org.eclipse.jetty.servlet.ServletHandler$CachedChain.doFilter(ServletHandler.java:1494)
	at hudson.util.PluginServletFilter$1.doFilter(PluginServletFilter.java:96)
	at hudson.util.PluginServletFilter.doFilter(PluginServletFilter.java:88)
	at org.eclipse.jetty.servlet.ServletHandler$CachedChain.doFilter(ServletHandler.java:1482)
	at hudson.security.csrf.CrumbFilter.doFilter(CrumbFilter.java:85)
	at org.eclipse.jetty.servlet.ServletHandler$CachedChain.doFilter(ServletHandler.java:1482)
	at hudson.security.ChainedServletFilter$1.doFilter(ChainedServletFilter.java:84)
	at hudson.security.UnwrapSecurityExceptionFilter.doFilter(UnwrapSecurityExceptionFilter.java:51)
	at hudson.security.ChainedServletFilter$1.doFilter(ChainedServletFilter.java:87)
	at jenkins.security.ExceptionTranslationFilter.doFilter(ExceptionTranslationFilter.java:117)
	at hudson.security.ChainedServletFilter$1.doFilter(ChainedServletFilter.java:87)
	at org.acegisecurity.providers.anonymous.AnonymousProcessingFilter.doFilter(AnonymousProcessingFilter.java:125)
	at hudson.security.ChainedServletFilter$1.doFilter(ChainedServletFilter.java:87)
	at org.acegisecurity.ui.rememberme.RememberMeProcessingFilter.doFilter(RememberMeProcessingFilter.java:142)
	at hudson.security.ChainedServletFilter$1.doFilter(ChainedServletFilter.java:87)
	at org.acegisecurity.ui.AbstractProcessingFilter.doFilter(AbstractProcessingFilter.java:271)
	at hudson.security.ChainedServletFilter$1.doFilter(ChainedServletFilter.java:87)
	at org.acegisecurity.ui.basicauth.BasicProcessingFilter.doFilter(BasicProcessingFilter.java:174)
	at hudson.security.ChainedServletFilter$1.doFilter(ChainedServletFilter.java:87)
	at jenkins.security.ApiTokenFilter.doFilter(ApiTokenFilter.java:74)
	at hudson.security.ChainedServletFilter$1.doFilter(ChainedServletFilter.java:87)
	at org.acegisecurity.context.HttpSessionContextIntegrationFilter.doFilter(HttpSessionContextIntegrationFilter.java:249)
	at hudson.security.HttpSessionContextIntegrationFilter2.doFilter(HttpSessionContextIntegrationFilter2.java:67)
	at hudson.security.ChainedServletFilter$1.doFilter(ChainedServletFilter.java:87)
	at hudson.security.ChainedServletFilter.doFilter(ChainedServletFilter.java:76)
	at hudson.security.HudsonFilter.doFilter(HudsonFilter.java:164)
	at org.eclipse.jetty.servlet.ServletHandler$CachedChain.doFilter(ServletHandler.java:1482)
	at org.kohsuke.stapler.compression.CompressionFilter.doFilter(CompressionFilter.java:46)
	at org.eclipse.jetty.servlet.ServletHandler$CachedChain.doFilter(ServletHandler.java:1482)
	at hudson.util.CharacterEncodingFilter.doFilter(CharacterEncodingFilter.java:81)
	at org.eclipse.jetty.servlet.ServletHandler$CachedChain.doFilter(ServletHandler.java:1474)
	at org.eclipse.jetty.servlet.ServletHandler.doHandle(ServletHandler.java:499)
	at org.eclipse.jetty.server.handler.ScopedHandler.handle(ScopedHandler.java:137)
	at org.eclipse.jetty.security.SecurityHandler.handle(SecurityHandler.java:533)
	at org.eclipse.jetty.server.session.SessionHandler.doHandle(SessionHandler.java:231)
	at org.eclipse.jetty.server.handler.ContextHandler.doHandle(ContextHandler.java:1086)
	at org.eclipse.jetty.servlet.ServletHandler.doScope(ServletHandler.java:428)
	at org.eclipse.jetty.server.session.SessionHandler.doScope(SessionHandler.java:193)
	at org.eclipse.jetty.server.handler.ContextHandler.doScope(ContextHandler.java:1020)
	at org.eclipse.jetty.server.handler.ScopedHandler.handle(ScopedHandler.java:135)
	at org.eclipse.jetty.server.handler.HandlerWrapper.handle(HandlerWrapper.java:116)
	at org.eclipse.jetty.server.Server.handle(Server.java:370)
	at org.eclipse.jetty.server.AbstractHttpConnection.handleRequest(AbstractHttpConnection.java:489)
	at org.eclipse.jetty.server.AbstractHttpConnection.content(AbstractHttpConnection.java:960)
	at org.eclipse.jetty.server.AbstractHttpConnection$RequestHandler.content(AbstractHttpConnection.java:1021)
	at org.eclipse.jetty.http.HttpParser.parseNext(HttpParser.java:865)
	at org.eclipse.jetty.http.HttpParser.parseAvailable(HttpParser.java:240)
	at org.eclipse.jetty.server.AsyncHttpConnection.handle(AsyncHttpConnection.java:82)
	at org.eclipse.jetty.io.nio.SelectChannelEndPoint.handle(SelectChannelEndPoint.java:668)
	at org.eclipse.jetty.io.nio.SelectChannelEndPoint$1.run(SelectChannelEndPoint.java:52)
	at winstone.BoundedExecutorService$1.run(BoundedExecutorService.java:77)
	at java.util.concurrent.ThreadPoolExecutor.runWorker(ThreadPoolExecutor.java:1145)
	at java.util.concurrent.ThreadPoolExecutor$Worker.run(ThreadPoolExecutor.java:615)
	at java.lang.Thread.run(Thread.java:744)
Caused by: java.lang.RuntimeException: org.jclouds.compute.RunNodesException: error running 1 node group(windows2008-builder) location(DFW) image(121e5e59-4e25-41da-a84a-45d4be081fda) size(performance1-2) options({scriptPresent=true, userMetadata={Name=windows2008-builder}, autoAssignFloatingIp=false, userData=[B@259bca2a})
Execution failures:

0 error[s]
Node failures:

1) IllegalStateException on node DFW/4acc0220-af9e-4e23-bd16-5cafcc669ed8:
java.lang.IllegalStateException: node(DFW/4acc0220-af9e-4e23-bd16-5cafcc669ed8) didn't achieve the status running; aborting after 600 seconds with final status: PENDING
	at org.jclouds.compute.functions.PollNodeRunning.apply(PollNodeRunning.java:72)
	at org.jclouds.compute.functions.PollNodeRunning.apply(PollNodeRunning.java:45)
	at org.jclouds.compute.strategy.CustomizeNodeAndAddToGoodMapOrPutExceptionIntoBadMap.call(CustomizeNodeAndAddToGoodMapOrPutExceptionIntoBadMap.java:121)
	at org.jclouds.compute.strategy.CustomizeNodeAndAddToGoodMapOrPutExceptionIntoBadMap.apply(CustomizeNodeAndAddToGoodMapOrPutExceptionIntoBadMap.java:146)
	at org.jclouds.compute.strategy.CustomizeNodeAndAddToGoodMapOrPutExceptionIntoBadMap.apply(CustomizeNodeAndAddToGoodMapOrPutExceptionIntoBadMap.java:53)
	at shaded.com.google.common.util.concurrent.Futures$1.apply(Futures.java:711)
	at shaded.com.google.common.util.concurrent.Futures$ChainingListenableFuture.run(Futures.java:849)
	at java.util.concurrent.ThreadPoolExecutor.runWorker(ThreadPoolExecutor.java:1145)
	at java.util.concurrent.ThreadPoolExecutor$Worker.run(ThreadPoolExecutor.java:615)
	at java.lang.Thread.run(Thread.java:744)


1 error[s]
	at shaded.com.google.common.base.Throwables.propagate(Throwables.java:160)
	at jenkins.plugins.jclouds.compute.JCloudsSlaveTemplate.destroyBadNodesAndPropagate(JCloudsSlaveTemplate.java:335)
	at jenkins.plugins.jclouds.compute.JCloudsSlaveTemplate.get(JCloudsSlaveTemplate.java:324)
	at jenkins.plugins.jclouds.compute.JCloudsSlaveTemplate.provisionSlave(JCloudsSlaveTemplate.java:183)
	at jenkins.plugins.jclouds.compute.JCloudsCloud.doProvision(JCloudsCloud.java:281)
	... 73 more
Caused by: org.jclouds.compute.RunNodesException: error running 1 node group(windows2008-builder) location(DFW) image(121e5e59-4e25-41da-a84a-45d4be081fda) size(performance1-2) options({scriptPresent=true, userMetadata={Name=windows2008-builder}, autoAssignFloatingIp=false, userData=[B@259bca2a})
Execution failures:

0 error[s]
Node failures:

1) IllegalStateException on node DFW/4acc0220-af9e-4e23-bd16-5cafcc669ed8:
java.lang.IllegalStateException: node(DFW/4acc0220-af9e-4e23-bd16-5cafcc669ed8) didn't achieve the status running; aborting after 600 seconds with final status: PENDING
	at org.jclouds.compute.functions.PollNodeRunning.apply(PollNodeRunning.java:72)
	at org.jclouds.compute.functions.PollNodeRunning.apply(PollNodeRunning.java:45)
	at org.jclouds.compute.strategy.CustomizeNodeAndAddToGoodMapOrPutExceptionIntoBadMap.call(CustomizeNodeAndAddToGoodMapOrPutExceptionIntoBadMap.java:121)
	at org.jclouds.compute.strategy.CustomizeNodeAndAddToGoodMapOrPutExceptionIntoBadMap.apply(CustomizeNodeAndAddToGoodMapOrPutExceptionIntoBadMap.java:146)
	at org.jclouds.compute.strategy.CustomizeNodeAndAddToGoodMapOrPutExceptionIntoBadMap.apply(CustomizeNodeAndAddToGoodMapOrPutExceptionIntoBadMap.java:53)
	at shaded.com.google.common.util.concurrent.Futures$1.apply(Futures.java:711)
	at shaded.com.google.common.util.concurrent.Futures$ChainingListenableFuture.run(Futures.java:849)
	at java.util.concurrent.ThreadPoolExecutor.runWorker(ThreadPoolExecutor.java:1145)
	at java.util.concurrent.ThreadPoolExecutor$Worker.run(ThreadPoolExecutor.java:615)
	at java.lang.Thread.run(Thread.java:744)


1 error[s]
	at org.jclouds.compute.internal.BaseComputeService.createNodesInGroup(BaseComputeService.java:227)
	at sun.reflect.NativeMethodAccessorImpl.invoke0(Native Method)
	at sun.reflect.NativeMethodAccessorImpl.invoke(NativeMethodAccessorImpl.java:57)
	at sun.reflect.DelegatingMethodAccessorImpl.invoke(DelegatingMethodAccessorImpl.java:43)
	at java.lang.reflect.Method.invoke(Method.java:606)
	at com.google.inject.internal.DelegatingInvocationHandler.invoke(DelegatingInvocationHandler.java:40)
	at com.sun.proxy.$Proxy118.createNodesInGroup(Unknown Source)
	at jenkins.plugins.jclouds.compute.JCloudsSlaveTemplate.get(JCloudsSlaveTemplate.java:322)
	... 75 more

may 09, 2014 11:45:57 PM Información hudson.model.AsyncPeriodicWork$1 run
Started JClouds slave cleanup
