[Winstone 2009/05/07 10:33:36] - Untrapped Error in Servlet
org.apache.commons.jelly.JellyTagException: jar:file:/export/ciBuilder/Hudson/war/WEB-INF/lib/hudson-core-1.303.jar!/lib/hudson/project/config-buildWrappers.jelly:29:71: <j:set> hudson/maven/MavenModuleSet
	at org.apache.commons.jelly.impl.TagScript.handleException(TagScript.java:713)
	at org.apache.commons.jelly.impl.TagScript.run(TagScript.java:282)
	at org.apache.commons.jelly.impl.ScriptBlock.run(ScriptBlock.java:95)
	at org.apache.commons.jelly.TagSupport.invokeBody(TagSupport.java:186)
	at org.apache.commons.jelly.tags.core.JellyTag.doTag(JellyTag.java:45)
	at org.apache.commons.jelly.impl.TagScript.run(TagScript.java:262)
	at org.apache.commons.jelly.impl.DynamicTag.doTag(DynamicTag.java:81)
	at org.apache.commons.jelly.impl.TagScript.run(TagScript.java:262)
	at org.apache.commons.jelly.impl.ScriptBlock.run(ScriptBlock.java:95)
	at org.apache.commons.jelly.TagSupport.invokeBody(TagSupport.java:186)
	at org.apache.commons.jelly.tags.core.JellyTag.doTag(JellyTag.java:45)
	at org.apache.commons.jelly.impl.TagScript.run(TagScript.java:262)
	at org.kohsuke.stapler.jelly.IncludeTag.doTag(IncludeTag.java:114)
	at org.apache.commons.jelly.impl.TagScript.run(TagScript.java:262)
	at org.apache.commons.jelly.impl.ScriptBlock.run(ScriptBlock.java:95)
	at org.kohsuke.stapler.jelly.CustomTagLibrary$StaplerDynamicTag$1.run(CustomTagLibrary.java:147)
	at org.apache.commons.jelly.tags.define.InvokeBodyTag.doTag(InvokeBodyTag.java:91)
	at org.apache.commons.jelly.impl.TagScript.run(TagScript.java:262)
	at org.apache.commons.jelly.impl.ScriptBlock.run(ScriptBlock.java:95)
	at org.apache.commons.jelly.TagSupport.invokeBody(TagSupport.java:186)
	at org.apache.commons.jelly.impl.StaticTag.doTag(StaticTag.java:65)
	at org.apache.commons.jelly.impl.StaticTagScript.run(StaticTagScript.java:112)
	at org.apache.commons.jelly.impl.ScriptBlock.run(ScriptBlock.java:95)
	at org.apache.commons.jelly.TagSupport.invokeBody(TagSupport.java:186)
	at org.apache.commons.jelly.impl.StaticTag.doTag(StaticTag.java:65)
	at org.apache.commons.jelly.impl.StaticTagScript.run(StaticTagScript.java:112)
	at org.apache.commons.jelly.impl.ScriptBlock.run(ScriptBlock.java:95)
	at org.apache.commons.jelly.TagSupport.invokeBody(TagSupport.java:186)
	at org.apache.commons.jelly.tags.core.JellyTag.doTag(JellyTag.java:45)
	at org.apache.commons.jelly.impl.TagScript.run(TagScript.java:262)
	at org.apache.commons.jelly.impl.DynamicTag.doTag(DynamicTag.java:81)
	at org.apache.commons.jelly.impl.TagScript.run(TagScript.java:262)
	at org.apache.commons.jelly.impl.ScriptBlock.run(ScriptBlock.java:95)
	at org.kohsuke.stapler.jelly.CustomTagLibrary$StaplerDynamicTag$1.run(CustomTagLibrary.java:147)
	at org.apache.commons.jelly.tags.define.InvokeBodyTag.doTag(InvokeBodyTag.java:91)
	at org.apache.commons.jelly.impl.TagScript.run(TagScript.java:262)
	at org.apache.commons.jelly.impl.ScriptBlock.run(ScriptBlock.java:95)
	at org.apache.commons.jelly.TagSupport.invokeBody(TagSupport.java:186)
	at org.apache.commons.jelly.tags.core.IfTag.doTag(IfTag.java:42)
	at org.apache.commons.jelly.impl.TagScript.run(TagScript.java:262)
	at org.apache.commons.jelly.impl.ScriptBlock.run(ScriptBlock.java:95)
	at org.apache.commons.jelly.TagSupport.invokeBody(TagSupport.java:186)
	at org.apache.commons.jelly.tags.core.JellyTag.doTag(JellyTag.java:45)
	at org.apache.commons.jelly.impl.TagScript.run(TagScript.java:262)
	at org.apache.commons.jelly.impl.DynamicTag.doTag(DynamicTag.java:81)
	at org.apache.commons.jelly.impl.TagScript.run(TagScript.java:262)
	at org.apache.commons.jelly.impl.ScriptBlock.run(ScriptBlock.java:95)
	at org.kohsuke.stapler.jelly.CustomTagLibrary$StaplerDynamicTag$1.run(CustomTagLibrary.java:147)
	at org.apache.commons.jelly.tags.define.InvokeBodyTag.doTag(InvokeBodyTag.java:91)
	at org.apache.commons.jelly.impl.TagScript.run(TagScript.java:262)
	at org.apache.commons.jelly.impl.ScriptBlock.run(ScriptBlock.java:95)
	at org.apache.commons.jelly.TagSupport.invokeBody(TagSupport.java:186)
	at org.apache.commons.jelly.impl.StaticTag.doTag(StaticTag.java:65)
	at org.apache.commons.jelly.impl.StaticTagScript.run(StaticTagScript.java:112)
	at org.apache.commons.jelly.impl.ScriptBlock.run(ScriptBlock.java:95)
	at org.apache.commons.jelly.TagSupport.invokeBody(TagSupport.java:186)
	at org.apache.commons.jelly.impl.StaticTag.doTag(StaticTag.java:65)
	at org.apache.commons.jelly.impl.StaticTagScript.run(StaticTagScript.java:112)
	at org.apache.commons.jelly.impl.ScriptBlock.run(ScriptBlock.java:95)
	at org.apache.commons.jelly.TagSupport.invokeBody(TagSupport.java:186)
	at org.apache.commons.jelly.impl.StaticTag.doTag(StaticTag.java:65)
	at org.apache.commons.jelly.impl.StaticTagScript.run(StaticTagScript.java:112)
	at org.apache.commons.jelly.impl.ScriptBlock.run(ScriptBlock.java:95)
	at org.apache.commons.jelly.TagSupport.invokeBody(TagSupport.java:186)
	at org.apache.commons.jelly.impl.StaticTag.doTag(StaticTag.java:65)
	at org.apache.commons.jelly.impl.StaticTagScript.run(StaticTagScript.java:112)
	at org.apache.commons.jelly.impl.ScriptBlock.run(ScriptBlock.java:95)
	at org.apache.commons.jelly.TagSupport.invokeBody(TagSupport.java:186)
	at org.apache.commons.jelly.impl.StaticTag.doTag(StaticTag.java:65)
	at org.apache.commons.jelly.impl.StaticTagScript.run(StaticTagScript.java:112)
	at org.apache.commons.jelly.impl.ScriptBlock.run(ScriptBlock.java:95)
	at org.apache.commons.jelly.TagSupport.invokeBody(TagSupport.java:186)
	at org.apache.commons.jelly.tags.core.JellyTag.doTag(JellyTag.java:45)
	at org.apache.commons.jelly.impl.TagScript.run(TagScript.java:262)
	at org.apache.commons.jelly.impl.DynamicTag.doTag(DynamicTag.java:81)
	at org.apache.commons.jelly.impl.TagScript.run(TagScript.java:262)
	at org.apache.commons.jelly.impl.ScriptBlock.run(ScriptBlock.java:95)
	at org.apache.commons.jelly.TagSupport.invokeBody(TagSupport.java:186)
	at org.apache.commons.jelly.tags.core.JellyTag.doTag(JellyTag.java:45)
	at org.apache.commons.jelly.impl.TagScript.run(TagScript.java:262)
	at org.kohsuke.stapler.jelly.DefaultScriptInvoker.invokeScript(DefaultScriptInvoker.java:29)
	at org.kohsuke.stapler.jelly.JellyFacet$1.dispatch(JellyFacet.java:51)
	at org.kohsuke.stapler.Stapler.invoke(Stapler.java:486)
	at org.kohsuke.stapler.MetaClass$6.doDispatch(MetaClass.java:186)
	at org.kohsuke.stapler.NameBasedDispatcher.dispatch(NameBasedDispatcher.java:30)
	at org.kohsuke.stapler.Stapler.invoke(Stapler.java:486)
	at org.kohsuke.stapler.Stapler.invoke(Stapler.java:404)
	at org.kohsuke.stapler.Stapler.service(Stapler.java:117)
	at javax.servlet.http.HttpServlet.service(HttpServlet.java:45)
	at winstone.ServletConfiguration.execute(ServletConfiguration.java:249)
	at winstone.RequestDispatcher.forward(RequestDispatcher.java:335)
	at winstone.RequestDispatcher.doFilter(RequestDispatcher.java:378)
	at hudson.util.PluginServletFilter$1.doFilter(PluginServletFilter.java:91)
	at hudson.util.PluginServletFilter.doFilter(PluginServletFilter.java:83)
	at winstone.FilterConfiguration.execute(FilterConfiguration.java:195)
	at winstone.RequestDispatcher.doFilter(RequestDispatcher.java:368)
	at hudson.security.ChainedServletFilter$1.doFilter(ChainedServletFilter.java:84)
	at hudson.plugins.audit_trail.AuditTrailFilter.doFilter(AuditTrailFilter.java:35)
	at hudson.security.ChainedServletFilter$1.doFilter(ChainedServletFilter.java:87)
	at hudson.security.ChainedServletFilter$1.doFilter(ChainedServletFilter.java:84)
	at hudson.security.UnwrapSecurityExceptionFilter.doFilter(UnwrapSecurityExceptionFilter.java:51)
	at hudson.security.ChainedServletFilter$1.doFilter(ChainedServletFilter.java:87)
	at org.acegisecurity.ui.ExceptionTranslationFilter.doFilter(ExceptionTranslationFilter.java:166)
	at hudson.security.ChainedServletFilter$1.doFilter(ChainedServletFilter.java:87)
	at org.acegisecurity.providers.anonymous.AnonymousProcessingFilter.doFilter(AnonymousProcessingFilter.java:125)
	at hudson.security.ChainedServletFilter$1.doFilter(ChainedServletFilter.java:87)
	at org.acegisecurity.ui.rememberme.RememberMeProcessingFilter.doFilter(RememberMeProcessingFilter.java:142)
	at hudson.security.ChainedServletFilter$1.doFilter(ChainedServletFilter.java:87)
	at org.acegisecurity.ui.AbstractProcessingFilter.doFilter(AbstractProcessingFilter.java:271)
	at hudson.security.ChainedServletFilter$1.doFilter(ChainedServletFilter.java:87)
	at org.acegisecurity.ui.basicauth.BasicProcessingFilter.doFilter(BasicProcessingFilter.java:173)
	at hudson.security.ChainedServletFilter$1.doFilter(ChainedServletFilter.java:87)
	at org.acegisecurity.context.HttpSessionContextIntegrationFilter.doFilter(HttpSessionContextIntegrationFilter.java:249)
	at hudson.security.HttpSessionContextIntegrationFilter2.doFilter(HttpSessionContextIntegrationFilter2.java:66)
	at hudson.security.ChainedServletFilter$1.doFilter(ChainedServletFilter.java:87)
	at hudson.security.ChainedServletFilter.doFilter(ChainedServletFilter.java:76)
	at hudson.security.ChainedServletFilter$1.doFilter(ChainedServletFilter.java:87)
	at hudson.security.ChainedServletFilter.doFilter(ChainedServletFilter.java:76)
	at hudson.security.HudsonFilter.doFilter(HudsonFilter.java:155)
	at winstone.FilterConfiguration.execute(FilterConfiguration.java:195)
	at winstone.RequestDispatcher.doFilter(RequestDispatcher.java:368)
	at winstone.RequestDispatcher.forward(RequestDispatcher.java:333)
	at winstone.RequestHandlerThread.processRequest(RequestHandlerThread.java:244)
	at winstone.RequestHandlerThread.run(RequestHandlerThread.java:150)
	at java.lang.Thread.run(Thread.java:619)
Caused by: java.lang.NoClassDefFoundError: hudson/maven/MavenModuleSet
	at hudson.plugins.release.ReleaseWrapper$DescriptorImpl.isApplicable(ReleaseWrapper.java:187)
	at hudson.tasks.BuildWrappers.getFor(BuildWrappers.java:65)
	at hudson.Functions.getBuildWrapperDescriptors(Functions.java:600)
	at sun.reflect.NativeMethodAccessorImpl.invoke0(Native Method)
	at sun.reflect.NativeMethodAccessorImpl.invoke(NativeMethodAccessorImpl.java:39)
	at sun.reflect.DelegatingMethodAccessorImpl.invoke(DelegatingMethodAccessorImpl.java:25)
	at java.lang.reflect.Method.invoke(Method.java:597)
	at org.apache.commons.jexl.util.introspection.UberspectImpl$VelMethodImpl.invoke(UberspectImpl.java:258)
	at org.apache.commons.jexl.parser.ASTMethod.execute(ASTMethod.java:104)
	at org.apache.commons.jexl.parser.ASTReference.execute(ASTReference.java:83)
	at org.apache.commons.jexl.parser.ASTReference.value(ASTReference.java:57)
	at org.apache.commons.jexl.parser.ASTReferenceExpression.value(ASTReferenceExpression.java:51)
	at org.apache.commons.jexl.ExpressionImpl.evaluate(ExpressionImpl.java:80)
	at hudson.ExpressionFactory2$JexlExpression.evaluate(ExpressionFactory2.java:71)
	at org.apache.commons.jelly.tags.core.SetTag.doTag(SetTag.java:84)
	at org.apache.commons.jelly.impl.TagScript.run(TagScript.java:262)
	... 123 more

javax.servlet.ServletException: jar:file:/export/ciBuilder/Hudson/war/WEB-INF/lib/hudson-core-1.303.jar!/lib/hudson/project/config-buildWrappers.jelly:29:71: <j:set> hudson/maven/MavenModuleSet
	at org.kohsuke.stapler.jelly.JellyFacet$1.dispatch(JellyFacet.java:59)
	at org.kohsuke.stapler.Stapler.invoke(Stapler.java:486)
	at org.kohsuke.stapler.MetaClass$6.doDispatch(MetaClass.java:186)
	at org.kohsuke.stapler.NameBasedDispatcher.dispatch(NameBasedDispatcher.java:30)
	at org.kohsuke.stapler.Stapler.invoke(Stapler.java:486)
	at org.kohsuke.stapler.Stapler.invoke(Stapler.java:404)
	at org.kohsuke.stapler.Stapler.service(Stapler.java:117)
	at javax.servlet.http.HttpServlet.service(HttpServlet.java:45)
	at winstone.ServletConfiguration.execute(ServletConfiguration.java:249)
	at winstone.RequestDispatcher.forward(RequestDispatcher.java:335)
	at winstone.RequestDispatcher.doFilter(RequestDispatcher.java:378)
	at hudson.util.PluginServletFilter$1.doFilter(PluginServletFilter.java:91)
	at hudson.util.PluginServletFilter.doFilter(PluginServletFilter.java:83)
	at winstone.FilterConfiguration.execute(FilterConfiguration.java:195)
	at winstone.RequestDispatcher.doFilter(RequestDispatcher.java:368)
	at hudson.security.ChainedServletFilter$1.doFilter(ChainedServletFilter.java:84)
	at hudson.plugins.audit_trail.AuditTrailFilter.doFilter(AuditTrailFilter.java:35)
	at hudson.security.ChainedServletFilter$1.doFilter(ChainedServletFilter.java:87)
	at hudson.security.ChainedServletFilter$1.doFilter(ChainedServletFilter.java:84)
	at hudson.security.UnwrapSecurityExceptionFilter.doFilter(UnwrapSecurityExceptionFilter.java:51)
	at hudson.security.ChainedServletFilter$1.doFilter(ChainedServletFilter.java:87)
	at org.acegisecurity.ui.ExceptionTranslationFilter.doFilter(ExceptionTranslationFilter.java:166)
	at hudson.security.ChainedServletFilter$1.doFilter(ChainedServletFilter.java:87)
	at org.acegisecurity.providers.anonymous.AnonymousProcessingFilter.doFilter(AnonymousProcessingFilter.java:125)
	at hudson.security.ChainedServletFilter$1.doFilter(ChainedServletFilter.java:87)
	at org.acegisecurity.ui.rememberme.RememberMeProcessingFilter.doFilter(RememberMeProcessingFilter.java:142)
	at hudson.security.ChainedServletFilter$1.doFilter(ChainedServletFilter.java:87)
	at org.acegisecurity.ui.AbstractProcessingFilter.doFilter(AbstractProcessingFilter.java:271)
	at hudson.security.ChainedServletFilter$1.doFilter(ChainedServletFilter.java:87)
	at org.acegisecurity.ui.basicauth.BasicProcessingFilter.doFilter(BasicProcessingFilter.java:173)
	at hudson.security.ChainedServletFilter$1.doFilter(ChainedServletFilter.java:87)
	at org.acegisecurity.context.HttpSessionContextIntegrationFilter.doFilter(HttpSessionContextIntegrationFilter.java:249)
	at hudson.security.HttpSessionContextIntegrationFilter2.doFilter(HttpSessionContextIntegrationFilter2.java:66)
	at hudson.security.ChainedServletFilter$1.doFilter(ChainedServletFilter.java:87)
	at hudson.security.ChainedServletFilter.doFilter(ChainedServletFilter.java:76)
	at hudson.security.ChainedServletFilter$1.doFilter(ChainedServletFilter.java:87)
	at hudson.security.ChainedServletFilter.doFilter(ChainedServletFilter.java:76)
	at hudson.security.HudsonFilter.doFilter(HudsonFilter.java:155)
	at winstone.FilterConfiguration.execute(FilterConfiguration.java:195)
	at winstone.RequestDispatcher.doFilter(RequestDispatcher.java:368)
	at winstone.RequestDispatcher.forward(RequestDispatcher.java:333)
	at winstone.RequestHandlerThread.processRequest(RequestHandlerThread.java:244)
	at winstone.RequestHandlerThread.run(RequestHandlerThread.java:150)
	at java.lang.Thread.run(Thread.java:619)

May 7, 2009 11:10:02 AM hudson.plugins.disk_usage.DiskUsageThread doRun
INFO: Starting disk usage thread
