Started by user anonymous
[Pipeline] Execute in parallel : Start
[Pipeline] [0] parallel { (Branch: 0)
[Pipeline] [1] parallel { (Branch: 1)
[Pipeline] [2] parallel { (Branch: 2)
[Pipeline] [3] parallel { (Branch: 3)
[Pipeline] [4] parallel { (Branch: 4)
[Pipeline] [5] parallel { (Branch: 5)
[Pipeline] [6] parallel { (Branch: 6)
[Pipeline] [7] parallel { (Branch: 7)
[Pipeline] [8] parallel { (Branch: 8)
[Pipeline] [9] parallel { (Branch: 9)
[Pipeline] [0] Allocate node : Start
[0] Running on master in /var/lib/jenkins/jobs/us1777-pipeline-thing/workspace
[Pipeline] [1] Allocate node : Start
[Pipeline] [2] Allocate node : Start
[Pipeline] [3] Allocate node : Start
[Pipeline] [4] Allocate node : Start
[Pipeline] [5] Allocate node : Start
[Pipeline] [6] Allocate node : Start
[Pipeline] [7] Allocate node : Start
[Pipeline] [8] Allocate node : Start
[Pipeline] [9] Allocate node : Start
[Pipeline] [0] node {
[1] Running on master in /var/lib/jenkins/jobs/us1777-pipeline-thing/workspace
[Pipeline] [0] echo
[0] raised: groovy.lang.MissingMethodException: No signature of method: java.lang.Integer.call() is applicable for argument types: (org.jenkinsci.plugins.workflow.cps.CpsClosure2) values: [org.jenkinsci.plugins.workflow.cps.CpsClosure2@35c985b]
[0] Possible solutions: wait(), abs(), any(), wait(long), and(java.lang.Number), each(groovy.lang.Closure)
[Pipeline] } //node
[Pipeline] Allocate node : End
[Pipeline] [1] node {
[2] Running on master in /var/lib/jenkins/jobs/us1777-pipeline-thing/workspace
[Pipeline] } //parallel
[Pipeline] [1] echo
[1] raised: groovy.lang.MissingMethodException: No signature of method: java.lang.Integer.call() is applicable for argument types: (org.jenkinsci.plugins.workflow.cps.CpsClosure2) values: [org.jenkinsci.plugins.workflow.cps.CpsClosure2@16f151e8]
[1] Possible solutions: wait(), abs(), any(), wait(long), and(java.lang.Number), each(groovy.lang.Closure)
[Pipeline] } //node
[Pipeline] Allocate node : End
[Pipeline] [2] node {
[3] Running on master in /var/lib/jenkins/jobs/us1777-pipeline-thing/workspace
[Pipeline] } //parallel
[Pipeline] [2] echo
[2] raised: groovy.lang.MissingMethodException: No signature of method: java.lang.Integer.call() is applicable for argument types: (org.jenkinsci.plugins.workflow.cps.CpsClosure2) values: [org.jenkinsci.plugins.workflow.cps.CpsClosure2@5047ab22]
[2] Possible solutions: wait(), abs(), any(), wait(long), and(java.lang.Number), each(groovy.lang.Closure)
[Pipeline] } //node
[Pipeline] Allocate node : End
[Pipeline] [3] node {
[4] Running on master in /var/lib/jenkins/jobs/us1777-pipeline-thing/workspace
[Pipeline] } //parallel
[Pipeline] [3] echo
[3] raised: groovy.lang.MissingMethodException: No signature of method: java.lang.Integer.call() is applicable for argument types: (org.jenkinsci.plugins.workflow.cps.CpsClosure2) values: [org.jenkinsci.plugins.workflow.cps.CpsClosure2@191ed59e]
[3] Possible solutions: wait(), abs(), any(), wait(long), and(java.lang.Number), each(groovy.lang.Closure)
[Pipeline] } //node
[Pipeline] Allocate node : End
[Pipeline] [4] node {
[5] Running on master in /var/lib/jenkins/jobs/us1777-pipeline-thing/workspace
[Pipeline] } //parallel
[Pipeline] [4] echo
[4] raised: groovy.lang.MissingMethodException: No signature of method: java.lang.Integer.call() is applicable for argument types: (org.jenkinsci.plugins.workflow.cps.CpsClosure2) values: [org.jenkinsci.plugins.workflow.cps.CpsClosure2@5bcbcd0b]
[4] Possible solutions: wait(), abs(), any(), wait(long), and(java.lang.Number), each(groovy.lang.Closure)
[Pipeline] } //node
[Pipeline] Allocate node : End
[Pipeline] [5] node {
[6] Running on master in /var/lib/jenkins/jobs/us1777-pipeline-thing/workspace
[Pipeline] } //parallel
[Pipeline] [5] echo
[5] raised: groovy.lang.MissingMethodException: No signature of method: java.lang.Integer.call() is applicable for argument types: (org.jenkinsci.plugins.workflow.cps.CpsClosure2) values: [org.jenkinsci.plugins.workflow.cps.CpsClosure2@50ff6cc1]
[5] Possible solutions: wait(), abs(), any(), wait(long), and(java.lang.Number), each(groovy.lang.Closure)
[Pipeline] } //node
[Pipeline] Allocate node : End
[Pipeline] [6] node {
[7] Running on master in /var/lib/jenkins/jobs/us1777-pipeline-thing/workspace
[Pipeline] } //parallel
[Pipeline] [6] echo
[6] raised: groovy.lang.MissingMethodException: No signature of method: java.lang.Integer.call() is applicable for argument types: (org.jenkinsci.plugins.workflow.cps.CpsClosure2) values: [org.jenkinsci.plugins.workflow.cps.CpsClosure2@3846030f]
[6] Possible solutions: wait(), abs(), any(), wait(long), and(java.lang.Number), each(groovy.lang.Closure)
[Pipeline] } //node
[Pipeline] Allocate node : End
[Pipeline] [7] node {
[8] Running on master in /var/lib/jenkins/jobs/us1777-pipeline-thing/workspace
[Pipeline] } //parallel
[Pipeline] [7] echo
[7] raised: groovy.lang.MissingMethodException: No signature of method: java.lang.Integer.call() is applicable for argument types: (org.jenkinsci.plugins.workflow.cps.CpsClosure2) values: [org.jenkinsci.plugins.workflow.cps.CpsClosure2@100b3c74]
[7] Possible solutions: wait(), abs(), any(), wait(long), and(java.lang.Number), each(groovy.lang.Closure)
[Pipeline] } //node
[Pipeline] Allocate node : End
[Pipeline] [8] node {
[9] Running on master in /var/lib/jenkins/jobs/us1777-pipeline-thing/workspace
[Pipeline] } //parallel
[Pipeline] [8] echo
[8] raised: groovy.lang.MissingMethodException: No signature of method: java.lang.Integer.call() is applicable for argument types: (org.jenkinsci.plugins.workflow.cps.CpsClosure2) values: [org.jenkinsci.plugins.workflow.cps.CpsClosure2@3ad63cd4]
[8] Possible solutions: wait(), abs(), any(), wait(long), and(java.lang.Number), each(groovy.lang.Closure)
[Pipeline] } //node
[Pipeline] Allocate node : End
[Pipeline] [9] node {
[Pipeline] } //parallel
[Pipeline] [9] echo
[9] raised: groovy.lang.MissingMethodException: No signature of method: java.lang.Integer.call() is applicable for argument types: (org.jenkinsci.plugins.workflow.cps.CpsClosure2) values: [org.jenkinsci.plugins.workflow.cps.CpsClosure2@4005d065]
[9] Possible solutions: wait(), abs(), any(), wait(long), and(java.lang.Number), each(groovy.lang.Closure)
[Pipeline] } //node
[Pipeline] Allocate node : End
[Pipeline] } //parallel
Aborted by anonymous
Aborted by anonymous
Aborted by anonymous
Click here to forcibly terminate running steps
Click here to forcibly terminate running steps
Click here to forcibly terminate running steps
