Inbound agent connected from jenkins.windows.node/10.119.64.14:60807
Remoting version: 4.5
This is a Windows agent
Agent successfully connected and online
ERROR: ERROR: Failed to monitor for Free Swap Space
ERROR: Failed to monitor for Clock Difference
ERROR: Failed to monitor for Free Disk Space
ERROR: Failed to monitor for Free Temp Space
java.util.concurrent.TimeoutException
        at hudson.remoting.Request$1.get(Request.java:320)
        at hudson.remoting.Request$1.get(Request.java:239)
        at hudson.remoting.FutureAdapter.get(FutureAdapter.java:64)
        at hudson.node_monitors.AbstractAsyncNodeMonitorDescriptor.monitorDetailed(AbstractAsyncNodeMonitorDescriptor.java:114)
        at hudson.node_monitors.AbstractAsyncNodeMonitorDescriptor.monitor(AbstractAsyncNodeMonitorDescriptor.java:78)
        at hudson.node_monitors.AbstractNodeMonitorDescriptor$Record.run(AbstractNodeMonitorDescriptor.java:306)
java.util.concurrent.TimeoutException
        at hudson.remoting.Request$1.get(Request.java:320)
        at hudson.remoting.Request$1.get(Request.java:239)
        at hudson.remoting.FutureAdapter.get(FutureAdapter.java:64)
        at hudson.node_monitors.AbstractAsyncNodeMonitorDescriptor.monitorDetailed(AbstractAsyncNodeMonitorDescriptor.java:114)
        at hudson.node_monitors.AbstractAsyncNodeMonitorDescriptor.monitor(AbstractAsyncNodeMonitorDescriptor.java:78)
        at hudson.node_monitors.AbstractNodeMonitorDescriptor$Record.run(AbstractNodeMonitorDescriptor.java:306)
java.util.concurrent.TimeoutException
        at hudson.remoting.Request$1.get(Request.java:320)
        at hudson.remoting.Request$1.get(Request.java:239)
        at hudson.remoting.FutureAdapter.get(FutureAdapter.java:64)
        at hudson.node_monitors.AbstractAsyncNodeMonitorDescriptor.monitorDetailed(AbstractAsyncNodeMonitorDescriptor.java:114)
        at hudson.node_monitors.AbstractAsyncNodeMonitorDescriptor.monitor(AbstractAsyncNodeMonitorDescriptor.java:78)
        at hudson.node_monitors.AbstractNodeMonitorDescriptor$Record.run(AbstractNodeMonitorDescriptor.java:306)
ERROR: Failed to monitor for Response Time
Failed to monitor for Architecture
java.util.concurrent.TimeoutException
        at hudson.remoting.Request$1.get(Request.java:320)
        at hudson.remoting.Request$1.get(Request.java:239)
        at hudson.remoting.FutureAdapter.get(FutureAdapter.java:64)
        at hudson.node_monitors.AbstractAsyncNodeMonitorDescriptor.monitorDetailed(AbstractAsyncNodeMonitorDescriptor.java:114)
        at hudson.node_monitors.ResponseTimeMonitor$1.monitor(ResponseTimeMonitor.java:57)
        at hudson.node_monitors.AbstractNodeMonitorDescriptor$Record.run(AbstractNodeMonitorDescriptor.java:306)
java.util.concurrent.TimeoutException
        at hudson.remoting.Request$1.get(Request.java:320)
        at hudson.remoting.Request$1.get(Request.java:239)
        at hudson.remoting.FutureAdapter.get(FutureAdapter.java:64)
        at hudson.node_monitors.AbstractAsyncNodeMonitorDescriptor.monitorDetailed(AbstractAsyncNodeMonitorDescriptor.java:114)
        at hudson.node_monitors.AbstractAsyncNodeMonitorDescriptor.monitor(AbstractAsyncNodeMonitorDescriptor.java:78)
        at hudson.node_monitors.AbstractNodeMonitorDescriptor$Record.run(AbstractNodeMonitorDescriptor.java:306)
java.util.concurrent.TimeoutException
        at hudson.remoting.Request$1.get(Request.java:320)
        at hudson.remoting.Request$1.get(Request.java:239)
        at hudson.remoting.FutureAdapter.get(FutureAdapter.java:64)
        at hudson.node_monitors.AbstractAsyncNodeMonitorDescriptor.monitorDetailed(AbstractAsyncNodeMonitorDescriptor.java:114)
        at hudson.node_monitors.AbstractAsyncNodeMonitorDescriptor.monitor(AbstractAsyncNodeMonitorDescriptor.java:78)
        at hudson.node_monitors.AbstractNodeMonitorDescriptor$Record.run(AbstractNodeMonitorDescriptor.java:306)
ERROR: Connection terminated
java.nio.channels.ClosedChannelException
        at org.jenkinsci.remoting.protocol.impl.ChannelApplicationLayer.onReadClosed(ChannelApplicationLayer.java:209)
        at org.jenkinsci.remoting.protocol.ApplicationLayer.onRecvClosed(ApplicationLayer.java:221)
        at org.jenkinsci.remoting.protocol.ProtocolStack$Ptr.onRecvClosed(ProtocolStack.java:816)
        at org.jenkinsci.remoting.protocol.FilterLayer.onRecvClosed(FilterLayer.java:288)
        at org.jenkinsci.remoting.protocol.impl.SSLEngineFilterLayer.onRecvClosed(SSLEngineFilterLayer.java:181)
        at org.jenkinsci.remoting.protocol.impl.SSLEngineFilterLayer.switchToNoSecure(SSLEngineFilterLayer.java:283)
        at org.jenkinsci.remoting.protocol.impl.SSLEngineFilterLayer.processWrite(SSLEngineFilterLayer.java:503)
        at org.jenkinsci.remoting.protocol.impl.SSLEngineFilterLayer.processQueuedWrites(SSLEngineFilterLayer.java:248)
        at org.jenkinsci.remoting.protocol.impl.SSLEngineFilterLayer.doSend(SSLEngineFilterLayer.java:200)
        at org.jenkinsci.remoting.protocol.impl.SSLEngineFilterLayer.doCloseSend(SSLEngineFilterLayer.java:213)
        at org.jenkinsci.remoting.protocol.ProtocolStack$Ptr.doCloseSend(ProtocolStack.java:784)
        at org.jenkinsci.remoting.protocol.ApplicationLayer.doCloseWrite(ApplicationLayer.java:172)
        at org.jenkinsci.remoting.protocol.impl.ChannelApplicationLayer$ByteBufferCommandTransport.closeWrite(ChannelApplicationLayer.java:314)
        at hudson.remoting.Channel.close(Channel.java:1502)
        at hudson.remoting.Channel.close(Channel.java:1455)
        at hudson.slaves.SlaveComputer.closeChannel(SlaveComputer.java:874)
        at hudson.slaves.SlaveComputer.access$100(SlaveComputer.java:110)
        at hudson.slaves.SlaveComputer$2.run(SlaveComputer.java:765)
        at jenkins.util.ContextResettingExecutorService$1.run(ContextResettingExecutorService.java:28)
        at jenkins.security.ImpersonatingExecutorService$1.run(ImpersonatingExecutorService.java:59)
        at java.base/java.util.concurrent.Executors$RunnableAdapter.call(Executors.java:515)
        at java.base/java.util.concurrent.FutureTask.run(FutureTask.java:264)
        at java.base/java.util.concurrent.ThreadPoolExecutor.runWorker(ThreadPoolExecutor.java:1128)
        at java.base/java.util.concurrent.ThreadPoolExecutor$Worker.run(ThreadPoolExecutor.java:628)
        at java.base/java.lang.Thread.run(Thread.java:834)
