#
# A fatal error has been detected by the Java Runtime Environment:
#
#  SIGSEGV (0xb) at pc=0x005a879d, pid=2041, tid=2245806992
#
# JRE version: 6.0_20-b20
# Java VM: OpenJDK Server VM (19.0-b09 mixed mode linux-x86 )
# Derivative: IcedTea6 1.9.8
# Distribution: CentOS release 5.6 (Final), package rhel-1.22.1.9.8.el5_6-i386
# Problematic frame:
# C  [ld-linux.so.2+0x979d]
#
# If you would like to submit a bug report, please include
# instructions how to reproduce the bug and visit:
#   http://icedtea.classpath.org/bugzilla
# The crash happened outside the Java Virtual Machine in native code.
# See problematic frame for where to report the bug.
#

---------------  T H R E A D  ---------------

Current thread (0x09e7f400):  JavaThread "Finalizer" daemon [_thread_in_native, id=2049, stack(0x85d74000,0x85dc5000)]

siginfo:si_signo=SIGSEGV: si_errno=0, si_code=1 (SEGV_MAPERR), si_addr=0x0000004d

Registers:
EAX=0x00000049, EBX=0x005bafc0, ECX=0x8eb42b48, EDX=0x85dc323c
ESP=0x85dc31fc, EBP=0x85dc3270, ESI=0x09f4a7ac, EDI=0x8eb42cc8
EIP=0x005a879d, CR2=0x0000004d, EFLAGS=0x00010206

Register to memory mapping:

EAX=0x00000049
0x00000049 is pointing to unknown location

EBX=0x005bafc0
0x005bafc0: <offset 0x1bfc0> in /lib/ld-linux.so.2 at 0x0059f000

ECX=0x8eb42b48
java.util.Vector 
 - klass: 'java/util/Vector'

EDX=0x85dc323c
0x85dc323c is pointing into the stack for thread: 0x09e7f400
"Finalizer" daemon prio=10 tid=0x09e7f400 nid=0x801 runnable [0x85dc3000]
   java.lang.Thread.State: RUNNABLE

ESP=0x85dc31fc
0x85dc31fc is pointing into the stack for thread: 0x09e7f400
"Finalizer" daemon prio=10 tid=0x09e7f400 nid=0x801 runnable [0x85dc3000]
   java.lang.Thread.State: RUNNABLE

EBP=0x85dc3270
0x85dc3270 is pointing into the stack for thread: 0x09e7f400
"Finalizer" daemon prio=10 tid=0x09e7f400 nid=0x801 runnable [0x85dc3000]
   java.lang.Thread.State: RUNNABLE

ESI=0x09f4a7ac
0x09f4a7ac is pointing to unknown location

EDI=0x8eb42cc8
java.lang.String 
 - klass: 'java/lang/String'


Top of Stack: (sp=0x85dc31fc)
0x85dc31fc:   85dc3da8 85dc3d70 85dc3970 85dc3e50
0x85dc320c:   8eb42b48 85dc3e44 85dc39ac 85dc3970
0x85dc321c:   85dc323c 85dc3358 0f7d184d 00000003
0x85dc322c:   00ab411c 85dc32d0 85dc33d8 85dc32f8
0x85dc323c:   00000000 00000000 00000002 00266170
0x85dc324c:   00000000 8eb42b48 09df7f98 85dc3418
0x85dc325c:   00000000 00000000 005bafc0 0a0c5ea8
0x85dc326c:   85dc334c 85dc3368 005a8b17 00000000 

Instructions: (pc=0x005a879d)
0x005a878d:   89 4d 9c 85 ff 74 9d 8b 41 38 8b b9 7c 01 00 00
0x005a879d:   8b 40 04 85 ff 89 45 bc 8b 41 34 8b 40 04 89 7d 

Stack: [0x85d74000,0x85dc5000],  sp=0x85dc31fc,  free space=316k
Native frames: (J=compiled Java code, j=interpreted, Vv=VM code, C=native code)
C  [ld-linux.so.2+0x979d]
C  [ld-linux.so.2+0x9b17]
C  [libc.so.6+0x108bf0]
C  [libc.so.6+0x108f9a]  _dl_sym+0x1a
C  [libdl.so.2+0xe28]
C  [ld-linux.so.2+0xe036]
C  [libdl.so.2+0x12ec]
C  [libdl.so.2+0xdb3]  dlsym+0x63
C  [libhpi.so+0x4ac3]
V  [libjvm.so+0x41eed9]
C  [libjava.so+0xb570]  Java_java_lang_ClassLoader_00024NativeLibrary_find+0x80
j  java.lang.ClassLoader$NativeLibrary.find(Ljava/lang/String;)J+0
j  java.lang.ClassLoader.findNative(Ljava/lang/ClassLoader;Ljava/lang/String;)J+49
v  ~StubRoutines::call_stub
V  [libjvm.so+0x3c82f9]
V  [libjvm.so+0x599689]
V  [libjvm.so+0x3c72df]
V  [libjvm.so+0x3c774b]
V  [libjvm.so+0x3c7d42]
V  [libjvm.so+0x57d967]
V  [libjvm.so+0x57da86]
V  [libjvm.so+0x57de71]
V  [libjvm.so+0x57df53]
V  [libjvm.so+0x3bd655]
j  com.sun.jna.Native.close(J)V+0
j  com.sun.jna.NativeLibrary.dispose()V+141
j  com.sun.jna.NativeLibrary.finalize()V+1
v  ~StubRoutines::call_stub
V  [libjvm.so+0x3c82f9]
V  [libjvm.so+0x599689]
V  [libjvm.so+0x3c72df]
V  [libjvm.so+0x3d393d]
V  [libjvm.so+0x3f2cb1]
C  [libjava.so+0xbf0e]  Java_java_lang_ref_Finalizer_invokeFinalizeMethod+0x6e
j  java.lang.ref.Finalizer.invokeFinalizeMethod(Ljava/lang/Object;)V+0
j  java.lang.ref.Finalizer.runFinalizer()V+45
j  java.lang.ref.Finalizer.access$100(Ljava/lang/ref/Finalizer;)V+1
j  java.lang.ref.Finalizer$FinalizerThread.run()V+11
v  ~StubRoutines::call_stub
V  [libjvm.so+0x3c82f9]
V  [libjvm.so+0x599689]
V  [libjvm.so+0x3c72df]
V  [libjvm.so+0x3c73f4]
V  [libjvm.so+0x3c76d8]
V  [libjvm.so+0x420648]
V  [libjvm.so+0x69bb5c]
V  [libjvm.so+0x69bc3c]
V  [libjvm.so+0x59f878]
C  [libpthread.so.0+0x5832]

Java frames: (J=compiled Java code, j=interpreted, Vv=VM code)
j  java.lang.ClassLoader$NativeLibrary.find(Ljava/lang/String;)J+0
j  java.lang.ClassLoader.findNative(Ljava/lang/ClassLoader;Ljava/lang/String;)J+49
v  ~StubRoutines::call_stub
j  com.sun.jna.Native.close(J)V+0
j  com.sun.jna.NativeLibrary.dispose()V+141
j  com.sun.jna.NativeLibrary.finalize()V+1
v  ~StubRoutines::call_stub
j  java.lang.ref.Finalizer.invokeFinalizeMethod(Ljava/lang/Object;)V+0
j  java.lang.ref.Finalizer.runFinalizer()V+45
j  java.lang.ref.Finalizer.access$100(Ljava/lang/ref/Finalizer;)V+1
j  java.lang.ref.Finalizer$FinalizerThread.run()V+11
v  ~StubRoutines::call_stub

---------------  P R O C E S S  ---------------

Java Threads: ( => current thread )
  0x83a0fc00 JavaThread "Ping thread for channel hudson.remoting.Channel@1a8019f:Raman Build Slave 1" daemon [_thread_blocked, id=2618, stack(0x8234e000,0x8239f000)]
  0x0a046800 JavaThread "Ping thread for channel hudson.remoting.Channel@79ae24:ottdev52 (standby svn)" daemon [_thread_blocked, id=2617, stack(0x8239f000,0x823f0000)]
  0x0a7f4800 JavaThread "Computer.threadPoolForRemoting [#10]" daemon [_thread_blocked, id=2616, stack(0x823f0000,0x82441000)]
  0x833cb000 JavaThread "Channel reader thread: Raman Build Slave 1" daemon [_thread_blocked, id=2615, stack(0x82492000,0x824e3000)]
  0x0a7f0400 JavaThread "Computer.threadPoolForRemoting [#9]" daemon [_thread_blocked, id=2614, stack(0x82441000,0x82492000)]
  0x0adf1800 JavaThread "Computer.threadPoolForRemoting [#8]" daemon [_thread_blocked, id=2613, stack(0x824e3000,0x82534000)]
  0x09f04000 JavaThread "Channel reader thread: ottdev52 (standby svn)" daemon [_thread_blocked, id=2612, stack(0x82534000,0x82585000)]
  0x09f06c00 JavaThread "pump thread" daemon [_thread_blocked, id=2611, stack(0x82585000,0x825d6000)]
  0x09f08400 JavaThread "pump thread" daemon [_thread_blocked, id=2610, stack(0x825d6000,0x82627000)]
  0x0a5e6c00 JavaThread "Thread-11" daemon [_thread_in_native, id=2585, stack(0x82627000,0x82678000)]
  0x0a5e7400 JavaThread "Thread-12" daemon [_thread_in_native, id=2584, stack(0x82678000,0x826c9000)]
  0x0a480400 JavaThread "Thread-9" daemon [_thread_in_native, id=2583, stack(0x8513d000,0x8518e000)]
  0x84cebc00 JavaThread "Thread-10" daemon [_thread_in_native, id=2582, stack(0x826c9000,0x8271a000)]
  0x83ad5000 JavaThread "Computer.threadPoolForRemoting [#7]" daemon [_thread_blocked, id=2580, stack(0x8271a000,0x8276b000)]
  0x83922400 JavaThread "Computer.threadPoolForRemoting [#6]" daemon [_thread_blocked, id=2579, stack(0x8276b000,0x827bc000)]
  0x83a0ec00 JavaThread "Computer.threadPoolForRemoting [#5]" daemon [_thread_in_vm, id=2578, stack(0x827bc000,0x8280d000)]
  0x84ea8400 JavaThread "Computer.threadPoolForRemoting [#4] / waiting for hudson.remoting.Channel@79ae24:ottdev52 (standby svn)" daemon [_thread_blocked, id=2577, stack(0x8280d000,0x8285e000)]
  0x83752000 JavaThread "Computer.threadPoolForRemoting [#3] / waiting for hudson.remoting.Channel@1a8019f:Raman Build Slave 1" daemon [_thread_blocked, id=2576, stack(0x8285e000,0x828af000)]
  0x85048400 JavaThread "Computer.threadPoolForRemoting [#2]" daemon [_thread_blocked, id=2575, stack(0x840af000,0x84100000)]
  0x0a801400 JavaThread "JmDNS(aonbuild-ds-jdsu-net.local.).State.Timer" [_thread_blocked, id=2574, stack(0x8400d000,0x8405e000)]
  0x0a0d8800 JavaThread "JmDNS(aonbuild-ds-jdsu-net.local.).Timer" daemon [_thread_blocked, id=2573, stack(0x8440d000,0x8445e000)]
  0x0a0d6c00 JavaThread "SocketListener(aonbuild-ds-jdsu-net.local.)" daemon [_thread_in_native, id=2572, stack(0x8405e000,0x840af000)]
  0x83753800 JavaThread "Computer.threadPoolForRemoting [#1]" daemon [_thread_blocked, id=2571, stack(0x828af000,0x82900000)]
  0x84c15800 JavaThread "Jenkins UDP 33848 monitoring thread" [_thread_in_native, id=2570, stack(0x8360d000,0x8365e000)]
  0x850f8000 JavaThread "TCP slave agent listener port=0" [_thread_in_native, id=2569, stack(0x8365e000,0x836af000)]
  0x83ad8000 JavaThread "NioSocketAcceptor-1" [_thread_in_native, id=2568, stack(0x836af000,0x83700000)]
  0x85624000 JavaThread "ViewJob reload thread" daemon [_thread_blocked, id=2567, stack(0x83c4f000,0x83ca0000)]
  0x0a0dd400 JavaThread "jenkins.util.Timer [#10]" daemon [_thread_blocked, id=2566, stack(0x83f6b000,0x83fbc000)]
  0x0a250c00 JavaThread "jenkins.util.Timer [#9]" daemon [_thread_blocked, id=2565, stack(0x83fbc000,0x8400d000)]
  0x0a36c800 JavaThread "jenkins.util.Timer [#8]" daemon [_thread_blocked, id=2560, stack(0x8445e000,0x844af000)]
  0x0a36b400 JavaThread "jenkins.util.Timer [#7]" daemon [_thread_blocked, id=2559, stack(0x8450a000,0x8455b000)]
  0x0a252400 JavaThread "jenkins.util.Timer [#6]" daemon [_thread_blocked, id=2558, stack(0x8455b000,0x845ac000)]
  0x0a251400 JavaThread "jenkins.util.Timer [#5]" daemon [_thread_blocked, id=2557, stack(0x845ac000,0x845fd000)]
  0x0a262000 JavaThread "jenkins.util.Timer [#4]" daemon [_thread_blocked, id=2553, stack(0x845fd000,0x8464e000)]
  0x0a253c00 JavaThread "jenkins.util.Timer [#3]" daemon [_thread_blocked, id=2552, stack(0x844af000,0x84500000)]
  0x09f98400 JavaThread "RequestHandlerThread[#20]" daemon [_thread_blocked, id=2537, stack(0x8464e000,0x8469f000)]
  0x09f96800 JavaThread "RequestHandlerThread[#19]" daemon [_thread_blocked, id=2536, stack(0x8469f000,0x846f0000)]
  0x0a115400 JavaThread "RequestHandlerThread[#18]" daemon [_thread_blocked, id=2535, stack(0x846f0000,0x84741000)]
  0x0a07e400 JavaThread "RequestHandlerThread[#17]" daemon [_thread_blocked, id=2531, stack(0x84741000,0x84792000)]
  0x09f94800 JavaThread "RequestHandlerThread[#16]" daemon [_thread_blocked, id=2530, stack(0x84792000,0x847e3000)]
  0x09f93800 JavaThread "jenkins.util.Timer [#2]" daemon [_thread_blocked, id=2529, stack(0x847e3000,0x84834000)]
  0x0a125c00 JavaThread "RequestHandlerThread[#15]" daemon [_thread_blocked, id=2528, stack(0x84834000,0x84885000)]
  0x0a124000 JavaThread "RequestHandlerThread[#14]" daemon [_thread_blocked, id=2527, stack(0x84885000,0x848d6000)]
  0x0a122800 JavaThread "RequestHandlerThread[#13]" daemon [_thread_blocked, id=2526, stack(0x848d6000,0x84927000)]
  0x0a121000 JavaThread "RequestHandlerThread[#12]" daemon [_thread_blocked, id=2517, stack(0x84927000,0x84978000)]
  0x0a11f400 JavaThread "RequestHandlerThread[#11]" daemon [_thread_blocked, id=2516, stack(0x84978000,0x849c9000)]
  0x0a005400 JavaThread "RequestHandlerThread[#10]" daemon [_thread_blocked, id=2512, stack(0x849c9000,0x84a1a000)]
  0x0a003c00 JavaThread "RequestHandlerThread[#9]" daemon [_thread_blocked, id=2511, stack(0x84a1a000,0x84a6b000)]
  0x0a002400 JavaThread "RequestHandlerThread[#8]" daemon [_thread_blocked, id=2497, stack(0x84a6b000,0x84abc000)]
  0x0a000c00 JavaThread "RequestHandlerThread[#7]" daemon [_thread_blocked, id=2494, stack(0x84f0d000,0x84f5e000)]
  0x09fffc00 JavaThread "RequestHandlerThread[#6]" daemon [_thread_blocked, id=2489, stack(0x84f5e000,0x84faf000)]
  0x09ffec00 JavaThread "RequestHandlerThread[#5]" daemon [_thread_blocked, id=2488, stack(0x84faf000,0x85000000)]
  0x0a4c8400 JavaThread "RequestHandlerThread[#4]" daemon [_thread_blocked, id=2487, stack(0x84abc000,0x84b0d000)]
  0x85084000 JavaThread "jenkins.util.Timer [#1]" daemon [_thread_blocked, id=2485, stack(0x84b0d000,0x84b5e000)]
  0x855f4c00 JavaThread "Jenkins cron thread" [_thread_blocked, id=2484, stack(0x84b5e000,0x84baf000)]
  0x858fc400 JavaThread "DestroyJavaVM" [_thread_blocked, id=2043, stack(0xb7eb1000,0xb7f02000)]
  0x858fb400 JavaThread "LauncherControlThread[ControlPort=-1]" [_thread_blocked, id=2483, stack(0x84baf000,0x84c00000)]
  0x858fa400 JavaThread "RequestHandlerThread[#3] Acceptor0 Ajp13SocketConnector@0.0.0.0:8009" daemon [_thread_in_native, id=2482, stack(0x84d0d000,0x84d5e000)]
  0x8589d400 JavaThread "RequestHandlerThread[#2] Acceptor0 SelectChannelConnector@0.0.0.0:8080" daemon [_thread_in_native, id=2479, stack(0x84d5e000,0x84daf000)]
  0x8589a800 JavaThread "RequestHandlerThread[#1] Selector0" daemon [_thread_in_native, id=2477, stack(0x84daf000,0x84e00000)]
  0x0a433c00 JavaThread "Java2D Disposer" daemon [_thread_blocked, id=2411, stack(0x851ac000,0x851fd000)]
  0x0a3c5400 JavaThread "HashSessionScavenger-0" daemon [_thread_blocked, id=2385, stack(0x851fd000,0x8524e000)]
  0x09e98c00 JavaThread "Low Memory Detector" daemon [_thread_blocked, id=2053, stack(0x859d0000,0x85a21000)]
  0x09e97000 JavaThread "CompilerThread1" daemon [_thread_blocked, id=2052, stack(0x85a21000,0x85aa2000)]
  0x09e93800 JavaThread "CompilerThread0" daemon [_thread_in_native, id=2051, stack(0x85aa2000,0x85b23000)]
  0x09e92000 JavaThread "Signal Dispatcher" daemon [_thread_blocked, id=2050, stack(0x85b23000,0x85b74000)]
=>0x09e7f400 JavaThread "Finalizer" daemon [_thread_in_native, id=2049, stack(0x85d74000,0x85dc5000)]
  0x09e7dc00 JavaThread "Reference Handler" daemon [_thread_blocked, id=2048, stack(0x85dc5000,0x85e16000)]

Other Threads:
  0x09e79c00 VMThread [stack: 0x85e16000,0x85e97000] [id=2047]
  0x09e9ac00 WatcherThread [stack: 0x8594f000,0x859d0000] [id=2054]

VM state:not at safepoint (normal execution)

VM Mutex/Monitor currently owned by a thread:  ([mutex/lock_event])
[0x09df34a0] Threads_lock - owner thread: 0x83a0ec00

Heap
 PSYoungGen      total 17024K, used 1240K [0xa7ff0000, 0xa95c0000, 0xb4df0000)
  eden space 16576K, 7% used [0xa7ff0000,0xa8126290,0xa9020000)
  from space 448K, 0% used [0xa9550000,0xa9550000,0xa95c0000)
  to   space 2880K, 0% used [0xa9020000,0xa9020000,0xa92f0000)
 PSOldGen        total 33088K, used 20947K [0x8e3f0000, 0x90440000, 0xa7ff0000)
  object space 33088K, 63% used [0x8e3f0000,0x8f864f80,0x90440000)
 PSPermGen       total 75648K, used 37758K [0x863f0000, 0x8add0000, 0x8e3f0000)
  object space 75648K, 49% used [0x863f0000,0x888cfb60,0x8add0000)

Dynamic libraries:
00110000-00263000 r-xp 00000000 fc:00 2543469    /lib/libc-2.5.so
00263000-00265000 r-xp 00153000 fc:00 2543469    /lib/libc-2.5.so
00265000-00266000 rwxp 00155000 fc:00 2543469    /lib/libc-2.5.so
00266000-00269000 rwxp 00266000 00:00 0 
00269000-00290000 r-xp 00000000 fc:00 2543476    /lib/libm-2.5.so
00290000-00291000 r-xp 00026000 fc:00 2543476    /lib/libm-2.5.so
00291000-00292000 rwxp 00027000 fc:00 2543476    /lib/libm-2.5.so
00292000-00299000 r-xp 00000000 fc:00 2543472    /lib/librt-2.5.so
00299000-0029a000 r-xp 00007000 fc:00 2543472    /lib/librt-2.5.so
0029a000-0029b000 rwxp 00008000 fc:00 2543472    /lib/librt-2.5.so
0029b000-002a7000 r-xp 00000000 fc:00 1433608    /usr/lib/jvm/java-1.6.0-openjdk-1.6.0.0/jre/lib/i386/libverify.so
002a7000-002a8000 rwxp 0000b000 fc:00 1433608    /usr/lib/jvm/java-1.6.0-openjdk-1.6.0.0/jre/lib/i386/libverify.so
002a8000-002ca000 r-xp 00000000 fc:00 1433590    /usr/lib/jvm/java-1.6.0-openjdk-1.6.0.0/jre/lib/i386/libjava.so
002ca000-002cc000 rwxp 00022000 fc:00 1433590    /usr/lib/jvm/java-1.6.0-openjdk-1.6.0.0/jre/lib/i386/libjava.so
002cc000-002e1000 r-xp 00000000 fc:00 2543484    /lib/libnsl-2.5.so
002e1000-002e2000 r-xp 00014000 fc:00 2543484    /lib/libnsl-2.5.so
002e2000-002e3000 rwxp 00015000 fc:00 2543484    /lib/libnsl-2.5.so
002e3000-002e5000 rwxp 002e3000 00:00 0 
002e5000-002eb000 r-xp 00000000 fc:00 1433611    /usr/lib/jvm/java-1.6.0-openjdk-1.6.0.0/jre/lib/i386/native_threads/libhpi.so
002eb000-002ec000 rwxp 00006000 fc:00 1433611    /usr/lib/jvm/java-1.6.0-openjdk-1.6.0.0/jre/lib/i386/native_threads/libhpi.so
002ec000-002f6000 r-xp 00000000 fc:00 2540968    /lib/libnss_files-2.5.so
002f6000-002f7000 r-xp 00009000 fc:00 2540968    /lib/libnss_files-2.5.so
002f7000-002f8000 rwxp 0000a000 fc:00 2540968    /lib/libnss_files-2.5.so
0030c000-0038c000 r-xp 00000000 fc:00 1433581    /usr/lib/jvm/java-1.6.0-openjdk-1.6.0.0/jre/lib/i386/libawt.so
0038c000-00393000 rwxp 0007f000 fc:00 1433581    /usr/lib/jvm/java-1.6.0-openjdk-1.6.0.0/jre/lib/i386/libawt.so
00393000-003b7000 rwxp 00393000 00:00 0 
003b7000-003bb000 r-xp 00000000 fc:00 1433576    /usr/lib/jvm/java-1.6.0-openjdk-1.6.0.0/jre/lib/i386/headless/libmawt.so
003bb000-003bc000 rwxp 00004000 fc:00 1433576    /usr/lib/jvm/java-1.6.0-openjdk-1.6.0.0/jre/lib/i386/headless/libmawt.so
003bc000-003fe000 r-xp 00000000 fc:00 1433583    /usr/lib/jvm/java-1.6.0-openjdk-1.6.0.0/jre/lib/i386/libfontmanager.so
003fe000-00400000 rwxp 00042000 fc:00 1433583    /usr/lib/jvm/java-1.6.0-openjdk-1.6.0.0/jre/lib/i386/libfontmanager.so
00400000-00404000 rwxp 00400000 00:00 0 
00404000-00417000 r-xp 00000000 fc:00 1433601    /usr/lib/jvm/java-1.6.0-openjdk-1.6.0.0/jre/lib/i386/libnet.so
00417000-00418000 rwxp 00013000 fc:00 1433601    /usr/lib/jvm/java-1.6.0-openjdk-1.6.0.0/jre/lib/i386/libnet.so
00418000-0041f000 r-xp 00000000 fc:00 1433602    /usr/lib/jvm/java-1.6.0-openjdk-1.6.0.0/jre/lib/i386/libnio.so
0041f000-00420000 rwxp 00006000 fc:00 1433602    /usr/lib/jvm/java-1.6.0-openjdk-1.6.0.0/jre/lib/i386/libnio.so
00420000-00433000 r-xp 00000000 fc:00 1987149    /tmp/jna/jna89170222767416318.tmp
00433000-00434000 rwxp 00013000 fc:00 1987149    /tmp/jna/jna89170222767416318.tmp
00434000-0043a000 r-xp 00000000 fc:00 1433599    /usr/lib/jvm/java-1.6.0-openjdk-1.6.0.0/jre/lib/i386/libmanagement.so
0043a000-0043b000 rwxp 00005000 fc:00 1433599    /usr/lib/jvm/java-1.6.0-openjdk-1.6.0.0/jre/lib/i386/libmanagement.so
0043b000-0043f000 r-xp 00000000 fc:00 2540966    /lib/libnss_dns-2.5.so
0043f000-00440000 r-xp 00003000 fc:00 2540966    /lib/libnss_dns-2.5.so
00440000-00441000 rwxp 00004000 fc:00 2540966    /lib/libnss_dns-2.5.so
00441000-00451000 r-xp 00000000 fc:00 2543486    /lib/libresolv-2.5.so
00451000-00452000 r-xp 0000f000 fc:00 2543486    /lib/libresolv-2.5.so
00452000-00453000 rwxp 00010000 fc:00 2543486    /lib/libresolv-2.5.so
00453000-00455000 rwxp 00453000 00:00 0 
00480000-00486000 r-xp 00000000 fc:00 1433609    /usr/lib/jvm/java-1.6.0-openjdk-1.6.0.0/jre/lib/i386/libzip.so
00486000-00487000 rwxp 00005000 fc:00 1433609    /usr/lib/jvm/java-1.6.0-openjdk-1.6.0.0/jre/lib/i386/libzip.so
00487000-00504000 r-xp 00000000 fc:00 1131772    /usr/lib/libfreetype.so.6.3.10
00504000-00507000 rwxp 0007d000 fc:00 1131772    /usr/lib/libfreetype.so.6.3.10
0059f000-005ba000 r-xp 00000000 fc:00 2543468    /lib/ld-2.5.so
005ba000-005bb000 r-xp 0001a000 fc:00 2543468    /lib/ld-2.5.so
005bb000-005bc000 rwxp 0001b000 fc:00 2543468    /lib/ld-2.5.so
006a5000-006a6000 r-xp 006a5000 00:00 0          [vdso]
0071e000-00721000 r-xp 00000000 fc:00 1442824    /usr/lib/jvm/java-1.6.0-openjdk-1.6.0.0/jre/lib/i386/jli/libjli.so
00721000-00722000 rwxp 00003000 fc:00 1442824    /usr/lib/jvm/java-1.6.0-openjdk-1.6.0.0/jre/lib/i386/jli/libjli.so
00749000-0074c000 r-xp 00000000 fc:00 2543470    /lib/libdl-2.5.so
0074c000-0074d000 r-xp 00002000 fc:00 2543470    /lib/libdl-2.5.so
0074d000-0074e000 rwxp 00003000 fc:00 2543470    /lib/libdl-2.5.so
00750000-00765000 r-xp 00000000 fc:00 2543471    /lib/libpthread-2.5.so
00765000-00766000 r-xp 00015000 fc:00 2543471    /lib/libpthread-2.5.so
00766000-00767000 rwxp 00016000 fc:00 2543471    /lib/libpthread-2.5.so
00767000-00769000 rwxp 00767000 00:00 0 
0076b000-0077d000 r-xp 00000000 fc:00 2543477    /lib/libz.so.1.2.3
0077d000-0077e000 rwxp 00011000 fc:00 2543477    /lib/libz.so.1.2.3
0077e000-00edd000 r-xp 00000000 fc:00 1433615    /usr/lib/jvm/java-1.6.0-openjdk-1.6.0.0/jre/lib/i386/server/libjvm.so
00edd000-00f31000 rwxp 0075f000 fc:00 1433615    /usr/lib/jvm/java-1.6.0-openjdk-1.6.0.0/jre/lib/i386/server/libjvm.so
00f31000-0134f000 rwxp 00f31000 00:00 0 
05f45000-05f50000 r-xp 00000000 fc:00 2543481    /lib/libgcc_s-4.1.2-20080825.so.1
05f50000-05f51000 rwxp 0000a000 fc:00 2543481    /lib/libgcc_s-4.1.2-20080825.so.1
08048000-08051000 r-xp 00000000 fc:00 1433519    /usr/lib/jvm/java-1.6.0-openjdk-1.6.0.0/jre/bin/java
08051000-08053000 rwxp 00008000 fc:00 1433519    /usr/lib/jvm/java-1.6.0-openjdk-1.6.0.0/jre/bin/java
09def000-0ae17000 rwxp 09def000 00:00 0          [heap]
822fd000-8234e000 rwxp 822fd000 00:00 0 
8234e000-82351000 --xp 8234e000 00:00 0 
82351000-8239f000 rwxp 82351000 00:00 0 
8239f000-823a2000 --xp 8239f000 00:00 0 
823a2000-823f0000 rwxp 823a2000 00:00 0 
823f0000-823f3000 --xp 823f0000 00:00 0 
823f3000-82441000 rwxp 823f3000 00:00 0 
82441000-82444000 --xp 82441000 00:00 0 
82444000-82492000 rwxp 82444000 00:00 0 
82492000-82495000 --xp 82492000 00:00 0 
82495000-824e3000 rwxp 82495000 00:00 0 
824e3000-824e6000 --xp 824e3000 00:00 0 
824e6000-82534000 rwxp 824e6000 00:00 0 
82534000-82537000 --xp 82534000 00:00 0 
82537000-82585000 rwxp 82537000 00:00 0 
82585000-82588000 --xp 82585000 00:00 0 
82588000-825d6000 rwxp 82588000 00:00 0 
825d6000-825d9000 --xp 825d6000 00:00 0 
825d9000-82627000 rwxp 825d9000 00:00 0 
82627000-8262a000 --xp 82627000 00:00 0 
8262a000-82678000 rwxp 8262a000 00:00 0 
82678000-8267b000 --xp 82678000 00:00 0 
8267b000-826c9000 rwxp 8267b000 00:00 0 
826c9000-826cc000 --xp 826c9000 00:00 0 
826cc000-8271a000 rwxp 826cc000 00:00 0 
8271a000-8271d000 --xp 8271a000 00:00 0 
8271d000-8276b000 rwxp 8271d000 00:00 0 
8276b000-8276e000 --xp 8276b000 00:00 0 
8276e000-827bc000 rwxp 8276e000 00:00 0 
827bc000-827bf000 --xp 827bc000 00:00 0 
827bf000-8280d000 rwxp 827bf000 00:00 0 
8280d000-82810000 --xp 8280d000 00:00 0 
82810000-8285e000 rwxp 82810000 00:00 0 
8285e000-82861000 --xp 8285e000 00:00 0 
82861000-828af000 rwxp 82861000 00:00 0 
828af000-828b2000 --xp 828af000 00:00 0 
828b2000-829e5000 rwxp 828b2000 00:00 0 
829e5000-82a00000 --xp 829e5000 00:00 0 
82a00000-82ab1000 rwxp 82a00000 00:00 0 
82ab1000-82b00000 --xp 82ab1000 00:00 0 
82b00000-82be0000 rwxp 82b00000 00:00 0 
82be0000-82c00000 --xp 82be0000 00:00 0 
82c00000-82cef000 rwxp 82c00000 00:00 0 
82cef000-82d00000 --xp 82cef000 00:00 0 
82d00000-82dfc000 rwxp 82d00000 00:00 0 
82dfc000-82e00000 --xp 82dfc000 00:00 0 
82e00000-82ee5000 rwxp 82e00000 00:00 0 
82ee5000-82f00000 --xp 82ee5000 00:00 0 
82f00000-82fef000 rwxp 82f00000 00:00 0 
82fef000-83000000 --xp 82fef000 00:00 0 
83000000-830ea000 rwxp 83000000 00:00 0 
830ea000-83100000 --xp 830ea000 00:00 0 
83100000-831fd000 rwxp 83100000 00:00 0 
831fd000-83200000 --xp 831fd000 00:00 0 
83200000-832ef000 rwxp 83200000 00:00 0 
832ef000-83300000 --xp 832ef000 00:00 0 
83300000-833f4000 rwxp 83300000 00:00 0 
833f4000-83400000 --xp 833f4000 00:00 0 
83400000-834fe000 rwxp 83400000 00:00 0 
834fe000-83500000 --xp 834fe000 00:00 0 
83500000-835fd000 rwxp 83500000 00:00 0 
835fd000-83600000 --xp 835fd000 00:00 0 
8360d000-83610000 --xp 8360d000 00:00 0 
83610000-8365e000 rwxp 83610000 00:00 0 
8365e000-83661000 --xp 8365e000 00:00 0 
83661000-836af000 rwxp 83661000 00:00 0 
836af000-836b2000 --xp 836af000 00:00 0 
836b2000-837fe000 rwxp 836b2000 00:00 0 
837fe000-83800000 --xp 837fe000 00:00 0 
83800000-83900000 rwxp 83800000 00:00 0 
83900000-839fa000 rwxp 83900000 00:00 0 
839fa000-83a00000 --xp 839fa000 00:00 0 
83a00000-83aff000 rwxp 83a00000 00:00 0 
83aff000-83b00000 --xp 83aff000 00:00 0 
83b00000-83bf4000 rwxp 83b00000 00:00 0 
83bf4000-83c00000 --xp 83bf4000 00:00 0 
83c4e000-83c4f000 r-xs 00000000 fc:00 2346986    /var/lib/jenkins/secret.key
83c4f000-83c52000 --xp 83c4f000 00:00 0 
83c52000-83ca0000 rwxp 83c52000 00:00 0 
83ca0000-83ca2000 r-xs 00001000 fc:00 2378535    /var/lib/jenkins/plugins/job-exporter/WEB-INF/lib/classes.jar
83ca2000-83ca3000 r-xs 00001000 fc:00 2378520    /var/lib/jenkins/plugins/cygpath/WEB-INF/lib/classes.jar
83ca3000-83ca6000 r-xs 0000c000 fc:00 2378365    /var/lib/jenkins/plugins/svnmerge/WEB-INF/lib/classes.jar
83ca6000-83ca8000 r-xs 00004000 fc:00 2379462    /var/lib/jenkins/plugins/cppcheck/WEB-INF/lib/stax-api-1.0-2.jar
83ca8000-83caa000 r-xs 0000d000 fc:00 2378441    /var/lib/jenkins/plugins/cppcheck/WEB-INF/lib/commons-codec-1.4.jar
83caa000-83cac000 r-xs 0000e000 fc:00 2378443    /var/lib/jenkins/plugins/cppcheck/WEB-INF/lib/activation-1.1.jar
83cac000-83cb0000 r-xs 00017000 fc:00 2379464    /var/lib/jenkins/plugins/cppcheck/WEB-INF/lib/classes.jar
83cb0000-83cb1000 r-xs 0000c000 fc:00 2379456    /var/lib/jenkins/plugins/cppcheck/WEB-INF/lib/commons-logging-1.1.jar
83cb1000-83cb6000 r-xs 0002a000 fc:00 2379280    /var/lib/jenkins/plugins/cppcheck/WEB-INF/lib/java2html-5.0.jar
83cb6000-83cb9000 r-xs 00017000 fc:00 2379286    /var/lib/jenkins/plugins/cppcheck/WEB-INF/lib/jaxb-api-2.2.1.jar
83cb9000-83cbb000 r-xs 00005000 fc:00 2379461    /var/lib/jenkins/plugins/cppcheck/WEB-INF/lib/objenesis-1.0.jar
83cbb000-83cce000 r-xs 000c4000 fc:00 2378438    /var/lib/jenkins/plugins/cppcheck/WEB-INF/lib/jaxb-impl-2.2.1.1.jar
83cce000-83cd1000 r-xs 0000f000 fc:00 2379460    /var/lib/jenkins/plugins/cppcheck/WEB-INF/lib/logkit-1.0.1.jar
83cd1000-83cd9000 r-xs 0004f000 fc:00 2379282    /var/lib/jenkins/plugins/cppcheck/WEB-INF/lib/log4j-1.2.9.jar
83cd9000-83cdc000 r-xs 0000d000 fc:00 2379279    /var/lib/jenkins/plugins/cppcheck/WEB-INF/lib/avalon-framework-4.1.3.jar
83cdc000-83cde000 r-xs 00006000 fc:00 2378563    /var/lib/jenkins/plugins/bugzilla/WEB-INF/lib/commons-codec-1.2.jar
83cde000-83ce2000 r-xs 00016000 fc:00 2378564    /var/lib/jenkins/plugins/bugzilla/WEB-INF/lib/xmlrpc-common-3.1.jar
83ce2000-83ce3000 r-xs 00002000 fc:00 2379453    /var/lib/jenkins/plugins/bugzilla/WEB-INF/lib/classes.jar
83ce3000-83ce6000 r-xs 00009000 fc:00 2379451    /var/lib/jenkins/plugins/bugzilla/WEB-INF/lib/xmlrpc-client-3.1.jar
83ce6000-83cec000 r-xs 00045000 fc:00 2378568    /var/lib/jenkins/plugins/bugzilla/WEB-INF/lib/commons-httpclient-3.1.jar
83cec000-83cee000 r-xs 00007000 fc:00 2378572    /var/lib/jenkins/plugins/bugzilla/WEB-INF/lib/ws-commons-util-1.0.2.jar
83cee000-83cf3000 r-xs 00016000 fc:00 2378570    /var/lib/jenkins/plugins/bugzilla/WEB-INF/lib/xml-apis-1.0.b2.jar
83cf3000-83cf5000 r-xs 00008000 fc:00 2379447    /var/lib/jenkins/plugins/bugzilla/WEB-INF/lib/commons-logging-1.0.4.jar
83cf5000-83cfd000 r-xs 0004f000 fc:00 2379443    /var/lib/jenkins/plugins/bugzilla/WEB-INF/lib/log4j-1.2.9.jar
83cfd000-83cff000 r-xs 0000a000 fc:00 2378229    /var/lib/jenkins/plugins/translation/WEB-INF/lib/classes.jar
83cff000-83d01000 r-xs 00003000 fc:00 2378604    /var/lib/jenkins/plugins/doxygen/WEB-INF/lib/classes.jar
83d01000-83d03000 r-xs 0000d000 fc:00 2378543    /var/lib/jenkins/plugins/configurationslicing/WEB-INF/lib/commons-codec-1.4.jar
83d03000-83d07000 r-xs 0001c000 fc:00 2379270    /var/lib/jenkins/plugins/configurationslicing/WEB-INF/lib/classes.jar
83d07000-83d08000 r-xs 0000c000 fc:00 2378548    /var/lib/jenkins/plugins/configurationslicing/WEB-INF/lib/commons-logging-1.1.jar
83d08000-83d0b000 r-xs 0000f000 fc:00 2379267    /var/lib/jenkins/plugins/configurationslicing/WEB-INF/lib/logkit-1.0.1.jar
83d0b000-83d13000 r-xs 0004f000 fc:00 2378547    /var/lib/jenkins/plugins/configurationslicing/WEB-INF/lib/log4j-1.2.9.jar
83d13000-83d16000 r-xs 0000d000 fc:00 2378544    /var/lib/jenkins/plugins/configurationslicing/WEB-INF/lib/avalon-framework-4.1.3.jar
83d16000-83d17000 r-xs 00008000 fc:00 2378389    /var/lib/jenkins/plugins/email-ext/WEB-INF/lib/asm-util-3.2.jar
83d17000-83d6c000 r-xs 004ef000 fc:00 2379244    /var/lib/jenkins/plugins/email-ext/WEB-INF/lib/groovy-1.8.5.jar
83d6c000-83dc8000 r-xs 0057f000 fc:00 2378386    /var/lib/jenkins/plugins/email-ext/WEB-INF/lib/groovy-all-1.8.5.jar
83dc8000-83dd2000 r-xs 0003f000 fc:00 2379175    /var/lib/jenkins/plugins/cvs/WEB-INF/lib/classes.jar
83dd2000-83dda000 r-xs 0005d000 fc:00 2379171    /var/lib/jenkins/plugins/cvs/WEB-INF/lib/cvsclient-71-jenkins-11.jar
83dda000-83dde000 r-xs 0003b000 fc:00 2379174    /var/lib/jenkins/plugins/cvs/WEB-INF/lib/jsch-0.1.50.jar
83dde000-83de0000 r-xs 00001000 fc:00 2379265    /var/lib/jenkins/plugins/greenballs/WEB-INF/lib/classes.jar
83de0000-83de6000 r-xs 0001a000 fc:00 2378578    /var/lib/jenkins/plugins/parameterized-trigger/WEB-INF/lib/parameterized-trigger.jar
83de6000-83dfe000 r-xs 00115000 fc:00 2378585    /var/lib/jenkins/plugins/parameterized-trigger/WEB-INF/lib/xercesImpl-2.9.1.jar
83dfe000-83e03000 r-xs 0003b000 fc:00 2379423    /var/lib/jenkins/plugins/subversion/WEB-INF/lib/trilead-ssh2-build217-jenkins-3.jar
83e03000-83e0e000 r-xs 00057000 fc:00 2379425    /var/lib/jenkins/plugins/subversion/WEB-INF/lib/classes.jar
83e0e000-83e11000 r-xs 0000f000 fc:00 2379421    /var/lib/jenkins/plugins/subversion/WEB-INF/lib/sequence-library-1.0.2.jar
83e11000-83e20000 r-xs 000aa000 fc:00 2379418    /var/lib/jenkins/plugins/subversion/WEB-INF/lib/sqljet-1.1.7.jar
83e20000-83e24000 r-xs 00025000 fc:00 2379417    /var/lib/jenkins/plugins/subversion/WEB-INF/lib/antlr-runtime-3.4.jar
83e24000-83e50000 r-xs 0030f000 fc:00 2378303    /var/lib/jenkins/plugins/subversion/WEB-INF/lib/svnkit-1.7.10-jenkins-1.jar
83e50000-83e52000 r-xs 0000c000 fc:00 2379187    /var/lib/jenkins/plugins/ssh-slaves/WEB-INF/lib/classes.jar
83e52000-83e56000 r-xs 0000e000 fc:00 2378284    /var/lib/jenkins/plugins/ssh-credentials/WEB-INF/lib/classes.jar
83e56000-83e5a000 r-xs 00011000 fc:00 2378214    /var/lib/jenkins/plugins/ant/WEB-INF/lib/classes.jar
83e5a000-83e63000 r-xs 00036000 fc:00 2379473    /var/lib/jenkins/plugins/credentials/WEB-INF/lib/classes.jar
83e63000-83e66000 r-xs 00006000 fc:00 2379402    /var/lib/jenkins/plugins/credentials/WEB-INF/lib/jsr305-1.3.9.jar
83e66000-83e67000 r-xs 00000000 fc:00 2379381    /var/lib/jenkins/plugins/credentials/WEB-INF/lib/jcip-annotations-1.0.jar
83e67000-83e69000 r-xs 00002000 fc:00 2379374    /var/lib/jenkins/plugins/credentials/WEB-INF/lib/findbugs-annotations-1.3.9-1.jar
83e69000-83e72000 r-xs 00031000 fc:00 2379216    /var/lib/jenkins/plugins/email-ext/WEB-INF/lib/email-ext.jar
83e72000-83e74000 r-xs 00007000 fc:00 2379222    /var/lib/jenkins/plugins/email-ext/WEB-INF/lib/asm-commons-3.2.jar
83e74000-83e7a000 r-xs 00042000 fc:00 2379221    /var/lib/jenkins/plugins/email-ext/WEB-INF/lib/jsoup-1.7.2.jar
83e7a000-83e7b000 r-xs 0000a000 fc:00 2379253    /var/lib/jenkins/plugins/email-ext/WEB-INF/lib/asm-3.2.jar
83e7b000-83e7c000 r-xs 00004000 fc:00 2378417    /var/lib/jenkins/plugins/email-ext/WEB-INF/lib/asm-analysis-3.2.jar
83e7c000-83e7e000 r-xs 00002000 fc:00 2378402    /var/lib/jenkins/plugins/email-ext/WEB-INF/lib/findbugs-annotations-1.3.9-1.jar
83e7e000-83e80000 r-xs 00007000 fc:00 2379259    /var/lib/jenkins/plugins/email-ext/WEB-INF/lib/groovy-sandbox-1.0.jar
83e80000-83e82000 r-xs 00004000 fc:00 2379258    /var/lib/jenkins/plugins/email-ext/WEB-INF/lib/asm-tree-3.2.jar
83e82000-83e88000 r-xs 0002a000 fc:00 2378129    /var/lib/jenkins/plugins/maven-plugin/WEB-INF/lib/org.eclipse.sisu.plexus-0.0.0.M5.jar
83e88000-83e8a000 r-xs 00006000 fc:00 2378072    /var/lib/jenkins/plugins/maven-plugin/WEB-INF/lib/aether-spi-0.9.0.M3.jar
83e8a000-83e8b000 r-xs 00007000 fc:00 2378079    /var/lib/jenkins/plugins/maven-plugin/WEB-INF/lib/wagon-http-2.4.jar
83e8b000-83e8c000 r-xs 00000000 fc:00 2378127    /var/lib/jenkins/plugins/maven-plugin/WEB-INF/lib/javax.inject-1.jar
83e8c000-83e8f000 r-xs 0000a000 fc:00 2378174    /var/lib/jenkins/plugins/maven-plugin/WEB-INF/lib/plexus-classworlds-2.5.1.jar
83e8f000-83e97000 r-xs 00048000 fc:00 2378189    /var/lib/jenkins/plugins/maven-plugin/WEB-INF/lib/jackrabbit-webdav-2.5.2.jar
83e97000-83e9b000 r-xs 00027000 fc:00 2378109    /var/lib/jenkins/plugins/maven-plugin/WEB-INF/lib/commons-io-2.2.jar
83e9b000-83e9d000 r-xs 00002000 fc:00 2378184    /var/lib/jenkins/plugins/maven-plugin/WEB-INF/lib/plexus-cipher-1.7.jar
83e9d000-83e9f000 r-xs 00000000 fc:00 2378118    /var/lib/jenkins/plugins/maven-plugin/WEB-INF/lib/maven2.1-interceptor-1.2.jar
83e9f000-83ea2000 r-xs 00008000 fc:00 2378117    /var/lib/jenkins/plugins/maven-plugin/WEB-INF/lib/cdi-api-1.0.jar
83ea2000-83ea7000 r-xs 0003f000 fc:00 2378059    /var/lib/jenkins/plugins/maven-plugin/WEB-INF/lib/jsoup-1.7.1.jar
83ea7000-83eb5000 r-xs 0009c000 fc:00 2378201    /var/lib/jenkins/plugins/maven-plugin/WEB-INF/lib/classes.jar
83eb5000-83eb7000 r-xs 0000c000 fc:00 2378193    /var/lib/jenkins/plugins/maven-plugin/WEB-INF/lib/maven-embedder-3.1.0.jar
83eb7000-83eb9000 r-xs 00006000 fc:00 2378121    /var/lib/jenkins/plugins/maven-plugin/WEB-INF/lib/maven-repository-metadata-3.1.0.jar
83eb9000-83ebb000 r-xs 00001000 fc:00 2378101    /var/lib/jenkins/plugins/maven-plugin/WEB-INF/lib/maven-agent-1.4.jar
83ebb000-83ebd000 r-xs 00005000 fc:00 2378120    /var/lib/jenkins/plugins/maven-plugin/WEB-INF/lib/aether-transport-wagon-0.9.0.M3.jar
83ebd000-83ec3000 r-xs 00045000 fc:00 2378155    /var/lib/jenkins/plugins/maven-plugin/WEB-INF/lib/commons-httpclient-3.1.jar
83ec3000-83ec5000 r-xs 00006000 fc:00 2378191    /var/lib/jenkins/plugins/maven-plugin/WEB-INF/lib/wagon-ssh-2.4.jar
83ec5000-83ec9000 r-xs 0001d000 fc:00 2378149    /var/lib/jenkins/plugins/maven-plugin/WEB-INF/lib/aether-api-0.9.0.M3.jar
83ec9000-83ee5000 r-xs 00113000 fc:00 2378108    /var/lib/jenkins/plugins/maven-plugin/WEB-INF/lib/guice-4.0-beta.jar
83ee5000-83ee8000 r-xs 00006000 fc:00 2378124    /var/lib/jenkins/plugins/maven-plugin/WEB-INF/lib/jsr305-1.3.9.jar
83ee8000-83eea000 r-xs 00000000 fc:00 2378088    /var/lib/jenkins/plugins/maven-plugin/WEB-INF/lib/aopalliance-1.0.jar
83eea000-83eeb000 r-xs 00003000 fc:00 2378116    /var/lib/jenkins/plugins/maven-plugin/WEB-INF/lib/wagon-ssh-external-2.4.jar
83eeb000-83ef1000 r-xs 00033000 fc:00 2378136    /var/lib/jenkins/plugins/maven-plugin/WEB-INF/lib/commons-codec-1.6.jar
83ef1000-83ef3000 r-xs 00000000 fc:00 2378098    /var/lib/jenkins/plugins/maven-plugin/WEB-INF/lib/plexus-component-annotations-1.5.5.jar
83ef3000-83efa000 r-xs 0003f000 fc:00 2378147    /var/lib/jenkins/plugins/maven-plugin/WEB-INF/lib/maven-compat-3.1.0.jar
83efa000-83efb000 r-xs 00006000 fc:00 2378186    /var/lib/jenkins/plugins/maven-plugin/WEB-INF/lib/plexus-sec-dispatcher-1.3.jar
83efb000-83efd000 r-xs 0000b000 fc:00 2378180    /var/lib/jenkins/plugins/maven-plugin/WEB-INF/lib/maven-plugin-api-3.1.0.jar
83efd000-83efe000 r-xs 00003000 fc:00 2378126    /var/lib/jenkins/plugins/maven-plugin/WEB-INF/lib/maven3-interceptor-1.4.jar
83efe000-83f1c000 r-xs 001cb000 fc:00 2378153    /var/lib/jenkins/plugins/maven-plugin/WEB-INF/lib/ant-1.9.2.jar
83f1c000-83f20000 r-xs 00035000 fc:00 2378105    /var/lib/jenkins/plugins/maven-plugin/WEB-INF/lib/plexus-utils-3.0.10.jar
83f20000-83f22000 r-xs 00005000 fc:00 2378086    /var/lib/jenkins/plugins/maven-plugin/WEB-INF/lib/wagon-http-shared-2.4.jar
83f22000-83f2e000 r-xs 0007e000 fc:00 2378179    /var/lib/jenkins/plugins/maven-plugin/WEB-INF/lib/maven-core-3.1.0.jar
83f2e000-83f33000 r-xs 00041000 fc:00 2378061    /var/lib/jenkins/plugins/maven-plugin/WEB-INF/lib/commons-lang-2.6.jar
83f33000-83f34000 r-xs 00002000 fc:00 2378075    /var/lib/jenkins/plugins/maven-plugin/WEB-INF/lib/wagon-file-2.4.jar
83f34000-83f35000 r-xs 00003000 fc:00 2378148    /var/lib/jenkins/plugins/maven-plugin/WEB-INF/lib/wagon-ftp-2.4.jar
83f35000-83f3b000 r-xs 00032000 fc:00 2378084    /var/lib/jenkins/plugins/maven-plugin/WEB-INF/lib/httpcore-4.2.4.jar
83f3b000-83f3e000 r-xs 00008000 fc:00 2378130    /var/lib/jenkins/plugins/maven-plugin/WEB-INF/lib/maven-settings-builder-3.1.0.jar
83f3e000-83f40000 r-xs 0000d000 fc:00 2378093    /var/lib/jenkins/plugins/maven-plugin/WEB-INF/lib/commons-logging-1.1.1.jar
83f40000-83f41000 r-xs 00002000 fc:00 2378094    /var/lib/jenkins/plugins/maven-plugin/WEB-INF/lib/maven-reporting-api-3.0.jar
83f41000-83f43000 r-xs 00007000 fc:00 2378196    /var/lib/jenkins/plugins/maven-plugin/WEB-INF/lib/aether-connector-wagon-0.9.0.M2.jar
83f43000-83f45000 r-xs 0000d000 fc:00 2378171    /var/lib/jenkins/plugins/maven-plugin/WEB-INF/lib/plexus-interpolation-1.16.jar
83f45000-83f47000 r-xs 0000b000 fc:00 2378173    /var/lib/jenkins/plugins/maven-plugin/WEB-INF/lib/wagon-provider-api-2.4.jar
83f47000-83f4b000 r-xs 00031000 fc:00 2378104    /var/lib/jenkins/plugins/maven-plugin/WEB-INF/lib/jsch-0.1.44-1.jar
83f4b000-83f6b000 r-xs 00173000 fc:00 2378055    /var/lib/jenkins/plugins/maven-plugin/WEB-INF/lib/guava-11.0.1.jar
83f6b000-83f6e000 --xp 83f6b000 00:00 0 
83f6e000-83fbc000 rwxp 83f6e000 00:00 0 
83fbc000-83fbf000 --xp 83fbc000 00:00 0 
83fbf000-8400d000 rwxp 83fbf000 00:00 0 
8400d000-84010000 --xp 8400d000 00:00 0 
84010000-8405e000 rwxp 84010000 00:00 0 
8405e000-84061000 --xp 8405e000 00:00 0 
84061000-840af000 rwxp 84061000 00:00 0 
840af000-840b2000 --xp 840af000 00:00 0 
840b2000-841fc000 rwxp 840b2000 00:00 0 
841fc000-84200000 --xp 841fc000 00:00 0 
84200000-842fd000 rwxp 84200000 00:00 0 
842fd000-84300000 --xp 842fd000 00:00 0 
84300000-843f9000 rwxp 84300000 00:00 0 
843f9000-84400000 --xp 843f9000 00:00 0 
84400000-84404000 r-xs 00025000 fc:00 2378195    /var/lib/jenkins/plugins/maven-plugin/WEB-INF/lib/aether-impl-0.9.0.M3.jar
84404000-84406000 r-xs 00005000 fc:00 2378134    /var/lib/jenkins/plugins/maven-plugin/WEB-INF/lib/slf4j-api-1.7.4.jar
84406000-8440b000 r-xs 0003e000 fc:00 2378114    /var/lib/jenkins/plugins/maven-plugin/WEB-INF/lib/commons-net-3.1.jar
8440b000-8440d000 r-xs 0000d000 fc:00 2378071    /var/lib/jenkins/plugins/maven-plugin/WEB-INF/lib/maven-aether-provider-3.1.0.jar
8440d000-84410000 --xp 8440d000 00:00 0 
84410000-8445e000 rwxp 84410000 00:00 0 
8445e000-84461000 --xp 8445e000 00:00 0 
84461000-844af000 rwxp 84461000 00:00 0 
844af000-844b2000 --xp 844af000 00:00 0 
844b2000-84500000 rwxp 844b2000 00:00 0 
84500000-84501000 r-xs 00001000 fc:00 2378185    /var/lib/jenkins/plugins/maven-plugin/WEB-INF/lib/jsr250-api-1.0.jar
84501000-84502000 r-xs 00003000 fc:00 2378062    /var/lib/jenkins/plugins/maven-plugin/WEB-INF/lib/lib-jenkins-maven-artifact-manager-1.2.jar
84502000-84504000 r-xs 00004000 fc:00 2378192    /var/lib/jenkins/plugins/maven-plugin/WEB-INF/lib/maven-interceptor-1.4.jar
84504000-84505000 r-xs 00002000 fc:00 2378112    /var/lib/jenkins/plugins/maven-plugin/WEB-INF/lib/doxia-sink-api-1.0.jar
84505000-84506000 r-xs 00001000 fc:00 2378165    /var/lib/jenkins/plugins/maven-plugin/WEB-INF/lib/maven3-interceptor-commons-1.4.jar
84506000-84508000 r-xs 00026000 fc:00 2378085    /var/lib/jenkins/plugins/maven-plugin/WEB-INF/lib/maven-model-3.1.0.jar
84508000-8450a000 r-xs 00007000 fc:00 2378056    /var/lib/jenkins/plugins/maven-plugin/WEB-INF/lib/wagon-webdav-jackrabbit-2.4.jar
8450a000-8450d000 --xp 8450a000 00:00 0 
8450d000-8455b000 rwxp 8450d000 00:00 0 
8455b000-8455e000 --xp 8455b000 00:00 0 
8455e000-845ac000 rwxp 8455e000 00:00 0 
845ac000-845af000 --xp 845ac000 00:00 0 
845af000-845fd000 rwxp 845af000 00:00 0 
845fd000-84600000 --xp 845fd000 00:00 0 
84600000-8464e000 rwxp 84600000 00:00 0 
8464e000-84651000 --xp 8464e000 00:00 0 
84651000-8469f000 rwxp 84651000 00:00 0 
8469f000-846a2000 --xp 8469f000 00:00 0 
846a2000-846f0000 rwxp 846a2000 00:00 0 
846f0000-846f3000 --xp 846f0000 00:00 0 
846f3000-84741000 rwxp 846f3000 00:00 0 
84741000-84744000 --xp 84741000 00:00 0 
84744000-84792000 rwxp 84744000 00:00 0 
84792000-84795000 --xp 84792000 00:00 0 
84795000-847e3000 rwxp 84795000 00:00 0 
847e3000-847e6000 --xp 847e3000 00:00 0 
847e6000-84834000 rwxp 847e6000 00:00 0 
84834000-84837000 --xp 84834000 00:00 0 
84837000-84885000 rwxp 84837000 00:00 0 
84885000-84888000 --xp 84885000 00:00 0 
84888000-848d6000 rwxp 84888000 00:00 0 
848d6000-848d9000 --xp 848d6000 00:00 0 
848d9000-84927000 rwxp 848d9000 00:00 0 
84927000-8492a000 --xp 84927000 00:00 0 
8492a000-84978000 rwxp 8492a000 00:00 0 
84978000-8497b000 --xp 84978000 00:00 0 
8497b000-849c9000 rwxp 8497b000 00:00 0 
849c9000-849cc000 --xp 849c9000 00:00 0 
849cc000-84a1a000 rwxp 849cc000 00:00 0 
84a1a000-84a1d000 --xp 84a1a000 00:00 0 
84a1d000-84a6b000 rwxp 84a1d000 00:00 0 
84a6b000-84a6e000 --xp 84a6b000 00:00 0 
84a6e000-84abc000 rwxp 84a6e000 00:00 0 
84abc000-84abf000 --xp 84abc000 00:00 0 
84abf000-84b0d000 rwxp 84abf000 00:00 0 
84b0d000-84b10000 --xp 84b0d000 00:00 0 
84b10000-84b5e000 rwxp 84b10000 00:00 0 
84b5e000-84b61000 --xp 84b5e000 00:00 0 
84b61000-84baf000 rwxp 84b61000 00:00 0 
84baf000-84bb2000 --xp 84baf000 00:00 0 
84bb2000-84cfa000 rwxp 84bb2000 00:00 0 
84cfa000-84d00000 --xp 84cfa000 00:00 0 
84d00000-84d04000 r-xs 00023000 fc:00 2378115    /var/lib/jenkins/plugins/maven-plugin/WEB-INF/lib/maven-model-builder-3.1.0.jar
84d04000-84d06000 r-xs 0000b000 fc:00 2378142    /var/lib/jenkins/plugins/maven-plugin/WEB-INF/lib/maven-artifact-3.1.0.jar
84d06000-84d07000 r-xs 00004000 fc:00 2378187    /var/lib/jenkins/plugins/maven-plugin/WEB-INF/lib/maven31-interceptor-1.4.jar
84d07000-84d0d000 r-xs 00042000 fc:00 2378082    /var/lib/jenkins/plugins/maven-plugin/WEB-INF/lib/org.eclipse.sisu.inject-0.0.0.M5.jar
84d0d000-84d10000 --xp 84d0d000 00:00 0 
84d10000-84d5e000 rwxp 84d10000 00:00 0 
84d5e000-84d61000 --xp 84d5e000 00:00 0 
84d61000-84daf000 rwxp 84d61000 00:00 0 
84daf000-84db2000 --xp 84daf000 00:00 0 
84db2000-84ee7000 rwxp 84db2000 00:00 0 
84ee7000-84f00000 --xp 84ee7000 00:00 0 
84f00000-84f01000 r-xs 00002000 fc:00 2378151    /var/lib/jenkins/plugins/maven-plugin/WEB-INF/lib/plexus-interactivity-api-1.0-alpha-6.jar
84f01000-84f02000 r-xs 00001000 fc:00 2378166    /var/lib/jenkins/plugins/maven-plugin/WEB-INF/lib/maven3-agent-1.4.jar
84f02000-84f04000 r-xs 0000a000 fc:00 2378096    /var/lib/jenkins/plugins/maven-plugin/WEB-INF/lib/maven-settings-3.1.0.jar
84f04000-84f08000 r-xs 0001f000 fc:00 2378087    /var/lib/jenkins/plugins/maven-plugin/WEB-INF/lib/aether-util-0.9.0.M3.jar
84f08000-84f09000 r-xs 00001000 fc:00 2378159    /var/lib/jenkins/plugins/maven-plugin/WEB-INF/lib/maven31-agent-1.4.jar
84f09000-84f0a000 r-xs 00007000 fc:00 2378199    /var/lib/jenkins/plugins/maven-plugin/WEB-INF/lib/wagon-http-shared4-2.4.jar
84f0a000-84f0b000 r-xs 00005000 fc:00 2378106    /var/lib/jenkins/plugins/maven-plugin/WEB-INF/lib/lib-jenkins-maven-embedder-3.11.jar
84f0b000-84f0d000 r-xs 00009000 fc:00 2378128    /var/lib/jenkins/plugins/maven-plugin/WEB-INF/lib/commons-cli-1.2.jar
84f0d000-84f10000 --xp 84f0d000 00:00 0 
84f10000-84f5e000 rwxp 84f10000 00:00 0 
84f5e000-84f61000 --xp 84f5e000 00:00 0 
84f61000-84faf000 rwxp 84f61000 00:00 0 
84faf000-84fb2000 --xp 84faf000 00:00 0 
84fb2000-850fe000 rwxp 84fb2000 00:00 0 
850fe000-85100000 --xp 850fe000 00:00 0 
85100000-85109000 r-xs 00061000 fc:00 2378083    /var/lib/jenkins/plugins/maven-plugin/WEB-INF/lib/httpclient-4.2.5.jar
85109000-8510b000 r-xs 00005000 fc:00 2378161    /var/lib/jenkins/plugins/maven-plugin/WEB-INF/lib/wagon-ssh-common-2.4.jar
8510b000-8510d000 r-xs 00007000 fc:00 2378271    /var/lib/jenkins/plugins/javadoc/WEB-INF/lib/classes.jar
8510d000-8510f000 r-xs 00003000 fc:00 2379434    /var/lib/jenkins/plugins/pam-auth/WEB-INF/lib/libpam4j-1.6.jar
8510f000-85110000 r-xs 00004000 fc:00 2379439    /var/lib/jenkins/plugins/pam-auth/WEB-INF/lib/classes.jar
85110000-85114000 r-xs 000f3000 fc:00 2379438    /var/lib/jenkins/plugins/pam-auth/WEB-INF/lib/jna-3.4.0.jar
85114000-85116000 r-xs 00009000 fc:00 2379191    /var/lib/jenkins/plugins/ldap/WEB-INF/lib/classes.jar
85116000-85118000 r-xs 0000a000 fc:00 2378242    /var/lib/jenkins/plugins/external-monitor-job/WEB-INF/lib/classes.jar
85118000-8511a000 r-xs 00005000 fc:00 2379204    /var/lib/jenkins/plugins/token-macro/WEB-INF/lib/token-macro.jar
8511a000-8511e000 r-xs 00019000 fc:00 2378297    /var/lib/jenkins/plugins/mailer/WEB-INF/lib/classes.jar
8511e000-85121000 r-xs 0000f000 fc:00 2379414    /var/lib/jenkins/plugins/matrix-auth/WEB-INF/lib/classes.jar
85121000-85123000 r-xs 00003000 fc:00 2378336    /var/lib/jenkins/plugins/windows-slaves/WEB-INF/lib/windows-remote-command-1.4.jar
85123000-85126000 r-xs 0001a000 fc:00 2378333    /var/lib/jenkins/plugins/windows-slaves/WEB-INF/lib/j-interopdeps-2.0.6-kohsuke-1.jar
85126000-8512c000 r-xs 00059000 fc:00 2378329    /var/lib/jenkins/plugins/windows-slaves/WEB-INF/lib/j-interop-2.0.6-kohsuke-1.jar
8512c000-8512d000 r-xs 00001000 fc:00 2378338    /var/lib/jenkins/plugins/windows-slaves/WEB-INF/lib/jinterop-proxy-1.1.jar
8512d000-85134000 r-xs 0005b000 fc:00 2378332    /var/lib/jenkins/plugins/windows-slaves/WEB-INF/lib/jcifs-1.3.17-kohsuke-1.jar
85134000-85136000 r-xs 00003000 fc:00 2378323    /var/lib/jenkins/plugins/windows-slaves/WEB-INF/lib/tiger-types-1.1.jar
85136000-85139000 r-xs 0000f000 fc:00 2378330    /var/lib/jenkins/plugins/windows-slaves/WEB-INF/lib/windows-slaves.jar
85139000-8513b000 r-xs 00001000 fc:00 2378337    /var/lib/jenkins/plugins/windows-slaves/WEB-INF/lib/jinterop-wmi-1.1.jar
8513b000-8513d000 r-xs 00013000 fc:00 1433631    /usr/lib/jvm/java-1.6.0-openjdk-1.6.0.0/jre/lib/jce.jar
8513d000-85140000 --xp 8513d000 00:00 0 
85140000-8518e000 rwxp 85140000 00:00 0 
8518e000-85190000 r-xs 00000000 fc:00 2314179    /var/cache/fontconfig/87f5e051180a7a75f16eb6fe7dbd3749-x86.cache-2
85190000-85196000 r-xs 00000000 fc:00 2313995    /var/cache/fontconfig/b79f3aaa7d385a141ab53ec885cc22a8-x86.cache-2
85196000-85199000 r-xs 00000000 fc:00 2313446    /var/cache/fontconfig/b67b32625a2bb51b023d3814a918f351-x86.cache-2
85199000-8519f000 r-xs 00000000 fc:00 2313680    /var/cache/fontconfig/7ddba6133ef499da58de5e8c586d3b75-x86.cache-2
8519f000-851a7000 r-xs 00000000 fc:00 2313445    /var/cache/fontconfig/e19de935dec46bbf3ed114ee4965548a-x86.cache-2
851a7000-851ac000 r-xs 00000000 fc:00 2314001    /var/cache/fontconfig/beeeeb3dfe132a8a0633a017c99ce0c0-x86.cache-2
851ac000-851af000 --xp 851ac000 00:00 0 
851af000-851fd000 rwxp 851af000 00:00 0 
851fd000-85200000 --xp 851fd000 00:00 0 
85200000-8524e000 rwxp 85200000 00:00 0 
8524e000-85254000 r-xs 00036000 fc:00 1990352    /tmp/jetty-0.0.0.0-8080-jenkins.war--any-/webapp/WEB-INF/lib/junit-4.11.jar
85254000-85261000 r-xs 00091000 fc:00 1990344    /tmp/jetty-0.0.0.0-8080-jenkins.war--any-/webapp/WEB-INF/lib/mina-core-2.0.5.jar
85261000-85263000 r-xs 00003000 fc:00 1990312    /tmp/jetty-0.0.0.0-8080-jenkins.war--any-/webapp/WEB-INF/lib/slave-installer-1.2.jar
85263000-85265000 r-xs 00010000 fc:00 1990318    /tmp/jetty-0.0.0.0-8080-jenkins.war--any-/webapp/WEB-INF/lib/jzlib-1.1.3-kohsuke-1.jar
85265000-85266000 r-xs 00004000 fc:00 1990341    /tmp/jetty-0.0.0.0-8080-jenkins.war--any-/webapp/WEB-INF/lib/jbcrypt-0.3m.jar
85266000-85268000 r-xs 00014000 fc:00 1990376    /tmp/jetty-0.0.0.0-8080-jenkins.war--any-/webapp/WEB-INF/lib/owasp-html-sanitizer-r88.jar
85268000-8526b000 r-xs 0001a000 fc:00 1990345    /tmp/jetty-0.0.0.0-8080-jenkins.war--any-/webapp/WEB-INF/lib/j-interopdeps-2.0.6-kohsuke-1.jar
8526b000-85271000 r-xs 00059000 fc:00 1990264    /tmp/jetty-0.0.0.0-8080-jenkins.war--any-/webapp/WEB-INF/lib/j-interop-2.0.6-kohsuke-1.jar
85271000-85273000 r-xs 00006000 fc:00 1990260    /tmp/jetty-0.0.0.0-8080-jenkins.war--any-/webapp/WEB-INF/lib/sezpoz-1.9.jar
85273000-85276000 r-xs 0000d000 fc:00 1990375    /tmp/jetty-0.0.0.0-8080-jenkins.war--any-/webapp/WEB-INF/lib/libzfs-0.5.jar
85276000-85278000 r-xs 00003000 fc:00 1990349    /tmp/jetty-0.0.0.0-8080-jenkins.war--any-/webapp/WEB-INF/lib/libpam4j-1.6.jar
85278000-8527e000 r-xs 0005a000 fc:00 1990297    /tmp/jetty-0.0.0.0-8080-jenkins.war--any-/webapp/WEB-INF/lib/jmdns-3.4.0-jenkins-3.jar
8527e000-85280000 r-xs 00004000 fc:00 1990346    /tmp/jetty-0.0.0.0-8080-jenkins.war--any-/webapp/WEB-INF/lib/stax-api-1.0-2.jar
85280000-85283000 r-xs 0000e000 fc:00 1990334    /tmp/jetty-0.0.0.0-8080-jenkins.war--any-/webapp/WEB-INF/lib/txw2-20110809.jar
85283000-8528b000 r-xs 00048000 fc:00 1990287    /tmp/jetty-0.0.0.0-8080-jenkins.war--any-/webapp/WEB-INF/lib/spring-aop-2.5.6.SEC03.jar
8528b000-85291000 r-xs 00040000 fc:00 1990301    /tmp/jetty-0.0.0.0-8080-jenkins.war--any-/webapp/WEB-INF/lib/spring-core-2.5.6.SEC03.jar
85291000-85296000 r-xs 0002b000 fc:00 1990340    /tmp/jetty-0.0.0.0-8080-jenkins.war--any-/webapp/WEB-INF/lib/spring-web-2.5.6.SEC03.jar
85296000-85298000 r-xs 0000e000 fc:00 1990370    /tmp/jetty-0.0.0.0-8080-jenkins.war--any-/webapp/WEB-INF/lib/oro-2.0.8.jar
85298000-8529c000 r-xs 00014000 fc:00 1990355    /tmp/jetty-0.0.0.0-8080-jenkins.war--any-/webapp/WEB-INF/lib/spring-dao-1.2.9.jar
8529c000-852a9000 r-xs 00079000 fc:00 1990254    /tmp/jetty-0.0.0.0-8080-jenkins.war--any-/webapp/WEB-INF/lib/acegi-security-1.0.7.jar
852a9000-852ab000 r-xs 00008000 fc:00 1990285    /tmp/jetty-0.0.0.0-8080-jenkins.war--any-/webapp/WEB-INF/lib/commons-jelly-tags-xml-1.1.jar
852ab000-852b1000 r-xs 00035000 fc:00 1990323    /tmp/jetty-0.0.0.0-8080-jenkins.war--any-/webapp/WEB-INF/lib/jaxen-1.1-beta-11.jar
852b1000-852b6000 r-xs 00034000 fc:00 1990321    /tmp/jetty-0.0.0.0-8080-jenkins.war--any-/webapp/WEB-INF/lib/commons-beanutils-1.8.3.jar
852b6000-852c2000 r-xs 0006b000 fc:00 1990284    /tmp/jetty-0.0.0.0-8080-jenkins.war--any-/webapp/WEB-INF/lib/xstream-1.4.4-jenkins-5.jar
852c2000-852c8000 r-xs 00067000 fc:00 1990368    /tmp/jetty-0.0.0.0-8080-jenkins.war--any-/webapp/WEB-INF/lib/antlr-2.7.6.jar
852c8000-852c9000 r-xs 00004000 fc:00 1990273    /tmp/jetty-0.0.0.0-8080-jenkins.war--any-/webapp/WEB-INF/lib/task-reactor-1.4.jar
852c9000-852cb000 r-xs 00005000 fc:00 1990304    /tmp/jetty-0.0.0.0-8080-jenkins.war--any-/webapp/WEB-INF/lib/bytecode-compatibility-transformer-1.4.jar
852cb000-852cc000 r-xs 00003000 fc:00 1990335    /tmp/jetty-0.0.0.0-8080-jenkins.war--any-/webapp/WEB-INF/lib/annotation-indexer-1.6.jar
852cc000-852cf000 r-xs 0000e000 fc:00 1990372    /tmp/jetty-0.0.0.0-8080-jenkins.war--any-/webapp/WEB-INF/lib/args4j-2.0.23.jar
852cf000-852d5000 r-xs 00045000 fc:00 1990369    /tmp/jetty-0.0.0.0-8080-jenkins.war--any-/webapp/WEB-INF/lib/commons-httpclient-3.1.jar
852d5000-852d9000 r-xs 00025000 fc:00 1990327    /tmp/jetty-0.0.0.0-8080-jenkins.war--any-/webapp/WEB-INF/lib/stapler-adjunct-timeline-1.4.jar
852d9000-852db000 r-xs 00003000 fc:00 1990309    /tmp/jetty-0.0.0.0-8080-jenkins.war--any-/webapp/WEB-INF/lib/tiger-types-1.3.jar
852db000-852de000 r-xs 00010000 fc:00 1990251    /tmp/jetty-0.0.0.0-8080-jenkins.war--any-/webapp/WEB-INF/lib/commons-discovery-0.4.jar
852de000-852df000 r-xs 00001000 fc:00 1990365    /tmp/jetty-0.0.0.0-8080-jenkins.war--any-/webapp/WEB-INF/lib/stapler-jrebel-1.223.jar
852df000-852e3000 r-xs 00026000 fc:00 1990262    /tmp/jetty-0.0.0.0-8080-jenkins.war--any-/webapp/WEB-INF/lib/commons-jelly-1.1-jenkins-20120928.jar
852e3000-852e6000 r-xs 00013000 fc:00 1990315    /tmp/jetty-0.0.0.0-8080-jenkins.war--any-/webapp/WEB-INF/lib/stapler-jelly-1.223.jar
852e6000-852eb000 r-xs 0003b000 fc:00 1990310    /tmp/jetty-0.0.0.0-8080-jenkins.war--any-/webapp/WEB-INF/lib/trilead-ssh2-build217-jenkins-3.jar
852eb000-852f0000 r-xs 00048000 fc:00 1990320    /tmp/jetty-0.0.0.0-8080-jenkins.war--any-/webapp/WEB-INF/lib/jnr-constants-0.8.5.jar
852f0000-852f2000 r-xs 00008000 fc:00 1990350    /tmp/jetty-0.0.0.0-8080-jenkins.war--any-/webapp/WEB-INF/lib/asm-util-4.0.jar
852f2000-852f4000 r-xs 00004000 fc:00 1990274    /tmp/jetty-0.0.0.0-8080-jenkins.war--any-/webapp/WEB-INF/lib/asm-tree-4.0.jar
852f4000-852f8000 r-xs 00020000 fc:00 1990296    /tmp/jetty-0.0.0.0-8080-jenkins.war--any-/webapp/WEB-INF/lib/jffi-1.2.7.jar
852f8000-85308000 r-xs 0008e000 fc:00 1990339    /tmp/jetty-0.0.0.0-8080-jenkins.war--any-/webapp/WEB-INF/lib/jnr-ffi-1.0.7.jar
85308000-8530c000 r-xs 00023000 fc:00 1990302    /tmp/jetty-0.0.0.0-8080-jenkins.war--any-/webapp/WEB-INF/lib/jnr-posix-3.0.1.jar
8530c000-8530d000 r-xs 00000000 fc:00 1990351    /tmp/jetty-0.0.0.0-8080-jenkins.war--any-/webapp/WEB-INF/lib/javax.inject-1.jar
8530d000-85329000 r-xs 00113000 fc:00 1990289    /tmp/jetty-0.0.0.0-8080-jenkins.war--any-/webapp/WEB-INF/lib/guice-4.0-beta-no_aop.jar
85329000-8532c000 r-xs 0001c000 fc:00 1990373    /tmp/jetty-0.0.0.0-8080-jenkins.war--any-/webapp/WEB-INF/lib/jtidy-4aug2000r7-dev-hudson-1.jar
8532c000-8532e000 r-xs 00008000 fc:00 1990286    /tmp/jetty-0.0.0.0-8080-jenkins.war--any-/webapp/WEB-INF/lib/cli-1.547.jar
8532e000-85426000 r-xs 00832000 fc:00 1990248    /tmp/jetty-0.0.0.0-8080-jenkins.war--any-/webapp/WEB-INF/lib/jenkins-core-1.547.jar
85426000-8542a000 r-xs 0001f000 fc:00 1990288    /tmp/jetty-0.0.0.0-8080-jenkins.war--any-/webapp/WEB-INF/lib/commons-jexl-1.1-jenkins-20111212.jar
8542a000-8542c000 r-xs 00003000 fc:00 1990322    /tmp/jetty-0.0.0.0-8080-jenkins.war--any-/webapp/WEB-INF/lib/jstl-1.1.0.jar
8542c000-8542e000 r-xs 00010000 fc:00 1990270    /tmp/jetty-0.0.0.0-8080-jenkins.war--any-/webapp/WEB-INF/lib/activation-1.1.1-hudson-1.jar
8542e000-8542f000 r-xs 00004000 fc:00 1990324    /tmp/jetty-0.0.0.0-8080-jenkins.war--any-/webapp/WEB-INF/lib/akuma-1.9.jar
8542f000-85431000 r-xs 0001a000 fc:00 1990359    /tmp/jetty-0.0.0.0-8080-jenkins.war--any-/webapp/WEB-INF/lib/jansi-1.9.jar
85431000-85434000 r-xs 00006000 fc:00 1990294    /tmp/jetty-0.0.0.0-8080-jenkins.war--any-/webapp/WEB-INF/lib/jsr305-1.3.9.jar
85434000-85436000 r-xs 00000000 fc:00 1990367    /tmp/jetty-0.0.0.0-8080-jenkins.war--any-/webapp/WEB-INF/lib/aopalliance-1.0.jar
85436000-8543d000 r-xs 0004b000 fc:00 1990325    /tmp/jetty-0.0.0.0-8080-jenkins.war--any-/webapp/WEB-INF/lib/stapler-1.223.jar
8543d000-85444000 r-xs 00072000 fc:00 1990256    /tmp/jetty-0.0.0.0-8080-jenkins.war--any-/webapp/WEB-INF/lib/mail-1.4.4.jar
85444000-85471000 r-xs 001bb000 fc:00 1990247    /tmp/jetty-0.0.0.0-8080-jenkins.war--any-/webapp/WEB-INF/lib/bcprov-jdk15on-1.47.jar
85471000-85474000 r-xs 00013000 fc:00 1990342    /tmp/jetty-0.0.0.0-8080-jenkins.war--any-/webapp/WEB-INF/lib/jna-posix-1.0.3.jar
85474000-85477000 r-xs 00018000 fc:00 1990328    /tmp/jetty-0.0.0.0-8080-jenkins.war--any-/webapp/WEB-INF/lib/commons-io-1.4.jar
85477000-85479000 r-xs 00008000 fc:00 1990356    /tmp/jetty-0.0.0.0-8080-jenkins.war--any-/webapp/WEB-INF/lib/asm-commons-4.0.jar
85479000-8547c000 r-xs 00015000 fc:00 1990337    /tmp/jetty-0.0.0.0-8080-jenkins.war--any-/webapp/WEB-INF/lib/spring-context-support-2.5.6.SEC03.jar
8547c000-8547e000 r-xs 00004000 fc:00 1990313    /tmp/jetty-0.0.0.0-8080-jenkins.war--any-/webapp/WEB-INF/lib/launchd-slave-installer-1.2.jar
8547e000-85481000 r-xs 00020000 fc:00 1990276    /tmp/jetty-0.0.0.0-8080-jenkins.war--any-/webapp/WEB-INF/lib/json-lib-2.4-jenkins-2.jar
85481000-85483000 r-xs 00014000 fc:00 1990307    /tmp/jetty-0.0.0.0-8080-jenkins.war--any-/webapp/WEB-INF/lib/jline-0.9.94.jar
85483000-85486000 r-xs 0001b000 fc:00 1990363    /tmp/jetty-0.0.0.0-8080-jenkins.war--any-/webapp/WEB-INF/lib/xpp3-1.1.4c.jar
85486000-854e4000 r-xs 00592000 fc:00 1990360    /tmp/jetty-0.0.0.0-8080-jenkins.war--any-/webapp/WEB-INF/lib/groovy-all-1.8.9.jar
854e4000-854e6000 r-xs 00004000 fc:00 1990290    /tmp/jetty-0.0.0.0-8080-jenkins.war--any-/webapp/WEB-INF/lib/commons-jelly-tags-define-1.0.1-hudson-20071021.jar
854e6000-854ec000 r-xs 0002b000 fc:00 1990311    /tmp/jetty-0.0.0.0-8080-jenkins.war--any-/webapp/WEB-INF/lib/commons-digester-2.1.jar
854ec000-854ed000 r-xs 00001000 fc:00 1990330    /tmp/jetty-0.0.0.0-8080-jenkins.war--any-/webapp/WEB-INF/lib/access-modifier-annotation-1.4.jar
854ed000-854f4000 r-xs 0003a000 fc:00 1990277    /tmp/jetty-0.0.0.0-8080-jenkins.war--any-/webapp/WEB-INF/lib/commons-codec-1.8.jar
854f4000-85500000 r-xs 00069000 fc:00 1990361    /tmp/jetty-0.0.0.0-8080-jenkins.war--any-/webapp/WEB-INF/lib/spring-context-2.5.6.SEC03.jar
85500000-85600000 rwxp 85500000 00:00 0 
85600000-856ff000 rwxp 85600000 00:00 0 
856ff000-85700000 --xp 856ff000 00:00 0 
85700000-85702000 r-xs 00000000 fc:00 2312954    /var/cache/fontconfig/e3ead4b767b8819993a6fa3ae306afa9-x86.cache-2
85702000-85706000 r-xs 00030000 fc:00 1433547    /usr/lib/jvm/java-1.6.0-openjdk-1.6.0.0/jre/lib/ext/sunjce_provider.jar
85706000-85709000 r-xs 00033000 fc:00 1990316    /tmp/jetty-0.0.0.0-8080-jenkins.war--any-/webapp/WEB-INF/lib/jnr-x86asm-1.0.2.jar
85709000-85711000 r-xs 00054000 fc:00 1990278    /tmp/jetty-0.0.0.0-8080-jenkins.war--any-/webapp/WEB-INF/lib/sshd-core-0.8.0.jar
85711000-85716000 r-xs 0003d000 fc:00 1990295    /tmp/jetty-0.0.0.0-8080-jenkins.war--any-/webapp/WEB-INF/lib/dom4j-1.6.1-hudson-3.jar
85716000-85719000 r-xs 00013000 fc:00 1990354    /tmp/jetty-0.0.0.0-8080-jenkins.war--any-/webapp/WEB-INF/lib/ezmorph-1.0.6.jar
85719000-8571a000 r-xs 00003000 fc:00 1990329    /tmp/jetty-0.0.0.0-8080-jenkins.war--any-/webapp/WEB-INF/lib/constant-pool-scanner-1.2.jar
8571a000-8571f000 r-xs 00041000 fc:00 1990347    /tmp/jetty-0.0.0.0-8080-jenkins.war--any-/webapp/WEB-INF/lib/commons-lang-2.6.jar
8571f000-85720000 r-xs 00001000 fc:00 1990261    /tmp/jetty-0.0.0.0-8080-jenkins.war--any-/webapp/WEB-INF/lib/xmlpull-1.1.3.1.jar
85720000-85722000 r-xs 00000000 fc:00 1990366    /tmp/jetty-0.0.0.0-8080-jenkins.war--any-/webapp/WEB-INF/lib/windows-package-checker-1.0.jar
85722000-85725000 r-xs 0000c000 fc:00 1990271    /tmp/jetty-0.0.0.0-8080-jenkins.war--any-/webapp/WEB-INF/lib/commons-fileupload-1.2.1.jar
85725000-85727000 r-xs 00009000 fc:00 1990267    /tmp/jetty-0.0.0.0-8080-jenkins.war--any-/webapp/WEB-INF/lib/hamcrest-core-1.3.jar
85727000-85728000 r-xs 00000000 fc:00 1990374    /tmp/jetty-0.0.0.0-8080-jenkins.war--any-/webapp/WEB-INF/lib/bridge-method-annotation-1.9.jar
85728000-8572a000 r-xs 00001000 fc:00 1990308    /tmp/jetty-0.0.0.0-8080-jenkins.war--any-/webapp/WEB-INF/lib/ssh-cli-auth-1.2.jar
8572a000-8572b000 r-xs 00004000 fc:00 1990358    /tmp/jetty-0.0.0.0-8080-jenkins.war--any-/webapp/WEB-INF/lib/asm-analysis-4.0.jar
8572b000-8572d000 r-xs 0000e000 fc:00 1990357    /tmp/jetty-0.0.0.0-8080-jenkins.war--any-/webapp/WEB-INF/lib/commons-logging-1.1.3.jar
8572d000-8572e000 r-xs 00001000 fc:00 1990362    /tmp/jetty-0.0.0.0-8080-jenkins.war--any-/webapp/WEB-INF/lib/trilead-putty-extension-1.2.jar
8572e000-85730000 r-xs 00000000 fc:00 1990306    /tmp/jetty-0.0.0.0-8080-jenkins.war--any-/webapp/WEB-INF/lib/crypto-util-1.1.jar
85730000-8573f000 r-xs 0012d000 fc:00 1990331    /tmp/jetty-0.0.0.0-8080-jenkins.war--any-/webapp/WEB-INF/lib/jfreechart-1.0.9.jar
8573f000-85740000 r-xs 00004000 fc:00 1990293    /tmp/jetty-0.0.0.0-8080-jenkins.war--any-/webapp/WEB-INF/lib/relaxngDatatype-20020414.jar
85740000-85746000 r-xs 00046000 fc:00 1990343    /tmp/jetty-0.0.0.0-8080-jenkins.war--any-/webapp/WEB-INF/lib/jcommon-1.0.12.jar
85746000-85748000 r-xs 00005000 fc:00 1990319    /tmp/jetty-0.0.0.0-8080-jenkins.war--any-/webapp/WEB-INF/lib/slf4j-api-1.7.4.jar
85748000-8574d000 r-xs 00029000 fc:00 1990252    /tmp/jetty-0.0.0.0-8080-jenkins.war--any-/webapp/WEB-INF/lib/spring-jdbc-1.2.9.jar
8574d000-8574e000 r-xs 00001000 fc:00 1990282    /tmp/jetty-0.0.0.0-8080-jenkins.war--any-/webapp/WEB-INF/lib/instance-identity-1.3.jar
8574e000-8574f000 r-xs 00005000 fc:00 1990348    /tmp/jetty-0.0.0.0-8080-jenkins.war--any-/webapp/WEB-INF/lib/commons-jelly-tags-fmt-1.0.jar
8574f000-85755000 r-xs 0007a000 fc:00 1990333    /tmp/jetty-0.0.0.0-8080-jenkins.war--any-/webapp/WEB-INF/lib/wstx-asl-3.2.9.jar
85755000-8575e000 r-xs 0005a000 fc:00 1990263    /tmp/jetty-0.0.0.0-8080-jenkins.war--any-/webapp/WEB-INF/lib/spring-webmvc-2.5.6.SEC03.jar
8575e000-85760000 r-xs 00002000 fc:00 1990332    /tmp/jetty-0.0.0.0-8080-jenkins.war--any-/webapp/WEB-INF/lib/stapler-adjunct-zeroclipboard-1.1.7-1.jar
85760000-85761000 r-xs 00004000 fc:00 1990246    /tmp/jetty-0.0.0.0-8080-jenkins.war--any-/webapp/WEB-INF/lib/ant-launcher-1.8.3.jar
85761000-85762000 r-xs 00002000 fc:00 1990280    /tmp/jetty-0.0.0.0-8080-jenkins.war--any-/webapp/WEB-INF/lib/version-number-1.1.jar
85762000-85763000 r-xs 00001000 fc:00 1990353    /tmp/jetty-0.0.0.0-8080-jenkins.war--any-/webapp/WEB-INF/lib/slf4j-jdk14-1.7.4.jar
85763000-85764000 r-xs 00001000 fc:00 1990303    /tmp/jetty-0.0.0.0-8080-jenkins.war--any-/webapp/WEB-INF/lib/localizer-1.10.jar
85764000-85765000 r-xs 00007000 fc:00 1990314    /tmp/jetty-0.0.0.0-8080-jenkins.war--any-/webapp/WEB-INF/lib/stapler-groovy-1.223.jar
85765000-85766000 r-xs 00004000 fc:00 1990371    /tmp/jetty-0.0.0.0-8080-jenkins.war--any-/webapp/WEB-INF/lib/winp-1.16.jar
85766000-85768000 r-xs 00004000 fc:00 1990317    /tmp/jetty-0.0.0.0-8080-jenkins.war--any-/webapp/WEB-INF/lib/sshd-1.6.jar
85768000-8576a000 r-xs 0000a000 fc:00 1990253    /tmp/jetty-0.0.0.0-8080-jenkins.war--any-/webapp/WEB-INF/lib/asm-4.0.jar
8576a000-8576c000 r-xs 00005000 fc:00 1990283    /tmp/jetty-0.0.0.0-8080-jenkins.war--any-/webapp/WEB-INF/lib/javax.annotation-api-1.2.jar
8576c000-85773000 r-xs 0004e000 fc:00 1990269    /tmp/jetty-0.0.0.0-8080-jenkins.war--any-/webapp/WEB-INF/lib/remoting-2.33.jar
85773000-85775000 r-xs 00000000 fc:00 1990279    /tmp/jetty-0.0.0.0-8080-jenkins.war--any-/webapp/WEB-INF/lib/robust-http-client-1.2.jar
85775000-85777000 r-xs 00005000 fc:00 1990281    /tmp/jetty-0.0.0.0-8080-jenkins.war--any-/webapp/WEB-INF/lib/stax-api-1.0.1.jar
85777000-85797000 r-xs 00173000 fc:00 1990299    /tmp/jetty-0.0.0.0-8080-jenkins.war--any-/webapp/WEB-INF/lib/guava-11.0.1.jar
85797000-857b5000 r-xs 001bc000 fc:00 1990265    /tmp/jetty-0.0.0.0-8080-jenkins.war--any-/webapp/WEB-INF/lib/ant-1.8.3.jar
857b5000-857b7000 r-xs 00005000 fc:00 1990291    /tmp/jetty-0.0.0.0-8080-jenkins.war--any-/webapp/WEB-INF/lib/xpp3_min-1.1.4c.jar
857b7000-857bd000 r-xs 00057000 fc:00 1990300    /tmp/jetty-0.0.0.0-8080-jenkins.war--any-/webapp/WEB-INF/lib/jcifs-1.2.19.jar
857bd000-857be000 r-xs 00001000 fc:00 1990364    /tmp/jetty-0.0.0.0-8080-jenkins.war--any-/webapp/WEB-INF/lib/embedded_su4j-1.1.jar
857be000-857c4000 r-xs 0004f000 fc:00 1990305    /tmp/jetty-0.0.0.0-8080-jenkins.war--any-/webapp/WEB-INF/lib/asm3-3.3.0.jar
857c4000-857d2000 r-xs 0007f000 fc:00 1990266    /tmp/jetty-0.0.0.0-8080-jenkins.war--any-/webapp/WEB-INF/lib/commons-collections-3.2.1.jar
857d2000-857de000 r-xs 00072000 fc:00 1990258    /tmp/jetty-0.0.0.0-8080-jenkins.war--any-/webapp/WEB-INF/lib/bcpkix-jdk15on-1.47.jar
857de000-857e1000 r-xs 00076000 fc:00 1433545    /usr/lib/jvm/java-1.6.0-openjdk-1.6.0.0/jre/lib/ext/localedata.jar
857e1000-857fb000 r-xs 00194000 fc:00 1990231    /tmp/winstone2341467522738278165.jar
857fc000-85800000 r-xs 000d0000 fc:00 1987304    /tmp/jna2189694330575029069jar
85800000-858fe000 rwxp 85800000 00:00 0 
858fe000-85900000 --xp 858fe000 00:00 0 
85900000-85902000 r-xs 0000d000 fc:00 1990275    /tmp/jetty-0.0.0.0-8080-jenkins.war--any-/webapp/WEB-INF/lib/stapler-adjunct-codemirror-1.2.jar
85902000-85906000 r-xs 0003a000 fc:00 1433633    /usr/lib/jvm/java-1.6.0-openjdk-1.6.0.0/jre/lib/jsse.jar
85906000-85907000 r-xs 00009000 fc:00 1990298    /tmp/jetty-0.0.0.0-8080-jenkins.war--any-/webapp/WEB-INF/lib/windows-slave-installer-1.3.jar
85907000-8590f000 r-xs 0004f000 fc:00 1990255    /tmp/jetty-0.0.0.0-8080-jenkins.war--any-/webapp/WEB-INF/lib/log4j-1.2.9.jar
8590f000-85919000 r-xs 0006e000 fc:00 1990292    /tmp/jetty-0.0.0.0-8080-jenkins.war--any-/webapp/WEB-INF/lib/spring-beans-2.5.6.SEC03.jar
85919000-8591a000 r-xs 00002000 fc:00 1990336    /tmp/jetty-0.0.0.0-8080-jenkins.war--any-/webapp/WEB-INF/lib/upstart-slave-installer-1.1.jar
8591a000-8591e000 r-xs 000d0000 fc:00 1990268    /tmp/jetty-0.0.0.0-8080-jenkins.war--any-/webapp/WEB-INF/lib/jna-3.3.0-jenkins-3.jar
8591e000-85920000 r-xs 0005d000 fc:00 1990338    /tmp/jetty-0.0.0.0-8080-jenkins.war--any-/webapp/WEB-INF/lib/jffi-1.2.7-native.jar
85920000-85929000 r-xs 00053000 fc:00 1433646    /usr/lib/jvm/java-1.6.0-openjdk-1.6.0.0/jre/lib/resources.jar
85929000-85932000 r-xs 00060000 fc:00 1433544    /usr/lib/jvm/java-1.6.0-openjdk-1.6.0.0/jre/lib/ext/gnome-java-bridge.jar
85932000-8594f000 r-xs 03fd6000 fc:00 1596793    /usr/lib/jenkins/jenkins.war
8594f000-85950000 --xp 8594f000 00:00 0 
85950000-859d0000 rwxp 85950000 00:00 0 
859d0000-859d3000 --xp 859d0000 00:00 0 
859d3000-85a21000 rwxp 859d3000 00:00 0 
85a21000-85a24000 --xp 85a21000 00:00 0 
85a24000-85aa2000 rwxp 85a24000 00:00 0 
85aa2000-85aa5000 --xp 85aa2000 00:00 0 
85aa5000-85b23000 rwxp 85aa5000 00:00 0 
85b23000-85b26000 --xp 85b23000 00:00 0 
85b26000-85b74000 rwxp 85b26000 00:00 0 
85b74000-85d74000 r-xp 00000000 fc:00 1111976    /usr/lib/locale/locale-archive
85d74000-85d77000 --xp 85d74000 00:00 0 
85d77000-85dc5000 rwxp 85d77000 00:00 0 
85dc5000-85dc8000 --xp 85dc5000 00:00 0 
85dc8000-85e16000 rwxp 85dc8000 00:00 0 
85e16000-85e17000 --xp 85e16000 00:00 0 
85e17000-85ecc000 rwxp 85e17000 00:00 0 
85ecc000-8606a000 r-xs 01a0a000 fc:00 1433648    /usr/lib/jvm/java-1.6.0-openjdk-1.6.0.0/jre/lib/rt.jar
8606a000-8606b000 --xp 8606a000 00:00 0 
8606b000-860eb000 rwxp 8606b000 00:00 0 
860eb000-860ec000 --xp 860eb000 00:00 0 
860ec000-86191000 rwxp 860ec000 00:00 0 
86191000-861ac000 rwxp 86191000 00:00 0 
861ac000-861bd000 rwxp 861ac000 00:00 0 
861bd000-8627a000 rwxp 861bd000 00:00 0 
8627a000-8629f000 rwxp 8627a000 00:00 0 
8629f000-862ba000 rwxp 8629f000 00:00 0 
862ba000-862cb000 rwxp 862ba000 00:00 0 
862cb000-86388000 rwxp 862cb000 00:00 0 
86388000-86393000 rwxp 86388000 00:00 0 
86393000-863ab000 --xp 86393000 00:00 0 
863ab000-863ef000 rwxp 863ab000 00:00 0 
863ef000-8add0000 rwxp 863ef000 00:00 0 
8add0000-8e3f0000 rwxp 8add0000 00:00 0 
8e3f0000-90440000 rwxp 8e3f0000 00:00 0 
90440000-a7ff0000 rwxp 90440000 00:00 0 
a7ff0000-a95c0000 rwxp a7ff0000 00:00 0 
a95c0000-ac490000 --xp a95c0000 00:00 0 
ac490000-b4df0000 rwxp ac490000 00:00 0 
b4df0000-b4df1000 r-xs 00004000 fc:00 2378138    /var/lib/jenkins/plugins/maven-plugin/WEB-INF/lib/ant-launcher-1.9.2.jar
b4df1000-b4dfe000 rwxp b4df1000 00:00 0 
b4dfe000-b4eb1000 rwxp b4dfe000 00:00 0 
b4eb1000-b51e9000 rwxp b4eb1000 00:00 0 
b51e9000-b7eb1000 rw-p b51e9000 00:00 0 
b7eb1000-b7eb4000 ---p b7eb1000 00:00 0 
b7eb4000-b7f04000 rw-p b7eb4000 00:00 0 
b7f04000-b7f05000 r--s 00003000 fc:00 1990259    /tmp/jetty-0.0.0.0-8080-jenkins.war--any-/webapp/WEB-INF/lib/memory-monitor-1.7.jar
b7f05000-b7f0d000 rw-s 00000000 fc:00 1987154    /tmp/hsperfdata_jenkins/2041
b7f0d000-b7f0e000 rw-p b7f0d000 00:00 0 
b7f0e000-b7f0f000 r--p b7f0e000 00:00 0 
b7f0f000-b7f10000 rw-p b7f0f000 00:00 0 
bfa96000-bfacc000 rw-p bffc8000 00:00 0          [stack]

VM Arguments:
jvm_args: -Dcom.sun.akuma.Daemon=daemonized -Djava.awt.headless=true -DJENKINS_HOME=/var/lib/jenkins 
java_command: /usr/lib/jenkins/jenkins.war --logfile=/var/log/jenkins/jenkins.log --webroot=/var/cache/jenkins/war --daemon --httpPort=8080 --ajp13Port=8009 --debug=5 --handlerCountMax=100 --handlerCountMaxIdle=20
Launcher Type: SUN_STANDARD

Environment Variables:
PATH=/sbin:/usr/sbin:/bin:/usr/bin
LD_LIBRARY_PATH=/usr/lib/jvm/java-1.6.0-openjdk-1.6.0.0/jre/lib/i386/server:/usr/lib/jvm/java-1.6.0-openjdk-1.6.0.0/jre/lib/i386:/usr/lib/jvm/java-1.6.0-openjdk-1.6.0.0/jre/../lib/i386
SHELL=/bin/bash

Signal Handlers:
SIGSEGV: [libjvm.so+0x6e24a0], sa_mask[0]=0x7ffbfeff, sa_flags=0x10000004
SIGBUS: [libjvm.so+0x6e24a0], sa_mask[0]=0x7ffbfeff, sa_flags=0x10000004
SIGFPE: [libjvm.so+0x59b100], sa_mask[0]=0x7ffbfeff, sa_flags=0x10000004
SIGPIPE: [libjvm.so+0x59b100], sa_mask[0]=0x7ffbfeff, sa_flags=0x10000004
SIGXFSZ: [libjvm.so+0x59b100], sa_mask[0]=0x7ffbfeff, sa_flags=0x10000004
SIGILL: [libjvm.so+0x59b100], sa_mask[0]=0x7ffbfeff, sa_flags=0x10000004
SIGUSR1: SIG_DFL, sa_mask[0]=0x00000000, sa_flags=0x00000000
SIGUSR2: [libjvm.so+0x59db30], sa_mask[0]=0x00000004, sa_flags=0x10000004
SIGHUP: [libjvm.so+0x59c6e0], sa_mask[0]=0x7ffbfeff, sa_flags=0x10000004
SIGINT: [libjvm.so+0x59c6e0], sa_mask[0]=0x7ffbfeff, sa_flags=0x10000004
SIGTERM: [libjvm.so+0x59c6e0], sa_mask[0]=0x7ffbfeff, sa_flags=0x10000004
SIGQUIT: [libjvm.so+0x59c6e0], sa_mask[0]=0x7ffbfeff, sa_flags=0x10000004


---------------  S Y S T E M  ---------------

OS:CentOS release 5.7 (Final)

uname:Linux 2.6.18-274.3.1.el5 #1 SMP Tue Sep 6 20:14:03 EDT 2011 i686
libc:glibc 2.5 NPTL 2.5 
rlimit: STACK 10240k, CORE 0k, NPROC 47999, NOFILE 1024, AS infinity
load average:3.96 2.04 0.80

/proc/meminfo:
MemTotal:      2530224 kB
MemFree:       1797268 kB
Buffers:         34384 kB
Cached:         471328 kB
SwapCached:          0 kB
Active:         311952 kB
Inactive:       388820 kB
HighTotal:     2154432 kB
HighFree:       967580 kB
LowTotal:       375792 kB
LowFree:        829688 kB
SwapTotal:     4063224 kB
SwapFree:      4063224 kB
Dirty:            4144 kB
Writeback:           0 kB
AnonPages:      195020 kB
Mapped:          47912 kB
Slab:            20636 kB
PageTables:       3388 kB
NFS_Unstable:        0 kB
Bounce:             36 kB
CommitLimit:   5328336 kB
Committed_AS:   500984 kB
VmallocTotal:   114680 kB
VmallocUsed:      4904 kB
VmallocChunk:   109420 kB
HugePages_Total:     0
HugePages_Free:      0
HugePages_Rsvd:      0
Hugepagesize:     4096 kB


CPU:total 2 (1 cores per cpu, 1 threads per core) family 6 model 6 stepping 3, cmov, cx8, fxsr, mmx, sse, sse2, sse3

Memory: 4k page, physical 2530224k(1797268k free), swap 4063224k(4063224k free)

vm_info: OpenJDK Server VM (19.0-b09) for linux-x86 JRE (1.6.0_20-b20), built on Jun  8 2011 19:00:13 by "mockbuild" with gcc 4.1.2 20080704 (Red Hat 4.1.2-50)

time: Thu Feb  6 07:05:27 2014
elapsed time: 199 seconds

