Apr 22, 2021 8:26:49 PM FINE org.opensaml.saml.metadata.resolver.impl.AbstractReloadingMetadataResolver refresh
Metadata Resolver FilesystemMetadataResolver org.opensaml.saml.metadata.resolver.impl.FilesystemMetadataResolver: Beginning refresh of metadata from '/var/jenkins_home/saml-sp-metadata.xml'
Apr 22, 2021 8:26:49 PM FINE org.opensaml.saml.metadata.resolver.impl.AbstractReloadingMetadataResolver refresh
Metadata Resolver FilesystemMetadataResolver org.opensaml.saml.metadata.resolver.impl.FilesystemMetadataResolver: Processing new metadata from '/var/jenkins_home/saml-sp-metadata.xml'
Apr 22, 2021 8:26:49 PM FINE org.opensaml.saml.metadata.resolver.impl.AbstractReloadingMetadataResolver processNewMetadata
Metadata Resolver FilesystemMetadataResolver org.opensaml.saml.metadata.resolver.impl.FilesystemMetadataResolver: Unmarshalling metadata from '/var/jenkins_home/saml-sp-metadata.xml'
Apr 22, 2021 8:26:49 PM FINEST org.opensaml.saml.metadata.resolver.impl.AbstractMetadataResolver unmarshallMetadata
Metadata Resolver FilesystemMetadataResolver org.opensaml.saml.metadata.resolver.impl.FilesystemMetadataResolver: Parsing retrieved metadata into a DOM object
Apr 22, 2021 8:26:49 PM FINEST org.opensaml.saml.metadata.resolver.impl.AbstractMetadataResolver unmarshallMetadata
Metadata Resolver FilesystemMetadataResolver org.opensaml.saml.metadata.resolver.impl.FilesystemMetadataResolver: Unmarshalling and caching metadata DOM
Apr 22, 2021 8:26:49 PM FINE org.opensaml.saml.metadata.resolver.impl.AbstractReloadingMetadataResolver processNonExpiredMetadata
Metadata Resolver FilesystemMetadataResolver org.opensaml.saml.metadata.resolver.impl.FilesystemMetadataResolver: Preprocessing metadata from '/var/jenkins_home/saml-sp-metadata.xml'
Apr 22, 2021 8:26:49 PM FINE org.opensaml.saml.metadata.resolver.impl.AbstractReloadingMetadataResolver processNonExpiredMetadata
Metadata Resolver FilesystemMetadataResolver org.opensaml.saml.metadata.resolver.impl.FilesystemMetadataResolver: Releasing cached DOM for metadata from '/var/jenkins_home/saml-sp-metadata.xml'
Apr 22, 2021 8:26:49 PM FINE org.opensaml.saml.metadata.resolver.impl.AbstractReloadingMetadataResolver processNonExpiredMetadata
Metadata Resolver FilesystemMetadataResolver org.opensaml.saml.metadata.resolver.impl.FilesystemMetadataResolver: Post-processing metadata from '/var/jenkins_home/saml-sp-metadata.xml'
Apr 22, 2021 8:26:49 PM FINE org.opensaml.saml.metadata.resolver.impl.AbstractReloadingMetadataResolver processNonExpiredMetadata
Metadata Resolver FilesystemMetadataResolver org.opensaml.saml.metadata.resolver.impl.FilesystemMetadataResolver: Computing expiration time for metadata from '/var/jenkins_home/saml-sp-metadata.xml'
Apr 22, 2021 8:26:49 PM FINE org.opensaml.saml.metadata.resolver.impl.AbstractReloadingMetadataResolver processNonExpiredMetadata
Metadata Resolver FilesystemMetadataResolver org.opensaml.saml.metadata.resolver.impl.FilesystemMetadataResolver: Expiration of metadata from '/var/jenkins_home/saml-sp-metadata.xml' will occur at 2021-04-22T22:26:49.001Z
Apr 22, 2021 8:26:49 PM INFO org.opensaml.saml.metadata.resolver.impl.AbstractReloadingMetadataResolver processNonExpiredMetadata
Metadata Resolver FilesystemMetadataResolver org.opensaml.saml.metadata.resolver.impl.FilesystemMetadataResolver: New metadata successfully loaded for '/var/jenkins_home/saml-sp-metadata.xml'
Apr 22, 2021 8:26:49 PM INFO org.opensaml.saml.metadata.resolver.impl.AbstractReloadingMetadataResolver refresh
Metadata Resolver FilesystemMetadataResolver org.opensaml.saml.metadata.resolver.impl.FilesystemMetadataResolver: Next refresh cycle for metadata provider '/var/jenkins_home/saml-sp-metadata.xml' will occur on '2021-04-22T21:26:49.002Z' ('2021-04-22T23:26:49.002+02:00' local time)
Apr 22, 2021 8:26:52 PM FINE org.opensaml.saml.metadata.resolver.impl.AbstractReloadingMetadataResolver refresh
Metadata Resolver FilesystemMetadataResolver org.opensaml.saml.metadata.resolver.impl.FilesystemMetadataResolver: Beginning refresh of metadata from '/var/jenkins_home/saml-sp-metadata.xml'
Apr 22, 2021 8:26:52 PM FINE org.opensaml.saml.metadata.resolver.impl.AbstractReloadingMetadataResolver refresh
Metadata Resolver FilesystemMetadataResolver org.opensaml.saml.metadata.resolver.impl.FilesystemMetadataResolver: Processing new metadata from '/var/jenkins_home/saml-sp-metadata.xml'
Apr 22, 2021 8:26:52 PM FINE org.opensaml.saml.metadata.resolver.impl.AbstractReloadingMetadataResolver processNewMetadata
Metadata Resolver FilesystemMetadataResolver org.opensaml.saml.metadata.resolver.impl.FilesystemMetadataResolver: Unmarshalling metadata from '/var/jenkins_home/saml-sp-metadata.xml'
Apr 22, 2021 8:26:52 PM FINEST org.opensaml.saml.metadata.resolver.impl.AbstractMetadataResolver unmarshallMetadata
Metadata Resolver FilesystemMetadataResolver org.opensaml.saml.metadata.resolver.impl.FilesystemMetadataResolver: Parsing retrieved metadata into a DOM object
Apr 22, 2021 8:26:52 PM FINEST org.opensaml.saml.metadata.resolver.impl.AbstractMetadataResolver unmarshallMetadata
Metadata Resolver FilesystemMetadataResolver org.opensaml.saml.metadata.resolver.impl.FilesystemMetadataResolver: Unmarshalling and caching metadata DOM
Apr 22, 2021 8:26:52 PM FINE org.opensaml.saml.metadata.resolver.impl.AbstractReloadingMetadataResolver processNonExpiredMetadata
Metadata Resolver FilesystemMetadataResolver org.opensaml.saml.metadata.resolver.impl.FilesystemMetadataResolver: Preprocessing metadata from '/var/jenkins_home/saml-sp-metadata.xml'
Apr 22, 2021 8:26:52 PM FINE org.opensaml.saml.metadata.resolver.impl.AbstractReloadingMetadataResolver processNonExpiredMetadata
Metadata Resolver FilesystemMetadataResolver org.opensaml.saml.metadata.resolver.impl.FilesystemMetadataResolver: Releasing cached DOM for metadata from '/var/jenkins_home/saml-sp-metadata.xml'
Apr 22, 2021 8:26:52 PM FINE org.opensaml.saml.metadata.resolver.impl.AbstractReloadingMetadataResolver processNonExpiredMetadata
Metadata Resolver FilesystemMetadataResolver org.opensaml.saml.metadata.resolver.impl.FilesystemMetadataResolver: Post-processing metadata from '/var/jenkins_home/saml-sp-metadata.xml'
Apr 22, 2021 8:26:52 PM FINE org.opensaml.saml.metadata.resolver.impl.AbstractReloadingMetadataResolver processNonExpiredMetadata
Metadata Resolver FilesystemMetadataResolver org.opensaml.saml.metadata.resolver.impl.FilesystemMetadataResolver: Computing expiration time for metadata from '/var/jenkins_home/saml-sp-metadata.xml'
Apr 22, 2021 8:26:52 PM FINE org.opensaml.saml.metadata.resolver.impl.AbstractReloadingMetadataResolver processNonExpiredMetadata
Metadata Resolver FilesystemMetadataResolver org.opensaml.saml.metadata.resolver.impl.FilesystemMetadataResolver: Expiration of metadata from '/var/jenkins_home/saml-sp-metadata.xml' will occur at 2021-04-22T22:26:52.284Z
Apr 22, 2021 8:26:52 PM INFO org.opensaml.saml.metadata.resolver.impl.AbstractReloadingMetadataResolver processNonExpiredMetadata
Metadata Resolver FilesystemMetadataResolver org.opensaml.saml.metadata.resolver.impl.FilesystemMetadataResolver: New metadata successfully loaded for '/var/jenkins_home/saml-sp-metadata.xml'
Apr 22, 2021 8:26:52 PM INFO org.opensaml.saml.metadata.resolver.impl.AbstractReloadingMetadataResolver refresh
Metadata Resolver FilesystemMetadataResolver org.opensaml.saml.metadata.resolver.impl.FilesystemMetadataResolver: Next refresh cycle for metadata provider '/var/jenkins_home/saml-sp-metadata.xml' will occur on '2021-04-22T21:26:52.288Z' ('2021-04-22T23:26:52.288+02:00' local time)
Apr 22, 2021 8:26:54 PM FINE org.opensaml.saml.metadata.resolver.impl.AbstractReloadingMetadataResolver refresh
Metadata Resolver FilesystemMetadataResolver org.opensaml.saml.metadata.resolver.impl.FilesystemMetadataResolver: Beginning refresh of metadata from '/var/jenkins_home/saml-sp-metadata.xml'
Apr 22, 2021 8:26:54 PM FINE org.opensaml.saml.metadata.resolver.impl.AbstractReloadingMetadataResolver refresh
Metadata Resolver FilesystemMetadataResolver org.opensaml.saml.metadata.resolver.impl.FilesystemMetadataResolver: Processing new metadata from '/var/jenkins_home/saml-sp-metadata.xml'
Apr 22, 2021 8:26:54 PM FINE org.opensaml.saml.metadata.resolver.impl.AbstractReloadingMetadataResolver processNewMetadata
Metadata Resolver FilesystemMetadataResolver org.opensaml.saml.metadata.resolver.impl.FilesystemMetadataResolver: Unmarshalling metadata from '/var/jenkins_home/saml-sp-metadata.xml'
Apr 22, 2021 8:26:54 PM FINEST org.opensaml.saml.metadata.resolver.impl.AbstractMetadataResolver unmarshallMetadata
Metadata Resolver FilesystemMetadataResolver org.opensaml.saml.metadata.resolver.impl.FilesystemMetadataResolver: Parsing retrieved metadata into a DOM object
Apr 22, 2021 8:26:54 PM FINEST org.opensaml.saml.metadata.resolver.impl.AbstractMetadataResolver unmarshallMetadata
Metadata Resolver FilesystemMetadataResolver org.opensaml.saml.metadata.resolver.impl.FilesystemMetadataResolver: Unmarshalling and caching metadata DOM
Apr 22, 2021 8:26:54 PM FINE org.opensaml.saml.metadata.resolver.impl.AbstractReloadingMetadataResolver processNonExpiredMetadata
Metadata Resolver FilesystemMetadataResolver org.opensaml.saml.metadata.resolver.impl.FilesystemMetadataResolver: Preprocessing metadata from '/var/jenkins_home/saml-sp-metadata.xml'
Apr 22, 2021 8:26:54 PM FINE org.opensaml.saml.metadata.resolver.impl.AbstractReloadingMetadataResolver processNonExpiredMetadata
Metadata Resolver FilesystemMetadataResolver org.opensaml.saml.metadata.resolver.impl.FilesystemMetadataResolver: Releasing cached DOM for metadata from '/var/jenkins_home/saml-sp-metadata.xml'
Apr 22, 2021 8:26:54 PM FINE org.opensaml.saml.metadata.resolver.impl.AbstractReloadingMetadataResolver processNonExpiredMetadata
Metadata Resolver FilesystemMetadataResolver org.opensaml.saml.metadata.resolver.impl.FilesystemMetadataResolver: Post-processing metadata from '/var/jenkins_home/saml-sp-metadata.xml'
Apr 22, 2021 8:26:54 PM FINE org.opensaml.saml.metadata.resolver.impl.AbstractReloadingMetadataResolver processNonExpiredMetadata
Metadata Resolver FilesystemMetadataResolver org.opensaml.saml.metadata.resolver.impl.FilesystemMetadataResolver: Computing expiration time for metadata from '/var/jenkins_home/saml-sp-metadata.xml'
Apr 22, 2021 8:26:54 PM FINE org.opensaml.saml.metadata.resolver.impl.AbstractReloadingMetadataResolver processNonExpiredMetadata
Metadata Resolver FilesystemMetadataResolver org.opensaml.saml.metadata.resolver.impl.FilesystemMetadataResolver: Expiration of metadata from '/var/jenkins_home/saml-sp-metadata.xml' will occur at 2021-04-22T22:26:54.301Z
Apr 22, 2021 8:26:54 PM INFO org.opensaml.saml.metadata.resolver.impl.AbstractReloadingMetadataResolver processNonExpiredMetadata
Metadata Resolver FilesystemMetadataResolver org.opensaml.saml.metadata.resolver.impl.FilesystemMetadataResolver: New metadata successfully loaded for '/var/jenkins_home/saml-sp-metadata.xml'
Apr 22, 2021 8:26:54 PM INFO org.opensaml.saml.metadata.resolver.impl.AbstractReloadingMetadataResolver refresh
Metadata Resolver FilesystemMetadataResolver org.opensaml.saml.metadata.resolver.impl.FilesystemMetadataResolver: Next refresh cycle for metadata provider '/var/jenkins_home/saml-sp-metadata.xml' will occur on '2021-04-22T21:26:54.301Z' ('2021-04-22T23:26:54.301+02:00' local time)
Apr 22, 2021 8:26:56 PM FINE org.opensaml.saml.metadata.resolver.impl.AbstractReloadingMetadataResolver refresh
Metadata Resolver FilesystemMetadataResolver org.opensaml.saml.metadata.resolver.impl.FilesystemMetadataResolver: Beginning refresh of metadata from '/var/jenkins_home/saml-sp-metadata.xml'
Apr 22, 2021 8:26:56 PM FINE org.opensaml.saml.metadata.resolver.impl.AbstractReloadingMetadataResolver refresh
Metadata Resolver FilesystemMetadataResolver org.opensaml.saml.metadata.resolver.impl.FilesystemMetadataResolver: Processing new metadata from '/var/jenkins_home/saml-sp-metadata.xml'
Apr 22, 2021 8:26:56 PM FINE org.opensaml.saml.metadata.resolver.impl.AbstractReloadingMetadataResolver processNewMetadata
Metadata Resolver FilesystemMetadataResolver org.opensaml.saml.metadata.resolver.impl.FilesystemMetadataResolver: Unmarshalling metadata from '/var/jenkins_home/saml-sp-metadata.xml'
Apr 22, 2021 8:26:56 PM FINEST org.opensaml.saml.metadata.resolver.impl.AbstractMetadataResolver unmarshallMetadata
Metadata Resolver FilesystemMetadataResolver org.opensaml.saml.metadata.resolver.impl.FilesystemMetadataResolver: Parsing retrieved metadata into a DOM object
Apr 22, 2021 8:26:56 PM FINEST org.opensaml.saml.metadata.resolver.impl.AbstractMetadataResolver unmarshallMetadata
Metadata Resolver FilesystemMetadataResolver org.opensaml.saml.metadata.resolver.impl.FilesystemMetadataResolver: Unmarshalling and caching metadata DOM
Apr 22, 2021 8:26:56 PM FINE org.opensaml.saml.metadata.resolver.impl.AbstractReloadingMetadataResolver processNonExpiredMetadata
Metadata Resolver FilesystemMetadataResolver org.opensaml.saml.metadata.resolver.impl.FilesystemMetadataResolver: Preprocessing metadata from '/var/jenkins_home/saml-sp-metadata.xml'
Apr 22, 2021 8:26:56 PM FINE org.opensaml.saml.metadata.resolver.impl.AbstractReloadingMetadataResolver processNonExpiredMetadata
Metadata Resolver FilesystemMetadataResolver org.opensaml.saml.metadata.resolver.impl.FilesystemMetadataResolver: Releasing cached DOM for metadata from '/var/jenkins_home/saml-sp-metadata.xml'
Apr 22, 2021 8:26:56 PM FINE org.opensaml.saml.metadata.resolver.impl.AbstractReloadingMetadataResolver processNonExpiredMetadata
Metadata Resolver FilesystemMetadataResolver org.opensaml.saml.metadata.resolver.impl.FilesystemMetadataResolver: Post-processing metadata from '/var/jenkins_home/saml-sp-metadata.xml'
Apr 22, 2021 8:26:56 PM FINE org.opensaml.saml.metadata.resolver.impl.AbstractReloadingMetadataResolver processNonExpiredMetadata
Metadata Resolver FilesystemMetadataResolver org.opensaml.saml.metadata.resolver.impl.FilesystemMetadataResolver: Computing expiration time for metadata from '/var/jenkins_home/saml-sp-metadata.xml'
Apr 22, 2021 8:26:56 PM FINE org.opensaml.saml.metadata.resolver.impl.AbstractReloadingMetadataResolver processNonExpiredMetadata
Metadata Resolver FilesystemMetadataResolver org.opensaml.saml.metadata.resolver.impl.FilesystemMetadataResolver: Expiration of metadata from '/var/jenkins_home/saml-sp-metadata.xml' will occur at 2021-04-22T22:26:56.878Z
Apr 22, 2021 8:26:56 PM INFO org.opensaml.saml.metadata.resolver.impl.AbstractReloadingMetadataResolver processNonExpiredMetadata
Metadata Resolver FilesystemMetadataResolver org.opensaml.saml.metadata.resolver.impl.FilesystemMetadataResolver: New metadata successfully loaded for '/var/jenkins_home/saml-sp-metadata.xml'
Apr 22, 2021 8:26:56 PM INFO org.opensaml.saml.metadata.resolver.impl.AbstractReloadingMetadataResolver refresh
Metadata Resolver FilesystemMetadataResolver org.opensaml.saml.metadata.resolver.impl.FilesystemMetadataResolver: Next refresh cycle for metadata provider '/var/jenkins_home/saml-sp-metadata.xml' will occur on '2021-04-22T21:26:56.878Z' ('2021-04-22T23:26:56.878+02:00' local time)
Apr 22, 2021 8:27:00 PM FINE org.opensaml.saml.metadata.resolver.impl.AbstractReloadingMetadataResolver refresh
Metadata Resolver FilesystemMetadataResolver org.opensaml.saml.metadata.resolver.impl.FilesystemMetadataResolver: Beginning refresh of metadata from '/var/jenkins_home/saml-sp-metadata.xml'
Apr 22, 2021 8:27:00 PM FINE org.opensaml.saml.metadata.resolver.impl.AbstractReloadingMetadataResolver refresh
Metadata Resolver FilesystemMetadataResolver org.opensaml.saml.metadata.resolver.impl.FilesystemMetadataResolver: Processing new metadata from '/var/jenkins_home/saml-sp-metadata.xml'
Apr 22, 2021 8:27:00 PM FINE org.opensaml.saml.metadata.resolver.impl.AbstractReloadingMetadataResolver processNewMetadata
Metadata Resolver FilesystemMetadataResolver org.opensaml.saml.metadata.resolver.impl.FilesystemMetadataResolver: Unmarshalling metadata from '/var/jenkins_home/saml-sp-metadata.xml'
Apr 22, 2021 8:27:00 PM FINEST org.opensaml.saml.metadata.resolver.impl.AbstractMetadataResolver unmarshallMetadata
Metadata Resolver FilesystemMetadataResolver org.opensaml.saml.metadata.resolver.impl.FilesystemMetadataResolver: Parsing retrieved metadata into a DOM object
Apr 22, 2021 8:27:00 PM FINEST org.opensaml.saml.metadata.resolver.impl.AbstractMetadataResolver unmarshallMetadata
Metadata Resolver FilesystemMetadataResolver org.opensaml.saml.metadata.resolver.impl.FilesystemMetadataResolver: Unmarshalling and caching metadata DOM
Apr 22, 2021 8:27:00 PM FINE org.opensaml.saml.metadata.resolver.impl.AbstractReloadingMetadataResolver processNonExpiredMetadata
Metadata Resolver FilesystemMetadataResolver org.opensaml.saml.metadata.resolver.impl.FilesystemMetadataResolver: Preprocessing metadata from '/var/jenkins_home/saml-sp-metadata.xml'
Apr 22, 2021 8:27:00 PM FINE org.opensaml.saml.metadata.resolver.impl.AbstractReloadingMetadataResolver processNonExpiredMetadata
Metadata Resolver FilesystemMetadataResolver org.opensaml.saml.metadata.resolver.impl.FilesystemMetadataResolver: Releasing cached DOM for metadata from '/var/jenkins_home/saml-sp-metadata.xml'
Apr 22, 2021 8:27:00 PM FINE org.opensaml.saml.metadata.resolver.impl.AbstractReloadingMetadataResolver processNonExpiredMetadata
Metadata Resolver FilesystemMetadataResolver org.opensaml.saml.metadata.resolver.impl.FilesystemMetadataResolver: Post-processing metadata from '/var/jenkins_home/saml-sp-metadata.xml'
Apr 22, 2021 8:27:00 PM FINE org.opensaml.saml.metadata.resolver.impl.AbstractReloadingMetadataResolver processNonExpiredMetadata
Metadata Resolver FilesystemMetadataResolver org.opensaml.saml.metadata.resolver.impl.FilesystemMetadataResolver: Computing expiration time for metadata from '/var/jenkins_home/saml-sp-metadata.xml'
Apr 22, 2021 8:27:00 PM FINE org.opensaml.saml.metadata.resolver.impl.AbstractReloadingMetadataResolver processNonExpiredMetadata
Metadata Resolver FilesystemMetadataResolver org.opensaml.saml.metadata.resolver.impl.FilesystemMetadataResolver: Expiration of metadata from '/var/jenkins_home/saml-sp-metadata.xml' will occur at 2021-04-22T22:27:00.815Z
Apr 22, 2021 8:27:00 PM INFO org.opensaml.saml.metadata.resolver.impl.AbstractReloadingMetadataResolver processNonExpiredMetadata
Metadata Resolver FilesystemMetadataResolver org.opensaml.saml.metadata.resolver.impl.FilesystemMetadataResolver: New metadata successfully loaded for '/var/jenkins_home/saml-sp-metadata.xml'
Apr 22, 2021 8:27:00 PM INFO org.opensaml.saml.metadata.resolver.impl.AbstractReloadingMetadataResolver refresh
Metadata Resolver FilesystemMetadataResolver org.opensaml.saml.metadata.resolver.impl.FilesystemMetadataResolver: Next refresh cycle for metadata provider '/var/jenkins_home/saml-sp-metadata.xml' will occur on '2021-04-22T21:27:00.815Z' ('2021-04-22T23:27:00.815+02:00' local time)
Apr 22, 2021 8:27:01 PM FINE org.opensaml.saml.metadata.resolver.impl.AbstractReloadingMetadataResolver refresh
Metadata Resolver FilesystemMetadataResolver org.opensaml.saml.metadata.resolver.impl.FilesystemMetadataResolver: Beginning refresh of metadata from '/var/jenkins_home/saml-sp-metadata.xml'
Apr 22, 2021 8:27:01 PM FINE org.opensaml.saml.metadata.resolver.impl.AbstractReloadingMetadataResolver refresh
Metadata Resolver FilesystemMetadataResolver org.opensaml.saml.metadata.resolver.impl.FilesystemMetadataResolver: Processing new metadata from '/var/jenkins_home/saml-sp-metadata.xml'
Apr 22, 2021 8:27:01 PM FINE org.opensaml.saml.metadata.resolver.impl.AbstractReloadingMetadataResolver processNewMetadata
Metadata Resolver FilesystemMetadataResolver org.opensaml.saml.metadata.resolver.impl.FilesystemMetadataResolver: Unmarshalling metadata from '/var/jenkins_home/saml-sp-metadata.xml'
Apr 22, 2021 8:27:01 PM FINEST org.opensaml.saml.metadata.resolver.impl.AbstractMetadataResolver unmarshallMetadata
Metadata Resolver FilesystemMetadataResolver org.opensaml.saml.metadata.resolver.impl.FilesystemMetadataResolver: Parsing retrieved metadata into a DOM object
Apr 22, 2021 8:27:01 PM FINEST org.opensaml.saml.metadata.resolver.impl.AbstractMetadataResolver unmarshallMetadata
Metadata Resolver FilesystemMetadataResolver org.opensaml.saml.metadata.resolver.impl.FilesystemMetadataResolver: Unmarshalling and caching metadata DOM
Apr 22, 2021 8:27:01 PM FINE org.opensaml.saml.metadata.resolver.impl.AbstractReloadingMetadataResolver processNonExpiredMetadata
Metadata Resolver FilesystemMetadataResolver org.opensaml.saml.metadata.resolver.impl.FilesystemMetadataResolver: Preprocessing metadata from '/var/jenkins_home/saml-sp-metadata.xml'
Apr 22, 2021 8:27:01 PM FINE org.opensaml.saml.metadata.resolver.impl.AbstractReloadingMetadataResolver processNonExpiredMetadata
Metadata Resolver FilesystemMetadataResolver org.opensaml.saml.metadata.resolver.impl.FilesystemMetadataResolver: Releasing cached DOM for metadata from '/var/jenkins_home/saml-sp-metadata.xml'
Apr 22, 2021 8:27:01 PM FINE org.opensaml.saml.metadata.resolver.impl.AbstractReloadingMetadataResolver processNonExpiredMetadata
Metadata Resolver FilesystemMetadataResolver org.opensaml.saml.metadata.resolver.impl.FilesystemMetadataResolver: Post-processing metadata from '/var/jenkins_home/saml-sp-metadata.xml'
Apr 22, 2021 8:27:01 PM FINE org.opensaml.saml.metadata.resolver.impl.AbstractReloadingMetadataResolver processNonExpiredMetadata
Metadata Resolver FilesystemMetadataResolver org.opensaml.saml.metadata.resolver.impl.FilesystemMetadataResolver: Computing expiration time for metadata from '/var/jenkins_home/saml-sp-metadata.xml'
Apr 22, 2021 8:27:01 PM FINE org.opensaml.saml.metadata.resolver.impl.AbstractReloadingMetadataResolver processNonExpiredMetadata
Metadata Resolver FilesystemMetadataResolver org.opensaml.saml.metadata.resolver.impl.FilesystemMetadataResolver: Expiration of metadata from '/var/jenkins_home/saml-sp-metadata.xml' will occur at 2021-04-22T22:27:01.420Z
Apr 22, 2021 8:27:01 PM INFO org.opensaml.saml.metadata.resolver.impl.AbstractReloadingMetadataResolver processNonExpiredMetadata
Metadata Resolver FilesystemMetadataResolver org.opensaml.saml.metadata.resolver.impl.FilesystemMetadataResolver: New metadata successfully loaded for '/var/jenkins_home/saml-sp-metadata.xml'
Apr 22, 2021 8:27:01 PM INFO org.opensaml.saml.metadata.resolver.impl.AbstractReloadingMetadataResolver refresh
Metadata Resolver FilesystemMetadataResolver org.opensaml.saml.metadata.resolver.impl.FilesystemMetadataResolver: Next refresh cycle for metadata provider '/var/jenkins_home/saml-sp-metadata.xml' will occur on '2021-04-22T21:27:01.420Z' ('2021-04-22T23:27:01.420+02:00' local time)
Apr 22, 2021 8:27:02 PM FINE org.opensaml.saml.metadata.resolver.impl.AbstractReloadingMetadataResolver refresh
Metadata Resolver FilesystemMetadataResolver org.opensaml.saml.metadata.resolver.impl.FilesystemMetadataResolver: Beginning refresh of metadata from '/var/jenkins_home/saml-sp-metadata.xml'
Apr 22, 2021 8:27:02 PM FINE org.opensaml.saml.metadata.resolver.impl.AbstractReloadingMetadataResolver refresh
Metadata Resolver FilesystemMetadataResolver org.opensaml.saml.metadata.resolver.impl.FilesystemMetadataResolver: Processing new metadata from '/var/jenkins_home/saml-sp-metadata.xml'
Apr 22, 2021 8:27:02 PM FINE org.opensaml.saml.metadata.resolver.impl.AbstractReloadingMetadataResolver processNewMetadata
Metadata Resolver FilesystemMetadataResolver org.opensaml.saml.metadata.resolver.impl.FilesystemMetadataResolver: Unmarshalling metadata from '/var/jenkins_home/saml-sp-metadata.xml'
Apr 22, 2021 8:27:02 PM FINEST org.opensaml.saml.metadata.resolver.impl.AbstractMetadataResolver unmarshallMetadata
Metadata Resolver FilesystemMetadataResolver org.opensaml.saml.metadata.resolver.impl.FilesystemMetadataResolver: Parsing retrieved metadata into a DOM object
Apr 22, 2021 8:27:02 PM FINEST org.opensaml.saml.metadata.resolver.impl.AbstractMetadataResolver unmarshallMetadata
Metadata Resolver FilesystemMetadataResolver org.opensaml.saml.metadata.resolver.impl.FilesystemMetadataResolver: Unmarshalling and caching metadata DOM
Apr 22, 2021 8:27:02 PM FINE org.opensaml.saml.metadata.resolver.impl.AbstractReloadingMetadataResolver processNonExpiredMetadata
Metadata Resolver FilesystemMetadataResolver org.opensaml.saml.metadata.resolver.impl.FilesystemMetadataResolver: Preprocessing metadata from '/var/jenkins_home/saml-sp-metadata.xml'
Apr 22, 2021 8:27:02 PM FINE org.opensaml.saml.metadata.resolver.impl.AbstractReloadingMetadataResolver processNonExpiredMetadata
Metadata Resolver FilesystemMetadataResolver org.opensaml.saml.metadata.resolver.impl.FilesystemMetadataResolver: Releasing cached DOM for metadata from '/var/jenkins_home/saml-sp-metadata.xml'
Apr 22, 2021 8:27:02 PM FINE org.opensaml.saml.metadata.resolver.impl.AbstractReloadingMetadataResolver processNonExpiredMetadata
Metadata Resolver FilesystemMetadataResolver org.opensaml.saml.metadata.resolver.impl.FilesystemMetadataResolver: Post-processing metadata from '/var/jenkins_home/saml-sp-metadata.xml'
Apr 22, 2021 8:27:02 PM FINE org.opensaml.saml.metadata.resolver.impl.AbstractReloadingMetadataResolver processNonExpiredMetadata
Metadata Resolver FilesystemMetadataResolver org.opensaml.saml.metadata.resolver.impl.FilesystemMetadataResolver: Computing expiration time for metadata from '/var/jenkins_home/saml-sp-metadata.xml'
Apr 22, 2021 8:27:02 PM FINE org.opensaml.saml.metadata.resolver.impl.AbstractReloadingMetadataResolver processNonExpiredMetadata
Metadata Resolver FilesystemMetadataResolver org.opensaml.saml.metadata.resolver.impl.FilesystemMetadataResolver: Expiration of metadata from '/var/jenkins_home/saml-sp-metadata.xml' will occur at 2021-04-22T22:27:02.326Z
Apr 22, 2021 8:27:02 PM INFO org.opensaml.saml.metadata.resolver.impl.AbstractReloadingMetadataResolver processNonExpiredMetadata
Metadata Resolver FilesystemMetadataResolver org.opensaml.saml.metadata.resolver.impl.FilesystemMetadataResolver: New metadata successfully loaded for '/var/jenkins_home/saml-sp-metadata.xml'
Apr 22, 2021 8:27:02 PM INFO org.opensaml.saml.metadata.resolver.impl.AbstractReloadingMetadataResolver refresh
Metadata Resolver FilesystemMetadataResolver org.opensaml.saml.metadata.resolver.impl.FilesystemMetadataResolver: Next refresh cycle for metadata provider '/var/jenkins_home/saml-sp-metadata.xml' will occur on '2021-04-22T21:27:02.326Z' ('2021-04-22T23:27:02.326+02:00' local time)