2016-05-30 18:24:57.368+1000 [id=72]	FINE	o.j.p.workflow.job.WorkflowRun#setResult: pipeline-bill #13 in /tmp/je-1-home/jobs/pipeline-bill/builds/13: result is set to ABORTEDjava.lang.Exception
	at org.jenkinsci.plugins.workflow.job.WorkflowRun.setResult(WorkflowRun.java:514)
	at org.jenkinsci.plugins.workflow.job.WorkflowRun.finish(WorkflowRun.java:520)
	at org.jenkinsci.plugins.workflow.job.WorkflowRun.doKill(WorkflowRun.java:324)
	at sun.reflect.NativeMethodAccessorImpl.invoke0(Native Method)
	at sun.reflect.NativeMethodAccessorImpl.invoke(NativeMethodAccessorImpl.java:62)
	at sun.reflect.DelegatingMethodAccessorImpl.invoke(DelegatingMethodAccessorImpl.java:43)
	at java.lang.reflect.Method.invoke(Method.java:498)
	at org.kohsuke.stapler.Function$InstanceFunction.invoke(Function.java:298)
	at org.kohsuke.stapler.interceptor.RequirePOST$Processor.invoke(RequirePOST.java:46)
	at org.kohsuke.stapler.Function$InterceptedFunction.invoke(Function.java:399)
	at org.kohsuke.stapler.Function.bindAndInvoke(Function.java:161)
	at org.kohsuke.stapler.Function.bindAndInvokeAndServeResponse(Function.java:96)
	at org.kohsuke.stapler.MetaClass$1.doDispatch(MetaClass.java:121)
	at org.kohsuke.stapler.NameBasedDispatcher.dispatch(NameBasedDispatcher.java:53)
	at org.kohsuke.stapler.Stapler.tryInvoke(Stapler.java:746)
	at org.kohsuke.stapler.Stapler.invoke(Stapler.java:876)
	at org.kohsuke.stapler.MetaClass$13.dispatch(MetaClass.java:411)
	at org.kohsuke.stapler.Stapler.tryInvoke(Stapler.java:746)
	at org.kohsuke.stapler.Stapler.invoke(Stapler.java:876)
	at org.kohsuke.stapler.MetaClass$6.doDispatch(MetaClass.java:249)
	at org.kohsuke.stapler.NameBasedDispatcher.dispatch(NameBasedDispatcher.java:53)
	at org.kohsuke.stapler.Stapler.tryInvoke(Stapler.java:746)
	at org.kohsuke.stapler.Stapler.invoke(Stapler.java:876)
	at org.kohsuke.stapler.Stapler.invoke(Stapler.java:649)
	at org.kohsuke.stapler.Stapler.service(Stapler.java:238)
	at javax.servlet.http.HttpServlet.service(HttpServlet.java:848)
	at org.eclipse.jetty.servlet.ServletHolder.handle(ServletHolder.java:686)
	at org.eclipse.jetty.servlet.ServletHandler$CachedChain.doFilter(ServletHandler.java:1494)
	at com.cloudbees.jenkins.ha.HAHealthCheckFilter.doFilter(HAHealthCheckFilter.java:35)
	at org.eclipse.jetty.servlet.ServletHandler$CachedChain.doFilter(ServletHandler.java:1482)
	at hudson.util.PluginServletFilter$1.doFilter(PluginServletFilter.java:132)
	at com.cloudbees.jenkins.support.slowrequest.SlowRequestFilter.doFilter(SlowRequestFilter.java:37)
	at hudson.util.PluginServletFilter$1.doFilter(PluginServletFilter.java:129)
	at com.cloudbees.opscenter.client.plugin.OfflineSecurityRealmFilter._doFilter(OfflineSecurityRealmFilter.java:90)
	at com.cloudbees.opscenter.client.plugin.OfflineSecurityRealmFilter.doFilter(OfflineSecurityRealmFilter.java:67)
	at hudson.util.PluginServletFilter$1.doFilter(PluginServletFilter.java:129)
	at com.cloudbees.opscenter.security.ClusterSessionFilter._doFilter(ClusterSessionFilter.java:69)
	at com.cloudbees.opscenter.security.ClusterSessionFilter.doFilter(ClusterSessionFilter.java:44)
	at hudson.util.PluginServletFilter$1.doFilter(PluginServletFilter.java:129)
	at hudson.security.UnwrapSecurityExceptionFilter.doFilter(UnwrapSecurityExceptionFilter.java:51)
	at hudson.util.PluginServletFilter$1.doFilter(PluginServletFilter.java:129)
	at org.jenkinsci.plugins.suppress_stack_trace.SuppressionFilter.doFilter(SuppressionFilter.java:34)
	at hudson.util.PluginServletFilter$1.doFilter(PluginServletFilter.java:129)
	at net.bull.javamelody.MonitoringFilter.doFilter(MonitoringFilter.java:201)
	at net.bull.javamelody.MonitoringFilter.doFilter(MonitoringFilter.java:178)
	at net.bull.javamelody.PluginMonitoringFilter.doFilter(PluginMonitoringFilter.java:85)
	at org.jvnet.hudson.plugins.monitoring.HudsonMonitoringFilter.doFilter(HudsonMonitoringFilter.java:102)
	at hudson.util.PluginServletFilter$1.doFilter(PluginServletFilter.java:129)
	at jenkins.metrics.impl.MetricsFilter.doFilter(MetricsFilter.java:125)
	at hudson.util.PluginServletFilter$1.doFilter(PluginServletFilter.java:129)
	at hudson.util.PluginServletFilter.doFilter(PluginServletFilter.java:123)
	at org.eclipse.jetty.servlet.ServletHandler$CachedChain.doFilter(ServletHandler.java:1482)
	at hudson.security.csrf.CrumbFilter.doFilter(CrumbFilter.java:49)
	at org.eclipse.jetty.servlet.ServletHandler$CachedChain.doFilter(ServletHandler.java:1482)
	at hudson.security.ChainedServletFilter$1.doFilter(ChainedServletFilter.java:84)
	at hudson.security.UnwrapSecurityExceptionFilter.doFilter(UnwrapSecurityExceptionFilter.java:51)
	at hudson.security.ChainedServletFilter$1.doFilter(ChainedServletFilter.java:87)
	at jenkins.security.ExceptionTranslationFilter.doFilter(ExceptionTranslationFilter.java:117)
	at hudson.security.ChainedServletFilter$1.doFilter(ChainedServletFilter.java:87)
	at org.acegisecurity.providers.anonymous.AnonymousProcessingFilter.doFilter(AnonymousProcessingFilter.java:125)
	at hudson.security.ChainedServletFilter$1.doFilter(ChainedServletFilter.java:87)
	at org.acegisecurity.ui.rememberme.RememberMeProcessingFilter.doFilter(RememberMeProcessingFilter.java:142)
	at hudson.security.ChainedServletFilter$1.doFilter(ChainedServletFilter.java:87)
	at org.acegisecurity.ui.AbstractProcessingFilter.doFilter(AbstractProcessingFilter.java:271)
	at hudson.security.ChainedServletFilter$1.doFilter(ChainedServletFilter.java:87)
	at jenkins.security.BasicHeaderProcessor.doFilter(BasicHeaderProcessor.java:93)
	at hudson.security.ChainedServletFilter$1.doFilter(ChainedServletFilter.java:87)
	at org.acegisecurity.context.HttpSessionContextIntegrationFilter.doFilter(HttpSessionContextIntegrationFilter.java:249)
	at hudson.security.HttpSessionContextIntegrationFilter2.doFilter(HttpSessionContextIntegrationFilter2.java:67)
	at hudson.security.ChainedServletFilter$1.doFilter(ChainedServletFilter.java:87)
	at hudson.security.ChainedServletFilter.doFilter(ChainedServletFilter.java:76)
	at hudson.security.HudsonFilter.doFilter(HudsonFilter.java:171)
	at org.eclipse.jetty.servlet.ServletHandler$CachedChain.doFilter(ServletHandler.java:1482)
	at org.kohsuke.stapler.compression.CompressionFilter.doFilter(CompressionFilter.java:49)
	at org.eclipse.jetty.servlet.ServletHandler$CachedChain.doFilter(ServletHandler.java:1482)
	at hudson.util.CharacterEncodingFilter.doFilter(CharacterEncodingFilter.java:81)
	at org.eclipse.jetty.servlet.ServletHandler$CachedChain.doFilter(ServletHandler.java:1482)
	at org.kohsuke.stapler.DiagnosticThreadNameFilter.doFilter(DiagnosticThreadNameFilter.java:30)
	at org.eclipse.jetty.servlet.ServletHandler$CachedChain.doFilter(ServletHandler.java:1474)
	at org.eclipse.jetty.servlet.ServletHandler.doHandle(ServletHandler.java:499)
	at org.eclipse.jetty.server.handler.ScopedHandler.handle(ScopedHandler.java:137)
	at org.eclipse.jetty.security.SecurityHandler.handle(SecurityHandler.java:533)
	at org.eclipse.jetty.server.session.SessionHandler.doHandle(SessionHandler.java:231)
	at org.eclipse.jetty.server.handler.ContextHandler.doHandle(ContextHandler.java:1086)
	at org.eclipse.jetty.servlet.ServletHandler.doScope(ServletHandler.java:428)
	at org.eclipse.jetty.server.session.SessionHandler.doScope(SessionHandler.java:193)
	at org.eclipse.jetty.server.handler.ContextHandler.doScope(ContextHandler.java:1020)
	at org.eclipse.jetty.server.handler.ScopedHandler.handle(ScopedHandler.java:135)
	at org.eclipse.jetty.server.handler.HandlerWrapper.handle(HandlerWrapper.java:116)
	at org.eclipse.jetty.server.Server.handle(Server.java:370)
	at org.eclipse.jetty.server.AbstractHttpConnection.handleRequest(AbstractHttpConnection.java:489)
	at org.eclipse.jetty.server.AbstractHttpConnection.headerComplete(AbstractHttpConnection.java:949)
	at org.eclipse.jetty.server.AbstractHttpConnection$RequestHandler.headerComplete(AbstractHttpConnection.java:1011)
	at org.eclipse.jetty.http.HttpParser.parseNext(HttpParser.java:644)
	at org.eclipse.jetty.http.HttpParser.parseAvailable(HttpParser.java:235)
	at org.eclipse.jetty.server.AsyncHttpConnection.handle(AsyncHttpConnection.java:82)
	at org.eclipse.jetty.io.nio.SelectChannelEndPoint.handle(SelectChannelEndPoint.java:668)
	at org.eclipse.jetty.io.nio.SelectChannelEndPoint$1.run(SelectChannelEndPoint.java:52)
	at winstone.BoundedExecutorService$1.run(BoundedExecutorService.java:77)
	at java.util.concurrent.ThreadPoolExecutor.runWorker(ThreadPoolExecutor.java:1142)
	at java.util.concurrent.ThreadPoolExecutor$Worker.run(ThreadPoolExecutor.java:617)
	at java.lang.Thread.run(Thread.java:745)

2016-05-30 18:24:57.370+1000 [id=72]	INFO	o.j.p.workflow.job.WorkflowRun#finish: pipeline-bill #13 completed: ABORTED
2016-05-30 18:24:57.394+1000 [id=72]	FINE	o.j.p.w.s.s.StageStepExecution#load: load: {}
2016-05-30 18:24:57.394+1000 [id=72]	FINE	o.j.p.w.s.s.StageStepExecution#exit: exit pipeline-bill #13: {}
2016-05-30 18:24:57.409+1000 [id=72]	FINE	o.j.p.w.flow.FlowExecutionList#unregister: unregistered Owner[pipeline-bill/13:pipeline-bill #13] so is now []
2016-05-30 18:24:57.411+1000 [id=63]	FINE	o.j.p.w.flow.FlowExecutionList#save: saving [] to /tmp/je-1-home/org.jenkinsci.plugins.workflow.flow.FlowExecutionList.xml
2016-05-30 18:25:25.626+1000 [id=59]	FINE	o.j.p.w.flow.FlowExecutionList#save: saving [Owner[pipeline-bill/14:pipeline-bill #14]] to /tmp/je-1-home/org.jenkinsci.plugins.workflow.flow.FlowExecutionList.xml
2016-05-30 18:25:32.338+1000 [id=368]	FINE	o.j.p.w.s.s.ExecutorStepExecution$PlaceholderTask$PlaceholderExecutable#run: started c1996653-345c-4cac-9bd3-5d2ab892b67e
2016-05-30 18:25:32.338+1000 [id=368]	FINE	o.j.p.w.s.s.ExecutorStepExecution$PlaceholderTask$PlaceholderExecutable#run: waiting on c1996653-345c-4cac-9bd3-5d2ab892b67e
2016-05-30 18:25:44.007+1000 [id=363]	FINE	o.j.p.w.s.s.ExecutorStepExecution$PlaceholderTask$Callback#finished: finished c1996653-345c-4cac-9bd3-5d2ab892b67e
2016-05-30 18:26:35.246+1000 [id=416]	FINE	o.j.p.w.s.s.ExecutorStepExecution$PlaceholderTask#run: broken c1996653-345c-4cac-9bd3-5d2ab892b67ejava.io.IOException: cannot find current thread
	at org.jenkinsci.plugins.workflow.cps.CpsStepContext.doGet(CpsStepContext.java:292)
	at org.jenkinsci.plugins.workflow.support.DefaultStepContext.get(DefaultStepContext.java:71)
	at org.jenkinsci.plugins.workflow.support.steps.ExecutorStepExecution$PlaceholderTask.run(ExecutorStepExecution.java:296)
	at org.jenkinsci.plugins.workflow.support.steps.ExecutorStepExecution$PlaceholderTask.runForDisplay(ExecutorStepExecution.java:305)
	at org.jenkinsci.plugins.workflow.support.steps.ExecutorStepExecution$PlaceholderTask.getUrl(ExecutorStepExecution.java:314)
	at org.jenkinsci.plugins.workflow.support.steps.ExecutorStepExecution$PlaceholderTask$PlaceholderExecutable.getUrl(ExecutorStepExecution.java:538)
	at org.jenkinsci.plugins.workflow.support.steps.ExecutorStepExecution$PlaceholderTask$PlaceholderExecutable.toString(ExecutorStepExecution.java:542)
	at java.text.MessageFormat.subformat(MessageFormat.java:1280)
	at java.text.MessageFormat.format(MessageFormat.java:865)
	at java.text.Format.format(Format.java:157)
	at java.text.MessageFormat.format(MessageFormat.java:841)
	at java.util.logging.Formatter.formatMessage(Formatter.java:138)
	at com.cloudbees.jenkins.support.SupportLogFormatter.format(SupportLogFormatter.java:89)
	at com.cloudbees.jenkins.support.impl.LogRecordContent.printTo(LogRecordContent.java:34)
	at com.cloudbees.jenkins.support.api.PrintedContent.writeTo(PrintedContent.java:47)
	at com.cloudbees.jenkins.support.SupportPlugin.writeBundle(SupportPlugin.java:342)
	at com.cloudbees.jenkins.support.SupportAction.doDownload(SupportAction.java:169)
	at sun.reflect.NativeMethodAccessorImpl.invoke0(Native Method)
	at sun.reflect.NativeMethodAccessorImpl.invoke(NativeMethodAccessorImpl.java:62)
	at sun.reflect.DelegatingMethodAccessorImpl.invoke(DelegatingMethodAccessorImpl.java:43)
	at java.lang.reflect.Method.invoke(Method.java:498)
	at org.kohsuke.stapler.Function$InstanceFunction.invoke(Function.java:298)
	at org.kohsuke.stapler.Function.bindAndInvoke(Function.java:161)
	at org.kohsuke.stapler.Function.bindAndInvokeAndServeResponse(Function.java:96)
	at org.kohsuke.stapler.MetaClass$1.doDispatch(MetaClass.java:121)
	at org.kohsuke.stapler.NameBasedDispatcher.dispatch(NameBasedDispatcher.java:53)
	at org.kohsuke.stapler.Stapler.tryInvoke(Stapler.java:746)
	at org.kohsuke.stapler.Stapler.invoke(Stapler.java:876)
	at org.kohsuke.stapler.MetaClass$13.dispatch(MetaClass.java:411)
	at org.kohsuke.stapler.Stapler.tryInvoke(Stapler.java:746)
	at org.kohsuke.stapler.Stapler.invoke(Stapler.java:876)
	at org.kohsuke.stapler.Stapler.invoke(Stapler.java:649)
	at org.kohsuke.stapler.Stapler.service(Stapler.java:238)
	at javax.servlet.http.HttpServlet.service(HttpServlet.java:848)
	at org.eclipse.jetty.servlet.ServletHolder.handle(ServletHolder.java:686)
	at org.eclipse.jetty.servlet.ServletHandler$CachedChain.doFilter(ServletHandler.java:1494)
	at com.cloudbees.jenkins.ha.HAHealthCheckFilter.doFilter(HAHealthCheckFilter.java:35)
	at org.eclipse.jetty.servlet.ServletHandler$CachedChain.doFilter(ServletHandler.java:1482)
	at hudson.util.PluginServletFilter$1.doFilter(PluginServletFilter.java:132)
	at com.cloudbees.jenkins.support.slowrequest.SlowRequestFilter.doFilter(SlowRequestFilter.java:37)
	at hudson.util.PluginServletFilter$1.doFilter(PluginServletFilter.java:129)
	at com.cloudbees.opscenter.client.plugin.OfflineSecurityRealmFilter._doFilter(OfflineSecurityRealmFilter.java:90)
	at com.cloudbees.opscenter.client.plugin.OfflineSecurityRealmFilter.doFilter(OfflineSecurityRealmFilter.java:67)
	at hudson.util.PluginServletFilter$1.doFilter(PluginServletFilter.java:129)
	at com.cloudbees.opscenter.security.ClusterSessionFilter._doFilter(ClusterSessionFilter.java:69)
	at com.cloudbees.opscenter.security.ClusterSessionFilter.doFilter(ClusterSessionFilter.java:44)
	at hudson.util.PluginServletFilter$1.doFilter(PluginServletFilter.java:129)
	at hudson.security.UnwrapSecurityExceptionFilter.doFilter(UnwrapSecurityExceptionFilter.java:51)
	at hudson.util.PluginServletFilter$1.doFilter(PluginServletFilter.java:129)
	at org.jenkinsci.plugins.suppress_stack_trace.SuppressionFilter.doFilter(SuppressionFilter.java:34)
	at hudson.util.PluginServletFilter$1.doFilter(PluginServletFilter.java:129)
	at net.bull.javamelody.MonitoringFilter.doFilter(MonitoringFilter.java:201)
	at net.bull.javamelody.MonitoringFilter.doFilter(MonitoringFilter.java:178)
	at net.bull.javamelody.PluginMonitoringFilter.doFilter(PluginMonitoringFilter.java:85)
	at org.jvnet.hudson.plugins.monitoring.HudsonMonitoringFilter.doFilter(HudsonMonitoringFilter.java:102)
	at hudson.util.PluginServletFilter$1.doFilter(PluginServletFilter.java:129)
	at jenkins.metrics.impl.MetricsFilter.doFilter(MetricsFilter.java:125)
	at hudson.util.PluginServletFilter$1.doFilter(PluginServletFilter.java:129)
	at hudson.util.PluginServletFilter.doFilter(PluginServletFilter.java:123)
	at org.eclipse.jetty.servlet.ServletHandler$CachedChain.doFilter(ServletHandler.java:1482)
	at hudson.security.csrf.CrumbFilter.doFilter(CrumbFilter.java:49)
	at org.eclipse.jetty.servlet.ServletHandler$CachedChain.doFilter(ServletHandler.java:1482)
	at hudson.security.ChainedServletFilter$1.doFilter(ChainedServletFilter.java:84)
	at hudson.security.UnwrapSecurityExceptionFilter.doFilter(UnwrapSecurityExceptionFilter.java:51)
	at hudson.security.ChainedServletFilter$1.doFilter(ChainedServletFilter.java:87)
	at jenkins.security.ExceptionTranslationFilter.doFilter(ExceptionTranslationFilter.java:117)
	at hudson.security.ChainedServletFilter$1.doFilter(ChainedServletFilter.java:87)
	at org.acegisecurity.providers.anonymous.AnonymousProcessingFilter.doFilter(AnonymousProcessingFilter.java:125)
	at hudson.security.ChainedServletFilter$1.doFilter(ChainedServletFilter.java:87)
	at org.acegisecurity.ui.rememberme.RememberMeProcessingFilter.doFilter(RememberMeProcessingFilter.java:142)
	at hudson.security.ChainedServletFilter$1.doFilter(ChainedServletFilter.java:87)
	at org.acegisecurity.ui.AbstractProcessingFilter.doFilter(AbstractProcessingFilter.java:271)
	at hudson.security.ChainedServletFilter$1.doFilter(ChainedServletFilter.java:87)
	at jenkins.security.BasicHeaderProcessor.doFilter(BasicHeaderProcessor.java:93)
	at hudson.security.ChainedServletFilter$1.doFilter(ChainedServletFilter.java:87)
	at org.acegisecurity.context.HttpSessionContextIntegrationFilter.doFilter(HttpSessionContextIntegrationFilter.java:249)
	at hudson.security.HttpSessionContextIntegrationFilter2.doFilter(HttpSessionContextIntegrationFilter2.java:67)
	at hudson.security.ChainedServletFilter$1.doFilter(ChainedServletFilter.java:87)
	at hudson.security.ChainedServletFilter.doFilter(ChainedServletFilter.java:76)
	at hudson.security.HudsonFilter.doFilter(HudsonFilter.java:171)
	at org.eclipse.jetty.servlet.ServletHandler$CachedChain.doFilter(ServletHandler.java:1482)
	at org.kohsuke.stapler.compression.CompressionFilter.doFilter(CompressionFilter.java:49)
	at org.eclipse.jetty.servlet.ServletHandler$CachedChain.doFilter(ServletHandler.java:1482)
	at hudson.util.CharacterEncodingFilter.doFilter(CharacterEncodingFilter.java:81)
	at org.eclipse.jetty.servlet.ServletHandler$CachedChain.doFilter(ServletHandler.java:1482)
	at org.kohsuke.stapler.DiagnosticThreadNameFilter.doFilter(DiagnosticThreadNameFilter.java:30)
	at org.eclipse.jetty.servlet.ServletHandler$CachedChain.doFilter(ServletHandler.java:1474)
	at org.eclipse.jetty.servlet.ServletHandler.doHandle(ServletHandler.java:499)
	at org.eclipse.jetty.server.handler.ScopedHandler.handle(ScopedHandler.java:137)
	at org.eclipse.jetty.security.SecurityHandler.handle(SecurityHandler.java:533)
	at org.eclipse.jetty.server.session.SessionHandler.doHandle(SessionHandler.java:231)
	at org.eclipse.jetty.server.handler.ContextHandler.doHandle(ContextHandler.java:1086)
	at org.eclipse.jetty.servlet.ServletHandler.doScope(ServletHandler.java:428)
	at org.eclipse.jetty.server.session.SessionHandler.doScope(SessionHandler.java:193)
	at org.eclipse.jetty.server.handler.ContextHandler.doScope(ContextHandler.java:1020)
	at org.eclipse.jetty.server.handler.ScopedHandler.handle(ScopedHandler.java:135)
	at org.eclipse.jetty.server.handler.HandlerWrapper.handle(HandlerWrapper.java:116)
	at org.eclipse.jetty.server.Server.handle(Server.java:370)
	at org.eclipse.jetty.server.AbstractHttpConnection.handleRequest(AbstractHttpConnection.java:489)
	at org.eclipse.jetty.server.AbstractHttpConnection.content(AbstractHttpConnection.java:960)
	at org.eclipse.jetty.server.AbstractHttpConnection$RequestHandler.content(AbstractHttpConnection.java:1021)
	at org.eclipse.jetty.http.HttpParser.parseNext(HttpParser.java:865)
	at org.eclipse.jetty.http.HttpParser.parseAvailable(HttpParser.java:240)
	at org.eclipse.jetty.server.AsyncHttpConnection.handle(AsyncHttpConnection.java:82)
	at org.eclipse.jetty.io.nio.SelectChannelEndPoint.handle(SelectChannelEndPoint.java:668)
	at org.eclipse.jetty.io.nio.SelectChannelEndPoint$1.run(SelectChannelEndPoint.java:52)
	at winstone.BoundedExecutorService$1.run(BoundedExecutorService.java:77)
	at java.util.concurrent.ThreadPoolExecutor.runWorker(ThreadPoolExecutor.java:1142)
	at java.util.concurrent.ThreadPoolExecutor$Worker.run(ThreadPoolExecutor.java:617)
	at java.lang.Thread.run(Thread.java:745)

2016-05-30 18:26:35.247+1000 [id=416]	FINE	o.j.p.w.s.s.ExecutorStepExecution$PlaceholderTask#finish: no running task corresponds to c1996653-345c-4cac-9bd3-5d2ab892b67e
2016-05-30 18:32:03.883+1000 [id=470]	FINE	o.j.p.workflow.job.WorkflowRun#setResult: pipeline-bill #14 in /tmp/je-1-home/jobs/pipeline-bill/builds/14: result is set to ABORTEDjava.lang.Exception
	at org.jenkinsci.plugins.workflow.job.WorkflowRun.setResult(WorkflowRun.java:514)
	at org.jenkinsci.plugins.workflow.job.WorkflowRun.finish(WorkflowRun.java:520)
	at org.jenkinsci.plugins.workflow.job.WorkflowRun.access$1100(WorkflowRun.java:111)
	at org.jenkinsci.plugins.workflow.job.WorkflowRun$GraphL.onNewHead(WorkflowRun.java:787)
	at org.jenkinsci.plugins.workflow.cps.CpsFlowExecution.notifyListeners(CpsFlowExecution.java:843)
	at org.jenkinsci.plugins.workflow.cps.CpsThreadGroup$4.run(CpsThreadGroup.java:339)
	at org.jenkinsci.plugins.workflow.cps.CpsVmExecutorService$1.run(CpsVmExecutorService.java:32)
	at hudson.remoting.SingleLaneExecutorService$1.run(SingleLaneExecutorService.java:112)
	at jenkins.util.ContextResettingExecutorService$1.run(ContextResettingExecutorService.java:28)
	at java.util.concurrent.Executors$RunnableAdapter.call(Executors.java:511)
	at java.util.concurrent.FutureTask.run(FutureTask.java:266)
	at java.util.concurrent.ThreadPoolExecutor.runWorker(ThreadPoolExecutor.java:1142)
	at java.util.concurrent.ThreadPoolExecutor$Worker.run(ThreadPoolExecutor.java:617)
	at java.lang.Thread.run(Thread.java:745)

2016-05-30 18:32:03.883+1000 [id=470]	INFO	o.j.p.workflow.job.WorkflowRun#finish: pipeline-bill #14 completed: ABORTED
2016-05-30 18:32:03.884+1000 [id=470]	FINE	o.j.p.w.s.s.StageStepExecution#exit: exit pipeline-bill #14: {}
2016-05-30 18:32:03.886+1000 [id=470]	FINE	o.j.p.w.flow.FlowExecutionList#unregister: unregistered Owner[pipeline-bill/14:pipeline-bill #14] so is now []
2016-05-30 18:32:03.887+1000 [id=68]	FINE	o.j.p.w.flow.FlowExecutionList#save: saving [] to /tmp/je-1-home/org.jenkinsci.plugins.workflow.flow.FlowExecutionList.xml
2016-05-30 18:33:49.897+1000 [id=61]	FINE	o.j.p.w.flow.FlowExecutionList#save: saving [Owner[pipeline-bill/15:pipeline-bill #15]] to /tmp/je-1-home/org.jenkinsci.plugins.workflow.flow.FlowExecutionList.xml
2016-05-30 18:33:49.999+1000 [id=640]	FINE	o.j.p.w.s.s.ExecutorStepExecution$PlaceholderTask$PlaceholderExecutable#run: started c7fed36f-bc8d-46b9-8027-4475cb84f1c2
2016-05-30 18:33:49.999+1000 [id=640]	FINE	o.j.p.w.s.s.ExecutorStepExecution$PlaceholderTask$PlaceholderExecutable#run: waiting on c7fed36f-bc8d-46b9-8027-4475cb84f1c2
2016-05-30 18:33:50.001+1000 [id=598]	FINE	o.j.p.w.s.s.ExecutorStepExecution$PlaceholderTask$PlaceholderExecutable#run: started fcde782e-9c06-474c-b109-b3284509b0c3
2016-05-30 18:33:50.001+1000 [id=598]	FINE	o.j.p.w.s.s.ExecutorStepExecution$PlaceholderTask$PlaceholderExecutable#run: waiting on fcde782e-9c06-474c-b109-b3284509b0c3
2016-05-30 18:33:56.889+1000 [id=59]	FINE	o.j.p.w.flow.FlowExecutionList#save: saving [Owner[pipeline-bill/15:null], Owner[pipeline-bill/16:pipeline-bill #16]] to /tmp/je-1-home/org.jenkinsci.plugins.workflow.flow.FlowExecutionList.xml
2016-05-30 18:34:01.289+1000 [id=673]	FINE	o.j.p.w.s.s.ExecutorStepExecution$PlaceholderTask$Callback#finished: finished c7fed36f-bc8d-46b9-8027-4475cb84f1c2
2016-05-30 18:34:01.377+1000 [id=733]	FINE	o.j.p.w.s.s.ExecutorStepExecution$PlaceholderTask$PlaceholderExecutable#run: started bf3e01d0-ebe8-4c38-93ce-769c8b49a9db
2016-05-30 18:34:01.377+1000 [id=733]	FINE	o.j.p.w.s.s.ExecutorStepExecution$PlaceholderTask$PlaceholderExecutable#run: waiting on bf3e01d0-ebe8-4c38-93ce-769c8b49a9db
2016-05-30 18:34:02.012+1000 [id=675]	FINE	o.j.p.w.s.s.ExecutorStepExecution$PlaceholderTask$Callback#finished: finished fcde782e-9c06-474c-b109-b3284509b0c3
2016-05-30 18:34:02.145+1000 [id=675]	FINE	o.j.p.workflow.job.WorkflowRun#setResult: pipeline-bill #15 in /tmp/je-1-home/jobs/pipeline-bill/builds/15: result is set to SUCCESSjava.lang.Exception
	at org.jenkinsci.plugins.workflow.job.WorkflowRun.setResult(WorkflowRun.java:514)
	at org.jenkinsci.plugins.workflow.job.WorkflowRun.finish(WorkflowRun.java:520)
	at org.jenkinsci.plugins.workflow.job.WorkflowRun.access$1100(WorkflowRun.java:111)
	at org.jenkinsci.plugins.workflow.job.WorkflowRun$GraphL.onNewHead(WorkflowRun.java:787)
	at org.jenkinsci.plugins.workflow.cps.CpsFlowExecution.notifyListeners(CpsFlowExecution.java:843)
	at org.jenkinsci.plugins.workflow.cps.CpsThreadGroup$4.run(CpsThreadGroup.java:339)
	at org.jenkinsci.plugins.workflow.cps.CpsVmExecutorService$1.run(CpsVmExecutorService.java:32)
	at hudson.remoting.SingleLaneExecutorService$1.run(SingleLaneExecutorService.java:112)
	at jenkins.util.ContextResettingExecutorService$1.run(ContextResettingExecutorService.java:28)
	at java.util.concurrent.Executors$RunnableAdapter.call(Executors.java:511)
	at java.util.concurrent.FutureTask.run(FutureTask.java:266)
	at java.util.concurrent.ThreadPoolExecutor.runWorker(ThreadPoolExecutor.java:1142)
	at java.util.concurrent.ThreadPoolExecutor$Worker.run(ThreadPoolExecutor.java:617)
	at java.lang.Thread.run(Thread.java:745)

2016-05-30 18:34:02.146+1000 [id=675]	INFO	o.j.p.workflow.job.WorkflowRun#finish: pipeline-bill #15 completed: SUCCESS
2016-05-30 18:34:02.148+1000 [id=675]	FINE	o.j.p.w.s.s.StageStepExecution#exit: exit pipeline-bill #15: {}
2016-05-30 18:34:02.150+1000 [id=675]	FINE	o.j.p.w.flow.FlowExecutionList#unregister: unregistered Owner[pipeline-bill/15:pipeline-bill #15] so is now [Owner[pipeline-bill/16:null]]
2016-05-30 18:34:02.150+1000 [id=61]	FINE	o.j.p.w.flow.FlowExecutionList#save: saving [Owner[pipeline-bill/16:null]] to /tmp/je-1-home/org.jenkinsci.plugins.workflow.flow.FlowExecutionList.xml
2016-05-30 18:34:11.677+1000 [id=673]	FINE	o.j.p.w.s.s.ExecutorStepExecution$PlaceholderTask$Callback#finished: finished bf3e01d0-ebe8-4c38-93ce-769c8b49a9db
2016-05-30 18:35:44.874+1000 [id=715]	FINE	o.j.p.w.s.s.ExecutorStepExecution$PlaceholderTask#run: broken c7fed36f-bc8d-46b9-8027-4475cb84f1c2java.io.IOException: cannot find current thread
	at org.jenkinsci.plugins.workflow.cps.CpsStepContext.doGet(CpsStepContext.java:292)
	at org.jenkinsci.plugins.workflow.support.DefaultStepContext.get(DefaultStepContext.java:71)
	at org.jenkinsci.plugins.workflow.support.steps.ExecutorStepExecution$PlaceholderTask.run(ExecutorStepExecution.java:296)
	at org.jenkinsci.plugins.workflow.support.steps.ExecutorStepExecution$PlaceholderTask.runForDisplay(ExecutorStepExecution.java:305)
	at org.jenkinsci.plugins.workflow.support.steps.ExecutorStepExecution$PlaceholderTask.getUrl(ExecutorStepExecution.java:314)
	at org.jenkinsci.plugins.workflow.support.steps.ExecutorStepExecution$PlaceholderTask$PlaceholderExecutable.getUrl(ExecutorStepExecution.java:538)
	at org.jenkinsci.plugins.workflow.support.steps.ExecutorStepExecution$PlaceholderTask$PlaceholderExecutable.toString(ExecutorStepExecution.java:542)
	at java.text.MessageFormat.subformat(MessageFormat.java:1280)
	at java.text.MessageFormat.format(MessageFormat.java:865)
	at java.text.Format.format(Format.java:157)
	at java.text.MessageFormat.format(MessageFormat.java:841)
	at java.util.logging.Formatter.formatMessage(Formatter.java:138)
	at com.cloudbees.jenkins.support.SupportLogFormatter.format(SupportLogFormatter.java:89)
	at com.cloudbees.jenkins.support.impl.LogRecordContent.printTo(LogRecordContent.java:34)
	at com.cloudbees.jenkins.support.api.PrintedContent.writeTo(PrintedContent.java:47)
	at com.cloudbees.jenkins.support.SupportPlugin.writeBundle(SupportPlugin.java:342)
	at com.cloudbees.jenkins.support.SupportAction.doDownload(SupportAction.java:169)
	at sun.reflect.NativeMethodAccessorImpl.invoke0(Native Method)
	at sun.reflect.NativeMethodAccessorImpl.invoke(NativeMethodAccessorImpl.java:62)
	at sun.reflect.DelegatingMethodAccessorImpl.invoke(DelegatingMethodAccessorImpl.java:43)
	at java.lang.reflect.Method.invoke(Method.java:498)
	at org.kohsuke.stapler.Function$InstanceFunction.invoke(Function.java:298)
	at org.kohsuke.stapler.Function.bindAndInvoke(Function.java:161)
	at org.kohsuke.stapler.Function.bindAndInvokeAndServeResponse(Function.java:96)
	at org.kohsuke.stapler.MetaClass$1.doDispatch(MetaClass.java:121)
	at org.kohsuke.stapler.NameBasedDispatcher.dispatch(NameBasedDispatcher.java:53)
	at org.kohsuke.stapler.Stapler.tryInvoke(Stapler.java:746)
	at org.kohsuke.stapler.Stapler.invoke(Stapler.java:876)
	at org.kohsuke.stapler.MetaClass$13.dispatch(MetaClass.java:411)
	at org.kohsuke.stapler.Stapler.tryInvoke(Stapler.java:746)
	at org.kohsuke.stapler.Stapler.invoke(Stapler.java:876)
	at org.kohsuke.stapler.Stapler.invoke(Stapler.java:649)
	at org.kohsuke.stapler.Stapler.service(Stapler.java:238)
	at javax.servlet.http.HttpServlet.service(HttpServlet.java:848)
	at org.eclipse.jetty.servlet.ServletHolder.handle(ServletHolder.java:686)
	at org.eclipse.jetty.servlet.ServletHandler$CachedChain.doFilter(ServletHandler.java:1494)
	at com.cloudbees.jenkins.ha.HAHealthCheckFilter.doFilter(HAHealthCheckFilter.java:35)
	at org.eclipse.jetty.servlet.ServletHandler$CachedChain.doFilter(ServletHandler.java:1482)
	at hudson.util.PluginServletFilter$1.doFilter(PluginServletFilter.java:132)
	at com.cloudbees.jenkins.support.slowrequest.SlowRequestFilter.doFilter(SlowRequestFilter.java:37)
	at hudson.util.PluginServletFilter$1.doFilter(PluginServletFilter.java:129)
	at com.cloudbees.opscenter.client.plugin.OfflineSecurityRealmFilter._doFilter(OfflineSecurityRealmFilter.java:90)
	at com.cloudbees.opscenter.client.plugin.OfflineSecurityRealmFilter.doFilter(OfflineSecurityRealmFilter.java:67)
	at hudson.util.PluginServletFilter$1.doFilter(PluginServletFilter.java:129)
	at com.cloudbees.opscenter.security.ClusterSessionFilter._doFilter(ClusterSessionFilter.java:69)
	at com.cloudbees.opscenter.security.ClusterSessionFilter.doFilter(ClusterSessionFilter.java:44)
	at hudson.util.PluginServletFilter$1.doFilter(PluginServletFilter.java:129)
	at hudson.security.UnwrapSecurityExceptionFilter.doFilter(UnwrapSecurityExceptionFilter.java:51)
	at hudson.util.PluginServletFilter$1.doFilter(PluginServletFilter.java:129)
	at org.jenkinsci.plugins.suppress_stack_trace.SuppressionFilter.doFilter(SuppressionFilter.java:34)
	at hudson.util.PluginServletFilter$1.doFilter(PluginServletFilter.java:129)
	at net.bull.javamelody.MonitoringFilter.doFilter(MonitoringFilter.java:201)
	at net.bull.javamelody.MonitoringFilter.doFilter(MonitoringFilter.java:178)
	at net.bull.javamelody.PluginMonitoringFilter.doFilter(PluginMonitoringFilter.java:85)
	at org.jvnet.hudson.plugins.monitoring.HudsonMonitoringFilter.doFilter(HudsonMonitoringFilter.java:102)
	at hudson.util.PluginServletFilter$1.doFilter(PluginServletFilter.java:129)
	at jenkins.metrics.impl.MetricsFilter.doFilter(MetricsFilter.java:125)
	at hudson.util.PluginServletFilter$1.doFilter(PluginServletFilter.java:129)
	at hudson.util.PluginServletFilter.doFilter(PluginServletFilter.java:123)
	at org.eclipse.jetty.servlet.ServletHandler$CachedChain.doFilter(ServletHandler.java:1482)
	at hudson.security.csrf.CrumbFilter.doFilter(CrumbFilter.java:49)
	at org.eclipse.jetty.servlet.ServletHandler$CachedChain.doFilter(ServletHandler.java:1482)
	at hudson.security.ChainedServletFilter$1.doFilter(ChainedServletFilter.java:84)
	at hudson.security.UnwrapSecurityExceptionFilter.doFilter(UnwrapSecurityExceptionFilter.java:51)
	at hudson.security.ChainedServletFilter$1.doFilter(ChainedServletFilter.java:87)
	at jenkins.security.ExceptionTranslationFilter.doFilter(ExceptionTranslationFilter.java:117)
	at hudson.security.ChainedServletFilter$1.doFilter(ChainedServletFilter.java:87)
	at org.acegisecurity.providers.anonymous.AnonymousProcessingFilter.doFilter(AnonymousProcessingFilter.java:125)
	at hudson.security.ChainedServletFilter$1.doFilter(ChainedServletFilter.java:87)
	at org.acegisecurity.ui.rememberme.RememberMeProcessingFilter.doFilter(RememberMeProcessingFilter.java:142)
	at hudson.security.ChainedServletFilter$1.doFilter(ChainedServletFilter.java:87)
	at org.acegisecurity.ui.AbstractProcessingFilter.doFilter(AbstractProcessingFilter.java:271)
	at hudson.security.ChainedServletFilter$1.doFilter(ChainedServletFilter.java:87)
	at jenkins.security.BasicHeaderProcessor.doFilter(BasicHeaderProcessor.java:93)
	at hudson.security.ChainedServletFilter$1.doFilter(ChainedServletFilter.java:87)
	at org.acegisecurity.context.HttpSessionContextIntegrationFilter.doFilter(HttpSessionContextIntegrationFilter.java:249)
	at hudson.security.HttpSessionContextIntegrationFilter2.doFilter(HttpSessionContextIntegrationFilter2.java:67)
	at hudson.security.ChainedServletFilter$1.doFilter(ChainedServletFilter.java:87)
	at hudson.security.ChainedServletFilter.doFilter(ChainedServletFilter.java:76)
	at hudson.security.HudsonFilter.doFilter(HudsonFilter.java:171)
	at org.eclipse.jetty.servlet.ServletHandler$CachedChain.doFilter(ServletHandler.java:1482)
	at org.kohsuke.stapler.compression.CompressionFilter.doFilter(CompressionFilter.java:49)
	at org.eclipse.jetty.servlet.ServletHandler$CachedChain.doFilter(ServletHandler.java:1482)
	at hudson.util.CharacterEncodingFilter.doFilter(CharacterEncodingFilter.java:81)
	at org.eclipse.jetty.servlet.ServletHandler$CachedChain.doFilter(ServletHandler.java:1482)
	at org.kohsuke.stapler.DiagnosticThreadNameFilter.doFilter(DiagnosticThreadNameFilter.java:30)
	at org.eclipse.jetty.servlet.ServletHandler$CachedChain.doFilter(ServletHandler.java:1474)
	at org.eclipse.jetty.servlet.ServletHandler.doHandle(ServletHandler.java:499)
	at org.eclipse.jetty.server.handler.ScopedHandler.handle(ScopedHandler.java:137)
	at org.eclipse.jetty.security.SecurityHandler.handle(SecurityHandler.java:533)
	at org.eclipse.jetty.server.session.SessionHandler.doHandle(SessionHandler.java:231)
	at org.eclipse.jetty.server.handler.ContextHandler.doHandle(ContextHandler.java:1086)
	at org.eclipse.jetty.servlet.ServletHandler.doScope(ServletHandler.java:428)
	at org.eclipse.jetty.server.session.SessionHandler.doScope(SessionHandler.java:193)
	at org.eclipse.jetty.server.handler.ContextHandler.doScope(ContextHandler.java:1020)
	at org.eclipse.jetty.server.handler.ScopedHandler.handle(ScopedHandler.java:135)
	at org.eclipse.jetty.server.handler.HandlerWrapper.handle(HandlerWrapper.java:116)
	at org.eclipse.jetty.server.Server.handle(Server.java:370)
	at org.eclipse.jetty.server.AbstractHttpConnection.handleRequest(AbstractHttpConnection.java:489)
	at org.eclipse.jetty.server.AbstractHttpConnection.content(AbstractHttpConnection.java:960)
	at org.eclipse.jetty.server.AbstractHttpConnection$RequestHandler.content(AbstractHttpConnection.java:1021)
	at org.eclipse.jetty.http.HttpParser.parseNext(HttpParser.java:865)
	at org.eclipse.jetty.http.HttpParser.parseAvailable(HttpParser.java:240)
	at org.eclipse.jetty.server.AsyncHttpConnection.handle(AsyncHttpConnection.java:82)
	at org.eclipse.jetty.io.nio.SelectChannelEndPoint.handle(SelectChannelEndPoint.java:668)
	at org.eclipse.jetty.io.nio.SelectChannelEndPoint$1.run(SelectChannelEndPoint.java:52)
	at winstone.BoundedExecutorService$1.run(BoundedExecutorService.java:77)
	at java.util.concurrent.ThreadPoolExecutor.runWorker(ThreadPoolExecutor.java:1142)
	at java.util.concurrent.ThreadPoolExecutor$Worker.run(ThreadPoolExecutor.java:617)
	at java.lang.Thread.run(Thread.java:745)

2016-05-30 18:35:44.875+1000 [id=715]	FINE	o.j.p.w.s.s.ExecutorStepExecution$PlaceholderTask#finish: no running task corresponds to c7fed36f-bc8d-46b9-8027-4475cb84f1c2
2016-05-30 18:35:44.876+1000 [id=715]	FINE	o.j.p.w.s.s.ExecutorStepExecution$PlaceholderTask#run: broken fcde782e-9c06-474c-b109-b3284509b0c3java.io.IOException: cannot find current thread
	at org.jenkinsci.plugins.workflow.cps.CpsStepContext.doGet(CpsStepContext.java:292)
	at org.jenkinsci.plugins.workflow.support.DefaultStepContext.get(DefaultStepContext.java:71)
	at org.jenkinsci.plugins.workflow.support.steps.ExecutorStepExecution$PlaceholderTask.run(ExecutorStepExecution.java:296)
	at org.jenkinsci.plugins.workflow.support.steps.ExecutorStepExecution$PlaceholderTask.runForDisplay(ExecutorStepExecution.java:305)
	at org.jenkinsci.plugins.workflow.support.steps.ExecutorStepExecution$PlaceholderTask.getUrl(ExecutorStepExecution.java:314)
	at org.jenkinsci.plugins.workflow.support.steps.ExecutorStepExecution$PlaceholderTask$PlaceholderExecutable.getUrl(ExecutorStepExecution.java:538)
	at org.jenkinsci.plugins.workflow.support.steps.ExecutorStepExecution$PlaceholderTask$PlaceholderExecutable.toString(ExecutorStepExecution.java:542)
	at java.text.MessageFormat.subformat(MessageFormat.java:1280)
	at java.text.MessageFormat.format(MessageFormat.java:865)
	at java.text.Format.format(Format.java:157)
	at java.text.MessageFormat.format(MessageFormat.java:841)
	at java.util.logging.Formatter.formatMessage(Formatter.java:138)
	at com.cloudbees.jenkins.support.SupportLogFormatter.format(SupportLogFormatter.java:89)
	at com.cloudbees.jenkins.support.impl.LogRecordContent.printTo(LogRecordContent.java:34)
	at com.cloudbees.jenkins.support.api.PrintedContent.writeTo(PrintedContent.java:47)
	at com.cloudbees.jenkins.support.SupportPlugin.writeBundle(SupportPlugin.java:342)
	at com.cloudbees.jenkins.support.SupportAction.doDownload(SupportAction.java:169)
	at sun.reflect.NativeMethodAccessorImpl.invoke0(Native Method)
	at sun.reflect.NativeMethodAccessorImpl.invoke(NativeMethodAccessorImpl.java:62)
	at sun.reflect.DelegatingMethodAccessorImpl.invoke(DelegatingMethodAccessorImpl.java:43)
	at java.lang.reflect.Method.invoke(Method.java:498)
	at org.kohsuke.stapler.Function$InstanceFunction.invoke(Function.java:298)
	at org.kohsuke.stapler.Function.bindAndInvoke(Function.java:161)
	at org.kohsuke.stapler.Function.bindAndInvokeAndServeResponse(Function.java:96)
	at org.kohsuke.stapler.MetaClass$1.doDispatch(MetaClass.java:121)
	at org.kohsuke.stapler.NameBasedDispatcher.dispatch(NameBasedDispatcher.java:53)
	at org.kohsuke.stapler.Stapler.tryInvoke(Stapler.java:746)
	at org.kohsuke.stapler.Stapler.invoke(Stapler.java:876)
	at org.kohsuke.stapler.MetaClass$13.dispatch(MetaClass.java:411)
	at org.kohsuke.stapler.Stapler.tryInvoke(Stapler.java:746)
	at org.kohsuke.stapler.Stapler.invoke(Stapler.java:876)
	at org.kohsuke.stapler.Stapler.invoke(Stapler.java:649)
	at org.kohsuke.stapler.Stapler.service(Stapler.java:238)
	at javax.servlet.http.HttpServlet.service(HttpServlet.java:848)
	at org.eclipse.jetty.servlet.ServletHolder.handle(ServletHolder.java:686)
	at org.eclipse.jetty.servlet.ServletHandler$CachedChain.doFilter(ServletHandler.java:1494)
	at com.cloudbees.jenkins.ha.HAHealthCheckFilter.doFilter(HAHealthCheckFilter.java:35)
	at org.eclipse.jetty.servlet.ServletHandler$CachedChain.doFilter(ServletHandler.java:1482)
	at hudson.util.PluginServletFilter$1.doFilter(PluginServletFilter.java:132)
	at com.cloudbees.jenkins.support.slowrequest.SlowRequestFilter.doFilter(SlowRequestFilter.java:37)
	at hudson.util.PluginServletFilter$1.doFilter(PluginServletFilter.java:129)
	at com.cloudbees.opscenter.client.plugin.OfflineSecurityRealmFilter._doFilter(OfflineSecurityRealmFilter.java:90)
	at com.cloudbees.opscenter.client.plugin.OfflineSecurityRealmFilter.doFilter(OfflineSecurityRealmFilter.java:67)
	at hudson.util.PluginServletFilter$1.doFilter(PluginServletFilter.java:129)
	at com.cloudbees.opscenter.security.ClusterSessionFilter._doFilter(ClusterSessionFilter.java:69)
	at com.cloudbees.opscenter.security.ClusterSessionFilter.doFilter(ClusterSessionFilter.java:44)
	at hudson.util.PluginServletFilter$1.doFilter(PluginServletFilter.java:129)
	at hudson.security.UnwrapSecurityExceptionFilter.doFilter(UnwrapSecurityExceptionFilter.java:51)
	at hudson.util.PluginServletFilter$1.doFilter(PluginServletFilter.java:129)
	at org.jenkinsci.plugins.suppress_stack_trace.SuppressionFilter.doFilter(SuppressionFilter.java:34)
	at hudson.util.PluginServletFilter$1.doFilter(PluginServletFilter.java:129)
	at net.bull.javamelody.MonitoringFilter.doFilter(MonitoringFilter.java:201)
	at net.bull.javamelody.MonitoringFilter.doFilter(MonitoringFilter.java:178)
	at net.bull.javamelody.PluginMonitoringFilter.doFilter(PluginMonitoringFilter.java:85)
	at org.jvnet.hudson.plugins.monitoring.HudsonMonitoringFilter.doFilter(HudsonMonitoringFilter.java:102)
	at hudson.util.PluginServletFilter$1.doFilter(PluginServletFilter.java:129)
	at jenkins.metrics.impl.MetricsFilter.doFilter(MetricsFilter.java:125)
	at hudson.util.PluginServletFilter$1.doFilter(PluginServletFilter.java:129)
	at hudson.util.PluginServletFilter.doFilter(PluginServletFilter.java:123)
	at org.eclipse.jetty.servlet.ServletHandler$CachedChain.doFilter(ServletHandler.java:1482)
	at hudson.security.csrf.CrumbFilter.doFilter(CrumbFilter.java:49)
	at org.eclipse.jetty.servlet.ServletHandler$CachedChain.doFilter(ServletHandler.java:1482)
	at hudson.security.ChainedServletFilter$1.doFilter(ChainedServletFilter.java:84)
	at hudson.security.UnwrapSecurityExceptionFilter.doFilter(UnwrapSecurityExceptionFilter.java:51)
	at hudson.security.ChainedServletFilter$1.doFilter(ChainedServletFilter.java:87)
	at jenkins.security.ExceptionTranslationFilter.doFilter(ExceptionTranslationFilter.java:117)
	at hudson.security.ChainedServletFilter$1.doFilter(ChainedServletFilter.java:87)
	at org.acegisecurity.providers.anonymous.AnonymousProcessingFilter.doFilter(AnonymousProcessingFilter.java:125)
	at hudson.security.ChainedServletFilter$1.doFilter(ChainedServletFilter.java:87)
	at org.acegisecurity.ui.rememberme.RememberMeProcessingFilter.doFilter(RememberMeProcessingFilter.java:142)
	at hudson.security.ChainedServletFilter$1.doFilter(ChainedServletFilter.java:87)
	at org.acegisecurity.ui.AbstractProcessingFilter.doFilter(AbstractProcessingFilter.java:271)
	at hudson.security.ChainedServletFilter$1.doFilter(ChainedServletFilter.java:87)
	at jenkins.security.BasicHeaderProcessor.doFilter(BasicHeaderProcessor.java:93)
	at hudson.security.ChainedServletFilter$1.doFilter(ChainedServletFilter.java:87)
	at org.acegisecurity.context.HttpSessionContextIntegrationFilter.doFilter(HttpSessionContextIntegrationFilter.java:249)
	at hudson.security.HttpSessionContextIntegrationFilter2.doFilter(HttpSessionContextIntegrationFilter2.java:67)
	at hudson.security.ChainedServletFilter$1.doFilter(ChainedServletFilter.java:87)
	at hudson.security.ChainedServletFilter.doFilter(ChainedServletFilter.java:76)
	at hudson.security.HudsonFilter.doFilter(HudsonFilter.java:171)
	at org.eclipse.jetty.servlet.ServletHandler$CachedChain.doFilter(ServletHandler.java:1482)
	at org.kohsuke.stapler.compression.CompressionFilter.doFilter(CompressionFilter.java:49)
	at org.eclipse.jetty.servlet.ServletHandler$CachedChain.doFilter(ServletHandler.java:1482)
	at hudson.util.CharacterEncodingFilter.doFilter(CharacterEncodingFilter.java:81)
	at org.eclipse.jetty.servlet.ServletHandler$CachedChain.doFilter(ServletHandler.java:1482)
	at org.kohsuke.stapler.DiagnosticThreadNameFilter.doFilter(DiagnosticThreadNameFilter.java:30)
	at org.eclipse.jetty.servlet.ServletHandler$CachedChain.doFilter(ServletHandler.java:1474)
	at org.eclipse.jetty.servlet.ServletHandler.doHandle(ServletHandler.java:499)
	at org.eclipse.jetty.server.handler.ScopedHandler.handle(ScopedHandler.java:137)
	at org.eclipse.jetty.security.SecurityHandler.handle(SecurityHandler.java:533)
	at org.eclipse.jetty.server.session.SessionHandler.doHandle(SessionHandler.java:231)
	at org.eclipse.jetty.server.handler.ContextHandler.doHandle(ContextHandler.java:1086)
	at org.eclipse.jetty.servlet.ServletHandler.doScope(ServletHandler.java:428)
	at org.eclipse.jetty.server.session.SessionHandler.doScope(SessionHandler.java:193)
	at org.eclipse.jetty.server.handler.ContextHandler.doScope(ContextHandler.java:1020)
	at org.eclipse.jetty.server.handler.ScopedHandler.handle(ScopedHandler.java:135)
	at org.eclipse.jetty.server.handler.HandlerWrapper.handle(HandlerWrapper.java:116)
	at org.eclipse.jetty.server.Server.handle(Server.java:370)
	at org.eclipse.jetty.server.AbstractHttpConnection.handleRequest(AbstractHttpConnection.java:489)
	at org.eclipse.jetty.server.AbstractHttpConnection.content(AbstractHttpConnection.java:960)
	at org.eclipse.jetty.server.AbstractHttpConnection$RequestHandler.content(AbstractHttpConnection.java:1021)
	at org.eclipse.jetty.http.HttpParser.parseNext(HttpParser.java:865)
	at org.eclipse.jetty.http.HttpParser.parseAvailable(HttpParser.java:240)
	at org.eclipse.jetty.server.AsyncHttpConnection.handle(AsyncHttpConnection.java:82)
	at org.eclipse.jetty.io.nio.SelectChannelEndPoint.handle(SelectChannelEndPoint.java:668)
	at org.eclipse.jetty.io.nio.SelectChannelEndPoint$1.run(SelectChannelEndPoint.java:52)
	at winstone.BoundedExecutorService$1.run(BoundedExecutorService.java:77)
	at java.util.concurrent.ThreadPoolExecutor.runWorker(ThreadPoolExecutor.java:1142)
	at java.util.concurrent.ThreadPoolExecutor$Worker.run(ThreadPoolExecutor.java:617)
	at java.lang.Thread.run(Thread.java:745)

2016-05-30 18:35:44.877+1000 [id=715]	FINE	o.j.p.w.s.s.ExecutorStepExecution$PlaceholderTask#finish: no running task corresponds to fcde782e-9c06-474c-b109-b3284509b0c3
2016-05-30 18:35:44.878+1000 [id=715]	FINE	o.j.p.w.s.s.ExecutorStepExecution$PlaceholderTask#run: broken bf3e01d0-ebe8-4c38-93ce-769c8b49a9dbjava.io.IOException: cannot find current thread
	at org.jenkinsci.plugins.workflow.cps.CpsStepContext.doGet(CpsStepContext.java:292)
	at org.jenkinsci.plugins.workflow.support.DefaultStepContext.get(DefaultStepContext.java:71)
	at org.jenkinsci.plugins.workflow.support.steps.ExecutorStepExecution$PlaceholderTask.run(ExecutorStepExecution.java:296)
	at org.jenkinsci.plugins.workflow.support.steps.ExecutorStepExecution$PlaceholderTask.runForDisplay(ExecutorStepExecution.java:305)
	at org.jenkinsci.plugins.workflow.support.steps.ExecutorStepExecution$PlaceholderTask.getUrl(ExecutorStepExecution.java:314)
	at org.jenkinsci.plugins.workflow.support.steps.ExecutorStepExecution$PlaceholderTask$PlaceholderExecutable.getUrl(ExecutorStepExecution.java:538)
	at org.jenkinsci.plugins.workflow.support.steps.ExecutorStepExecution$PlaceholderTask$PlaceholderExecutable.toString(ExecutorStepExecution.java:542)
	at java.text.MessageFormat.subformat(MessageFormat.java:1280)
	at java.text.MessageFormat.format(MessageFormat.java:865)
	at java.text.Format.format(Format.java:157)
	at java.text.MessageFormat.format(MessageFormat.java:841)
	at java.util.logging.Formatter.formatMessage(Formatter.java:138)
	at com.cloudbees.jenkins.support.SupportLogFormatter.format(SupportLogFormatter.java:89)
	at com.cloudbees.jenkins.support.impl.LogRecordContent.printTo(LogRecordContent.java:34)
	at com.cloudbees.jenkins.support.api.PrintedContent.writeTo(PrintedContent.java:47)
	at com.cloudbees.jenkins.support.SupportPlugin.writeBundle(SupportPlugin.java:342)
	at com.cloudbees.jenkins.support.SupportAction.doDownload(SupportAction.java:169)
	at sun.reflect.NativeMethodAccessorImpl.invoke0(Native Method)
	at sun.reflect.NativeMethodAccessorImpl.invoke(NativeMethodAccessorImpl.java:62)
	at sun.reflect.DelegatingMethodAccessorImpl.invoke(DelegatingMethodAccessorImpl.java:43)
	at java.lang.reflect.Method.invoke(Method.java:498)
	at org.kohsuke.stapler.Function$InstanceFunction.invoke(Function.java:298)
	at org.kohsuke.stapler.Function.bindAndInvoke(Function.java:161)
	at org.kohsuke.stapler.Function.bindAndInvokeAndServeResponse(Function.java:96)
	at org.kohsuke.stapler.MetaClass$1.doDispatch(MetaClass.java:121)
	at org.kohsuke.stapler.NameBasedDispatcher.dispatch(NameBasedDispatcher.java:53)
	at org.kohsuke.stapler.Stapler.tryInvoke(Stapler.java:746)
	at org.kohsuke.stapler.Stapler.invoke(Stapler.java:876)
	at org.kohsuke.stapler.MetaClass$13.dispatch(MetaClass.java:411)
	at org.kohsuke.stapler.Stapler.tryInvoke(Stapler.java:746)
	at org.kohsuke.stapler.Stapler.invoke(Stapler.java:876)
	at org.kohsuke.stapler.Stapler.invoke(Stapler.java:649)
	at org.kohsuke.stapler.Stapler.service(Stapler.java:238)
	at javax.servlet.http.HttpServlet.service(HttpServlet.java:848)
	at org.eclipse.jetty.servlet.ServletHolder.handle(ServletHolder.java:686)
	at org.eclipse.jetty.servlet.ServletHandler$CachedChain.doFilter(ServletHandler.java:1494)
	at com.cloudbees.jenkins.ha.HAHealthCheckFilter.doFilter(HAHealthCheckFilter.java:35)
	at org.eclipse.jetty.servlet.ServletHandler$CachedChain.doFilter(ServletHandler.java:1482)
	at hudson.util.PluginServletFilter$1.doFilter(PluginServletFilter.java:132)
	at com.cloudbees.jenkins.support.slowrequest.SlowRequestFilter.doFilter(SlowRequestFilter.java:37)
	at hudson.util.PluginServletFilter$1.doFilter(PluginServletFilter.java:129)
	at com.cloudbees.opscenter.client.plugin.OfflineSecurityRealmFilter._doFilter(OfflineSecurityRealmFilter.java:90)
	at com.cloudbees.opscenter.client.plugin.OfflineSecurityRealmFilter.doFilter(OfflineSecurityRealmFilter.java:67)
	at hudson.util.PluginServletFilter$1.doFilter(PluginServletFilter.java:129)
	at com.cloudbees.opscenter.security.ClusterSessionFilter._doFilter(ClusterSessionFilter.java:69)
	at com.cloudbees.opscenter.security.ClusterSessionFilter.doFilter(ClusterSessionFilter.java:44)
	at hudson.util.PluginServletFilter$1.doFilter(PluginServletFilter.java:129)
	at hudson.security.UnwrapSecurityExceptionFilter.doFilter(UnwrapSecurityExceptionFilter.java:51)
	at hudson.util.PluginServletFilter$1.doFilter(PluginServletFilter.java:129)
	at org.jenkinsci.plugins.suppress_stack_trace.SuppressionFilter.doFilter(SuppressionFilter.java:34)
	at hudson.util.PluginServletFilter$1.doFilter(PluginServletFilter.java:129)
	at net.bull.javamelody.MonitoringFilter.doFilter(MonitoringFilter.java:201)
	at net.bull.javamelody.MonitoringFilter.doFilter(MonitoringFilter.java:178)
	at net.bull.javamelody.PluginMonitoringFilter.doFilter(PluginMonitoringFilter.java:85)
	at org.jvnet.hudson.plugins.monitoring.HudsonMonitoringFilter.doFilter(HudsonMonitoringFilter.java:102)
	at hudson.util.PluginServletFilter$1.doFilter(PluginServletFilter.java:129)
	at jenkins.metrics.impl.MetricsFilter.doFilter(MetricsFilter.java:125)
	at hudson.util.PluginServletFilter$1.doFilter(PluginServletFilter.java:129)
	at hudson.util.PluginServletFilter.doFilter(PluginServletFilter.java:123)
	at org.eclipse.jetty.servlet.ServletHandler$CachedChain.doFilter(ServletHandler.java:1482)
	at hudson.security.csrf.CrumbFilter.doFilter(CrumbFilter.java:49)
	at org.eclipse.jetty