An attempt to send an e-mail to empty list of recipients, ignored.
Error when executing failure post condition:
an exception which occurred:
	in field org.jenkinsci.plugins.pipeline.modeldefinition.withscript.WithScriptScript.script
	in object org.jenkinsci.plugins.pipeline.modeldefinition.agent.impl.LabelScript@123a59f4
	in field groovy.lang.Closure.delegate
	in object org.jenkinsci.plugins.workflow.cps.CpsClosure2@15e9afc0
	in field org.jenkinsci.plugins.workflow.cps.CpsThreadGroup.closures
	in object org.jenkinsci.plugins.workflow.cps.CpsThreadGroup@729cc424
	in object org.jenkinsci.plugins.workflow.cps.CpsThreadGroup@729cc424
Caused: java.io.NotSerializableException: groovy.json.internal.LazyMap
	at PluginClassLoader for workflow-support//org.jboss.marshalling.river.RiverMarshaller.doWriteObject(RiverMarshaller.java:278)
	at PluginClassLoader for workflow-support//org.jboss.marshalling.river.BlockMarshaller.doWriteObject(BlockMarshaller.java:65)
	at PluginClassLoader for workflow-support//org.jboss.marshalling.river.BlockMarshaller.writeObject(BlockMarshaller.java:56)
	at PluginClassLoader for workflow-support//org.jboss.marshalling.MarshallerObjectOutputStream.writeObjectOverride(MarshallerObjectOutputStream.java:50)
	at PluginClassLoader for workflow-support//org.jboss.marshalling.river.RiverObjectOutputStream.writeObjectOverride(RiverObjectOutputStream.java:179)
	at java.base/java.io.ObjectOutputStream.writeObject(Unknown Source)
	at java.base/java.util.LinkedHashMap.internalWriteEntries(Unknown Source)
	at java.base/java.util.HashMap.writeObject(Unknown Source)
	at PluginClassLoader for workflow-support//org.jboss.marshalling.reflect.SerMethods.callWriteObject(SerMethods.java:69)
	at PluginClassLoader for workflow-support//org.jboss.marshalling.reflect.SerializableClass.callWriteObject(SerializableClass.java:231)
	at PluginClassLoader for workflow-support//org.jboss.marshalling.river.RiverMarshaller.doWriteSerializableObject(RiverMarshaller.java:1128)
	at PluginClassLoader for workflow-support//org.jboss.marshalling.river.RiverMarshaller.doWriteSerializableObject(RiverMarshaller.java:1119)
	at PluginClassLoader for workflow-support//org.jboss.marshalling.river.RiverMarshaller.doWriteObject(RiverMarshaller.java:271)
	at PluginClassLoader for workflow-support//org.jboss.marshalling.river.BlockMarshaller.doWriteObject(BlockMarshaller.java:65)
	at PluginClassLoader for workflow-support//org.jboss.marshalling.river.BlockMarshaller.writeObject(BlockMarshaller.java:56)
	at PluginClassLoader for workflow-support//org.jboss.marshalling.MarshallerObjectOutputStream.writeObjectOverride(MarshallerObjectOutputStream.java:50)
	at PluginClassLoader for workflow-support//org.jboss.marshalling.river.RiverObjectOutputStream.writeObjectOverride(RiverObjectOutputStream.java:179)
	at java.base/java.io.ObjectOutputStream.writeObject(Unknown Source)
	at PluginClassLoader for workflow-cps//com.cloudbees.groovy.cps.SerializableScript.writeObject(SerializableScript.java:26)
	at PluginClassLoader for workflow-support//org.jboss.marshalling.reflect.SerMethods.callWriteObject(SerMethods.java:69)
	at PluginClassLoader for workflow-support//org.jboss.marshalling.reflect.SerializableClass.callWriteObject(SerializableClass.java:231)
	at PluginClassLoader for workflow-support//org.jboss.marshalling.river.RiverMarshaller.doWriteSerializableObject(RiverMarshaller.java:1128)
	at PluginClassLoader for workflow-support//org.jboss.marshalling.river.RiverMarshaller.doWriteSerializableObject(RiverMarshaller.java:1119)
	at PluginClassLoader for workflow-support//org.jboss.marshalling.river.RiverMarshaller.doWriteSerializableObject(RiverMarshaller.java:1119)
	at PluginClassLoader for workflow-support//org.jboss.marshalling.river.RiverMarshaller.doWriteObject(RiverMarshaller.java:271)
	at PluginClassLoader for workflow-support//org.jboss.marshalling.river.BlockMarshaller.doWriteObject(BlockMarshaller.java:65)
	at PluginClassLoader for workflow-support//org.jboss.marshalling.river.BlockMarshaller.writeObject(BlockMarshaller.java:56)
	at PluginClassLoader for workflow-support//org.jboss.marshalling.MarshallerObjectOutputStream.writeObjectOverride(MarshallerObjectOutputStream.java:50)
	at PluginClassLoader for workflow-support//org.jboss.marshalling.river.RiverObjectOutputStream.writeObjectOverride(RiverObjectOutputStream.java:179)
	at java.base/java.io.ObjectOutputStream.writeObject(Unknown Source)
	at java.base/java.util.LinkedHashMap.internalWriteEntries(Unknown Source)
	at java.base/java.util.HashMap.writeObject(Unknown Source)
	at PluginClassLoader for workflow-support//org.jboss.marshalling.reflect.SerMethods.callWriteObject(SerMethods.java:69)
	at PluginClassLoader for workflow-support//org.jboss.marshalling.reflect.SerializableClass.callWriteObject(SerializableClass.java:231)
	at PluginClassLoader for workflow-support//org.jboss.marshalling.river.RiverMarshaller.doWriteSerializableObject(RiverMarshaller.java:1128)
	at PluginClassLoader for workflow-support//org.jboss.marshalling.river.RiverMarshaller.doWriteSerializableObject(RiverMarshaller.java:1119)
	at PluginClassLoader for workflow-support//org.jboss.marshalling.river.RiverMarshaller.doWriteObject(RiverMarshaller.java:271)
	at PluginClassLoader for workflow-support//org.jboss.marshalling.river.BlockMarshaller.doWriteObject(BlockMarshaller.java:65)
	at PluginClassLoader for workflow-support//org.jboss.marshalling.river.BlockMarshaller.writeObject(BlockMarshaller.java:56)
	at PluginClassLoader for workflow-support//org.jboss.marshalling.MarshallerObjectOutputStream.writeObjectOverride(MarshallerObjectOutputStream.java:50)
	at PluginClassLoader for workflow-support//org.jboss.marshalling.river.RiverObjectOutputStream.writeObjectOverride(RiverObjectOutputStream.java:179)
	at java.base/java.io.ObjectOutputStream.writeObject(Unknown Source)
	at PluginClassLoader for workflow-cps//com.cloudbees.groovy.cps.SerializableScript.writeObject(SerializableScript.java:26)
	at PluginClassLoader for workflow-support//org.jboss.marshalling.reflect.SerMethods.callWriteObject(SerMethods.java:69)
	at PluginClassLoader for workflow-support//org.jboss.marshalling.reflect.SerializableClass.callWriteObject(SerializableClass.java:231)
	at PluginClassLoader for workflow-support//org.jboss.marshalling.river.RiverMarshaller.doWriteSerializableObject(RiverMarshaller.java:1128)
	at PluginClassLoader for workflow-support//org.jboss.marshalling.river.RiverMarshaller.doWriteSerializableObject(RiverMarshaller.java:1119)
	at PluginClassLoader for workflow-support//org.jboss.marshalling.river.RiverMarshaller.doWriteSerializableObject(RiverMarshaller.java:1119)
	at PluginClassLoader for workflow-support//org.jboss.marshalling.river.RiverMarshaller.doWriteObject(RiverMarshaller.java:271)
	at PluginClassLoader for workflow-support//org.jboss.marshalling.river.RiverMarshaller.doWriteFields(RiverMarshaller.java:1182)
	at PluginClassLoader for workflow-support//org.jboss.marshalling.river.RiverMarshaller.doWriteSerializableObject(RiverMarshaller.java:1140)
	at PluginClassLoader for workflow-support//org.jboss.marshalling.river.RiverMarshaller.doWriteSerializableObject(RiverMarshaller.java:1119)
	at PluginClassLoader for workflow-support//org.jboss.marshalling.river.RiverMarshaller.doWriteSerializableObject(RiverMarshaller.java:1119)
	at PluginClassLoader for workflow-support//org.jboss.marshalling.river.RiverMarshaller.doWriteObject(RiverMarshaller.java:271)
	at PluginClassLoader for workflow-support//org.jboss.marshalling.river.RiverMarshaller.doWriteFields(RiverMarshaller.java:1182)
	at PluginClassLoader for workflow-support//org.jboss.marshalling.river.RiverMarshaller.doWriteSerializableObject(RiverMarshaller.java:1140)
	at PluginClassLoader for workflow-support//org.jboss.marshalling.river.RiverMarshaller.doWriteSerializableObject(RiverMarshaller.java:1119)
	at PluginClassLoader for workflow-support//org.jboss.marshalling.river.RiverMarshaller.doWriteSerializableObject(RiverMarshaller.java:1119)
	at PluginClassLoader for workflow-support//org.jboss.marshalling.river.RiverMarshaller.doWriteObject(RiverMarshaller.java:271)
	at PluginClassLoader for workflow-support//org.jboss.marshalling.river.BlockMarshaller.doWriteObject(BlockMarshaller.java:65)
	at PluginClassLoader for workflow-support//org.jboss.marshalling.river.BlockMarshaller.writeObject(BlockMarshaller.java:56)
	at PluginClassLoader for workflow-support//org.jboss.marshalling.MarshallerObjectOutputStream.writeObjectOverride(MarshallerObjectOutputStream.java:50)
	at PluginClassLoader for workflow-support//org.jboss.marshalling.river.RiverObjectOutputStream.writeObjectOverride(RiverObjectOutputStream.java:179)
	at java.base/java.io.ObjectOutputStream.writeObject(Unknown Source)
	at java.base/java.util.HashMap.internalWriteEntries(Unknown Source)
	at java.base/java.util.HashMap.writeObject(Unknown Source)
	at PluginClassLoader for workflow-support//org.jboss.marshalling.reflect.SerMethods.callWriteObject(SerMethods.java:69)
	at PluginClassLoader for workflow-support//org.jboss.marshalling.reflect.SerializableClass.callWriteObject(SerializableClass.java:231)
	at PluginClassLoader for workflow-support//org.jboss.marshalling.river.RiverMarshaller.doWriteSerializableObject(RiverMarshaller.java:1128)
	at PluginClassLoader for workflow-support//org.jboss.marshalling.river.RiverMarshaller.doWriteObject(RiverMarshaller.java:271)
	at PluginClassLoader for workflow-support//org.jboss.marshalling.river.RiverMarshaller.doWriteFields(RiverMarshaller.java:1182)
	at PluginClassLoader for workflow-support//org.jboss.marshalling.river.RiverMarshaller.doWriteSerializableObject(RiverMarshaller.java:1140)
	at PluginClassLoader for workflow-support//org.jboss.marshalling.river.RiverMarshaller.doWriteObject(RiverMarshaller.java:271)
	at PluginClassLoader for workflow-support//org.jboss.marshalling.AbstractObjectOutput.writeObject(AbstractObjectOutput.java:58)
	at PluginClassLoader for workflow-support//org.jboss.marshalling.AbstractMarshaller.writeObject(AbstractMarshaller.java:116)
	at PluginClassLoader for workflow-support//org.jenkinsci.plugins.workflow.support.pickles.serialization.RiverWriter.lambda$writeObject$1(RiverWriter.java:147)
	at PluginClassLoader for script-security//org.jenkinsci.plugins.scriptsecurity.sandbox.groovy.GroovySandbox.runInSandbox(GroovySandbox.java:331)
	at PluginClassLoader for workflow-support//org.jenkinsci.plugins.workflow.support.pickles.serialization.RiverWriter.writeObject(RiverWriter.java:146)
	at PluginClassLoader for workflow-cps//org.jenkinsci.plugins.workflow.cps.CpsThreadGroup.saveProgram(CpsThreadGroup.java:589)
	at PluginClassLoader for workflow-cps//org.jenkinsci.plugins.workflow.cps.CpsThreadGroup.saveProgram(CpsThreadGroup.java:566)
	at PluginClassLoader for workflow-cps//org.jenkinsci.plugins.workflow.cps.CpsThreadGroup.saveProgramIfPossible(CpsThreadGroup.java:549)
	at PluginClassLoader for workflow-cps//org.jenkinsci.plugins.workflow.cps.CpsThreadGroup.run(CpsThreadGroup.java:473)
	at PluginClassLoader for workflow-cps//org.jenkinsci.plugins.workflow.cps.CpsThreadGroup$2.call(CpsThreadGroup.java:330)
	at PluginClassLoader for workflow-cps//org.jenkinsci.plugins.workflow.cps.CpsThreadGroup$2.call(CpsThreadGroup.java:294)
	at PluginClassLoader for workflow-cps//org.jenkinsci.plugins.workflow.cps.CpsVmExecutorService.lambda$wrap$4(CpsVmExecutorService.java:140)
	at java.base/java.util.concurrent.FutureTask.run(Unknown Source)
	at hudson.remoting.SingleLaneExecutorService$1.run(SingleLaneExecutorService.java:139)
	at jenkins.util.ContextResettingExecutorService$1.run(ContextResettingExecutorService.java:28)
	at jenkins.security.ImpersonatingExecutorService$1.run(ImpersonatingExecutorService.java:68)
	at jenkins.util.ErrorLoggingExecutorService.lambda$wrap$0(ErrorLoggingExecutorService.java:51)
	at java.base/java.util.concurrent.Executors$RunnableAdapter.call(Unknown Source)
	at java.base/java.util.concurrent.FutureTask.run(Unknown Source)
	at java.base/java.util.concurrent.ThreadPoolExecutor.runWorker(Unknown Source)
	at java.base/java.util.concurrent.ThreadPoolExecutor$Worker.run(Unknown Source)
	at PluginClassLoader for workflow-cps//org.jenkinsci.plugins.workflow.cps.CpsVmExecutorService$1.call(CpsVmExecutorService.java:53)
	at PluginClassLoader for workflow-cps//org.jenkinsci.plugins.workflow.cps.CpsVmExecutorService$1.call(CpsVmExecutorService.java:50)
	at org.codehaus.groovy.runtime.GroovyCategorySupport$ThreadCategoryInfo.use(GroovyCategorySupport.java:136)
	at org.codehaus.groovy.runtime.GroovyCategorySupport.use(GroovyCategorySupport.java:275)
	at PluginClassLoader for workflow-cps//org.jenkinsci.plugins.workflow.cps.CpsVmExecutorService.lambda$categoryThreadFactory$0(CpsVmExecutorService.java:50)
	at java.base/java.lang.Thread.run(Unknown Source)

[Pipeline] }
[Pipeline] // stage
[Pipeline] }
[Pipeline] // withEnv
[Pipeline] }
[Pipeline] }
[Pipeline] // withEnv
[Pipeline] }
[Pipeline] // node
[Pipeline] End of Pipeline
an exception which occurred:
	in field org.jenkinsci.plugins.pipeline.modeldefinition.withscript.WithScriptScript.script
	in object org.jenkinsci.plugins.pipeline.modeldefinition.agent.impl.LabelScript@123a59f4
	in field groovy.lang.Closure.delegate
	in object org.jenkinsci.plugins.workflow.cps.CpsClosure2@15e9afc0
	in field org.jenkinsci.plugins.workflow.cps.CpsThreadGroup.closures
	in object org.jenkinsci.plugins.workflow.cps.CpsThreadGroup@729cc424
	in object org.jenkinsci.plugins.workflow.cps.CpsThreadGroup@729cc424
Also:   org.jenkinsci.plugins.workflow.actions.ErrorAction$ErrorId: 6b76fa4b-c85b-45bb-8bf6-2683cacbaf65
Caused: java.io.NotSerializableException: groovy.json.internal.LazyMap
	at PluginClassLoader for workflow-support//org.jboss.marshalling.river.RiverMarshaller.doWriteObject(RiverMarshaller.java:278)
	at PluginClassLoader for workflow-support//org.jboss.marshalling.river.BlockMarshaller.doWriteObject(BlockMarshaller.java:65)
	at PluginClassLoader for workflow-support//org.jboss.marshalling.river.BlockMarshaller.writeObject(BlockMarshaller.java:56)
	at PluginClassLoader for workflow-support//org.jboss.marshalling.MarshallerObjectOutputStream.writeObjectOverride(MarshallerObjectOutputStream.java:50)
	at PluginClassLoader for workflow-support//org.jboss.marshalling.river.RiverObjectOutputStream.writeObjectOverride(RiverObjectOutputStream.java:179)
	at java.base/java.io.ObjectOutputStream.writeObject(Unknown Source)
	at java.base/java.util.LinkedHashMap.internalWriteEntries(Unknown Source)
	at java.base/java.util.HashMap.writeObject(Unknown Source)
	at PluginClassLoader for workflow-support//org.jboss.marshalling.reflect.SerMethods.callWriteObject(SerMethods.java:69)
	at PluginClassLoader for workflow-support//org.jboss.marshalling.reflect.SerializableClass.callWriteObject(SerializableClass.java:231)
	at PluginClassLoader for workflow-support//org.jboss.marshalling.river.RiverMarshaller.doWriteSerializableObject(RiverMarshaller.java:1128)
	at PluginClassLoader for workflow-support//org.jboss.marshalling.river.RiverMarshaller.doWriteSerializableObject(RiverMarshaller.java:1119)
	at PluginClassLoader for workflow-support//org.jboss.marshalling.river.RiverMarshaller.doWriteObject(RiverMarshaller.java:271)
	at PluginClassLoader for workflow-support//org.jboss.marshalling.river.BlockMarshaller.doWriteObject(BlockMarshaller.java:65)
	at PluginClassLoader for workflow-support//org.jboss.marshalling.river.BlockMarshaller.writeObject(BlockMarshaller.java:56)
	at PluginClassLoader for workflow-support//org.jboss.marshalling.MarshallerObjectOutputStream.writeObjectOverride(MarshallerObjectOutputStream.java:50)
	at PluginClassLoader for workflow-support//org.jboss.marshalling.river.RiverObjectOutputStream.writeObjectOverride(RiverObjectOutputStream.java:179)
	at java.base/java.io.ObjectOutputStream.writeObject(Unknown Source)
	at PluginClassLoader for workflow-cps//com.cloudbees.groovy.cps.SerializableScript.writeObject(SerializableScript.java:26)
	at PluginClassLoader for workflow-support//org.jboss.marshalling.reflect.SerMethods.callWriteObject(SerMethods.java:69)
	at PluginClassLoader for workflow-support//org.jboss.marshalling.reflect.SerializableClass.callWriteObject(SerializableClass.java:231)
	at PluginClassLoader for workflow-support//org.jboss.marshalling.river.RiverMarshaller.doWriteSerializableObject(RiverMarshaller.java:1128)
	at PluginClassLoader for workflow-support//org.jboss.marshalling.river.RiverMarshaller.doWriteSerializableObject(RiverMarshaller.java:1119)
	at PluginClassLoader for workflow-support//org.jboss.marshalling.river.RiverMarshaller.doWriteSerializableObject(RiverMarshaller.java:1119)
	at PluginClassLoader for workflow-support//org.jboss.marshalling.river.RiverMarshaller.doWriteObject(RiverMarshaller.java:271)
	at PluginClassLoader for workflow-support//org.jboss.marshalling.river.BlockMarshaller.doWriteObject(BlockMarshaller.java:65)
	at PluginClassLoader for workflow-support//org.jboss.marshalling.river.BlockMarshaller.writeObject(BlockMarshaller.java:56)
	at PluginClassLoader for workflow-support//org.jboss.marshalling.MarshallerObjectOutputStream.writeObjectOverride(MarshallerObjectOutputStream.java:50)
	at PluginClassLoader for workflow-support//org.jboss.marshalling.river.RiverObjectOutputStream.writeObjectOverride(RiverObjectOutputStream.java:179)
	at java.base/java.io.ObjectOutputStream.writeObject(Unknown Source)
	at java.base/java.util.LinkedHashMap.internalWriteEntries(Unknown Source)
	at java.base/java.util.HashMap.writeObject(Unknown Source)
	at PluginClassLoader for workflow-support//org.jboss.marshalling.reflect.SerMethods.callWriteObject(SerMethods.java:69)
	at PluginClassLoader for workflow-support//org.jboss.marshalling.reflect.SerializableClass.callWriteObject(SerializableClass.java:231)
	at PluginClassLoader for workflow-support//org.jboss.marshalling.river.RiverMarshaller.doWriteSerializableObject(RiverMarshaller.java:1128)
	at PluginClassLoader for workflow-support//org.jboss.marshalling.river.RiverMarshaller.doWriteSerializableObject(RiverMarshaller.java:1119)
	at PluginClassLoader for workflow-support//org.jboss.marshalling.river.RiverMarshaller.doWriteObject(RiverMarshaller.java:271)
	at PluginClassLoader for workflow-support//org.jboss.marshalling.river.BlockMarshaller.doWriteObject(BlockMarshaller.java:65)
	at PluginClassLoader for workflow-support//org.jboss.marshalling.river.BlockMarshaller.writeObject(BlockMarshaller.java:56)
	at PluginClassLoader for workflow-support//org.jboss.marshalling.MarshallerObjectOutputStream.writeObjectOverride(MarshallerObjectOutputStream.java:50)
	at PluginClassLoader for workflow-support//org.jboss.marshalling.river.RiverObjectOutputStream.writeObjectOverride(RiverObjectOutputStream.java:179)
	at java.base/java.io.ObjectOutputStream.writeObject(Unknown Source)
	at PluginClassLoader for workflow-cps//com.cloudbees.groovy.cps.SerializableScript.writeObject(SerializableScript.java:26)
	at PluginClassLoader for workflow-support//org.jboss.marshalling.reflect.SerMethods.callWriteObject(SerMethods.java:69)
	at PluginClassLoader for workflow-support//org.jboss.marshalling.reflect.SerializableClass.callWriteObject(SerializableClass.java:231)
	at PluginClassLoader for workflow-support//org.jboss.marshalling.river.RiverMarshaller.doWriteSerializableObject(RiverMarshaller.java:1128)
	at PluginClassLoader for workflow-support//org.jboss.marshalling.river.RiverMarshaller.doWriteSerializableObject(RiverMarshaller.java:1119)
	at PluginClassLoader for workflow-support//org.jboss.marshalling.river.RiverMarshaller.doWriteSerializableObject(RiverMarshaller.java:1119)
	at PluginClassLoader for workflow-support//org.jboss.marshalling.river.RiverMarshaller.doWriteObject(RiverMarshaller.java:271)
	at PluginClassLoader for workflow-support//org.jboss.marshalling.river.RiverMarshaller.doWriteFields(RiverMarshaller.java:1182)
	at PluginClassLoader for workflow-support//org.jboss.marshalling.river.RiverMarshaller.doWriteSerializableObject(RiverMarshaller.java:1140)
	at PluginClassLoader for workflow-support//org.jboss.marshalling.river.RiverMarshaller.doWriteSerializableObject(RiverMarshaller.java:1119)
	at PluginClassLoader for workflow-support//org.jboss.marshalling.river.RiverMarshaller.doWriteSerializableObject(RiverMarshaller.java:1119)
	at PluginClassLoader for workflow-support//org.jboss.marshalling.river.RiverMarshaller.doWriteObject(RiverMarshaller.java:271)
	at PluginClassLoader for workflow-support//org.jboss.marshalling.river.RiverMarshaller.doWriteFields(RiverMarshaller.java:1182)
	at PluginClassLoader for workflow-support//org.jboss.marshalling.river.RiverMarshaller.doWriteSerializableObject(RiverMarshaller.java:1140)
	at PluginClassLoader for workflow-support//org.jboss.marshalling.river.RiverMarshaller.doWriteSerializableObject(RiverMarshaller.java:1119)
	at PluginClassLoader for workflow-support//org.jboss.marshalling.river.RiverMarshaller.doWriteSerializableObject(RiverMarshaller.java:1119)
	at PluginClassLoader for workflow-support//org.jboss.marshalling.river.RiverMarshaller.doWriteObject(RiverMarshaller.java:271)
	at PluginClassLoader for workflow-support//org.jboss.marshalling.river.BlockMarshaller.doWriteObject(BlockMarshaller.java:65)
	at PluginClassLoader for workflow-support//org.jboss.marshalling.river.BlockMarshaller.writeObject(BlockMarshaller.java:56)
	at PluginClassLoader for workflow-support//org.jboss.marshalling.MarshallerObjectOutputStream.writeObjectOverride(MarshallerObjectOutputStream.java:50)
	at PluginClassLoader for workflow-support//org.jboss.marshalling.river.RiverObjectOutputStream.writeObjectOverride(RiverObjectOutputStream.java:179)
	at java.base/java.io.ObjectOutputStream.writeObject(Unknown Source)
	at java.base/java.util.HashMap.internalWriteEntries(Unknown Source)
	at java.base/java.util.HashMap.writeObject(Unknown Source)
	at PluginClassLoader for workflow-support//org.jboss.marshalling.reflect.SerMethods.callWriteObject(SerMethods.java:69)
	at PluginClassLoader for workflow-support//org.jboss.marshalling.reflect.SerializableClass.callWriteObject(SerializableClass.java:231)
	at PluginClassLoader for workflow-support//org.jboss.marshalling.river.RiverMarshaller.doWriteSerializableObject(RiverMarshaller.java:1128)
	at PluginClassLoader for workflow-support//org.jboss.marshalling.river.RiverMarshaller.doWriteObject(RiverMarshaller.java:271)
	at PluginClassLoader for workflow-support//org.jboss.marshalling.river.RiverMarshaller.doWriteFields(RiverMarshaller.java:1182)
	at PluginClassLoader for workflow-support//org.jboss.marshalling.river.RiverMarshaller.doWriteSerializableObject(RiverMarshaller.java:1140)
	at PluginClassLoader for workflow-support//org.jboss.marshalling.river.RiverMarshaller.doWriteObject(RiverMarshaller.java:271)
	at PluginClassLoader for workflow-support//org.jboss.marshalling.AbstractObjectOutput.writeObject(AbstractObjectOutput.java:58)
	at PluginClassLoader for workflow-support//org.jboss.marshalling.AbstractMarshaller.writeObject(AbstractMarshaller.java:116)
	at PluginClassLoader for workflow-support//org.jenkinsci.plugins.workflow.support.pickles.serialization.RiverWriter.lambda$writeObject$1(RiverWriter.java:147)
	at PluginClassLoader for script-security//org.jenkinsci.plugins.scriptsecurity.sandbox.groovy.GroovySandbox.runInSandbox(GroovySandbox.java:331)
	at PluginClassLoader for workflow-support//org.jenkinsci.plugins.workflow.support.pickles.serialization.RiverWriter.writeObject(RiverWriter.java:146)
	at PluginClassLoader for workflow-cps//org.jenkinsci.plugins.workflow.cps.CpsThreadGroup.saveProgram(CpsThreadGroup.java:589)
	at PluginClassLoader for workflow-cps//org.jenkinsci.plugins.workflow.cps.CpsThreadGroup.saveProgram(CpsThreadGroup.java:566)
	at PluginClassLoader for workflow-cps//org.jenkinsci.plugins.workflow.cps.CpsThreadGroup.saveProgramIfPossible(CpsThreadGroup.java:549)
	at PluginClassLoader for workflow-cps//org.jenkinsci.plugins.workflow.cps.CpsThreadGroup.run(CpsThreadGroup.java:473)
	at PluginClassLoader for workflow-cps//org.jenkinsci.plugins.workflow.cps.CpsThreadGroup$2.call(CpsThreadGroup.java:330)
	at PluginClassLoader for workflow-cps//org.jenkinsci.plugins.workflow.cps.CpsThreadGroup$2.call(CpsThreadGroup.java:294)
	at PluginClassLoader for workflow-cps//org.jenkinsci.plugins.workflow.cps.CpsVmExecutorService.lambda$wrap$4(CpsVmExecutorService.java:140)
	at java.base/java.util.concurrent.FutureTask.run(Unknown Source)
	at hudson.remoting.SingleLaneExecutorService$1.run(SingleLaneExecutorService.java:139)
	at jenkins.util.ContextResettingExecutorService$1.run(ContextResettingExecutorService.java:28)
	at jenkins.security.ImpersonatingExecutorService$1.run(ImpersonatingExecutorService.java:68)
	at jenkins.util.ErrorLoggingExecutorService.lambda$wrap$0(ErrorLoggingExecutorService.java:51)
	at java.base/java.util.concurrent.Executors$RunnableAdapter.call(Unknown Source)
	at java.base/java.util.concurrent.FutureTask.run(Unknown Source)
	at java.base/java.util.concurrent.ThreadPoolExecutor.runWorker(Unknown Source)
	at java.base/java.util.concurrent.ThreadPoolExecutor$Worker.run(Unknown Source)
	at PluginClassLoader for workflow-cps//org.jenkinsci.plugins.workflow.cps.CpsVmExecutorService$1.call(CpsVmExecutorService.java:53)
	at PluginClassLoader for workflow-cps//org.jenkinsci.plugins.workflow.cps.CpsVmExecutorService$1.call(CpsVmExecutorService.java:50)
	at org.codehaus.groovy.runtime.GroovyCategorySupport$ThreadCategoryInfo.use(GroovyCategorySupport.java:136)
	at org.codehaus.groovy.runtime.GroovyCategorySupport.use(GroovyCategorySupport.java:275)
	at PluginClassLoader for workflow-cps//org.jenkinsci.plugins.workflow.cps.CpsVmExecutorService.lambda$categoryThreadFactory$0(CpsVmExecutorService.java:50)
	at java.base/java.lang.Thread.run(Unknown Source)
Finished: FAILURE

an exception which occurred:
	in field com.cloudbees.groovy.cps.impl.BlockScopeEnv.locals
	in object com.cloudbees.groovy.cps.impl.BlockScopeEnv@a89b995
	in field com.cloudbees.groovy.cps.impl.CallEnv.caller
	in object com.cloudbees.groovy.cps.impl.FunctionCallEnv@2a95dee9
	in field com.cloudbees.groovy.cps.Continuable.e
	in object org.jenkinsci.plugins.workflow.cps.SandboxContinuable@6b01f12b
	in field org.jenkinsci.plugins.workflow.cps.CpsThread.program
	in object org.jenkinsci.plugins.workflow.cps.CpsThread@82ca493
	in field org.jenkinsci.plugins.workflow.cps.CpsThreadGroup.threads
	in object org.jenkinsci.plugins.workflow.cps.CpsThreadGroup@6bc5f074
	in object org.jenkinsci.plugins.workflow.cps.CpsThreadGroup@6bc5f074
Also:   org.jenkinsci.plugins.workflow.actions.ErrorAction$ErrorId: d09611dc-e5da-4972-8bad-3214c363a000
Caused: java.io.NotSerializableException: groovy.json.internal.LazyMap
	at PluginClassLoader for workflow-support//org.jboss.marshalling.river.RiverMarshaller.doWriteObject(RiverMarshaller.java:278)
	at PluginClassLoader for workflow-support//org.jboss.marshalling.river.BlockMarshaller.doWriteObject(BlockMarshaller.java:65)
	at PluginClassLoader for workflow-support//org.jboss.marshalling.river.BlockMarshaller.writeObject(BlockMarshaller.java:56)
	at PluginClassLoader for workflow-support//org.jboss.marshalling.MarshallerObjectOutputStream.writeObjectOverride(MarshallerObjectOutputStream.java:50)
	at PluginClassLoader for workflow-support//org.jboss.marshalling.river.RiverObjectOutputStream.writeObjectOverride(RiverObjectOutputStream.java:179)
	at java.base/java.io.ObjectOutputStream.writeObject(Unknown Source)
	at java.base/java.util.HashMap.internalWriteEntries(Unknown Source)
	at java.base/java.util.HashMap.writeObject(Unknown Source)
	at PluginClassLoader for workflow-support//org.jboss.marshalling.reflect.SerMethods.callWriteObject(SerMethods.java:69)
	at PluginClassLoader for workflow-support//org.jboss.marshalling.reflect.SerializableClass.callWriteObject(SerializableClass.java:231)
	at PluginClassLoader for workflow-support//org.jboss.marshalling.river.RiverMarshaller.doWriteSerializableObject(RiverMarshaller.java:1128)
	at PluginClassLoader for workflow-support//org.jboss.marshalling.river.RiverMarshaller.doWriteObject(RiverMarshaller.java:271)
	at PluginClassLoader for workflow-support//org.jboss.marshalling.river.RiverMarshaller.doWriteFields(RiverMarshaller.java:1182)
	at PluginClassLoader for workflow-support//org.jboss.marshalling.river.RiverMarshaller.doWriteSerializableObject(RiverMarshaller.java:1140)
	at PluginClassLoader for workflow-support//org.jboss.marshalling.river.RiverMarshaller.doWriteObject(RiverMarshaller.java:271)
	at PluginClassLoader for workflow-support//org.jboss.marshalling.river.RiverMarshaller.doWriteFields(RiverMarshaller.java:1182)
	at PluginClassLoader for workflow-support//org.jboss.marshalling.river.RiverMarshaller.doWriteSerializableObject(RiverMarshaller.java:1140)
	at PluginClassLoader for workflow-support//org.jboss.marshalling.river.RiverMarshaller.doWriteSerializableObject(RiverMarshaller.java:1119)
	at PluginClassLoader for workflow-support//org.jboss.marshalling.river.RiverMarshaller.doWriteObject(RiverMarshaller.java:271)
	at PluginClassLoader for workflow-support//org.jboss.marshalling.river.RiverMarshaller.doWriteFields(RiverMarshaller.java:1182)
	at PluginClassLoader for workflow-support//org.jboss.marshalling.river.RiverMarshaller.doWriteSerializableObject(RiverMarshaller.java:1140)
	at PluginClassLoader for workflow-support//org.jboss.marshalling.river.RiverMarshaller.doWriteSerializableObject(RiverMarshaller.java:1119)
	at PluginClassLoader for workflow-support//org.jboss.marshalling.river.RiverMarshaller.doWriteObject(RiverMarshaller.java:271)
	at PluginClassLoader for workflow-support//org.jboss.marshalling.river.RiverMarshaller.doWriteFields(RiverMarshaller.java:1182)
	at PluginClassLoader for workflow-support//org.jboss.marshalling.river.RiverMarshaller.doWriteSerializableObject(RiverMarshaller.java:1140)
	at PluginClassLoader for workflow-support//org.jboss.marshalling.river.RiverMarshaller.doWriteObject(RiverMarshaller.java:271)
	at PluginClassLoader for workflow-support//org.jboss.marshalling.river.BlockMarshaller.doWriteObject(BlockMarshaller.java:65)
	at PluginClassLoader for workflow-support//org.jboss.marshalling.river.BlockMarshaller.writeObject(BlockMarshaller.java:56)
	at PluginClassLoader for workflow-support//org.jboss.marshalling.MarshallerObjectOutputStream.writeObjectOverride(MarshallerObjectOutputStream.java:50)
	at PluginClassLoader for workflow-support//org.jboss.marshalling.river.RiverObjectOutputStream.writeObjectOverride(RiverObjectOutputStream.java:179)
	at java.base/java.io.ObjectOutputStream.writeObject(Unknown Source)
	at java.base/java.util.HashMap.internalWriteEntries(Unknown Source)
	at java.base/java.util.HashMap.writeObject(Unknown Source)
	at PluginClassLoader for workflow-support//org.jboss.marshalling.reflect.SerMethods.callWriteObject(SerMethods.java:69)
	at PluginClassLoader for workflow-support//org.jboss.marshalling.reflect.SerializableClass.callWriteObject(SerializableClass.java:231)
	at PluginClassLoader for workflow-support//org.jboss.marshalling.river.RiverMarshaller.doWriteSerializableObject(RiverMarshaller.java:1128)
	at PluginClassLoader for workflow-support//org.jboss.marshalling.river.RiverMarshaller.doWriteObject(RiverMarshaller.java:271)
	at PluginClassLoader for workflow-support//org.jboss.marshalling.river.RiverMarshaller.doWriteFields(RiverMarshaller.java:1182)
	at PluginClassLoader for workflow-support//org.jboss.marshalling.river.RiverMarshaller.doWriteSerializableObject(RiverMarshaller.java:1140)
	at PluginClassLoader for workflow-support//org.jboss.marshalling.river.RiverMarshaller.doWriteObject(RiverMarshaller.java:271)
	at PluginClassLoader for workflow-support//org.jboss.marshalling.AbstractObjectOutput.writeObject(AbstractObjectOutput.java:58)
	at PluginClassLoader for workflow-support//org.jboss.marshalling.AbstractMarshaller.writeObject(AbstractMarshaller.java:116)
	at PluginClassLoader for workflow-support//org.jenkinsci.plugins.workflow.support.pickles.serialization.RiverWriter.lambda$writeObject$1(RiverWriter.java:147)
	at PluginClassLoader for script-security//org.jenkinsci.plugins.scriptsecurity.sandbox.groovy.GroovySandbox.runInSandbox(GroovySandbox.java:331)
	at PluginClassLoader for workflow-support//org.jenkinsci.plugins.workflow.support.pickles.serialization.RiverWriter.writeObject(RiverWriter.java:146)
	at PluginClassLoader for workflow-cps//org.jenkinsci.plugins.workflow.cps.CpsThreadGroup.saveProgram(CpsThreadGroup.java:589)
	at PluginClassLoader for workflow-cps//org.jenkinsci.plugins.workflow.cps.CpsThreadGroup.saveProgram(CpsThreadGroup.java:566)
	at PluginClassLoader for workflow-cps//org.jenkinsci.plugins.workflow.cps.CpsThreadGroup.saveProgramIfPossible(CpsThreadGroup.java:549)
	at PluginClassLoader for workflow-cps//org.jenkinsci.plugins.workflow.cps.CpsThreadGroup.run(CpsThreadGroup.java:473)
	at PluginClassLoader for workflow-cps//org.jenkinsci.plugins.workflow.cps.CpsThreadGroup$2.call(CpsThreadGroup.java:330)
	at PluginClassLoader for workflow-cps//org.jenkinsci.plugins.workflow.cps.CpsThreadGroup$2.call(CpsThreadGroup.java:294)
	at PluginClassLoader for workflow-cps//org.jenkinsci.plugins.workflow.cps.CpsVmExecutorService.lambda$wrap$4(CpsVmExecutorService.java:140)
	at java.base/java.util.concurrent.FutureTask.run(Unknown Source)
	at hudson.remoting.SingleLaneExecutorService$1.run(SingleLaneExecutorService.java:139)
	at jenkins.util.ContextResettingExecutorService$1.run(ContextResettingExecutorService.java:28)
	at jenkins.security.ImpersonatingExecutorService$1.run(ImpersonatingExecutorService.java:68)
	at jenkins.util.ErrorLoggingExecutorService.lambda$wrap$0(ErrorLoggingExecutorService.java:51)
	at java.base/java.util.concurrent.Executors$RunnableAdapter.call(Unknown Source)
	at java.base/java.util.concurrent.FutureTask.run(Unknown Source)
	at java.base/java.util.concurrent.ThreadPoolExecutor.runWorker(Unknown Source)
	at java.base/java.util.concurrent.ThreadPoolExecutor$Worker.run(Unknown Source)
	at PluginClassLoader for workflow-cps//org.jenkinsci.plugins.workflow.cps.CpsVmExecutorService$1.call(CpsVmExecutorService.java:53)
	at PluginClassLoader for workflow-cps//org.jenkinsci.plugins.workflow.cps.CpsVmExecutorService$1.call(CpsVmExecutorService.java:50)
	at org.codehaus.groovy.runtime.GroovyCategorySupport$ThreadCategoryInfo.use(GroovyCategorySupport.java:136)
	at org.codehaus.groovy.runtime.GroovyCategorySupport.use(GroovyCategorySupport.java:275)
	at PluginClassLoader for workflow-cps//org.jenkinsci.plugins.workflow.cps.CpsVmExecutorService.lambda$categoryThreadFactory$0(CpsVmExecutorService.java:50)
	at java.base/java.lang.Thread.run(Unknown Source)
Finished: FAILURE
