Mar 26, 2012 8:01:10 AM org.jvnet.hudson.plugins.thinbackup.utils.Utils waitUntilIdleAndSwitchToQuietMode
INFO: Timeout reached! Force quiet mode for jenkins now and wait unilt all executors are idle.
Mar 26, 2012 7:58:52 AM org.jvnet.hudson.plugins.thinbackup.utils.Utils waitUntilIdleAndSwitchToQuietMode
INFO: Timeout reached! Force quiet mode for jenkins now and wait unilt all executors are idle.
Mar 26, 2012 7:58:48 AM hudson.plugins.logparser.LogParserParser parseLogBody
INFO: LogParserParser: Parsing took 0 minutes (0) seconds.
Mar 26, 2012 7:58:47 AM hudson.plugins.logparser.LogParserParser parseLogBody
INFO: LogParserParser: Start parsing : datamodem-MPSS.NI.3.0.0_build_11
Mar 26, 2012 7:58:47 AM hudson.model.Run run
INFO: datamodem-MPSS.NI.3.0.0 #11 main build action completed: FAILURE
Mar 26, 2012 7:58:45 AM hudson.plugins.logparser.LogParserParser parseLogBody
INFO: LogParserParser: Parsing took 0 minutes (0) seconds.
Mar 26, 2012 7:58:45 AM hudson.plugins.logparser.LogParserParser parseLogBody
INFO: LogParserParser: Start parsing : gps-MPSS.NI.3.0.0_build_9
Mar 26, 2012 7:58:45 AM hudson.model.Run run
INFO: gps-MPSS.NI.3.0.0 #9 main build action completed: FAILURE
Mar 26, 2012 7:58:43 AM org.jvnet.hudson.plugins.thinbackup.utils.Utils waitUntilIdleAndSwitchToQuietMode
INFO: Timeout reached! Force quiet mode for jenkins now and wait unilt all executors are idle.
Mar 26, 2012 7:58:43 AM hudson.model.Run run
INFO: datamodem-MPSS.NI.1.0 » promotion » Asia Passed #1 main build action completed: SUCCESS
Mar 26, 2012 7:02:16 AM hudson.plugins.analysis.core.BuildResult loadResult
INFO: Loaded data file C:\dashboard\aswp401\source\qcom\qct\modem\arch\ci\jenkins-instance\march-web\.\jobs\nas-MPSS.NI.1.1\builds\2012-03-19_12-51-13\compiler-warnings.xml for build 165
Mar 26, 2012 7:02:16 AM hudson.plugins.analysis.core.BuildResult loadResult
INFO: Loaded data file C:\dashboard\aswp401\source\qcom\qct\modem\arch\ci\jenkins-instance\march-web\.\jobs\nas-MPSS.NI.1.1\builds\2012-03-20_15-58-46\compiler-warnings.xml for build 167
Mar 26, 2012 7:01:05 AM hudson.plugins.analysis.core.BuildResult loadResult
INFO: Loaded data file C:\dashboard\aswp401\source\qcom\qct\modem\arch\ci\jenkins-instance\march-web\.\jobs\nas-MPSS.NI.1.1\builds\2012-03-19_12-51-13\compiler-warnings.xml for build 165
Mar 26, 2012 7:01:05 AM hudson.plugins.analysis.core.BuildResult loadResult
INFO: Loaded data file C:\dashboard\aswp401\source\qcom\qct\modem\arch\ci\jenkins-instance\march-web\.\jobs\nas-MPSS.NI.1.1\builds\2012-03-20_15-58-46\compiler-warnings.xml for build 167
Mar 26, 2012 6:54:33 AM hudson.plugins.analysis.core.BuildResult loadResult
INFO: Loaded data file C:\dashboard\aswp401\source\qcom\qct\modem\arch\ci\jenkins-instance\march-web\.\jobs\nas-MPSS.NI.1.1\builds\2012-03-19_12-51-13\compiler-warnings.xml for build 165
Mar 26, 2012 6:54:33 AM hudson.plugins.analysis.core.BuildResult loadResult
INFO: Loaded data file C:\dashboard\aswp401\source\qcom\qct\modem\arch\ci\jenkins-instance\march-web\.\jobs\nas-MPSS.NI.1.1\builds\2012-03-20_15-58-46\compiler-warnings.xml for build 167
Mar 26, 2012 3:43:27 AM hudson.plugins.analysis.core.BuildResult loadResult
INFO: Loaded data file C:\dashboard\aswp401\source\qcom\qct\modem\arch\ci\jenkins-instance\march-web\.\jobs\nas-MPSS.NI.3.1\builds\2012-03-20_06-21-08\compiler-warnings.xml for build 154
Mar 26, 2012 3:43:27 AM hudson.plugins.analysis.core.BuildResult loadResult
INFO: Loaded data file C:\dashboard\aswp401\source\qcom\qct\modem\arch\ci\jenkins-instance\march-web\.\jobs\nas-MPSS.NI.3.1\builds\2012-03-20_16-46-04\compiler-warnings.xml for build 155
Mar 26, 2012 3:42:39 AM hudson.plugins.analysis.core.BuildResult loadResult
INFO: Loaded data file C:\dashboard\aswp401\source\qcom\qct\modem\arch\ci\jenkins-instance\march-web\.\jobs\nas-MPSS.NI.1.1\builds\2012-03-19_12-51-13\compiler-warnings.xml for build 165
Mar 26, 2012 3:42:39 AM hudson.plugins.analysis.core.BuildResult loadResult
INFO: Loaded data file C:\dashboard\aswp401\source\qcom\qct\modem\arch\ci\jenkins-instance\march-web\.\jobs\nas-MPSS.NI.1.1\builds\2012-03-20_15-58-46\compiler-warnings.xml for build 167
Mar 26, 2012 2:26:50 AM hudson.ExpressionFactory2$JexlExpression evaluate
WARNING: Caught exception evaluating: descriptor.getPropertyType(instance,field).itemTypeDescriptorOrDie. Reason: java.lang.reflect.InvocationTargetException
java.lang.reflect.InvocationTargetException
	at sun.reflect.GeneratedMethodAccessor737.invoke(Unknown Source)
	at sun.reflect.DelegatingMethodAccessorImpl.invoke(Unknown Source)
	at java.lang.reflect.Method.invoke(Unknown Source)
	at org.apache.commons.jexl.util.PropertyExecutor.execute(PropertyExecutor.java:125)
	at org.apache.commons.jexl.util.introspection.UberspectImpl$VelGetterImpl.invoke(UberspectImpl.java:314)
	at org.apache.commons.jexl.parser.ASTArrayAccess.evaluateExpr(ASTArrayAccess.java:185)
	at org.apache.commons.jexl.parser.ASTIdentifier.execute(ASTIdentifier.java:75)
	at org.apache.commons.jexl.parser.ASTReference.execute(ASTReference.java:83)
	at org.apache.commons.jexl.parser.ASTReference.value(ASTReference.java:57)
	at org.apache.commons.jexl.parser.ASTReferenceExpression.value(ASTReferenceExpression.java:51)
	at org.apache.commons.jexl.ExpressionImpl.evaluate(ExpressionImpl.java:80)
	at hudson.ExpressionFactory2$JexlExpression.evaluate(ExpressionFactory2.java:72)
	at org.apache.commons.jelly.tags.core.CoreTagLibrary$3.run(CoreTagLibrary.java:134)
	at org.apache.commons.jelly.impl.ScriptBlock.run(ScriptBlock.java:95)
	at org.apache.commons.jelly.TagSupport.invokeBody(TagSupport.java:161)
	at org.apache.commons.jelly.tags.core.WhenTag.doTag(WhenTag.java:46)
	at org.apache.commons.jelly.impl.TagScript.run(TagScript.java:270)
	at org.apache.commons.jelly.impl.ScriptBlock.run(ScriptBlock.java:95)
	at org.apache.commons.jelly.TagSupport.invokeBody(TagSupport.java:161)
	at org.apache.commons.jelly.tags.core.ChooseTag.doTag(ChooseTag.java:38)
	at org.apache.commons.jelly.impl.TagScript.run(TagScript.java:270)
	at org.apache.commons.jelly.impl.ScriptBlock.run(ScriptBlock.java:95)
	at org.apache.commons.jelly.tags.core.CoreTagLibrary$2.run(CoreTagLibrary.java:105)
	at org.kohsuke.stapler.jelly.CallTagLibScript.run(CallTagLibScript.java:119)
	at org.kohsuke.stapler.jelly.CallTagLibScript$1.run(CallTagLibScript.java:98)
	at org.apache.commons.jelly.tags.define.InvokeBodyTag.doTag(InvokeBodyTag.java:91)
	at org.apache.commons.jelly.impl.TagScript.run(TagScript.java:270)
	at org.kohsuke.stapler.jelly.ReallyStaticTagLibrary$1.run(ReallyStaticTagLibrary.java:99)
	at org.apache.commons.jelly.impl.ScriptBlock.run(ScriptBlock.java:95)
	at org.kohsuke.stapler.jelly.ReallyStaticTagLibrary$1.run(ReallyStaticTagLibrary.java:99)
	at org.apache.commons.jelly.impl.ScriptBlock.run(ScriptBlock.java:95)
	at org.apache.commons.jelly.tags.core.CoreTagLibrary$2.run(CoreTagLibrary.java:105)
	at org.kohsuke.stapler.jelly.CallTagLibScript.run(CallTagLibScript.java:119)
	at org.kohsuke.stapler.jelly.CallTagLibScript$1.run(CallTagLibScript.java:98)
	at org.apache.commons.jelly.tags.define.InvokeBodyTag.doTag(InvokeBodyTag.java:91)
	at org.apache.commons.jelly.impl.TagScript.run(TagScript.java:270)
	at org.apache.commons.jelly.impl.ScriptBlock.run(ScriptBlock.java:95)
	at org.kohsuke.stapler.jelly.CallTagLibScript$1.run(CallTagLibScript.java:98)
	at org.apache.commons.jelly.tags.define.InvokeBodyTag.doTag(InvokeBodyTag.java:91)
	at org.apache.commons.jelly.impl.TagScript.run(TagScript.java:270)
	at org.apache.commons.jelly.TagSupport.invokeBody(TagSupport.java:161)
	at org.apache.commons.jelly.tags.core.WhenTag.doTag(WhenTag.java:46)
	at org.apache.commons.jelly.impl.TagScript.run(TagScript.java:270)
	at org.apache.commons.jelly.impl.ScriptBlock.run(ScriptBlock.java:95)
	at org.apache.commons.jelly.TagSupport.invokeBody(TagSupport.java:161)
	at org.apache.commons.jelly.tags.core.ChooseTag.doTag(ChooseTag.java:38)
	at org.apache.commons.jelly.impl.TagScript.run(TagScript.java:270)
	at org.apache.commons.jelly.impl.ScriptBlock.run(ScriptBlock.java:95)
	at org.apache.commons.jelly.tags.core.CoreTagLibrary$2.run(CoreTagLibrary.java:105)
	at org.kohsuke.stapler.jelly.CallTagLibScript.run(CallTagLibScript.java:119)
	at org.apache.commons.jelly.impl.ScriptBlock.run(ScriptBlock.java:95)
	at org.apache.commons.jelly.tags.core.CoreTagLibrary$2.run(CoreTagLibrary.java:105)
	at org.kohsuke.stapler.jelly.CallTagLibScript.run(CallTagLibScript.java:119)
	at org.apache.commons.jelly.tags.core.CoreTagLibrary$2.run(CoreTagLibrary.java:105)
	at org.kohsuke.stapler.jelly.JellyViewScript.run(JellyViewScript.java:81)
	at org.kohsuke.stapler.jelly.IncludeTag.doTag(IncludeTag.java:146)
	at org.apache.commons.jelly.impl.TagScript.run(TagScript.java:270)
	at org.kohsuke.stapler.jelly.CallTagLibScript$1.run(CallTagLibScript.java:98)
	at org.apache.commons.jelly.tags.define.InvokeBodyTag.doTag(InvokeBodyTag.java:91)
	at org.apache.commons.jelly.impl.TagScript.run(TagScript.java:270)
	at org.apache.commons.jelly.impl.ScriptBlock.run(ScriptBlock.java:95)
	at org.apache.commons.jelly.TagSupport.invokeBody(TagSupport.java:161)
	at org.apache.commons.jelly.tags.core.OtherwiseTag.doTag(OtherwiseTag.java:41)
	at org.apache.commons.jelly.impl.TagScript.run(TagScript.java:270)
	at org.apache.commons.jelly.impl.ScriptBlock.run(ScriptBlock.java:95)
	at org.apache.commons.jelly.TagSupport.invokeBody(TagSupport.java:161)
	at org.apache.commons.jelly.tags.core.ChooseTag.doTag(ChooseTag.java:38)
	at org.apache.commons.jelly.impl.TagScript.run(TagScript.java:270)
	at org.apache.commons.jelly.impl.ScriptBlock.run(ScriptBlock.java:95)
	at org.apache.commons.jelly.tags.core.CoreTagLibrary$2.run(CoreTagLibrary.java:105)
	at org.kohsuke.stapler.jelly.CallTagLibScript.run(CallTagLibScript.java:119)
	at org.apache.commons.jelly.impl.ScriptBlock.run(ScriptBlock.java:95)
	at org.apache.commons.jelly.TagSupport.invokeBody(TagSupport.java:161)
	at org.apache.commons.jelly.tags.core.ForEachTag.doTag(ForEachTag.java:150)
	at org.apache.commons.jelly.impl.TagScript.run(TagScript.java:270)
	at org.apache.commons.jelly.impl.ScriptBlock.run(ScriptBlock.java:95)
	at org.kohsuke.stapler.jelly.CallTagLibScript$1.run(CallTagLibScript.java:98)
	at org.apache.commons.jelly.tags.define.InvokeBodyTag.doTag(InvokeBodyTag.java:91)
	at org.apache.commons.jelly.impl.TagScript.run(TagScript.java:270)
	at org.kohsuke.stapler.jelly.ReallyStaticTagLibrary$1.run(ReallyStaticTagLibrary.java:99)
	at org.kohsuke.stapler.jelly.ReallyStaticTagLibrary$1.run(ReallyStaticTagLibrary.java:99)
	at org.apache.commons.jelly.impl.ScriptBlock.run(ScriptBlock.java:95)
	at org.apache.commons.jelly.tags.core.CoreTagLibrary$2.run(CoreTagLibrary.java:105)
	at org.kohsuke.stapler.jelly.CallTagLibScript.run(CallTagLibScript.java:119)
	at org.apache.commons.jelly.impl.ScriptBlock.run(ScriptBlock.java:95)
	at org.kohsuke.stapler.jelly.CallTagLibScript$1.run(CallTagLibScript.java:98)
	at org.apache.commons.jelly.tags.define.InvokeBodyTag.doTag(InvokeBodyTag.java:91)
	at org.apache.commons.jelly.impl.TagScript.run(TagScript.java:270)
	at org.apache.commons.jelly.impl.ScriptBlock.run(ScriptBlock.java:95)
	at org.apache.commons.jelly.tags.core.CoreTagLibrary$1.run(CoreTagLibrary.java:98)
	at org.apache.commons.jelly.impl.ScriptBlock.run(ScriptBlock.java:95)
	at org.apache.commons.jelly.tags.core.CoreTagLibrary$2.run(CoreTagLibrary.java:105)
	at org.kohsuke.stapler.jelly.CallTagLibScript.run(CallTagLibScript.java:119)
	at org.apache.commons.jelly.impl.ScriptBlock.run(ScriptBlock.java:95)
	at org.kohsuke.stapler.jelly.CallTagLibScript$1.run(CallTagLibScript.java:98)
	at org.apache.commons.jelly.tags.define.InvokeBodyTag.doTag(InvokeBodyTag.java:91)
	at org.apache.commons.jelly.impl.TagScript.run(TagScript.java:270)
	at org.apache.commons.jelly.impl.ScriptBlock.run(ScriptBlock.java:95)
	at org.kohsuke.stapler.jelly.ReallyStaticTagLibrary$1.run(ReallyStaticTagLibrary.java:99)
	at org.apache.commons.jelly.impl.ScriptBlock.run(ScriptBlock.java:95)
	at org.kohsuke.stapler.jelly.ReallyStaticTagLibrary$1.run(ReallyStaticTagLibrary.java:99)
	at org.kohsuke.stapler.jelly.ReallyStaticTagLibrary$1.run(ReallyStaticTagLibrary.java:99)
	at org.apache.commons.jelly.impl.ScriptBlock.run(ScriptBlock.java:95)
	at org.kohsuke.stapler.jelly.ReallyStaticTagLibrary$1.run(ReallyStaticTagLibrary.java:99)
	at org.apache.commons.jelly.impl.ScriptBlock.run(ScriptBlock.java:95)
	at org.kohsuke.stapler.jelly.ReallyStaticTagLibrary$1.run(ReallyStaticTagLibrary.java:99)
	at org.apache.commons.jelly.impl.ScriptBlock.run(ScriptBlock.java:95)
	at org.apache.commons.jelly.tags.core.CoreTagLibrary$2.run(CoreTagLibrary.java:105)
	at org.kohsuke.stapler.jelly.CallTagLibScript.run(CallTagLibScript.java:119)
	at org.apache.commons.jelly.tags.core.CoreTagLibrary$2.run(CoreTagLibrary.java:105)
	at org.kohsuke.stapler.jelly.JellyViewScript.run(JellyViewScript.java:81)
	at org.kohsuke.stapler.jelly.DefaultScriptInvoker.invokeScript(DefaultScriptInvoker.java:63)
	at org.kohsuke.stapler.jelly.DefaultScriptInvoker.invokeScript(DefaultScriptInvoker.java:53)
	at org.kohsuke.stapler.jelly.JellyFacet$1.dispatch(JellyFacet.java:93)
	at org.kohsuke.stapler.Stapler.tryInvoke(Stapler.java:563)
	at org.kohsuke.stapler.Stapler.invoke(Stapler.java:648)
	at org.kohsuke.stapler.Stapler.invoke(Stapler.java:477)
	at org.kohsuke.stapler.Stapler.service(Stapler.java:159)
	at javax.servlet.http.HttpServlet.service(HttpServlet.java:45)
	at winstone.ServletConfiguration.execute(ServletConfiguration.java:248)
	at winstone.RequestDispatcher.forward(RequestDispatcher.java:333)
	at winstone.RequestDispatcher.doFilter(RequestDispatcher.java:376)
	at hudson.util.PluginServletFilter$1.doFilter(PluginServletFilter.java:95)
	at hudson.plugins.greenballs.GreenBallFilter.doFilter(GreenBallFilter.java:74)
	at hudson.util.PluginServletFilter$1.doFilter(PluginServletFilter.java:98)
	at hudson.plugins.audit_trail.AuditTrailFilter.doFilter(AuditTrailFilter.java:66)
	at hudson.util.PluginServletFilter$1.doFilter(PluginServletFilter.java:98)
	at hudson.util.PluginServletFilter.doFilter(PluginServletFilter.java:87)
	at winstone.FilterConfiguration.execute(FilterConfiguration.java:194)
	at winstone.RequestDispatcher.doFilter(RequestDispatcher.java:366)
	at hudson.security.csrf.CrumbFilter.doFilter(CrumbFilter.java:47)
	at winstone.FilterConfiguration.execute(FilterConfiguration.java:194)
	at winstone.RequestDispatcher.doFilter(RequestDispatcher.java:366)
	at hudson.security.ChainedServletFilter$1.doFilter(ChainedServletFilter.java:84)
	at hudson.security.UnwrapSecurityExceptionFilter.doFilter(UnwrapSecurityExceptionFilter.java:51)
	at hudson.security.ChainedServletFilter$1.doFilter(ChainedServletFilter.java:87)
	at org.acegisecurity.ui.ExceptionTranslationFilter.doFilter(ExceptionTranslationFilter.java:166)
	at hudson.security.ChainedServletFilter$1.doFilter(ChainedServletFilter.java:87)
	at org.acegisecurity.providers.anonymous.AnonymousProcessingFilter.doFilter(AnonymousProcessingFilter.java:125)
	at hudson.security.ChainedServletFilter$1.doFilter(ChainedServletFilter.java:87)
	at org.acegisecurity.ui.rememberme.RememberMeProcessingFilter.doFilter(RememberMeProcessingFilter.java:142)
	at hudson.security.ChainedServletFilter$1.doFilter(ChainedServletFilter.java:87)
	at org.acegisecurity.ui.AbstractProcessingFilter.doFilter(AbstractProcessingFilter.java:271)
	at hudson.security.ChainedServletFilter$1.doFilter(ChainedServletFilter.java:87)
	at org.acegisecurity.ui.basicauth.BasicProcessingFilter.doFilter(BasicProcessingFilter.java:173)
	at hudson.security.ChainedServletFilter$1.doFilter(ChainedServletFilter.java:87)
	at jenkins.security.ApiTokenFilter.doFilter(ApiTokenFilter.java:61)
	at hudson.security.ChainedServletFilter$1.doFilter(ChainedServletFilter.java:87)
	at org.acegisecurity.context.HttpSessionContextIntegrationFilter.doFilter(HttpSessionContextIntegrationFilter.java:249)
	at hudson.security.HttpSessionContextIntegrationFilter2.doFilter(HttpSessionContextIntegrationFilter2.java:66)
	at hudson.security.ChainedServletFilter$1.doFilter(ChainedServletFilter.java:87)
	at hudson.security.ChainedServletFilter.doFilter(ChainedServletFilter.java:76)
	at hudson.security.HudsonFilter.doFilter(HudsonFilter.java:164)
	at winstone.FilterConfiguration.execute(FilterConfiguration.java:194)
	at winstone.RequestDispatcher.doFilter(RequestDispatcher.java:366)
	at hudson.util.CharacterEncodingFilter.doFilter(CharacterEncodingFilter.java:81)
	at winstone.FilterConfiguration.execute(FilterConfiguration.java:194)
	at winstone.RequestDispatcher.doFilter(RequestDispatcher.java:366)
	at winstone.RequestDispatcher.forward(RequestDispatcher.java:331)
	at winstone.RequestHandlerThread.processRequest(RequestHandlerThread.java:244)
	at winstone.RequestHandlerThread.run(RequestHandlerThread.java:150)
	at java.lang.Thread.run(Unknown Source)
Caused by: java.lang.AssertionError: null is missing its descriptor in public hudson.util.CopyOnWriteList hudson.plugins.warnings.WarningsDescriptor.getParsers(). See https://wiki.jenkins-ci.org/display/JENKINS/My+class+is+missing+descriptor
	at hudson.model.Descriptor$PropertyType.getItemTypeDescriptorOrDie(Descriptor.java:194)
	... 162 more
Mar 26, 2012 1:44:36 AM hudson.plugins.logparser.LogParserParser parseLogBody
INFO: LogParserParser: Parsing took 0 minutes (0) seconds.
Mar 26, 2012 1:44:35 AM hudson.plugins.logparser.LogParserParser parseLogBody
INFO: LogParserParser: Start parsing : hdr-MPSS.NI.1.0_build_170
Mar 26, 2012 1:44:35 AM hudson.model.Run run
INFO: hdr-MPSS.NI.1.0 #170 main build action completed: FAILURE
Mar 26, 2012 1:42:18 AM hudson.model.Run run
INFO: asia-datamodem-MPSS.NI.1.0 #10 main build action completed: SUCCESS
Mar 26, 2012 1:26:58 AM hudson.plugins.logparser.LogParserParser parseLogBody
INFO: LogParserParser: Parsing took 0 minutes (0) seconds.
Mar 26, 2012 1:26:57 AM hudson.plugins.logparser.LogParserParser parseLogBody
INFO: LogParserParser: Start parsing : cne-MPSS.NI.1.01_build_33
Mar 26, 2012 1:26:57 AM hudson.plugins.analysis.core.BuildResult loadResult
INFO: Loaded data file C:\dashboard\aswp401\source\qcom\qct\modem\arch\ci\jenkins-instance\march-web\.\jobs\cne-MPSS.NI.1.01\builds\2012-03-23_21-06-04\compiler-warnings.xml for build 32
Mar 26, 2012 1:26:57 AM hudson.model.Run run
INFO: cne-MPSS.NI.1.01 #33 main build action completed: SUCCESS
Mar 26, 2012 1:26:37 AM hudson.plugins.logparser.LogParserParser parseLogBody
INFO: LogParserParser: Parsing took 0 minutes (0) seconds.
Mar 26, 2012 1:26:37 AM hudson.plugins.logparser.LogParserParser parseLogBody
INFO: LogParserParser: Start parsing : gps-MPSS.NI.2.0.0_build_95
Mar 26, 2012 1:26:37 AM hudson.model.Run run
INFO: gps-MPSS.NI.2.0.0 #95 main build action completed: FAILURE
Mar 26, 2012 1:26:30 AM hudson.plugins.logparser.LogParserParser parseLogBody
INFO: LogParserParser: Parsing took 0 minutes (1) seconds.
Mar 26, 2012 1:26:28 AM hudson.plugins.logparser.LogParserParser parseLogBody
INFO: LogParserParser: Start parsing : uim-MPSS.NI.3.1_build_161
Mar 26, 2012 1:26:28 AM hudson.plugins.analysis.core.BuildResult loadResult
INFO: Loaded data file C:\dashboard\aswp401\source\qcom\qct\modem\arch\ci\jenkins-instance\march-web\.\jobs\uim-MPSS.NI.3.1\builds\2012-03-23_19-52-38\compiler-warnings.xml for build 159
Mar 26, 2012 1:26:28 AM hudson.model.Run run
INFO: uim-MPSS.NI.3.1 #161 main build action completed: SUCCESS
Mar 26, 2012 1:07:32 AM hudson.ExpressionFactory2$JexlExpression evaluate
WARNING: Caught exception evaluating: it.writeLogTo(offset,output). Reason: java.io.IOException
java.io.IOException
	at org.apache.commons.jelly.XMLOutput$1.write(XMLOutput.java:230)
	at org.apache.commons.io.IOUtils.copyLarge(IOUtils.java:1129)
	at org.apache.commons.io.IOUtils.copy(IOUtils.java:1104)
	at org.apache.commons.io.IOUtils.copy(IOUtils.java:1050)
	at hudson.model.Run.writeLogTo(Run.java:1156)
	at sun.reflect.GeneratedMethodAccessor575.invoke(Unknown Source)
	at sun.reflect.DelegatingMethodAccessorImpl.invoke(Unknown Source)
	at java.lang.reflect.Method.invoke(Unknown Source)
	at org.apache.commons.jexl.util.introspection.UberspectImpl$VelMethodImpl.invoke(UberspectImpl.java:258)
	at org.apache.commons.jexl.parser.ASTMethod.execute(ASTMethod.java:104)
	at org.apache.commons.jexl.parser.ASTReference.execute(ASTReference.java:83)
	at org.apache.commons.jexl.parser.ASTReference.value(ASTReference.java:57)
	at org.apache.commons.jexl.parser.ASTReferenceExpression.value(ASTReferenceExpression.java:51)
	at org.apache.commons.jexl.ExpressionImpl.evaluate(ExpressionImpl.java:80)
	at hudson.ExpressionFactory2$JexlExpression.evaluate(ExpressionFactory2.java:72)
	at org.apache.commons.jelly.parser.EscapingExpression.evaluate(EscapingExpression.java:24)
	at org.apache.commons.jelly.impl.ExpressionScript.run(ExpressionScript.java:66)
	at org.apache.commons.jelly.TagSupport.invokeBody(TagSupport.java:161)
	at org.apache.commons.jelly.tags.core.WhitespaceTag.doTag(WhitespaceTag.java:48)
	at org.apache.commons.jelly.impl.TagScript.run(TagScript.java:270)
	at org.apache.commons.jelly.impl.ScriptBlock.run(ScriptBlock.java:95)
	at org.kohsuke.stapler.jelly.ReallyStaticTagLibrary$1.run(ReallyStaticTagLibrary.java:99)
	at org.apache.commons.jelly.TagSupport.invokeBody(TagSupport.java:161)
	at org.apache.commons.jelly.tags.core.OtherwiseTag.doTag(OtherwiseTag.java:41)
	at org.apache.commons.jelly.impl.TagScript.run(TagScript.java:270)
	at org.apache.commons.jelly.impl.ScriptBlock.run(ScriptBlock.java:95)
	at org.apache.commons.jelly.TagSupport.invokeBody(TagSupport.java:161)
	at org.apache.commons.jelly.tags.core.ChooseTag.doTag(ChooseTag.java:38)
	at org.apache.commons.jelly.impl.TagScript.run(TagScript.java:270)
	at org.apache.commons.jelly.impl.ScriptBlock.run(ScriptBlock.java:95)
	at org.kohsuke.stapler.jelly.CallTagLibScript$1.run(CallTagLibScript.java:98)
	at org.apache.commons.jelly.tags.define.InvokeBodyTag.doTag(InvokeBodyTag.java:91)
	at org.apache.commons.jelly.impl.TagScript.run(TagScript.java:270)
	at org.apache.commons.jelly.impl.ScriptBlock.run(ScriptBlock.java:95)
	at org.apache.commons.jelly.tags.core.CoreTagLibrary$1.run(CoreTagLibrary.java:98)
	at org.apache.commons.jelly.impl.ScriptBlock.run(ScriptBlock.java:95)
	at org.apache.commons.jelly.tags.core.CoreTagLibrary$2.run(CoreTagLibrary.java:105)
	at org.kohsuke.stapler.jelly.CallTagLibScript.run(CallTagLibScript.java:119)
	at org.apache.commons.jelly.impl.ScriptBlock.run(ScriptBlock.java:95)
	at org.kohsuke.stapler.jelly.CallTagLibScript$1.run(CallTagLibScript.java:98)
	at org.apache.commons.jelly.tags.define.InvokeBodyTag.doTag(InvokeBodyTag.java:91)
	at org.apache.commons.jelly.impl.TagScript.run(TagScript.java:270)
	at org.apache.commons.jelly.impl.ScriptBlock.run(ScriptBlock.java:95)
	at org.kohsuke.stapler.jelly.ReallyStaticTagLibrary$1.run(ReallyStaticTagLibrary.java:99)
	at org.apache.commons.jelly.impl.ScriptBlock.run(ScriptBlock.java:95)
	at org.kohsuke.stapler.jelly.ReallyStaticTagLibrary$1.run(ReallyStaticTagLibrary.java:99)
	at org.kohsuke.stapler.jelly.ReallyStaticTagLibrary$1.run(ReallyStaticTagLibrary.java:99)
	at org.apache.commons.jelly.impl.ScriptBlock.run(ScriptBlock.java:95)
	at org.kohsuke.stapler.jelly.ReallyStaticTagLibrary$1.run(ReallyStaticTagLibrary.java:99)
	at org.apache.commons.jelly.impl.ScriptBlock.run(ScriptBlock.java:95)
	at org.kohsuke.stapler.jelly.ReallyStaticTagLibrary$1.run(ReallyStaticTagLibrary.java:99)
	at org.apache.commons.jelly.impl.ScriptBlock.run(ScriptBlock.java:95)
	at org.apache.commons.jelly.tags.core.CoreTagLibrary$2.run(CoreTagLibrary.java:105)
	at org.kohsuke.stapler.jelly.CallTagLibScript.run(CallTagLibScript.java:119)
	at org.kohsuke.stapler.jelly.CompressTag.doTag(CompressTag.java:44)
	at org.apache.commons.jelly.impl.TagScript.run(TagScript.java:270)
	at org.kohsuke.stapler.jelly.JellyViewScript.run(JellyViewScript.java:81)
	at org.kohsuke.stapler.jelly.DefaultScriptInvoker.invokeScript(DefaultScriptInvoker.java:63)
	at org.kohsuke.stapler.jelly.DefaultScriptInvoker.invokeScript(DefaultScriptInvoker.java:53)
	at org.kohsuke.stapler.jelly.JellyFacet$1.dispatch(JellyFacet.java:93)
	at org.kohsuke.stapler.Stapler.tryInvoke(Stapler.java:563)
	at org.kohsuke.stapler.Stapler.invoke(Stapler.java:648)
	at org.kohsuke.stapler.MetaClass$12.dispatch(MetaClass.java:384)
	at org.kohsuke.stapler.Stapler.tryInvoke(Stapler.java:563)
	at org.kohsuke.stapler.Stapler.invoke(Stapler.java:648)
	at org.kohsuke.stapler.MetaClass$6.doDispatch(MetaClass.java:241)
	at org.kohsuke.stapler.NameBasedDispatcher.dispatch(NameBasedDispatcher.java:53)
	at org.kohsuke.stapler.Stapler.tryInvoke(Stapler.java:563)
	at org.kohsuke.stapler.Stapler.invoke(Stapler.java:648)
	at org.kohsuke.stapler.Stapler.invoke(Stapler.java:477)
	at org.kohsuke.stapler.Stapler.service(Stapler.java:159)
	at javax.servlet.http.HttpServlet.service(HttpServlet.java:45)
	at winstone.ServletConfiguration.execute(ServletConfiguration.java:248)
	at winstone.RequestDispatcher.forward(RequestDispatcher.java:333)
	at winstone.RequestDispatcher.doFilter(RequestDispatcher.java:376)
	at hudson.util.PluginServletFilter$1.doFilter(PluginServletFilter.java:95)
	at hudson.plugins.greenballs.GreenBallFilter.doFilter(GreenBallFilter.java:74)
	at hudson.util.PluginServletFilter$1.doFilter(PluginServletFilter.java:98)
	at hudson.plugins.audit_trail.AuditTrailFilter.doFilter(AuditTrailFilter.java:66)
	at hudson.util.PluginServletFilter$1.doFilter(PluginServletFilter.java:98)
	at hudson.util.PluginServletFilter.doFilter(PluginServletFilter.java:87)
	at winstone.FilterConfiguration.execute(FilterConfiguration.java:194)
	at winstone.RequestDispatcher.doFilter(RequestDispatcher.java:366)
	at hudson.security.csrf.CrumbFilter.doFilter(CrumbFilter.java:47)
	at winstone.FilterConfiguration.execute(FilterConfiguration.java:194)
	at winstone.RequestDispatcher.doFilter(RequestDispatcher.java:366)
	at hudson.security.ChainedServletFilter$1.doFilter(ChainedServletFilter.java:84)
	at hudson.security.UnwrapSecurityExceptionFilter.doFilter(UnwrapSecurityExceptionFilter.java:51)
	at hudson.security.ChainedServletFilter$1.doFilter(ChainedServletFilter.java:87)
	at org.acegisecurity.ui.ExceptionTranslationFilter.doFilter(ExceptionTranslationFilter.java:166)
	at hudson.security.ChainedServletFilter$1.doFilter(ChainedServletFilter.java:87)
	at org.acegisecurity.providers.anonymous.AnonymousProcessingFilter.doFilter(AnonymousProcessingFilter.java:125)
	at hudson.security.ChainedServletFilter$1.doFilter(ChainedServletFilter.java:87)
	at org.acegisecurity.ui.rememberme.RememberMeProcessingFilter.doFilter(RememberMeProcessingFilter.java:142)
	at hudson.security.ChainedServletFilter$1.doFilter(ChainedServletFilter.java:87)
	at org.acegisecurity.ui.AbstractProcessingFilter.doFilter(AbstractProcessingFilter.java:271)
	at hudson.security.ChainedServletFilter$1.doFilter(ChainedServletFilter.java:87)
	at org.acegisecurity.ui.basicauth.BasicProcessingFilter.doFilter(BasicProcessingFilter.java:173)
	at hudson.security.ChainedServletFilter$1.doFilter(ChainedServletFilter.java:87)
	at jenkins.security.ApiTokenFilter.doFilter(ApiTokenFilter.java:61)
	at hudson.security.ChainedServletFilter$1.doFilter(ChainedServletFilter.java:87)
	at org.acegisecurity.context.HttpSessionContextIntegrationFilter.doFilter(HttpSessionContextIntegrationFilter.java:249)
	at hudson.security.HttpSessionContextIntegrationFilter2.doFilter(HttpSessionContextIntegrationFilter2.java:66)
	at hudson.security.ChainedServletFilter$1.doFilter(ChainedServletFilter.java:87)
	at hudson.security.ChainedServletFilter.doFilter(ChainedServletFilter.java:76)
	at hudson.security.HudsonFilter.doFilter(HudsonFilter.java:164)
	at winstone.FilterConfiguration.execute(FilterConfiguration.java:194)
	at winstone.RequestDispatcher.doFilter(RequestDispatcher.java:366)
	at hudson.util.CharacterEncodingFilter.doFilter(CharacterEncodingFilter.java:81)
	at winstone.FilterConfiguration.execute(FilterConfiguration.java:194)
	at winstone.RequestDispatcher.doFilter(RequestDispatcher.java:366)
	at winstone.RequestDispatcher.forward(RequestDispatcher.java:331)
	at winstone.RequestHandlerThread.processRequest(RequestHandlerThread.java:244)
	at winstone.RequestHandlerThread.run(RequestHandlerThread.java:150)
	at java.lang.Thread.run(Unknown Source)
Caused by: winstone.ClientSocketException: Failed to write to client
	at org.dom4j.io.XMLWriter.handleException(XMLWriter.java:1888)
	at org.dom4j.io.XMLWriter.characters(XMLWriter.java:791)
	at org.apache.commons.jelly.XMLOutput.characters(XMLOutput.java:590)
	at org.apache.commons.jelly.XMLOutput$1.write(XMLOutput.java:228)
	... 114 more
Caused by: winstone.ClientSocketException: Failed to write to client
	at winstone.ClientOutputStream.write(ClientOutputStream.java:41)
	at winstone.WinstoneOutputStream.commit(WinstoneOutputStream.java:181)
	at winstone.WinstoneOutputStream.commit(WinstoneOutputStream.java:119)
	at winstone.WinstoneOutputStream.write(WinstoneOutputStream.java:112)
	at java.io.BufferedOutputStream.write(Unknown Source)
	at org.kohsuke.stapler.jelly.DefaultScriptInvoker$1.write(DefaultScriptInvoker.java:93)
	at sun.nio.cs.StreamEncoder.writeBytes(Unknown Source)
	at sun.nio.cs.StreamEncoder.implWrite(Unknown Source)
	at sun.nio.cs.StreamEncoder.write(Unknown Source)
	at java.io.OutputStreamWriter.write(Unknown Source)
	at java.io.BufferedWriter.flushBuffer(Unknown Source)
	at java.io.BufferedWriter.write(Unknown Source)
	at java.io.Writer.write(Unknown Source)
	at org.dom4j.io.XMLWriter.characters(XMLWriter.java:782)
	... 116 more
Caused by: java.net.SocketException: Software caused connection abort: socket write error
	at java.net.SocketOutputStream.socketWrite0(Native Method)
	at java.net.SocketOutputStream.socketWrite(Unknown Source)
	at java.net.SocketOutputStream.write(Unknown Source)
	at winstone.ClientOutputStream.write(ClientOutputStream.java:39)
	... 129 more
Mar 26, 2012 1:07:24 AM hudson.plugins.logparser.LogParserParser parseLogBody
INFO: LogParserParser: Parsing took 0 minutes (0) seconds.
Mar 26, 2012 1:07:23 AM hudson.plugins.logparser.LogParserParser parseLogBody
INFO: LogParserParser: Start parsing : api-MPSS.NI.1.01_build_46
Mar 26, 2012 1:07:23 AM hudson.model.Run run
INFO: api-MPSS.NI.1.01 #46 main build action completed: FAILURE
Mar 26, 2012 1:00:51 AM org.jvnet.hudson.plugins.thinbackup.utils.Utils waitUntilIdleAndSwitchToQuietMode
INFO: Timeout reached! Force quiet mode for jenkins now and wait unilt all executors are idle.
Mar 26, 2012 12:51:21 AM hudson.plugins.logparser.LogParserParser parseLogBody
INFO: LogParserParser: Parsing took 0 minutes (0) seconds.
Mar 26, 2012 12:51:20 AM hudson.plugins.logparser.LogParserParser parseLogBody
INFO: LogParserParser: Start parsing : tdscdma-MPSS.NI.3.1_build_451
Mar 26, 2012 12:51:19 AM hudson.plugins.analysis.core.BuildResult loadResult
INFO: Loaded data file C:\dashboard\aswp401\source\qcom\qct\modem\arch\ci\jenkins-instance\march-web\.\jobs\tdscdma-MPSS.NI.3.1\builds\2012-03-21_14-36-00\compiler-warnings.xml for build 437
Mar 26, 2012 12:51:18 AM hudson.model.Run run
INFO: tdscdma-MPSS.NI.3.1 #451 main build action completed: SUCCESS
Mar 26, 2012 12:20:39 AM hudson.plugins.logparser.LogParserParser parseLogBody
INFO: LogParserParser: Parsing took 0 minutes (0) seconds.
Mar 26, 2012 12:20:39 AM hudson.plugins.logparser.LogParserParser parseLogBody
INFO: LogParserParser: Start parsing : api-MPSS.NI.3.0.0_build_4
Mar 26, 2012 12:20:39 AM hudson.model.Run run
INFO: api-MPSS.NI.3.0.0 #4 main build action completed: FAILURE
Mar 26, 2012 12:20:35 AM hudson.plugins.logparser.LogParserParser parseLogBody
INFO: LogParserParser: Parsing took 0 minutes (0) seconds.
Mar 26, 2012 12:20:34 AM hudson.plugins.logparser.LogParserParser parseLogBody
INFO: LogParserParser: Start parsing : datamodem-MPSS.NI.3.0.0_build_10
Mar 26, 2012 12:20:34 AM hudson.model.Run run
INFO: datamodem-MPSS.NI.3.0.0 #10 main build action completed: FAILURE
Mar 26, 2012 12:20:34 AM hudson.plugins.logparser.LogParserParser parseLogBody
INFO: LogParserParser: Parsing took 0 minutes (0) seconds.
Mar 26, 2012 12:20:34 AM hudson.plugins.logparser.LogParserParser parseLogBody
INFO: LogParserParser: Start parsing : lte-MPSS.NI.3.0.0_build_9
Mar 26, 2012 12:20:34 AM hudson.model.Run run
INFO: lte-MPSS.NI.3.0.0 #9 main build action completed: FAILURE
Mar 26, 2012 12:20:27 AM org.jvnet.hudson.plugins.thinbackup.utils.Utils waitUntilIdleAndSwitchToQuietMode
INFO: Timeout reached! Force quiet mode for jenkins now and wait unilt all executors are idle.
Mar 25, 2012 11:27:58 PM hudson.plugins.logparser.LogParserParser parseLogBody
INFO: LogParserParser: Parsing took 0 minutes (1) seconds.
Mar 25, 2012 11:27:56 PM hudson.plugins.logparser.LogParserParser parseLogBody
INFO: LogParserParser: Start parsing : uim-MPSS.NI.3.1_build_160
Mar 25, 2012 11:27:56 PM hudson.model.Run run
INFO: uim-MPSS.NI.3.1 #160 main build action completed: FAILURE
Mar 25, 2012 11:24:21 PM hudson.plugins.logparser.LogParserParser parseLogBody
INFO: LogParserParser: Parsing took 0 minutes (0) seconds.
Mar 25, 2012 11:24:21 PM hudson.plugins.logparser.LogParserParser parseLogBody
INFO: LogParserParser: Start parsing : utils-MPSS.NI.1.01_build_33
Mar 25, 2012 11:24:21 PM hudson.model.Run run
INFO: utils-MPSS.NI.1.01 #33 main build action completed: FAILURE
Mar 25, 2012 11:19:45 PM hudson.model.AsyncPeriodicWork$1 run
INFO: Finished Workspace clean-up. 1175079 ms
Mar 25, 2012 11:17:55 PM hudson.plugins.perforce.PerforceSCM processWorkspaceBeforeDeletion
INFO: [rfa_pmic-MPSS.NI.1.1] $ p4 sync -k //hjenkins_rfa_pmic-MPSS.NI.1.1-QCTMDEMBLD03/...#0
Mar 25, 2012 11:17:52 PM hudson.plugins.perforce.PerforceSCM processWorkspaceBeforeDeletion
INFO: [rfa_pmic-MPSS.NI.1.1] $ p4 -s client -i
Mar 25, 2012 11:17:52 PM hudson.plugins.perforce.PerforceSCM processWorkspaceBeforeDeletion
INFO: Saving modified client hjenkins_rfa_pmic-MPSS.NI.1.1-QCTMDEMBLD03
Mar 25, 2012 11:17:52 PM hudson.plugins.perforce.PerforceSCM processWorkspaceBeforeDeletion
INFO: Changing P4 Client Root to: E:/hjenkins/workspace/rfa_pmic-MPSS.NI.1.1
Mar 25, 2012 11:17:52 PM hudson.plugins.perforce.PerforceSCM processWorkspaceBeforeDeletion
INFO: [rfa_pmic-MPSS.NI.1.1] $ p4 workspace -o hjenkins_rfa_pmic-MPSS.NI.1.1-QCTMDEMBLD03
Mar 25, 2012 11:17:52 PM hudson.plugins.perforce.PerforceSCM processWorkspaceBeforeDeletion
INFO: Using remote perforce client: hjenkins_rfa_pmic-MPSS.NI.1.1-QCTMDEMBLD03
Mar 25, 2012 11:17:52 PM hudson.plugins.perforce.PerforceSCM processWorkspaceBeforeDeletion
INFO: Workspace is being deleted; enabling one-time force sync.
Mar 25, 2012 11:15:29 PM hudson.plugins.perforce.PerforceSCM processWorkspaceBeforeDeletion
INFO: [lte-MPSS.NI.2.0.0] $ p4 sync -k //hjenkins_lte-MPSS.NI.2.0.0-QCTMDEMBLD03/...#0
Mar 25, 2012 11:15:29 PM hudson.plugins.perforce.PerforceSCM processWorkspaceBeforeDeletion
INFO: [lte-MPSS.NI.2.0.0] $ p4 -s client -i
Mar 25, 2012 11:15:29 PM hudson.plugins.perforce.PerforceSCM processWorkspaceBeforeDeletion
INFO: Saving new client hjenkins_lte-MPSS.NI.2.0.0-QCTMDEMBLD03
Mar 25, 2012 11:15:29 PM hudson.plugins.perforce.PerforceSCM processWorkspaceBeforeDeletion
INFO:   //source/qcom/qct/modem/arch/ci/share/lib/lte/MPSS.NI.2.0.0/... //hjenkins_lte-MPSS.NI.2.0.0-QCTMDEMBLD03/top/...
Mar 25, 2012 11:15:29 PM hudson.plugins.perforce.PerforceSCM processWorkspaceBeforeDeletion
INFO: Changing P4 Client View to: 
Mar 25, 2012 11:15:29 PM hudson.plugins.perforce.PerforceSCM processWorkspaceBeforeDeletion
INFO: 	//commercial/... //hjenkins_lte-MPSS.NI.2.0.0-QCTMDEMBLD03/commercial/...
Mar 25, 2012 11:15:29 PM hudson.plugins.perforce.PerforceSCM processWorkspaceBeforeDeletion
INFO: 	//deploy/... //hjenkins_lte-MPSS.NI.2.0.0-QCTMDEMBLD03/deploy/...
Mar 25, 2012 11:15:29 PM hudson.plugins.perforce.PerforceSCM processWorkspaceBeforeDeletion
INFO: 	//depot/... //hjenkins_lte-MPSS.NI.2.0.0-QCTMDEMBLD03/depot/...
Mar 25, 2012 11:15:29 PM hudson.plugins.perforce.PerforceSCM processWorkspaceBeforeDeletion
INFO: 	//source/... //hjenkins_lte-MPSS.NI.2.0.0-QCTMDEMBLD03/source/...
Mar 25, 2012 11:15:29 PM hudson.plugins.perforce.PerforceSCM processWorkspaceBeforeDeletion
INFO: //thirdparty/... //hjenkins_lte-MPSS.NI.2.0.0-QCTMDEMBLD03/thirdparty/...
Mar 25, 2012 11:15:29 PM hudson.plugins.perforce.PerforceSCM processWorkspaceBeforeDeletion
INFO: Changing P4 Client View from:
Mar 25, 2012 11:15:29 PM hudson.plugins.perforce.PerforceSCM processWorkspaceBeforeDeletion
INFO: Changing P4 Client Root to: E:/hjenkins/workspace/lte-MPSS.NI.2.0.0
Mar 25, 2012 11:15:29 PM hudson.plugins.perforce.PerforceSCM processWorkspaceBeforeDeletion
INFO: [lte-MPSS.NI.2.0.0] $ p4 workspace -o hjenkins_lte-MPSS.NI.2.0.0-QCTMDEMBLD03
Mar 25, 2012 11:15:29 PM hudson.plugins.perforce.PerforceSCM processWorkspaceBeforeDeletion
INFO: Using remote perforce client: hjenkins_lte-MPSS.NI.2.0.0-QCTMDEMBLD03
Mar 25, 2012 11:15:29 PM hudson.plugins.perforce.PerforceSCM processWorkspaceBeforeDeletion
INFO: Workspace is being deleted; enabling one-time force sync.
Mar 25, 2012 11:13:44 PM hudson.plugins.perforce.PerforceSCM processWorkspaceBeforeDeletion
INFO: [hdr-MPSS.NI.3.1] $ p4 sync -k //hjenkins_hdr-MPSS.NI.3.1-QCTMDEMBLD03/...#0
Mar 25, 2012 11:13:44 PM hudson.plugins.perforce.PerforceSCM processWorkspaceBeforeDeletion
INFO: [hdr-MPSS.NI.3.1] $ p4 -s client -i
Mar 25, 2012 11:13:44 PM hudson.plugins.perforce.PerforceSCM processWorkspaceBeforeDeletion
INFO: Saving modified client hjenkins_hdr-MPSS.NI.3.1-QCTMDEMBLD03
Mar 25, 2012 11:13:44 PM hudson.plugins.perforce.PerforceSCM processWorkspaceBeforeDeletion
INFO: Changing P4 Client Root to: E:/hjenkins/workspace/hdr-MPSS.NI.3.1
Mar 25, 2012 11:13:44 PM hudson.plugins.perforce.PerforceSCM processWorkspaceBeforeDeletion
INFO: [hdr-MPSS.NI.3.1] $ p4 workspace -o hjenkins_hdr-MPSS.NI.3.1-QCTMDEMBLD03
Mar 25, 2012 11:13:44 PM hudson.plugins.perforce.PerforceSCM processWorkspaceBeforeDeletion
INFO: Using remote perforce client: hjenkins_hdr-MPSS.NI.3.1-QCTMDEMBLD03
Mar 25, 2012 11:13:44 PM hudson.plugins.perforce.PerforceSCM processWorkspaceBeforeDeletion
INFO: Workspace is being deleted; enabling one-time force sync.
Mar 25, 2012 11:12:02 PM hudson.plugins.perforce.PerforceSCM processWorkspaceBeforeDeletion
INFO: [hdr-MPSS.NI.2.0.0] $ p4 sync -k //hjenkins_hdr-MPSS.NI.2.0.0-QCTMDEMBLD03/...#0
Mar 25, 2012 11:12:01 PM hudson.plugins.perforce.PerforceSCM processWorkspaceBeforeDeletion
INFO: [hdr-MPSS.NI.2.0.0] $ p4 -s client -i
Mar 25, 2012 11:12:01 PM hudson.plugins.perforce.PerforceSCM processWorkspaceBeforeDeletion
INFO: Saving modified client hjenkins_hdr-MPSS.NI.2.0.0-QCTMDEMBLD03
Mar 25, 2012 11:12:01 PM hudson.plugins.perforce.PerforceSCM processWorkspaceBeforeDeletion
INFO: Changing P4 Client Root to: E:/hjenkins/workspace/hdr-MPSS.NI.2.0.0
Mar 25, 2012 11:12:01 PM hudson.plugins.perforce.PerforceSCM processWorkspaceBeforeDeletion
INFO: [hdr-MPSS.NI.2.0.0] $ p4 workspace -o hjenkins_hdr-MPSS.NI.2.0.0-QCTMDEMBLD03
Mar 25, 2012 11:12:01 PM hudson.plugins.perforce.PerforceSCM processWorkspaceBeforeDeletion
INFO: Using remote perforce client: hjenkins_hdr-MPSS.NI.2.0.0-QCTMDEMBLD03
Mar 25, 2012 11:12:01 PM hudson.plugins.perforce.PerforceSCM processWorkspaceBeforeDeletion
INFO: Workspace is being deleted; enabling one-time force sync.
Mar 25, 2012 11:10:29 PM hudson.plugins.perforce.PerforceSCM processWorkspaceBeforeDeletion
INFO: [wcdma-MPSS.NI.1.01] $ p4 sync -k //hjenkins_wcdma-MPSS.NI.1.01-QCTMDEMBLD02/...#0
Mar 25, 2012 11:10:28 PM hudson.plugins.perforce.PerforceSCM processWorkspaceBeforeDeletion
INFO: [wcdma-MPSS.NI.1.01] $ p4 -s client -i
Mar 25, 2012 11:10:28 PM hudson.plugins.perforce.PerforceSCM processWorkspaceBeforeDeletion
INFO: Saving modified client hjenkins_wcdma-MPSS.NI.1.01-QCTMDEMBLD02
Mar 25, 2012 11:10:28 PM hudson.plugins.perforce.PerforceSCM processWorkspaceBeforeDeletion
INFO: Changing P4 Client Root to: E:/hjenkins/workspace/wcdma-MPSS.NI.1.01
Mar 25, 2012 11:10:28 PM hudson.plugins.perforce.PerforceSCM processWorkspaceBeforeDeletion
INFO: [wcdma-MPSS.NI.1.01] $ p4 workspace -o hjenkins_wcdma-MPSS.NI.1.01-QCTMDEMBLD02
Mar 25, 2012 11:10:28 PM hudson.plugins.perforce.PerforceSCM processWorkspaceBeforeDeletion
INFO: Using remote perforce client: hjenkins_wcdma-MPSS.NI.1.01-QCTMDEMBLD02
Mar 25, 2012 11:10:28 PM hudson.plugins.perforce.PerforceSCM processWorkspaceBeforeDeletion
INFO: Workspace is being deleted; enabling one-time force sync.
Mar 25, 2012 11:09:57 PM hudson.plugins.logparser.LogParserParser parseLogBody
INFO: LogParserParser: Parsing took 0 minutes (0) seconds.
Mar 25, 2012 11:09:56 PM hudson.plugins.logparser.LogParserParser parseLogBody
INFO: LogParserParser: Start parsing : mpower-MPSS.NI.1.01_build_14
Mar 25, 2012 11:09:56 PM hudson.model.Run run
INFO: mpower-MPSS.NI.1.01 #14 main build action completed: FAILURE
Mar 25, 2012 11:09:05 PM hudson.plugins.logparser.LogParserParser parseLogBody
INFO: LogParserParser: Parsing took 0 minutes (0) seconds.
Mar 25, 2012 11:09:04 PM hudson.plugins.logparser.LogParserParser parseLogBody
INFO: LogParserParser: Start parsing : tdscdma-MPSS.NI.3.1_build_450
Mar 25, 2012 11:09:04 PM hudson.model.Run run
INFO: tdscdma-MPSS.NI.3.1 #450 main build action completed: FAILURE
Mar 25, 2012 11:08:18 PM hudson.plugins.perforce.PerforceSCM processWorkspaceBeforeDeletion
INFO: [rfa_rf-MPSS.NI.2.0.0] $ p4 sync -k //hjenkins_rfa_rf-MPSS.NI.2.0.0-QCTMDEMBLD02/...#0
Mar 25, 2012 11:08:15 PM hudson.plugins.perforce.PerforceSCM processWorkspaceBeforeDeletion
INFO: [rfa_rf-MPSS.NI.2.0.0] $ p4 -s client -i
Mar 25, 2012 11:08:15 PM hudson.plugins.perforce.PerforceSCM processWorkspaceBeforeDeletion
INFO: Saving modified client hjenkins_rfa_rf-MPSS.NI.2.0.0-QCTMDEMBLD02
Mar 25, 2012 11:08:15 PM hudson.plugins.perforce.PerforceSCM processWorkspaceBeforeDeletion
INFO: Changing P4 Client Root to: E:/hjenkins/workspace/rfa_rf-MPSS.NI.2.0.0
Mar 25, 2012 11:08:15 PM hudson.plugins.perforce.PerforceSCM processWorkspaceBeforeDeletion
INFO: [rfa_rf-MPSS.NI.2.0.0] $ p4 workspace -o hjenkins_rfa_rf-MPSS.NI.2.0.0-QCTMDEMBLD02
Mar 25, 2012 11:08:15 PM hudson.plugins.perforce.PerforceSCM processWorkspaceBeforeDeletion
INFO: Using remote perforce client: hjenkins_rfa_rf-MPSS.NI.2.0.0-QCTMDEMBLD02
Mar 25, 2012 11:08:15 PM hudson.plugins.perforce.PerforceSCM processWorkspaceBeforeDeletion
INFO: Workspace is being deleted; enabling one-time force sync.
Mar 25, 2012 11:06:25 PM hudson.plugins.perforce.PerforceSCM processWorkspaceBeforeDeletion
INFO: [qmi-MPSS.NI.2.0.0] $ p4 sync -k //hjenkins_qmi-MPSS.NI.2.0.0-QCTMDEMBLD02/...#0
Mar 25, 2012 11:06:25 PM hudson.plugins.perforce.PerforceSCM processWorkspaceBeforeDeletion
INFO: [qmi-MPSS.NI.2.0.0] $ p4 -s client -i
Mar 25, 2012 11:06:25 PM hudson.plugins.perforce.PerforceSCM processWorkspaceBeforeDeletion
INFO: Saving modified client hjenkins_qmi-MPSS.NI.2.0.0-QCTMDEMBLD02
Mar 25, 2012 11:06:25 PM hudson.plugins.perforce.PerforceSCM processWorkspaceBeforeDeletion
INFO: Changing P4 Client Root to: E:/hjenkins/workspace/qmi-MPSS.NI.2.0.0
Mar 25, 2012 11:06:25 PM hudson.plugins.perforce.PerforceSCM processWorkspaceBeforeDeletion
INFO: [qmi-MPSS.NI.2.0.0] $ p4 workspace -o hjenkins_qmi-MPSS.NI.2.0.0-QCTMDEMBLD02
Mar 25, 2012 11:06:25 PM hudson.plugins.perforce.PerforceSCM processWorkspaceBeforeDeletion
INFO: Using remote perforce client: hjenkins_qmi-MPSS.NI.2.0.0-QCTMDEMBLD02
Mar 25, 2012 11:06:25 PM hudson.plugins.perforce.PerforceSCM processWorkspaceBeforeDeletion
INFO: Workspace is being deleted; enabling one-time force sync.
Mar 25, 2012 11:06:05 PM hudson.plugins.perforce.PerforceSCM processWorkspaceBeforeDeletion
INFO: [datamodem-MPSS.NI.2.0.0] $ p4 sync -k //hjenkins_datamodem-MPSS.NI.2.0.0-QCTMDEMBLD02/...#0
Mar 25, 2012 11:06:05 PM hudson.plugins.perforce.PerforceSCM processWorkspaceBeforeDeletion
INFO: [datamodem-MPSS.NI.2.0.0] $ p4 -s client -i
Mar 25, 2012 11:06:05 PM hudson.plugins.perforce.PerforceSCM processWorkspaceBeforeDeletion
INFO: Saving modified client hjenkins_datamodem-MPSS.NI.2.0.0-QCTMDEMBLD02
Mar 25, 2012 11:06:05 PM hudson.plugins.perforce.PerforceSCM processWorkspaceBeforeDeletion
INFO: Changing P4 Client Root to: E:/hjenkins/workspace/datamodem-MPSS.NI.2.0.0
Mar 25, 2012 11:06:05 PM hudson.plugins.perforce.PerforceSCM processWorkspaceBeforeDeletion
INFO: [datamodem-MPSS.NI.2.0.0] $ p4 workspace -o hjenkins_datamodem-MPSS.NI.2.0.0-QCTMDEMBLD02
Mar 25, 2012 11:06:05 PM hudson.plugins.perforce.PerforceSCM processWorkspaceBeforeDeletion
INFO: Using remote perforce client: hjenkins_datamodem-MPSS.NI.2.0.0-QCTMDEMBLD02
Mar 25, 2012 11:06:05 PM hudson.plugins.perforce.PerforceSCM processWorkspaceBeforeDeletion
INFO: Workspace is being deleted; enabling one-time force sync.
Mar 25, 2012 11:04:26 PM hudson.plugins.perforce.PerforceSCM processWorkspaceBeforeDeletion
INFO: [1x-MPSS.NI.1.01] $ p4 sync -k //hjenkins_1x-MPSS.NI.1.01-HARV-CEMANI/...#0
Mar 25, 2012 11:04:21 PM hudson.plugins.perforce.PerforceSCM processWorkspaceBeforeDeletion
INFO: [1x-MPSS.NI.1.01] $ p4 -s client -i
Mar 25, 2012 11:04:21 PM hudson.plugins.perforce.PerforceSCM processWorkspaceBeforeDeletion
INFO: Saving modified client hjenkins_1x-MPSS.NI.1.01-HARV-CEMANI
Mar 25, 2012 11:04:21 PM hudson.plugins.perforce.PerforceSCM processWorkspaceBeforeDeletion
INFO: Changing P4 Client Root to: D:/hjenkins/workspace/1x-MPSS.NI.1.01
Mar 25, 2012 11:04:21 PM hudson.plugins.perforce.PerforceSCM processWorkspaceBeforeDeletion
INFO: [1x-MPSS.NI.1.01] $ p4 workspace -o hjenkins_1x-MPSS.NI.1.01-HARV-CEMANI
Mar 25, 2012 11:04:21 PM hudson.plugins.perforce.PerforceSCM processWorkspaceBeforeDeletion
INFO: Using remote perforce client: hjenkins_1x-MPSS.NI.1.01-HARV-CEMANI
Mar 25, 2012 11:04:21 PM hudson.plugins.perforce.PerforceSCM processWorkspaceBeforeDeletion
INFO: Workspace is being deleted; enabling one-time force sync.
Mar 25, 2012 11:02:09 PM hudson.plugins.perforce.PerforceSCM processWorkspaceBeforeDeletion
INFO: [qmi-MPSS.NI.2.0.0] $ p4 sync -k //hjenkins_qmi-MPSS.NI.2.0.0-HARV-JRUVALCA/...#0
Mar 25, 2012 11:02:08 PM hudson.plugins.perforce.PerforceSCM processWorkspaceBeforeDeletion
INFO: [qmi-MPSS.NI.2.0.0] $ p4 -s client -i
Mar 25, 2012 11:02:08 PM hudson.plugins.perforce.PerforceSCM processWorkspaceBeforeDeletion
INFO: Saving new client hjenkins_qmi-MPSS.NI.2.0.0-HARV-JRUVALCA
Mar 25, 2012 11:02:08 PM hudson.plugins.perforce.PerforceSCM processWorkspaceBeforeDeletion
INFO:   //source/qcom/qct/interfaces/qmi/build/plf/nikel/main/latest/... //hjenkins_qmi-MPSS.NI.2.0.0-HARV-JRUVALCA/pakman/source/qcom/qct/interfaces/qmi/build/plf/nikel/main/latest/...
Mar 25, 2012 11:02:08 PM hudson.plugins.perforce.PerforceSCM processWorkspaceBeforeDeletion
INFO:   //source/qcom/qct/interfaces/qmi/build/strip/main/latest/... //hjenkins_qmi-MPSS.NI.2.0.0-HARV-JRUVALCA/pakman/source/qcom/qct/interfaces/qmi/build/strip/main/latest/...
Mar 25, 2012 11:02:08 PM hudson.plugins.perforce.PerforceSCM processWorkspaceBeforeDeletion
INFO:   //source/qcom/qct/interfaces/qmi/build/scons/main/latest/... //hjenkins_qmi-MPSS.NI.2.0.0-HARV-JRUVALCA/pakman/source/qcom/qct/interfaces/qmi/build/scons/main/latest/...
Mar 25, 2012 11:02:08 PM hudson.plugins.perforce.PerforceSCM processWorkspaceBeforeDeletion
INFO:   //source/qcom/qct/interfaces/qmi/build/pack/main/latest/... //hjenkins_qmi-MPSS.NI.2.0.0-HARV-JRUVALCA/pakman/source/qcom/qct/interfaces/qmi/build/pack/main/latest/...
Mar 25, 2012 11:02:08 PM hudson.plugins.perforce.PerforceSCM processWorkspaceBeforeDeletion
INFO:   //source/qcom/qct/modem/arch/ci/kgb/MPSS.NI.2.0.0/... //hjenkins_qmi-MPSS.NI.2.0.0-HARV-JRUVALCA/pakman/source/qcom/qct/modem/arch/ci/kgb/MPSS.NI.2.0.0/...
Mar 25, 2012 11:02:08 PM hudson.plugins.perforce.PerforceSCM processWorkspaceBeforeDeletion
INFO:   //source/qcom/qct/modem/arch/ci/share/lib/qmi/MPSS.NI.2.0.0/... //hjenkins_qmi-MPSS.NI.2.0.0-HARV-JRUVALCA/top/...
Mar 25, 2012 11:02:08 PM hudson.plugins.perforce.PerforceSCM processWorkspaceBeforeDeletion
INFO: Changing P4 Client View to: 
Mar 25, 2012 11:02:08 PM hudson.plugins.perforce.PerforceSCM processWorkspaceBeforeDeletion
INFO: 	//commercial/... //hjenkins_qmi-MPSS.NI.2.0.0-HARV-JRUVALCA/commercial/...
Mar 25, 2012 11:02:08 PM hudson.plugins.perforce.PerforceSCM processWorkspaceBeforeDeletion
INFO: 	//deploy/... //hjenkins_qmi-MPSS.NI.2.0.0-HARV-JRUVALCA/deploy/...
Mar 25, 2012 11:02:08 PM hudson.plugins.perforce.PerforceSCM processWorkspaceBeforeDeletion
INFO: 	//depot/... //hjenkins_qmi-MPSS.NI.2.0.0-HARV-JRUVALCA/depot/...
Mar 25, 2012 11:02:08 PM hudson.plugins.perforce.PerforceSCM processWorkspaceBeforeDeletion
INFO: 	//source/... //hjenkins_qmi-MPSS.NI.2.0.0-HARV-JRUVALCA/source/...
Mar 25, 2012 11:02:08 PM hudson.plugins.perforce.PerforceSCM processWorkspaceBeforeDeletion
INFO: //thirdparty/... //hjenkins_qmi-MPSS.NI.2.0.0-HARV-JRUVALCA/thirdparty/...
Mar 25, 2012 11:02:08 PM hudson.plugins.perforce.PerforceSCM processWorkspaceBeforeDeletion
INFO: Changing P4 Client View from:
Mar 25, 2012 11:02:08 PM hudson.plugins.perforce.PerforceSCM processWorkspaceBeforeDeletion
INFO: Changing P4 Client Root to: D:/hjenkins/workspace/qmi-MPSS.NI.2.0.0
Mar 25, 2012 11:02:07 PM hudson.plugins.perforce.PerforceSCM processWorkspaceBeforeDeletion
INFO: [qmi-MPSS.NI.2.0.0] $ p4 workspace -o hjenkins_qmi-MPSS.NI.2.0.0-HARV-JRUVALCA
Mar 25, 2012 11:02:07 PM hudson.plugins.perforce.PerforceSCM processWorkspaceBeforeDeletion
INFO: Using remote perforce client: hjenkins_qmi-MPSS.NI.2.0.0-HARV-JRUVALCA
Mar 25, 2012 11:02:07 PM hudson.plugins.perforce.PerforceSCM processWorkspaceBeforeDeletion
INFO: Workspace is being deleted; enabling one-time force sync.
Mar 25, 2012 11:00:11 PM hudson.plugins.perforce.PerforceSCM processWorkspaceBeforeDeletion
INFO: [rfa_pmic-MPSS.NI.2.0.0] $ p4 sync -k //hjenkins_rfa_pmic-MPSS.NI.2.0.0-HARV-MHUH2/...#0
Mar 25, 2012 11:00:11 PM hudson.plugins.perforce.PerforceSCM processWorkspaceBeforeDeletion
INFO: [rfa_pmic-MPSS.NI.2.0.0] $ p4 -s client -i
Mar 25, 2012 11:00:11 PM hudson.plugins.perforce.PerforceSCM processWorkspaceBeforeDeletion
INFO: Saving new client hjenkins_rfa_pmic-MPSS.NI.2.0.0-HARV-MHUH2
Mar 25, 2012 11:00:11 PM hudson.plugins.perforce.PerforceSCM processWorkspaceBeforeDeletion
INFO:   //source/qcom/qct/modem/rfa2/pmic/target/msm8960_pm8921_waverider/build/cust/v2_0/main/latest/protected/... //hjenkins_rfa_pmic-MPSS.NI.2.0.0-HARV-MHUH2/pakman/source/qcom/qct/modem/rfa2/pmic/target/msm8960_pm8921_waverider/build/cust/v2_0/main/latest/protected/...
Mar 25, 2012 11:00:11 PM hudson.plugins.perforce.PerforceSCM processWorkspaceBeforeDeletion
INFO:   //source/qcom/qct/modem/rfa2/pmic/target/msm8960_pm8921_waverider/modemproc/system/v2_0/main/latest/... //hjenkins_rfa_pmic-MPSS.NI.2.0.0-HARV-MHUH2/pakman/source/qcom/qct/modem/rfa2/pmic/target/msm8960_pm8921_waverider/modemproc/system/v2_0/main/latest/...
Mar 25, 2012 11:00:11 PM hudson.plugins.perforce.PerforceSCM processWorkspaceBeforeDeletion
INFO:   //source/qcom/qct/modem/rfa2/pmic/target/msm8960_pm8921_waverider/modemproc/build/v2_0/main/latest/... //hjenkins_rfa_pmic-MPSS.NI.2.0.0-HARV-MHUH2/pakman/source/qcom/qct/modem/rfa2/pmic/target/msm8960_pm8921_waverider/modemproc/build/v2_0/main/latest/...
Mar 25, 2012 11:00:11 PM hudson.plugins.perforce.PerforceSCM processWorkspaceBeforeDeletion
INFO:   //source/qcom/qct/modem/rfa2/pmic/target/msm8960_pm8921_waverider/modemproc/gen/v2_0/main/latest/... //hjenkins_rfa_pmic-MPSS.NI.2.0.0-HARV-MHUH2/pakman/source/qcom/qct/modem/rfa2/pmic/target/msm8960_pm8921_waverider/modemproc/gen/v2_0/main/latest/...
Mar 25, 2012 11:00:11 PM hudson.plugins.perforce.PerforceSCM processWorkspaceBeforeDeletion
INFO:   //source/qcom/qct/modem/rfa2/pmic/target/msm8960_pm8921_waverider/common/system/v2_0/main/latest/... //hjenkins_rfa_pmic-MPSS.NI.2.0.0-HARV-MHUH2/pakman/source/qcom/qct/modem/rfa2/pmic/target/msm8960_pm8921_waverider/common/system/v2_0/main/latest/...
Mar 25, 2012 11:00:11 PM hudson.plugins.perforce.PerforceSCM processWorkspaceBeforeDeletion
INFO:   //source/qcom/qct/modem/rfa2/pmic/target/msm8960_pm8921_waverider/modemproc/npa/v2_0/main/latest/... //hjenkins_rfa_pmic-MPSS.NI.2.0.0-HARV-MHUH2/pakman/source/qcom/qct/modem/rfa2/pmic/target/msm8960_pm8921_waverider/modemproc/npa/v2_0/main/latest/...
Mar 25, 2012 11:00:11 PM hudson.plugins.perforce.PerforceSCM processWorkspaceBeforeDeletion
INFO:   //source/qcom/qct/modem/rfa2/pmic/drivers/v2_0/linear/vreg_v2_linear_alg_interfaces/main/latest/... //hjenkins_rfa_pmic-MPSS.NI.2.0.0-HARV-MHUH2/pakman/source/qcom/qct/modem/rfa2/pmic/drivers/v2_0/linear/vreg_v2_linear_alg_interfaces/main/latest/...
Mar 25, 2012 11:00:11 PM hudson.plugins.perforce.PerforceSCM processWorkspaceBeforeDeletion
INFO:   //source/qcom/qct/modem/rfa2/pmic/target/msm8960_pm8921_waverider/common/build/v2_0/main/latest/... //hjenkins_rfa_pmic-MPSS.NI.2.0.0-HARV-MHUH2/pakman/source/qcom/qct/modem/rfa2/pmic/target/msm8960_pm8921_waverider/common/build/v2_0/main/latest/...
Mar 25, 2012 11:00:11 PM hudson.plugins.perforce.PerforceSCM processWorkspaceBeforeDeletion
INFO:   //source/qcom/qct/modem/rfa2/pmic/target/msm8960_pm8921_waverider/common/npa/v2_0/main/latest/... //hjenkins_rfa_pmic-MPSS.NI.2.0.0-HARV-MHUH2/pakman/source/qcom/qct/modem/rfa2/pmic/target/msm8960_pm8921_waverider/common/npa/v2_0/main/latest/...
Mar 25, 2012 11:00:11 PM hudson.plugins.perforce.PerforceSCM processWorkspaceBeforeDeletion
INFO:   //source/qcom/qct/modem/rfa2/pmic/drivers/v2_0/buck/vreg_v2_buck_alg_interfaces/main/latest/... //hjenkins_rfa_pmic-MPSS.NI.2.0.0-HARV-MHUH2/pakman/source/qcom/qct/modem/rfa2/pmic/drivers/v2_0/buck/vreg_v2_buck_alg_interfaces/main/latest/...
Mar 25, 2012 11:00:11 PM hudson.plugins.perforce.PerforceSCM processWorkspaceBeforeDeletion
INFO:   //source/qcom/qct/modem/rfa2/pmic/drivers/v2_0/linear/pwr_linear_alg_interfaces/main/latest/... //hjenkins_rfa_pmic-MPSS.NI.2.0.0-HARV-MHUH2/pakman/source/qcom/qct/modem/rfa2/pmic/drivers/v2_0/linear/pwr_linear_alg_interfaces/main/latest/...
Mar 25, 2012 11:00:11 PM hudson.plugins.perforce.PerforceSCM processWorkspaceBeforeDeletion
INFO:   //source/qcom/qct/modem/rfa2/pmic/target/msm8960_pm8921_waverider/build/v2_0/main/latest/... //hjenkins_rfa_pmic-MPSS.NI.2.0.0-HARV-MHUH2/pakman/source/qcom/qct/modem/rfa2/pmic/target/msm8960_pm8921_waverider/build/v2_0/main/latest/...
Mar 25, 2012 11:00:11 PM hudson.plugins.perforce.PerforceSCM processWorkspaceBeforeDeletion
INFO:   //source/qcom/qct/modem/rfa2/pmic/drivers/v2_0/linear/vreg_v2_linear_alg_v1/main/latest/... //hjenkins_rfa_pmic-MPSS.NI.2.0.0-HARV-MHUH2/pakman/source/qcom/qct/modem/rfa2/pmic/drivers/v2_0/linear/vreg_v2_linear_alg_v1/main/latest/...
Mar 25, 2012 11:00:11 PM hudson.plugins.perforce.PerforceSCM processWorkspaceBeforeDeletion
INFO:   //source/qcom/qct/modem/rfa2/pmic/drivers/v2_0/buck/pwr_buck_alg_interfaces/main/latest/... //hjenkins_rfa_pmic-MPSS.NI.2.0.0-HARV-MHUH2/pakman/source/qcom/qct/modem/rfa2/pmic/drivers/v2_0/buck/pwr_buck_alg_interfaces/main/latest/...
Mar 25, 2012 11:00:11 PM hudson.plugins.perforce.PerforceSCM processWorkspaceBeforeDeletion
INFO:   //source/qcom/qct/modem/rfa2/pmic/drivers/v2_0/linear/vreg_v2_linear_alg_v2/main/latest/... //hjenkins_rfa_pmic-MPSS.NI.2.0.0-HARV-MHUH2/pakman/source/qcom/qct/modem/rfa2/pmic/drivers/v2_0/linear/vreg_v2_linear_alg_v2/main/latest/...
Mar 25, 2012 11:00:11 PM hudson.plugins.perforce.PerforceSCM processWorkspaceBeforeDeletion
INFO:   //source/qcom/qct/modem/rfa2/pmic/drivers/v2_0/pwr/vreg_v2_alg_interfaces/main/latest/... //hjenkins_rfa_pmic-MPSS.NI.2.0.0-HARV-MHUH2/pakman/source/qcom/qct/modem/rfa2/pmic/drivers/v2_0/pwr/vreg_v2_alg_interfaces/main/latest/...
Mar 25, 2012 11:00:11 PM hudson.plugins.perforce.PerforceSCM processWorkspaceBeforeDeletion
INFO:   //source/qcom/qct/modem/rfa2/pmic/drivers/v2_0/buck/vreg_v2_buck_alg_v1/main/latest/... //hjenkins_rfa_pmic-MPSS.NI.2.0.0-HARV-MHUH2/pakman/source/qcom/qct/modem/rfa2/pmic/drivers/v2_0/buck/vreg_v2_buck_alg_v1/main/latest/...
Mar 25, 2012 11:00:11 PM hudson.plugins.perforce.PerforceSCM processWorkspaceBeforeDeletion
INFO:   //source/qcom/qct/modem/rfa2/pmic/drivers/v2_0/buck/vreg_v2_buck_alg_v2/main/latest/... //hjenkins_rfa_pmic-MPSS.NI.2.0.0-HARV-MHUH2/pakman/source/qcom/qct/modem/rfa2/pmic/drivers/v2_0/buck/vreg_v2_buck_alg_v2/main/latest/...
Mar 25, 2012 11:00:11 PM hudson.plugins.perforce.PerforceSCM processWorkspaceBeforeDeletion
INFO:   //source/qcom/qct/modem/rfa2/pmic/drivers/v2_0/linear/pwr_linear_alg_v1/main/latest/... //hjenkins_rfa_pmic-MPSS.NI.2.0.0-HARV-MHUH2/pakman/source/qcom/qct/modem/rfa2/pmic/drivers/v2_0/linear/pwr_linear_alg_v1/main/latest/...
Mar 25, 2012 11:00:11 PM hudson.plugins.perforce.PerforceSCM processWorkspaceBeforeDeletion
INFO:   //source/qcom/qct/modem/rfa2/pmic/drivers/v2_0/interrupt/interrupt_v1/main/latest/... //hjenkins_rfa_pmic-MPSS.NI.2.0.0-HARV-MHUH2/pakman/source/qcom/qct/modem/rfa2/pmic/drivers/v2_0/interrupt/interrupt_v1/main/latest/...
Mar 25, 2012 11:00:11 PM hudson.plugins.perforce.PerforceSCM processWorkspaceBeforeDeletion
INFO:   //source/qcom/qct/modem/rfa2/pmic/drivers/v2_0/pwr/pwr_alg_interfaces/main/latest/... //hjenkins_rfa_pmic-MPSS.NI.2.0.0-HARV-MHUH2/pakman/source/qcom/qct/modem/rfa2/pmic/drivers/v2_0/pwr/pwr_alg_interfaces/main/latest/...
Mar 25, 2012 11:00:11 PM hudson.plugins.perforce.PerforceSCM processWorkspaceBeforeDeletion
INFO:   //source/qcom/qct/modem/rfa2/pmic/application/pmic_event/common/v2_0/main/latest/... //hjenkins_rfa_pmic-MPSS.NI.2.0.0-HARV-MHUH2/pakman/source/qcom/qct/modem/rfa2/pmic/application/pmic_event/common/v2_0/main/latest/...
Mar 25, 2012 11:00:11 PM hudson.plugins.perforce.PerforceSCM processWorkspaceBeforeDeletion
INFO:   //source/qcom/qct/modem/rfa2/pmic/drivers/v2_0/buck/pwr_buck_alg_v1/main/latest/... //hjenkins_rfa_pmic-MPSS.NI.2.0.0-HARV-MHUH2/pakman/source/qcom/qct/modem/rfa2/pmic/drivers/v2_0/buck/pwr_buck_alg_v1/main/latest/...
Mar 25, 2012 11:00:11 PM hudson.plugins.perforce.PerforceSCM processWorkspaceBeforeDeletion
INFO:   //source/qcom/qct/modem/rfa2/pmic/application/pmic_event/build/v2_0/main/latest/... //hjenkins_rfa_pmic-MPSS.NI.2.0.0-HARV-MHUH2/pakman/source/qcom/qct/modem/rfa2/pmic/application/pmic_event/build/v2_0/main/latest/...
Mar 25, 2012 11:00:11 PM hudson.plugins.perforce.PerforceSCM processWorkspaceBeforeDeletion
INFO:   //source/qcom/qct/modem/rfa2/pmic/drivers/v2_0/buck/pwr_buck_alg_v2/main/latest/... //hjenkins_rfa_pmic-MPSS.NI.2.0.0-HARV-MHUH2/pakman/source/qcom/qct/modem/rfa2/pmic/drivers/v2_0/buck/pwr_buck_alg_v2/main/latest/...
Mar 25, 2012 11:00:11 PM hudson.plugins.perforce.PerforceSCM processWorkspaceBeforeDeletion
INFO:   //source/qcom/qct/modem/rfa2/pmic/application/hsdkypd/common/v2_0/main/latest/... //hjenkins_rfa_pmic-MPSS.NI.2.0.0-HARV-MHUH2/pakman/source/qcom/qct/modem/rfa2/pmic/application/hsdkypd/common/v2_0/main/latest/...
Mar 25, 2012 11:00:11 PM hudson.plugins.perforce.PerforceSCM processWorkspaceBeforeDeletion
INFO:   //source/qcom/qct/modem/rfa2/pmic/drivers/v2_0/pwr/vreg_v2_alg_v3/main/latest/... //hjenkins_rfa_pmic-MPSS.NI.2.0.0-HARV-MHUH2/pakman/source/qcom/qct/modem/rfa2/pmic/drivers/v2_0/pwr/vreg_v2_alg_v3/main/latest/...
Mar 25, 2012 11:00:11 PM hudson.plugins.perforce.PerforceSCM processWorkspaceBeforeDeletion
INFO:   //source/qcom/qct/modem/rfa2/pmic/drivers/v2_0/pwr/vreg_v2_alg_v4/main/latest/... //hjenkins_rfa_pmic-MPSS.NI.2.0.0-HARV-MHUH2/pakman/source/qcom/qct/modem/rfa2/pmic/drivers/v2_0/pwr/vreg_v2_alg_v4/main/latest/...
Mar 25, 2012 11:00:11 PM hudson.plugins.perforce.PerforceSCM processWorkspaceBeforeDeletion
INFO:   //source/qcom/qct/modem/rfa2/pmic/drivers/v2_0/coinchg/coinchg_v1/main/latest/... //hjenkins_rfa_pmic-MPSS.NI.2.0.0-HARV-MHUH2/pakman/source/qcom/qct/modem/rfa2/pmic/drivers/v2_0/coinchg/coinchg_v1/main/latest/...
Mar 25, 2012 11:00:11 PM hudson.plugins.perforce.PerforceSCM processWorkspaceBeforeDeletion
INFO:   //source/qcom/qct/modem/rfa2/pmic/application/charger/common/v2_0/main/latest/... //hjenkins_rfa_pmic-MPSS.NI.2.0.0-HARV-MHUH2/pakman/source/qcom/qct/modem/rfa2/pmic/application/charger/common/v2_0/main/latest/...
Mar 25, 2012 11:00:11 PM hudson.plugins.perforce.PerforceSCM processWorkspaceBeforeDeletion
INFO:   //source/qcom/qct/modem/rfa2/pmic/drivers/v2_0/pwr/vreg_v2_alg_v2/main/latest/... //hjenkins_rfa_pmic-MPSS.NI.2.0.0-HARV-MHUH2/pakman/source/qcom/qct/modem/rfa2/pmic/drivers/v2_0/pwr/vreg_v2_alg_v2/main/latest/...
Mar 25, 2012 11:00:11 PM hudson.plugins.perforce.PerforceSCM processWorkspaceBeforeDeletion
INFO:   //source/qcom/qct/modem/rfa2/pmic/drivers/v2_0/pwr/vreg_v2_alg_v1/main/latest/... //hjenkins_rfa_pmic-MPSS.NI.2.0.0-HARV-MHUH2/pakman/source/qcom/qct/modem/rfa2/pmic/drivers/v2_0/pwr/vreg_v2_alg_v1/main/latest/...
Mar 25, 2012 11:00:11 PM hudson.plugins.perforce.PerforceSCM processWorkspaceBeforeDeletion
INFO:   //source/qcom/qct/modem/rfa2/pmic/application/hsdkypd/build/v2_0/main/latest/... //hjenkins_rfa_pmic-MPSS.NI.2.0.0-HARV-MHUH2/pakman/source/qcom/qct/modem/rfa2/pmic/application/hsdkypd/build/v2_0/main/latest/...
Mar 25, 2012 11:00:11 PM hudson.plugins.perforce.PerforceSCM processWorkspaceBeforeDeletion
INFO:   //source/qcom/qct/modem/rfa2/pmic/application/charger/build/v2_0/main/latest/... //hjenkins_rfa_pmic-MPSS.NI.2.0.0-HARV-MHUH2/pakman/source/qcom/qct/modem/rfa2/pmic/application/charger/build/v2_0/main/latest/...
Mar 25, 2012 11:00:11 PM hudson.plugins.perforce.PerforceSCM processWorkspaceBeforeDeletion
INFO:   //source/qcom/qct/modem/rfa2/pmic/application/charger/pmic4/v2_0/main/latest/... //hjenkins_rfa_pmic-MPSS.NI.2.0.0-HARV-MHUH2/pakman/source/qcom/qct/modem/rfa2/pmic/application/charger/pmic4/v2_0/main/latest/...
Mar 25, 2012 11:00:11 PM hudson.plugins.perforce.PerforceSCM processWorkspaceBeforeDeletion
INFO:   //source/qcom/qct/modem/rfa2/pmic/application/pwrkey/common/v2_0/main/latest/... //hjenkins_rfa_pmic-MPSS.NI.2.0.0-HARV-MHUH2/pakman/source/qcom/qct/modem/rfa2/pmic/application/pwrkey/common/v2_0/main/latest/...
Mar 25, 2012 11:00:11 PM hudson.plugins.perforce.PerforceSCM processWorkspaceBeforeDeletion
INFO:   //source/qcom/qct/modem/rfa2/pmic/application/client/common/v2_0/main/latest/... //hjenkins_rfa_pmic-MPSS.NI.2.0.0-HARV-MHUH2/pakman/source/qcom/qct/modem/rfa2/pmic/application/client/common/v2_0/main/latest/...
Mar 25, 2012 11:00:11 PM hudson.plugins.perforce.PerforceSCM processWorkspaceBeforeDeletion
INFO:   //source/qcom/qct/modem/rfa2/pmic/application/client/build/v2_0/main/latest/... //hjenkins_rfa_pmic-MPSS.NI.2.0.0-HARV-MHUH2/pakman/source/qcom/qct/modem/rfa2/pmic/application/client/build/v2_0/main/latest/...
Mar 25, 2012 11:00:11 PM hudson.plugins.perforce.PerforceSCM processWorkspaceBeforeDeletion
INFO:   //source/qcom/qct/modem/rfa2/pmic/drivers/v2_0/keypad/keypad_v1/main/latest/... //hjenkins_rfa_pmic-MPSS.NI.2.0.0-HARV-MHUH2/pakman/source/qcom/qct/modem/rfa2/pmic/drivers/v2_0/keypad/keypad_v1/main/latest/...
Mar 25, 2012 11:00:11 PM hudson.plugins.perforce.PerforceSCM processWorkspaceBeforeDeletion
INFO:   //source/qcom/qct/modem/rfa2/pmic/application/vbatt/common/v2_0/main/latest/... //hjenkins_rfa_pmic-MPSS.NI.2.0.0-HARV-MHUH2/pakman/source/qcom/qct/modem/rfa2/pmic/application/vbatt/common/v2_0/main/latest/...
Mar 25, 2012 11:00:11 PM hudson.plugins.perforce.PerforceSCM processWorkspaceBeforeDeletion
INFO:   //source/qcom/qct/modem/rfa2/pmic/application/pwrkey/build/v2_0/main/latest/... //hjenkins_rfa_pmic-MPSS.NI.2.0.0-HARV-MHUH2/pakman/source/qcom/qct/modem/rfa2/pmic/application/pwrkey/build/v2_0/main/latest/...
Mar 25, 2012 11:00:11 PM hudson.plugins.perforce.PerforceSCM processWorkspaceBeforeDeletion
INFO:   //source/qcom/qct/modem/rfa2/pmic/application/vbatt/build/v2_0/main/latest/... //hjenkins_rfa_pmic-MPSS.NI.2.0.0-HARV-MHUH2/pakman/source/qcom/qct/modem/rfa2/pmic/application/vbatt/build/v2_0/main/latest/...
Mar 25, 2012 11:00:11 PM hudson.plugins.perforce.PerforceSCM processWorkspaceBeforeDeletion
INFO:   //source/qcom/qct/modem/rfa2/pmic/application/uicc/common/v2_0/main/latest/... //hjenkins_rfa_pmic-MPSS.NI.2.0.0-HARV-MHUH2/pakman/source/qcom/qct/modem/rfa2/pmic/application/uicc/common/v2_0/main/latest/...
Mar 25, 2012 11:00:11 PM hudson.plugins.perforce.PerforceSCM processWorkspaceBeforeDeletion
INFO:   //source/qcom/qct/modem/rfa2/pmic/application/hsed/common/v2_0/main/latest/... //hjenkins_rfa_pmic-MPSS.NI.2.0.0-HARV-MHUH2/pakman/source/qcom/qct/modem/rfa2/pmic/application/hsed/common/v2_0/main/latest/...
Mar 25, 2012 11:00:11 PM hudson.plugins.perforce.PerforceSCM processWorkspaceBeforeDeletion
INFO:   //source/qcom/qct/modem/rfa2/pmic/application/vreg/common/v2_0/main/latest/... //hjenkins_rfa_pmic-MPSS.NI.2.0.0-HARV-MHUH2/pakman/source/qcom/qct/modem/rfa2/pmic/application/vreg/common/v2_0/main/latest/...
Mar 25, 2012 11:00:11 PM hudson.plugins.perforce.PerforceSCM processWorkspaceBeforeDeletion
INFO:   //source/qcom/qct/modem/rfa2/pmic/drivers/v2_0/interrupt/build/main/latest/... //hjenkins_rfa_pmic-MPSS.NI.2.0.0-HARV-MHUH2/pakman/source/qcom/qct/modem/rfa2/pmic/drivers/v2_0/interrupt/build/main/latest/...
Mar 25, 2012 11:00:11 PM hudson.plugins.perforce.PerforceSCM processWorkspaceBeforeDeletion
INFO:   //source/qcom/qct/modem/rfa2/pmic/application/ftm/common/v2_0/main/latest/... //hjenkins_rfa_pmic-MPSS.NI.2.0.0-HARV-MHUH2/pakman/source/qcom/qct/modem/rfa2/pmic/application/ftm/common/v2_0/main/latest/...
Mar 25, 2012 11:00:11 PM hudson.plugins.perforce.PerforceSCM processWorkspaceBeforeDeletion
INFO:   //source/qcom/qct/modem/rfa2/pmic/drivers/v2_0/pwron/pwron_v1/main/latest/... //hjenkins_rfa_pmic-MPSS.NI.2.0.0-HARV-MHUH2/pakman/source/qcom/qct/modem/rfa2/pmic/drivers/v2_0/pwron/pwron_v1/main/latest/...
Mar 25, 2012 11:00:11 PM hudson.plugins.perforce.PerforceSCM processWorkspaceBeforeDeletion
INFO:   //source/qcom/qct/modem/rfa2/pmic/application/vreg/build/v2_0/main/latest/... //hjenkins_rfa_pmic-MPSS.NI.2.0.0-HARV-MHUH2/pakman/source/qcom/qct/modem/rfa2/pmic/application/vreg/build/v2_0/main/latest/...
Mar 25, 2012 11:00:11 PM hudson.plugins.perforce.PerforceSCM processWorkspaceBeforeDeletion
INFO:   //source/qcom/qct/modem/rfa2/pmic/drivers/v2_0/pwr/pwr_alg_v2/main/latest/... //hjenkins_rfa_pmic-MPSS.NI.2.0.0-HARV-MHUH2/pakman/source/qcom/qct/modem/rfa2/pmic/drivers/v2_0/pwr/pwr_alg_v2/main/latest/...
Mar 25, 2012 11:00:11 PM hudson.plugins.perforce.PerforceSCM processWorkspaceBeforeDeletion
INFO:   //source/qcom/qct/modem/rfa2/pmic/drivers/v2_0/pwr/pwr_alg_v4/main/latest/... //hjenkins_rfa_pmic-MPSS.NI.2.0.0-HARV-MHUH2/pakman/source/qcom/qct/modem/rfa2/pmic/drivers/v2_0/pwr/pwr_alg_v4/main/latest/...
Mar 25, 2012 11:00:11 PM hudson.plugins.perforce.PerforceSCM processWorkspaceBeforeDeletion
INFO:   //source/qcom/qct/modem/rfa2/pmic/drivers/v2_0/vbatt/vbatt_v1/main/latest/... //hjenkins_rfa_pmic-MPSS.NI.2.0.0-HARV-MHUH2/pakman/source/qcom/qct/modem/rfa2/pmic/drivers/v2_0/vbatt/vbatt_v1/main/latest/...
Mar 25, 2012 11:00:11 PM hudson.plugins.perforce.PerforceSCM processWorkspaceBeforeDeletion
INFO:   //source/qcom/qct/modem/rfa2/pmic/application/uicc/build/v2_0/main/latest/... //hjenkins_rfa_pmic-MPSS.NI.2.0.0-HARV-MHUH2/pakman/source/qcom/qct/modem/rfa2/pmic/application/uicc/build/v2_0/main/latest/...
Mar 25, 2012 11:00:11 PM hudson.plugins.perforce.PerforceSCM processWorkspaceBeforeDeletion
INFO:   //source/qcom/qct/modem/rfa2/pmic/application/rtc/common/v2_0/main/latest/... //hjenkins_rfa_pmic-MPSS.NI.2.0.0-HARV-MHUH2/pakman/source/qcom/qct/modem/rfa2/pmic/application/rtc/common/v2_0/main/latest/...
Mar 25, 2012 11:00:11 PM hudson.plugins.perforce.PerforceSCM processWorkspaceBeforeDeletion
INFO:   //source/qcom/qct/modem/rfa2/pmic/drivers/v2_0/pwr/pwr_alg_v3/main/latest/... //hjenkins_rfa_pmic-MPSS.NI.2.0.0-HARV-MHUH2/pakman/source/qcom/qct/modem/rfa2/pmic/drivers/v2_0/pwr/pwr_alg_v3/main/latest/...
Mar 25, 2012 11:00:11 PM hudson.plugins.perforce.PerforceSCM processWorkspaceBeforeDeletion
INFO:   //source/qcom/qct/modem/rfa2/pmic/drivers/v2_0/pwr/pwr_alg_v1/main/latest/... //hjenkins_rfa_pmic-MPSS.NI.2.0.0-HARV-MHUH2/pakman/source/qcom/qct/modem/rfa2/pmic/drivers/v2_0/pwr/pwr_alg_v1/main/latest/...
Mar 25, 2012 11:00:11 PM hudson.plugins.perforce.PerforceSCM processWorkspaceBeforeDeletion
INFO:   //source/qcom/qct/modem/rfa2/pmic/application/clk/common/v2_0/main/latest/... //hjenkins_rfa_pmic-MPSS.NI.2.0.0-HARV-MHUH2/pakman/source/qcom/qct/modem/rfa2/pmic/application/clk/common/v2_0/main/latest/...
Mar 25, 2012 11:00:11 PM hudson.plugins.perforce.PerforceSCM processWorkspaceBeforeDeletion
INFO:   //source/qcom/qct/modem/rfa2/pmic/application/hsed/build/v2_0/main/latest/... //hjenkins_rfa_pmic-MPSS.NI.2.0.0-HARV-MHUH2/pakman/source/qcom/qct/modem/rfa2/pmic/application/hsed/build/v2_0/main/latest/...
Mar 25, 2012 11:00:11 PM hudson.plugins.perforce.PerforceSCM processWorkspaceBeforeDeletion
INFO:   //source/qcom/qct/modem/rfa2/pmic/drivers/v2_0/pwr/pwr_alg_v5/main/latest/... //hjenkins_rfa_pmic-MPSS.NI.2.0.0-HARV-MHUH2/pakman/source/qcom/qct/modem/rfa2/pmic/drivers/v2_0/pwr/pwr_alg_v5/main/latest/...
Mar 25, 2012 11:00:11 PM hudson.plugins.perforce.PerforceSCM processWorkspaceBeforeDeletion
INFO:   //source/qcom/qct/modem/rfa2/pmic/drivers/v2_0/interrupt/base/main/latest/... //hjenkins_rfa_pmic-MPSS.NI.2.0.0-HARV-MHUH2/pakman/source/qcom/qct/modem/rfa2/pmic/drivers/v2_0/interrupt/base/main/latest/...
Mar 25, 2012 11:00:11 PM hudson.plugins.perforce.PerforceSCM processWorkspaceBeforeDeletion
INFO:   //source/qcom/qct/modem/rfa2/pmic/application/bms/common/v2_0/main/latest/... //hjenkins_rfa_pmic-MPSS.NI.2.0.0-HARV-MHUH2/pakman/source/qcom/qct/modem/rfa2/pmic/application/bms/common/v2_0/main/latest/...
Mar 25, 2012 11:00:11 PM hudson.plugins.perforce.PerforceSCM processWorkspaceBeforeDeletion
INFO:   //source/qcom/qct/modem/rfa2/pmic/drivers/v2_0/flash/flash_v1/main/latest/... //hjenkins_rfa_pmic-MPSS.NI.2.0.0-HARV-MHUH2/pakman/source/qcom/qct/modem/rfa2/pmic/drivers/v2_0/flash/flash_v1/main/latest/...
Mar 25, 2012 11:00:11 PM hudson.plugins.perforce.PerforceSCM processWorkspaceBeforeDeletion
INFO:   //source/qcom/qct/modem/rfa2/pmic/application/clk/build/v2_0/main/latest/... //hjenkins_rfa_pmic-MPSS.NI.2.0.0-HARV-MHUH2/pakman/source/qcom/qct/modem/rfa2/pmic/application/clk/build/v2_0/main/latest/...
Mar 25, 2012 11:00:11 PM hudson.plugins.perforce.PerforceSCM processWorkspaceBeforeDeletion
INFO:   //source/qcom/qct/modem/rfa2/pmic/application/rtc/build/v2_0/main/latest/... //hjenkins_rfa_pmic-MPSS.NI.2.0.0-HARV-MHUH2/pakman/source/qcom/qct/modem/rfa2/pmic/application/rtc/build/v2_0/main/latest/...
Mar 25, 2012 11:00:11 PM hudson.plugins.perforce.PerforceSCM processWorkspaceBeforeDeletion
INFO:   //source/qcom/qct/modem/rfa2/pmic/application/ftm/build/v2_0/main/latest/... //hjenkins_rfa_pmic-MPSS.NI.2.0.0-HARV-MHUH2/pakman/source/qcom/qct/modem/rfa2/pmic/application/ftm/build/v2_0/main/latest/...
Mar 25, 2012 11:00:11 PM hudson.plugins.perforce.PerforceSCM processWorkspaceBeforeDeletion
INFO:   //source/qcom/qct/modem/rfa2/pmic/application/bms/build/v2_0/main/latest/... //hjenkins_rfa_pmic-MPSS.NI.2.0.0-HARV-MHUH2/pakman/source/qcom/qct/modem/rfa2/pmic/application/bms/build/v2_0/main/latest/...
Mar 25, 2012 11:00:11 PM hudson.plugins.perforce.PerforceSCM processWorkspaceBeforeDeletion
INFO:   //source/qcom/qct/modem/rfa2/pmic/drivers/v2_0/coinchg/build/main/latest/... //hjenkins_rfa_pmic-MPSS.NI.2.0.0-HARV-MHUH2/pakman/source/qcom/qct/modem/rfa2/pmic/drivers/v2_0/coinchg/build/main/latest/...
Mar 25, 2012 11:00:11 PM hudson.plugins.perforce.PerforceSCM processWorkspaceBeforeDeletion
INFO:   //source/qcom/qct/modem/rfa2/pmic/drivers/v2_0/gpio/gpio_v1/main/latest/... //hjenkins_rfa_pmic-MPSS.NI.2.0.0-HARV-MHUH2/pakman/source/qcom/qct/modem/rfa2/pmic/drivers/v2_0/gpio/gpio_v1/main/latest/...
Mar 25, 2012 11:00:11 PM hudson.plugins.perforce.PerforceSCM processWorkspaceBeforeDeletion
INFO:   //source/qcom/qct/modem/rfa2/pmic/drivers/v2_0/coinchg/base/main/latest/... //hjenkins_rfa_pmic-MPSS.NI.2.0.0-HARV-MHUH2/pakman/source/qcom/qct/modem/rfa2/pmic/drivers/v2_0/coinchg/base/main/latest/...
Mar 25, 2012 11:00:11 PM hudson.plugins.perforce.PerforceSCM processWorkspaceBeforeDeletion
INFO:   //source/qcom/qct/modem/rfa2/pmic/drivers/v2_0/misc/misc_v1/main/latest/... //hjenkins_rfa_pmic-MPSS.NI.2.0.0-HARV-MHUH2/pakman/source/qcom/qct/modem/rfa2/pmic/drivers/v2_0/misc/misc_v1/main/latest/...
Mar 25, 2012 11:00:11 PM hudson.plugins.perforce.PerforceSCM processWorkspaceBeforeDeletion
INFO:   //source/qcom/qct/modem/rfa2/pmic/drivers/v2_0/keypad/build/main/latest/... //hjenkins_rfa_pmic-MPSS.NI.2.0.0-HARV-MHUH2/pakman/source/qcom/qct/modem/rfa2/pmic/drivers/v2_0/keypad/build/main/latest/...
Mar 25, 2012 11:00:11 PM hudson.plugins.perforce.PerforceSCM processWorkspaceBeforeDeletion
INFO:   //source/qcom/qct/modem/rfa2/pmic/drivers/v2_0/spkr/spkr_v1/main/latest/... //hjenkins_rfa_pmic-MPSS.NI.2.0.0-HARV-MHUH2/pakman/source/qcom/qct/modem/rfa2/pmic/drivers/v2_0/spkr/spkr_v1/main/latest/...
Mar 25, 2012 11:00:11 PM hudson.plugins.perforce.PerforceSCM processWorkspaceBeforeDeletion
INFO:   //source/qcom/qct/modem/rfa2/pmic/drivers/v2_0/amux/amux_v1/main/latest/... //hjenkins_rfa_pmic-MPSS.NI.2.0.0-HARV-MHUH2/pakman/source/qcom/qct/modem/rfa2/pmic/drivers/v2_0/amux/amux_v1/main/latest/...
Mar 25, 2012 11:00:11 PM hudson.plugins.perforce.PerforceSCM processWorkspaceBeforeDeletion
INFO:   //source/qcom/qct/modem/rfa2/pmic/drivers/v2_0/hsed/hsed_v1/main/latest/... //hjenkins_rfa_pmic-MPSS.NI.2.0.0-HARV-MHUH2/pakman/source/qcom/qct/modem/rfa2/pmic/drivers/v2_0/hsed/hsed_v1/main/latest/...
Mar 25, 2012 11:00:11 PM hudson.plugins.perforce.PerforceSCM processWorkspaceBeforeDeletion
INFO:   //source/qcom/qct/modem/rfa2/pmic/drivers/v2_0/talm/talm_v1/main/latest/... //hjenkins_rfa_pmic-MPSS.NI.2.0.0-HARV-MHUH2/pakman/source/qcom/qct/modem/rfa2/pmic/drivers/v2_0/talm/talm_v1/main/latest/...
Mar 25, 2012 11:00:11 PM hudson.plugins.perforce.PerforceSCM processWorkspaceBeforeDeletion
INFO:   //source/qcom/qct/modem/rfa2/pmic/drivers/v2_0/linear/build/main/latest/... //hjenkins_rfa_pmic-MPSS.NI.2.0.0-HARV-MHUH2/pakman/source/qcom/qct/modem/rfa2/pmic/drivers/v2_0/linear/build/main/latest/...
Mar 25, 2012 11:00:11 PM hudson.plugins.perforce.PerforceSCM processWorkspaceBeforeDeletion
INFO:   //source/qcom/qct/modem/rfa2/pmic/drivers/v2_0/uvlo/uvlo_v1/main/latest/... //hjenkins_rfa_pmic-MPSS.NI.2.0.0-HARV-MHUH2/pakman/source/qcom/qct/modem/rfa2/pmic/drivers/v2_0/uvlo/uvlo_v1/main/latest/...
Mar 25, 2012 11:00:11 PM hudson.plugins.perforce.PerforceSCM processWorkspaceBeforeDeletion
INFO:   //source/qcom/qct/modem/rfa2/pmic/drivers/v2_0/smbc/smbc_v1/main/latest/... //hjenkins_rfa_pmic-MPSS.NI.2.0.0-HARV-MHUH2/pakman/source/qcom/qct/modem/rfa2/pmic/drivers/v2_0/smbc/smbc_v1/main/latest/...
Mar 25, 2012 11:00:11 PM hudson.plugins.perforce.PerforceSCM processWorkspaceBeforeDeletion
INFO:   //source/qcom/qct/modem/rfa2/pmic/drivers/v2_0/uicc/uicc_v1/main/latest/... //hjenkins_rfa_pmic-MPSS.NI.2.0.0-HARV-MHUH2/pakman/source/qcom/qct/modem/rfa2/pmic/drivers/v2_0/uicc/uicc_v1/main/latest/...
Mar 25, 2012 11:00:11 PM hudson.plugins.perforce.PerforceSCM processWorkspaceBeforeDeletion
INFO:   //source/qcom/qct/modem/rfa2/pmic/drivers/v2_0/pwron/build/main/latest/... //hjenkins_rfa_pmic-MPSS.NI.2.0.0-HARV-MHUH2/pakman/source/qcom/qct/modem/rfa2/pmic/drivers/v2_0/pwron/build/main/latest/...
Mar 25, 2012 11:00:11 PM hudson.plugins.perforce.PerforceSCM processWorkspaceBeforeDeletion
INFO:   //source/qcom/qct/modem/rfa2/pmic/drivers/v2_0/linear/base/main/latest/... //hjenkins_rfa_pmic-MPSS.NI.2.0.0-HARV-MHUH2/pakman/source/qcom/qct/modem/rfa2/pmic/drivers/v2_0/linear/base/main/latest/...
Mar 25, 2012 11:00:11 PM hudson.plugins.perforce.PerforceSCM processWorkspaceBeforeDeletion
INFO:   //source/qcom/qct/modem/rfa2/pmic/drivers/v2_0/flash/build/main/latest/... //hjenkins_rfa_pmic-MPSS.NI.2.0.0-HARV-MHUH2/pakman/source/qcom/qct/modem/rfa2/pmic/drivers/v2_0/flash/build/main/latest/...
Mar 25, 2012 11:00:11 PM hudson.plugins.perforce.PerforceSCM processWorkspaceBeforeDeletion
INFO:   //source/qcom/qct/modem/rfa2/pmic/drivers/v2_0/keypad/base/main/latest/... //hjenkins_rfa_pmic-MPSS.NI.2.0.0-HARV-MHUH2/pakman/source/qcom/qct/modem/rfa2/pmic/drivers/v2_0/keypad/base/main/latest/...
Mar 25, 2012 11:00:11 PM hudson.plugins.perforce.PerforceSCM processWorkspaceBeforeDeletion
INFO:   //source/qcom/qct/modem/rfa2/pmic/drivers/v2_0/vbatt/build/main/latest/... //hjenkins_rfa_pmic-MPSS.NI.2.0.0-HARV-MHUH2/pakman/source/qcom/qct/modem/rfa2/pmic/drivers/v2_0/vbatt/build/main/latest/...
Mar 25, 2012 11:00:11 PM hudson.plugins.perforce.PerforceSCM processWorkspaceBeforeDeletion
INFO:   //source/qcom/qct/modem/rfa2/pmic/pmic_devices/pm8921/v2_0/main/latest/... //hjenkins_rfa_pmic-MPSS.NI.2.0.0-HARV-MHUH2/pakman/source/qcom/qct/modem/rfa2/pmic/pmic_devices/pm8921/v2_0/main/latest/...
Mar 25, 2012 11:00:11 PM hudson.plugins.perforce.PerforceSCM processWorkspaceBeforeDeletion
INFO:   //source/qcom/qct/modem/rfa2/pmic/pmic_devices/common/v2_0/main/latest/... //hjenkins_rfa_pmic-MPSS.NI.2.0.0-HARV-MHUH2/pakman/source/qcom/qct/modem/rfa2/pmic/pmic_devices/common/v2_0/main/latest/...
Mar 25, 2012 11:00:11 PM hudson.plugins.perforce.PerforceSCM processWorkspaceBeforeDeletion
INFO:   //source/qcom/qct/modem/rfa2/pmic/drivers/v2_0/uicc/build/main/latest/... //hjenkins_rfa_pmic-MPSS.NI.2.0.0-HARV-MHUH2/pakman/source/qcom/qct/modem/rfa2/pmic/drivers/v2_0/uicc/build/main/latest/...
Mar 25, 2012 11:00:11 PM hudson.plugins.perforce.PerforceSCM processWorkspaceBeforeDeletion
INFO:   //source/qcom/qct/modem/rfa2/pmic/drivers/v2_0/adc/adc_v1/main/latest/... //hjenkins_rfa_pmic-MPSS.NI.2.0.0-HARV-MHUH2/pakman/source/qcom/qct/modem/rfa2/pmic/drivers/v2_0/adc/adc_v1/main/latest/...
Mar 25, 2012 11:00:11 PM hudson.plugins.perforce.PerforceSCM processWorkspaceBeforeDeletion
INFO:   //source/qcom/qct/modem/rfa2/pmic/drivers/v2_0/btm/btm_v1/main/latest/... //hjenkins_rfa_pmic-MPSS.NI.2.0.0-HARV-MHUH2/pakman/source/qcom/qct/modem/rfa2/pmic/drivers/v2_0/btm/btm_v1/main/latest/...
Mar 25, 2012 11:00:11 PM hudson.plugins.perforce.PerforceSCM processWorkspaceBeforeDeletion
INFO:   //source/qcom/qct/modem/rfa2/pmic/drivers/v2_0/lpg/lpg_v1/main/latest/... //hjenkins_rfa_pmic-MPSS.NI.2.0.0-HARV-MHUH2/pakman/source/qcom/qct/modem/rfa2/pmic/drivers/v2_0/lpg/lpg_v1/main/latest/...
Mar 25, 2012 11:00:11 PM hudson.plugins.perforce.PerforceSCM processWorkspaceBeforeDeletion
INFO:   //source/qcom/qct/modem/rfa2/pmic/drivers/v2_0/buck/build/main/latest/... //hjenkins_rfa_pmic-MPSS.NI.2.0.0-HARV-MHUH2/pakman/source/qcom/qct/modem/rfa2/pmic/drivers/v2_0/buck/build/main/latest/...
Mar 25, 2012 11:00:11 PM hudson.plugins.perforce.PerforceSCM processWorkspaceBeforeDeletion
INFO:   //source/qcom/qct/modem/rfa2/pmic/drivers/v2_0/ncp/ncp_v1/main/latest/... //hjenkins_rfa_pmic-MPSS.NI.2.0.0-HARV-MHUH2/pakman/source/qcom/qct/modem/rfa2/pmic/drivers/v2_0/ncp/ncp_v1/main/latest/...
Mar 25, 2012 11:00:11 PM hudson.plugins.perforce.PerforceSCM processWorkspaceBeforeDeletion
INFO:   //source/qcom/qct/modem/rfa2/pmic/drivers/v2_0/clk/clk_v1/main/latest/... //hjenkins_rfa_pmic-MPSS.NI.2.0.0-HARV-MHUH2/pakman/source/qcom/qct/modem/rfa2/pmic/drivers/v2_0/clk/clk_v1/main/latest/...
Mar 25, 2012 11:00:11 PM hudson.plugins.perforce.PerforceSCM processWorkspaceBeforeDeletion
INFO:   //source/qcom/qct/modem/rfa2/pmic/drivers/v2_0/hsed/build/main/latest/... //hjenkins_rfa_pmic-MPSS.NI.2.0.0-HARV-MHUH2/pakman/source/qcom/qct/modem/rfa2/pmic/drivers/v2_0/hsed/build/main/latest/...