Started by an SCM change
[EnvInject] - Loading node environment variables.
Building on master in workspace D:\Workspaces\FmsDbPatches_P4Poll
(p4):cmd:... p4 client -o FmsDbPatches_P4Poll
p4 client -o FmsDbPatches_P4Poll

(p4):stop:5
(p4):cmd:... p4 info
p4 info

(p4):stop:6

P4 Task: establishing connection.
... server: <redacted>
... node: fms-dev-build01
(p4):cmd:... p4 client -o FmsDbPatches_P4Poll
p4 client -o FmsDbPatches_P4Poll

(p4):stop:7
(p4):cmd:... p4 print -q //FSSNSS/Builds/FmsBuildAndDeployScripts/FmsDbPatches_P4Poll.p4s
p4 print -q //FSSNSS/Builds/FmsBuildAndDeployScripts/FmsDbPatches_P4Poll.p4s

(p4):stop:8
Client FmsDbPatches_P4Poll not changed.

(p4):stop:9
(p4):cmd:... p4 client -o FmsDbPatches_P4Poll
p4 client -o FmsDbPatches_P4Poll

(p4):stop:10
(p4):cmd:... p4 client -i
p4 client -i

Client FmsDbPatches_P4Poll saved.

(p4):stop:11
... client: FmsDbPatches_P4Poll
(p4):cmd:... p4 client -o FmsDbPatches_P4Poll
p4 client -o FmsDbPatches_P4Poll

(p4):stop:5
(p4):cmd:... p4 info
p4 info

(p4):stop:6
(p4):cmd:... p4 counter change
p4 counter change

(p4):stop:7
(p4):cmd:... p4 changes -m1 -ssubmitted //FmsDbPatches_P4Poll/...
p4 changes -m1 -ssubmitted //FmsDbPatches_P4Poll/...

Change 605049 on 2016/05/18 by jwb@jwb-netmenu 'MDIA - Edit Service Menus: Menu'
(p4):stop:8
Building on Node: master
(p4):cmd:... p4 client -o FmsDbPatches_P4Poll
p4 client -o FmsDbPatches_P4Poll

(p4):stop:5
(p4):cmd:... p4 info
p4 info

(p4):stop:6

P4 Task: establishing connection.
... server: <redacted>
... node: fms-dev-build01

P4 Task: reverting all pending and shelved revisions.
(p4):cmd:... p4 revert D:\Workspaces\FmsDbPatches_P4Poll/...
p4 revert D:\Workspaces\FmsDbPatches_P4Poll/...

D:\Workspaces\FmsDbPatches_P4Poll/... - file(s) not opened on this client.

(p4):stop:7
... rm [abandoned files]
duration: (9ms)

P4 Task: tidying workspace to match have list.
(p4):cmd:... p4 reconcile -n -a -e -d -l -f D:\Workspaces\FmsDbPatches_P4Poll/...
p4 reconcile -n -a -e -d -l -f D:\Workspaces\FmsDbPatches_P4Poll/...

D:\Workspaces\FmsDbPatches_P4Poll/... - no file(s) to reconcile.

(p4):stop:8
duration: (58ms)

P4 Task: syncing files at change: 530996
(p4):cmd:... p4 sync D:\Workspaces\FmsDbPatches_P4Poll/...@530996
p4 sync D:\Workspaces\FmsDbPatches_P4Poll/...@530996

D:\Workspaces\FmsDbPatches_P4Poll/...@530996 - file(s) up-to-date.

(p4):stop:9
(p4):cmd:... p4 client -i
p4 client -i

Client FmsDbPatches_P4Poll saved.

(p4):stop:10
duration: (75ms)

P4 Task: saving built changes.
(p4):cmd:... p4 client -o FmsDbPatches_P4Poll
p4 client -o FmsDbPatches_P4Poll

(p4):stop:5
(p4):cmd:... p4 info
p4 info

(p4):stop:6
(p4):cmd:... p4 changes -m100 //FmsDbPatches_P4Poll/...@605008,530996
p4 changes -m100 //FmsDbPatches_P4Poll/...@605008,530996

(p4):stop:7
(p4):cmd:... p4 client -o FmsDbPatches_P4Poll
p4 client -o FmsDbPatches_P4Poll

(p4):stop:5
(p4):cmd:... p4 info
p4 info

(p4):stop:6
... done

Run condition [Always] enabling prebuild for step [MultiJob Phase]
...