Jun 25, 2021 11:08:34 AM org.jenkinsci.remoting.engine.WorkDirManager setupLogging
INFO: Both error and output logs will be printed to C:\Jenkins\remoting
Jun 25, 2021 11:08:34 AM hudson.remoting.jnlp.Main$CuiListener status
INFO: Locating server among [https://jenkins-regression-nft.kce.devops.rockwell.com/]
Jun 25, 2021 11:08:35 AM org.jenkinsci.remoting.engine.JnlpAgentEndpointResolver resolve
INFO: Remoting server accepts the following protocols: [JNLP4-connect, Ping]
Jun 25, 2021 11:08:35 AM hudson.remoting.jnlp.Main$CuiListener status
INFO: Agent discovery successful
  Agent address: jenkins-regression-nft.kce.devops.rockwell.com
  Agent port:    32035
  Identity:      52:4d:78:17:3a:9b:22:e8:eb:33:75:df:a6:71:37:45
Jun 25, 2021 11:08:35 AM hudson.remoting.jnlp.Main$CuiListener status
INFO: Handshaking
Jun 25, 2021 11:08:35 AM hudson.remoting.jnlp.Main$CuiListener status
INFO: Connecting to jenkins-regression-nft.kce.devops.rockwell.com:32035
Jun 25, 2021 11:08:35 AM hudson.remoting.jnlp.Main$CuiListener status
INFO: Trying protocol: JNLP4-connect
Jun 25, 2021 11:08:36 AM hudson.remoting.jnlp.Main$CuiListener status
INFO: Remote identity confirmed: 52:4d:78:17:3a:9b:22:e8:eb:33:75:df:a6:71:37:45
Jun 25, 2021 11:08:38 AM hudson.remoting.jnlp.Main$CuiListener status
INFO: Connected
Jun 27, 2021 4:23:51 PM org.jenkinsci.remoting.util.AnonymousClassWarnings warn
WARNING: Attempt to (de-)serialize anonymous class hudson.plugins.logparser.LogParserStatusComputer$1; see: https://jenkins.io/redirect/serialization-of-anonymous-classes/
Jun 27, 2021 4:23:51 PM hudson.plugins.logparser.LogParserStatusComputer computeStatusMatches
INFO: Local temp file:C:\Users\SVC-RA~1\AppData\Local\Temp\log-parser_ETENzTPassedFullQTestPipeline_build_94
Jun 27, 2021 4:23:51 PM hudson.plugins.logparser.LogParserReader readLogPart
INFO: Start reading log part 0 in thread #0
Jun 27, 2021 4:23:51 PM hudson.plugins.logparser.LogParserReader readLogPart
INFO: Done reading log part 0
Jun 27, 2021 4:23:51 PM hudson.plugins.logparser.LogParserThread getLineStatuses
INFO: LogParserThread: Start parsing log part 0
Jun 27, 2021 4:23:51 PM hudson.plugins.logparser.LogParserThread getLineStatuses
INFO: LogParserThread: Done parsing log part 0
Jun 27, 2021 5:39:58 PM org.jfrog.hudson.util.JenkinsBuildInfoLog info
INFO: Searching for artifacts...
Jun 27, 2021 5:40:01 PM org.jfrog.hudson.util.JenkinsBuildInfoLog info
INFO: Found 1 artifacts.
Jun 27, 2021 5:40:01 PM org.jfrog.hudson.util.JenkinsBuildInfoLog info
INFO: Beginning to resolve Build Info published dependencies.
Jun 27, 2021 5:40:02 PM org.jfrog.hudson.util.JenkinsBuildInfoLog info
INFO: The file 'C:\Jenkins\workspace\ETENzTDailyQTestPipeline\firmware.zip\' exists locally.
Jun 27, 2021 5:40:02 PM org.jfrog.hudson.util.JenkinsBuildInfoLog info
INFO: Finished resolving Build Info published dependencies.
Jun 27, 2021 8:33:18 PM hudson.plugins.logparser.LogParserStatusComputer computeStatusMatches
INFO: Local temp file:C:\Users\SVC-RA~1\AppData\Local\Temp\log-parser_ETENzTDailyQTestPipeline_build_286
Jun 27, 2021 8:33:18 PM hudson.plugins.logparser.LogParserReader readLogPart
INFO: Start reading log part 0 in thread #0
Jun 27, 2021 8:33:18 PM hudson.plugins.logparser.LogParserReader readLogPart
INFO: Done reading log part 0
Jun 27, 2021 8:33:18 PM hudson.plugins.logparser.LogParserThread getLineStatuses
INFO: LogParserThread: Start parsing log part 0
Jun 27, 2021 8:33:18 PM hudson.plugins.logparser.LogParserThread getLineStatuses
INFO: LogParserThread: Done parsing log part 0
Jun 27, 2021 8:33:50 PM org.jfrog.hudson.util.JenkinsBuildInfoLog info
INFO: Searching for artifacts...
Jun 27, 2021 8:33:52 PM org.jfrog.hudson.util.JenkinsBuildInfoLog info
INFO: Found 1 artifacts.
Jun 27, 2021 8:33:52 PM org.jfrog.hudson.util.JenkinsBuildInfoLog info
INFO: Beginning to resolve Build Info published dependencies.
Jun 27, 2021 8:33:52 PM org.jfrog.hudson.util.JenkinsBuildInfoLog info
INFO: The file 'C:\Jenkins\workspace\ETENzTSmokeQTestPipeline\firmware.zip\' exists locally.
Jun 27, 2021 8:33:52 PM org.jfrog.hudson.util.JenkinsBuildInfoLog info
INFO: Finished resolving Build Info published dependencies.
Jun 28, 2021 2:02:51 AM hudson.plugins.logparser.LogParserStatusComputer computeStatusMatches
INFO: Local temp file:C:\Users\SVC-RA~1\AppData\Local\Temp\log-parser_ETENzTSmokeQTestPipeline_build_16
Jun 28, 2021 2:02:51 AM hudson.plugins.logparser.LogParserReader readLogPart
INFO: Start reading log part 0 in thread #0
Jun 28, 2021 2:02:51 AM hudson.plugins.logparser.LogParserReader readLogPart
INFO: Done reading log part 0
Jun 28, 2021 2:02:51 AM hudson.plugins.logparser.LogParserThread getLineStatuses
INFO: LogParserThread: Start parsing log part 0
Jun 28, 2021 2:02:51 AM hudson.plugins.logparser.LogParserThread getLineStatuses
INFO: LogParserThread: Done parsing log part 0
Jun 28, 2021 5:39:58 PM org.jfrog.hudson.util.JenkinsBuildInfoLog info
INFO: Searching for artifacts...
Jun 28, 2021 5:39:59 PM org.jfrog.hudson.util.JenkinsBuildInfoLog info
INFO: Found 1 artifacts.
Jun 28, 2021 5:39:59 PM org.jfrog.hudson.util.JenkinsBuildInfoLog info
INFO: Beginning to resolve Build Info published dependencies.
Jun 28, 2021 5:40:01 PM org.jfrog.hudson.util.JenkinsBuildInfoLog info
INFO: The file 'C:\Jenkins\workspace\ETENzTDailyQTestPipeline\firmware.zip\' exists locally.
Jun 28, 2021 5:40:01 PM org.jfrog.hudson.util.JenkinsBuildInfoLog info
INFO: Finished resolving Build Info published dependencies.
Jun 28, 2021 8:54:02 PM hudson.plugins.logparser.LogParserStatusComputer computeStatusMatches
INFO: Local temp file:C:\Users\SVC-RA~1\AppData\Local\Temp\log-parser_ETENzTDailyQTestPipeline_build_287
Jun 28, 2021 8:54:02 PM hudson.plugins.logparser.LogParserReader readLogPart
INFO: Start reading log part 0 in thread #0
Jun 28, 2021 8:54:02 PM hudson.plugins.logparser.LogParserReader readLogPart
INFO: Done reading log part 0
Jun 28, 2021 8:54:02 PM hudson.plugins.logparser.LogParserThread getLineStatuses
INFO: LogParserThread: Start parsing log part 0
Jun 28, 2021 8:54:02 PM hudson.plugins.logparser.LogParserThread getLineStatuses
INFO: LogParserThread: Done parsing log part 0
Jun 28, 2021 8:54:36 PM org.jfrog.hudson.util.JenkinsBuildInfoLog info
INFO: Searching for artifacts...
Jun 28, 2021 8:54:39 PM org.jfrog.hudson.util.JenkinsBuildInfoLog info
INFO: Found 1 artifacts.
Jun 28, 2021 8:54:39 PM org.jfrog.hudson.util.JenkinsBuildInfoLog info
INFO: Beginning to resolve Build Info published dependencies.
Jun 28, 2021 8:54:41 PM org.jfrog.hudson.util.JenkinsBuildInfoLog info
INFO: The file 'C:\Jenkins\workspace\ETENzTSmokeQTestPipeline\firmware.zip\' exists locally.
Jun 28, 2021 8:54:41 PM org.jfrog.hudson.util.JenkinsBuildInfoLog info
INFO: Finished resolving Build Info published dependencies.
Jun 29, 2021 2:29:25 AM hudson.plugins.logparser.LogParserStatusComputer computeStatusMatches
INFO: Local temp file:C:\Users\SVC-RA~1\AppData\Local\Temp\log-parser_ETENzTSmokeQTestPipeline_build_17
Jun 29, 2021 2:29:25 AM hudson.plugins.logparser.LogParserReader readLogPart
INFO: Start reading log part 0 in thread #0
Jun 29, 2021 2:29:25 AM hudson.plugins.logparser.LogParserReader readLogPart
INFO: Done reading log part 0
Jun 29, 2021 2:29:25 AM hudson.plugins.logparser.LogParserThread getLineStatuses
INFO: LogParserThread: Start parsing log part 0
Jun 29, 2021 2:29:25 AM hudson.plugins.logparser.LogParserThread getLineStatuses
INFO: LogParserThread: Done parsing log part 0
Jun 29, 2021 12:18:09 PM hudson.remoting.jnlp.Main$CuiListener status
INFO: Terminated
Jun 29, 2021 12:18:09 PM hudson.plugins.swarm.Client run
WARNING: Remaining retries: 299
Jun 29, 2021 12:18:09 PM hudson.plugins.swarm.Client run
INFO: Retrying in 60 seconds
Jun 29, 2021 12:19:09 PM hudson.plugins.swarm.Client run
INFO: Attempting to connect to https://jenkins-regression-nft.kce.devops.rockwell.com/
Jun 29, 2021 12:19:13 PM hudson.plugins.swarm.Client run
INFO: Setting up LabelFileWatcher
Jun 29, 2021 12:19:14 PM hudson.remoting.jnlp.Main createEngine
INFO: Setting up agent: tbenzt-1
Jun 29, 2021 12:19:14 PM hudson.remoting.jnlp.Main$CuiListener <init>
INFO: Jenkins agent is running in headless mode.
Jun 29, 2021 12:19:14 PM hudson.remoting.Engine startEngine
INFO: Using Remoting version: 4.7
Jun 29, 2021 12:19:14 PM org.jenkinsci.remoting.engine.WorkDirManager initializeWorkDir
INFO: Using C:\Jenkins\remoting as a remoting work directory
Jun 29, 2021 12:19:14 PM hudson.remoting.jnlp.Main$CuiListener status
INFO: Locating server among [https://jenkins-regression-nft.kce.devops.rockwell.com/]
Jun 29, 2021 12:19:15 PM org.jenkinsci.remoting.engine.JnlpAgentEndpointResolver resolve
INFO: Remoting server accepts the following protocols: [JNLP4-connect, Ping]
Jun 29, 2021 12:19:15 PM hudson.remoting.jnlp.Main$CuiListener status
INFO: Agent discovery successful
  Agent address: jenkins-regression-nft.kce.devops.rockwell.com
  Agent port:    32035
  Identity:      52:4d:78:17:3a:9b:22:e8:eb:33:75:df:a6:71:37:45
Jun 29, 2021 12:19:15 PM hudson.remoting.jnlp.Main$CuiListener status
INFO: Handshaking
Jun 29, 2021 12:19:15 PM hudson.remoting.jnlp.Main$CuiListener status
INFO: Connecting to jenkins-regression-nft.kce.devops.rockwell.com:32035
Jun 29, 2021 12:19:15 PM hudson.remoting.jnlp.Main$CuiListener status
INFO: Trying protocol: JNLP4-connect
Jun 29, 2021 12:19:15 PM hudson.remoting.jnlp.Main$CuiListener status
INFO: Remote identity confirmed: 52:4d:78:17:3a:9b:22:e8:eb:33:75:df:a6:71:37:45
Jun 29, 2021 12:19:15 PM org.jenkinsci.remoting.protocol.impl.ConnectionHeadersFilterLayer onRecv
INFO: [JNLP4-connect connection to jenkins-regression-nft.kce.devops.rockwell.com/10.76.72.130:32035] Local headers refused by remote: tbenzt-1 is already connected to this master. Rejecting this connection.
Jun 29, 2021 12:19:15 PM hudson.remoting.jnlp.Main$CuiListener status
INFO: Protocol JNLP4-connect encountered an unexpected exception
java.util.concurrent.ExecutionException: org.jenkinsci.remoting.protocol.impl.ConnectionRefusalException: tbenzt-1 is already connected to this master. Rejecting this connection.
	at org.jenkinsci.remoting.util.SettableFuture.get(SettableFuture.java:223)
	at hudson.remoting.Engine.innerRun(Engine.java:739)
	at hudson.remoting.Engine.run(Engine.java:514)
Caused by: org.jenkinsci.remoting.protocol.impl.ConnectionRefusalException: tbenzt-1 is already connected to this master. Rejecting this connection.
	at org.jenkinsci.remoting.protocol.impl.ConnectionHeadersFilterLayer.newAbortCause(ConnectionHeadersFilterLayer.java:377)
	at org.jenkinsci.remoting.protocol.impl.ConnectionHeadersFilterLayer.onRecvClosed(ConnectionHeadersFilterLayer.java:432)
	at org.jenkinsci.remoting.protocol.ProtocolStack$Ptr.onRecvClosed(ProtocolStack.java:817)
	at org.jenkinsci.remoting.protocol.FilterLayer.onRecvClosed(FilterLayer.java:288)
	at org.jenkinsci.remoting.protocol.impl.SSLEngineFilterLayer.onRecvClosed(SSLEngineFilterLayer.java:170)
	at org.jenkinsci.remoting.protocol.ProtocolStack$Ptr.onRecvClosed(ProtocolStack.java:817)
	at org.jenkinsci.remoting.protocol.NetworkLayer.onRecvClosed(NetworkLayer.java:154)
	at org.jenkinsci.remoting.protocol.impl.BIONetworkLayer.access$1500(BIONetworkLayer.java:48)
	at org.jenkinsci.remoting.protocol.impl.BIONetworkLayer$Reader.run(BIONetworkLayer.java:247)
	at java.util.concurrent.ThreadPoolExecutor.runWorker(ThreadPoolExecutor.java:1149)
	at java.util.concurrent.ThreadPoolExecutor$Worker.run(ThreadPoolExecutor.java:624)
	at hudson.remoting.Engine$1.lambda$newThread$0(Engine.java:119)
	at java.lang.Thread.run(Thread.java:748)
	Suppressed: java.nio.channels.ClosedChannelException
		... 7 more

Jun 29, 2021 12:19:15 PM hudson.remoting.jnlp.Main$CuiListener error
SEVERE: The server rejected the connection: None of the protocols were accepted
java.lang.Exception: The server rejected the connection: None of the protocols were accepted
	at hudson.remoting.Engine.onConnectionRejected(Engine.java:824)
	at hudson.remoting.Engine.innerRun(Engine.java:764)
	at hudson.remoting.Engine.run(Engine.java:514)

