Jan 2, 2013 8:40:20 AM hudson.security.AuthenticationProcessingFilter2 onUnsuccessfulAuthentication
INFO: Login attempt failed
org.acegisecurity.BadCredentialsException: Either no such user '<username_redacted>@<domain_redacted>' or incorrect password; nested exception is javax.naming.ServiceUnavailableException: ussdisadc01.<domain_redacted>:636; socket closed
	at hudson.plugins.active_directory.ActiveDirectorySecurityRealm$DesciprotrImpl.bind(ActiveDirectorySecurityRealm.java:380)
	at hudson.plugins.active_directory.ActiveDirectoryUnixAuthenticationProvider.retrieveUser(ActiveDirectoryUnixAuthenticationProvider.java:245)
	at hudson.plugins.active_directory.ActiveDirectoryUnixAuthenticationProvider.retrieveUser(ActiveDirectoryUnixAuthenticationProvider.java:190)
	at hudson.plugins.active_directory.ActiveDirectoryUnixAuthenticationProvider.retrieveUser(ActiveDirectoryUnixAuthenticationProvider.java:134)
	at org.acegisecurity.providers.dao.AbstractUserDetailsAuthenticationProvider.authenticate(AbstractUserDetailsAuthenticationProvider.java:119)
	at org.acegisecurity.providers.ProviderManager.doAuthentication(ProviderManager.java:195)
	at org.acegisecurity.AbstractAuthenticationManager.authenticate(AbstractAuthenticationManager.java:45)
	at org.acegisecurity.ui.webapp.AuthenticationProcessingFilter.attemptAuthentication(AuthenticationProcessingFilter.java:71)
	at org.acegisecurity.ui.AbstractProcessingFilter.doFilter(AbstractProcessingFilter.java:252)
	at hudson.security.ChainedServletFilter$1.doFilter(ChainedServletFilter.java:87)
	at org.acegisecurity.ui.basicauth.BasicProcessingFilter.doFilter(BasicProcessingFilter.java:173)
	at hudson.security.ChainedServletFilter$1.doFilter(ChainedServletFilter.java:87)
	at jenkins.security.ApiTokenFilter.doFilter(ApiTokenFilter.java:63)
	at hudson.security.ChainedServletFilter$1.doFilter(ChainedServletFilter.java:87)
	at org.acegisecurity.context.HttpSessionContextIntegrationFilter.doFilter(HttpSessionContextIntegrationFilter.java:249)
	at hudson.security.HttpSessionContextIntegrationFilter2.doFilter(HttpSessionContextIntegrationFilter2.java:66)
	at hudson.security.ChainedServletFilter$1.doFilter(ChainedServletFilter.java:87)
	at hudson.security.ChainedServletFilter.doFilter(ChainedServletFilter.java:76)
	at hudson.security.HudsonFilter.doFilter(HudsonFilter.java:164)
	at winstone.FilterConfiguration.execute(FilterConfiguration.java:194)
	at winstone.RequestDispatcher.doFilter(RequestDispatcher.java:366)
	at org.kohsuke.stapler.compression.CompressionFilter.doFilter(CompressionFilter.java:50)
	at winstone.FilterConfiguration.execute(FilterConfiguration.java:194)
	at winstone.RequestDispatcher.doFilter(RequestDispatcher.java:366)
	at hudson.util.CharacterEncodingFilter.doFilter(CharacterEncodingFilter.java:81)
	at winstone.FilterConfiguration.execute(FilterConfiguration.java:194)
	at winstone.RequestDispatcher.doFilter(RequestDispatcher.java:366)
	at winstone.RequestDispatcher.forward(RequestDispatcher.java:331)
	at winstone.RequestHandlerThread.processRequest(RequestHandlerThread.java:215)
	at winstone.RequestHandlerThread.run(RequestHandlerThread.java:138)
	at java.util.concurrent.Executors$RunnableAdapter.call(Unknown Source)
	at java.util.concurrent.FutureTask$Sync.innerRun(Unknown Source)
	at java.util.concurrent.FutureTask.run(Unknown Source)
	at winstone.BoundedExecutorService$1.run(BoundedExecutorService.java:77)
	at java.util.concurrent.ThreadPoolExecutor$Worker.runTask(Unknown Source)
	at java.util.concurrent.ThreadPoolExecutor$Worker.run(Unknown Source)
	at java.lang.Thread.run(Unknown Source)
Caused by: javax.naming.ServiceUnavailableException: ussdisadc01.<domain_redacted>:636; socket closed
	at com.sun.jndi.ldap.Connection.readReply(Unknown Source)
	at com.sun.jndi.ldap.LdapClient.ldapBind(Unknown Source)
	at com.sun.jndi.ldap.LdapClient.authenticate(Unknown Source)
	at com.sun.jndi.ldap.LdapCtx.connect(Unknown Source)
	at com.sun.jndi.ldap.LdapCtx.ensureOpen(Unknown Source)
	at com.sun.jndi.ldap.LdapCtx.ensureOpen(Unknown Source)
	at com.sun.jndi.ldap.LdapCtx.reconnect(Unknown Source)
	at hudson.plugins.active_directory.ActiveDirectorySecurityRealm$DesciprotrImpl.bind(ActiveDirectorySecurityRealm.java:441)
	at hudson.plugins.active_directory.ActiveDirectorySecurityRealm$DesciprotrImpl.bind(ActiveDirectorySecurityRealm.java:357)
	... 36 more
Jan 2, 2013 8:40:20 AM hudson.plugins.active_directory.ActiveDirectoryUnixAuthenticationProvider retrieveUser
WARNING: Credential exception tying to authenticate against <domain_redacted> domain
org.acegisecurity.BadCredentialsException: Either no such user '<username_redacted>@<domain_redacted>' or incorrect password; nested exception is javax.naming.ServiceUnavailableException: ussdisadc01.<domain_redacted>:636; socket closed
	at hudson.plugins.active_directory.ActiveDirectorySecurityRealm$DesciprotrImpl.bind(ActiveDirectorySecurityRealm.java:380)
	at hudson.plugins.active_directory.ActiveDirectoryUnixAuthenticationProvider.retrieveUser(ActiveDirectoryUnixAuthenticationProvider.java:245)
	at hudson.plugins.active_directory.ActiveDirectoryUnixAuthenticationProvider.retrieveUser(ActiveDirectoryUnixAuthenticationProvider.java:190)
	at hudson.plugins.active_directory.ActiveDirectoryUnixAuthenticationProvider.retrieveUser(ActiveDirectoryUnixAuthenticationProvider.java:134)
	at org.acegisecurity.providers.dao.AbstractUserDetailsAuthenticationProvider.authenticate(AbstractUserDetailsAuthenticationProvider.java:119)
	at org.acegisecurity.providers.ProviderManager.doAuthentication(ProviderManager.java:195)
	at org.acegisecurity.AbstractAuthenticationManager.authenticate(AbstractAuthenticationManager.java:45)
	at org.acegisecurity.ui.webapp.AuthenticationProcessingFilter.attemptAuthentication(AuthenticationProcessingFilter.java:71)
	at org.acegisecurity.ui.AbstractProcessingFilter.doFilter(AbstractProcessingFilter.java:252)
	at hudson.security.ChainedServletFilter$1.doFilter(ChainedServletFilter.java:87)
	at org.acegisecurity.ui.basicauth.BasicProcessingFilter.doFilter(BasicProcessingFilter.java:173)
	at hudson.security.ChainedServletFilter$1.doFilter(ChainedServletFilter.java:87)
	at jenkins.security.ApiTokenFilter.doFilter(ApiTokenFilter.java:63)
	at hudson.security.ChainedServletFilter$1.doFilter(ChainedServletFilter.java:87)
	at org.acegisecurity.context.HttpSessionContextIntegrationFilter.doFilter(HttpSessionContextIntegrationFilter.java:249)
	at hudson.security.HttpSessionContextIntegrationFilter2.doFilter(HttpSessionContextIntegrationFilter2.java:66)
	at hudson.security.ChainedServletFilter$1.doFilter(ChainedServletFilter.java:87)
	at hudson.security.ChainedServletFilter.doFilter(ChainedServletFilter.java:76)
	at hudson.security.HudsonFilter.doFilter(HudsonFilter.java:164)
	at winstone.FilterConfiguration.execute(FilterConfiguration.java:194)
	at winstone.RequestDispatcher.doFilter(RequestDispatcher.java:366)
	at org.kohsuke.stapler.compression.CompressionFilter.doFilter(CompressionFilter.java:50)
	at winstone.FilterConfiguration.execute(FilterConfiguration.java:194)
	at winstone.RequestDispatcher.doFilter(RequestDispatcher.java:366)
	at hudson.util.CharacterEncodingFilter.doFilter(CharacterEncodingFilter.java:81)
	at winstone.FilterConfiguration.execute(FilterConfiguration.java:194)
	at winstone.RequestDispatcher.doFilter(RequestDispatcher.java:366)
	at winstone.RequestDispatcher.forward(RequestDispatcher.java:331)
	at winstone.RequestHandlerThread.processRequest(RequestHandlerThread.java:215)
	at winstone.RequestHandlerThread.run(RequestHandlerThread.java:138)
	at java.util.concurrent.Executors$RunnableAdapter.call(Unknown Source)
	at java.util.concurrent.FutureTask$Sync.innerRun(Unknown Source)
	at java.util.concurrent.FutureTask.run(Unknown Source)
	at winstone.BoundedExecutorService$1.run(BoundedExecutorService.java:77)
	at java.util.concurrent.ThreadPoolExecutor$Worker.runTask(Unknown Source)
	at java.util.concurrent.ThreadPoolExecutor$Worker.run(Unknown Source)
	at java.lang.Thread.run(Unknown Source)
Caused by: javax.naming.ServiceUnavailableException: ussdisadc01.<domain_redacted>:636; socket closed
	at com.sun.jndi.ldap.Connection.readReply(Unknown Source)
	at com.sun.jndi.ldap.LdapClient.ldapBind(Unknown Source)
	at com.sun.jndi.ldap.LdapClient.authenticate(Unknown Source)
	at com.sun.jndi.ldap.LdapCtx.connect(Unknown Source)
	at com.sun.jndi.ldap.LdapCtx.ensureOpen(Unknown Source)
	at com.sun.jndi.ldap.LdapCtx.ensureOpen(Unknown Source)
	at com.sun.jndi.ldap.LdapCtx.reconnect(Unknown Source)
	at hudson.plugins.active_directory.ActiveDirectorySecurityRealm$DesciprotrImpl.bind(ActiveDirectorySecurityRealm.java:441)
	at hudson.plugins.active_directory.ActiveDirectorySecurityRealm$DesciprotrImpl.bind(ActiveDirectorySecurityRealm.java:357)
	... 36 more
Jan 2, 2013 8:40:20 AM hudson.plugins.active_directory.ActiveDirectorySecurityRealm$DesciprotrImpl bind
WARNING: Failed to bind to ussdisadc01.<domain_redacted>:636
javax.naming.ServiceUnavailableException: ussdisadc01.<domain_redacted>:636; socket closed
	at com.sun.jndi.ldap.Connection.readReply(Unknown Source)
	at com.sun.jndi.ldap.LdapClient.ldapBind(Unknown Source)
	at com.sun.jndi.ldap.LdapClient.authenticate(Unknown Source)
	at com.sun.jndi.ldap.LdapCtx.connect(Unknown Source)
	at com.sun.jndi.ldap.LdapCtx.ensureOpen(Unknown Source)
	at com.sun.jndi.ldap.LdapCtx.ensureOpen(Unknown Source)
	at com.sun.jndi.ldap.LdapCtx.reconnect(Unknown Source)
	at hudson.plugins.active_directory.ActiveDirectorySecurityRealm$DesciprotrImpl.bind(ActiveDirectorySecurityRealm.java:441)
	at hudson.plugins.active_directory.ActiveDirectorySecurityRealm$DesciprotrImpl.bind(ActiveDirectorySecurityRealm.java:357)
	at hudson.plugins.active_directory.ActiveDirectoryUnixAuthenticationProvider.retrieveUser(ActiveDirectoryUnixAuthenticationProvider.java:245)
	at hudson.plugins.active_directory.ActiveDirectoryUnixAuthenticationProvider.retrieveUser(ActiveDirectoryUnixAuthenticationProvider.java:190)
	at hudson.plugins.active_directory.ActiveDirectoryUnixAuthenticationProvider.retrieveUser(ActiveDirectoryUnixAuthenticationProvider.java:134)
	at org.acegisecurity.providers.dao.AbstractUserDetailsAuthenticationProvider.authenticate(AbstractUserDetailsAuthenticationProvider.java:119)
	at org.acegisecurity.providers.ProviderManager.doAuthentication(ProviderManager.java:195)
	at org.acegisecurity.AbstractAuthenticationManager.authenticate(AbstractAuthenticationManager.java:45)
	at org.acegisecurity.ui.webapp.AuthenticationProcessingFilter.attemptAuthentication(AuthenticationProcessingFilter.java:71)
	at org.acegisecurity.ui.AbstractProcessingFilter.doFilter(AbstractProcessingFilter.java:252)
	at hudson.security.ChainedServletFilter$1.doFilter(ChainedServletFilter.java:87)
	at org.acegisecurity.ui.basicauth.BasicProcessingFilter.doFilter(BasicProcessingFilter.java:173)
	at hudson.security.ChainedServletFilter$1.doFilter(ChainedServletFilter.java:87)
	at jenkins.security.ApiTokenFilter.doFilter(ApiTokenFilter.java:63)
	at hudson.security.ChainedServletFilter$1.doFilter(ChainedServletFilter.java:87)
	at org.acegisecurity.context.HttpSessionContextIntegrationFilter.doFilter(HttpSessionContextIntegrationFilter.java:249)
	at hudson.security.HttpSessionContextIntegrationFilter2.doFilter(HttpSessionContextIntegrationFilter2.java:66)
	at hudson.security.ChainedServletFilter$1.doFilter(ChainedServletFilter.java:87)
	at hudson.security.ChainedServletFilter.doFilter(ChainedServletFilter.java:76)
	at hudson.security.HudsonFilter.doFilter(HudsonFilter.java:164)
	at winstone.FilterConfiguration.execute(FilterConfiguration.java:194)
	at winstone.RequestDispatcher.doFilter(RequestDispatcher.java:366)
	at org.kohsuke.stapler.compression.CompressionFilter.doFilter(CompressionFilter.java:50)
	at winstone.FilterConfiguration.execute(FilterConfiguration.java:194)
	at winstone.RequestDispatcher.doFilter(RequestDispatcher.java:366)
	at hudson.util.CharacterEncodingFilter.doFilter(CharacterEncodingFilter.java:81)
	at winstone.FilterConfiguration.execute(FilterConfiguration.java:194)
	at winstone.RequestDispatcher.doFilter(RequestDispatcher.java:366)
	at winstone.RequestDispatcher.forward(RequestDispatcher.java:331)
	at winstone.RequestHandlerThread.processRequest(RequestHandlerThread.java:215)
	at winstone.RequestHandlerThread.run(RequestHandlerThread.java:138)
	at java.util.concurrent.Executors$RunnableAdapter.call(Unknown Source)
	at java.util.concurrent.FutureTask$Sync.innerRun(Unknown Source)
	at java.util.concurrent.FutureTask.run(Unknown Source)
	at winstone.BoundedExecutorService$1.run(BoundedExecutorService.java:77)
	at java.util.concurrent.ThreadPoolExecutor$Worker.runTask(Unknown Source)
	at java.util.concurrent.ThreadPoolExecutor$Worker.run(Unknown Source)
	at java.lang.Thread.run(Unknown Source)
Jan 2, 2013 8:19:27 AM hudson.WebAppMain$2 run
INFO: Jenkins is fully up and running
Jan 2, 2013 8:19:27 AM hudson.TcpSlaveAgentListener <init>
INFO: JNLP slave agent listener started on TCP port 62660
Jan 2, 2013 8:19:27 AM jenkins.InitReactorRunner$1 onAttained
INFO: Completed initialization
Jan 2, 2013 8:19:25 AM jenkins.InitReactorRunner$1 onAttained
INFO: Loaded all jobs
Jan 2, 2013 8:19:25 AM jenkins.InitReactorRunner$1 onAttained
INFO: Augmented all extensions
Jan 2, 2013 8:19:25 AM jenkins.InitReactorRunner$1 onAttained
INFO: Started all plugins
Jan 2, 2013 8:19:25 AM jenkins.InitReactorRunner$1 onAttained
INFO: Prepared all plugins
Jan 2, 2013 8:19:23 AM jenkins.InitReactorRunner$1 onAttained
INFO: Listed all plugins
Jan 2, 2013 8:19:22 AM jenkins.InitReactorRunner$1 onAttained
INFO: Started initialization
