AzureCloudException
java.net.SocketTimeoutException: connect timed out
	at java.net.PlainSocketImpl.socketConnect(Native Method)
	at java.net.AbstractPlainSocketImpl.doConnect(AbstractPlainSocketImpl.java:350)
	at java.net.AbstractPlainSocketImpl.connectToAddress(AbstractPlainSocketImpl.java:206)
	at java.net.AbstractPlainSocketImpl.connect(AbstractPlainSocketImpl.java:188)
	at java.net.SocksSocketImpl.connect(SocksSocketImpl.java:392)
	at java.net.Socket.connect(Socket.java:607)
	at okhttp3.internal.platform.Platform.connectSocket(Platform.java:129)
	at okhttp3.internal.connection.RealConnection.connectSocket(RealConnection.java:246)
	at okhttp3.internal.connection.RealConnection.connect(RealConnection.java:166)
	at okhttp3.internal.connection.StreamAllocation.findConnection(StreamAllocation.java:257)
	at okhttp3.internal.connection.StreamAllocation.findHealthyConnection(StreamAllocation.java:135)
	at okhttp3.internal.connection.StreamAllocation.newStream(StreamAllocation.java:114)
	at okhttp3.internal.connection.ConnectInterceptor.intercept(ConnectInterceptor.java:42)
	at okhttp3.internal.http.RealInterceptorChain.proceed(RealInterceptorChain.java:147)
	at okhttp3.internal.http.RealInterceptorChain.proceed(RealInterceptorChain.java:121)
	at okhttp3.internal.cache.CacheInterceptor.intercept(CacheInterceptor.java:93)
	at okhttp3.internal.http.RealInterceptorChain.proceed(RealInterceptorChain.java:147)
	at okhttp3.internal.http.RealInterceptorChain.proceed(RealInterceptorChain.java:121)
	at okhttp3.internal.http.BridgeInterceptor.intercept(BridgeInterceptor.java:93)
	at okhttp3.internal.http.RealInterceptorChain.proceed(RealInterceptorChain.java:147)
	at okhttp3.internal.http.RetryAndFollowUpInterceptor.intercept(RetryAndFollowUpInterceptor.java:126)
	at okhttp3.internal.http.RealInterceptorChain.proceed(RealInterceptorChain.java:147)
	at okhttp3.internal.http.RealInterceptorChain.proceed(RealInterceptorChain.java:121)
	at com.microsoft.rest.retry.RetryHandler.intercept(RetryHandler.java:75)
	at okhttp3.internal.http.RealInterceptorChain.proceed(RealInterceptorChain.java:147)
	at okhttp3.internal.http.RealInterceptorChain.proceed(RealInterceptorChain.java:121)
	at com.microsoft.rest.interceptors.CustomHeadersInterceptor.intercept(CustomHeadersInterceptor.java:140)
	at okhttp3.internal.http.RealInterceptorChain.proceed(RealInterceptorChain.java:147)
	at okhttp3.internal.http.RealInterceptorChain.proceed(RealInterceptorChain.java:121)
	at com.microsoft.rest.interceptors.UserAgentInterceptor.intercept(UserAgentInterceptor.java:83)
	at okhttp3.internal.http.RealInterceptorChain.proceed(RealInterceptorChain.java:147)
	at okhttp3.internal.http.RealInterceptorChain.proceed(RealInterceptorChain.java:121)
	at com.microsoft.azure.credentials.AzureTokenCredentialsInterceptor.intercept(AzureTokenCredentialsInterceptor.java:40)
	at okhttp3.internal.http.RealInterceptorChain.proceed(RealInterceptorChain.java:147)
	at okhttp3.internal.http.RealInterceptorChain.proceed(RealInterceptorChain.java:121)
	at com.microsoft.azure.management.resources.fluentcore.utils.ResourceManagerThrottlingInterceptor.intercept(ResourceManagerThrottlingInterceptor.java:54)
	at okhttp3.internal.http.RealInterceptorChain.proceed(RealInterceptorChain.java:147)
	at okhttp3.internal.http.RealInterceptorChain.proceed(RealInterceptorChain.java:121)
	at com.microsoft.azure.management.resources.fluentcore.utils.ProviderRegistrationInterceptor.intercept(ProviderRegistrationInterceptor.java:43)
	at okhttp3.internal.http.RealInterceptorChain.proceed(RealInterceptorChain.java:147)
	at okhttp3.internal.http.RealInterceptorChain.proceed(RealInterceptorChain.java:121)
	at com.microsoft.azure.vmagent.AzureVMAgentPlugin$AzureTelemetryInterceptor.intercept(AzureVMAgentPlugin.java:29)
	at okhttp3.internal.http.RealInterceptorChain.proceed(RealInterceptorChain.java:147)
	at okhttp3.internal.http.RealInterceptorChain.proceed(RealInterceptorChain.java:121)
	at com.microsoft.rest.interceptors.BaseUrlHandler.intercept(BaseUrlHandler.java:43)
	at okhttp3.internal.http.RealInterceptorChain.proceed(RealInterceptorChain.java:147)
	at okhttp3.internal.http.RealInterceptorChain.proceed(RealInterceptorChain.java:121)
	at com.microsoft.rest.interceptors.RequestIdHeaderInterceptor.intercept(RequestIdHeaderInterceptor.java:29)
	at okhttp3.internal.http.RealInterceptorChain.proceed(RealInterceptorChain.java:147)
	at okhttp3.internal.http.RealInterceptorChain.proceed(RealInterceptorChain.java:121)
	at okhttp3.RealCall.getResponseWithInterceptorChain(RealCall.java:254)
	at okhttp3.RealCall.execute(RealCall.java:92)
	at retrofit2.OkHttpCall.execute(OkHttpCall.java:186)
	at retrofit2.adapter.rxjava.CallExecuteOnSubscribe.call(CallExecuteOnSubscribe.java:40)
	at retrofit2.adapter.rxjava.CallExecuteOnSubscribe.call(CallExecuteOnSubscribe.java:24)
	at rx.Observable.unsafeSubscribe(Observable.java:10327)
	at rx.internal.operators.OnSubscribeMap.call(OnSubscribeMap.java:48)
	at rx.internal.operators.OnSubscribeMap.call(OnSubscribeMap.java:33)
	at rx.internal.operators.OnSubscribeLift.call(OnSubscribeLift.java:48)
	at rx.internal.operators.OnSubscribeLift.call(OnSubscribeLift.java:30)
	at rx.internal.operators.OnSubscribeLift.call(OnSubscribeLift.java:48)
	at rx.internal.operators.OnSubscribeLift.call(OnSubscribeLift.java:30)
	at rx.Observable.subscribe(Observable.java:10423)
	at rx.Observable.subscribe(Observable.java:10390)
	at rx.observables.BlockingObservable.blockForSingle(BlockingObservable.java:443)
Caused: java.lang.RuntimeException
	at rx.exceptions.Exceptions.propagate(Exceptions.java:57)
	at rx.observables.BlockingObservable.blockForSingle(BlockingObservable.java:463)
	at rx.observables.BlockingObservable.single(BlockingObservable.java:340)
	at com.microsoft.azure.management.resources.implementation.ResourceGroupsInner.list(ResourceGroupsInner.java:687)
	at com.microsoft.azure.management.resources.implementation.ResourceGroupsImpl.list(ResourceGroupsImpl.java:41)
	at com.microsoft.azure.management.resources.implementation.DeploymentsImpl.getByName(DeploymentsImpl.java:66)
	at com.microsoft.azure.management.resources.implementation.DeploymentsImpl.getByName(DeploymentsImpl.java:30)
	at com.microsoft.azure.vmagent.AzureVMCloud.createProvisionedAgent(AzureVMCloud.java:558)
Caused: com.microsoft.azure.vmagent.exceptions.AzureCloudException
	at com.microsoft.azure.vmagent.exceptions.AzureCloudException.create(AzureCloudException.java:54)
	at com.microsoft.azure.vmagent.exceptions.AzureCloudException.create(AzureCloudException.java:33)
	at com.microsoft.azure.vmagent.AzureVMCloud.createProvisionedAgent(AzureVMCloud.java:615)
	at com.microsoft.azure.vmagent.AzureVMCloud$2.call(AzureVMCloud.java:831)
	at com.microsoft.azure.vmagent.AzureVMCloud$2.call(AzureVMCloud.java:809)
	at jenkins.util.ContextResettingExecutorService$2.call(ContextResettingExecutorService.java:46)
	at jenkins.security.ImpersonatingExecutorService$2.call(ImpersonatingExecutorService.java:71)
	at java.util.concurrent.FutureTask.run(FutureTask.java:266)
	at java.util.concurrent.ThreadPoolExecutor.runWorker(ThreadPoolExecutor.java:1149)
	at java.util.concurrent.ThreadPoolExecutor$Worker.run(ThreadPoolExecuto