Jul 28, 2017 12:31:33 PM FINE com.cloudbees.jenkins.plugins.amazonecr.AmazonECSRegistryCredentialsProvider
Resolving Amazon Web Services credentials of scope GLOBAL with id test-creds , itemgroup hudson.model.Hudson@711f2461
Jul 28, 2017 12:31:33 PM FINE com.cloudbees.jenkins.plugins.amazonecr.AmazonECSRegistryCredentialsProvider
Resolving Amazon Web Services credentials of scope GLOBAL with id test-creds and region GovCloud
Jul 28, 2017 12:31:33 PM FINE com.cloudbees.jenkins.plugins.amazonecr.AmazonECSRegistryCredentialsProvider
Resolving Amazon Web Services credentials of scope GLOBAL with id test-creds and region US_EAST_1
Jul 28, 2017 12:31:33 PM FINE com.cloudbees.jenkins.plugins.amazonecr.AmazonECSRegistryCredentialsProvider
Resolving Amazon Web Services credentials of scope GLOBAL with id test-creds and region US_EAST_2
Jul 28, 2017 12:31:33 PM FINE com.cloudbees.jenkins.plugins.amazonecr.AmazonECSRegistryCredentialsProvider
Resolving Amazon Web Services credentials of scope GLOBAL with id test-creds and region US_WEST_1
Jul 28, 2017 12:31:33 PM FINE com.cloudbees.jenkins.plugins.amazonecr.AmazonECSRegistryCredentialsProvider
Resolving Amazon Web Services credentials of scope GLOBAL with id test-creds and region US_WEST_2
Jul 28, 2017 12:31:33 PM FINE com.cloudbees.jenkins.plugins.amazonecr.AmazonECSRegistryCredentialsProvider
Resolving Amazon Web Services credentials of scope GLOBAL with id test-creds and region EU_WEST_1
Jul 28, 2017 12:31:33 PM FINE com.cloudbees.jenkins.plugins.amazonecr.AmazonECSRegistryCredentialsProvider
Resolving Amazon Web Services credentials of scope GLOBAL with id test-creds and region EU_WEST_2
Jul 28, 2017 12:31:33 PM FINE com.cloudbees.jenkins.plugins.amazonecr.AmazonECSRegistryCredentialsProvider
Resolving Amazon Web Services credentials of scope GLOBAL with id test-creds and region EU_CENTRAL_1
Jul 28, 2017 12:31:33 PM FINE com.cloudbees.jenkins.plugins.amazonecr.AmazonECSRegistryCredentialsProvider
Resolving Amazon Web Services credentials of scope GLOBAL with id test-creds and region AP_SOUTH_1
Jul 28, 2017 12:31:33 PM FINE com.cloudbees.jenkins.plugins.amazonecr.AmazonECSRegistryCredentialsProvider
Resolving Amazon Web Services credentials of scope GLOBAL with id test-creds and region AP_SOUTHEAST_1
Jul 28, 2017 12:31:33 PM FINE com.cloudbees.jenkins.plugins.amazonecr.AmazonECSRegistryCredentialsProvider
Resolving Amazon Web Services credentials of scope GLOBAL with id test-creds and region AP_SOUTHEAST_2
Jul 28, 2017 12:31:33 PM FINE com.cloudbees.jenkins.plugins.amazonecr.AmazonECSRegistryCredentialsProvider
Resolving Amazon Web Services credentials of scope GLOBAL with id test-creds and region AP_NORTHEAST_1
Jul 28, 2017 12:31:33 PM FINE com.cloudbees.jenkins.plugins.amazonecr.AmazonECSRegistryCredentialsProvider
Resolving Amazon Web Services credentials of scope GLOBAL with id test-creds and region AP_NORTHEAST_2
Jul 28, 2017 12:31:33 PM FINE com.cloudbees.jenkins.plugins.amazonecr.AmazonECSRegistryCredentialsProvider
Resolving Amazon Web Services credentials of scope GLOBAL with id test-creds and region SA_EAST_1
Jul 28, 2017 12:31:33 PM FINE com.cloudbees.jenkins.plugins.amazonecr.AmazonECSRegistryCredentialsProvider
Resolving Amazon Web Services credentials of scope GLOBAL with id test-creds and region CN_NORTH_1
Jul 28, 2017 12:31:33 PM FINE com.cloudbees.jenkins.plugins.amazonecr.AmazonECSRegistryCredentialsProvider
Resolving Amazon Web Services credentials of scope GLOBAL with id test-creds and region CA_CENTRAL_1
Jul 28, 2017 12:31:33 PM FINEST com.cloudbees.jenkins.plugins.amazonecr.AmazonECSRegistryCredential
Amazon ECR Registry:test-creds-GovCloud
Jul 28, 2017 12:31:33 PM FINEST com.cloudbees.jenkins.plugins.amazonecr.AmazonECSRegistryCredential
Amazon ECR Registry:test-creds-GovCloud
Jul 28, 2017 12:31:33 PM FINEST com.cloudbees.jenkins.plugins.amazonecr.AmazonECSRegistryCredential
Amazon ECR Registry:test-creds-US_EAST_1
Jul 28, 2017 12:31:33 PM FINEST com.cloudbees.jenkins.plugins.amazonecr.AmazonECSRegistryCredential
Amazon ECR Registry:test-creds-US_EAST_1
Jul 28, 2017 12:31:33 PM FINEST com.cloudbees.jenkins.plugins.amazonecr.AmazonECSRegistryCredential
Amazon ECR Registry:test-creds-US_EAST_2
Jul 28, 2017 12:31:33 PM FINEST com.cloudbees.jenkins.plugins.amazonecr.AmazonECSRegistryCredential
Amazon ECR Registry:test-creds-US_EAST_2
Jul 28, 2017 12:31:33 PM FINEST com.cloudbees.jenkins.plugins.amazonecr.AmazonECSRegistryCredential
Amazon ECR Registry:test-creds-GovCloud
Jul 28, 2017 12:31:33 PM FINEST com.cloudbees.jenkins.plugins.amazonecr.AmazonECSRegistryCredential
Amazon ECR Registry:test-creds-GovCloud
Jul 28, 2017 12:31:33 PM FINEST com.cloudbees.jenkins.plugins.amazonecr.AmazonECSRegistryCredential
Amazon ECR Registry:test-creds-US_EAST_2
Jul 28, 2017 12:31:33 PM FINEST com.cloudbees.jenkins.plugins.amazonecr.AmazonECSRegistryCredential
Amazon ECR Registry:test-creds-US_EAST_2
Jul 28, 2017 12:31:33 PM FINEST com.cloudbees.jenkins.plugins.amazonecr.AmazonECSRegistryCredential
Amazon ECR Registry:test-creds-US_EAST_1
Jul 28, 2017 12:31:33 PM FINEST com.cloudbees.jenkins.plugins.amazonecr.AmazonECSRegistryCredential
Amazon ECR Registry:test-creds-US_EAST_1
Jul 28, 2017 12:31:33 PM FINEST com.cloudbees.jenkins.plugins.amazonecr.AmazonECSRegistryCredential
Amazon ECR Registry:test-creds-US_WEST_1
Jul 28, 2017 12:31:33 PM FINEST com.cloudbees.jenkins.plugins.amazonecr.AmazonECSRegistryCredential
Amazon ECR Registry:test-creds-US_WEST_1
Jul 28, 2017 12:31:33 PM FINEST com.cloudbees.jenkins.plugins.amazonecr.AmazonECSRegistryCredential
Amazon ECR Registry:test-creds-US_EAST_1
Jul 28, 2017 12:31:33 PM FINEST com.cloudbees.jenkins.plugins.amazonecr.AmazonECSRegistryCredential
Amazon ECR Registry:test-creds-US_EAST_1
Jul 28, 2017 12:31:33 PM FINEST com.cloudbees.jenkins.plugins.amazonecr.AmazonECSRegistryCredential
Amazon ECR Registry:test-creds-US_WEST_1
Jul 28, 2017 12:31:33 PM FINEST com.cloudbees.jenkins.plugins.amazonecr.AmazonECSRegistryCredential
Amazon ECR Registry:test-creds-US_WEST_1
Jul 28, 2017 12:31:33 PM FINEST com.cloudbees.jenkins.plugins.amazonecr.AmazonECSRegistryCredential
Amazon ECR Registry:test-creds-US_EAST_2
Jul 28, 2017 12:31:33 PM FINEST com.cloudbees.jenkins.plugins.amazonecr.AmazonECSRegistryCredential
Amazon ECR Registry:test-creds-US_EAST_2
Jul 28, 2017 12:31:33 PM FINEST com.cloudbees.jenkins.plugins.amazonecr.AmazonECSRegistryCredential
Amazon ECR Registry:test-creds-US_WEST_2
Jul 28, 2017 12:31:33 PM FINEST com.cloudbees.jenkins.plugins.amazonecr.AmazonECSRegistryCredential
Amazon ECR Registry:test-creds-US_WEST_2
Jul 28, 2017 12:31:33 PM FINEST com.cloudbees.jenkins.plugins.amazonecr.AmazonECSRegistryCredential
Amazon ECR Registry:test-creds-US_EAST_2
Jul 28, 2017 12:31:33 PM FINEST com.cloudbees.jenkins.plugins.amazonecr.AmazonECSRegistryCredential
Amazon ECR Registry:test-creds-US_EAST_2
Jul 28, 2017 12:31:33 PM FINEST com.cloudbees.jenkins.plugins.amazonecr.AmazonECSRegistryCredential
Amazon ECR Registry:test-creds-US_WEST_2
Jul 28, 2017 12:31:33 PM FINEST com.cloudbees.jenkins.plugins.amazonecr.AmazonECSRegistryCredential
Amazon ECR Registry:test-creds-US_WEST_2
Jul 28, 2017 12:31:33 PM FINEST com.cloudbees.jenkins.plugins.amazonecr.AmazonECSRegistryCredential
Amazon ECR Registry:test-creds-US_WEST_1
Jul 28, 2017 12:31:33 PM FINEST com.cloudbees.jenkins.plugins.amazonecr.AmazonECSRegistryCredential
Amazon ECR Registry:test-creds-US_WEST_1
Jul 28, 2017 12:31:33 PM FINEST com.cloudbees.jenkins.plugins.amazonecr.AmazonECSRegistryCredential
Amazon ECR Registry:test-creds-EU_WEST_1
Jul 28, 2017 12:31:33 PM FINEST com.cloudbees.jenkins.plugins.amazonecr.AmazonECSRegistryCredential
Amazon ECR Registry:test-creds-EU_WEST_1
Jul 28, 2017 12:31:33 PM FINEST com.cloudbees.jenkins.plugins.amazonecr.AmazonECSRegistryCredential
Amazon ECR Registry:test-creds-US_EAST_2
Jul 28, 2017 12:31:33 PM FINEST com.cloudbees.jenkins.plugins.amazonecr.AmazonECSRegistryCredential
Amazon ECR Registry:test-creds-US_EAST_2
Jul 28, 2017 12:31:33 PM FINEST com.cloudbees.jenkins.plugins.amazonecr.AmazonECSRegistryCredential
Amazon ECR Registry:test-creds-EU_WEST_1
Jul 28, 2017 12:31:33 PM FINEST com.cloudbees.jenkins.plugins.amazonecr.AmazonECSRegistryCredential
Amazon ECR Registry:test-creds-EU_WEST_1
Jul 28, 2017 12:31:33 PM FINEST com.cloudbees.jenkins.plugins.amazonecr.AmazonECSRegistryCredential
Amazon ECR Registry:test-creds-US_EAST_1
Jul 28, 2017 12:31:33 PM FINEST com.cloudbees.jenkins.plugins.amazonecr.AmazonECSRegistryCredential
Amazon ECR Registry:test-creds-US_EAST_1
Jul 28, 2017 12:31:33 PM FINEST com.cloudbees.jenkins.plugins.amazonecr.AmazonECSRegistryCredential
Amazon ECR Registry:test-creds-EU_WEST_1
Jul 28, 2017 12:31:33 PM FINEST com.cloudbees.jenkins.plugins.amazonecr.AmazonECSRegistryCredential
Amazon ECR Registry:test-creds-EU_WEST_1
Jul 28, 2017 12:31:33 PM FINEST com.cloudbees.jenkins.plugins.amazonecr.AmazonECSRegistryCredential
Amazon ECR Registry:test-creds-GovCloud
Jul 28, 2017 12:31:33 PM FINEST com.cloudbees.jenkins.plugins.amazonecr.AmazonECSRegistryCredential
Amazon ECR Registry:test-creds-GovCloud
Jul 28, 2017 12:31:33 PM FINEST com.cloudbees.jenkins.plugins.amazonecr.AmazonECSRegistryCredential
Amazon ECR Registry:test-creds-EU_WEST_2
Jul 28, 2017 12:31:33 PM FINEST com.cloudbees.jenkins.plugins.amazonecr.AmazonECSRegistryCredential
Amazon ECR Registry:test-creds-EU_WEST_2
Jul 28, 2017 12:31:33 PM FINEST com.cloudbees.jenkins.plugins.amazonecr.AmazonECSRegistryCredential
Amazon ECR Registry:test-creds-US_EAST_2
Jul 28, 2017 12:31:33 PM FINEST com.cloudbees.jenkins.plugins.amazonecr.AmazonECSRegistryCredential
Amazon ECR Registry:test-creds-US_EAST_2
Jul 28, 2017 12:31:33 PM FINEST com.cloudbees.jenkins.plugins.amazonecr.AmazonECSRegistryCredential
Amazon ECR Registry:test-creds-EU_WEST_2
Jul 28, 2017 12:31:33 PM FINEST com.cloudbees.jenkins.plugins.amazonecr.AmazonECSRegistryCredential
Amazon ECR Registry:test-creds-EU_WEST_2
Jul 28, 2017 12:31:33 PM FINEST com.cloudbees.jenkins.plugins.amazonecr.AmazonECSRegistryCredential
Amazon ECR Registry:test-creds-GovCloud
Jul 28, 2017 12:31:33 PM FINEST com.cloudbees.jenkins.plugins.amazonecr.AmazonECSRegistryCredential
Amazon ECR Registry:test-creds-GovCloud
Jul 28, 2017 12:31:33 PM FINEST com.cloudbees.jenkins.plugins.amazonecr.AmazonECSRegistryCredential
Amazon ECR Registry:test-creds-EU_WEST_2
Jul 28, 2017 12:31:33 PM FINEST com.cloudbees.jenkins.plugins.amazonecr.AmazonECSRegistryCredential
Amazon ECR Registry:test-creds-EU_WEST_2
Jul 28, 2017 12:31:33 PM FINEST com.cloudbees.jenkins.plugins.amazonecr.AmazonECSRegistryCredential
Amazon ECR Registry:test-creds-EU_WEST_1
Jul 28, 2017 12:31:33 PM FINEST com.cloudbees.jenkins.plugins.amazonecr.AmazonECSRegistryCredential
Amazon ECR Registry:test-creds-EU_WEST_1
Jul 28, 2017 12:31:33 PM FINEST com.cloudbees.jenkins.plugins.amazonecr.AmazonECSRegistryCredential
Amazon ECR Registry:test-creds-EU_CENTRAL_1
Jul 28, 2017 12:31:33 PM FINEST com.cloudbees.jenkins.plugins.amazonecr.AmazonECSRegistryCredential
Amazon ECR Registry:test-creds-EU_CENTRAL_1
Jul 28, 2017 12:31:33 PM FINEST com.cloudbees.jenkins.plugins.amazonecr.AmazonECSRegistryCredential
Amazon ECR Registry:test-creds-US_EAST_1
Jul 28, 2017 12:31:33 PM FINEST com.cloudbees.jenkins.plugins.amazonecr.AmazonECSRegistryCredential
Amazon ECR Registry:test-creds-US_EAST_1
Jul 28, 2017 12:31:33 PM FINEST com.cloudbees.jenkins.plugins.amazonecr.AmazonECSRegistryCredential
Amazon ECR Registry:test-creds-EU_CENTRAL_1
Jul 28, 2017 12:31:33 PM FINEST com.cloudbees.jenkins.plugins.amazonecr.AmazonECSRegistryCredential
Amazon ECR Registry:test-creds-EU_CENTRAL_1
Jul 28, 2017 12:31:33 PM FINEST com.cloudbees.jenkins.plugins.amazonecr.AmazonECSRegistryCredential
Amazon ECR Registry:test-creds-EU_WEST_2
Jul 28, 2017 12:31:33 PM FINEST com.cloudbees.jenkins.plugins.amazonecr.AmazonECSRegistryCredential
Amazon ECR Registry:test-creds-EU_WEST_2
Jul 28, 2017 12:31:33 PM FINEST com.cloudbees.jenkins.plugins.amazonecr.AmazonECSRegistryCredential
Amazon ECR Registry:test-creds-EU_CENTRAL_1
Jul 28, 2017 12:31:33 PM FINEST com.cloudbees.jenkins.plugins.amazonecr.AmazonECSRegistryCredential
Amazon ECR Registry:test-creds-EU_CENTRAL_1
Jul 28, 2017 12:31:33 PM FINEST com.cloudbees.jenkins.plugins.amazonecr.AmazonECSRegistryCredential
Amazon ECR Registry:test-creds-EU_WEST_1
Jul 28, 2017 12:31:33 PM FINEST com.cloudbees.jenkins.plugins.amazonecr.AmazonECSRegistryCredential
Amazon ECR Registry:test-creds-EU_WEST_1
Jul 28, 2017 12:31:33 PM FINEST com.cloudbees.jenkins.plugins.amazonecr.AmazonECSRegistryCredential
Amazon ECR Registry:test-creds-AP_SOUTH_1
Jul 28, 2017 12:31:33 PM FINEST com.cloudbees.jenkins.plugins.amazonecr.AmazonECSRegistryCredential
Amazon ECR Registry:test-creds-AP_SOUTH_1
Jul 28, 2017 12:31:33 PM FINEST com.cloudbees.jenkins.plugins.amazonecr.AmazonECSRegistryCredential
Amazon ECR Registry:test-creds-US_EAST_1
Jul 28, 2017 12:31:33 PM FINEST com.cloudbees.jenkins.plugins.amazonecr.AmazonECSRegistryCredential
Amazon ECR Registry:test-creds-US_EAST_1
Jul 28, 2017 12:31:33 PM FINEST com.cloudbees.jenkins.plugins.amazonecr.AmazonECSRegistryCredential
Amazon ECR Registry:test-creds-AP_SOUTH_1
Jul 28, 2017 12:31:33 PM FINEST com.cloudbees.jenkins.plugins.amazonecr.AmazonECSRegistryCredential
Amazon ECR Registry:test-creds-AP_SOUTH_1
Jul 28, 2017 12:31:33 PM FINEST com.cloudbees.jenkins.plugins.amazonecr.AmazonECSRegistryCredential
Amazon ECR Registry:test-creds-EU_WEST_2
Jul 28, 2017 12:31:33 PM FINEST com.cloudbees.jenkins.plugins.amazonecr.AmazonECSRegistryCredential
Amazon ECR Registry:test-creds-EU_WEST_2
Jul 28, 2017 12:31:33 PM FINEST com.cloudbees.jenkins.plugins.amazonecr.AmazonECSRegistryCredential
Amazon ECR Registry:test-creds-AP_SOUTH_1
Jul 28, 2017 12:31:33 PM FINEST com.cloudbees.jenkins.plugins.amazonecr.AmazonECSRegistryCredential
Amazon ECR Registry:test-creds-AP_SOUTH_1
Jul 28, 2017 12:31:33 PM FINEST com.cloudbees.jenkins.plugins.amazonecr.AmazonECSRegistryCredential
Amazon ECR Registry:test-creds-EU_WEST_1
Jul 28, 2017 12:31:33 PM FINEST com.cloudbees.jenkins.plugins.amazonecr.AmazonECSRegistryCredential
Amazon ECR Registry:test-creds-EU_WEST_1
Jul 28, 2017 12:31:33 PM FINEST com.cloudbees.jenkins.plugins.amazonecr.AmazonECSRegistryCredential
Amazon ECR Registry:test-creds-AP_SOUTH_1
Jul 28, 2017 12:31:33 PM FINEST com.cloudbees.jenkins.plugins.amazonecr.AmazonECSRegistryCredential
Amazon ECR Registry:test-creds-AP_SOUTH_1
Jul 28, 2017 12:31:33 PM FINEST com.cloudbees.jenkins.plugins.amazonecr.AmazonECSRegistryCredential
Amazon ECR Registry:test-creds-EU_CENTRAL_1
Jul 28, 2017 12:31:33 PM FINEST com.cloudbees.jenkins.plugins.amazonecr.AmazonECSRegistryCredential
Amazon ECR Registry:test-creds-EU_CENTRAL_1
Jul 28, 2017 12:31:33 PM FINEST com.cloudbees.jenkins.plugins.amazonecr.AmazonECSRegistryCredential
Amazon ECR Registry:test-creds-AP_SOUTHEAST_1
Jul 28, 2017 12:31:33 PM FINEST com.cloudbees.jenkins.plugins.amazonecr.AmazonECSRegistryCredential
Amazon ECR Registry:test-creds-AP_SOUTHEAST_1
Jul 28, 2017 12:31:33 PM FINEST com.cloudbees.jenkins.plugins.amazonecr.AmazonECSRegistryCredential
Amazon ECR Registry:test-creds-GovCloud
Jul 28, 2017 12:31:33 PM FINEST com.cloudbees.jenkins.plugins.amazonecr.AmazonECSRegistryCredential
Amazon ECR Registry:test-creds-GovCloud
Jul 28, 2017 12:31:33 PM FINEST com.cloudbees.jenkins.plugins.amazonecr.AmazonECSRegistryCredential
Amazon ECR Registry:test-creds-AP_SOUTHEAST_1
Jul 28, 2017 12:31:33 PM FINEST com.cloudbees.jenkins.plugins.amazonecr.AmazonECSRegistryCredential
Amazon ECR Registry:test-creds-AP_SOUTHEAST_1
Jul 28, 2017 12:31:33 PM FINEST com.cloudbees.jenkins.plugins.amazonecr.AmazonECSRegistryCredential
Amazon ECR Registry:test-creds-EU_WEST_1
Jul 28, 2017 12:31:33 PM FINEST com.cloudbees.jenkins.plugins.amazonecr.AmazonECSRegistryCredential
Amazon ECR Registry:test-creds-EU_WEST_1
Jul 28, 2017 12:31:33 PM FINEST com.cloudbees.jenkins.plugins.amazonecr.AmazonECSRegistryCredential
Amazon ECR Registry:test-creds-AP_SOUTHEAST_1
Jul 28, 2017 12:31:33 PM FINEST com.cloudbees.jenkins.plugins.amazonecr.AmazonECSRegistryCredential
Amazon ECR Registry:test-creds-AP_SOUTHEAST_1
Jul 28, 2017 12:31:33 PM FINEST com.cloudbees.jenkins.plugins.amazonecr.AmazonECSRegistryCredential
Amazon ECR Registry:test-creds-EU_CENTRAL_1
Jul 28, 2017 12:31:33 PM FINEST com.cloudbees.jenkins.plugins.amazonecr.AmazonECSRegistryCredential
Amazon ECR Registry:test-creds-EU_CENTRAL_1
Jul 28, 2017 12:31:33 PM FINEST com.cloudbees.jenkins.plugins.amazonecr.AmazonECSRegistryCredential
Amazon ECR Registry:test-creds-AP_SOUTHEAST_1
Jul 28, 2017 12:31:33 PM FINEST com.cloudbees.jenkins.plugins.amazonecr.AmazonECSRegistryCredential
Amazon ECR Registry:test-creds-AP_SOUTHEAST_1
Jul 28, 2017 12:31:33 PM FINEST com.cloudbees.jenkins.plugins.amazonecr.AmazonECSRegistryCredential
Amazon ECR Registry:test-creds-AP_SOUTH_1
Jul 28, 2017 12:31:33 PM FINEST com.cloudbees.jenkins.plugins.amazonecr.AmazonECSRegistryCredential
Amazon ECR Registry:test-creds-AP_SOUTH_1
Jul 28, 2017 12:31:33 PM FINEST com.cloudbees.jenkins.plugins.amazonecr.AmazonECSRegistryCredential
Amazon ECR Registry:test-creds-AP_SOUTHEAST_2
Jul 28, 2017 12:31:33 PM FINEST com.cloudbees.jenkins.plugins.amazonecr.AmazonECSRegistryCredential
Amazon ECR Registry:test-creds-AP_SOUTHEAST_2
Jul 28, 2017 12:31:33 PM FINEST com.cloudbees.jenkins.plugins.amazonecr.AmazonECSRegistryCredential
Amazon ECR Registry:test-creds-GovCloud
Jul 28, 2017 12:31:33 PM FINEST com.cloudbees.jenkins.plugins.amazonecr.AmazonECSRegistryCredential
Amazon ECR Registry:test-creds-GovCloud
Jul 28, 2017 12:31:33 PM FINEST com.cloudbees.jenkins.plugins.amazonecr.AmazonECSRegistryCredential
Amazon ECR Registry:test-creds-AP_SOUTHEAST_2
Jul 28, 2017 12:31:33 PM FINEST com.cloudbees.jenkins.plugins.amazonecr.AmazonECSRegistryCredential
Amazon ECR Registry:test-creds-AP_SOUTHEAST_2
Jul 28, 2017 12:31:33 PM FINEST com.cloudbees.jenkins.plugins.amazonecr.AmazonECSRegistryCredential
Amazon ECR Registry:test-creds-EU_CENTRAL_1
Jul 28, 2017 12:31:33 PM FINEST com.cloudbees.jenkins.plugins.amazonecr.AmazonECSRegistryCredential
Amazon ECR Registry:test-creds-EU_CENTRAL_1
Jul 28, 2017 12:31:33 PM FINEST com.cloudbees.jenkins.plugins.amazonecr.AmazonECSRegistryCredential
Amazon ECR Registry:test-creds-AP_SOUTHEAST_2
Jul 28, 2017 12:31:33 PM FINEST com.cloudbees.jenkins.plugins.amazonecr.AmazonECSRegistryCredential
Amazon ECR Registry:test-creds-AP_SOUTHEAST_2
Jul 28, 2017 12:31:33 PM FINEST com.cloudbees.jenkins.plugins.amazonecr.AmazonECSRegistryCredential
Amazon ECR Registry:test-creds-AP_SOUTHEAST_1
Jul 28, 2017 12:31:33 PM FINEST com.cloudbees.jenkins.plugins.amazonecr.AmazonECSRegistryCredential
Amazon ECR Registry:test-creds-AP_SOUTHEAST_1
Jul 28, 2017 12:31:33 PM FINEST com.cloudbees.jenkins.plugins.amazonecr.AmazonECSRegistryCredential
Amazon ECR Registry:test-creds-AP_NORTHEAST_1
Jul 28, 2017 12:31:33 PM FINEST com.cloudbees.jenkins.plugins.amazonecr.AmazonECSRegistryCredential
Amazon ECR Registry:test-creds-AP_NORTHEAST_1
Jul 28, 2017 12:31:33 PM FINEST com.cloudbees.jenkins.plugins.amazonecr.AmazonECSRegistryCredential
Amazon ECR Registry:test-creds-EU_WEST_2
Jul 28, 2017 12:31:33 PM FINEST com.cloudbees.jenkins.plugins.amazonecr.AmazonECSRegistryCredential
Amazon ECR Registry:test-creds-EU_WEST_2
Jul 28, 2017 12:31:33 PM FINEST com.cloudbees.jenkins.plugins.amazonecr.AmazonECSRegistryCredential
Amazon ECR Registry:test-creds-AP_NORTHEAST_1
Jul 28, 2017 12:31:33 PM FINEST com.cloudbees.jenkins.plugins.amazonecr.AmazonECSRegistryCredential
Amazon ECR Registry:test-creds-AP_NORTHEAST_1
Jul 28, 2017 12:31:33 PM FINEST com.cloudbees.jenkins.plugins.amazonecr.AmazonECSRegistryCredential
Amazon ECR Registry:test-creds-AP_SOUTHEAST_2
Jul 28, 2017 12:31:33 PM FINEST com.cloudbees.jenkins.plugins.amazonecr.AmazonECSRegistryCredential
Amazon ECR Registry:test-creds-AP_SOUTHEAST_2
Jul 28, 2017 12:31:33 PM FINEST com.cloudbees.jenkins.plugins.amazonecr.AmazonECSRegistryCredential
Amazon ECR Registry:test-creds-AP_NORTHEAST_1
Jul 28, 2017 12:31:33 PM FINEST com.cloudbees.jenkins.plugins.amazonecr.AmazonECSRegistryCredential
Amazon ECR Registry:test-creds-AP_NORTHEAST_1
Jul 28, 2017 12:31:33 PM FINEST com.cloudbees.jenkins.plugins.amazonecr.AmazonECSRegistryCredential
Amazon ECR Registry:test-creds-AP_SOUTHEAST_1
Jul 28, 2017 12:31:33 PM FINEST com.cloudbees.jenkins.plugins.amazonecr.AmazonECSRegistryCredential
Amazon ECR Registry:test-creds-AP_SOUTHEAST_1
Jul 28, 2017 12:31:33 PM FINEST com.cloudbees.jenkins.plugins.amazonecr.AmazonECSRegistryCredential
Amazon ECR Registry:test-creds-AP_NORTHEAST_1
Jul 28, 2017 12:31:33 PM FINEST com.cloudbees.jenkins.plugins.amazonecr.AmazonECSRegistryCredential
Amazon ECR Registry:test-creds-AP_NORTHEAST_1
Jul 28, 2017 12:31:33 PM FINEST com.cloudbees.jenkins.plugins.amazonecr.AmazonECSRegistryCredential
Amazon ECR Registry:test-creds-AP_SOUTH_1
Jul 28, 2017 12:31:33 PM FINEST com.cloudbees.jenkins.plugins.amazonecr.AmazonECSRegistryCredential
Amazon ECR Registry:test-creds-AP_SOUTH_1
Jul 28, 2017 12:31:33 PM FINEST com.cloudbees.jenkins.plugins.amazonecr.AmazonECSRegistryCredential
Amazon ECR Registry:test-creds-AP_NORTHEAST_2
Jul 28, 2017 12:31:33 PM FINEST com.cloudbees.jenkins.plugins.amazonecr.AmazonECSRegistryCredential
Amazon ECR Registry:test-creds-AP_NORTHEAST_2
Jul 28, 2017 12:31:33 PM FINEST com.cloudbees.jenkins.plugins.amazonecr.AmazonECSRegistryCredential
Amazon ECR Registry:test-creds-EU_WEST_2
Jul 28, 2017 12:31:33 PM FINEST com.cloudbees.jenkins.plugins.amazonecr.AmazonECSRegistryCredential
Amazon ECR Registry:test-creds-EU_WEST_2
Jul 28, 2017 12:31:33 PM FINEST com.cloudbees.jenkins.plugins.amazonecr.AmazonECSRegistryCredential
Amazon ECR Registry:test-creds-AP_NORTHEAST_2
Jul 28, 2017 12:31:33 PM FINEST com.cloudbees.jenkins.plugins.amazonecr.AmazonECSRegistryCredential
Amazon ECR Registry:test-creds-AP_NORTHEAST_2
Jul 28, 2017 12:31:33 PM FINEST com.cloudbees.jenkins.plugins.amazonecr.AmazonECSRegistryCredential
Amazon ECR Registry:test-creds-AP_SOUTHEAST_2
Jul 28, 2017 12:31:33 PM FINEST com.cloudbees.jenkins.plugins.amazonecr.AmazonECSRegistryCredential
Amazon ECR Registry:test-creds-AP_SOUTHEAST_2
Jul 28, 2017 12:31:33 PM FINEST com.cloudbees.jenkins.plugins.amazonecr.AmazonECSRegistryCredential
Amazon ECR Registry:test-creds-AP_NORTHEAST_2
Jul 28, 2017 12:31:33 PM FINEST com.cloudbees.jenkins.plugins.amazonecr.AmazonECSRegistryCredential
Amazon ECR Registry:test-creds-AP_NORTHEAST_2
Jul 28, 2017 12:31:33 PM FINEST com.cloudbees.jenkins.plugins.amazonecr.AmazonECSRegistryCredential
Amazon ECR Registry:test-creds-AP_SOUTH_1
Jul 28, 2017 12:31:33 PM FINEST com.cloudbees.jenkins.plugins.amazonecr.AmazonECSRegistryCredential
Amazon ECR Registry:test-creds-AP_SOUTH_1
Jul 28, 2017 12:31:33 PM FINEST com.cloudbees.jenkins.plugins.amazonecr.AmazonECSRegistryCredential
Amazon ECR Registry:test-creds-AP_NORTHEAST_2
Jul 28, 2017 12:31:33 PM FINEST com.cloudbees.jenkins.plugins.amazonecr.AmazonECSRegistryCredential
Amazon ECR Registry:test-creds-AP_NORTHEAST_2
Jul 28, 2017 12:31:33 PM FINEST com.cloudbees.jenkins.plugins.amazonecr.AmazonECSRegistryCredential
Amazon ECR Registry:test-creds-AP_NORTHEAST_1
Jul 28, 2017 12:31:33 PM FINEST com.cloudbees.jenkins.plugins.amazonecr.AmazonECSRegistryCredential
Amazon ECR Registry:test-creds-AP_NORTHEAST_1
Jul 28, 2017 12:31:33 PM FINEST com.cloudbees.jenkins.plugins.amazonecr.AmazonECSRegistryCredential
Amazon ECR Registry:test-creds-SA_EAST_1
Jul 28, 2017 12:31:33 PM FINEST com.cloudbees.jenkins.plugins.amazonecr.AmazonECSRegistryCredential
Amazon ECR Registry:test-creds-SA_EAST_1
Jul 28, 2017 12:31:33 PM FINEST com.cloudbees.jenkins.plugins.amazonecr.AmazonECSRegistryCredential
Amazon ECR Registry:test-creds-EU_WEST_1
Jul 28, 2017 12:31:33 PM FINEST com.cloudbees.jenkins.plugins.amazonecr.AmazonECSRegistryCredential
Amazon ECR Registry:test-creds-EU_WEST_1
Jul 28, 2017 12:31:33 PM FINEST com.cloudbees.jenkins.plugins.amazonecr.AmazonECSRegistryCredential
Amazon ECR Registry:test-creds-SA_EAST_1
Jul 28, 2017 12:31:33 PM FINEST com.cloudbees.jenkins.plugins.amazonecr.AmazonECSRegistryCredential
Amazon ECR Registry:test-creds-SA_EAST_1
Jul 28, 2017 12:31:33 PM FINEST com.cloudbees.jenkins.plugins.amazonecr.AmazonECSRegistryCredential
Amazon ECR Registry:test-creds-US_EAST_2
Jul 28, 2017 12:31:33 PM FINEST com.cloudbees.jenkins.plugins.amazonecr.AmazonECSRegistryCredential
Amazon ECR Registry:test-creds-US_EAST_2
Jul 28, 2017 12:31:33 PM FINEST com.cloudbees.jenkins.plugins.amazonecr.AmazonECSRegistryCredential
Amazon ECR Registry:test-creds-SA_EAST_1
Jul 28, 2017 12:31:33 PM FINEST com.cloudbees.jenkins.plugins.amazonecr.AmazonECSRegistryCredential
Amazon ECR Registry:test-creds-SA_EAST_1
Jul 28, 2017 12:31:33 PM FINEST com.cloudbees.jenkins.plugins.amazonecr.AmazonECSRegistryCredential
Amazon ECR Registry:test-creds-GovCloud
Jul 28, 2017 12:31:33 PM FINEST com.cloudbees.jenkins.plugins.amazonecr.AmazonECSRegistryCredential
Amazon ECR Registry:test-creds-GovCloud
Jul 28, 2017 12:31:33 PM FINEST com.cloudbees.jenkins.plugins.amazonecr.AmazonECSRegistryCredential
Amazon ECR Registry:test-creds-SA_EAST_1
Jul 28, 2017 12:31:33 PM FINEST com.cloudbees.jenkins.plugins.amazonecr.AmazonECSRegistryCredential
Amazon ECR Registry:test-creds-SA_EAST_1
Jul 28, 2017 12:31:33 PM FINEST com.cloudbees.jenkins.plugins.amazonecr.AmazonECSRegistryCredential
Amazon ECR Registry:test-creds-US_EAST_1
Jul 28, 2017 12:31:33 PM FINEST com.cloudbees.jenkins.plugins.amazonecr.AmazonECSRegistryCredential
Amazon ECR Registry:test-creds-US_EAST_1
Jul 28, 2017 12:31:33 PM FINEST com.cloudbees.jenkins.plugins.amazonecr.AmazonECSRegistryCredential
Amazon ECR Registry:test-creds-CN_NORTH_1
Jul 28, 2017 12:31:33 PM FINEST com.cloudbees.jenkins.plugins.amazonecr.AmazonECSRegistryCredential
Amazon ECR Registry:test-creds-CN_NORTH_1
Jul 28, 2017 12:31:33 PM FINEST com.cloudbees.jenkins.plugins.amazonecr.AmazonECSRegistryCredential
Amazon ECR Registry:test-creds-EU_WEST_2
Jul 28, 2017 12:31:33 PM FINEST com.cloudbees.jenkins.plugins.amazonecr.AmazonECSRegistryCredential
Amazon ECR Registry:test-creds-EU_WEST_2
Jul 28, 2017 12:31:33 PM FINEST com.cloudbees.jenkins.plugins.amazonecr.AmazonECSRegistryCredential
Amazon ECR Registry:test-creds-CN_NORTH_1
Jul 28, 2017 12:31:33 PM FINEST com.cloudbees.jenkins.plugins.amazonecr.AmazonECSRegistryCredential
Amazon ECR Registry:test-creds-CN_NORTH_1
Jul 28, 2017 12:31:33 PM FINEST com.cloudbees.jenkins.plugins.amazonecr.AmazonECSRegistryCredential
Amazon ECR Registry:test-creds-AP_SOUTHEAST_1
Jul 28, 2017 12:31:33 PM FINEST com.cloudbees.jenkins.plugins.amazonecr.AmazonECSRegistryCredential
Amazon ECR Registry:test-creds-AP_SOUTHEAST_1
Jul 28, 2017 12:31:33 PM FINEST com.cloudbees.jenkins.plugins.amazonecr.AmazonECSRegistryCredential
Amazon ECR Registry:test-creds-CN_NORTH_1
Jul 28, 2017 12:31:33 PM FINEST com.cloudbees.jenkins.plugins.amazonecr.AmazonECSRegistryCredential
Amazon ECR Registry:test-creds-CN_NORTH_1
Jul 28, 2017 12:31:33 PM FINEST com.cloudbees.jenkins.plugins.amazonecr.AmazonECSRegistryCredential
Amazon ECR Registry:test-creds-EU_CENTRAL_1
Jul 28, 2017 12:31:33 PM FINEST com.cloudbees.jenkins.plugins.amazonecr.AmazonECSRegistryCredential
Amazon ECR Registry:test-creds-EU_CENTRAL_1
Jul 28, 2017 12:31:33 PM FINEST com.cloudbees.jenkins.plugins.amazonecr.AmazonECSRegistryCredential
Amazon ECR Registry:test-creds-CN_NORTH_1
Jul 28, 2017 12:31:33 PM FINEST com.cloudbees.jenkins.plugins.amazonecr.AmazonECSRegistryCredential
Amazon ECR Registry:test-creds-CN_NORTH_1
Jul 28, 2017 12:31:33 PM FINEST com.cloudbees.jenkins.plugins.amazonecr.AmazonECSRegistryCredential
Amazon ECR Registry:test-creds-AP_SOUTHEAST_2
Jul 28, 2017 12:31:33 PM FINEST com.cloudbees.jenkins.plugins.amazonecr.AmazonECSRegistryCredential
Amazon ECR Registry:test-creds-AP_SOUTHEAST_2
Jul 28, 2017 12:31:33 PM FINEST com.cloudbees.jenkins.plugins.amazonecr.AmazonECSRegistryCredential
Amazon ECR Registry:test-creds-CA_CENTRAL_1
Jul 28, 2017 12:31:33 PM FINEST com.cloudbees.jenkins.plugins.amazonecr.AmazonECSRegistryCredential
Amazon ECR Registry:test-creds-CA_CENTRAL_1
Jul 28, 2017 12:31:33 PM FINEST com.cloudbees.jenkins.plugins.amazonecr.AmazonECSRegistryCredential
Amazon ECR Registry:test-creds-EU_WEST_1
Jul 28, 2017 12:31:33 PM FINEST com.cloudbees.jenkins.plugins.amazonecr.AmazonECSRegistryCredential
Amazon ECR Registry:test-creds-EU_WEST_1
Jul 28, 2017 12:31:33 PM FINEST com.cloudbees.jenkins.plugins.amazonecr.AmazonECSRegistryCredential
Amazon ECR Registry:test-creds-CA_CENTRAL_1
Jul 28, 2017 12:31:33 PM FINEST com.cloudbees.jenkins.plugins.amazonecr.AmazonECSRegistryCredential
Amazon ECR Registry:test-creds-CA_CENTRAL_1
Jul 28, 2017 12:31:33 PM FINEST com.cloudbees.jenkins.plugins.amazonecr.AmazonECSRegistryCredential
Amazon ECR Registry:test-creds-AP_SOUTHEAST_1
Jul 28, 2017 12:31:33 PM FINEST com.cloudbees.jenkins.plugins.amazonecr.AmazonECSRegistryCredential
Amazon ECR Registry:test-creds-AP_SOUTHEAST_1
Jul 28, 2017 12:31:33 PM FINEST com.cloudbees.jenkins.plugins.amazonecr.AmazonECSRegistryCredential
Amazon ECR Registry:test-creds-CA_CENTRAL_1
Jul 28, 2017 12:31:33 PM FINEST com.cloudbees.jenkins.plugins.amazonecr.AmazonECSRegistryCredential
Amazon ECR Registry:test-creds-CA_CENTRAL_1
Jul 28, 2017 12:31:33 PM FINEST com.cloudbees.jenkins.plugins.amazonecr.AmazonECSRegistryCredential
Amazon ECR Registry:test-creds-CN_NORTH_1
Jul 28, 2017 12:31:33 PM FINEST com.cloudbees.jenkins.plugins.amazonecr.AmazonECSRegistryCredential
Amazon ECR Registry:test-creds-CN_NORTH_1
Jul 28, 2017 12:31:33 PM FINEST com.cloudbees.jenkins.plugins.amazonecr.AmazonECSRegistryCredential
Amazon ECR Registry:test-creds-CA_CENTRAL_1
Jul 28, 2017 12:31:33 PM FINEST com.cloudbees.jenkins.plugins.amazonecr.AmazonECSRegistryCredential
Amazon ECR Registry:test-creds-CA_CENTRAL_1
Jul 28, 2017 12:31:33 PM FINEST com.cloudbees.jenkins.plugins.amazonecr.AmazonECSRegistryCredential
Amazon ECR Registry:test-creds-AP_SOUTHEAST_2
Jul 28, 2017 12:31:33 PM FINEST com.cloudbees.jenkins.plugins.amazonecr.AmazonECSRegistryCredential
Amazon ECR Registry:test-creds-AP_SOUTHEAST_2
Jul 28, 2017 12:31:33 PM FINEST com.cloudbees.jenkins.plugins.amazonecr.AmazonECSRegistryCredential
Amazon ECR Registry:test-creds-EU_WEST_1
Jul 28, 2017 12:31:33 PM FINEST com.cloudbees.jenkins.plugins.amazonecr.AmazonECSRegistryCredential
Amazon ECR Registry:test-creds-EU_WEST_1
Jul 28, 2017 12:31:33 PM FINEST com.cloudbees.jenkins.plugins.amazonecr.AmazonECSRegistryCredential
Amazon ECR Registry:test-creds-AP_SOUTHEAST_2
Jul 28, 2017 12:31:33 PM FINEST com.cloudbees.jenkins.plugins.amazonecr.AmazonECSRegistryCredential
Amazon ECR Registry:test-creds-AP_SOUTHEAST_2
Jul 28, 2017 12:31:33 PM FINEST com.cloudbees.jenkins.plugins.amazonecr.AmazonECSRegistryCredential
Amazon ECR Registry:test-creds-AP_SOUTH_1
Jul 28, 2017 12:31:33 PM FINEST com.cloudbees.jenkins.plugins.amazonecr.AmazonECSRegistryCredential
Amazon ECR Registry:test-creds-AP_SOUTH_1
Jul 28, 2017 12:31:33 PM FINEST com.cloudbees.jenkins.plugins.amazonecr.AmazonECSRegistryCredential
Amazon ECR Registry:test-creds-AP_NORTHEAST_2
Jul 28, 2017 12:31:33 PM FINEST com.cloudbees.jenkins.plugins.amazonecr.AmazonECSRegistryCredential
Amazon ECR Registry:test-creds-AP_NORTHEAST_2
Jul 28, 2017 12:31:33 PM FINEST com.cloudbees.jenkins.plugins.amazonecr.AmazonECSRegistryCredential
Amazon ECR Registry:test-creds-AP_NORTHEAST_1
Jul 28, 2017 12:31:33 PM FINEST com.cloudbees.jenkins.plugins.amazonecr.AmazonECSRegistryCredential
Amazon ECR Registry:test-creds-AP_NORTHEAST_1
Jul 28, 2017 12:31:33 PM FINE com.cloudbees.jenkins.plugins.amazonecr.AmazonECSRegistryTokenSource
Converting credential to Docker registry token : test-creds
Jul 28, 2017 12:31:33 PM FINE com.cloudbees.jenkins.plugins.amazonecr.AmazonECSRegistryCredential
Looking for Amazon web credentials ID: test-creds Region: US_EAST_2
Jul 28, 2017 12:31:33 PM FINEST com.cloudbees.jenkins.plugins.amazonecr.AmazonECSRegistryCredential
Trace : java.lang.Throwable
  at com.cloudbees.jenkins.plugins.amazonecr.AmazonECSRegistryCredential.getCredentials(AmazonECSRegistryCredential.java:91)
  at com.cloudbees.jenkins.plugins.amazonecr.AmazonECSRegistryCredential.getPassword(AmazonECSRegistryCredential.java:120)
  at com.cloudbees.jenkins.plugins.amazonecr.AmazonECSRegistryTokenSource.convert(AmazonECSRegistryTokenSource.java:55)
  at com.cloudbees.jenkins.plugins.amazonecr.AmazonECSRegistryTokenSource.convert(AmazonECSRegistryTokenSource.java:41)
  at jenkins.authentication.tokens.api.AuthenticationTokens.convert(AuthenticationTokens.java:148)
  at jenkins.authentication.tokens.api.AuthenticationTokens.convert(AuthenticationTokens.java:110)
  at org.jenkinsci.plugins.docker.commons.credentials.DockerRegistryEndpoint.getToken(DockerRegistryEndpoint.java:182)
  at org.jenkinsci.plugins.docker.commons.credentials.DockerRegistryEndpoint.newKeyMaterialFactory(DockerRegistryEndpoint.java:215)
  at org.jenkinsci.plugins.docker.workflow.RegistryEndpointStep$Execution.newKeyMaterialFactory(RegistryEndpointStep.java:65)
  at org.jenkinsci.plugins.docker.workflow.AbstractEndpointStepExecution.start(AbstractEndpointStepExecution.java:44)
  at org.jenkinsci.plugins.workflow.cps.DSL.invokeStep(DSL.java:224)
  at org.jenkinsci.plugins.workflow.cps.DSL.invokeMethod(DSL.java:150)
  at org.jenkinsci.plugins.workflow.cps.CpsScript.invokeMethod(CpsScript.java:108)
  at org.codehaus.groovy.runtime.callsite.PogoMetaClassSite.call(PogoMetaClassSite.java:48)
  at org.codehaus.groovy.runtime.callsite.CallSiteArray.defaultCall(CallSiteArray.java:48)
  at org.codehaus.groovy.runtime.callsite.AbstractCallSite.call(AbstractCallSite.java:113)
  at com.cloudbees.groovy.cps.sandbox.DefaultInvoker.methodCall(DefaultInvoker.java:18)
  at com.cloudbees.groovy.cps.impl.ContinuationGroup.methodCall(ContinuationGroup.java:57)
  at com.cloudbees.groovy.cps.impl.FunctionCallBlock$ContinuationImpl.dispatchOrArg(FunctionCallBlock.java:109)
  at com.cloudbees.groovy.cps.impl.FunctionCallBlock$ContinuationImpl.fixArg(FunctionCallBlock.java:82)
  at sun.reflect.GeneratedMethodAccessor85.invoke(Unknown Source)
  at sun.reflect.DelegatingMethodAccessorImpl.invoke(DelegatingMethodAccessorImpl.java:43)
  at java.lang.reflect.Method.invoke(Method.java:498)
  at com.cloudbees.groovy.cps.impl.ContinuationPtr$ContinuationImpl.receive(ContinuationPtr.java:72)
  at com.cloudbees.groovy.cps.impl.ClosureBlock.eval(ClosureBlock.java:46)
  at com.cloudbees.groovy.cps.Next.step(Next.java:83)
  at com.cloudbees.groovy.cps.Continuable$1.call(Continuable.java:173)
  at com.cloudbees.groovy.cps.Continuable$1.call(Continuable.java:162)
  at org.codehaus.groovy.runtime.GroovyCategorySupport$ThreadCategoryInfo.use(GroovyCategorySupport.java:122)
  at org.codehaus.groovy.runtime.GroovyCategorySupport.use(GroovyCategorySupport.java:261)
  at com.cloudbees.groovy.cps.Continuable.run0(Continuable.java:162)
  at org.jenkinsci.plugins.workflow.cps.SandboxContinuable.access$001(SandboxContinuable.java:19)
  at org.jenkinsci.plugins.workflow.cps.SandboxContinuable$1.call(SandboxContinuable.java:35)
  at org.jenkinsci.plugins.workflow.cps.SandboxContinuable$1.call(SandboxContinuable.java:32)
  at org.jenkinsci.plugins.scriptsecurity.sandbox.groovy.GroovySandbox.runInSandbox(GroovySandbox.java:108)
  at org.jenkinsci.plugins.workflow.cps.SandboxContinuable.run0(SandboxContinuable.java:32)
  at org.jenkinsci.plugins.workflow.cps.CpsThread.runNextChunk(CpsThread.java:174)
  at org.jenkinsci.plugins.workflow.cps.CpsThreadGroup.run(CpsThreadGroup.java:330)
  at org.jenkinsci.plugins.workflow.cps.CpsThreadGroup.access$100(CpsThreadGroup.java:82)
  at org.jenkinsci.plugins.workflow.cps.CpsThreadGroup$2.call(CpsThreadGroup.java:242)
  at org.jenkinsci.plugins.workflow.cps.CpsThreadGroup$2.call(CpsThreadGroup.java:230)
  at org.jenkinsci.plugins.workflow.cps.CpsVmExecutorService$2.call(CpsVmExecutorService.java:64)
  at java.util.concurrent.FutureTask.run(FutureTask.java:266)
  at hudson.remoting.SingleLaneExecutorService$1.run(SingleLaneExecutorService.java:112)
  at jenkins.util.ContextResettingExecutorService$1.run(ContextResettingExecutorService.java:28)
  at java.util.concurrent.Executors$RunnableAdapter.call(Executors.java:511)
  at java.util.concurrent.FutureTask.run(FutureTask.java:266)
  at java.util.concurrent.ThreadPoolExecutor.runWorker(ThreadPoolExecutor.java:1149)
  at java.util.concurrent.ThreadPoolExecutor$Worker.run(ThreadPoolExecutor.java:624)
  at java.lang.Thread.run(Thread.java:748)

Jul 28, 2017 12:31:33 PM FINE com.cloudbees.jenkins.plugins.amazonecr.AmazonECSRegistryCredential
ID found test-creds
Jul 28, 2017 12:31:33 PM FINE com.cloudbees.jenkins.plugins.amazonecr.AmazonECSRegistryCredential
Get Password for <MY_ACCESS_KEY> region : US_EAST_2
Jul 28, 2017 12:31:33 PM ALL com.cloudbees.jenkins.plugins.amazonecr.AmazonECSRegistryCredential
Trace : java.lang.Throwable
  at com.cloudbees.jenkins.plugins.amazonecr.AmazonECSRegistryCredential.getPassword(AmazonECSRegistryCredential.java:124)
  at com.cloudbees.jenkins.plugins.amazonecr.AmazonECSRegistryTokenSource.convert(AmazonECSRegistryTokenSource.java:55)
  at com.cloudbees.jenkins.plugins.amazonecr.AmazonECSRegistryTokenSource.convert(AmazonECSRegistryTokenSource.java:41)
  at jenkins.authentication.tokens.api.AuthenticationTokens.convert(AuthenticationTokens.java:148)
  at jenkins.authentication.tokens.api.AuthenticationTokens.convert(AuthenticationTokens.java:110)
  at org.jenkinsci.plugins.docker.commons.credentials.DockerRegistryEndpoint.getToken(DockerRegistryEndpoint.java:182)
  at org.jenkinsci.plugins.docker.commons.credentials.DockerRegistryEndpoint.newKeyMaterialFactory(DockerRegistryEndpoint.java:215)
  at org.jenkinsci.plugins.docker.workflow.RegistryEndpointStep$Execution.newKeyMaterialFactory(RegistryEndpointStep.java:65)
  at org.jenkinsci.plugins.docker.workflow.AbstractEndpointStepExecution.start(AbstractEndpointStepExecution.java:44)
  at org.jenkinsci.plugins.workflow.cps.DSL.invokeStep(DSL.java:224)
  at org.jenkinsci.plugins.workflow.cps.DSL.invokeMethod(DSL.java:150)
  at org.jenkinsci.plugins.workflow.cps.CpsScript.invokeMethod(CpsScript.java:108)
  at org.codehaus.groovy.runtime.callsite.PogoMetaClassSite.call(PogoMetaClassSite.java:48)
  at org.codehaus.groovy.runtime.callsite.CallSiteArray.defaultCall(CallSiteArray.java:48)
  at org.codehaus.groovy.runtime.callsite.AbstractCallSite.call(AbstractCallSite.java:113)
  at com.cloudbees.groovy.cps.sandbox.DefaultInvoker.methodCall(DefaultInvoker.java:18)
  at com.cloudbees.groovy.cps.impl.ContinuationGroup.methodCall(ContinuationGroup.java:57)
  at com.cloudbees.groovy.cps.impl.FunctionCallBlock$ContinuationImpl.dispatchOrArg(FunctionCallBlock.java:109)
  at com.cloudbees.groovy.cps.impl.FunctionCallBlock$ContinuationImpl.fixArg(FunctionCallBlock.java:82)
  at sun.reflect.GeneratedMethodAccessor85.invoke(Unknown Source)
  at sun.reflect.DelegatingMethodAccessorImpl.invoke(DelegatingMethodAccessorImpl.java:43)
  at java.lang.reflect.Method.invoke(Method.java:498)
  at com.cloudbees.groovy.cps.impl.ContinuationPtr$ContinuationImpl.receive(ContinuationPtr.java:72)
  at com.cloudbees.groovy.cps.impl.ClosureBlock.eval(ClosureBlock.java:46)
  at com.cloudbees.groovy.cps.Next.step(Next.java:83)
  at com.cloudbees.groovy.cps.Continuable$1.call(Continuable.java:173)
  at com.cloudbees.groovy.cps.Continuable$1.call(Continuable.java:162)
  at org.codehaus.groovy.runtime.GroovyCategorySupport$ThreadCategoryInfo.use(GroovyCategorySupport.java:122)
  at org.codehaus.groovy.runtime.GroovyCategorySupport.use(GroovyCategorySupport.java:261)
  at com.cloudbees.groovy.cps.Continuable.run0(Continuable.java:162)
  at org.jenkinsci.plugins.workflow.cps.SandboxContinuable.access$001(SandboxContinuable.java:19)
  at org.jenkinsci.plugins.workflow.cps.SandboxContinuable$1.call(SandboxContinuable.java:35)
  at org.jenkinsci.plugins.workflow.cps.SandboxContinuable$1.call(SandboxContinuable.java:32)
  at org.jenkinsci.plugins.scriptsecurity.sandbox.groovy.GroovySandbox.runInSandbox(GroovySandbox.java:108)
  at org.jenkinsci.plugins.workflow.cps.SandboxContinuable.run0(SandboxContinuable.java:32)
  at org.jenkinsci.plugins.workflow.cps.CpsThread.runNextChunk(CpsThread.java:174)
  at org.jenkinsci.plugins.workflow.cps.CpsThreadGroup.run(CpsThreadGroup.java:330)
  at org.jenkinsci.plugins.workflow.cps.CpsThreadGroup.access$100(CpsThreadGroup.java:82)
  at org.jenkinsci.plugins.workflow.cps.CpsThreadGroup$2.call(CpsThreadGroup.java:242)
  at org.jenkinsci.plugins.workflow.cps.CpsThreadGroup$2.call(CpsThreadGroup.java:230)
  at org.jenkinsci.plugins.workflow.cps.CpsVmExecutorService$2.call(CpsVmExecutorService.java:64)
  at java.util.concurrent.FutureTask.run(FutureTask.java:266)
  at hudson.remoting.SingleLaneExecutorService$1.run(SingleLaneExecutorService.java:112)
  at jenkins.util.ContextResettingExecutorService$1.run(ContextResettingExecutorService.java:28)
  at java.util.concurrent.Executors$RunnableAdapter.call(Executors.java:511)
  at java.util.concurrent.FutureTask.run(FutureTask.java:266)
  at java.util.concurrent.ThreadPoolExecutor.runWorker(ThreadPoolExecutor.java:1149)
  at java.util.concurrent.ThreadPoolExecutor$Worker.run(ThreadPoolExecutor.java:624)
  at java.lang.Thread.run(Thread.java:748)

Jul 28, 2017 12:31:35 PM FINE com.cloudbees.jenkins.plugins.amazonecr.AmazonECSRegistryCredential
Success
