Docker Commons Plugin (docker-commons): 1.13
GitHub API Plugin (github-api): 1.92
Structs Plugin (structs): 1.17
Personalization for Blue Ocean (blueocean-personalization): 1.9.0
Docker Slaves Plugin (docker-slaves): 1.0.7
Locale plugin (locale): 1.3
Credentials Plugin (credentials): 2.1.18
JavaScript GUI Lib: ACE Editor bundle plugin (ace-editor): 1.1
CMake plugin (cmakebuilder): 2.6.0
Events API for Blue Ocean (blueocean-events): 1.9.0
Jackson 2 API Plugin (jackson2-api): 2.8.11.3
JIRA plugin (jira): 3.0.3
Git plugin (git): 3.9.1
Run Condition Plugin (run-condition): 1.2
Compress Artifacts Plugin (compress-artifacts): 1.10
Pipeline: Milestone Step (pipeline-milestone-step): 1.3.1
Debian Package Builder (debian-package-builder): 1.6.11
Blue Ocean (blueocean): 1.9.0
SSH Credentials Plugin (ssh-credentials): 1.14
Bitbucket Build Status Notifier Plugin (bitbucket-build-status-notifier): 1.4.1
Bitbucket Pullrequest Builder Plugin (bitbucket-pullrequest-builder): 1.4.28
Durable Task Plugin (durable-task): 1.26
SSH Slaves plugin (ssh-slaves): 1.28.1
Design Language (jenkins-design-language): 1.9.0
Pipeline implementation for Blue Ocean (blueocean-pipeline-api-impl): 1.9.0
Display URL for Blue Ocean (blueocean-display-url): 2.2.0
Favorite (favorite): 2.3.2
Docker Pipeline (docker-workflow): 1.17
Docker plugin (docker-plugin): 1.1.5
Web for Blue Ocean (blueocean-web): 1.9.0
Pipeline: Build Step (pipeline-build-step): 2.7
Branch API Plugin (branch-api): 2.0.20
JDK Tool Plugin (jdk-tool): 1.1
Multiple SCMs plugin (multiple-scms): 0.6
Git client plugin (git-client): 2.7.3
JIRA Integration for Blue Ocean (blueocean-jira): 1.9.0
Environment Injector Plugin (envinject): 2.1.6
Mailer Plugin (mailer): 1.22
Pipeline: Nodes and Processes (workflow-durable-task-step): 2.22
Apache HttpComponents Client 4.x API Plugin (apache-httpcomponents-client-4-api): 4.5.5-3.0
Display URL API (display-url-api): 2.2.0
GIT server Plugin (git-server): 1.7
LDAP Plugin (ldap): 1.20
Configuration Slicing plugin (configurationslicing): 1.47
Pipeline: API (workflow-api): 2.30
Bitbucket Commit Skip SCM Behaviour (bitbucket-scm-trait-commit-skip): 0.1.1
Node and Label parameter plugin (nodelabelparameter): 1.7.2
Git Pipeline for Blue Ocean (blueocean-git-pipeline): 1.9.0
Blue Ocean Core JS (blueocean-core-js): 1.9.0
Matrix Project Plugin (matrix-project): 1.13
Credentials Binding Plugin (credentials-binding): 1.16
Pipeline: Basic Steps (workflow-basic-steps): 2.11
PAM Authentication plugin (pam-auth): 1.4
Config API for Blue Ocean (blueocean-config): 1.9.0
REST API for Blue Ocean (blueocean-rest): 1.9.0
JSch dependency plugin (jsch): 0.1.54.2
Pipeline: REST API Plugin (pipeline-rest-api): 2.10
Token Macro Plugin (token-macro): 2.5
Pipeline: Step API (workflow-step-api): 2.16
Delivery Pipeline Plugin (delivery-pipeline-plugin): 1.2.0
Docker API Plugin (docker-java-api): 3.0.14
Command Agent Launcher Plugin (command-launcher): 1.2
Bitbucket Pipeline for Blue Ocean (blueocean-bitbucket-pipeline): 1.9.0
Pipeline: Supporting APIs (workflow-support): 2.21
Debian Pbuilder (debian-pbuilder): 1.4
MapDB API Plugin (mapdb-api): 1.0.9.0
Pipeline: Job (workflow-job): 2.25
Pipeline SCM API for Blue Ocean (blueocean-pipeline-scm-api): 1.9.0
JavaScript GUI Lib: Moment.js bundle plugin (momentjs): 1.1.1
Windows Slaves Plugin (windows-slaves): 1.3.1
Pipeline Graph Analysis Plugin (pipeline-graph-analysis): 1.7
Pipeline: SCM Step (workflow-scm-step): 2.7
JavaScript GUI Lib: jQuery bundles (jQuery and jQuery UI) plugin (jquery-detached): 1.2.1
built-on-column (built-on-column): 1.1
HTML Publisher plugin (htmlpublisher): 1.17
Pipeline: Groovy (workflow-cps): 2.59
REST Implementation for Blue Ocean (blueocean-rest-impl): 1.9.0
Ant Plugin (ant): 1.8
EnvInject API Plugin (envinject-api): 1.5
Blue Ocean Pipeline Editor (blueocean-pipeline-editor): 1.9.0
Conditional BuildStep (conditional-buildstep): 1.3.6
Generic Webhook Trigger Plugin (generic-webhook-trigger): 1.46
i18n for Blue Ocean (blueocean-i18n): 1.9.0
bouncycastle API Plugin (bouncycastle-api): 2.17
Build Pipeline Plugin (build-pipeline-plugin): 1.5.8
Pipeline (workflow-aggregator): 2.6
Multijob plugin (jenkins-multijob-plugin): 1.31
Script Security Plugin (script-security): 1.47
Maven Integration plugin (maven-plugin): 3.1.2
Workspace Cleanup Plugin (ws-cleanup): 0.36
Resource Disposer Plugin (resource-disposer): 0.12
JavaScript GUI Lib: Handlebars bundle plugin (handlebars): 1.1.1
jQuery plugin (jquery): 1.12.4-0
Dashboard View (dashboard-view): 2.9.11
Copy Artifact Plugin (copyartifact): 1.41
Autofavorite for Blue Ocean (blueocean-autofavorite): 1.2.2
Common API for Blue Ocean (blueocean-commons): 1.9.0
Dashboard for Blue Ocean (blueocean-dashboard): 1.9.0
Pipeline: Stage Tags Metadata (pipeline-stage-tags-metadata): 1.3.2
Role-based Authorization Strategy (role-strategy): 2.9.0
Bitbucket Branch Source Plugin (cloudbees-bitbucket-branch-source): 2.2.12
Variant Plugin (variant): 1.1
Lockable Resources plugin (lockable-resources): 2.3
Pipeline: Stage Step (pipeline-stage-step): 2.3
Pipeline: Stage View Plugin (pipeline-stage-view): 2.10
Plain Credentials Plugin (plain-credentials): 1.4
Parameterized Trigger plugin (parameterized-trigger): 2.35.2
Mercurial plugin (mercurial): 2.4
Pipeline: Shared Groovy Libraries (workflow-cps-global-lib): 2.12
Server Sent Events (SSE) Gateway Plugin (sse-gateway): 1.16
All changes plugin (all-changes): 1.5
Matrix Authorization Strategy Plugin (matrix-auth): 2.3
JWT for Blue Ocean (blueocean-jwt): 1.9.0
SSH Agent Plugin (ssh-agent): 1.17
GitHub plugin (github): 1.29.3
Pipeline: Multibranch (workflow-multibranch): 2.20
Git Parameter Plug-In (git-parameter): 0.9.6
GitHub Pipeline for Blue Ocean (blueocean-github-pipeline): 1.9.0
Pipeline: Model API (pipeline-model-api): 1.3.2
Bitbucket Plugin (bitbucket): 1.1.8
embeddable-build-status (embeddable-build-status): 1.9
GitHub Branch Source Plugin (github-branch-source): 2.4.1
Javadoc Plugin (javadoc): 1.4
Folders Plugin (cloudbees-folder): 6.6
Green Balls (greenballs): 1.15
REPO plugin (repo): 1.10.7
Email Extension Plugin (email-ext): 2.63
External Monitor Job Type Plugin (external-monitor-job): 1.7
Handy Uri Templates 2.x API Plugin (handy-uri-templates-2-api): 2.1.6-1.0
JUnit Plugin (junit): 1.26.1
Subversion Plug-in (subversion): 2.12.1
Pipeline: Declarative Extension Points API (pipeline-model-extensions): 1.3.2
Pipeline: Declarative Agent API (pipeline-model-declarative-agent): 1.1.1
Pipeline: Input Step (pipeline-input-step): 2.8
SCM API Plugin (scm-api): 2.3.0
Authentication Tokens API Plugin (authentication-tokens): 1.3
OWASP Markup Formatter Plugin (antisamy-markup-formatter): 1.5
Bitbucket Approve Plugin (bitbucket-approve): 1.0.3
Pipeline: Declarative (pipeline-model-definition): 1.3.2
xUnit plugin (xunit): 2.3.0
Pub-Sub "light" Bus (pubsub-light): 1.12
Last Changes Plugin (last-changes): 2.6.8
Result: [Plugin:docker-commons, Plugin:github-api, Plugin:structs, Plugin:blueocean-personalization, Plugin:docker-slaves, Plugin:locale, Plugin:credentials, Plugin:ace-editor, Plugin:cmakebuilder, Plugin:blueocean-events, Plugin:jackson2-api, Plugin:jira, Plugin:git, Plugin:run-condition, Plugin:compress-artifacts, Plugin:pipeline-milestone-step, Plugin:debian-package-builder, Plugin:blueocean, Plugin:ssh-credentials, Plugin:bitbucket-build-status-notifier, Plugin:bitbucket-pullrequest-builder, Plugin:durable-task, Plugin:ssh-slaves, Plugin:jenkins-design-language, Plugin:blueocean-pipeline-api-impl, Plugin:blueocean-display-url, Plugin:favorite, Plugin:docker-workflow, Plugin:docker-plugin, Plugin:blueocean-web, Plugin:pipeline-build-step, Plugin:branch-api, Plugin:jdk-tool, Plugin:multiple-scms, Plugin:git-client, Plugin:blueocean-jira, Plugin:envinject, Plugin:mailer, Plugin:workflow-durable-task-step, Plugin:apache-httpcomponents-client-4-api, Plugin:display-url-api, Plugin:git-server, Plugin:ldap, Plugin:configurationslicing, Plugin:workflow-api, Plugin:bitbucket-scm-trait-commit-skip, Plugin:nodelabelparameter, Plugin:blueocean-git-pipeline, Plugin:blueocean-core-js, Plugin:matrix-project, Plugin:credentials-binding, Plugin:workflow-basic-steps, Plugin:pam-auth, Plugin:blueocean-config, Plugin:blueocean-rest, Plugin:jsch, Plugin:pipeline-rest-api, Plugin:token-macro, Plugin:workflow-step-api, Plugin:delivery-pipeline-plugin, Plugin:docker-java-api, Plugin:command-launcher, Plugin:blueocean-bitbucket-pipeline, Plugin:workflow-support, Plugin:debian-pbuilder, Plugin:mapdb-api, Plugin:workflow-job, Plugin:blueocean-pipeline-scm-api, Plugin:momentjs, Plugin:windows-slaves, Plugin:pipeline-graph-analysis, Plugin:workflow-scm-step, Plugin:jquery-detached, Plugin:built-on-column, Plugin:htmlpublisher, Plugin:workflow-cps, Plugin:blueocean-rest-impl, Plugin:ant, Plugin:envinject-api, Plugin:blueocean-pipeline-editor, Plugin:conditional-buildstep, Plugin:generic-webhook-trigger, Plugin:blueocean-i18n, Plugin:bouncycastle-api, Plugin:build-pipeline-plugin, Plugin:workflow-aggregator, Plugin:jenkins-multijob-plugin, Plugin:script-security, Plugin:maven-plugin, Plugin:ws-cleanup, Plugin:resource-disposer, Plugin:handlebars, Plugin:jquery, Plugin:dashboard-view, Plugin:copyartifact, Plugin:blueocean-autofavorite, Plugin:blueocean-commons, Plugin:blueocean-dashboard, Plugin:pipeline-stage-tags-metadata, Plugin:role-strategy, Plugin:cloudbees-bitbucket-branch-source, Plugin:variant, Plugin:lockable-resources, Plugin:pipeline-stage-step, Plugin:pipeline-stage-view, Plugin:plain-credentials, Plugin:parameterized-trigger, Plugin:mercurial, Plugin:workflow-cps-global-lib, Plugin:sse-gateway, Plugin:all-changes, Plugin:matrix-auth, Plugin:blueocean-jwt, Plugin:ssh-agent, Plugin:github, Plugin:workflow-multibranch, Plugin:git-parameter, Plugin:blueocean-github-pipeline, Plugin:pipeline-model-api, Plugin:bitbucket, Plugin:embeddable-build-status, Plugin:github-branch-source, Plugin:javadoc, Plugin:cloudbees-folder, Plugin:greenballs, Plugin:repo, Plugin:email-ext, Plugin:external-monitor-job, Plugin:handy-uri-templates-2-api, Plugin:junit, Plugin:subversion, Plugin:pipeline-model-extensions, Plugin:pipeline-model-declarative-agent, Plugin:pipeline-input-step, Plugin:scm-api, Plugin:authentication-tokens, Plugin:antisamy-markup-formatter, Plugin:bitbucket-approve, Plugin:pipeline-model-definition, Plugin:xunit, Plugin:pubsub-light, Plugin:last-changes]
