Started by user jenkins
Running as SYSTEM
[EnvInject] - Loading node environment variables.
Building on master in workspace /var/lib/jenkins/workspace/test_multijob_name
[Checks API] No suitable checks publisher found.
    >> Job status: [test-pl] the 'build only if scm changes' feature is disabled.
Starting build job _service/_test/test-pl (Job alias - parallel 1.1).
    >> Job status: [test-pl] the 'build only if scm changes' feature is disabled.
Starting build job _service/_test/test-pl (Job alias - parallel 1.2).
    >> Job status: [test-pl] the 'build only if scm changes' feature is disabled.
Starting build job _service/_test/test-pl (Job alias - parallel 1.3).
    >> Job status: [test-pl] the 'build only if scm changes' feature is disabled.
Starting build job _service/_test/test-pl (Job alias - parallel 1.4).
    >> Job status: [test-pl] the 'build only if scm changes' feature is disabled.
Starting build job _service/_test/test-pl (Job alias - parallel 1.5).
    >> Job status: [test-pl] the 'build only if scm changes' feature is disabled.
Starting build job _service/_test/test-pl (Job alias - parallel 1.6).
test-pl: Quiet period groovy=[(index / 5 as int) * 60], index=1 -> quietPeriodGroovy=0
test-pl: Quiet period groovy=[(index / 5 as int) * 60], index=6 -> quietPeriodGroovy=60
test-pl: Quiet period groovy=[(index / 5 as int) * 60], index=4 -> quietPeriodGroovy=0
test-pl: Quiet period groovy=[(index / 5 as int) * 60], index=3 -> quietPeriodGroovy=0
test-pl: Quiet period groovy=[(index / 5 as int) * 60], index=2 -> quietPeriodGroovy=0
test-pl: Quiet period groovy=[(index / 5 as int) * 60], index=5 -> quietPeriodGroovy=60
Finished Build : #178 of Job : _service/_test/test-pl (Job alias - parallel 1.1) with status : SUCCESS
Finished Build : #179 of Job : _service/_test/test-pl (Job alias - parallel 1.4) with status : SUCCESS
Finished Build : #180 of Job : _service/_test/test-pl (Job alias - parallel 1.3) with status : SUCCESS
Finished Build : #181 of Job : _service/_test/test-pl (Job alias - parallel 1.2) with status : SUCCESS
Finished Build : #182 of Job : _service/_test/test-pl (Job alias - parallel 1.6) with status : SUCCESS
Finished Build : #183 of Job : _service/_test/test-pl (Job alias - parallel 1.5) with status : SUCCESS
    >> Job status: [test-pl] the 'build only if scm changes' feature is disabled.
Starting build job _service/_test/test-pl (Job alias - parallel 2.1).
    >> Job status: [test-pl] the 'build only if scm changes' feature is disabled.
Starting build job _service/_test/test-pl (Job alias - parallel 2.2).
test-pl: Quiet period groovy=[(index / 5 as int) * 60], index=1 -> quietPeriodGroovy=0
test-pl: Quiet period groovy=[(index / 5 as int) * 60], index=2 -> quietPeriodGroovy=0
Finished Build : #184 of Job : _service/_test/test-pl (Job alias - parallel 2.1) with status : SUCCESS
Finished Build : #185 of Job : _service/_test/test-pl (Job alias - parallel 2.2) with status : SUCCESS
[Checks API] No suitable checks publisher found.
Finished: SUCCESS