[LOG - org.jenkinsci.sse] Received event "job/job_run_queue_enter: Object {jenkins_object_type: "org.jenkinsci.plugins.workflow.job.WorkflowJob", jenkins_event_uuid: "c12a96dd-d347-4180-8304-b0b583e855b7", sse_subs_dispatcher_inst: "668735240", job_run_status: "QUEUED", job_name: "prettyParallel"…}
[LOG - org.jenkinsci.sse] Received event "job/job_run_queue_left: Object {jenkins_object_type: "org.jenkinsci.plugins.workflow.job.WorkflowJob", jenkins_event_uuid: "54a9d882-b3f7-4170-8e18-f38723d28511", sse_subs_dispatcher_inst: "668735240", job_run_status: "ALLOCATED", job_name: "prettyParallel"…}
[LOG - org.jenkinsci.sse] Received event "job/job_run_started: Object {jenkins_object_type: "org.jenkinsci.plugins.workflow.job.WorkflowRun", jenkins_event_uuid: "9ff5c5c9-f1da-467a-86b0-7e690a5bf782", sse_subs_dispatcher_inst: "668735240", job_run_status: "RUNNING", job_name: "prettyParallel"…}
[LOG - org.jenkinsci.sse] Received event "pipeline/pipeline_start: Object {sse_subs_dispatcher_inst: "668735240", jenkins_org: "jenkins", jenkins_event_uuid: "3bce1d41-8776-4fd4-a087-659a5bcb2ce8", jenkins_event: "pipeline_start", sse_subs_dispatcher: "jenkins-blueocean-core-js-1484843320306-13888ksib5f8z01qncdi"…}
[DEBUG - io.jenkins.blueocean.karaoke] re-fetching from server
[DEBUG - io.jenkins.blueocean.karaoke] with key: /jenkins/blue/rest/organizations/jenkins/pipelines/prettyParallel/runs/20/nodes/
 [Object, Object, Object, Object, Object, Object, Object, Object]
[DEBUG - io.jenkins.blueocean.karaoke] with key: /jenkins/blue/rest/organizations/jenkins/pipelines/prettyParallel/runs/20/nodes/
 [Object, Object, Object, Object, Object, Object, Object, Object]
[DEBUG - io.jenkins.blueocean.karaoke] with key: /jenkins/blue/rest/organizations/jenkins/pipelines/prettyParallel/runs/20/nodes/
 [Object, Object, Object, Object, Object, Object, Object, Object]
[LOG - org.jenkinsci.sse] Received event "pipeline/pipeline_block_start: Object {jenkins_event_uuid: "5683eeaf-ede9-4192-968b-ea582c812b6b", sse_subs_dispatcher_inst: "668735240", jenkins_org: "jenkins", pipeline_stage_is_parallel: "false", pipeline_job_name: "prettyParallel"…}
[DEBUG - io.jenkins.blueocean.karaoke] re-fetching from server
[DEBUG - io.jenkins.blueocean.karaoke] with key: /jenkins/blue/rest/organizations/jenkins/pipelines/prettyParallel/runs/20/nodes/
 [Object, Object, Object, Object, Object, Object, Object, Object]
[DEBUG - io.jenkins.blueocean.karaoke] with key: /jenkins/blue/rest/organizations/jenkins/pipelines/prettyParallel/runs/20/nodes/
 [Object, Object, Object, Object, Object, Object, Object, Object]
[DEBUG - io.jenkins.blueocean.karaoke] with key: /jenkins/blue/rest/organizations/jenkins/pipelines/prettyParallel/runs/20/nodes/
 [Object, Object, Object, Object, Object, Object, Object, Object]
[LOG - org.jenkinsci.sse] Received event "pipeline/pipeline_stage: Object {jenkins_event_uuid: "dee2386d-e441-4958-9afc-3530a1b760b9", sse_subs_dispatcher_inst: "668735240", jenkins_org: "jenkins", pipeline_stage_is_parallel: "false", pipeline_job_name: "prettyParallel"…}
[DEBUG - io.jenkins.blueocean.karaoke] re-fetching from server
[DEBUG - io.jenkins.blueocean.karaoke] with key: /jenkins/blue/rest/organizations/jenkins/pipelines/prettyParallel/runs/20/nodes/
 [Object, Object, Object, Object, Object, Object, Object, Object]
[DEBUG - io.jenkins.blueocean.karaoke] with key: /jenkins/blue/rest/organizations/jenkins/pipelines/prettyParallel/runs/20/nodes/
 [Object, Object, Object, Object, Object, Object, Object, Object]
[DEBUG - io.jenkins.blueocean.karaoke] with key: /jenkins/blue/rest/organizations/jenkins/pipelines/prettyParallel/runs/20/nodes/
 [Object, Object, Object, Object, Object, Object, Object, Object]
[LOG - org.jenkinsci.sse] Received event "pipeline/pipeline_step: Object {jenkins_event_uuid: "17d104df-f0f4-4644-8223-2a6ae1966feb", sse_subs_dispatcher_inst: "668735240", jenkins_org: "jenkins", pipeline_stage_is_parallel: "false", pipeline_job_name: "prettyParallel"…}
[DEBUG - io.jenkins.blueocean.karaoke.sse] event Object {jenkins_event_uuid: "17d104df-f0f4-4644-8223-2a6ae1966feb", sse_subs_dispatcher_inst: "668735240", jenkins_org: "jenkins", pipeline_stage_is_parallel: "false", pipeline_job_name: "prettyParallel"…}
[LOG - org.jenkinsci.sse] Received event "pipeline/pipeline_block_end: Object {jenkins_event_uuid: "f3a8b6ff-fcd5-41bd-9fa1-96e30bb26937", sse_subs_dispatcher_inst: "668735240", jenkins_org: "jenkins", pipeline_stage_is_parallel: "false", pipeline_job_name: "prettyParallel"…}
[DEBUG - io.jenkins.blueocean.karaoke] re-fetching from server
[LOG - org.jenkinsci.sse] Received event "pipeline/pipeline_stage: Object {jenkins_event_uuid: "d5c0faa6-79c0-4f65-bdba-fadc8b7e1946", sse_subs_dispatcher_inst: "668735240", jenkins_org: "jenkins", pipeline_stage_is_parallel: "false", pipeline_job_name: "prettyParallel"…}
[DEBUG - io.jenkins.blueocean.karaoke] re-fetching from server
[DEBUG - io.jenkins.blueocean.karaoke] with key: /jenkins/blue/rest/organizations/jenkins/pipelines/prettyParallel/runs/20/nodes/
 [Object, Object, Object, Object, Object, Object, Object, Object]
[DEBUG - io.jenkins.blueocean.karaoke] with key: /jenkins/blue/rest/organizations/jenkins/pipelines/prettyParallel/runs/20/nodes/
 [Object, Object, Object, Object, Object, Object, Object, Object]
[DEBUG - io.jenkins.blueocean.karaoke] with key: /jenkins/blue/rest/organizations/jenkins/pipelines/prettyParallel/runs/20/nodes/
 [Object, Object, Object, Object, Object, Object, Object, Object]
[DEBUG - io.jenkins.blueocean.karaoke] with key: /jenkins/blue/rest/organizations/jenkins/pipelines/prettyParallel/runs/20/nodes/
 [Object, Object, Object, Object, Object, Object, Object, Object]
[DEBUG - io.jenkins.blueocean.karaoke] with key: /jenkins/blue/rest/organizations/jenkins/pipelines/prettyParallel/runs/20/nodes/
 [Object, Object, Object, Object, Object, Object, Object, Object]
[DEBUG - io.jenkins.blueocean.karaoke] with key: /jenkins/blue/rest/organizations/jenkins/pipelines/prettyParallel/runs/20/nodes/
 [Object, Object, Object, Object, Object, Object, Object, Object]
[LOG - org.jenkinsci.sse] Received event "pipeline/pipeline_block_start: Object {jenkins_event_uuid: "1396190b-aa59-4df1-a584-db93a0596409", sse_subs_dispatcher_inst: "668735240", jenkins_org: "jenkins", pipeline_stage_is_parallel: "true", pipeline_job_name: "prettyParallel"…}
[DEBUG - io.jenkins.blueocean.karaoke] re-fetching from server
[LOG - org.jenkinsci.sse] Received event "pipeline/pipeline_block_start: Object {jenkins_event_uuid: "867363bd-97d1-44c4-914f-0538f907057f", sse_subs_dispatcher_inst: "668735240", jenkins_org: "jenkins", pipeline_stage_is_parallel: "true", pipeline_job_name: "prettyParallel"…}
[DEBUG - io.jenkins.blueocean.karaoke] re-fetching from server
[LOG - org.jenkinsci.sse] Received event "pipeline/pipeline_block_start: Object {jenkins_event_uuid: "6c45119f-42b1-4591-ace3-e08e608fc0a0", sse_subs_dispatcher_inst: "668735240", jenkins_org: "jenkins", pipeline_stage_is_parallel: "true", pipeline_job_name: "prettyParallel"…}
[DEBUG - io.jenkins.blueocean.karaoke] re-fetching from server
[LOG - org.jenkinsci.sse] Received event "pipeline/pipeline_block_start: Object {jenkins_event_uuid: "b43e9c17-da03-49ff-9b6e-5bd341873317", sse_subs_dispatcher_inst: "668735240", jenkins_org: "jenkins", pipeline_stage_is_parallel: "true", pipeline_job_name: "prettyParallel"…}
[DEBUG - io.jenkins.blueocean.karaoke] re-fetching from server
[DEBUG - io.jenkins.blueocean.karaoke] with key: /jenkins/blue/rest/organizations/jenkins/pipelines/prettyParallel/runs/20/nodes/
 [Object, Object, Object, Object, Object, Object, Object, Object]
[DEBUG - io.jenkins.blueocean.karaoke] with key: /jenkins/blue/rest/organizations/jenkins/pipelines/prettyParallel/runs/20/nodes/
 [Object, Object, Object, Object, Object, Object, Object, Object]
[DEBUG - io.jenkins.blueocean.karaoke] with key: /jenkins/blue/rest/organizations/jenkins/pipelines/prettyParallel/runs/20/nodes/
 [Object, Object, Object, Object, Object, Object, Object, Object]
[DEBUG - io.jenkins.blueocean.karaoke] with key: /jenkins/blue/rest/organizations/jenkins/pipelines/prettyParallel/runs/20/nodes/
 [Object, Object, Object, Object, Object, Object, Object, Object]
[DEBUG - io.jenkins.blueocean.karaoke] with key: /jenkins/blue/rest/organizations/jenkins/pipelines/prettyParallel/runs/20/nodes/
 [Object, Object, Object, Object, Object, Object, Object, Object]
[DEBUG - io.jenkins.blueocean.karaoke] with key: /jenkins/blue/rest/organizations/jenkins/pipelines/prettyParallel/runs/20/nodes/
 [Object, Object, Object, Object, Object, Object, Object, Object]
[DEBUG - io.jenkins.blueocean.karaoke] with key: /jenkins/blue/rest/organizations/jenkins/pipelines/prettyParallel/runs/20/nodes/
 [Object, Object, Object, Object, Object, Object, Object, Object]
[DEBUG - io.jenkins.blueocean.karaoke] with key: /jenkins/blue/rest/organizations/jenkins/pipelines/prettyParallel/runs/20/nodes/
 [Object, Object, Object, Object, Object, Object, Object, Object]
[DEBUG - io.jenkins.blueocean.karaoke] with key: /jenkins/blue/rest/organizations/jenkins/pipelines/prettyParallel/runs/20/nodes/
 [Object, Object, Object, Object, Object, Object, Object, Object]
[DEBUG - io.jenkins.blueocean.karaoke] with key: /jenkins/blue/rest/organizations/jenkins/pipelines/prettyParallel/runs/20/nodes/
 [Object, Object, Object, Object, Object, Object, Object, Object]
[DEBUG - io.jenkins.blueocean.karaoke] with key: /jenkins/blue/rest/organizations/jenkins/pipelines/prettyParallel/runs/20/nodes/
 [Object, Object, Object, Object, Object, Object, Object, Object]
[DEBUG - io.jenkins.blueocean.karaoke] with key: /jenkins/blue/rest/organizations/jenkins/pipelines/prettyParallel/runs/20/nodes/
 [Object, Object, Object, Object, Object, Object, Object, Object]
[LOG - org.jenkinsci.sse] Received event "pipeline/pipeline_step: Object {jenkins_event_uuid: "8cd15a7b-19a5-4944-ba5e-c52658b8aefd", sse_subs_dispatcher_inst: "668735240", jenkins_org: "jenkins", pipeline_stage_is_parallel: "false", pipeline_job_name: "prettyParallel"…}
[DEBUG - io.jenkins.blueocean.karaoke.sse] event Object {jenkins_event_uuid: "8cd15a7b-19a5-4944-ba5e-c52658b8aefd", sse_subs_dispatcher_inst: "668735240", jenkins_org: "jenkins", pipeline_stage_is_parallel: "false", pipeline_job_name: "prettyParallel"…}
[LOG - org.jenkinsci.sse] Received event "pipeline/pipeline_step: Object {jenkins_event_uuid: "be49e596-3f99-46e7-8acb-2844a5bbce91", sse_subs_dispatcher_inst: "668735240", jenkins_org: "jenkins", pipeline_stage_is_parallel: "false", pipeline_job_name: "prettyParallel"…}
[DEBUG - io.jenkins.blueocean.karaoke.sse] event Object {jenkins_event_uuid: "be49e596-3f99-46e7-8acb-2844a5bbce91", sse_subs_dispatcher_inst: "668735240", jenkins_org: "jenkins", pipeline_stage_is_parallel: "false", pipeline_job_name: "prettyParallel"…}
[LOG - org.jenkinsci.sse] Received event "pipeline/pipeline_step: Object {jenkins_event_uuid: "254e27e9-1ba8-4e34-87b1-2d233a22fea5", sse_subs_dispatcher_inst: "668735240", jenkins_org: "jenkins", pipeline_stage_is_parallel: "false", pipeline_job_name: "prettyParallel"…}
[DEBUG - io.jenkins.blueocean.karaoke.sse] event Object {jenkins_event_uuid: "254e27e9-1ba8-4e34-87b1-2d233a22fea5", sse_subs_dispatcher_inst: "668735240", jenkins_org: "jenkins", pipeline_stage_is_parallel: "false", pipeline_job_name: "prettyParallel"…}
[LOG - org.jenkinsci.sse] Received event "pipeline/pipeline_step: Object {jenkins_event_uuid: "d408ad7a-c22c-4ae5-bc2f-ec55c98b1774", sse_subs_dispatcher_inst: "668735240", jenkins_org: "jenkins", pipeline_stage_is_parallel: "false", pipeline_job_name: "prettyParallel"…}
[DEBUG - io.jenkins.blueocean.karaoke.sse] event Object {jenkins_event_uuid: "d408ad7a-c22c-4ae5-bc2f-ec55c98b1774", sse_subs_dispatcher_inst: "668735240", jenkins_org: "jenkins", pipeline_stage_is_parallel: "false", pipeline_job_name: "prettyParallel"…}
[DEBUG - io.jenkins.blueocean.karaoke] with key: /jenkins/blue/rest/organizations/jenkins/pipelines/prettyParallel/runs/20/nodes/
 [Object, Object, Object, Object, Object, Object, Object, Object]
[LOG - org.jenkinsci.sse] Received event "pipeline/pipeline_step: Object {jenkins_event_uuid: "23830e24-90fd-46dc-bd9b-7108710d791a", sse_subs_dispatcher_inst: "668735240", jenkins_org: "jenkins", pipeline_stage_is_parallel: "false", pipeline_job_name: "prettyParallel"…}
[DEBUG - io.jenkins.blueocean.karaoke.sse] event Object {jenkins_event_uuid: "23830e24-90fd-46dc-bd9b-7108710d791a", sse_subs_dispatcher_inst: "668735240", jenkins_org: "jenkins", pipeline_stage_is_parallel: "false", pipeline_job_name: "prettyParallel"…}
[LOG - org.jenkinsci.sse] Received event "pipeline/pipeline_step: Object {jenkins_event_uuid: "26669500-f4b8-4a68-8c6c-763c252b7e2c", sse_subs_dispatcher_inst: "668735240", jenkins_org: "jenkins", pipeline_stage_is_parallel: "false", pipeline_job_name: "prettyParallel"…}
[DEBUG - io.jenkins.blueocean.karaoke.sse] event Object {jenkins_event_uuid: "26669500-f4b8-4a68-8c6c-763c252b7e2c", sse_subs_dispatcher_inst: "668735240", jenkins_org: "jenkins", pipeline_stage_is_parallel: "false", pipeline_job_name: "prettyParallel"…}
[LOG - org.jenkinsci.sse] Received event "pipeline/pipeline_step: Object {jenkins_event_uuid: "bcee971d-d075-4675-a5a7-869e3a9df9db", sse_subs_dispatcher_inst: "668735240", jenkins_org: "jenkins", pipeline_stage_is_parallel: "false", pipeline_job_name: "prettyParallel"…}
[DEBUG - io.jenkins.blueocean.karaoke.sse] event Object {jenkins_event_uuid: "bcee971d-d075-4675-a5a7-869e3a9df9db", sse_subs_dispatcher_inst: "668735240", jenkins_org: "jenkins", pipeline_stage_is_parallel: "false", pipeline_job_name: "prettyParallel"…}
[LOG - org.jenkinsci.sse] Received event "pipeline/pipeline_step: Object {jenkins_event_uuid: "f89e0a33-c238-4dfd-9ace-2e6466f0ef2f", sse_subs_dispatcher_inst: "668735240", jenkins_org: "jenkins", pipeline_stage_is_parallel: "false", pipeline_job_name: "prettyParallel"…}
[DEBUG - io.jenkins.blueocean.karaoke.sse] event Object {jenkins_event_uuid: "f89e0a33-c238-4dfd-9ace-2e6466f0ef2f", sse_subs_dispatcher_inst: "668735240", jenkins_org: "jenkins", pipeline_stage_is_parallel: "false", pipeline_job_name: "prettyParallel"…}
[LOG - org.jenkinsci.sse] Received event "pipeline/pipeline_block_end: Object {jenkins_event_uuid: "5fcbfa11-9e7b-4368-bd1f-3d44a2dc6d3e", sse_subs_dispatcher_inst: "668735240", jenkins_org: "jenkins", pipeline_stage_is_parallel: "false", pipeline_job_name: "prettyParallel"…}
[DEBUG - io.jenkins.blueocean.karaoke] re-fetching from server
[DEBUG - io.jenkins.blueocean.karaoke] with key: /jenkins/blue/rest/organizations/jenkins/pipelines/prettyParallel/runs/20/nodes/
 [Object, Object, Object, Object, Object, Object, Object, Object]
[DEBUG - io.jenkins.blueocean.karaoke] with key: /jenkins/blue/rest/organizations/jenkins/pipelines/prettyParallel/runs/20/nodes/
 [Object, Object, Object, Object, Object, Object, Object, Object]
[DEBUG - io.jenkins.blueocean.karaoke] with key: /jenkins/blue/rest/organizations/jenkins/pipelines/prettyParallel/runs/20/nodes/
 [Object, Object, Object, Object, Object, Object, Object, Object]
[DEBUG - io.jenkins.blueocean.karaoke] with key: /jenkins/blue/rest/organizations/jenkins/pipelines/prettyParallel/runs/20/nodes/
 [Object, Object, Object, Object, Object, Object, Object, Object]
[DEBUG - org.jenkinsci.sse] SSE channel "open" event. Event {isTrusted: true, type: "open", target: EventSource, currentTarget: EventSource, eventPhase: 2…}
[DEBUG - org.jenkinsci.sse] SSE channel "open" event. MessageEvent {isTrusted: true, data: "{"dispatcherId":"jenkins-blueocean-core-js-1484843…13888ksib5f8z01qncdi","dispatcherInst":668735240}", origin: "http://localhost:8080", lastEventId: "", source: null…}
[LOG - org.jenkinsci.sse] Received event "pipeline/pipeline_block_end: Object {jenkins_event_uuid: "a29f6d43-ac53-4b53-a723-3e5f1a0dd677", jenkins_org: "jenkins", pipeline_stage_is_parallel: "false", pipeline_job_name: "prettyParallel", pipeline_run_id: "20"…}
[DEBUG - io.jenkins.blueocean.karaoke] re-fetching from server
[LOG - org.jenkinsci.sse] Received event "pipeline/pipeline_block_end: Object {jenkins_event_uuid: "63742a3a-be78-4be4-bc2a-bc7a98253299", jenkins_org: "jenkins", pipeline_stage_is_parallel: "false", pipeline_job_name: "prettyParallel", pipeline_run_id: "20"…}
[DEBUG - io.jenkins.blueocean.karaoke] re-fetching from server
[DEBUG - io.jenkins.blueocean.karaoke] with key: /jenkins/blue/rest/organizations/jenkins/pipelines/prettyParallel/runs/20/nodes/
 [Object, Object, Object, Object, Object, Object, Object, Object]
[DEBUG - io.jenkins.blueocean.karaoke] with key: /jenkins/blue/rest/organizations/jenkins/pipelines/prettyParallel/runs/20/nodes/
 [Object, Object, Object, Object, Object, Object, Object, Object]
[DEBUG - io.jenkins.blueocean.karaoke] with key: /jenkins/blue/rest/organizations/jenkins/pipelines/prettyParallel/runs/20/nodes/
 [Object, Object, Object, Object, Object, Object, Object, Object]
[DEBUG - io.jenkins.blueocean.karaoke] with key: /jenkins/blue/rest/organizations/jenkins/pipelines/prettyParallel/runs/20/nodes/
 [Object, Object, Object, Object, Object, Object, Object, Object]
[DEBUG - io.jenkins.blueocean.karaoke] with key: /jenkins/blue/rest/organizations/jenkins/pipelines/prettyParallel/runs/20/nodes/
 [Object, Object, Object, Object, Object, Object, Object, Object]
[DEBUG - io.jenkins.blueocean.karaoke] with key: /jenkins/blue/rest/organizations/jenkins/pipelines/prettyParallel/runs/20/nodes/
 [Object, Object, Object, Object, Object, Object, Object, Object]
[DEBUG - io.jenkins.blueocean.karaoke] with key: /jenkins/blue/rest/organizations/jenkins/pipelines/prettyParallel/runs/20/nodes/
 [Object, Object, Object, Object, Object, Object, Object, Object]
[LOG - org.jenkinsci.sse] Received event "pipeline/pipeline_block_end: Object {jenkins_event_uuid: "1b666d87-19c7-46eb-9722-dc5f037c8221", sse_subs_dispatcher_inst: "668735240", jenkins_org: "jenkins", pipeline_stage_is_parallel: "false", pipeline_job_name: "prettyParallel"…}
[DEBUG - io.jenkins.blueocean.karaoke] re-fetching from server
[DEBUG - io.jenkins.blueocean.karaoke] with key: /jenkins/blue/rest/organizations/jenkins/pipelines/prettyParallel/runs/20/nodes/
 [Object, Object, Object, Object, Object, Object, Object, Object]
[DEBUG - io.jenkins.blueocean.karaoke] with key: /jenkins/blue/rest/organizations/jenkins/pipelines/prettyParallel/runs/20/nodes/
 [Object, Object, Object, Object, Object, Object, Object, Object]
[LOG - org.jenkinsci.sse] Received event "pipeline/pipeline_block_end: Object {jenkins_event_uuid: "e8eb02c5-224e-4bf3-9990-7255a9019be5", sse_subs_dispatcher_inst: "668735240", jenkins_org: "jenkins", pipeline_stage_is_parallel: "false", pipeline_job_name: "prettyParallel"…}
[DEBUG - io.jenkins.blueocean.karaoke] re-fetching from server
[DEBUG - io.jenkins.blueocean.karaoke] with key: /jenkins/blue/rest/organizations/jenkins/pipelines/prettyParallel/runs/20/nodes/
 [Object, Object, Object, Object, Object, Object, Object, Object]
[LOG - org.jenkinsci.sse] Received event "pipeline/pipeline_stage: Object {jenkins_event_uuid: "28399819-d587-4d82-b3f0-aba2da9cd543", sse_subs_dispatcher_inst: "668735240", jenkins_org: "jenkins", pipeline_stage_is_parallel: "false", pipeline_job_name: "prettyParallel"…}
[DEBUG - io.jenkins.blueocean.karaoke] re-fetching from server
[DEBUG - io.jenkins.blueocean.karaoke] with key: /jenkins/blue/rest/organizations/jenkins/pipelines/prettyParallel/runs/20/nodes/
 [Object, Object, Object, Object, Object, Object, Object, Object]
[DEBUG - io.jenkins.blueocean.karaoke] with key: /jenkins/blue/rest/organizations/jenkins/pipelines/prettyParallel/runs/20/nodes/
 [Object, Object, Object, Object, Object, Object, Object, Object]
[DEBUG - io.jenkins.blueocean.karaoke] with key: /jenkins/blue/rest/organizations/jenkins/pipelines/prettyParallel/runs/20/nodes/
 [Object, Object, Object, Object, Object, Object, Object, Object]
[DEBUG - io.jenkins.blueocean.karaoke] with key: /jenkins/blue/rest/organizations/jenkins/pipelines/prettyParallel/runs/20/nodes/
 [Object, Object, Object, Object, Object, Object, Object, Object]
[DEBUG - io.jenkins.blueocean.karaoke] with key: /jenkins/blue/rest/organizations/jenkins/pipelines/prettyParallel/runs/20/nodes/
 [Object, Object, Object, Object, Object, Object, Object, Object]
[DEBUG - io.jenkins.blueocean.karaoke] with key: /jenkins/blue/rest/organizations/jenkins/pipelines/prettyParallel/runs/20/nodes/
 [Object, Object, Object, Object, Object, Object, Object, Object]
[LOG - org.jenkinsci.sse] Received event "pipeline/pipeline_step: Object {jenkins_event_uuid: "38e3a9ed-d0c8-44c1-a8a2-16b1700b7844", sse_subs_dispatcher_inst: "668735240", jenkins_org: "jenkins", pipeline_stage_is_parallel: "false", pipeline_job_name: "prettyParallel"…}
[DEBUG - io.jenkins.blueocean.karaoke.sse] event Object {jenkins_event_uuid: "38e3a9ed-d0c8-44c1-a8a2-16b1700b7844", sse_subs_dispatcher_inst: "668735240", jenkins_org: "jenkins", pipeline_stage_is_parallel: "false", pipeline_job_name: "prettyParallel"…}
[LOG - org.jenkinsci.sse] Received event "pipeline/pipeline_block_end: Object {jenkins_event_uuid: "8a438125-74f7-4093-a938-98c4b45ee7a1", sse_subs_dispatcher_inst: "668735240", jenkins_org: "jenkins", pipeline_stage_is_parallel: "false", pipeline_job_name: "prettyParallel"…}
[DEBUG - io.jenkins.blueocean.karaoke] re-fetching from server
[DEBUG - io.jenkins.blueocean.karaoke] with key: /jenkins/blue/rest/organizations/jenkins/pipelines/prettyParallel/runs/20/nodes/
 [Object, Object, Object, Object, Object, Object, Object, Object]
[DEBUG - io.jenkins.blueocean.karaoke] with key: /jenkins/blue/rest/organizations/jenkins/pipelines/prettyParallel/runs/20/nodes/
 [Object, Object, Object, Object, Object, Object, Object, Object]
[LOG - org.jenkinsci.sse] Received event "pipeline/pipeline_stage: Object {jenkins_event_uuid: "d0497b02-94d0-476a-b209-c12a92e4fecd", sse_subs_dispatcher_inst: "668735240", jenkins_org: "jenkins", pipeline_stage_is_parallel: "false", pipeline_job_name: "prettyParallel"…}
[DEBUG - io.jenkins.blueocean.karaoke] re-fetching from server
[DEBUG - io.jenkins.blueocean.karaoke] with key: /jenkins/blue/rest/organizations/jenkins/pipelines/prettyParallel/runs/20/nodes/
 [Object, Object, Object, Object, Object, Object, Object, Object]
[DEBUG - io.jenkins.blueocean.karaoke] with key: /jenkins/blue/rest/organizations/jenkins/pipelines/prettyParallel/runs/20/nodes/
 [Object, Object, Object, Object, Object, Object, Object, Object]
[DEBUG - io.jenkins.blueocean.karaoke] with key: /jenkins/blue/rest/organizations/jenkins/pipelines/prettyParallel/runs/20/nodes/
 [Object, Object, Object, Object, Object, Object, Object, Object]
[DEBUG - io.jenkins.blueocean.karaoke] with key: /jenkins/blue/rest/organizations/jenkins/pipelines/prettyParallel/runs/20/nodes/
 [Object, Object, Object, Object, Object, Object, Object, Object]
[LOG - org.jenkinsci.sse] Received event "pipeline/pipeline_step: Object {jenkins_event_uuid: "7cef0848-a600-489f-8988-ea8e25784670", sse_subs_dispatcher_inst: "668735240", jenkins_org: "jenkins", pipeline_stage_is_parallel: "false", pipeline_job_name: "prettyParallel"…}
[DEBUG - io.jenkins.blueocean.karaoke.sse] event Object {jenkins_event_uuid: "7cef0848-a600-489f-8988-ea8e25784670", sse_subs_dispatcher_inst: "668735240", jenkins_org: "jenkins", pipeline_stage_is_parallel: "false", pipeline_job_name: "prettyParallel"…}
[LOG - org.jenkinsci.sse] Received event "pipeline/pipeline_block_end: Object {jenkins_event_uuid: "6e2e8062-e3f0-4fd3-9f18-f5e1e6aad45f", sse_subs_dispatcher_inst: "668735240", jenkins_org: "jenkins", pipeline_stage_is_parallel: "false", pipeline_job_name: "prettyParallel"…}
[DEBUG - io.jenkins.blueocean.karaoke] re-fetching from server
[DEBUG - io.jenkins.blueocean.karaoke] with key: /jenkins/blue/rest/organizations/jenkins/pipelines/prettyParallel/runs/20/nodes/
 [Object, Object, Object, Object, Object, Object, Object, Object]
[DEBUG - io.jenkins.blueocean.karaoke] with key: /jenkins/blue/rest/organizations/jenkins/pipelines/prettyParallel/runs/20/nodes/
 [Object, Object, Object, Object, Object, Object, Object, Object]
[DEBUG - io.jenkins.blueocean.karaoke] with key: /jenkins/blue/rest/organizations/jenkins/pipelines/prettyParallel/runs/20/nodes/
 [Object, Object, Object, Object, Object, Object, Object, Object]
[LOG - org.jenkinsci.sse] Received event "pipeline/pipeline_stage: Object {jenkins_event_uuid: "18b50233-abee-4162-ab1a-d179e643b20f", sse_subs_dispatcher_inst: "668735240", jenkins_org: "jenkins", pipeline_stage_is_parallel: "false", pipeline_job_name: "prettyParallel"…}
[DEBUG - io.jenkins.blueocean.karaoke] re-fetching from server
[DEBUG - io.jenkins.blueocean.karaoke] with key: /jenkins/blue/rest/organizations/jenkins/pipelines/prettyParallel/runs/20/nodes/
 [Object, Object, Object, Object, Object, Object, Object, Object, Object]
[DEBUG - io.jenkins.blueocean.karaoke] with key: /jenkins/blue/rest/organizations/jenkins/pipelines/prettyParallel/runs/20/nodes/
 [Object, Object, Object, Object, Object, Object, Object, Object, Object]
[DEBUG - io.jenkins.blueocean.karaoke] with key: /jenkins/blue/rest/organizations/jenkins/pipelines/prettyParallel/runs/20/nodes/
 [Object, Object, Object, Object, Object, Object, Object, Object, Object]
[LOG - org.jenkinsci.sse] Received event "pipeline/pipeline_step: Object {jenkins_event_uuid: "02c968e5-8474-4c0d-90bf-458c4ae4ef32", sse_subs_dispatcher_inst: "668735240", jenkins_org: "jenkins", pipeline_stage_is_parallel: "false", pipeline_job_name: "prettyParallel"…}
[DEBUG - io.jenkins.blueocean.karaoke.sse] event Object {jenkins_event_uuid: "02c968e5-8474-4c0d-90bf-458c4ae4ef32", sse_subs_dispatcher_inst: "668735240", jenkins_org: "jenkins", pipeline_stage_is_parallel: "false", pipeline_job_name: "prettyParallel"…}
[LOG - org.jenkinsci.sse] Received event "pipeline/pipeline_block_end: Object {jenkins_event_uuid: "1b0f6643-eb33-4367-b6d1-8b2cb8f4facd", sse_subs_dispatcher_inst: "668735240", jenkins_org: "jenkins", pipeline_stage_is_parallel: "false", pipeline_job_name: "prettyParallel"…}
[DEBUG - io.jenkins.blueocean.karaoke] re-fetching from server
[LOG - org.jenkinsci.sse] Received event "pipeline/pipeline_block_end: Object {jenkins_event_uuid: "3dbebd10-f8d3-468b-82e5-23c11f40f341", sse_subs_dispatcher_inst: "668735240", jenkins_org: "jenkins", pipeline_stage_is_parallel: "false", pipeline_job_name: "prettyParallel"…}
[DEBUG - io.jenkins.blueocean.karaoke] re-fetching from server
[LOG - org.jenkinsci.sse] Received event "job/job_run_ended: Object {jenkins_object_type: "org.jenkinsci.plugins.workflow.job.WorkflowRun", jenkins_event_uuid: "933eacbc-f738-4143-82a7-38c72ed6a45d", sse_subs_dispatcher_inst: "668735240", job_run_status: "SUCCESS", job_name: "prettyParallel"…}
[DEBUG - io.jenkins.blueocean.karaoke.sse] event has arrived and not handled. Event: Object {jenkins_object_type: "org.jenkinsci.plugins.workflow.job.WorkflowRun", jenkins_event_uuid: "933eacbc-f738-4143-82a7-38c72ed6a45d", sse_subs_dispatcher_inst: "668735240", job_run_status: "SUCCESS", job_name: "prettyParallel"…}
[LOG - org.jenkinsci.sse] Received event "pipeline/pipeline_end: Object {sse_subs_dispatcher_inst: "668735240", jenkins_org: "jenkins", jenkins_event_uuid: "d560c8b7-cb90-4c0d-a6d9-8e7dc74ff76e", jenkins_event: "pipeline_end", sse_subs_dispatcher: "jenkins-blueocean-core-js-1484843320306-13888ksib5f8z01qncdi"…}
[DEBUG - io.jenkins.blueocean.karaoke] with key: /jenkins/blue/rest/organizations/jenkins/pipelines/prettyParallel/runs/20/nodes/
 [Object, Object, Object, Object, Object, Object, Object, Object, Object]
[DEBUG - io.jenkins.blueocean.karaoke] with key: /jenkins/blue/rest/organizations/jenkins/pipelines/prettyParallel/runs/20/nodes/
 [Object, Object, Object, Object, Object, Object, Object, Object, Object]
[DEBUG - io.jenkins.blueocean.karaoke] with key: /jenkins/blue/rest/organizations/jenkins/pipelines/prettyParallel/runs/20/nodes/
 [Object, Object, Object, Object, Object, Object, Object, Object, Object]
[DEBUG - io.jenkins.blueocean.karaoke] with key: /jenkins/blue/rest/organizations/jenkins/pipelines/prettyParallel/runs/20/nodes/
 [Object, Object, Object, Object, Object, Object, Object, Object, Object]
[DEBUG - io.jenkins.blueocean.karaoke] re-fetching from server
[DEBUG - io.jenkins.blueocean.karaoke] with key: /jenkins/blue/rest/organizations/jenkins/pipelines/prettyParallel/runs/20/nodes/
 [Object, Object, Object, Object, Object, Object, Object, Object]
[DEBUG - io.jenkins.blueocean.karaoke] with key: /jenkins/blue/rest/organizations/jenkins/pipelines/prettyParallel/runs/20/nodes/
 [Object, Object, Object, Object, Object, Object, Object, Object]
[DEBUG - io.jenkins.blueocean.karaoke] with key: /jenkins/blue/rest/organizations/jenkins/pipelines/prettyParallel/runs/20/nodes/
 [Object, Object, Object, Object, Object, Object, Object, Object]
[DEBUG - io.jenkins.blueocean.karaoke] with key: /jenkins/blue/rest/organizations/jenkins/pipelines/prettyParallel/runs/20/nodes/
 [Object, Object, Object, Object, Object, Object, Object, Object]
[DEBUG - io.jenkins.blueocean.karaoke] with key: /jenkins/blue/rest/organizations/jenkins/pipelines/prettyParallel/runs/20/nodes/
 [Object, Object, Object, Object, Object, Object, Object, Object]
[DEBUG - io.jenkins.blueocean.karaoke] with key: /jenkins/blue/rest/organizations/jenkins/pipelines/prettyParallel/runs/20/nodes/
 [Object, Object, Object, Object, Object, Object, Object, Object]
[DEBUG - io.jenkins.blueocean.karaoke] with key: /jenkins/blue/rest/organizations/jenkins/pipelines/prettyParallel/runs/20/nodes/
 [Object, Object, Object, Object, Object, Object, Object, Object]
[DEBUG - io.jenkins.blueocean.karaoke] with key: /jenkins/blue/rest/organizations/jenkins/pipelines/prettyParallel/runs/20/nodes/
 [Object, Object, Object, Object, Object, Object, Object, Object]
[DEBUG - io.jenkins.blueocean.karaoke] with key: /jenkins/blue/rest/organizations/jenkins/pipelines/prettyParallel/runs/20/nodes/
 [Object, Object, Object, Object, Object, Object, Object, Object]
[DEBUG - io.jenkins.blueocean.karaoke] with key: /jenkins/blue/rest/organizations/jenkins/pipelines/prettyParallel/runs/20/nodes/
 [Object, Object, Object, Object, Object, Object, Object, Object]
[DEBUG - org.jenkinsci.sse] SSE channel "open" event. Event {isTrusted: true, type: "open", target: EventSource, currentTarget: EventSource, eventPhase: 2…}
[DEBUG - org.jenkinsci.sse] SSE channel "open" event. MessageEvent {isTrusted: true, data: "{"dispatcherId":"jenkins-blueocean-core-js-1484843…13888ksib5f8z01qncdi","dispatcherInst":668735240}", origin: "http://localhost:8080", lastEventId: "", source: null…}
[DEBUG - org.jenkinsci.sse] SSE channel "open" event. Event {isTrusted: true, type: "open", target: EventSource, currentTarget: EventSource, eventPhase: 2…}
[DEBUG - org.jenkinsci.sse] SSE channel "open" event. MessageEvent {isTrusted: true, data: "{"dispatcherId":"jenkins-blueocean-core-js-1484843…13888ksib5f8z01qncdi","dispatcherInst":668735240}", origin: "http://localhost:8080", lastEventId: "", source: null…}
[DEBUG - org.jenkinsci.sse] SSE channel "open" event. Event {isTrusted: true, type: "open", target: EventSource, currentTarget: EventSource, eventPhase: 2…}
[DEBUG - org.jenkinsci.sse] SSE channel "open" event. MessageEvent {isTrusted: true, data: "{"dispatcherId":"jenkins-blueocean-core-js-1484843…13888ksib5f8z01qncdi","dispatcherInst":668735240}", origin: "http://localhost:8080", lastEventId: "", source: null…}
[DEBUG - org.jenkinsci.sse] SSE channel "open" event. Event {isTrusted: true, type: "open", target: EventSource, currentTarget: EventSource, eventPhase: 2…}
[DEBUG - org.jenkinsci.sse] SSE channel "open" event. MessageEvent {isTrusted: true, data: "{"dispatcherId":"jenkins-blueocean-core-js-1484843…13888ksib5f8z01qncdi","dispatcherInst":668735240}", origin: "http://localhost:8080", lastEventId: "", source: null…}
