Aug 09, 2018 4:49:35 AM FINE org.csanchez.jenkins.plugins.kubernetes.KubernetesCloud

In provisioning : []

Aug 09, 2018 4:49:35 AM INFO org.csanchez.jenkins.plugins.kubernetes.KubernetesCloud provision

Excess workload after pending Kubernetes agents: 1

Aug 09, 2018 4:49:35 AM INFO org.csanchez.jenkins.plugins.kubernetes.KubernetesCloud provision

Template: Kubernetes Pod Template

Aug 09, 2018 4:49:35 AM FINE org.csanchez.jenkins.plugins.kubernetes.KubernetesCloud

Building connection to Kubernetes os-prod-master.jonqe.lab.eng.bos.redhat.com URL https://b22.jonqe.lab.eng.bos.redhat.com:8443 namespace jenkins-slaves

Aug 09, 2018 4:49:35 AM FINE org.csanchez.jenkins.plugins.kubernetes.KubernetesFactoryAdapter

Creating Kubernetes client: KubernetesFactoryAdapter [serviceAddress=https://b22.jonqe.lab.eng.bos.redhat.com:8443, namespace=jenkins-slaves, caCertData=-----BEGIN CERTIFICATE-----
MIIC6jCCAdKgAwIBAgIBATANBgkqhkiG9w0BAQsFADAmMSQwIgYDVQQDDBtvcGVu
c2hpZnQtc2lnbmVyQDE1MjMwMzMwNzQwHhcNMTgwNDA2MTY0NDM0WhcNMjMwNDA1
MTY0NDM1WjAmMSQwIgYDVQQDDBtvcGVuc2hpZnQtc2lnbmVyQDE1MjMwMzMwNzQw
ggEiMA0GCSqGSIb3DQEBAQUAA4IBDwAwggEKAoIBAQDKuR51D9hy47JF3JOMUbvS
69UCsMHRqE5DQlnAeJt4dtgKFJXlTSKofJarhvxpK1OP+gRU7d4m2IlU5L5avfQP
4RAIsIqgmF9g+CuTLQdS5d9FB1OMCCeFflffs3xQ+ibCYUl+9vTPUvhb8fSCH9H2
IbKeBDTKdfB+tQf3l6FkzHm1NYk7cs5TOBmHPD4KpdDdQRYWMsV1eK+QVaL3i/rQ
qqCjepZgjwNxJE/buaR05Ms+1S8EkQRd0ZjiUTbD4cn7YOwD77+YNszo4aEsNTI8
6K1scRDPtt9+p85qFyGlqKslEKl3bcCgYq7uqBRYquxJxg1t9fIIdvtqfJJgpoTj
AgMBAAGjIzAhMA4GA1UdDwEB/wQEAwICpDAPBgNVHRMBAf8EBTADAQH/MA0GCSqG
SIb3DQEBCwUAA4IBAQCIoJGBwF1tCJgFGFEVFOwyv2zxn13eFXaZP//Yqq1sniah
U1VYSNkW5h0PFquTVRsJtZm9dJWbdM+9HOuQyz2UR8K4teSeg4BRgu/zFIgjSY3z
EY8glUF63wa4QmK56m1rCd3cpmGUEZizmA3+cFlmGxzHPpgLRkZcrFEaumyWzeOG
QE4SsA9ySQmLBbveGxPMIb+YqM96siaN1FUuXvANvu8ultiwknx4Kx7RBN7anw48
+yfD/aq7XTzJ04O5QWozzut1lCPUE0emFCyvhON3Hno41WLnG+WCx15Dq9sXiBzz
jh9OxoWqMKaN+nhHXk5wshoPQgYSyXsWBBOF8AED
-----END CERTIFICATE-----, credentials=org.jenkinsci.plugins.kubernetes.credentials.OpenShiftBearerTokenCredentialImpl@2f08192d, skipTlsVerify=true, connectTimeout=0, readTimeout=0]

Aug 09, 2018 4:49:35 AM FINE org.csanchez.jenkins.plugins.kubernetes.KubernetesCloud

Connected to Kubernetes os-prod-master.jonqe.lab.eng.bos.redhat.com URL https://b22.jonqe.lab.eng.bos.redhat.com:8443

Aug 09, 2018 4:49:35 AM INFO okhttp3.internal.platform.Platform log

ALPN callback dropped: HTTP/2 is disabled. Is alpn-boot on the boot class path?

Aug 09, 2018 4:49:35 AM INFO okhttp3.internal.platform.Platform log

--> GET https://b22.jonqe.lab.eng.bos.redhat.com:8443/api/v1/namespaces/jenkins-slaves/pods?labelSelector=jenkins%3Dslave http/1.1

Aug 09, 2018 4:49:35 AM INFO okhttp3.internal.platform.Platform log

Authorization: Bearer ZNevubc7fJK7PJ5jA9S38mQHXktWd7VfLr2wz-3Fay4

Aug 09, 2018 4:49:35 AM INFO okhttp3.internal.platform.Platform log

Host: b22.jonqe.lab.eng.bos.redhat.com:8443

Aug 09, 2018 4:49:35 AM INFO okhttp3.internal.platform.Platform log

Connection: Keep-Alive

Aug 09, 2018 4:49:35 AM INFO okhttp3.internal.platform.Platform log

Accept-Encoding: gzip

Aug 09, 2018 4:49:35 AM INFO okhttp3.internal.platform.Platform log

User-Agent: okhttp/3.9.1

Aug 09, 2018 4:49:35 AM INFO okhttp3.internal.platform.Platform log

--> END GET

Aug 09, 2018 4:49:35 AM INFO okhttp3.internal.platform.Platform log

<-- 200 OK https://b22.jonqe.lab.eng.bos.redhat.com:8443/api/v1/namespaces/jenkins-slaves/pods?labelSelector=jenkins%3Dslave (11ms)

Aug 09, 2018 4:49:35 AM INFO okhttp3.internal.platform.Platform log

Cache-Control: no-store

Aug 09, 2018 4:49:35 AM INFO okhttp3.internal.platform.Platform log

Content-Type: application/json

Aug 09, 2018 4:49:35 AM INFO okhttp3.internal.platform.Platform log

Date: Thu, 09 Aug 2018 08:49:35 GMT

Aug 09, 2018 4:49:35 AM INFO okhttp3.internal.platform.Platform log

Content-Length: 142

Aug 09, 2018 4:49:35 AM INFO okhttp3.internal.platform.Platform log

Aug 09, 2018 4:49:35 AM INFO okhttp3.internal.platform.Platform log

{"kind":"PodList","apiVersion":"v1","metadata":{"selfLink":"/api/v1/namespaces/jenkins-slaves/pods","resourceVersion":"22090877"},"items":[]}

Aug 09, 2018 4:49:35 AM INFO okhttp3.internal.platform.Platform log

<-- END HTTP (142-byte body)

Aug 09, 2018 4:49:35 AM INFO okhttp3.internal.platform.Platform log

--> GET https://b22.jonqe.lab.eng.bos.redhat.com:8443/api/v1/namespaces/jenkins-slaves/pods?labelSelector=jenkins%3Dslave,jenkins/base%3Dtrue http/1.1

Aug 09, 2018 4:49:35 AM INFO okhttp3.internal.platform.Platform log

Authorization: Bearer ZNevubc7fJK7PJ5jA9S38mQHXktWd7VfLr2wz-3Fay4

Aug 09, 2018 4:49:35 AM INFO okhttp3.internal.platform.Platform log

Host: b22.jonqe.lab.eng.bos.redhat.com:8443

Aug 09, 2018 4:49:35 AM INFO okhttp3.internal.platform.Platform log

Connection: Keep-Alive

Aug 09, 2018 4:49:35 AM INFO okhttp3.internal.platform.Platform log

Accept-Encoding: gzip

Aug 09, 2018 4:49:35 AM INFO okhttp3.internal.platform.Platform log

User-Agent: okhttp/3.9.1

Aug 09, 2018 4:49:35 AM INFO okhttp3.internal.platform.Platform log

--> END GET

Aug 09, 2018 4:49:35 AM INFO okhttp3.internal.platform.Platform log

<-- 200 OK https://b22.jonqe.lab.eng.bos.redhat.com:8443/api/v1/namespaces/jenkins-slaves/pods?labelSelector=jenkins%3Dslave,jenkins/base%3Dtrue (3ms)

Aug 09, 2018 4:49:35 AM INFO okhttp3.internal.platform.Platform log

Cache-Control: no-store

Aug 09, 2018 4:49:35 AM INFO okhttp3.internal.platform.Platform log

Content-Type: application/json

Aug 09, 2018 4:49:35 AM INFO okhttp3.internal.platform.Platform log

Date: Thu, 09 Aug 2018 08:49:35 GMT

Aug 09, 2018 4:49:35 AM INFO okhttp3.internal.platform.Platform log

Content-Length: 142

Aug 09, 2018 4:49:35 AM INFO okhttp3.internal.platform.Platform log

Aug 09, 2018 4:49:35 AM INFO okhttp3.internal.platform.Platform log

{"kind":"PodList","apiVersion":"v1","metadata":{"selfLink":"/api/v1/namespaces/jenkins-slaves/pods","resourceVersion":"22090877"},"items":[]}

Aug 09, 2018 4:49:35 AM INFO okhttp3.internal.platform.Platform log

<-- END HTTP (142-byte body)

Aug 09, 2018 4:49:40 AM FINE org.csanchez.jenkins.plugins.kubernetes.KubernetesCloud

Building connection to Kubernetes os-prod-master.jonqe.lab.eng.bos.redhat.com URL https://b22.jonqe.lab.eng.bos.redhat.com:8443 namespace jenkins-slaves

Aug 09, 2018 4:49:40 AM FINE org.csanchez.jenkins.plugins.kubernetes.KubernetesFactoryAdapter

Creating Kubernetes client: KubernetesFactoryAdapter [serviceAddress=https://b22.jonqe.lab.eng.bos.redhat.com:8443, namespace=jenkins-slaves, caCertData=-----BEGIN CERTIFICATE-----
MIIC6jCCAdKgAwIBAgIBATANBgkqhkiG9w0BAQsFADAmMSQwIgYDVQQDDBtvcGVu
c2hpZnQtc2lnbmVyQDE1MjMwMzMwNzQwHhcNMTgwNDA2MTY0NDM0WhcNMjMwNDA1
MTY0NDM1WjAmMSQwIgYDVQQDDBtvcGVuc2hpZnQtc2lnbmVyQDE1MjMwMzMwNzQw
ggEiMA0GCSqGSIb3DQEBAQUAA4IBDwAwggEKAoIBAQDKuR51D9hy47JF3JOMUbvS
69UCsMHRqE5DQlnAeJt4dtgKFJXlTSKofJarhvxpK1OP+gRU7d4m2IlU5L5avfQP
4RAIsIqgmF9g+CuTLQdS5d9FB1OMCCeFflffs3xQ+ibCYUl+9vTPUvhb8fSCH9H2
IbKeBDTKdfB+tQf3l6FkzHm1NYk7cs5TOBmHPD4KpdDdQRYWMsV1eK+QVaL3i/rQ
qqCjepZgjwNxJE/buaR05Ms+1S8EkQRd0ZjiUTbD4cn7YOwD77+YNszo4aEsNTI8
6K1scRDPtt9+p85qFyGlqKslEKl3bcCgYq7uqBRYquxJxg1t9fIIdvtqfJJgpoTj
AgMBAAGjIzAhMA4GA1UdDwEB/wQEAwICpDAPBgNVHRMBAf8EBTADAQH/MA0GCSqG
SIb3DQEBCwUAA4IBAQCIoJGBwF1tCJgFGFEVFOwyv2zxn13eFXaZP//Yqq1sniah
U1VYSNkW5h0PFquTVRsJtZm9dJWbdM+9HOuQyz2UR8K4teSeg4BRgu/zFIgjSY3z
EY8glUF63wa4QmK56m1rCd3cpmGUEZizmA3+cFlmGxzHPpgLRkZcrFEaumyWzeOG
QE4SsA9ySQmLBbveGxPMIb+YqM96siaN1FUuXvANvu8ultiwknx4Kx7RBN7anw48
+yfD/aq7XTzJ04O5QWozzut1lCPUE0emFCyvhON3Hno41WLnG+WCx15Dq9sXiBzz
jh9OxoWqMKaN+nhHXk5wshoPQgYSyXsWBBOF8AED
-----END CERTIFICATE-----, credentials=org.jenkinsci.plugins.kubernetes.credentials.OpenShiftBearerTokenCredentialImpl@2f08192d, skipTlsVerify=true, connectTimeout=0, readTimeout=0]

Aug 09, 2018 4:49:40 AM FINE org.csanchez.jenkins.plugins.kubernetes.KubernetesCloud

Connected to Kubernetes os-prod-master.jonqe.lab.eng.bos.redhat.com URL https://b22.jonqe.lab.eng.bos.redhat.com:8443

Aug 09, 2018 4:49:40 AM FINE org.csanchez.jenkins.plugins.kubernetes.PodTemplateBuilder

Adding workspace volume from template: EmptyDirWorkspaceVolume [memory=false]

Aug 09, 2018 4:49:40 AM FINE org.csanchez.jenkins.plugins.kubernetes.PodTemplateBuilder

Pod built: Pod(apiVersion=v1, kind=Pod, metadata=ObjectMeta(annotations={}, clusterName=null, creationTimestamp=null, deletionGracePeriodSeconds=null, deletionTimestamp=null, finalizers=[], generateName=null, generation=null, initializers=null, labels={jenkins=slave, jenkins/base=true}, name=jenkins-slave-centos-base-8ffg2, namespace=null, ownerReferences=[], resourceVersion=null, selfLink=null, uid=null, additionalProperties={}), spec=PodSpec(activeDeadlineSeconds=null, affinity=null, automountServiceAccountToken=null, containers=[Container(args=[68c7afe521f69ce4b634df982d8fe759b2aa4c7c5b8fb06262378a2e116a6141, jenkins-slave-centos-base-8ffg2], command=[], env=[EnvVar(name=JENKINS_SECRET, value=68c7afe521f69ce4b634df982d8fe759b2aa4c7c5b8fb06262378a2e116a6141, valueFrom=null, additionalProperties={}), EnvVar(name=JENKINS_NAME, value=jenkins-slave-centos-base-8ffg2, valueFrom=null, additionalProperties={}), EnvVar(name=JENKINS_URL, value=http://jenkins2.bc.jonqe.lab.eng.bos.redhat.com:8080/, valueFrom=null, additionalProperties={}), EnvVar(name=HOME, value=/home/jenkins, valueFrom=null, additionalProperties={})], envFrom=[], image=docker-registry.default.svc:5000/jenkins-slaves/jenkins-slave-centos-base, imagePullPolicy=Always, lifecycle=null, livenessProbe=null, name=jnlp, ports=[], readinessProbe=null, resources=ResourceRequirements(limits={}, requests={}, additionalProperties={}), securityContext=SecurityContext(allowPrivilegeEscalation=null, capabilities=null, privileged=false, readOnlyRootFilesystem=null, runAsNonRoot=null, runAsUser=null, seLinuxOptions=null, additionalProperties={}), stdin=null, stdinOnce=null, terminationMessagePath=null, terminationMessagePolicy=null, tty=false, volumeDevices=[], volumeMounts=[VolumeMount(mountPath=/home/jenkins, mountPropagation=null, name=workspace-volume, readOnly=false, subPath=null, additionalProperties={})], workingDir=/home/jenkins, additionalProperties={})], dnsConfig=null, dnsPolicy=null, hostAliases=[], hostIPC=null, hostNetwork=null, hostPID=null, hostname=null, imagePullSecrets=[], initContainers=[], nodeName=null, nodeSelector={}, priority=null, priorityClassName=null, restartPolicy=Never, schedulerName=null, securityContext=null, serviceAccount=null, serviceAccountName=null, subdomain=null, terminationGracePeriodSeconds=null, tolerations=[], volumes=[Volume(awsElasticBlockStore=null, azureDisk=null, azureFile=null, cephfs=null, cinder=null, configMap=null, downwardAPI=null, emptyDir=EmptyDirVolumeSource(medium=, sizeLimit=null, additionalProperties={}), fc=null, flexVolume=null, flocker=null, gcePersistentDisk=null, gitRepo=null, glusterfs=null, hostPath=null, iscsi=null, name=workspace-volume, nfs=null, persistentVolumeClaim=null, photonPersistentDisk=null, portworxVolume=null, projected=null, quobyte=null, rbd=null, scaleIO=null, secret=null, storageos=null, vsphereVolume=null, additionalProperties={})], additionalProperties={}), status=null, additionalProperties={})

Aug 09, 2018 4:49:40 AM FINE org.csanchez.jenkins.plugins.kubernetes.KubernetesLauncher

Creating Pod: jenkins-slave-centos-base-8ffg2 in namespace jenkins-slaves

Aug 09, 2018 4:49:40 AM FINE org.csanchez.jenkins.plugins.kubernetes.KubernetesCloud

In provisioning : [jenkins-slave-centos-base-8ffg2]

Aug 09, 2018 4:49:40 AM INFO org.csanchez.jenkins.plugins.kubernetes.KubernetesCloud provision

Excess workload after pending Kubernetes agents: 0

Aug 09, 2018 4:49:40 AM INFO org.csanchez.jenkins.plugins.kubernetes.KubernetesCloud provision

Template: Kubernetes Pod Template

Aug 09, 2018 4:49:40 AM INFO okhttp3.internal.platform.Platform log

ALPN callback dropped: HTTP/2 is disabled. Is alpn-boot on the boot class path?

Aug 09, 2018 4:49:40 AM INFO okhttp3.internal.platform.Platform log

--> POST https://b22.jonqe.lab.eng.bos.redhat.com:8443/api/v1/namespaces/jenkins-slaves/pods http/1.1

Aug 09, 2018 4:49:40 AM INFO okhttp3.internal.platform.Platform log

Content-Type: application/json; charset=utf-8

Aug 09, 2018 4:49:40 AM INFO okhttp3.internal.platform.Platform log

Content-Length: 1034

Aug 09, 2018 4:49:40 AM INFO okhttp3.internal.platform.Platform log

Authorization: Bearer ZNevubc7fJK7PJ5jA9S38mQHXktWd7VfLr2wz-3Fay4

Aug 09, 2018 4:49:40 AM INFO okhttp3.internal.platform.Platform log

Host: b22.jonqe.lab.eng.bos.redhat.com:8443

Aug 09, 2018 4:49:40 AM INFO okhttp3.internal.platform.Platform log

Connection: Keep-Alive

Aug 09, 2018 4:49:40 AM INFO okhttp3.internal.platform.Platform log

Accept-Encoding: gzip

Aug 09, 2018 4:49:40 AM INFO okhttp3.internal.platform.Platform log

User-Agent: okhttp/3.9.1

Aug 09, 2018 4:49:40 AM INFO okhttp3.internal.platform.Platform log

Aug 09, 2018 4:49:40 AM INFO okhttp3.internal.platform.Platform log

{"apiVersion":"v1","kind":"Pod","metadata":{"annotations":{},"labels":{"jenkins":"slave","jenkins/base":"true"},"name":"jenkins-slave-centos-base-8ffg2"},"spec":{"containers":[{"args":["68c7afe521f69ce4b634df982d8fe759b2aa4c7c5b8fb06262378a2e116a6141","jenkins-slave-centos-base-8ffg2"],"env":[{"name":"JENKINS_SECRET","value":"68c7afe521f69ce4b634df982d8fe759b2aa4c7c5b8fb06262378a2e116a6141"},{"name":"JENKINS_NAME","value":"jenkins-slave-centos-base-8ffg2"},{"name":"JENKINS_URL","value":"http://jenkins2.bc.jonqe.lab.eng.bos.redhat.com:8080/"},{"name":"HOME","value":"/home/jenkins"}],"image":"docker-registry.default.svc:5000/jenkins-slaves/jenkins-slave-centos-base","imagePullPolicy":"Always","name":"jnlp","resources":{"limits":{},"requests":{}},"securityContext":{"privileged":false},"tty":false,"volumeMounts":[{"mountPath":"/home/jenkins","name":"workspace-volume","readOnly":false}],"workingDir":"/home/jenkins"}],"nodeSelector":{},"restartPolicy":"Never","volumes":[{"emptyDir":{"medium":""},"name":"workspace-volume"}]}}

Aug 09, 2018 4:49:40 AM INFO okhttp3.internal.platform.Platform log

--> END POST (1034-byte body)

Aug 09, 2018 4:49:40 AM INFO okhttp3.internal.platform.Platform log

<-- 201 Created https://b22.jonqe.lab.eng.bos.redhat.com:8443/api/v1/namespaces/jenkins-slaves/pods (39ms)

Aug 09, 2018 4:49:40 AM INFO okhttp3.internal.platform.Platform log

Cache-Control: no-store

Aug 09, 2018 4:49:40 AM INFO okhttp3.internal.platform.Platform log

Content-Type: application/json

Aug 09, 2018 4:49:40 AM INFO okhttp3.internal.platform.Platform log

Date: Thu, 09 Aug 2018 08:49:40 GMT

Aug 09, 2018 4:49:40 AM INFO okhttp3.internal.platform.Platform log

Content-Length: 1909

Aug 09, 2018 4:49:40 AM INFO okhttp3.internal.platform.Platform log

Aug 09, 2018 4:49:40 AM INFO okhttp3.internal.platform.Platform log

{"kind":"Pod","apiVersion":"v1","metadata":{"name":"jenkins-slave-centos-base-8ffg2","namespace":"jenkins-slaves","selfLink":"/api/v1/namespaces/jenkins-slaves/pods/jenkins-slave-centos-base-8ffg2","uid":"2777ad14-9bb1-11e8-b230-ecf4bbc1e3dc","resourceVersion":"22090889","creationTimestamp":"2018-08-09T08:49:40Z","labels":{"jenkins":"slave","jenkins/base":"true"},"annotations":{"openshift.io/scc":"anyuid"}},"spec":{"volumes":[{"name":"workspace-volume","emptyDir":{}},{"name":"default-token-n7jsf","secret":{"secretName":"default-token-n7jsf","defaultMode":420}}],"containers":[{"name":"jnlp","image":"docker-registry.default.svc:5000/jenkins-slaves/jenkins-slave-centos-base","args":["68c7afe521f69ce4b634df982d8fe759b2aa4c7c5b8fb06262378a2e116a6141","jenkins-slave-centos-base-8ffg2"],"workingDir":"/home/jenkins","env":[{"name":"JENKINS_SECRET","value":"68c7afe521f69ce4b634df982d8fe759b2aa4c7c5b8fb06262378a2e116a6141"},{"name":"JENKINS_NAME","value":"jenkins-slave-centos-base-8ffg2"},{"name":"JENKINS_URL","value":"http://jenkins2.bc.jonqe.lab.eng.bos.redhat.com:8080/"},{"name":"HOME","value":"/home/jenkins"}],"resources":{},"volumeMounts":[{"name":"workspace-volume","mountPath":"/home/jenkins"},{"name":"default-token-n7jsf","readOnly":true,"mountPath":"/var/run/secrets/kubernetes.io/serviceaccount"}],"terminationMessagePath":"/dev/termination-log","terminationMessagePolicy":"File","imagePullPolicy":"Always","securityContext":{"capabilities":{"drop":["MKNOD"]},"privileged":false}}],"restartPolicy":"Never","terminationGracePeriodSeconds":30,"dnsPolicy":"ClusterFirst","nodeSelector":{"node-role.kubernetes.io/compute":"true"},"serviceAccountName":"default","serviceAccount":"default","securityContext":{"seLinuxOptions":{"level":"s0:c11,c5"}},"imagePullSecrets":[{"name":"default-dockercfg-pr285"}],"schedulerName":"default-scheduler"},"status":{"phase":"Pending","qosClass":"BestEffort"}}

Aug 09, 2018 4:49:40 AM INFO okhttp3.internal.platform.Platform log

<-- END HTTP (1909-byte body)

Aug 09, 2018 4:49:40 AM INFO org.csanchez.jenkins.plugins.kubernetes.KubernetesLauncher launch

Created Pod: jenkins-slave-centos-base-8ffg2 in namespace jenkins-slaves

Aug 09, 2018 4:49:40 AM INFO org.csanchez.jenkins.plugins.kubernetes.KubernetesLauncher launch

Waiting for Pod to be scheduled (0/100): jenkins-slave-centos-base-8ffg2

Aug 09, 2018 4:49:45 AM FINE org.csanchez.jenkins.plugins.kubernetes.KubernetesCloud

In provisioning : [jenkins-slave-centos-base-8ffg2]

Aug 09, 2018 4:49:45 AM INFO org.csanchez.jenkins.plugins.kubernetes.KubernetesCloud provision

Excess workload after pending Kubernetes agents: 0

Aug 09, 2018 4:49:45 AM INFO org.csanchez.jenkins.plugins.kubernetes.KubernetesCloud provision

Template: Kubernetes Pod Template

Aug 09, 2018 4:49:46 AM INFO okhttp3.internal.platform.Platform log

--> GET https://b22.jonqe.lab.eng.bos.redhat.com:8443/api/v1/namespaces/jenkins-slaves/pods/jenkins-slave-centos-base-8ffg2 http/1.1

Aug 09, 2018 4:49:46 AM INFO okhttp3.internal.platform.Platform log

Authorization: Bearer ZNevubc7fJK7PJ5jA9S38mQHXktWd7VfLr2wz-3Fay4

Aug 09, 2018 4:49:46 AM INFO okhttp3.internal.platform.Platform log

Host: b22.jonqe.lab.eng.bos.redhat.com:8443

Aug 09, 2018 4:49:46 AM INFO okhttp3.internal.platform.Platform log

Connection: Keep-Alive

Aug 09, 2018 4:49:46 AM INFO okhttp3.internal.platform.Platform log

Accept-Encoding: gzip

Aug 09, 2018 4:49:46 AM INFO okhttp3.internal.platform.Platform log

User-Agent: okhttp/3.9.1

Aug 09, 2018 4:49:46 AM INFO okhttp3.internal.platform.Platform log

--> END GET

Aug 09, 2018 4:49:46 AM INFO okhttp3.internal.platform.Platform log

<-- 200 OK https://b22.jonqe.lab.eng.bos.redhat.com:8443/api/v1/namespaces/jenkins-slaves/pods/jenkins-slave-centos-base-8ffg2 (10ms)

Aug 09, 2018 4:49:46 AM INFO okhttp3.internal.platform.Platform log

Cache-Control: no-store

Aug 09, 2018 4:49:46 AM INFO okhttp3.internal.platform.Platform log

Content-Type: application/json

Aug 09, 2018 4:49:46 AM INFO okhttp3.internal.platform.Platform log

Date: Thu, 09 Aug 2018 08:49:46 GMT

Aug 09, 2018 4:49:46 AM INFO okhttp3.internal.platform.Platform log

Transfer-Encoding: chunked

Aug 09, 2018 4:49:46 AM INFO okhttp3.internal.platform.Platform log

Aug 09, 2018 4:49:46 AM INFO okhttp3.internal.platform.Platform log

{"kind":"Pod","apiVersion":"v1","metadata":{"name":"jenkins-slave-centos-base-8ffg2","namespace":"jenkins-slaves","selfLink":"/api/v1/namespaces/jenkins-slaves/pods/jenkins-slave-centos-base-8ffg2","uid":"2777ad14-9bb1-11e8-b230-ecf4bbc1e3dc","resourceVersion":"22090907","creationTimestamp":"2018-08-09T08:49:40Z","labels":{"jenkins":"slave","jenkins/base":"true"},"annotations":{"openshift.io/scc":"anyuid"}},"spec":{"volumes":[{"name":"workspace-volume","emptyDir":{}},{"name":"default-token-n7jsf","secret":{"secretName":"default-token-n7jsf","defaultMode":420}}],"containers":[{"name":"jnlp","image":"docker-registry.default.svc:5000/jenkins-slaves/jenkins-slave-centos-base","args":["68c7afe521f69ce4b634df982d8fe759b2aa4c7c5b8fb06262378a2e116a6141","jenkins-slave-centos-base-8ffg2"],"workingDir":"/home/jenkins","env":[{"name":"JENKINS_SECRET","value":"68c7afe521f69ce4b634df982d8fe759b2aa4c7c5b8fb06262378a2e116a6141"},{"name":"JENKINS_NAME","value":"jenkins-slave-centos-base-8ffg2"},{"name":"JENKINS_URL","value":"http://jenkins2.bc.jonqe.lab.eng.bos.redhat.com:8080/"},{"name":"HOME","value":"/home/jenkins"}],"resources":{},"volumeMounts":[{"name":"workspace-volume","mountPath":"/home/jenkins"},{"name":"default-token-n7jsf","readOnly":true,"mountPath":"/var/run/secrets/kubernetes.io/serviceaccount"}],"terminationMessagePath":"/dev/termination-log","terminationMessagePolicy":"File","imagePullPolicy":"Always","securityContext":{"capabilities":{"drop":["MKNOD"]},"privileged":false}}],"restartPolicy":"Never","terminationGracePeriodSeconds":30,"dnsPolicy":"ClusterFirst","nodeSelector":{"node-role.kubernetes.io/compute":"true"},"serviceAccountName":"default","serviceAccount":"default","nodeName":"b21.jonqe.lab.eng.bos.redhat.com","securityContext":{"seLinuxOptions":{"level":"s0:c11,c5"}},"imagePullSecrets":[{"name":"default-dockercfg-pr285"}],"schedulerName":"default-scheduler"},"status":{"phase":"Running","conditions":[{"type":"Initialized","status":"True","lastProbeTime":null,"lastTransitionTime":"2018-08-09T08:49:40Z"},{"type":"Ready","status":"True","lastProbeTime":null,"lastTransitionTime":"2018-08-09T08:49:44Z"},{"type":"PodScheduled","status":"True","lastProbeTime":null,"lastTransitionTime":"2018-08-09T08:49:40Z"}],"hostIP":"10.16.23.44","podIP":"10.130.1.97","startTime":"2018-08-09T08:49:40Z","containerStatuses":[{"name":"jnlp","state":{"running":{"startedAt":"2018-08-09T08:49:44Z"}},"lastState":{},"ready":true,"restartCount":0,"image":"docker-registry-default.prod.os.jonqe.lab.eng.bos.redhat.com/jenkins-slaves/jenkins-slave-centos-base:latest","imageID":"docker-pullable://docker-registry-default.prod.os.jonqe.lab.eng.bos.redhat.com/jenkins-slaves/jenkins-slave-centos-base@sha256:d146e2580cc1943b2f86c0d6c2b921bcb6d7d1846e4fb804f66cb0acb51eb905","containerID":"docker://9ce43d9b5714b63b47fb51eafefd6310d090ee7d809dff62aeec4e10502ea871"}],"qosClass":"BestEffort"}}

Aug 09, 2018 4:49:46 AM INFO okhttp3.internal.platform.Platform log

<-- END HTTP (2910-byte body)

Aug 09, 2018 4:49:46 AM INFO org.csanchez.jenkins.plugins.kubernetes.KubernetesLauncher launch

Waiting for agent to connect (0/100): jenkins-slave-centos-base-8ffg2

Aug 09, 2018 4:49:47 AM INFO org.csanchez.jenkins.plugins.kubernetes.KubernetesLauncher launch

Waiting for agent to connect (1/100): jenkins-slave-centos-base-8ffg2

Aug 09, 2018 4:49:48 AM INFO org.csanchez.jenkins.plugins.kubernetes.KubernetesLauncher launch

Waiting for agent to connect (2/100): jenkins-slave-centos-base-8ffg2

Aug 09, 2018 4:49:49 AM INFO org.csanchez.jenkins.plugins.kubernetes.KubernetesLauncher launch

Waiting for agent to connect (3/100): jenkins-slave-centos-base-8ffg2

Aug 09, 2018 4:49:50 AM INFO org.csanchez.jenkins.plugins.kubernetes.KubernetesLauncher launch

Waiting for agent to connect (4/100): jenkins-slave-centos-base-8ffg2

Aug 09, 2018 4:49:51 AM FINE org.csanchez.jenkins.plugins.kubernetes.KubernetesComputer

 Computer KubernetesComputer name: jenkins-slave-centos-base-8ffg2 slave: KubernetesSlave name: jenkins-slave-centos-base-8ffg2 taskAccepted

Aug 09, 2018 4:50:55 AM FINE org.csanchez.jenkins.plugins.kubernetes.KubernetesComputer

 Computer KubernetesComputer name: jenkins-slave-centos-base-8ffg2 slave: KubernetesSlave name: jenkins-slave-centos-base-8ffg2 taskCompleted

Aug 09, 2018 4:50:55 AM INFO org.csanchez.jenkins.plugins.kubernetes.KubernetesSlave _terminate

Terminating Kubernetes instance for agent jenkins-slave-centos-base-8ffg2

Aug 09, 2018 4:50:55 AM FINE org.csanchez.jenkins.plugins.kubernetes.KubernetesCloud

Building connection to Kubernetes os-prod-master.jonqe.lab.eng.bos.redhat.com URL https://b22.jonqe.lab.eng.bos.redhat.com:8443 namespace jenkins-slaves

Aug 09, 2018 4:50:55 AM FINE org.csanchez.jenkins.plugins.kubernetes.KubernetesFactoryAdapter

Creating Kubernetes client: KubernetesFactoryAdapter [serviceAddress=https://b22.jonqe.lab.eng.bos.redhat.com:8443, namespace=jenkins-slaves, caCertData=-----BEGIN CERTIFICATE-----
MIIC6jCCAdKgAwIBAgIBATANBgkqhkiG9w0BAQsFADAmMSQwIgYDVQQDDBtvcGVu
c2hpZnQtc2lnbmVyQDE1MjMwMzMwNzQwHhcNMTgwNDA2MTY0NDM0WhcNMjMwNDA1
MTY0NDM1WjAmMSQwIgYDVQQDDBtvcGVuc2hpZnQtc2lnbmVyQDE1MjMwMzMwNzQw
ggEiMA0GCSqGSIb3DQEBAQUAA4IBDwAwggEKAoIBAQDKuR51D9hy47JF3JOMUbvS
69UCsMHRqE5DQlnAeJt4dtgKFJXlTSKofJarhvxpK1OP+gRU7d4m2IlU5L5avfQP
4RAIsIqgmF9g+CuTLQdS5d9FB1OMCCeFflffs3xQ+ibCYUl+9vTPUvhb8fSCH9H2
IbKeBDTKdfB+tQf3l6FkzHm1NYk7cs5TOBmHPD4KpdDdQRYWMsV1eK+QVaL3i/rQ
qqCjepZgjwNxJE/buaR05Ms+1S8EkQRd0ZjiUTbD4cn7YOwD77+YNszo4aEsNTI8
6K1scRDPtt9+p85qFyGlqKslEKl3bcCgYq7uqBRYquxJxg1t9fIIdvtqfJJgpoTj
AgMBAAGjIzAhMA4GA1UdDwEB/wQEAwICpDAPBgNVHRMBAf8EBTADAQH/MA0GCSqG
SIb3DQEBCwUAA4IBAQCIoJGBwF1tCJgFGFEVFOwyv2zxn13eFXaZP//Yqq1sniah
U1VYSNkW5h0PFquTVRsJtZm9dJWbdM+9HOuQyz2UR8K4teSeg4BRgu/zFIgjSY3z
EY8glUF63wa4QmK56m1rCd3cpmGUEZizmA3+cFlmGxzHPpgLRkZcrFEaumyWzeOG
QE4SsA9ySQmLBbveGxPMIb+YqM96siaN1FUuXvANvu8ultiwknx4Kx7RBN7anw48
+yfD/aq7XTzJ04O5QWozzut1lCPUE0emFCyvhON3Hno41WLnG+WCx15Dq9sXiBzz
jh9OxoWqMKaN+nhHXk5wshoPQgYSyXsWBBOF8AED
-----END CERTIFICATE-----, credentials=org.jenkinsci.plugins.kubernetes.credentials.OpenShiftBearerTokenCredentialImpl@2f08192d, skipTlsVerify=true, connectTimeout=0, readTimeout=0]

Aug 09, 2018 4:50:55 AM FINE org.csanchez.jenkins.plugins.kubernetes.KubernetesCloud

Connected to Kubernetes os-prod-master.jonqe.lab.eng.bos.redhat.com URL https://b22.jonqe.lab.eng.bos.redhat.com:8443

Aug 09, 2018 4:50:55 AM INFO okhttp3.internal.platform.Platform log

ALPN callback dropped: HTTP/2 is disabled. Is alpn-boot on the boot class path?

Aug 09, 2018 4:50:55 AM INFO okhttp3.internal.platform.Platform log

--> GET https://b22.jonqe.lab.eng.bos.redhat.com:8443/api/v1/namespaces/jenkins-slaves/pods/jenkins-slave-centos-base-8ffg2 http/1.1

Aug 09, 2018 4:50:55 AM INFO okhttp3.internal.platform.Platform log

Authorization: Bearer ZNevubc7fJK7PJ5jA9S38mQHXktWd7VfLr2wz-3Fay4

Aug 09, 2018 4:50:55 AM INFO okhttp3.internal.platform.Platform log

Host: b22.jonqe.lab.eng.bos.redhat.com:8443

Aug 09, 2018 4:50:55 AM INFO okhttp3.internal.platform.Platform log

Connection: Keep-Alive

Aug 09, 2018 4:50:55 AM INFO okhttp3.internal.platform.Platform log

Accept-Encoding: gzip

Aug 09, 2018 4:50:55 AM INFO okhttp3.internal.platform.Platform log

User-Agent: okhttp/3.9.1

Aug 09, 2018 4:50:55 AM INFO okhttp3.internal.platform.Platform log

--> END GET

Aug 09, 2018 4:50:55 AM INFO okhttp3.internal.platform.Platform log

<-- 200 OK https://b22.jonqe.lab.eng.bos.redhat.com:8443/api/v1/namespaces/jenkins-slaves/pods/jenkins-slave-centos-base-8ffg2 (11ms)

Aug 09, 2018 4:50:55 AM INFO okhttp3.internal.platform.Platform log

Cache-Control: no-store

Aug 09, 2018 4:50:55 AM INFO okhttp3.internal.platform.Platform log

Content-Type: application/json

Aug 09, 2018 4:50:55 AM INFO okhttp3.internal.platform.Platform log

Date: Thu, 09 Aug 2018 08:50:55 GMT

Aug 09, 2018 4:50:55 AM INFO okhttp3.internal.platform.Platform log

Transfer-Encoding: chunked

Aug 09, 2018 4:50:55 AM INFO okhttp3.internal.platform.Platform log

Aug 09, 2018 4:50:55 AM INFO okhttp3.internal.platform.Platform log

{"kind":"Pod","apiVersion":"v1","metadata":{"name":"jenkins-slave-centos-base-8ffg2","namespace":"jenkins-slaves","selfLink":"/api/v1/namespaces/jenkins-slaves/pods/jenkins-slave-centos-base-8ffg2","uid":"2777ad14-9bb1-11e8-b230-ecf4bbc1e3dc","resourceVersion":"22090907","creationTimestamp":"2018-08-09T08:49:40Z","labels":{"jenkins":"slave","jenkins/base":"true"},"annotations":{"openshift.io/scc":"anyuid"}},"spec":{"volumes":[{"name":"workspace-volume","emptyDir":{}},{"name":"default-token-n7jsf","secret":{"secretName":"default-token-n7jsf","defaultMode":420}}],"containers":[{"name":"jnlp","image":"docker-registry.default.svc:5000/jenkins-slaves/jenkins-slave-centos-base","args":["68c7afe521f69ce4b634df982d8fe759b2aa4c7c5b8fb06262378a2e116a6141","jenkins-slave-centos-base-8ffg2"],"workingDir":"/home/jenkins","env":[{"name":"JENKINS_SECRET","value":"68c7afe521f69ce4b634df982d8fe759b2aa4c7c5b8fb06262378a2e116a6141"},{"name":"JENKINS_NAME","value":"jenkins-slave-centos-base-8ffg2"},{"name":"JENKINS_URL","value":"http://jenkins2.bc.jonqe.lab.eng.bos.redhat.com:8080/"},{"name":"HOME","value":"/home/jenkins"}],"resources":{},"volumeMounts":[{"name":"workspace-volume","mountPath":"/home/jenkins"},{"name":"default-token-n7jsf","readOnly":true,"mountPath":"/var/run/secrets/kubernetes.io/serviceaccount"}],"terminationMessagePath":"/dev/termination-log","terminationMessagePolicy":"File","imagePullPolicy":"Always","securityContext":{"capabilities":{"drop":["MKNOD"]},"privileged":false}}],"restartPolicy":"Never","terminationGracePeriodSeconds":30,"dnsPolicy":"ClusterFirst","nodeSelector":{"node-role.kubernetes.io/compute":"true"},"serviceAccountName":"default","serviceAccount":"default","nodeName":"b21.jonqe.lab.eng.bos.redhat.com","securityContext":{"seLinuxOptions":{"level":"s0:c11,c5"}},"imagePullSecrets":[{"name":"default-dockercfg-pr285"}],"schedulerName":"default-scheduler"},"status":{"phase":"Running","conditions":[{"type":"Initialized","status":"True","lastProbeTime":null,"lastTransitionTime":"2018-08-09T08:49:40Z"},{"type":"Ready","status":"True","lastProbeTime":null,"lastTransitionTime":"2018-08-09T08:49:44Z"},{"type":"PodScheduled","status":"True","lastProbeTime":null,"lastTransitionTime":"2018-08-09T08:49:40Z"}],"hostIP":"10.16.23.44","podIP":"10.130.1.97","startTime":"2018-08-09T08:49:40Z","containerStatuses":[{"name":"jnlp","state":{"running":{"startedAt":"2018-08-09T08:49:44Z"}},"lastState":{},"ready":true,"restartCount":0,"image":"docker-registry-default.prod.os.jonqe.lab.eng.bos.redhat.com/jenkins-slaves/jenkins-slave-centos-base:latest","imageID":"docker-pullable://docker-registry-default.prod.os.jonqe.lab.eng.bos.redhat.com/jenkins-slaves/jenkins-slave-centos-base@sha256:d146e2580cc1943b2f86c0d6c2b921bcb6d7d1846e4fb804f66cb0acb51eb905","containerID":"docker://9ce43d9b5714b63b47fb51eafefd6310d090ee7d809dff62aeec4e10502ea871"}],"qosClass":"BestEffort"}}

Aug 09, 2018 4:50:55 AM INFO okhttp3.internal.platform.Platform log

<-- END HTTP (2910-byte body)


