Failed to validate the account javax.net.ssl.SSLHandshakeException java.security.cert.CertificateException No subject alternative names present
java.security.cert.CertificateException No subject alternative names present
	at sun.security.util.HostnameChecker.matchIP(HostnameChecker.java145)
	at sun.security.util.HostnameChecker.match(HostnameChecker.java94)
	at sun.security.ssl.X509TrustManagerImpl.checkIdentity(X509TrustManagerImpl.java462)
	at sun.security.ssl.X509TrustManagerImpl.checkIdentity(X509TrustManagerImpl.java442)
	at sun.security.ssl.X509TrustManagerImpl.checkTrusted(X509TrustManagerImpl.java209)
	at sun.security.ssl.X509TrustManagerImpl.checkServerTrusted(X509TrustManagerImpl.java132)
	at sun.security.ssl.ClientHandshaker.serverCertificate(ClientHandshaker.java1621)
Caused javax.net.ssl.SSLHandshakeException
	at sun.security.ssl.Alerts.getSSLException(Alerts.java192)
	at sun.security.ssl.SSLSocketImpl.fatal(SSLSocketImpl.java1946)
	at sun.security.ssl.Handshaker.fatalSE(Handshaker.java316)
	at sun.security.ssl.Handshaker.fatalSE(Handshaker.java310)
	at sun.security.ssl.ClientHandshaker.serverCertificate(ClientHandshaker.java1639)
	at sun.security.ssl.ClientHandshaker.processMessage(ClientHandshaker.java223)
	at sun.security.ssl.Handshaker.processLoop(Handshaker.java1037)
	at sun.security.ssl.Handshaker.process_record(Handshaker.java965)
	at sun.security.ssl.SSLSocketImpl.readRecord(SSLSocketImpl.java1064)
	at sun.security.ssl.SSLSocketImpl.performInitialHandshake(SSLSocketImpl.java1367)
	at sun.security.ssl.SSLSocketImpl.startHandshake(SSLSocketImpl.java1395)
	at sun.security.ssl.SSLSocketImpl.startHandshake(SSLSocketImpl.java1379)
	at sun.net.www.protocol.https.HttpsClient.afterConnect(HttpsClient.java559)
	at sun.net.www.protocol.https.AbstractDelegateHttpsURLConnection.connect(AbstractDelegateHttpsURLConnection.java185)
	at sun.net.www.protocol.http.HttpURLConnection.getInputStream0(HttpURLConnection.java1570)
	at sun.net.www.protocol.http.HttpURLConnection.getInputStream(HttpURLConnection.java1498)
	at java.net.HttpURLConnection.getResponseCode(HttpURLConnection.java480)
	at sun.net.www.protocol.https.HttpsURLConnectionImpl.getResponseCode(HttpsURLConnectionImpl.java352)
	at org.glassfish.jersey.client.internal.HttpUrlConnector._apply(HttpUrlConnector.java367)
	at org.glassfish.jersey.client.internal.HttpUrlConnector.apply(HttpUrlConnector.java259)
Caused javax.ws.rs.ProcessingException
	at org.glassfish.jersey.client.internal.HttpUrlConnector.apply(HttpUrlConnector.java261)
	at org.glassfish.jersey.client.ClientRuntime.invoke(ClientRuntime.java296)
	at org.glassfish.jersey.client.JerseyInvocation.lambda$invoke$0(JerseyInvocation.java609)
	at org.glassfish.jersey.internal.Errors.process(Errors.java292)
	at org.glassfish.jersey.internal.Errors.process(Errors.java274)
	at org.glassfish.jersey.internal.Errors.process(Errors.java205)
	at org.glassfish.jersey.process.internal.RequestScope.runInScope(RequestScope.java390)
	at org.glassfish.jersey.client.JerseyInvocation.invoke(JerseyInvocation.java608)
	at org.glassfish.jersey.client.JerseyInvocation$Builder.method(JerseyInvocation.java395)
	at org.glassfish.jersey.client.JerseyInvocation$Builder.get(JerseyInvocation.java295)
	at org.gitlab4j.api.GitLabApiClient.get(GitLabApiClient.java399)
	at org.gitlab4j.api.GitLabApiClient.get(GitLabApiClient.java387)
	at org.gitlab4j.api.AbstractApi.get(AbstractApi.java213)
Caused org.gitlab4j.api.GitLabApiException javax.net.ssl.SSLHandshakeException java.security.cert.CertificateException No subject alternative names present
	at org.gitlab4j.api.AbstractApi.handle(AbstractApi.java655)
	at org.gitlab4j.api.AbstractApi.get(AbstractApi.java215)
	at org.gitlab4j.api.UserApi.getCurrentUser(UserApi.java670)
	at io.jenkins.plugins.gitlabserverconfig.servers.GitLabServer$DescriptorImpl.doTestConnection(GitLabServer.java376)
	at java.lang.invoke.MethodHandle.invokeWithArguments(MethodHandle.java627)
	at org.kohsuke.stapler.Function$MethodFunction.invoke(Function.java396)
	at org.kohsuke.stapler.Function$InstanceFunction.invoke(Function.java408)
	at org.kohsuke.stapler.interceptor.RequirePOST$Processor.invoke(RequirePOST.java77)
	at org.kohsuke.stapler.PreInvokeInterceptedFunction.invoke(PreInvokeInterceptedFunction.java26)
	at org.kohsuke.stapler.Function.bindAndInvoke(Function.java212)
	at org.kohsuke.stapler.Function.bindAndInvokeAndServeResponse(Function.java145)
	at org.kohsuke.stapler.MetaClass$11.doDispatch(MetaClass.java536)
	at org.kohsuke.stapler.NameBasedDispatcher.dispatch(NameBasedDispatcher.java58)
	at org.kohsuke.stapler.Stapler.tryInvoke(Stapler.java766)
	at org.kohsuke.stapler.Stapler.invoke(Stapler.java898)
	at org.kohsuke.stapler.MetaClass$4.doDispatch(MetaClass.java281)
	at org.kohsuke.stapler.NameBasedDispatcher.dispatch(NameBasedDispatcher.java58)
	at org.kohsuke.stapler.Stapler.tryInvoke(Stapler.java766)
	at org.kohsuke.stapler.Stapler.invoke(Stapler.java898)
	at org.kohsuke.stapler.Stapler.invoke(Stapler.java694)
	at org.kohsuke.stapler.Stapler.service(Stapler.java240)
	at javax.servlet.http.HttpServlet.service(HttpServlet.java790)
	at org.eclipse.jetty.servlet.ServletHolder.handle(ServletHolder.java763)
	at org.eclipse.jetty.servlet.ServletHandler$ChainEnd.doFilter(ServletHandler.java1633)
	at hudson.util.PluginServletFilter$1.doFilter(PluginServletFilter.java154)
	at org.jenkinsci.plugins.ssegateway.Endpoint$SSEListenChannelFilter.doFilter(Endpoint.java248)
	at hudson.util.PluginServletFilter$1.doFilter(PluginServletFilter.java151)
	at jenkins.telemetry.impl.UserLanguages$AcceptLanguageFilter.doFilter(UserLanguages.java129)
	at hudson.util.PluginServletFilter$1.doFilter(PluginServletFilter.java151)
	at jenkins.security.ResourceDomainFilter.doFilter(ResourceDomainFilter.java76)
	at hudson.util.PluginServletFilter$1.doFilter(PluginServletFilter.java151)
	at io.jenkins.blueocean.ResourceCacheControl.doFilter(ResourceCacheControl.java134)
	at hudson.util.PluginServletFilter$1.doFilter(PluginServletFilter.java151)
	at io.jenkins.blueocean.auth.jwt.impl.JwtAuthenticationFilter.doFilter(JwtAuthenticationFilter.java60)
	at hudson.util.PluginServletFilter$1.doFilter(PluginServletFilter.java151)
	at hudson.util.PluginServletFilter.doFilter(PluginServletFilter.java157)
	at org.eclipse.jetty.servlet.FilterHolder.doFilter(FilterHolder.java193)
	at org.eclipse.jetty.servlet.ServletHandler$Chain.doFilter(ServletHandler.java1609)
	at hudson.security.csrf.CrumbFilter.doFilter(CrumbFilter.java153)
	at org.eclipse.jetty.servlet.FilterHolder.doFilter(FilterHolder.java193)
	at org.eclipse.jetty.servlet.ServletHandler$Chain.doFilter(ServletHandler.java1609)
	at hudson.security.ChainedServletFilter$1.doFilter(ChainedServletFilter.java84)
	at hudson.security.UnwrapSecurityExceptionFilter.doFilter(UnwrapSecurityExceptionFilter.java51)
	at hudson.security.ChainedServletFilter$1.doFilter(ChainedServletFilter.java87)
	at jenkins.security.ExceptionTranslationFilter.doFilter(ExceptionTranslationFilter.java119)
	at hudson.security.ChainedServletFilter$1.doFilter(ChainedServletFilter.java87)
	at org.acegisecurity.providers.anonymous.AnonymousProcessingFilter.doFilter(AnonymousProcessingFilter.java125)
	at hudson.security.ChainedServletFilter$1.doFilter(ChainedServletFilter.java87)
	at org.acegisecurity.ui.rememberme.RememberMeProcessingFilter.doFilter(RememberMeProcessingFilter.java142)
	at hudson.security.ChainedServletFilter$1.doFilter(ChainedServletFilter.java87)
	at org.acegisecurity.ui.AbstractProcessingFilter.doFilter(AbstractProcessingFilter.java271)
	at hudson.security.ChainedServletFilter$1.doFilter(ChainedServletFilter.java87)
	at jenkins.security.BasicHeaderProcessor.doFilter(BasicHeaderProcessor.java93)
	at hudson.security.ChainedServletFilter$1.doFilter(ChainedServletFilter.java87)
	at org.acegisecurity.context.HttpSessionContextIntegrationFilter.doFilter(HttpSessionContextIntegrationFilter.java249)
	at hudson.security.HttpSessionContextIntegrationFilter2.doFilter(HttpSessionContextIntegrationFilter2.java67)
	at hudson.security.ChainedServletFilter$1.doFilter(ChainedServletFilter.java87)
	at hudson.security.ChainedServletFilter.doFilter(ChainedServletFilter.java90)
	at hudson.security.HudsonFilter.doFilter(HudsonFilter.java171)
	at org.eclipse.jetty.servlet.FilterHolder.doFilter(FilterHolder.java193)
	at org.eclipse.jetty.servlet.ServletHandler$Chain.doFilter(ServletHandler.java1609)
	at org.kohsuke.stapler.compression.CompressionFilter.doFilter(CompressionFilter.java51)
	at org.eclipse.jetty.servlet.FilterHolder.doFilter(FilterHolder.java193)
	at org.eclipse.jetty.servlet.ServletHandler$Chain.doFilter(ServletHandler.java1609)
	at hudson.util.CharacterEncodingFilter.doFilter(CharacterEncodingFilter.java82)
	at org.eclipse.jetty.servlet.FilterHolder.doFilter(FilterHolder.java193)
	at org.eclipse.jetty.servlet.ServletHandler$Chain.doFilter(ServletHandler.java1609)
	at org.kohsuke.stapler.DiagnosticThreadNameFilter.doFilter(DiagnosticThreadNameFilter.java30)
	at org.eclipse.jetty.servlet.FilterHolder.doFilter(FilterHolder.java193)
	at org.eclipse.jetty.servlet.ServletHandler$Chain.doFilter(ServletHandler.java1609)
	at jenkins.security.SuspiciousRequestFilter.doFilter(SuspiciousRequestFilter.java36)
	at org.eclipse.jetty.servlet.FilterHolder.doFilter(FilterHolder.java193)
	at org.eclipse.jetty.servlet.ServletHandler$Chain.doFilter(ServletHandler.java1609)
	at org.eclipse.jetty.servlet.ServletHandler.doHandle(ServletHandler.java561)
	at org.eclipse.jetty.server.handler.ScopedHandler.handle(ScopedHandler.java143)
	at org.eclipse.jetty.security.SecurityHandler.handle(SecurityHandler.java578)
	at org.eclipse.jetty.server.handler.HandlerWrapper.handle(HandlerWrapper.java127)
	at org.eclipse.jetty.server.handler.ScopedHandler.nextHandle(ScopedHandler.java235)
	at org.eclipse.jetty.server.session.SessionHandler.doHandle(SessionHandler.java1612)
	at org.eclipse.jetty.server.handler.ScopedHandler.nextHandle(ScopedHandler.java233)
	at org.eclipse.jetty.server.handler.ContextHandler.doHandle(ContextHandler.java1434)
	at org.eclipse.jetty.server.handler.ScopedHandler.nextScope(ScopedHandler.java188)
	at org.eclipse.jetty.servlet.ServletHandler.doScope(ServletHandler.java501)
	at org.eclipse.jetty.server.session.SessionHandler.doScope(SessionHandler.java1582)
	at org.eclipse.jetty.server.handler.ScopedHandler.nextScope(ScopedHandler.java186)
	at org.eclipse.jetty.server.handler.ContextHandler.doScope(ContextHandler.java1349)
	at org.eclipse.jetty.server.handler.ScopedHandler.handle(ScopedHandler.java141)
	at org.eclipse.jetty.server.handler.HandlerWrapper.handle(HandlerWrapper.java127)
	at org.eclipse.jetty.server.Server.handle(Server.java516)
	at org.eclipse.jetty.server.HttpChannel.lambda$handle$1(HttpChannel.java383)
	at org.eclipse.jetty.server.HttpChannel.dispatch(HttpChannel.java556)
	at org.eclipse.jetty.server.HttpChannel.handle(HttpChannel.java375)
	at org.eclipse.jetty.server.HttpConnection.onFillable(HttpConnection.java273)
	at org.eclipse.jetty.io.AbstractConnection$ReadCallback.succeeded(AbstractConnection.java311)
	at org.eclipse.jetty.io.FillInterest.fillable(FillInterest.java105)
	at org.eclipse.jetty.io.ChannelEndPoint$1.run(ChannelEndPoint.java104)
	at org.eclipse.jetty.util.thread.strategy.EatWhatYouKill.runTask(EatWhatYouKill.java336)
	at org.eclipse.jetty.util.thread.strategy.EatWhatYouKill.doProduce(EatWhatYouKill.java313)
	at org.eclipse.jetty.util.thread.strategy.EatWhatYouKill.tryProduce(EatWhatYouKill.java171)
	at org.eclipse.jetty.util.thread.strategy.EatWhatYouKill.run(EatWhatYouKill.java129)
	at org.eclipse.jetty.util.thread.ReservedThreadExecutor$ReservedThread.run(ReservedThreadExecutor.java375)
	at org.eclipse.jetty.util.thread.QueuedThreadPool.runJob(QueuedThreadPool.java773)
	at org.eclipse.jetty.util.thread.QueuedThreadPool$Runner.run(QueuedThreadPool.java905)
	at java.lang.Thread.run(Thread.java748)