Failed to parse form data. Please report this problem as a bug
JSON={"":"","builder":{"fitnesseHttpTimeout":"10000","fitnessePathToXmlResultsOut":"d:\\temp\\fitnesse.xml","fitnesseStart":{"additionalFitnesseOptions":"","fitnesseJavaOpts":"","fitnesseJavaWorkingDirectory":"D:\\Projekte\\Java\\.resources\\fitnesse","fitnessePathToJar":"D:\\Projekte\\Java\\.resources\\fitnesse\\fitnesse.jar","fitnessePathToRoot":"FitNesseRoot","fitnessePortLocal":"80","value":"True"},"fitnesseTargetIsSuite":true,"fitnesseTargetPage":"FitNesse.SuiteAcceptanceTests.SuiteWidgetTests","kind":"hudson.plugins.fitnesse.FitnesseBuilder","stapler-class":"hudson.plugins.fitnesse.FitnesseBuilder"},"core:apply":"","description":"","displayNameOrNull":"","name":"test","properties":{"hudson-model-ParametersDefinitionProperty":{},"hudson-security-AuthorizationMatrixProperty":{},"stapler-class-bag":"true"},"scm":{"value":"1"}}

net.sf.json.JSONException: JSONObject["fitnesseJdk"] not found.
	at net.sf.json.JSONObject.getString(JSONObject.java:1793)
	at hudson.plugins.fitnesse.FitnesseBuilder$DescriptorImpl.collectFormData(FitnesseBuilder.java:373)
	at hudson.plugins.fitnesse.FitnesseBuilder$DescriptorImpl.newInstance(FitnesseBuilder.java:345)
	at hudson.plugins.fitnesse.FitnesseBuilder$DescriptorImpl.newInstance(FitnesseBuilder.java:224)
	at hudson.model.Descriptor.newInstancesFromHeteroList(Descriptor.java:939)
	at hudson.model.Descriptor.newInstancesFromHeteroList(Descriptor.java:926)
	at hudson.util.DescribableList.rebuildHetero(DescribableList.java:203)
	at hudson.model.Project.submit(Project.java:200)
	at hudson.model.Job.doConfigSubmit(Job.java:1045)
	at hudson.model.AbstractProject.doConfigSubmit(AbstractProject.java:723)
	at sun.reflect.NativeMethodAccessorImpl.invoke0(Native Method)
	at sun.reflect.NativeMethodAccessorImpl.invoke(Unknown Source)
	at sun.reflect.DelegatingMethodAccessorImpl.invoke(Unknown Source)
	at java.lang.reflect.Method.invoke(Unknown Source)
	at org.kohsuke.stapler.Function$InstanceFunction.invoke(Function.java:288)
	at org.kohsuke.stapler.Function.bindAndInvoke(Function.java:151)
	at org.kohsuke.stapler.Function.bindAndInvokeAndServeResponse(Function.java:90)
	at org.kohsuke.stapler.MetaClass$1.doDispatch(MetaClass.java:111)
	at org.kohsuke.stapler.NameBasedDispatcher.dispatch(NameBasedDispatcher.java:53)
	at org.kohsuke.stapler.Stapler.tryInvoke(Stapler.java:573)
	at org.kohsuke.stapler.Stapler.invoke(Stapler.java:658)
	at org.kohsuke.stapler.MetaClass$6.doDispatch(MetaClass.java:241)
	at org.kohsuke.stapler.NameBasedDispatcher.dispatch(NameBasedDispatcher.java:53)
	at org.kohsuke.stapler.Stapler.tryInvoke(Stapler.java:573)
	at org.kohsuke.stapler.Stapler.invoke(Stapler.java:658)
	at org.kohsuke.stapler.Stapler.invoke(Stapler.java:487)
	at org.kohsuke.stapler.Stapler.service(Stapler.java:164)
	at javax.servlet.http.HttpServlet.service(HttpServlet.java:45)
	at winstone.ServletConfiguration.execute(ServletConfiguration.java:248)
	at winstone.RequestDispatcher.forward(RequestDispatcher.java:333)
	at winstone.RequestDispatcher.doFilter(RequestDispatcher.java:376)
	at hudson.util.PluginServletFilter$1.doFilter(PluginServletFilter.java:95)
	at hudson.util.PluginServletFilter.doFilter(PluginServletFilter.java:87)
	at winstone.FilterConfiguration.execute(FilterConfiguration.java:194)
	at winstone.RequestDispatcher.doFilter(RequestDispatcher.java:366)
	at hudson.security.csrf.CrumbFilter.doFilter(CrumbFilter.java:47)
	at winstone.FilterConfiguration.execute(FilterConfiguration.java:194)
	at winstone.RequestDispatcher.doFilter(RequestDispatcher.java:366)
	at hudson.security.ChainedServletFilter$1.doFilter(ChainedServletFilter.java:84)
	at hudson.security.UnwrapSecurityExceptionFilter.doFilter(UnwrapSecurityExceptionFilter.java:51)
	at hudson.security.ChainedServletFilter$1.doFilter(ChainedServletFilter.java:87)
	at org.acegisecurity.ui.ExceptionTranslationFilter.doFilter(ExceptionTranslationFilter.java:166)
	at hudson.security.ChainedServletFilter$1.doFilter(ChainedServletFilter.java:87)
	at org.acegisecurity.providers.anonymous.AnonymousProcessingFilter.doFilter(AnonymousProcessingFilter.java:125)
	at hudson.security.ChainedServletFilter$1.doFilter(ChainedServletFilter.java:87)
	at org.acegisecurity.ui.rememberme.RememberMeProcessingFilter.doFilter(RememberMeProcessingFilter.java:142)
	at hudson.security.ChainedServletFilter$1.doFilter(ChainedServletFilter.java:87)
	at org.acegisecurity.ui.AbstractProcessingFilter.doFilter(AbstractProcessingFilter.java:271)
	at hudson.security.ChainedServletFilter$1.doFilter(ChainedServletFilter.java:87)
	at org.acegisecurity.ui.basicauth.BasicProcessingFilter.doFilter(BasicProcessingFilter.java:173)
	at hudson.security.ChainedServletFilter$1.doFilter(ChainedServletFilter.java:87)
	at jenkins.security.ApiTokenFilter.doFilter(ApiTokenFilter.java:63)
	at hudson.security.ChainedServletFilter$1.doFilter(ChainedServletFilter.java:87)
	at org.acegisecurity.context.HttpSessionContextIntegrationFilter.doFilter(HttpSessionContextIntegrationFilter.java:249)
	at hudson.security.HttpSessionContextIntegrationFilter2.doFilter(HttpSessionContextIntegrationFilter2.java:66)
	at hudson.security.ChainedServletFilter$1.doFilter(ChainedServletFilter.java:87)
	at hudson.security.ChainedServletFilter.doFilter(ChainedServletFilter.java:76)
	at hudson.security.HudsonFilter.doFilter(HudsonFilter.java:164)
	at winstone.FilterConfiguration.execute(FilterConfiguration.java:194)
	at winstone.RequestDispatcher.doFilter(RequestDispatcher.java:366)
	at org.kohsuke.stapler.compression.CompressionFilter.doFilter(CompressionFilter.java:50)
	at winstone.FilterConfiguration.execute(FilterConfiguration.java:194)
	at winstone.RequestDispatcher.doFilter(RequestDispatcher.java:366)
	at hudson.util.CharacterEncodingFilter.doFilter(CharacterEncodingFilter.java:81)
	at winstone.FilterConfiguration.execute(FilterConfiguration.java:194)
	at winstone.RequestDispatcher.doFilter(RequestDispatcher.java:366)
	at winstone.RequestDispatcher.forward(RequestDispatcher.java:331)
	at winstone.RequestHandlerThread.processRequest(RequestHandlerThread.java:215)
	at winstone.RequestHandlerThread.run(RequestHandlerThread.java:138)
	at java.util.concurrent.Executors$RunnableAdapter.call(Unknown Source)
	at java.util.concurrent.FutureTask$Sync.innerRun(Unknown Source)
	at java.util.concurrent.FutureTask.run(Unknown Source)
	at winstone.BoundedExecutorService$1.run(BoundedExecutorService.java:77)
	at java.util.concurrent.ThreadPoolExecutor.runWorker(Unknown Source)
	at java.util.concurrent.ThreadPoolExecutor$Worker.run(Unknown Source)
	at java.lang.Thread.run(Unknown Source)