[2020-05-08T15:00:44.723Z] Input requested
Resuming build at Mon May 11 01:26:46 CEST 2020 after Jenkins restart
Waiting to resume part of Delivery Pipelines » mdp-delivery-pipeline » master mdp-release-1.5.52#23: In the quiet period. Expires in 0 ms
[Pipeline] End of Pipeline
[Bitbucket] Notifying commit build result
[Bitbucket] Build result notified
java.lang.ClassNotFoundException: ch.swisscard.jenkins.pipeline.util.OctopusUtils
	at java.net.URLClassLoader.findClass(URLClassLoader.java:382)
	at java.lang.ClassLoader.loadClass(ClassLoader.java:419)
	at groovy.lang.GroovyClassLoader.loadClass(GroovyClassLoader.java:677)
	at groovy.lang.GroovyClassLoader.loadClass(GroovyClassLoader.java:787)
	at groovy.lang.GroovyClassLoader.loadClass(GroovyClassLoader.java:775)
	at java.lang.Class.forName0(Native Method)
	at java.lang.Class.forName(Class.java:348)
	at org.jboss.marshalling.AbstractClassResolver.loadClass(AbstractClassResolver.java:123)
	at org.jboss.marshalling.AbstractClassResolver.resolveClass(AbstractClassResolver.java:104)
	at org.jboss.marshalling.river.RiverUnmarshaller.doReadClassDescriptor(RiverUnmarshaller.java:1022)
	at org.jboss.marshalling.river.RiverUnmarshaller.doReadNewObject(RiverUnmarshaller.java:1473)
	at org.jboss.marshalling.river.RiverUnmarshaller.doReadObject(RiverUnmarshaller.java:272)
	at org.jboss.marshalling.river.RiverUnmarshaller.doReadObject(RiverUnmarshaller.java:220)
	at org.jboss.marshalling.river.RiverUnmarshaller.readFields(RiverUnmarshaller.java:1853)
	at org.jboss.marshalling.river.RiverUnmarshaller.doInitSerializable(RiverUnmarshaller.java:1767)
	at org.jboss.marshalling.river.RiverUnmarshaller.doReadNewObject(RiverUnmarshaller.java:1395)
	at org.jboss.marshalling.river.RiverUnmarshaller.doReadObject(RiverUnmarshaller.java:272)
	at org.jboss.marshalling.river.RiverUnmarshaller.doReadObject(RiverUnmarshaller.java:220)
	at org.jboss.marshalling.river.RiverUnmarshaller.readFields(RiverUnmarshaller.java:1853)
	at org.jboss.marshalling.river.RiverUnmarshaller.doInitSerializable(RiverUnmarshaller.java:1767)
	at org.jboss.marshalling.river.RiverUnmarshaller.doReadNewObject(RiverUnmarshaller.java:1395)
	at org.jboss.marshalling.river.RiverUnmarshaller.doReadObject(RiverUnmarshaller.java:272)
	at org.jboss.marshalling.river.RiverUnmarshaller.doReadObject(RiverUnmarshaller.java:220)
	at org.jboss.marshalling.river.RiverUnmarshaller.doReadCollectionObject(RiverUnmarshaller.java:176)
	at org.jboss.marshalling.river.RiverUnmarshaller.doReadObjectArray(RiverUnmarshaller.java:1661)
	at org.jboss.marshalling.river.RiverUnmarshaller.doReadArray(RiverUnmarshaller.java:1700)
	at org.jboss.marshalling.river.RiverUnmarshaller.doReadObject(RiverUnmarshaller.java:325)
	at org.jboss.marshalling.river.RiverUnmarshaller.doReadObject(RiverUnmarshaller.java:220)
	at org.jboss.marshalling.river.RiverUnmarshaller.readFields(RiverUnmarshaller.java:1853)
	at org.jboss.marshalling.river.RiverUnmarshaller.doInitSerializable(RiverUnmarshaller.java:1767)
	at org.jboss.marshalling.river.RiverUnmarshaller.doReadNewObject(RiverUnmarshaller.java:1395)
	at org.jboss.marshalling.river.RiverUnmarshaller.doReadObject(RiverUnmarshaller.java:272)
	at org.jboss.marshalling.river.RiverUnmarshaller.doReadObject(RiverUnmarshaller.java:220)
	at org.jboss.marshalling.river.RiverUnmarshaller.readFields(RiverUnmarshaller.java:1853)
	at org.jboss.marshalling.river.RiverUnmarshaller.doInitSerializable(RiverUnmarshaller.java:1767)
	at org.jboss.marshalling.river.RiverUnmarshaller.doReadNewObject(RiverUnmarshaller.java:1395)
	at org.jboss.marshalling.river.RiverUnmarshaller.doReadObject(RiverUnmarshaller.java:272)
	at org.jboss.marshalling.river.RiverUnmarshaller.doReadObject(RiverUnmarshaller.java:220)
	at org.jboss.marshalling.river.RiverUnmarshaller.readFields(RiverUnmarshaller.java:1853)
	at org.jboss.marshalling.river.RiverUnmarshaller.doInitSerializable(RiverUnmarshaller.java:1767)
	at org.jboss.marshalling.river.RiverUnmarshaller.doReadNewObject(RiverUnmarshaller.java:1395)
	at org.jboss.marshalling.river.RiverUnmarshaller.doReadObject(RiverUnmarshaller.java:272)
	at org.jboss.marshalling.river.RiverUnmarshaller.doReadObject(RiverUnmarshaller.java:220)
	at org.jboss.marshalling.river.RiverUnmarshaller.readFields(RiverUnmarshaller.java:1853)
	at org.jboss.marshalling.river.RiverUnmarshaller.doInitSerializable(RiverUnmarshaller.java:1767)
	at org.jboss.marshalling.river.RiverUnmarshaller.doReadNewObject(RiverUnmarshaller.java:1395)
	at org.jboss.marshalling.river.RiverUnmarshaller.doReadObject(RiverUnmarshaller.java:272)
	at org.jboss.marshalling.river.RiverUnmarshaller.doReadObject(RiverUnmarshaller.java:220)
	at org.jboss.marshalling.river.RiverUnmarshaller.readFields(RiverUnmarshaller.java:1853)
	at org.jboss.marshalling.river.RiverUnmarshaller.doInitSerializable(RiverUnmarshaller.java:1767)
	at org.jboss.marshalling.river.RiverUnmarshaller.doReadNewObject(RiverUnmarshaller.java:1395)
	at org.jboss.marshalling.river.RiverUnmarshaller.doReadObject(RiverUnmarshaller.java:272)
	at org.jboss.marshalling.river.RiverUnmarshaller.doReadObject(RiverUnmarshaller.java:220)
	at org.jboss.marshalling.river.RiverUnmarshaller.readFields(RiverUnmarshaller.java:1853)
	at org.jboss.marshalling.river.RiverUnmarshaller.doInitSerializable(RiverUnmarshaller.java:1767)
	at org.jboss.marshalling.river.RiverUnmarshaller.doReadNewObject(RiverUnmarshaller.java:1395)
	at org.jboss.marshalling.river.RiverUnmarshaller.doReadObject(RiverUnmarshaller.java:272)
	at org.jboss.marshalling.river.RiverUnmarshaller.doReadObject(RiverUnmarshaller.java:220)
	at org.jboss.marshalling.river.RiverUnmarshaller.readFields(RiverUnmarshaller.java:1853)
	at org.jboss.marshalling.river.RiverUnmarshaller.doInitSerializable(RiverUnmarshaller.java:1767)
	at org.jboss.marshalling.river.RiverUnmarshaller.doReadNewObject(RiverUnmarshaller.java:1395)
	at org.jboss.marshalling.river.RiverUnmarshaller.doReadObject(RiverUnmarshaller.java:272)
	at org.jboss.marshalling.river.RiverUnmarshaller.doReadObject(RiverUnmarshaller.java:220)
	at org.jboss.marshalling.river.RiverUnmarshaller.readFields(RiverUnmarshaller.java:1853)
	at org.jboss.marshalling.river.RiverUnmarshaller.doInitSerializable(RiverUnmarshaller.java:1767)
	at org.jboss.marshalling.river.RiverUnmarshaller.doReadNewObject(RiverUnmarshaller.java:1395)
	at org.jboss.marshalling.river.RiverUnmarshaller.doReadObject(RiverUnmarshaller.java:272)
	at org.jboss.marshalling.river.RiverUnmarshaller.doReadObject(RiverUnmarshaller.java:220)
	at org.jboss.marshalling.river.RiverUnmarshaller.readFields(RiverUnmarshaller.java:1853)
	at org.jboss.marshalling.river.RiverUnmarshaller.doInitSerializable(RiverUnmarshaller.java:1767)
	at org.jboss.marshalling.river.RiverUnmarshaller.doReadNewObject(RiverUnmarshaller.java:1395)
	at org.jboss.marshalling.river.RiverUnmarshaller.doReadObject(RiverUnmarshaller.java:272)
	at org.jboss.marshalling.river.RiverUnmarshaller.doReadObject(RiverUnmarshaller.java:220)
	at org.jboss.marshalling.river.RiverUnmarshaller.readFields(RiverUnmarshaller.java:1853)
	at org.jboss.marshalling.river.RiverUnmarshaller.doInitSerializable(RiverUnmarshaller.java:1767)
	at org.jboss.marshalling.river.RiverUnmarshaller.doReadNewObject(RiverUnmarshaller.java:1395)
	at org.jboss.marshalling.river.RiverUnmarshaller.doReadObject(RiverUnmarshaller.java:272)
	at org.jboss.marshalling.river.RiverUnmarshaller.doReadObject(RiverUnmarshaller.java:220)
	at org.jboss.marshalling.river.RiverUnmarshaller.readFields(RiverUnmarshaller.java:1853)
	at org.jboss.marshalling.river.RiverUnmarshaller.doInitSerializable(RiverUnmarshaller.java:1767)
	at org.jboss.marshalling.river.RiverUnmarshaller.doReadNewObject(RiverUnmarshaller.java:1395)
	at org.jboss.marshalling.river.RiverUnmarshaller.doReadObject(RiverUnmarshaller.java:272)
	at org.jboss.marshalling.river.RiverUnmarshaller.doReadObject(RiverUnmarshaller.java:220)
	at org.jboss.marshalling.river.RiverUnmarshaller.readFields(RiverUnmarshaller.java:1853)
	at org.jboss.marshalling.river.RiverUnmarshaller.doInitSerializable(RiverUnmarshaller.java:1767)
	at org.jboss.marshalling.river.RiverUnmarshaller.doReadNewObject(RiverUnmarshaller.java:1395)
	at org.jboss.marshalling.river.RiverUnmarshaller.doReadObject(RiverUnmarshaller.java:272)
	at org.jboss.marshalling.river.RiverUnmarshaller.doReadObject(RiverUnmarshaller.java:220)
	at org.jboss.marshalling.river.RiverUnmarshaller.readFields(RiverUnmarshaller.java:1853)
	at org.jboss.marshalling.river.RiverUnmarshaller.doInitSerializable(RiverUnmarshaller.java:1767)
	at org.jboss.marshalling.river.RiverUnmarshaller.doReadNewObject(RiverUnmarshaller.java:1395)
	at org.jboss.marshalling.river.RiverUnmarshaller.doReadObject(RiverUnmarshaller.java:272)
	at org.jboss.marshalling.river.RiverUnmarshaller.doReadObject(RiverUnmarshaller.java:220)
	at org.jboss.marshalling.river.RiverUnmarshaller.readFields(RiverUnmarshaller.java:1853)
	at org.jboss.marshalling.river.RiverUnmarshaller.doInitSerializable(RiverUnmarshaller.java:1767)
	at org.jboss.marshalling.river.RiverUnmarshaller.doReadNewObject(RiverUnmarshaller.java:1395)
	at org.jboss.marshalling.river.RiverUnmarshaller.doReadObject(RiverUnmarshaller.java:272)
	at org.jboss.marshalling.river.RiverUnmarshaller.doReadObject(RiverUnmarshaller.java:220)
	at org.jboss.marshalling.river.RiverUnmarshaller.readFields(RiverUnmarshaller.java:1853)
	at org.jboss.marshalling.river.RiverUnmarshaller.doInitSerializable(RiverUnmarshaller.java:1767)
	at org.jboss.marshalling.river.RiverUnmarshaller.doReadNewObject(RiverUnmarshaller.java:1395)
	at org.jboss.marshalling.river.RiverUnmarshaller.doReadObject(RiverUnmarshaller.java:272)
	at org.jboss.marshalling.river.RiverUnmarshaller.doReadObject(RiverUnmarshaller.java:220)
	at org.jboss.marshalling.river.RiverUnmarshaller.readFields(RiverUnmarshaller.java:1853)
	at org.jboss.marshalling.river.RiverUnmarshaller.doInitSerializable(RiverUnmarshaller.java:1767)
	at org.jboss.marshalling.river.RiverUnmarshaller.doReadNewObject(RiverUnmarshaller.java:1395)
	at org.jboss.marshalling.river.RiverUnmarshaller.doReadObject(RiverUnmarshaller.java:272)
	at org.jboss.marshalling.river.RiverUnmarshaller.doReadObject(RiverUnmarshaller.java:220)
	at org.jboss.marshalling.river.RiverUnmarshaller.readFields(RiverUnmarshaller.java:1853)
	at org.jboss.marshalling.river.RiverUnmarshaller.doInitSerializable(RiverUnmarshaller.java:1767)
	at org.jboss.marshalling.river.RiverUnmarshaller.doReadNewObject(RiverUnmarshaller.java:1395)
	at org.jboss.marshalling.river.RiverUnmarshaller.doReadObject(RiverUnmarshaller.java:272)
	at org.jboss.marshalling.river.RiverUnmarshaller.doReadObject(RiverUnmarshaller.java:220)
	at org.jboss.marshalling.river.RiverUnmarshaller.readFields(RiverUnmarshaller.java:1853)
	at org.jboss.marshalling.river.RiverUnmarshaller.doInitSerializable(RiverUnmarshaller.java:1767)
	at org.jboss.marshalling.river.RiverUnmarshaller.doReadNewObject(RiverUnmarshaller.java:1395)
	at org.jboss.marshalling.river.RiverUnmarshaller.doReadObject(RiverUnmarshaller.java:272)
	at org.jboss.marshalling.river.RiverUnmarshaller.doReadObject(RiverUnmarshaller.java:220)
	at org.jboss.marshalling.river.RiverUnmarshaller.readFields(RiverUnmarshaller.java:1853)
	at org.jboss.marshalling.river.RiverUnmarshaller.doInitSerializable(RiverUnmarshaller.java:1767)
	at org.jboss.marshalling.river.RiverUnmarshaller.doReadNewObject(RiverUnmarshaller.java:1395)
	at org.jboss.marshalling.river.RiverUnmarshaller.doReadObject(RiverUnmarshaller.java:272)
	at org.jboss.marshalling.river.RiverUnmarshaller.doReadObject(RiverUnmarshaller.java:220)
	at org.jboss.marshalling.river.RiverUnmarshaller.readFields(RiverUnmarshaller.java:1853)
	at org.jboss.marshalling.river.RiverUnmarshaller.doInitSerializable(RiverUnmarshaller.java:1767)
	at org.jboss.marshalling.river.RiverUnmarshaller.doReadNewObject(RiverUnmarshaller.java:1395)
	at org.jboss.marshalling.river.RiverUnmarshaller.doReadObject(RiverUnmarshaller.java:272)
	at org.jboss.marshalling.river.RiverUnmarshaller.doReadObject(RiverUnmarshaller.java:220)
	at org.jboss.marshalling.river.RiverUnmarshaller.readFields(RiverUnmarshaller.java:1853)
	at org.jboss.marshalling.river.RiverUnmarshaller.doInitSerializable(RiverUnmarshaller.java:1767)
	at org.jboss.marshalling.river.RiverUnmarshaller.doReadNewObject(RiverUnmarshaller.java:1395)
	at org.jboss.marshalling.river.RiverUnmarshaller.doReadObject(RiverUnmarshaller.java:272)
	at org.jboss.marshalling.river.RiverUnmarshaller.doReadObject(RiverUnmarshaller.java:220)
	at org.jboss.marshalling.river.RiverUnmarshaller.readFields(RiverUnmarshaller.java:1853)
	at org.jboss.marshalling.river.RiverUnmarshaller.doInitSerializable(RiverUnmarshaller.java:1767)
	at org.jboss.marshalling.river.RiverUnmarshaller.doReadNewObject(RiverUnmarshaller.java:1395)
	at org.jboss.marshalling.river.RiverUnmarshaller.doReadObject(RiverUnmarshaller.java:272)
	at org.jboss.marshalling.river.RiverUnmarshaller.doReadObject(RiverUnmarshaller.java:220)
	at org.jboss.marshalling.river.RiverUnmarshaller.readFields(RiverUnmarshaller.java:1853)
	at org.jboss.marshalling.river.RiverUnmarshaller.doInitSerializable(RiverUnmarshaller.java:1767)
	at org.jboss.marshalling.river.RiverUnmarshaller.doReadNewObject(RiverUnmarshaller.java:1395)
	at org.jboss.marshalling.river.RiverUnmarshaller.doReadObject(RiverUnmarshaller.java:272)
	at org.jboss.marshalling.river.RiverUnmarshaller.doReadObject(RiverUnmarshaller.java:220)
	at org.jboss.marshalling.river.RiverUnmarshaller.readFields(RiverUnmarshaller.java:1853)
	at org.jboss.marshalling.river.RiverUnmarshaller.doInitSerializable(RiverUnmarshaller.java:1767)
	at org.jboss.marshalling.river.RiverUnmarshaller.doReadNewObject(RiverUnmarshaller.java:1395)
	at org.jboss.marshalling.river.RiverUnmarshaller.doReadObject(RiverUnmarshaller.java:272)
	at org.jboss.marshalling.river.RiverUnmarshaller.doReadObject(RiverUnmarshaller.java:220)
	at org.jboss.marshalling.river.RiverUnmarshaller.readFields(RiverUnmarshaller.java:1853)
	at org.jboss.marshalling.river.RiverUnmarshaller.doInitSerializable(RiverUnmarshaller.java:1767)
	at org.jboss.marshalling.river.RiverUnmarshaller.doReadNewObject(RiverUnmarshaller.java:1395)
	at org.jboss.marshalling.river.RiverUnmarshaller.doReadObject(RiverUnmarshaller.java:272)
	at org.jboss.marshalling.river.RiverUnmarshaller.doReadObject(RiverUnmarshaller.java:220)
	at org.jboss.marshalling.river.RiverUnmarshaller.readFields(RiverUnmarshaller.java:1853)
	at org.jboss.marshalling.river.RiverUnmarshaller.doInitSerializable(RiverUnmarshaller.java:1767)
	at org.jboss.marshalling.river.RiverUnmarshaller.doReadNewObject(RiverUnmarshaller.java:1395)
	at org.jboss.marshalling.river.RiverUnmarshaller.doReadObject(RiverUnmarshaller.java:272)
	at org.jboss.marshalling.river.RiverUnmarshaller.doReadObject(RiverUnmarshaller.java:220)
	at org.jboss.marshalling.river.RiverUnmarshaller.readFields(RiverUnmarshaller.java:1853)
	at org.jboss.marshalling.river.RiverUnmarshaller.doInitSerializable(RiverUnmarshaller.java:1767)
	at org.jboss.marshalling.river.RiverUnmarshaller.doReadNewObject(RiverUnmarshaller.java:1395)
	at org.jboss.marshalling.river.RiverUnmarshaller.doReadObject(RiverUnmarshaller.java:272)
	at org.jboss.marshalling.river.RiverUnmarshaller.doReadObject(RiverUnmarshaller.java:220)
	at org.jboss.marshalling.river.RiverUnmarshaller.readFields(RiverUnmarshaller.java:1853)
	at org.jboss.marshalling.river.RiverUnmarshaller.doInitSerializable(RiverUnmarshaller.java:1767)
	at org.jboss.marshalling.river.RiverUnmarshaller.doReadNewObject(RiverUnmarshaller.java:1395)
	at org.jboss.marshalling.river.RiverUnmarshaller.doReadObject(RiverUnmarshaller.java:272)
	at org.jboss.marshalling.river.RiverUnmarshaller.doReadObject(RiverUnmarshaller.java:220)
	at org.jboss.marshalling.river.RiverUnmarshaller.readFields(RiverUnmarshaller.java:1853)
	at org.jboss.marshalling.river.RiverUnmarshaller.doInitSerializable(RiverUnmarshaller.java:1767)
	at org.jboss.marshalling.river.RiverUnmarshaller.doReadNewObject(RiverUnmarshaller.java:1395)
	at org.jboss.marshalling.river.RiverUnmarshaller.doReadObject(RiverUnmarshaller.java:272)
	at org.jboss.marshalling.river.RiverUnmarshaller.doReadObject(RiverUnmarshaller.java:220)
	at org.jboss.marshalling.river.RiverUnmarshaller.readFields(RiverUnmarshaller.java:1853)
	at org.jboss.marshalling.river.RiverUnmarshaller.doInitSerializable(RiverUnmarshaller.java:1767)
	at org.jboss.marshalling.river.RiverUnmarshaller.doReadNewObject(RiverUnmarshaller.java:1395)
	at org.jboss.marshalling.river.RiverUnmarshaller.doReadObject(RiverUnmarshaller.java:272)
	at org.jboss.marshalling.river.RiverUnmarshaller.doReadObject(RiverUnmarshaller.java:220)
	at org.jboss.marshalling.river.RiverUnmarshaller.readFields(RiverUnmarshaller.java:1853)
	at org.jboss.marshalling.river.RiverUnmarshaller.doInitSerializable(RiverUnmarshaller.java:1767)
	at org.jboss.marshalling.river.RiverUnmarshaller.doReadNewObject(RiverUnmarshaller.java:1395)
	at org.jboss.marshalling.river.RiverUnmarshaller.doReadObject(RiverUnmarshaller.java:272)
	at org.jboss.marshalling.river.RiverUnmarshaller.doReadObject(RiverUnmarshaller.java:220)
	at org.jboss.marshalling.river.RiverUnmarshaller.doReadCollectionObject(RiverUnmarshaller.java:176)
	at org.jboss.marshalling.river.RiverUnmarshaller.doReadObjectArray(RiverUnmarshaller.java:1661)
	at org.jboss.marshalling.river.RiverUnmarshaller.doReadArray(RiverUnmarshaller.java:1700)
	at org.jboss.marshalling.river.RiverUnmarshaller.doReadObject(RiverUnmarshaller.java:325)
	at org.jboss.marshalling.river.RiverUnmarshaller.doReadObject(RiverUnmarshaller.java:220)
	at org.jboss.marshalling.river.RiverUnmarshaller.readFields(RiverUnmarshaller.java:1853)
	at org.jboss.marshalling.river.RiverUnmarshaller.doInitSerializable(RiverUnmarshaller.java:1767)
	at org.jboss.marshalling.river.RiverUnmarshaller.doReadNewObject(RiverUnmarshaller.java:1395)
	at org.jboss.marshalling.river.RiverUnmarshaller.doReadObject(RiverUnmarshaller.java:272)
	at org.jboss.marshalling.river.RiverUnmarshaller.doReadObject(RiverUnmarshaller.java:220)
	at org.jboss.marshalling.river.RiverUnmarshaller.readFields(RiverUnmarshaller.java:1853)
	at org.jboss.marshalling.river.RiverUnmarshaller.doInitSerializable(RiverUnmarshaller.java:1767)
	at org.jboss.marshalling.river.RiverUnmarshaller.doReadNewObject(RiverUnmarshaller.java:1395)
	at org.jboss.marshalling.river.RiverUnmarshaller.doReadObject(RiverUnmarshaller.java:272)
	at org.jboss.marshalling.river.RiverUnmarshaller.doReadObject(RiverUnmarshaller.java:220)
	at org.jboss.marshalling.river.RiverUnmarshaller.readFields(RiverUnmarshaller.java:1853)
	at org.jboss.marshalling.river.RiverUnmarshaller.doInitSerializable(RiverUnmarshaller.java:1767)
	at org.jboss.marshalling.river.RiverUnmarshaller.doReadNewObject(RiverUnmarshaller.java:1395)
	at org.jboss.marshalling.river.RiverUnmarshaller.doReadObject(RiverUnmarshaller.java:272)
	at org.jboss.marshalling.river.RiverUnmarshaller.doReadObject(RiverUnmarshaller.java:220)
	at org.jboss.marshalling.river.RiverUnmarshaller.readFields(RiverUnmarshaller.java:1853)
	at org.jboss.marshalling.river.RiverUnmarshaller.doInitSerializable(RiverUnmarshaller.java:1767)
	at org.jboss.marshalling.river.RiverUnmarshaller.doReadNewObject(RiverUnmarshaller.java:1395)
	at org.jboss.marshalling.river.RiverUnmarshaller.doReadObject(RiverUnmarshaller.java:272)
	at org.jboss.marshalling.river.RiverUnmarshaller.doReadObject(RiverUnmarshaller.java:220)
	at org.jboss.marshalling.river.RiverUnmarshaller.readFields(RiverUnmarshaller.java:1853)
	at org.jboss.marshalling.river.RiverUnmarshaller.doInitSerializable(RiverUnmarshaller.java:1767)
	at org.jboss.marshalling.river.RiverUnmarshaller.doReadNewObject(RiverUnmarshaller.java:1395)
	at org.jboss.marshalling.river.RiverUnmarshaller.doReadObject(RiverUnmarshaller.java:272)
	at org.jboss.marshalling.river.RiverUnmarshaller.doReadObject(RiverUnmarshaller.java:220)
	at org.jboss.marshalling.river.RiverUnmarshaller.doReadCollectionObject(RiverUnmarshaller.java:176)
	at org.jboss.marshalling.river.RiverUnmarshaller.doReadObjectArray(RiverUnmarshaller.java:1661)
	at org.jboss.marshalling.river.RiverUnmarshaller.doReadArray(RiverUnmarshaller.java:1700)
	at org.jboss.marshalling.river.RiverUnmarshaller.doReadObject(RiverUnmarshaller.java:325)
	at org.jboss.marshalling.river.RiverUnmarshaller.doReadObject(RiverUnmarshaller.java:220)
	at org.jboss.marshalling.river.RiverUnmarshaller.readFields(RiverUnmarshaller.java:1853)
	at org.jboss.marshalling.river.RiverUnmarshaller.doInitSerializable(RiverUnmarshaller.java:1767)
	at org.jboss.marshalling.river.RiverUnmarshaller.doReadNewObject(RiverUnmarshaller.java:1395)
	at org.jboss.marshalling.river.RiverUnmarshaller.doReadObject(RiverUnmarshaller.java:272)
	at org.jboss.marshalling.river.RiverUnmarshaller.doReadObject(RiverUnmarshaller.java:220)
	at org.jboss.marshalling.river.RiverUnmarshaller.doReadCollectionObject(RiverUnmarshaller.java:176)
	at org.jboss.marshalling.river.RiverUnmarshaller.doReadObjectArray(RiverUnmarshaller.java:1661)
	at org.jboss.marshalling.river.RiverUnmarshaller.doReadArray(RiverUnmarshaller.java:1700)
	at org.jboss.marshalling.river.RiverUnmarshaller.doReadObject(RiverUnmarshaller.java:325)
	at org.jboss.marshalling.river.RiverUnmarshaller.doReadObject(RiverUnmarshaller.java:220)
	at org.jboss.marshalling.river.RiverUnmarshaller.readFields(RiverUnmarshaller.java:1853)
	at org.jboss.marshalling.river.RiverUnmarshaller.doInitSerializable(RiverUnmarshaller.java:1767)
	at org.jboss.marshalling.river.RiverUnmarshaller.doReadNewObject(RiverUnmarshaller.java:1395)
	at org.jboss.marshalling.river.RiverUnmarshaller.doReadObject(RiverUnmarshaller.java:272)
	at org.jboss.marshalling.river.RiverUnmarshaller.doReadObject(RiverUnmarshaller.java:220)
	at org.jboss.marshalling.river.RiverUnmarshaller.doReadCollectionObject(RiverUnmarshaller.java:176)
	at org.jboss.marshalling.river.RiverUnmarshaller.doReadObjectArray(RiverUnmarshaller.java:1661)
	at org.jboss.marshalling.river.RiverUnmarshaller.doReadArray(RiverUnmarshaller.java:1700)
	at org.jboss.marshalling.river.RiverUnmarshaller.doReadObject(RiverUnmarshaller.java:325)
	at org.jboss.marshalling.river.RiverUnmarshaller.doReadObject(RiverUnmarshaller.java:220)
	at org.jboss.marshalling.river.RiverUnmarshaller.readFields(RiverUnmarshaller.java:1853)
	at org.jboss.marshalling.river.RiverUnmarshaller.doInitSerializable(RiverUnmarshaller.java:1767)
	at org.jboss.marshalling.river.RiverUnmarshaller.doInitSerializable(RiverUnmarshaller.java:1715)
	at org.jboss.marshalling.river.RiverUnmarshaller.doReadNewObject(RiverUnmarshaller.java:1395)
	at org.jboss.marshalling.river.RiverUnmarshaller.doReadObject(RiverUnmarshaller.java:272)
	at org.jboss.marshalling.river.RiverUnmarshaller.doReadObject(RiverUnmarshaller.java:220)
	at org.jboss.marshalling.river.RiverUnmarshaller.doReadCollectionObject(RiverUnmarshaller.java:176)
	at org.jboss.marshalling.river.RiverUnmarshaller.doReadObjectArray(RiverUnmarshaller.java:1661)
	at org.jboss.marshalling.river.RiverUnmarshaller.doReadArray(RiverUnmarshaller.java:1700)
	at org.jboss.marshalling.river.RiverUnmarshaller.doReadObject(RiverUnmarshaller.java:325)
	at org.jboss.marshalling.river.RiverUnmarshaller.doReadObject(RiverUnmarshaller.java:220)
	at org.jboss.marshalling.river.RiverUnmarshaller.readFields(RiverUnmarshaller.java:1853)
	at org.jboss.marshalling.river.RiverUnmarshaller.doInitSerializable(RiverUnmarshaller.java:1767)
	at org.jboss.marshalling.river.RiverUnmarshaller.doReadNewObject(RiverUnmarshaller.java:1395)
	at org.jboss.marshalling.river.RiverUnmarshaller.doReadObject(RiverUnmarshaller.java:272)
	at org.jboss.marshalling.river.RiverUnmarshaller.doReadObject(RiverUnmarshaller.java:220)
	at org.jboss.marshalling.river.RiverUnmarshaller.doReadCollectionObject(RiverUnmarshaller.java:176)
	at org.jboss.marshalling.river.RiverUnmarshaller.doReadObjectArray(RiverUnmarshaller.java:1661)
	at org.jboss.marshalling.river.RiverUnmarshaller.doReadArray(RiverUnmarshaller.java:1700)
	at org.jboss.marshalling.river.RiverUnmarshaller.doReadObject(RiverUnmarshaller.java:325)
	at org.jboss.marshalling.river.RiverUnmarshaller.doReadObject(RiverUnmarshaller.java:220)
	at org.jboss.marshalling.river.RiverUnmarshaller.readFields(RiverUnmarshaller.java:1853)
	at org.jboss.marshalling.river.RiverUnmarshaller.doInitSerializable(RiverUnmarshaller.java:1767)
	at org.jboss.marshalling.river.RiverUnmarshaller.doReadNewObject(RiverUnmarshaller.java:1395)
	at org.jboss.marshalling.river.RiverUnmarshaller.doReadObject(RiverUnmarshaller.java:272)
	at org.jboss.marshalling.river.RiverUnmarshaller.doReadObject(RiverUnmarshaller.java:220)
	at org.jboss.marshalling.river.RiverUnmarshaller.readFields(RiverUnmarshaller.java:1853)
	at org.jboss.marshalling.river.RiverUnmarshaller.doInitSerializable(RiverUnmarshaller.java:1767)
	at org.jboss.marshalling.river.RiverUnmarshaller.doReadNewObject(RiverUnmarshaller.java:1395)
	at org.jboss.marshalling.river.RiverUnmarshaller.doReadObject(RiverUnmarshaller.java:272)
	at org.jboss.marshalling.river.RiverUnmarshaller.doReadObject(RiverUnmarshaller.java:220)
	at org.jboss.marshalling.river.RiverUnmarshaller.readFields(RiverUnmarshaller.java:1853)
	at org.jboss.marshalling.river.RiverUnmarshaller.doInitSerializable(RiverUnmarshaller.java:1767)
	at org.jboss.marshalling.river.RiverUnmarshaller.doReadNewObject(RiverUnmarshaller.java:1395)
	at org.jboss.marshalling.river.RiverUnmarshaller.doReadObject(RiverUnmarshaller.java:272)
	at org.jboss.marshalling.river.RiverUnmarshaller.doReadObject(RiverUnmarshaller.java:220)
	at org.jboss.marshalling.river.RiverUnmarshaller.readFields(RiverUnmarshaller.java:1853)
	at org.jboss.marshalling.river.RiverUnmarshaller.doInitSerializable(RiverUnmarshaller.java:1767)
	at org.jboss.marshalling.river.RiverUnmarshaller.doReadNewObject(RiverUnmarshaller.java:1395)
	at org.jboss.marshalling.river.RiverUnmarshaller.doReadObject(RiverUnmarshaller.java:272)
	at org.jboss.marshalling.river.RiverUnmarshaller.doReadObject(RiverUnmarshaller.java:220)
	at org.jboss.marshalling.river.RiverUnmarshaller.readFields(RiverUnmarshaller.java:1853)
	at org.jboss.marshalling.river.RiverUnmarshaller.doInitSerializable(RiverUnmarshaller.java:1767)
	at org.jboss.marshalling.river.RiverUnmarshaller.doReadNewObject(RiverUnmarshaller.java:1395)
	at org.jboss.marshalling.river.RiverUnmarshaller.doReadObject(RiverUnmarshaller.java:272)
	at org.jboss.marshalling.river.RiverUnmarshaller.doReadObject(RiverUnmarshaller.java:220)
	at org.jboss.marshalling.river.RiverUnmarshaller.readFields(RiverUnmarshaller.java:1853)
	at org.jboss.marshalling.river.RiverUnmarshaller.doInitSerializable(RiverUnmarshaller.java:1767)
	at org.jboss.marshalling.river.RiverUnmarshaller.doInitSerializable(RiverUnmarshaller.java:1715)
	at org.jboss.marshalling.river.RiverUnmarshaller.doReadNewObject(RiverUnmarshaller.java:1395)
	at org.jboss.marshalling.river.RiverUnmarshaller.doReadObject(RiverUnmarshaller.java:272)
	at org.jboss.marshalling.river.RiverUnmarshaller.doReadObject(RiverUnmarshaller.java:220)
	at org.jboss.marshalling.river.RiverUnmarshaller.readFields(RiverUnmarshaller.java:1853)
	at org.jboss.marshalling.river.RiverUnmarshaller.doInitSerializable(RiverUnmarshaller.java:1767)
	at org.jboss.marshalling.river.RiverUnmarshaller.doInitSerializable(RiverUnmarshaller.java:1715)
	at org.jboss.marshalling.river.RiverUnmarshaller.doReadNewObject(RiverUnmarshaller.java:1395)
	at org.jboss.marshalling.river.RiverUnmarshaller.doReadObject(RiverUnmarshaller.java:272)
	at org.jboss.marshalling.river.BlockUnmarshaller.readObject(BlockUnmarshaller.java:149)
	at org.jboss.marshalling.river.BlockUnmarshaller.readObject(BlockUnmarshaller.java:135)
	at org.jboss.marshalling.MarshallerObjectInputStream.readObjectOverride(MarshallerObjectInputStream.java:53)
	at org.jboss.marshalling.river.RiverObjectInputStream.readObjectOverride(RiverObjectInputStream.java:307)
	at java.io.ObjectInputStream.readObject(ObjectInputStream.java:455)
	at java.io.ObjectInputStream.readObject(ObjectInputStream.java:422)
	at java.util.HashMap.readObject(HashMap.java:1412)
	at sun.reflect.GeneratedMethodAccessor23.invoke(Unknown Source)
	at sun.reflect.DelegatingMethodAccessorImpl.invoke(DelegatingMethodAccessorImpl.java:43)
	at java.lang.reflect.Method.invoke(Method.java:498)
	at org.jboss.marshalling.reflect.JDKSpecific$SerMethods.callReadObject(JDKSpecific.java:179)
	at org.jboss.marshalling.reflect.SerializableClass.callReadObject(SerializableClass.java:212)
	at org.jboss.marshalling.river.RiverUnmarshaller.doInitSerializable(RiverUnmarshaller.java:1746)
	at org.jboss.marshalling.river.RiverUnmarshaller.doReadNewObject(RiverUnmarshaller.java:1395)
	at org.jboss.marshalling.river.RiverUnmarshaller.doReadObject(RiverUnmarshaller.java:272)
	at org.jboss.marshalling.river.RiverUnmarshaller.doReadObject(RiverUnmarshaller.java:220)
	at org.jboss.marshalling.river.RiverUnmarshaller.readFields(RiverUnmarshaller.java:1853)
	at org.jboss.marshalling.river.RiverUnmarshaller.doInitSerializable(RiverUnmarshaller.java:1767)
	at org.jboss.marshalling.river.RiverUnmarshaller.doReadNewObject(RiverUnmarshaller.java:1395)
	at org.jboss.marshalling.river.RiverUnmarshaller.doReadObject(RiverUnmarshaller.java:272)
	at org.jboss.marshalling.river.RiverUnmarshaller.doReadObject(RiverUnmarshaller.java:220)
	at org.jboss.marshalling.river.RiverUnmarshaller.readFields(RiverUnmarshaller.java:1853)
	at org.jboss.marshalling.river.RiverUnmarshaller.doInitSerializable(RiverUnmarshaller.java:1767)
	at org.jboss.marshalling.river.RiverUnmarshaller.doInitSerializable(RiverUnmarshaller.java:1715)
	at org.jboss.marshalling.river.RiverUnmarshaller.doReadNewObject(RiverUnmarshaller.java:1395)
	at org.jboss.marshalling.river.RiverUnmarshaller.doReadObject(RiverUnmarshaller.java:272)
	at org.jboss.marshalling.river.RiverUnmarshaller.doReadObject(RiverUnmarshaller.java:220)
	at org.jboss.marshalling.river.RiverUnmarshaller.readFields(RiverUnmarshaller.java:1853)
	at org.jboss.marshalling.river.RiverUnmarshaller.doInitSerializable(RiverUnmarshaller.java:1767)
	at org.jboss.marshalling.river.RiverUnmarshaller.doInitSerializable(RiverUnmarshaller.java:1715)
	at org.jboss.marshalling.river.RiverUnmarshaller.doReadNewObject(RiverUnmarshaller.java:1395)
	at org.jboss.marshalling.river.RiverUnmarshaller.doReadObject(RiverUnmarshaller.java:272)
	at org.jboss.marshalling.river.RiverUnmarshaller.doReadObject(RiverUnmarshaller.java:220)
	at org.jboss.marshalling.river.RiverUnmarshaller.readFields(RiverUnmarshaller.java:1853)
	at org.jboss.marshalling.river.RiverUnmarshaller.doInitSerializable(RiverUnmarshaller.java:1767)
	at org.jboss.marshalling.river.RiverUnmarshaller.doInitSerializable(RiverUnmarshaller.java:1715)
	at org.jboss.marshalling.river.RiverUnmarshaller.doReadNewObject(RiverUnmarshaller.java:1395)
	at org.jboss.marshalling.river.RiverUnmarshaller.doReadObject(RiverUnmarshaller.java:272)
	at org.jboss.marshalling.river.RiverUnmarshaller.doReadObject(RiverUnmarshaller.java:220)
	at org.jboss.marshalling.river.RiverUnmarshaller.readFields(RiverUnmarshaller.java:1853)
	at org.jboss.marshalling.river.RiverUnmarshaller.doInitSerializable(RiverUnmarshaller.java:1767)
	at org.jboss.marshalling.river.RiverUnmarshaller.doInitSerializable(RiverUnmarshaller.java:1715)
	at org.jboss.marshalling.river.RiverUnmarshaller.doReadNewObject(RiverUnmarshaller.java:1395)
	at org.jboss.marshalling.river.RiverUnmarshaller.doReadObject(RiverUnmarshaller.java:272)
	at org.jboss.marshalling.river.RiverUnmarshaller.doReadObject(RiverUnmarshaller.java:220)
	at org.jboss.marshalling.river.RiverUnmarshaller.readFields(RiverUnmarshaller.java:1853)
	at org.jboss.marshalling.river.RiverUnmarshaller.doInitSerializable(RiverUnmarshaller.java:1767)
	at org.jboss.marshalling.river.RiverUnmarshaller.doInitSerializable(RiverUnmarshaller.java:1715)
	at org.jboss.marshalling.river.RiverUnmarshaller.doReadNewObject(RiverUnmarshaller.java:1395)
	at org.jboss.marshalling.river.RiverUnmarshaller.doReadObject(RiverUnmarshaller.java:272)
	at org.jboss.marshalling.river.RiverUnmarshaller.doReadObject(RiverUnmarshaller.java:220)
	at org.jboss.marshalling.river.RiverUnmarshaller.readFields(RiverUnmarshaller.java:1853)
	at org.jboss.marshalling.river.RiverUnmarshaller.doInitSerializable(RiverUnmarshaller.java:1767)
	at org.jboss.marshalling.river.RiverUnmarshaller.doInitSerializable(RiverUnmarshaller.java:1715)
	at org.jboss.marshalling.river.RiverUnmarshaller.doReadNewObject(RiverUnmarshaller.java:1395)
	at org.jboss.marshalling.river.RiverUnmarshaller.doReadObject(RiverUnmarshaller.java:272)
	at org.jboss.marshalling.river.RiverUnmarshaller.doReadObject(RiverUnmarshaller.java:220)
	at org.jboss.marshalling.river.RiverUnmarshaller.readFields(RiverUnmarshaller.java:1853)
	at org.jboss.marshalling.river.RiverUnmarshaller.doInitSerializable(RiverUnmarshaller.java:1767)
	at org.jboss.marshalling.river.RiverUnmarshaller.doInitSerializable(RiverUnmarshaller.java:1715)
	at org.jboss.marshalling.river.RiverUnmarshaller.doReadNewObject(RiverUnmarshaller.java:1395)
	at org.jboss.marshalling.river.RiverUnmarshaller.doReadObject(RiverUnmarshaller.java:272)
	at org.jboss.marshalling.river.RiverUnmarshaller.doReadObject(RiverUnmarshaller.java:220)
	at org.jboss.marshalling.river.RiverUnmarshaller.readFields(RiverUnmarshaller.java:1853)
	at org.jboss.marshalling.river.RiverUnmarshaller.doInitSerializable(RiverUnmarshaller.java:1767)
	at org.jboss.marshalling.river.RiverUnmarshaller.doInitSerializable(RiverUnmarshaller.java:1715)
	at org.jboss.marshalling.river.RiverUnmarshaller.doReadNewObject(RiverUnmarshaller.java:1395)
	at org.jboss.marshalling.river.RiverUnmarshaller.doReadObject(RiverUnmarshaller.java:272)
	at org.jboss.marshalling.river.RiverUnmarshaller.doReadObject(RiverUnmarshaller.java:220)
	at org.jboss.marshalling.river.RiverUnmarshaller.readFields(RiverUnmarshaller.java:1853)
	at org.jboss.marshalling.river.RiverUnmarshaller.doInitSerializable(RiverUnmarshaller.java:1767)
	at org.jboss.marshalling.river.RiverUnmarshaller.doInitSerializable(RiverUnmarshaller.java:1715)
	at org.jboss.marshalling.river.RiverUnmarshaller.doReadNewObject(RiverUnmarshaller.java:1395)
	at org.jboss.marshalling.river.RiverUnmarshaller.doReadObject(RiverUnmarshaller.java:272)
	at org.jboss.marshalling.river.RiverUnmarshaller.doReadObject(RiverUnmarshaller.java:220)
	at org.jboss.marshalling.river.RiverUnmarshaller.readFields(RiverUnmarshaller.java:1853)
	at org.jboss.marshalling.river.RiverUnmarshaller.doInitSerializable(RiverUnmarshaller.java:1767)
	at org.jboss.marshalling.river.RiverUnmarshaller.doInitSerializable(RiverUnmarshaller.java:1715)
	at org.jboss.marshalling.river.RiverUnmarshaller.doReadNewObject(RiverUnmarshaller.java:1395)
	at org.jboss.marshalling.river.RiverUnmarshaller.doReadObject(RiverUnmarshaller.java:272)
	at org.jboss.marshalling.river.RiverUnmarshaller.doReadObject(RiverUnmarshaller.java:220)
	at org.jboss.marshalling.river.RiverUnmarshaller.readFields(RiverUnmarshaller.java:1853)
	at org.jboss.marshalling.river.RiverUnmarshaller.doInitSerializable(RiverUnmarshaller.java:1767)
	at org.jboss.marshalling.river.RiverUnmarshaller.doInitSerializable(RiverUnmarshaller.java:1715)
	at org.jboss.marshalling.river.RiverUnmarshaller.doReadNewObject(RiverUnmarshaller.java:1395)
	at org.jboss.marshalling.river.RiverUnmarshaller.doReadObject(RiverUnmarshaller.java:272)
	at org.jboss.marshalling.river.RiverUnmarshaller.doReadObject(RiverUnmarshaller.java:220)
	at org.jboss.marshalling.river.RiverUnmarshaller.readFields(RiverUnmarshaller.java:1853)
	at org.jboss.marshalling.river.RiverUnmarshaller.doInitSerializable(RiverUnmarshaller.java:1767)
	at org.jboss.marshalling.river.RiverUnmarshaller.doInitSerializable(RiverUnmarshaller.java:1715)
	at org.jboss.marshalling.river.RiverUnmarshaller.doReadNewObject(RiverUnmarshaller.java:1395)
	at org.jboss.marshalling.river.RiverUnmarshaller.doReadObject(RiverUnmarshaller.java:272)
	at org.jboss.marshalling.river.RiverUnmarshaller.doReadObject(RiverUnmarshaller.java:220)
	at org.jboss.marshalling.river.RiverUnmarshaller.readFields(RiverUnmarshaller.java:1853)
	at org.jboss.marshalling.river.RiverUnmarshaller.doInitSerializable(RiverUnmarshaller.java:1767)
	at org.jboss.marshalling.river.RiverUnmarshaller.doReadNewObject(RiverUnmarshaller.java:1395)
	at org.jboss.marshalling.river.RiverUnmarshaller.doReadObject(RiverUnmarshaller.java:272)
	at org.jboss.marshalling.river.RiverUnmarshaller.doReadObject(RiverUnmarshaller.java:220)
	at org.jboss.marshalling.river.RiverUnmarshaller.readFields(RiverUnmarshaller.java:1853)
	at org.jboss.marshalling.river.RiverUnmarshaller.doInitSerializable(RiverUnmarshaller.java:1767)
	at org.jboss.marshalling.river.RiverUnmarshaller.doInitSerializable(RiverUnmarshaller.java:1715)
	at org.jboss.marshalling.river.RiverUnmarshaller.doReadNewObject(RiverUnmarshaller.java:1395)
	at org.jboss.marshalling.river.RiverUnmarshaller.doReadObject(RiverUnmarshaller.java:272)
	at org.jboss.marshalling.river.RiverUnmarshaller.doReadObject(RiverUnmarshaller.java:220)
	at org.jboss.marshalling.river.RiverUnmarshaller.readFields(RiverUnmarshaller.java:1853)
	at org.jboss.marshalling.river.RiverUnmarshaller.doInitSerializable(RiverUnmarshaller.java:1767)
	at org.jboss.marshalling.river.RiverUnmarshaller.doInitSerializable(RiverUnmarshaller.java:1715)
	at org.jboss.marshalling.river.RiverUnmarshaller.doInitSerializable(RiverUnmarshaller.java:1715)
	at org.jboss.marshalling.river.RiverUnmarshaller.doReadNewObject(RiverUnmarshaller.java:1395)
	at org.jboss.marshalling.river.RiverUnmarshaller.doReadObject(RiverUnmarshaller.java:272)
	at org.jboss.marshalling.river.BlockUnmarshaller.readObject(BlockUnmarshaller.java:149)
	at org.jboss.marshalling.river.BlockUnmarshaller.readObject(BlockUnmarshaller.java:135)
	at org.jboss.marshalling.MarshallerObjectInputStream.readObjectOverride(MarshallerObjectInputStream.java:53)
	at org.jboss.marshalling.river.RiverObjectInputStream.readObjectOverride(RiverObjectInputStream.java:307)
	at java.io.ObjectInputStream.readObject(ObjectInputStream.java:455)
	at java.io.ObjectInputStream.readObject(ObjectInputStream.java:422)
	at java.util.HashMap.readObject(HashMap.java:1412)
	at sun.reflect.GeneratedMethodAccessor23.invoke(Unknown Source)
	at sun.reflect.DelegatingMethodAccessorImpl.invoke(DelegatingMethodAccessorImpl.java:43)
	at java.lang.reflect.Method.invoke(Method.java:498)
	at org.jboss.marshalling.reflect.JDKSpecific$SerMethods.callReadObject(JDKSpecific.java:179)
	at org.jboss.marshalling.reflect.SerializableClass.callReadObject(SerializableClass.java:212)
	at org.jboss.marshalling.river.RiverUnmarshaller.doInitSerializable(RiverUnmarshaller.java:1746)
	at org.jboss.marshalling.river.RiverUnmarshaller.doReadNewObject(RiverUnmarshaller.java:1395)
	at org.jboss.marshalling.river.RiverUnmarshaller.doReadObject(RiverUnmarshaller.java:272)
	at org.jboss.marshalling.river.RiverUnmarshaller.doReadObject(RiverUnmarshaller.java:220)
	at org.jboss.marshalling.river.RiverUnmarshaller.readFields(RiverUnmarshaller.java:1853)
	at org.jboss.marshalling.river.RiverUnmarshaller.doInitSerializable(RiverUnmarshaller.java:1767)
	at org.jboss.marshalling.river.RiverUnmarshaller.doReadNewObject(RiverUnmarshaller.java:1395)
	at org.jboss.marshalling.river.RiverUnmarshaller.doReadObject(RiverUnmarshaller.java:272)
	at org.jboss.marshalling.river.RiverUnmarshaller.doReadObject(RiverUnmarshaller.java:205)
	at org.jboss.marshalling.AbstractObjectInput.readObject(AbstractObjectInput.java:41)
	at org.jenkinsci.plugins.workflow.support.pickles.serialization.RiverReader$SandboxedUnmarshaller.lambda$readObject$0(RiverReader.java:250)
	at org.jenkinsci.plugins.scriptsecurity.sandbox.groovy.GroovySandbox.runInSandbox(GroovySandbox.java:237)
	at org.jenkinsci.plugins.workflow.support.pickles.serialization.RiverReader$SandboxedUnmarshaller.sandbox(RiverReader.java:237)
	at org.jenkinsci.plugins.workflow.support.pickles.serialization.RiverReader$SandboxedUnmarshaller.readObject(RiverReader.java:250)
	at org.jenkinsci.plugins.workflow.cps.CpsFlowExecution$2.onSuccess(CpsFlowExecution.java:783)
	at org.jenkinsci.plugins.workflow.cps.CpsFlowExecution$2.onSuccess(CpsFlowExecution.java:776)
	at org.jenkinsci.plugins.workflow.support.concurrent.Futures$1.run(Futures.java:150)
	at com.google.common.util.concurrent.MoreExecutors$SameThreadExecutorService.execute(MoreExecutors.java:253)
	at com.google.common.util.concurrent.ExecutionList$RunnableExecutorPair.execute(ExecutionList.java:149)
	at com.google.common.util.concurrent.ExecutionList.execute(ExecutionList.java:134)
	at com.google.common.util.concurrent.AbstractFuture.set(AbstractFuture.java:170)
	at org.jenkinsci.plugins.workflow.support.concurrent.ChainingListenableFuture.access$000(ChainingListenableFuture.java:33)
	at org.jenkinsci.plugins.workflow.support.concurrent.ChainingListenableFuture$1.run(ChainingListenableFuture.java:196)
	at com.google.common.util.concurrent.MoreExecutors$SameThreadExecutorService.execute(MoreExecutors.java:253)
	at com.google.common.util.concurrent.ExecutionList$RunnableExecutorPair.execute(ExecutionList.java:149)
	at com.google.common.util.concurrent.ExecutionList.add(ExecutionList.java:105)
	at com.google.common.util.concurrent.AbstractFuture.addListener(AbstractFuture.java:155)
	at org.jenkinsci.plugins.workflow.support.concurrent.ChainingListenableFuture.run(ChainingListenableFuture.java:189)
	at com.google.common.util.concurrent.MoreExecutors$SameThreadExecutorService.execute(MoreExecutors.java:253)
	at com.google.common.util.concurrent.ExecutionList$RunnableExecutorPair.execute(ExecutionList.java:149)
	at com.google.common.util.concurrent.ExecutionList.execute(ExecutionList.java:134)
	at com.google.common.util.concurrent.AbstractFuture.set(AbstractFuture.java:170)
	at org.jenkinsci.plugins.workflow.support.concurrent.ChainingListenableFuture.access$000(ChainingListenableFuture.java:33)
	at org.jenkinsci.plugins.workflow.support.concurrent.ChainingListenableFuture$1.run(ChainingListenableFuture.java:196)
	at com.google.common.util.concurrent.MoreExecutors$SameThreadExecutorService.execute(MoreExecutors.java:253)
	at com.google.common.util.concurrent.ExecutionList$RunnableExecutorPair.execute(ExecutionList.java:149)
	at com.google.common.util.concurrent.ExecutionList.add(ExecutionList.java:105)
	at com.google.common.util.concurrent.AbstractFuture.addListener(AbstractFuture.java:155)
	at org.jenkinsci.plugins.workflow.support.concurrent.ChainingListenableFuture.run(ChainingListenableFuture.java:189)
	at com.google.common.util.concurrent.MoreExecutors$SameThreadExecutorService.execute(MoreExecutors.java:253)
	at com.google.common.util.concurrent.ExecutionList$RunnableExecutorPair.execute(ExecutionList.java:149)
	at com.google.common.util.concurrent.ExecutionList.execute(ExecutionList.java:134)
	at com.google.common.util.concurrent.AbstractFuture.set(AbstractFuture.java:170)
	at org.jenkinsci.plugins.workflow.support.concurrent.ListFuture.setOneValue(ListFuture.java:158)
	at org.jenkinsci.plugins.workflow.support.concurrent.ListFuture.access$000(ListFuture.java:40)
	at org.jenkinsci.plugins.workflow.support.concurrent.ListFuture$2.run(ListFuture.java:107)
	at com.google.common.util.concurrent.MoreExecutors$SameThreadExecutorService.execute(MoreExecutors.java:253)
	at com.google.common.util.concurrent.ExecutionList$RunnableExecutorPair.execute(ExecutionList.java:149)
	at com.google.common.util.concurrent.ExecutionList.execute(ExecutionList.java:134)
	at com.google.common.util.concurrent.AbstractFuture.set(AbstractFuture.java:170)
	at org.jenkinsci.plugins.workflow.support.concurrent.ChainingListenableFuture.access$000(ChainingListenableFuture.java:33)
	at org.jenkinsci.plugins.workflow.support.concurrent.ChainingListenableFuture$1.run(ChainingListenableFuture.java:196)
	at com.google.common.util.concurrent.MoreExecutors$SameThreadExecutorService.execute(MoreExecutors.java:253)
	at com.google.common.util.concurrent.ExecutionList$RunnableExecutorPair.execute(ExecutionList.java:149)
	at com.google.common.util.concurrent.ExecutionList.add(ExecutionList.java:105)
	at com.google.common.util.concurrent.AbstractFuture.addListener(AbstractFuture.java:155)
	at org.jenkinsci.plugins.workflow.support.concurrent.ChainingListenableFuture.run(ChainingListenableFuture.java:189)
	at com.google.common.util.concurrent.MoreExecutors$SameThreadExecutorService.execute(MoreExecutors.java:253)
	at com.google.common.util.concurrent.ExecutionList$RunnableExecutorPair.execute(ExecutionList.java:149)
	at com.google.common.util.concurrent.ExecutionList.execute(ExecutionList.java:134)
	at com.google.common.util.concurrent.AbstractFuture.set(AbstractFuture.java:170)
	at org.jenkinsci.plugins.workflow.support.pickles.TryRepeatedly.access$500(TryRepeatedly.java:48)
	at org.jenkinsci.plugins.workflow.support.pickles.TryRepeatedly$1.run(TryRepeatedly.java:112)
	at jenkins.security.ImpersonatingScheduledExecutorService$1.run(ImpersonatingScheduledExecutorService.java:58)
	at java.util.concurrent.Executors$RunnableAdapter.call(Executors.java:511)
	at java.util.concurrent.FutureTask.run(FutureTask.java:266)
	at java.util.concurrent.ScheduledThreadPoolExecutor$ScheduledFutureTask.access$201(ScheduledThreadPoolExecutor.java:180)
	at java.util.concurrent.ScheduledThreadPoolExecutor$ScheduledFutureTask.run(ScheduledThreadPoolExecutor.java:293)
Caused: java.io.IOException: Failed to load build state
	at org.jenkinsci.plugins.workflow.cps.CpsFlowExecution$3.onSuccess(CpsFlowExecution.java:855)
	at org.jenkinsci.plugins.workflow.cps.CpsFlowExecution$3.onSuccess(CpsFlowExecution.java:853)
	at org.jenkinsci.plugins.workflow.cps.CpsFlowExecution$4$1.run(CpsFlowExecution.java:907)
	at org.jenkinsci.plugins.workflow.cps.CpsVmExecutorService$1.run(CpsVmExecutorService.java:38)
	at java.util.concurrent.Executors$RunnableAdapter.call(Executors.java:511)
	at java.util.concurrent.FutureTask.run(FutureTask.java:266)
	at hudson.remoting.SingleLaneExecutorService$1.run(SingleLaneExecutorService.java:131)
	at jenkins.util.ContextResettingExecutorService$1.run(ContextResettingExecutorService.java:28)
	at jenkins.security.ImpersonatingExecutorService$1.run(ImpersonatingExecutorService.java:59)
	at java.util.concurrent.Executors$RunnableAdapter.call(Executors.java:511)
	at java.util.concurrent.FutureTask.run(FutureTask.java:266)
	at java.util.concurrent.ThreadPoolExecutor.runWorker(ThreadPoolExecutor.java:1149)
	at java.util.concurrent.ThreadPoolExecutor$Worker.run(ThreadPoolExecutor.java:624)
	at java.lang.Thread.run(Thread.java:748)
Finished: FAILURE
