Apr 24, 2012 12:21:54 PM org.springframework.context.support.AbstractApplicationContext prepareRefresh
INFO: Refreshing org.springframework.web.context.support.StaticWebApplicationContext@59495: display name [Root WebApplicationContext]; startup date [Tue Apr 24 12:21:54 CEST 2012]; root of context hierarchy
Apr 24, 2012 12:21:54 PM org.springframework.context.support.AbstractApplicationContext obtainFreshBeanFactory
INFO: Bean factory for application context [org.springframework.web.context.support.StaticWebApplicationContext@59495]: org.springframework.beans.factory.support.DefaultListableBeanFactory@1c3cd50
Apr 24, 2012 12:21:54 PM org.springframework.beans.factory.support.DefaultListableBeanFactory preInstantiateSingletons
INFO: Pre-instantiating singletons in org.springframework.beans.factory.support.DefaultListableBeanFactory@1c3cd50: defining beans [initialDirContextFactory,bindAuthenticator,ldapUserSearch,authenticationManager,authoritiesPopulator]; root of factory hierarchy
Apr 24, 2012 12:21:54 PM org.acegisecurity.ldap.DefaultInitialDirContextFactory setProviderUrl
INFO:  URL 'ldap://localhost:389/dc=fr,dc=sogeti,dc=com', root DN is 'dc=fr,dc=sogeti,dc=com'
Apr 24, 2012 12:21:54 PM org.springframework.context.support.AbstractApplicationContext prepareRefresh
INFO: Refreshing org.springframework.web.context.support.StaticWebApplicationContext@14bf8af: display name [Root WebApplicationContext]; startup date [Tue Apr 24 12:21:54 CEST 2012]; root of context hierarchy
Apr 24, 2012 12:21:54 PM org.springframework.context.support.AbstractApplicationContext obtainFreshBeanFactory
INFO: Bean factory for application context [org.springframework.web.context.support.StaticWebApplicationContext@14bf8af]: org.springframework.beans.factory.support.DefaultListableBeanFactory@7bd591
Apr 24, 2012 12:21:54 PM org.springframework.beans.factory.support.DefaultListableBeanFactory preInstantiateSingletons
INFO: Pre-instantiating singletons in org.springframework.beans.factory.support.DefaultListableBeanFactory@7bd591: defining beans [filter,legacy]; root of factory hierarchy
Apr 24, 2012 12:21:54 PM hudson.plugins.scm_sync_configuration.ScmSyncConfigurationBusiness synchronizeFile
INFO: Synchronizeing file [config.xml] to SCM ...
[INFO] SVN commit directory: /var/lib/jenkins/scm-sync-configuration/checkoutConfiguration
Apr 24, 2012 12:21:54 PM hudson.plugins.scm_sync_configuration.SCMManipulator checkinFiles
SEVERE: [checkinFiles] Problem during commit of [[config.xml]] : svn: Commit failed (details follow):
svn: OPTIONS /repos failed
Apr 24, 2012 12:21:54 PM winstone.Logger logInternal
SEVERE: Error while serving http://217.109.132.171:8080/configSubmit
java.lang.reflect.InvocationTargetException
	at sun.reflect.NativeMethodAccessorImpl.invoke0(Native Method)
	at sun.reflect.NativeMethodAccessorImpl.invoke(NativeMethodAccessorImpl.java:57)
	at sun.reflect.DelegatingMethodAccessorImpl.invoke(DelegatingMethodAccessorImpl.java:43)
	at java.lang.reflect.Method.invoke(Method.java:616)
	at org.kohsuke.stapler.Function$InstanceFunction.invoke(Function.java:288)
	at org.kohsuke.stapler.Function.bindAndInvoke(Function.java:151)
	at org.kohsuke.stapler.Function.bindAndInvokeAndServeResponse(Function.java:90)
	at org.kohsuke.stapler.MetaClass$1.doDispatch(MetaClass.java:111)
	at org.kohsuke.stapler.NameBasedDispatcher.dispatch(NameBasedDispatcher.java:53)
	at org.kohsuke.stapler.Stapler.tryInvoke(Stapler.java:574)
	at org.kohsuke.stapler.Stapler.invoke(Stapler.java:659)
	at org.kohsuke.stapler.Stapler.invoke(Stapler.java:488)
	at org.kohsuke.stapler.Stapler.service(Stapler.java:162)
	at javax.servlet.http.HttpServlet.service(HttpServlet.java:45)
	at winstone.ServletConfiguration.execute(ServletConfiguration.java:248)
	at winstone.RequestDispatcher.forward(RequestDispatcher.java:333)
	at winstone.RequestDispatcher.doFilter(RequestDispatcher.java:376)
	at hudson.util.PluginServletFilter$1.doFilter(PluginServletFilter.java:95)
	at hudson.plugins.greenballs.GreenBallFilter.doFilter(GreenBallFilter.java:74)
	at hudson.util.PluginServletFilter$1.doFilter(PluginServletFilter.java:98)
	at hudson.util.PluginServletFilter.doFilter(PluginServletFilter.java:87)
	at winstone.FilterConfiguration.execute(FilterConfiguration.java:194)
	at winstone.RequestDispatcher.doFilter(RequestDispatcher.java:366)
	at hudson.security.csrf.CrumbFilter.doFilter(CrumbFilter.java:47)
	at winstone.FilterConfiguration.execute(FilterConfiguration.java:194)
	at winstone.RequestDispatcher.doFilter(RequestDispatcher.java:366)
	at hudson.security.ChainedServletFilter$1.doFilter(ChainedServletFilter.java:84)
	at hudson.security.UnwrapSecurityExceptionFilter.doFilter(UnwrapSecurityExceptionFilter.java:51)
	at hudson.security.ChainedServletFilter$1.doFilter(ChainedServletFilter.java:87)
	at org.acegisecurity.ui.ExceptionTranslationFilter.doFilter(ExceptionTranslationFilter.java:166)
	at hudson.security.ChainedServletFilter$1.doFilter(ChainedServletFilter.java:87)
	at org.acegisecurity.providers.anonymous.AnonymousProcessingFilter.doFilter(AnonymousProcessingFilter.java:125)
	at hudson.security.ChainedServletFilter$1.doFilter(ChainedServletFilter.java:87)
	at org.acegisecurity.ui.rememberme.RememberMeProcessingFilter.doFilter(RememberMeProcessingFilter.java:142)
	at hudson.security.ChainedServletFilter$1.doFilter(ChainedServletFilter.java:87)
	at org.acegisecurity.ui.AbstractProcessingFilter.doFilter(AbstractProcessingFilter.java:271)
	at hudson.security.ChainedServletFilter$1.doFilter(ChainedServletFilter.java:87)
	at org.acegisecurity.ui.basicauth.BasicProcessingFilter.doFilter(BasicProcessingFilter.java:173)
	at hudson.security.ChainedServletFilter$1.doFilter(ChainedServletFilter.java:87)
	at jenkins.security.ApiTokenFilter.doFilter(ApiTokenFilter.java:61)
	at hudson.security.ChainedServletFilter$1.doFilter(ChainedServletFilter.java:87)
	at org.acegisecurity.context.HttpSessionContextIntegrationFilter.doFilter(HttpSessionContextIntegrationFilter.java:249)
	at hudson.security.HttpSessionContextIntegrationFilter2.doFilter(HttpSessionContextIntegrationFilter2.java:66)
	at hudson.security.ChainedServletFilter$1.doFilter(ChainedServletFilter.java:87)
	at hudson.security.ChainedServletFilter.doFilter(ChainedServletFilter.java:76)
	at hudson.security.HudsonFilter.doFilter(HudsonFilter.java:164)
	at winstone.FilterConfiguration.execute(FilterConfiguration.java:194)
	at winstone.RequestDispatcher.doFilter(RequestDispatcher.java:366)
	at hudson.util.CharacterEncodingFilter.doFilter(CharacterEncodingFilter.java:81)
	at winstone.FilterConfiguration.execute(FilterConfiguration.java:194)
	at winstone.RequestDispatcher.doFilter(RequestDispatcher.java:366)
	at winstone.RequestDispatcher.forward(RequestDispatcher.java:331)
	at winstone.RequestHandlerThread.processRequest(RequestHandlerThread.java:215)
	at winstone.RequestHandlerThread.run(RequestHandlerThread.java:138)
	at java.util.concurrent.Executors$RunnableAdapter.call(Executors.java:471)
	at java.util.concurrent.FutureTask$Sync.innerRun(FutureTask.java:334)
	at java.util.concurrent.FutureTask.run(FutureTask.java:166)
	at winstone.BoundedExecutorService$1.run(BoundedExecutorService.java:77)
	at java.util.concurrent.ThreadPoolExecutor.runWorker(ThreadPoolExecutor.java:1110)
	at java.util.concurrent.ThreadPoolExecutor$Worker.run(ThreadPoolExecutor.java:603)
	at java.lang.Thread.run(Thread.java:679)
Caused by: java.lang.NullPointerException
	at org.jenkinsci.plugins.mavenrepocleaner.MavenRepoCleanerProperty$DescriptorImpl.configure(MavenRepoCleanerProperty.java:99)
	at jenkins.model.Jenkins.configureDescriptor(Jenkins.java:2636)
	at jenkins.model.Jenkins.doConfigSubmit(Jenkins.java:2599)
	... 61 more
Apr 24, 2012 12:21:54 PM winstone.Logger logInternal
WARNING: Untrapped Error in Servlet
javax.servlet.ServletException: java.lang.NullPointerException
	at org.kohsuke.stapler.Stapler.tryInvoke(Stapler.java:616)
	at org.kohsuke.stapler.Stapler.invoke(Stapler.java:659)
	at org.kohsuke.stapler.Stapler.invoke(Stapler.java:488)
	at org.kohsuke.stapler.Stapler.service(Stapler.java:162)
	at javax.servlet.http.HttpServlet.service(HttpServlet.java:45)
	at winstone.ServletConfiguration.execute(ServletConfiguration.java:248)
	at winstone.RequestDispatcher.forward(RequestDispatcher.java:333)
	at winstone.RequestDispatcher.doFilter(RequestDispatcher.java:376)
	at hudson.util.PluginServletFilter$1.doFilter(PluginServletFilter.java:95)
	at hudson.plugins.greenballs.GreenBallFilter.doFilter(GreenBallFilter.java:74)
	at hudson.util.PluginServletFilter$1.doFilter(PluginServletFilter.java:98)
	at hudson.util.PluginServletFilter.doFilter(PluginServletFilter.java:87)
	at winstone.FilterConfiguration.execute(FilterConfiguration.java:194)
	at winstone.RequestDispatcher.doFilter(RequestDispatcher.java:366)
	at hudson.security.csrf.CrumbFilter.doFilter(CrumbFilter.java:47)
	at winstone.FilterConfiguration.execute(FilterConfiguration.java:194)
	at winstone.RequestDispatcher.doFilter(RequestDispatcher.java:366)
	at hudson.security.ChainedServletFilter$1.doFilter(ChainedServletFilter.java:84)
	at hudson.security.UnwrapSecurityExceptionFilter.doFilter(UnwrapSecurityExceptionFilter.java:51)
	at hudson.security.ChainedServletFilter$1.doFilter(ChainedServletFilter.java:87)
	at org.acegisecurity.ui.ExceptionTranslationFilter.doFilter(ExceptionTranslationFilter.java:166)
	at hudson.security.ChainedServletFilter$1.doFilter(ChainedServletFilter.java:87)
	at org.acegisecurity.providers.anonymous.AnonymousProcessingFilter.doFilter(AnonymousProcessingFilter.java:125)
	at hudson.security.ChainedServletFilter$1.doFilter(ChainedServletFilter.java:87)
	at org.acegisecurity.ui.rememberme.RememberMeProcessingFilter.doFilter(RememberMeProcessingFilter.java:142)
	at hudson.security.ChainedServletFilter$1.doFilter(ChainedServletFilter.java:87)
	at org.acegisecurity.ui.AbstractProcessingFilter.doFilter(AbstractProcessingFilter.java:271)
	at hudson.security.ChainedServletFilter$1.doFilter(ChainedServletFilter.java:87)
	at org.acegisecurity.ui.basicauth.BasicProcessingFilter.doFilter(BasicProcessingFilter.java:173)
	at hudson.security.ChainedServletFilter$1.doFilter(ChainedServletFilter.java:87)
	at jenkins.security.ApiTokenFilter.doFilter(ApiTokenFilter.java:61)
	at hudson.security.ChainedServletFilter$1.doFilter(ChainedServletFilter.java:87)
	at org.acegisecurity.context.HttpSessionContextIntegrationFilter.doFilter(HttpSessionContextIntegrationFilter.java:249)
	at hudson.security.HttpSessionContextIntegrationFilter2.doFilter(HttpSessionContextIntegrationFilter2.java:66)
	at hudson.security.ChainedServletFilter$1.doFilter(ChainedServletFilter.java:87)
	at hudson.security.ChainedServletFilter.doFilter(ChainedServletFilter.java:76)
	at hudson.security.HudsonFilter.doFilter(HudsonFilter.java:164)
	at winstone.FilterConfiguration.execute(FilterConfiguration.java:194)
	at winstone.RequestDispatcher.doFilter(RequestDispatcher.java:366)
	at hudson.util.CharacterEncodingFilter.doFilter(CharacterEncodingFilter.java:81)
	at winstone.FilterConfiguration.execute(FilterConfiguration.java:194)
	at winstone.RequestDispatcher.doFilter(RequestDispatcher.java:366)
	at winstone.RequestDispatcher.forward(RequestDispatcher.java:331)
	at winstone.RequestHandlerThread.processRequest(RequestHandlerThread.java:215)
	at winstone.RequestHandlerThread.run(RequestHandlerThread.java:138)
	at java.util.concurrent.Executors$RunnableAdapter.call(Executors.java:471)
	at java.util.concurrent.FutureTask$Sync.innerRun(FutureTask.java:334)
	at java.util.concurrent.FutureTask.run(FutureTask.java:166)
	at winstone.BoundedExecutorService$1.run(BoundedExecutorService.java:77)
	at java.util.concurrent.ThreadPoolExecutor.runWorker(ThreadPoolExecutor.java:1110)
	at java.util.concurrent.ThreadPoolExecutor$Worker.run(ThreadPoolExecutor.java:603)
	at java.lang.Thread.run(Thread.java:679)
Caused by: java.lang.NullPointerException
	at org.jenkinsci.plugins.mavenrepocleaner.MavenRepoCleanerProperty$DescriptorImpl.configure(MavenRepoCleanerProperty.java:99)
	at jenkins.model.Jenkins.configureDescriptor(Jenkins.java:2636)
	at jenkins.model.Jenkins.doConfigSubmit(Jenkins.java:2599)
	at sun.reflect.NativeMethodAccessorImpl.invoke0(Native Method)
	at sun.reflect.NativeMethodAccessorImpl.invoke(NativeMethodAccessorImpl.java:57)
	at sun.reflect.DelegatingMethodAccessorImpl.invoke(DelegatingMethodAccessorImpl.java:43)
	at java.lang.reflect.Method.invoke(Method.java:616)
	at org.kohsuke.stapler.Function$InstanceFunction.invoke(Function.java:288)
	at org.kohsuke.stapler.Function.bindAndInvoke(Function.java:151)
	at org.kohsuke.stapler.Function.bindAndInvokeAndServeResponse(Function.java:90)
	at org.kohsuke.stapler.MetaClass$1.doDispatch(MetaClass.java:111)
	at org.kohsuke.stapler.NameBasedDispatcher.dispatch(NameBasedDispatcher.java:53)
	at org.kohsuke.stapler.Stapler.tryInvoke(Stapler.java:574)
	... 51 more
Apr 24, 2012 12:24:52 PM org.springframework.context.support.AbstractApplicationContext prepareRefresh
INFO: Refreshing org.springframework.web.context.support.StaticWebApplicationContext@5458db: display name [Root WebApplicationContext]; startup date [Tue Apr 24 12:24:52 CEST 2012]; root of context hierarchy
Apr 24, 2012 12:24:52 PM org.springframework.context.support.AbstractApplicationContext obtainFreshBeanFactory
INFO: Bean factory for application context [org.springframework.web.context.support.StaticWebApplicationContext@5458db]: org.springframework.beans.factory.support.DefaultListableBeanFactory@173e467
Apr 24, 2012 12:24:52 PM org.springframework.beans.factory.support.DefaultListableBeanFactory preInstantiateSingletons
INFO: Pre-instantiating singletons in org.springframework.beans.factory.support.DefaultListableBeanFactory@173e467: defining beans [initialDirContextFactory,bindAuthenticator,ldapUserSearch,authenticationManager,authoritiesPopulator]; root of factory hierarchy
Apr 24, 2012 12:24:52 PM org.acegisecurity.ldap.DefaultInitialDirContextFactory setProviderUrl
INFO:  URL 'ldap://localhost:389/dc=fr,dc=sogeti,dc=com', root DN is 'dc=fr,dc=sogeti,dc=com'
Apr 24, 2012 12:24:52 PM org.springframework.context.support.AbstractApplicationContext prepareRefresh
INFO: Refreshing org.springframework.web.context.support.StaticWebApplicationContext@1227365: display name [Root WebApplicationContext]; startup date [Tue Apr 24 12:24:52 CEST 2012]; root of context hierarchy
Apr 24, 2012 12:24:52 PM org.springframework.context.support.AbstractApplicationContext obtainFreshBeanFactory
INFO: Bean factory for application context [org.springframework.web.context.support.StaticWebApplicationContext@1227365]: org.springframework.beans.factory.support.DefaultListableBeanFactory@1f80d51
Apr 24, 2012 12:24:52 PM org.springframework.beans.factory.support.DefaultListableBeanFactory preInstantiateSingletons
INFO: Pre-instantiating singletons in org.springframework.beans.factory.support.DefaultListableBeanFactory@1f80d51: defining beans [filter,legacy]; root of factory hierarchy
Apr 24, 2012 12:24:52 PM hudson.plugins.scm_sync_configuration.ScmSyncConfigurationBusiness synchronizeFile
INFO: Synchronizeing file [config.xml] to SCM ...
[INFO] SVN commit directory: /var/lib/jenkins/scm-sync-configuration/checkoutConfiguration
Apr 24, 2012 12:24:52 PM hudson.plugins.scm_sync_configuration.SCMManipulator checkinFiles
SEVERE: [checkinFiles] Problem during commit of [[config.xml]] : svn: Commit failed (details follow):
svn: OPTIONS /repos failed
Apr 24, 2012 12:24:52 PM winstone.Logger logInternal
SEVERE: Error while serving http://217.109.132.171:8080/configSubmit
java.lang.reflect.InvocationTargetException
	at sun.reflect.NativeMethodAccessorImpl.invoke0(Native Method)
	at sun.reflect.NativeMethodAccessorImpl.invoke(NativeMethodAccessorImpl.java:57)
	at sun.reflect.DelegatingMethodAccessorImpl.invoke(DelegatingMethodAccessorImpl.java:43)
	at java.lang.reflect.Method.invoke(Method.java:616)
	at org.kohsuke.stapler.Function$InstanceFunction.invoke(Function.java:288)
	at org.kohsuke.stapler.Function.bindAndInvoke(Function.java:151)
	at org.kohsuke.stapler.Function.bindAndInvokeAndServeResponse(Function.java:90)
	at org.kohsuke.stapler.MetaClass$1.doDispatch(MetaClass.java:111)
	at org.kohsuke.stapler.NameBasedDispatcher.dispatch(NameBasedDispatcher.java:53)
	at org.kohsuke.stapler.Stapler.tryInvoke(Stapler.java:574)
	at org.kohsuke.stapler.Stapler.invoke(Stapler.java:659)
	at org.kohsuke.stapler.Stapler.invoke(Stapler.java:488)
	at org.kohsuke.stapler.Stapler.service(Stapler.java:162)
	at javax.servlet.http.HttpServlet.service(HttpServlet.java:45)
	at winstone.ServletConfiguration.execute(ServletConfiguration.java:248)
	at winstone.RequestDispatcher.forward(RequestDispatcher.java:333)
	at winstone.RequestDispatcher.doFilter(RequestDispatcher.java:376)
	at hudson.util.PluginServletFilter$1.doFilter(PluginServletFilter.java:95)
	at hudson.plugins.greenballs.GreenBallFilter.doFilter(GreenBallFilter.java:74)
	at hudson.util.PluginServletFilter$1.doFilter(PluginServletFilter.java:98)
	at hudson.util.PluginServletFilter.doFilter(PluginServletFilter.java:87)
	at winstone.FilterConfiguration.execute(FilterConfiguration.java:194)
	at winstone.RequestDispatcher.doFilter(RequestDispatcher.java:366)
	at hudson.security.csrf.CrumbFilter.doFilter(CrumbFilter.java:47)
	at winstone.FilterConfiguration.execute(FilterConfiguration.java:194)
	at winstone.RequestDispatcher.doFilter(RequestDispatcher.java:366)
	at hudson.security.ChainedServletFilter$1.doFilter(ChainedServletFilter.java:84)
	at hudson.security.UnwrapSecurityExceptionFilter.doFilter(UnwrapSecurityExceptionFilter.java:51)
	at hudson.security.ChainedServletFilter$1.doFilter(ChainedServletFilter.java:87)
	at org.acegisecurity.ui.ExceptionTranslationFilter.doFilter(ExceptionTranslationFilter.java:166)
	at hudson.security.ChainedServletFilter$1.doFilter(ChainedServletFilter.java:87)
	at org.acegisecurity.providers.anonymous.AnonymousProcessingFilter.doFilter(AnonymousProcessingFilter.java:125)
	at hudson.security.ChainedServletFilter$1.doFilter(ChainedServletFilter.java:87)
	at org.acegisecurity.ui.rememberme.RememberMeProcessingFilter.doFilter(RememberMeProcessingFilter.java:142)
	at hudson.security.ChainedServletFilter$1.doFilter(ChainedServletFilter.java:87)
	at org.acegisecurity.ui.AbstractProcessingFilter.doFilter(AbstractProcessingFilter.java:271)
	at hudson.security.ChainedServletFilter$1.doFilter(ChainedServletFilter.java:87)
	at org.acegisecurity.ui.basicauth.BasicProcessingFilter.doFilter(BasicProcessingFilter.java:173)
	at hudson.security.ChainedServletFilter$1.doFilter(ChainedServletFilter.java:87)
	at jenkins.security.ApiTokenFilter.doFilter(ApiTokenFilter.java:61)
	at hudson.security.ChainedServletFilter$1.doFilter(ChainedServletFilter.java:87)
	at org.acegisecurity.context.HttpSessionContextIntegrationFilter.doFilter(HttpSessionContextIntegrationFilter.java:249)
	at hudson.security.HttpSessionContextIntegrationFilter2.doFilter(HttpSessionContextIntegrationFilter2.java:66)
	at hudson.security.ChainedServletFilter$1.doFilter(ChainedServletFilter.java:87)
	at hudson.security.ChainedServletFilter.doFilter(ChainedServletFilter.java:76)
	at hudson.security.HudsonFilter.doFilter(HudsonFilter.java:164)
	at winstone.FilterConfiguration.execute(FilterConfiguration.java:194)
	at winstone.RequestDispatcher.doFilter(RequestDispatcher.java:366)
	at hudson.util.CharacterEncodingFilter.doFilter(CharacterEncodingFilter.java:81)
	at winstone.FilterConfiguration.execute(FilterConfiguration.java:194)
	at winstone.RequestDispatcher.doFilter(RequestDispatcher.java:366)
	at winstone.RequestDispatcher.forward(RequestDispatcher.java:331)
	at winstone.RequestHandlerThread.processRequest(RequestHandlerThread.java:215)
	at winstone.RequestHandlerThread.run(RequestHandlerThread.java:138)
	at java.util.concurrent.Executors$RunnableAdapter.call(Executors.java:471)
	at java.util.concurrent.FutureTask$Sync.innerRun(FutureTask.java:334)
	at java.util.concurrent.FutureTask.run(FutureTask.java:166)
	at winstone.BoundedExecutorService$1.run(BoundedExecutorService.java:77)
	at java.util.concurrent.ThreadPoolExecutor.runWorker(ThreadPoolExecutor.java:1110)
	at java.util.concurrent.ThreadPoolExecutor$Worker.run(ThreadPoolExecutor.java:603)
	at java.lang.Thread.run(Thread.java:679)
Caused by: java.lang.NullPointerException
	at org.jenkinsci.plugins.mavenrepocleaner.MavenRepoCleanerProperty$DescriptorImpl.configure(MavenRepoCleanerProperty.java:99)
	at jenkins.model.Jenkins.configureDescriptor(Jenkins.java:2636)
	at jenkins.model.Jenkins.doConfigSubmit(Jenkins.java:2599)
	... 61 more
Apr 24, 2012 12:24:52 PM winstone.Logger logInternal
WARNING: Untrapped Error in Servlet
javax.servlet.ServletException: java.lang.NullPointerException
	at org.kohsuke.stapler.Stapler.tryInvoke(Stapler.java:616)
	at org.kohsuke.stapler.Stapler.invoke(Stapler.java:659)
	at org.kohsuke.stapler.Stapler.invoke(Stapler.java:488)
	at org.kohsuke.stapler.Stapler.service(Stapler.java:162)
	at javax.servlet.http.HttpServlet.service(HttpServlet.java:45)
	at winstone.ServletConfiguration.execute(ServletConfiguration.java:248)
	at winstone.RequestDispatcher.forward(RequestDispatcher.java:333)
	at winstone.RequestDispatcher.doFilter(RequestDispatcher.java:376)
	at hudson.util.PluginServletFilter$1.doFilter(PluginServletFilter.java:95)
	at hudson.plugins.greenballs.GreenBallFilter.doFilter(GreenBallFilter.java:74)
	at hudson.util.PluginServletFilter$1.doFilter(PluginServletFilter.java:98)
	at hudson.util.PluginServletFilter.doFilter(PluginServletFilter.java:87)
	at winstone.FilterConfiguration.execute(FilterConfiguration.java:194)
	at winstone.RequestDispatcher.doFilter(RequestDispatcher.java:366)
	at hudson.security.csrf.CrumbFilter.doFilter(CrumbFilter.java:47)
	at winstone.FilterConfiguration.execute(FilterConfiguration.java:194)
	at winstone.RequestDispatcher.doFilter(RequestDispatcher.java:366)
	at hudson.security.ChainedServletFilter$1.doFilter(ChainedServletFilter.java:84)
	at hudson.security.UnwrapSecurityExceptionFilter.doFilter(UnwrapSecurityExceptionFilter.java:51)
	at hudson.security.ChainedServletFilter$1.doFilter(ChainedServletFilter.java:87)
	at org.acegisecurity.ui.ExceptionTranslationFilter.doFilter(ExceptionTranslationFilter.java:166)
	at hudson.security.ChainedServletFilter$1.doFilter(ChainedServletFilter.java:87)
	at org.acegisecurity.providers.anonymous.AnonymousProcessingFilter.doFilter(AnonymousProcessingFilter.java:125)
	at hudson.security.ChainedServletFilter$1.doFilter(ChainedServletFilter.java:87)
	at org.acegisecurity.ui.rememberme.RememberMeProcessingFilter.doFilter(RememberMeProcessingFilter.java:142)
	at hudson.security.ChainedServletFilter$1.doFilter(ChainedServletFilter.java:87)
	at org.acegisecurity.ui.AbstractProcessingFilter.doFilter(AbstractProcessingFilter.java:271)
	at hudson.security.ChainedServletFilter$1.doFilter(ChainedServletFilter.java:87)
	at org.acegisecurity.ui.basicauth.BasicProcessingFilter.doFilter(BasicProcessingFilter.java:173)
	at hudson.security.ChainedServletFilter$1.doFilter(ChainedServletFilter.java:87)
	at jenkins.security.ApiTokenFilter.doFilter(ApiTokenFilter.java:61)
	at hudson.security.ChainedServletFilter$1.doFilter(ChainedServletFilter.java:87)
	at org.acegisecurity.context.HttpSessionContextIntegrationFilter.doFilter(HttpSessionContextIntegrationFilter.java:249)
	at hudson.security.HttpSessionContextIntegrationFilter2.doFilter(HttpSessionContextIntegrationFilter2.java:66)
	at hudson.security.ChainedServletFilter$1.doFilter(ChainedServletFilter.java:87)
	at hudson.security.ChainedServletFilter.doFilter(ChainedServletFilter.java:76)
	at hudson.security.HudsonFilter.doFilter(HudsonFilter.java:164)
	at winstone.FilterConfiguration.execute(FilterConfiguration.java:194)
	at winstone.RequestDispatcher.doFilter(RequestDispatcher.java:366)
	at hudson.util.CharacterEncodingFilter.doFilter(CharacterEncodingFilter.java:81)
	at winstone.FilterConfiguration.execute(FilterConfiguration.java:194)
	at winstone.RequestDispatcher.doFilter(RequestDispatcher.java:366)
	at winstone.RequestDispatcher.forward(RequestDispatcher.java:331)
	at winstone.RequestHandlerThread.processRequest(RequestHandlerThread.java:215)
	at winstone.RequestHandlerThread.run(RequestHandlerThread.java:138)
	at java.util.concurrent.Executors$RunnableAdapter.call(Executors.java:471)
	at java.util.concurrent.FutureTask$Sync.innerRun(FutureTask.java:334)
	at java.util.concurrent.FutureTask.run(FutureTask.java:166)
	at winstone.BoundedExecutorService$1.run(BoundedExecutorService.java:77)
	at java.util.concurrent.ThreadPoolExecutor.runWorker(ThreadPoolExecutor.java:1110)
	at java.util.concurrent.ThreadPoolExecutor$Worker.run(ThreadPoolExecutor.java:603)
	at java.lang.Thread.run(Thread.java:679)
Caused by: java.lang.NullPointerException
	at org.jenkinsci.plugins.mavenrepocleaner.MavenRepoCleanerProperty$DescriptorImpl.configure(MavenRepoCleanerProperty.java:99)
	at jenkins.model.Jenkins.configureDescriptor(Jenkins.java:2636)
	at jenkins.model.Jenkins.doConfigSubmit(Jenkins.java:2599)
	at sun.reflect.NativeMethodAccessorImpl.invoke0(Native Method)
	at sun.reflect.NativeMethodAccessorImpl.invoke(NativeMethodAccessorImpl.java:57)
	at sun.reflect.DelegatingMethodAccessorImpl.invoke(DelegatingMethodAccessorImpl.java:43)
	at java.lang.reflect.Method.invoke(Method.java:616)
	at org.kohsuke.stapler.Function$InstanceFunction.invoke(Function.java:288)
	at org.kohsuke.stapler.Function.bindAndInvoke(Function.java:151)
	at org.kohsuke.stapler.Function.bindAndInvokeAndServeResponse(Function.java:90)
	at org.kohsuke.stapler.MetaClass$1.doDispatch(MetaClass.java:111)
	at org.kohsuke.stapler.NameBasedDispatcher.dispatch(NameBasedDispatcher.java:53)
	at org.kohsuke.stapler.Stapler.tryInvoke(Stapler.java:574)
	... 51 more
