git-lfs/2.4.0 (GitHub; windows amd64; go 1.8.3; git 1a98fa5c)
git version 2.17.0.windows.1

$ git-lfs.exe filter-process
Error downloading object: Device/Android/Java/cta_ui/app/src/main/jniLibs/arm64-v8a/libfta_common.so (0dc22fd): Smudge error: Error downloading Device/Android/Java/cta_ui/app/src/main/jniLibs/arm64-v8a/libfta_common.so (0dc22fdccaa4adac52918e1a656f8a134b5c6bdc421f1bbd91a2d0fe8a96e851): batch response: Client error: http://axiomsvcsd01:3000/info/lfs/objects/batch from HTTP 422

Client error: http://axiomsvcsd01:3000/info/lfs/objects/batch from HTTP 422
github.com/git-lfs/git-lfs/errors.Errorf
	C:/Users/ttaylorr/go/src/github.com/git-lfs/git-lfs/src/github.com/git-lfs/git-lfs/errors/errors.go:69
github.com/git-lfs/git-lfs/lfsapi.defaultError
	C:/Users/ttaylorr/go/src/github.com/git-lfs/git-lfs/src/github.com/git-lfs/git-lfs/lfsapi/errors.go:114
github.com/git-lfs/git-lfs/lfsapi.(*Client).handleResponse
	C:/Users/ttaylorr/go/src/github.com/git-lfs/git-lfs/src/github.com/git-lfs/git-lfs/lfsapi/errors.go:51
github.com/git-lfs/git-lfs/lfsapi.(*Client).do
	C:/Users/ttaylorr/go/src/github.com/git-lfs/git-lfs/src/github.com/git-lfs/git-lfs/lfsapi/client.go:101
github.com/git-lfs/git-lfs/lfsapi.(*Client).doWithCreds
	C:/Users/ttaylorr/go/src/github.com/git-lfs/git-lfs/src/github.com/git-lfs/git-lfs/lfsapi/auth.go:64
github.com/git-lfs/git-lfs/lfsapi.(*Client).DoWithAuth
	C:/Users/ttaylorr/go/src/github.com/git-lfs/git-lfs/src/github.com/git-lfs/git-lfs/lfsapi/auth.go:34
github.com/git-lfs/git-lfs/tq.(*tqClient).Batch
	C:/Users/ttaylorr/go/src/github.com/git-lfs/git-lfs/src/github.com/git-lfs/git-lfs/tq/api.go:68
github.com/git-lfs/git-lfs/tq.Batch
	C:/Users/ttaylorr/go/src/github.com/git-lfs/git-lfs/src/github.com/git-lfs/git-lfs/tq/api.go:44
github.com/git-lfs/git-lfs/tq.(*TransferQueue).enqueueAndCollectRetriesFor
	C:/Users/ttaylorr/go/src/github.com/git-lfs/git-lfs/src/github.com/git-lfs/git-lfs/tq/transfer_queue.go:432
github.com/git-lfs/git-lfs/tq.(*TransferQueue).collectBatches.func1
	C:/Users/ttaylorr/go/src/github.com/git-lfs/git-lfs/src/github.com/git-lfs/git-lfs/tq/transfer_queue.go:354
runtime.goexit
	C:/Go/src/runtime/asm_amd64.s:2197
batch response
github.com/git-lfs/git-lfs/errors.newWrappedError
	C:/Users/ttaylorr/go/src/github.com/git-lfs/git-lfs/src/github.com/git-lfs/git-lfs/errors/types.go:170
github.com/git-lfs/git-lfs/errors.Wrap
	C:/Users/ttaylorr/go/src/github.com/git-lfs/git-lfs/src/github.com/git-lfs/git-lfs/errors/errors.go:74
github.com/git-lfs/git-lfs/tq.(*tqClient).Batch
	C:/Users/ttaylorr/go/src/github.com/git-lfs/git-lfs/src/github.com/git-lfs/git-lfs/tq/api.go:71
github.com/git-lfs/git-lfs/tq.Batch
	C:/Users/ttaylorr/go/src/github.com/git-lfs/git-lfs/src/github.com/git-lfs/git-lfs/tq/api.go:44
github.com/git-lfs/git-lfs/tq.(*TransferQueue).enqueueAndCollectRetriesFor
	C:/Users/ttaylorr/go/src/github.com/git-lfs/git-lfs/src/github.com/git-lfs/git-lfs/tq/transfer_queue.go:432
github.com/git-lfs/git-lfs/tq.(*TransferQueue).collectBatches.func1
	C:/Users/ttaylorr/go/src/github.com/git-lfs/git-lfs/src/github.com/git-lfs/git-lfs/tq/transfer_queue.go:354
runtime.goexit
	C:/Go/src/runtime/asm_amd64.s:2197
Error downloading Device/Android/Java/cta_ui/app/src/main/jniLibs/arm64-v8a/libfta_common.so (0dc22fdccaa4adac52918e1a656f8a134b5c6bdc421f1bbd91a2d0fe8a96e851)
github.com/git-lfs/git-lfs/errors.newWrappedError
	C:/Users/ttaylorr/go/src/github.com/git-lfs/git-lfs/src/github.com/git-lfs/git-lfs/errors/types.go:170
github.com/git-lfs/git-lfs/errors.Wrapf
	C:/Users/ttaylorr/go/src/github.com/git-lfs/git-lfs/src/github.com/git-lfs/git-lfs/errors/errors.go:85
github.com/git-lfs/git-lfs/lfs.(*GitFilter).downloadFile
	C:/Users/ttaylorr/go/src/github.com/git-lfs/git-lfs/src/github.com/git-lfs/git-lfs/lfs/gitfilter_smudge.go:98
github.com/git-lfs/git-lfs/lfs.(*GitFilter).Smudge
	C:/Users/ttaylorr/go/src/github.com/git-lfs/git-lfs/src/github.com/git-lfs/git-lfs/lfs/gitfilter_smudge.go:59
github.com/git-lfs/git-lfs/commands.smudge
	C:/Users/ttaylorr/go/src/github.com/git-lfs/git-lfs/src/github.com/git-lfs/git-lfs/commands/command_smudge.go:127
github.com/git-lfs/git-lfs/commands.filterCommand
	C:/Users/ttaylorr/go/src/github.com/git-lfs/git-lfs/src/github.com/git-lfs/git-lfs/commands/command_filter_process.go:118
github.com/git-lfs/git-lfs/vendor/github.com/spf13/cobra.(*Command).execute
	C:/Users/ttaylorr/go/src/github.com/git-lfs/git-lfs/src/github.com/git-lfs/git-lfs/vendor/github.com/spf13/cobra/command.go:477
github.com/git-lfs/git-lfs/vendor/github.com/spf13/cobra.(*Command).Execute
	C:/Users/ttaylorr/go/src/github.com/git-lfs/git-lfs/src/github.com/git-lfs/git-lfs/vendor/github.com/spf13/cobra/command.go:551
github.com/git-lfs/git-lfs/commands.Run
	C:/Users/ttaylorr/go/src/github.com/git-lfs/git-lfs/src/github.com/git-lfs/git-lfs/commands/run.go:71
main.main
	C:/Users/ttaylorr/go/src/github.com/git-lfs/git-lfs/git-lfs.go:35
runtime.main
	C:/Go/src/runtime/proc.go:185
runtime.goexit
	C:/Go/src/runtime/asm_amd64.s:2197
Smudge error
github.com/git-lfs/git-lfs/errors.newWrappedError
	C:/Users/ttaylorr/go/src/github.com/git-lfs/git-lfs/src/github.com/git-lfs/git-lfs/errors/types.go:170
github.com/git-lfs/git-lfs/errors.NewSmudgeError
	C:/Users/ttaylorr/go/src/github.com/git-lfs/git-lfs/src/github.com/git-lfs/git-lfs/errors/types.go:256
github.com/git-lfs/git-lfs/lfs.(*GitFilter).Smudge
	C:/Users/ttaylorr/go/src/github.com/git-lfs/git-lfs/src/github.com/git-lfs/git-lfs/lfs/gitfilter_smudge.go:68
github.com/git-lfs/git-lfs/commands.smudge
	C:/Users/ttaylorr/go/src/github.com/git-lfs/git-lfs/src/github.com/git-lfs/git-lfs/commands/command_smudge.go:127
github.com/git-lfs/git-lfs/commands.filterCommand
	C:/Users/ttaylorr/go/src/github.com/git-lfs/git-lfs/src/github.com/git-lfs/git-lfs/commands/command_filter_process.go:118
github.com/git-lfs/git-lfs/vendor/github.com/spf13/cobra.(*Command).execute
	C:/Users/ttaylorr/go/src/github.com/git-lfs/git-lfs/src/github.com/git-lfs/git-lfs/vendor/github.com/spf13/cobra/command.go:477
github.com/git-lfs/git-lfs/vendor/github.com/spf13/cobra.(*Command).Execute
	C:/Users/ttaylorr/go/src/github.com/git-lfs/git-lfs/src/github.com/git-lfs/git-lfs/vendor/github.com/spf13/cobra/command.go:551
github.com/git-lfs/git-lfs/commands.Run
	C:/Users/ttaylorr/go/src/github.com/git-lfs/git-lfs/src/github.com/git-lfs/git-lfs/commands/run.go:71
main.main
	C:/Users/ttaylorr/go/src/github.com/git-lfs/git-lfs/git-lfs.go:35
runtime.main
	C:/Go/src/runtime/proc.go:185
runtime.goexit
	C:/Go/src/runtime/asm_amd64.s:2197

Current time in UTC: 
2018-05-10 04:59:45

ENV:
LocalWorkingDir=C:\Program Files (x86)\Jenkins\workspace\test1
LocalGitDir=C:\Program Files (x86)\Jenkins\workspace\test1\.git
LocalGitStorageDir=C:\Program Files (x86)\Jenkins\workspace\test1\.git
LocalMediaDir=C:\Program Files (x86)\Jenkins\workspace\test1\.git\lfs\objects
LocalReferenceDir=
TempDir=C:\Program Files (x86)\Jenkins\workspace\test1\.git\lfs\tmp
ConcurrentTransfers=3
TusTransfers=false
BasicTransfersOnly=false
SkipDownloadErrors=false
FetchRecentAlways=false
FetchRecentRefsDays=7
FetchRecentCommitsDays=0
FetchRecentRefsIncludeRemotes=true
PruneOffsetDays=3
PruneVerifyRemoteAlways=false
PruneRemoteName=origin
LfsStorageDir=C:\Program Files (x86)\Jenkins\workspace\test1\.git\lfs
AccessDownload=none
AccessUpload=none
DownloadTransfers=basic
UploadTransfers=basic
GIT_ASKPASS=echo
GIT_BRANCH=origin/master
GIT_COMMIT=b11ea67815a6cac7065e67ed55fa3cc9a09794fd
GIT_DIR=.git
GIT_PREFIX=
GIT_PREVIOUS_COMMIT=b11ea67815a6cac7065e67ed55fa3cc9a09794fd
GIT_URL=https://github.qualcomm.com/ProdTools/CTA.git

Client IP addresses:
fe80::adbf:6001:3396:fb76 10.206.20.191
