2019-10-23 05:19:55.542+0000 [id=16]	INFO	hudson.PluginManager#install: Starting installation of a batch of 1 plugins plus their dependencies
2019-10-23 05:19:55.543+0000 [id=16]	INFO	hudson.model.UpdateSite$Plugin#deploy: Adding dependent install of credentials for plugin support-core
2019-10-23 05:19:55.543+0000 [id=16]	INFO	hudson.model.UpdateSite$Plugin#deploy: Adding dependent install of structs for plugin credentials
2019-10-23 05:19:55.545+0000 [id=16]	INFO	hudson.model.UpdateSite$Plugin#deploy: Adding dependent install of metrics for plugin support-core
2019-10-23 05:19:55.545+0000 [id=16]	INFO	hudson.model.UpdateSite$Plugin#deploy: Adding dependent install of variant for plugin metrics
2019-10-23 05:19:55.546+0000 [id=16]	INFO	hudson.model.UpdateSite$Plugin#deploy: Adding dependent install of jackson2-api for plugin metrics
2019-10-23 05:19:57.630+0000 [id=98]	INFO	h.model.UpdateCenter$DownloadJob#run: Starting the installation of structs on behalf of admin
2019-10-23 05:19:59.371+0000 [id=98]	INFO	h.m.UpdateCenter$UpdateCenterConfiguration#download: Downloading structs
2019-10-23 05:20:00.004+0000 [id=98]	INFO	h.model.UpdateCenter$DownloadJob#run: Installation successful: structs
2019-10-23 05:20:00.005+0000 [id=98]	INFO	h.model.UpdateCenter$DownloadJob#run: Starting the installation of credentials on behalf of admin
2019-10-23 05:20:01.419+0000 [id=98]	INFO	h.m.UpdateCenter$UpdateCenterConfiguration#download: Downloading credentials
2019-10-23 05:20:02.601+0000 [id=90]	WARNING	hudson.security.csrf.CrumbFilter#doFilter: Found invalid crumb 97ee698d7cf95e156e101feda0973b9a69b1363c220c7b3dbac6c3b00d7bcf00.  Will check remaining parameters for a valid one...
2019-10-23 05:20:02.602+0000 [id=90]	WARNING	hudson.security.csrf.CrumbFilter#doFilter: No valid crumb was included in request for /ajaxBuildQueue by admin. Returning 403.
2019-10-23 05:20:02.604+0000 [id=95]	WARNING	hudson.security.csrf.CrumbFilter#doFilter: Found invalid crumb 97ee698d7cf95e156e101feda0973b9a69b1363c220c7b3dbac6c3b00d7bcf00.  Will check remaining parameters for a valid one...
2019-10-23 05:20:02.605+0000 [id=95]	WARNING	hudson.security.csrf.CrumbFilter#doFilter: No valid crumb was included in request for /ajaxExecutors by admin. Returning 403.
2019-10-23 05:20:03.361+0000 [id=98]	INFO	h.model.UpdateCenter$DownloadJob#run: Installation successful: credentials
2019-10-23 05:20:03.361+0000 [id=98]	INFO	h.model.UpdateCenter$DownloadJob#run: Starting the installation of variant on behalf of admin
2019-10-23 05:20:05.267+0000 [id=98]	INFO	h.m.UpdateCenter$UpdateCenterConfiguration#download: Downloading variant
2019-10-23 05:20:05.283+0000 [id=98]	INFO	h.model.UpdateCenter$DownloadJob#run: Installation successful: variant
2019-10-23 05:20:05.283+0000 [id=98]	INFO	h.model.UpdateCenter$DownloadJob#run: Starting the installation of jackson2-api on behalf of admin
2019-10-23 05:20:06.803+0000 [id=98]	INFO	h.m.UpdateCenter$UpdateCenterConfiguration#download: Downloading jackson2-api
2019-10-23 05:20:08.645+0000 [id=98]	INFO	h.model.UpdateCenter$DownloadJob#run: Installation successful: jackson2-api
2019-10-23 05:20:08.645+0000 [id=98]	INFO	h.model.UpdateCenter$DownloadJob#run: Starting the installation of metrics on behalf of admin
2019-10-23 05:20:10.635+0000 [id=98]	INFO	h.m.UpdateCenter$UpdateCenterConfiguration#download: Downloading metrics
2019-10-23 05:20:12.981+0000 [id=98]	INFO	h.model.UpdateCenter$DownloadJob#run: Installation successful: metrics
2019-10-23 05:20:12.982+0000 [id=98]	INFO	h.model.UpdateCenter$DownloadJob#run: Starting the installation of support-core on behalf of admin
2019-10-23 05:20:14.833+0000 [id=98]	INFO	h.m.UpdateCenter$UpdateCenterConfiguration#download: Downloading support-core
2019-10-23 05:20:16.336+0000 [id=98]	INFO	h.model.UpdateCenter$DownloadJob#run: Installation successful: support-core
2019-10-23 05:20:16.336+0000 [id=98]	INFO	h.m.UpdateCenter$CompleteBatchJob#run: Completing installing of plugin batch…
2019-10-23 05:20:17.822+0000 [id=98]	WARNING	h.ExtensionFinder$GuiceFinder$FaultTolerantScope$1#error: Failed to instantiate Key[type=com.cloudbees.jenkins.support.impl.JenkinsLogs, annotation=[none]]; skipping this component
hudson.security.AccessDeniedException2: anonymous is missing the Overall/Administer permission
	at hudson.security.ACL.checkPermission(ACL.java:73)
	at hudson.security.AccessControlled.checkPermission(AccessControlled.java:47)
	at jenkins.model.Jenkins.getLog(Jenkins.java:2501)
	at com.cloudbees.jenkins.support.impl.JenkinsLogs.<init>(JenkinsLogs.java:50)
	at com.cloudbees.jenkins.support.impl.JenkinsLogs$$FastClassByGuice$$adeef6a3.newInstance(<generated>)
	at com.google.inject.internal.cglib.reflect.$FastConstructor.newInstance(FastConstructor.java:40)
	at com.google.inject.internal.DefaultConstructionProxyFactory$1.newInstance(DefaultConstructionProxyFactory.java:61)
	at com.google.inject.internal.ConstructorInjector.provision(ConstructorInjector.java:105)
	at com.google.inject.internal.ConstructorInjector.access$000(ConstructorInjector.java:32)
	at com.google.inject.internal.ConstructorInjector$1.call(ConstructorInjector.java:89)
	at com.google.inject.internal.ProvisionListenerStackCallback$Provision.provision(ProvisionListenerStackCallback.java:115)
	at hudson.ExtensionFinder$GuiceFinder$SezpozModule.onProvision(ExtensionFinder.java:567)
	at com.google.inject.internal.ProvisionListenerStackCallback$Provision.provision(ProvisionListenerStackCallback.java:126)
	at hudson.ExtensionFinder$GuiceFinder$SezpozModule.onProvision(ExtensionFinder.java:567)
	at com.google.inject.internal.ProvisionListenerStackCallback$Provision.provision(ProvisionListenerStackCallback.java:126)
	at com.google.inject.internal.ProvisionListenerStackCallback.provision(ProvisionListenerStackCallback.java:68)
	at com.google.inject.internal.ConstructorInjector.construct(ConstructorInjector.java:87)
	at com.google.inject.internal.ConstructorBindingImpl$Factory.get(ConstructorBindingImpl.java:267)
	at com.google.inject.internal.ProviderToInternalFactoryAdapter$1.call(ProviderToInternalFactoryAdapter.java:46)
	at com.google.inject.internal.InjectorImpl.callInContext(InjectorImpl.java:1103)
	at com.google.inject.internal.ProviderToInternalFactoryAdapter.get(ProviderToInternalFactoryAdapter.java:40)
Caused: com.google.inject.ProvisionException: Unable to provision, see the following errors:

1) Error injecting constructor, hudson.security.AccessDeniedException2: anonymous is missing the Overall/Administer permission
  at com.cloudbees.jenkins.support.impl.JenkinsLogs.<init>(JenkinsLogs.java:46)

1 error
	at com.google.inject.internal.ProviderToInternalFactoryAdapter.get(ProviderToInternalFactoryAdapter.java:52)
	at com.google.inject.internal.SingletonScope$1.get(SingletonScope.java:145)
	at hudson.ExtensionFinder$GuiceFinder$FaultTolerantScope$1.get(ExtensionFinder.java:439)
	at com.google.inject.internal.InternalFactoryToProviderAdapter.get(InternalFactoryToProviderAdapter.java:41)
	at com.google.inject.internal.InjectorImpl$2$1.call(InjectorImpl.java:1016)
	at com.google.inject.internal.InjectorImpl.callInContext(InjectorImpl.java:1092)
	at com.google.inject.internal.InjectorImpl$2.get(InjectorImpl.java:1012)
	at hudson.ExtensionFinder$GuiceFinder._find(ExtensionFinder.java:401)
	at hudson.ExtensionFinder$GuiceFinder.find(ExtensionFinder.java:392)
	at hudson.ClassicPluginStrategy.findComponents(ClassicPluginStrategy.java:344)
	at hudson.ExtensionList.load(ExtensionList.java:381)
	at hudson.ExtensionList.ensureLoaded(ExtensionList.java:317)
	at hudson.ExtensionList.iterator(ExtensionList.java:172)
	at com.cloudbees.jenkins.support.SupportPlugin.postInitialize(SupportPlugin.java:593)
	at hudson.PluginManager.start(PluginManager.java:953)
	at hudson.model.UpdateCenter$CompleteBatchJob.run(UpdateCenter.java:2175)
	at java.util.concurrent.Executors$RunnableAdapter.call(Executors.java:511)
	at java.util.concurrent.FutureTask.run(FutureTask.java:266)
	at hudson.remoting.AtmostOneThreadExecutor$Worker.run(AtmostOneThreadExecutor.java:112)
	at java.lang.Thread.run(Thread.java:748)
2019-10-23 05:20:17.846+0000 [id=103]	INFO	jenkins.InitReactorRunner$1#onAttained: Started initialization
2019-10-23 05:20:17.848+0000 [id=109]	INFO	jenkins.InitReactorRunner$1#onAttained: Listed all plugins
2019-10-23 05:20:17.849+0000 [id=114]	INFO	jenkins.InitReactorRunner$1#onAttained: Prepared all plugins
2019-10-23 05:20:17.849+0000 [id=103]	INFO	jenkins.InitReactorRunner$1#onAttained: Started all plugins
2019-10-23 05:20:17.849+0000 [id=107]	INFO	jenkins.InitReactorRunner$1#onAttained: Augmented all extensions
2019-10-23 05:20:17.937+0000 [id=111]	INFO	jenkins.InitReactorRunner$1#onAttained: Loaded all jobs
2019-10-23 05:20:17.938+0000 [id=106]	INFO	jenkins.InitReactorRunner$1#onAttained: Completed initialization
2019-10-23 05:20:18.015+0000 [id=98]	INFO	h.m.UpdateCenter$CompleteBatchJob#run: Completed installation of 6 plugins in 22 sec
2019-10-23 05:20:18.642+0000 [id=61]	SEVERE	hudson.triggers.SafeTimerTask#run: Timer task com.cloudbees.jenkins.support.slowrequest.SlowRequestChecker@27b3d029 failed
java.lang.IllegalStateException: Expected 1 instance of com.cloudbees.jenkins.support.filter.ContentFilters but got 2
	at hudson.ExtensionList.lookupSingleton(ExtensionList.java:451)
	at com.cloudbees.jenkins.support.filter.ContentFilters.get(ContentFilters.java:47)
	at com.cloudbees.jenkins.support.SupportPlugin.getContentFilter(SupportPlugin.java:402)
	at com.cloudbees.jenkins.support.slowrequest.SlowRequestChecker.doRun(SlowRequestChecker.java:80)
	at hudson.triggers.SafeTimerTask.run(SafeTimerTask.java:72)
	at jenkins.security.ImpersonatingScheduledExecutorService$1.run(ImpersonatingScheduledExecutorService.java:58)
	at java.util.concurrent.Executors$RunnableAdapter.call(Executors.java:511)
	at java.util.concurrent.FutureTask.runAndReset(FutureTask.java:308)
	at java.util.concurrent.ScheduledThreadPoolExecutor$ScheduledFutureTask.access$301(ScheduledThreadPoolExecutor.java:180)
	at java.util.concurrent.ScheduledThreadPoolExecutor$ScheduledFutureTask.run(ScheduledThreadPoolExecutor.java:294)
	at java.util.concurrent.ThreadPoolExecutor.runWorker(ThreadPoolExecutor.java:1149)
	at java.util.concurrent.ThreadPoolExecutor$Worker.run(ThreadPoolExecutor.java:624)
	at java.lang.Thread.run(Thread.java:748)
2019-10-23 05:20:19.867+0000 [id=17]	WARNING	h.ExpressionFactory2$JexlExpression#evaluate: Caught exception evaluating: it.anonymized in /support/. Reason: java.lang.reflect.InvocationTargetException
java.lang.IllegalStateException: Expected 1 instance of com.cloudbees.jenkins.support.filter.ContentFilters but got 2
	at hudson.ExtensionList.lookupSingleton(ExtensionList.java:451)
	at com.cloudbees.jenkins.support.filter.ContentFilters.get(ContentFilters.java:47)
	at com.cloudbees.jenkins.support.SupportAction.isAnonymized(SupportAction.java:124)
Caused: java.lang.reflect.InvocationTargetException
	at sun.reflect.NativeMethodAccessorImpl.invoke0(Native Method)
	at sun.reflect.NativeMethodAccessorImpl.invoke(NativeMethodAccessorImpl.java:62)
	at sun.reflect.DelegatingMethodAccessorImpl.invoke(DelegatingMethodAccessorImpl.java:43)
	at java.lang.reflect.Method.invoke(Method.java:498)
	at org.apache.commons.jexl.util.PropertyExecutor.execute(PropertyExecutor.java:125)
	at org.apache.commons.jexl.util.introspection.UberspectImpl$VelGetterImpl.invoke(UberspectImpl.java:314)
	at org.apache.commons.jexl.parser.ASTArrayAccess.evaluateExpr(ASTArrayAccess.java:185)
	at org.apache.commons.jexl.parser.ASTIdentifier.execute(ASTIdentifier.java:75)
	at org.apache.commons.jexl.parser.ASTReference.execute(ASTReference.java:83)
	at org.apache.commons.jexl.parser.ASTReference.value(ASTReference.java:57)
	at org.apache.commons.jexl.parser.ASTReferenceExpression.value(ASTReferenceExpression.java:51)
	at org.apache.commons.jexl.ExpressionImpl.evaluate(ExpressionImpl.java:80)
	at hudson.ExpressionFactory2$JexlExpression.evaluate(ExpressionFactory2.java:74)
	at org.apache.commons.jelly.expression.ExpressionSupport.evaluateRecurse(ExpressionSupport.java:61)
	at org.apache.commons.jelly.expression.ExpressionSupport.evaluateAsBoolean(ExpressionSupport.java:71)
	at org.apache.commons.jelly.tags.core.CoreTagLibrary$1.run(CoreTagLibrary.java:97)
	at org.apache.commons.jelly.impl.ScriptBlock.run(ScriptBlock.java:95)
	at org.kohsuke.stapler.jelly.CallTagLibScript$1.run(CallTagLibScript.java:99)
	at org.apache.commons.jelly.tags.define.InvokeBodyTag.doTag(InvokeBodyTag.java:91)
	at org.apache.commons.jelly.impl.TagScript.run(TagScript.java:269)
	at org.apache.commons.jelly.impl.ScriptBlock.run(ScriptBlock.java:95)
	at org.apache.commons.jelly.tags.core.CoreTagLibrary$1.run(CoreTagLibrary.java:98)
	at org.apache.commons.jelly.impl.ScriptBlock.run(ScriptBlock.java:95)
	at org.apache.commons.jelly.tags.core.CoreTagLibrary$2.run(CoreTagLibrary.java:105)
	at org.kohsuke.stapler.jelly.CallTagLibScript.run(CallTagLibScript.java:120)
	at org.apache.commons.jelly.impl.ScriptBlock.run(ScriptBlock.java:95)
	at org.kohsuke.stapler.jelly.CallTagLibScript$1.run(CallTagLibScript.java:99)
	at org.apache.commons.jelly.tags.define.InvokeBodyTag.doTag(InvokeBodyTag.java:91)
	at org.apache.commons.jelly.impl.TagScript.run(TagScript.java:269)
	at org.apache.commons.jelly.impl.ScriptBlock.run(ScriptBlock.java:95)
	at org.kohsuke.stapler.jelly.ReallyStaticTagLibrary$1.run(ReallyStaticTagLibrary.java:99)
	at org.apache.commons.jelly.impl.ScriptBlock.run(ScriptBlock.java:95)
	at org.kohsuke.stapler.jelly.ReallyStaticTagLibrary$1.run(ReallyStaticTagLibrary.java:99)
	at org.apache.commons.jelly.impl.ScriptBlock.run(ScriptBlock.java:95)
	at org.kohsuke.stapler.jelly.ReallyStaticTagLibrary$1.run(ReallyStaticTagLibrary.java:99)
	at org.apache.commons.jelly.impl.ScriptBlock.run(ScriptBlock.java:95)
	at org.kohsuke.stapler.jelly.ReallyStaticTagLibrary$1.run(ReallyStaticTagLibrary.java:99)
	at org.apache.commons.jelly.impl.ScriptBlock.run(ScriptBlock.java:95)
	at org.kohsuke.stapler.jelly.CallTagLibScript$1.run(CallTagLibScript.java:99)
	at org.apache.commons.jelly.tags.define.InvokeBodyTag.doTag(InvokeBodyTag.java:91)
	at org.apache.commons.jelly.impl.TagScript.run(TagScript.java:269)
	at org.apache.commons.jelly.impl.ScriptBlock.run(ScriptBlock.java:95)
	at org.apache.commons.jelly.tags.core.CoreTagLibrary$2.run(CoreTagLibrary.java:105)
	at org.kohsuke.stapler.jelly.CallTagLibScript.run(CallTagLibScript.java:120)
	at org.apache.commons.jelly.impl.ScriptBlock.run(ScriptBlock.java:95)
	at org.apache.commons.jelly.tags.core.CoreTagLibrary$2.run(CoreTagLibrary.java:105)
	at org.kohsuke.stapler.jelly.CallTagLibScript.run(CallTagLibScript.java:120)
	at org.apache.commons.jelly.tags.core.CoreTagLibrary$2.run(CoreTagLibrary.java:105)
	at org.kohsuke.stapler.jelly.JellyViewScript.run(JellyViewScript.java:95)
	at org.kohsuke.stapler.jelly.DefaultScriptInvoker.invokeScript(DefaultScriptInvoker.java:63)
	at org.kohsuke.stapler.jelly.DefaultScriptInvoker.invokeScript(DefaultScriptInvoker.java:53)
	at org.kohsuke.stapler.jelly.ScriptInvoker.execute(ScriptInvoker.java:56)
	at org.kohsuke.stapler.jelly.ScriptInvoker.execute(ScriptInvoker.java:43)
	at org.kohsuke.stapler.Facet.handleIndexRequest(Facet.java:282)
	at org.kohsuke.stapler.jelly.JellyFacet.handleIndexRequest(JellyFacet.java:99)
	at org.kohsuke.stapler.IndexViewDispatcher.dispatch(IndexViewDispatcher.java:32)
	at org.kohsuke.stapler.Stapler.tryInvoke(Stapler.java:747)
	at org.kohsuke.stapler.Stapler.invoke(Stapler.java:878)
	at org.kohsuke.stapler.MetaClass$9.dispatch(MetaClass.java:456)
	at org.kohsuke.stapler.Stapler.tryInvoke(Stapler.java:747)
	at org.kohsuke.stapler.Stapler.invoke(Stapler.java:878)
	at org.kohsuke.stapler.Stapler.invoke(Stapler.java:676)
	at org.kohsuke.stapler.Stapler.service(Stapler.java:238)
	at javax.servlet.http.HttpServlet.service(HttpServlet.java:790)
	at org.eclipse.jetty.servlet.ServletHolder.handle(ServletHolder.java:873)
	at org.eclipse.jetty.servlet.ServletHandler$CachedChain.doFilter(ServletHandler.java:1623)
	at hudson.util.PluginServletFilter$1.doFilter(PluginServletFilter.java:154)
	at com.cloudbees.jenkins.support.slowrequest.SlowRequestFilter.doFilter(SlowRequestFilter.java:37)
	at hudson.util.PluginServletFilter$1.doFilter(PluginServletFilter.java:151)
	at jenkins.metrics.impl.MetricsFilter.doFilter(MetricsFilter.java:125)
	at hudson.util.PluginServletFilter$1.doFilter(PluginServletFilter.java:151)
	at jenkins.telemetry.impl.UserLanguages$AcceptLanguageFilter.doFilter(UserLanguages.java:128)
	at hudson.util.PluginServletFilter$1.doFilter(PluginServletFilter.java:151)
	at hudson.util.PluginServletFilter.doFilter(PluginServletFilter.java:157)
	at org.eclipse.jetty.servlet.ServletHandler$CachedChain.doFilter(ServletHandler.java:1610)
	at hudson.security.csrf.CrumbFilter.doFilter(CrumbFilter.java:105)
	at org.eclipse.jetty.servlet.ServletHandler$CachedChain.doFilter(ServletHandler.java:1610)
	at hudson.security.ChainedServletFilter$1.doFilter(ChainedServletFilter.java:84)
	at hudson.security.UnwrapSecurityExceptionFilter.doFilter(UnwrapSecurityExceptionFilter.java:51)
	at hudson.security.ChainedServletFilter$1.doFilter(ChainedServletFilter.java:87)
	at jenkins.security.ExceptionTranslationFilter.doFilter(ExceptionTranslationFilter.java:117)
	at hudson.security.ChainedServletFilter$1.doFilter(ChainedServletFilter.java:87)
	at org.acegisecurity.providers.anonymous.AnonymousProcessingFilter.doFilter(AnonymousProcessingFilter.java:125)
	at hudson.security.ChainedServletFilter$1.doFilter(ChainedServletFilter.java:87)
	at org.acegisecurity.ui.rememberme.RememberMeProcessingFilter.doFilter(RememberMeProcessingFilter.java:142)
	at hudson.security.ChainedServletFilter$1.doFilter(ChainedServletFilter.java:87)
	at org.acegisecurity.ui.AbstractProcessingFilter.doFilter(AbstractProcessingFilter.java:271)
	at hudson.security.ChainedServletFilter$1.doFilter(ChainedServletFilter.java:87)
	at jenkins.security.BasicHeaderProcessor.doFilter(BasicHeaderProcessor.java:93)
	at hudson.security.ChainedServletFilter$1.doFilter(ChainedServletFilter.java:87)
	at org.acegisecurity.context.HttpSessionContextIntegrationFilter.doFilter(HttpSessionContextIntegrationFilter.java:249)
	at hudson.security.HttpSessionContextIntegrationFilter2.doFilter(HttpSessionContextIntegrationFilter2.java:67)
	at hudson.security.ChainedServletFilter$1.doFilter(ChainedServletFilter.java:87)
	at hudson.security.ChainedServletFilter.doFilter(ChainedServletFilter.java:90)
	at hudson.security.HudsonFilter.doFilter(HudsonFilter.java:171)
	at org.eclipse.jetty.servlet.ServletHandler$CachedChain.doFilter(ServletHandler.java:1610)
	at org.kohsuke.stapler.compression.CompressionFilter.doFilter(CompressionFilter.java:49)
	at org.eclipse.jetty.servlet.ServletHandler$CachedChain.doFilter(ServletHandler.java:1610)
	at hudson.util.CharacterEncodingFilter.doFilter(CharacterEncodingFilter.java:82)
	at org.eclipse.jetty.servlet.ServletHandler$CachedChain.doFilter(ServletHandler.java:1610)
	at org.kohsuke.stapler.DiagnosticThreadNameFilter.doFilter(DiagnosticThreadNameFilter.java:30)
	at org.eclipse.jetty.servlet.ServletHandler$CachedChain.doFilter(ServletHandler.java:1610)
	at org.eclipse.jetty.servlet.ServletHandler.doHandle(ServletHandler.java:540)
	at org.eclipse.jetty.server.handler.ScopedHandler.handle(ScopedHandler.java:146)
	at org.eclipse.jetty.security.SecurityHandler.handle(SecurityHandler.java:524)
	at org.eclipse.jetty.server.handler.HandlerWrapper.handle(HandlerWrapper.java:132)
	at org.eclipse.jetty.server.handler.ScopedHandler.nextHandle(ScopedHandler.java:257)
	at org.eclipse.jetty.server.session.SessionHandler.doHandle(SessionHandler.java:1700)
	at org.eclipse.jetty.server.handler.ScopedHandler.nextHandle(ScopedHandler.java:255)
	at org.eclipse.jetty.server.handler.ContextHandler.doHandle(ContextHandler.java:1345)
	at org.eclipse.jetty.server.handler.ScopedHandler.nextScope(ScopedHandler.java:203)
	at org.eclipse.jetty.servlet.ServletHandler.doScope(ServletHandler.java:480)
	at org.eclipse.jetty.server.session.SessionHandler.doScope(SessionHandler.java:1667)
	at org.eclipse.jetty.server.handler.ScopedHandler.nextScope(ScopedHandler.java:201)
	at org.eclipse.jetty.server.handler.ContextHandler.doScope(ContextHandler.java:1247)
	at org.eclipse.jetty.server.handler.ScopedHandler.handle(ScopedHandler.java:144)
	at org.eclipse.jetty.server.handler.RequestLogHandler.handle(RequestLogHandler.java:56)
	at org.eclipse.jetty.server.handler.HandlerWrapper.handle(HandlerWrapper.java:132)
	at org.eclipse.jetty.server.Server.handle(Server.java:505)
	at org.eclipse.jetty.server.HttpChannel.handle(HttpChannel.java:370)
	at org.eclipse.jetty.server.HttpConnection.onFillable(HttpConnection.java:267)
	at org.eclipse.jetty.io.AbstractConnection$ReadCallback.succeeded(AbstractConnection.java:305)
	at org.eclipse.jetty.io.FillInterest.fillable(FillInterest.java:103)
	at org.eclipse.jetty.io.ChannelEndPoint$2.run(ChannelEndPoint.java:117)
	at org.eclipse.jetty.util.thread.strategy.EatWhatYouKill.runTask(EatWhatYouKill.java:333)
	at org.eclipse.jetty.util.thread.strategy.EatWhatYouKill.doProduce(EatWhatYouKill.java:310)
	at org.eclipse.jetty.util.thread.strategy.EatWhatYouKill.tryProduce(EatWhatYouKill.java:168)
	at org.eclipse.jetty.util.thread.strategy.EatWhatYouKill.run(EatWhatYouKill.java:126)
	at org.eclipse.jetty.util.thread.ReservedThreadExecutor$ReservedThread.run(ReservedThreadExecutor.java:366)
	at org.eclipse.jetty.util.thread.QueuedThreadPool.runJob(QueuedThreadPool.java:698)
	at org.eclipse.jetty.util.thread.QueuedThreadPool$Runner.run(QueuedThreadPool.java:804)
	at java.lang.Thread.run(Thread.java:748)
2019-10-23 05:20:19.870+0000 [id=17]	WARNING	h.ExpressionFactory2$JexlExpression#evaluate: Caught exception evaluating: !it.anonymized in /support/. Reason: java.lang.reflect.InvocationTargetException
java.lang.IllegalStateException: Expected 1 instance of com.cloudbees.jenkins.support.filter.ContentFilters but got 2
	at hudson.ExtensionList.lookupSingleton(ExtensionList.java:451)
	at com.cloudbees.jenkins.support.filter.ContentFilters.get(ContentFilters.java:47)
	at com.cloudbees.jenkins.support.SupportAction.isAnonymized(SupportAction.java:124)
Caused: java.lang.reflect.InvocationTargetException
	at sun.reflect.NativeMethodAccessorImpl.invoke0(Native Method)
	at sun.reflect.NativeMethodAccessorImpl.invoke(NativeMethodAccessorImpl.java:62)
	at sun.reflect.DelegatingMethodAccessorImpl.invoke(DelegatingMethodAccessorImpl.java:43)
	at java.lang.reflect.Method.invoke(Method.java:498)
	at org.apache.commons.jexl.util.PropertyExecutor.execute(PropertyExecutor.java:125)
	at org.apache.commons.jexl.util.introspection.UberspectImpl$VelGetterImpl.invoke(UberspectImpl.java:314)
	at org.apache.commons.jexl.parser.ASTArrayAccess.evaluateExpr(ASTArrayAccess.java:185)
	at org.apache.commons.jexl.parser.ASTIdentifier.execute(ASTIdentifier.java:75)
	at org.apache.commons.jexl.parser.ASTReference.execute(ASTReference.java:83)
	at org.apache.commons.jexl.parser.ASTReference.value(ASTReference.java:57)
	at org.apache.commons.jexl.parser.ASTNotNode.value(ASTNotNode.java:56)
	at org.apache.commons.jexl.parser.ASTExpression.value(ASTExpression.java:54)
	at org.apache.commons.jexl.parser.ASTExpressionExpression.value(ASTExpressionExpression.java:56)
	at org.apache.commons.jexl.ExpressionImpl.evaluate(ExpressionImpl.java:80)
	at hudson.ExpressionFactory2$JexlExpression.evaluate(ExpressionFactory2.java:74)
	at org.apache.commons.jelly.expression.ExpressionSupport.evaluateRecurse(ExpressionSupport.java:61)
	at org.apache.commons.jelly.expression.ExpressionSupport.evaluateAsBoolean(ExpressionSupport.java:71)
	at org.apache.commons.jelly.tags.core.CoreTagLibrary$1.run(CoreTagLibrary.java:97)
	at org.apache.commons.jelly.impl.ScriptBlock.run(ScriptBlock.java:95)
	at org.kohsuke.stapler.jelly.CallTagLibScript$1.run(CallTagLibScript.java:99)
	at org.apache.commons.jelly.tags.define.InvokeBodyTag.doTag(InvokeBodyTag.java:91)
	at org.apache.commons.jelly.impl.TagScript.run(TagScript.java:269)
	at org.apache.commons.jelly.impl.ScriptBlock.run(ScriptBlock.java:95)
	at org.apache.commons.jelly.tags.core.CoreTagLibrary$1.run(CoreTagLibrary.java:98)
	at org.apache.commons.jelly.impl.ScriptBlock.run(ScriptBlock.java:95)
	at org.apache.commons.jelly.tags.core.CoreTagLibrary$2.run(CoreTagLibrary.java:105)
	at org.kohsuke.stapler.jelly.CallTagLibScript.run(CallTagLibScript.java:120)
	at org.apache.commons.jelly.impl.ScriptBlock.run(ScriptBlock.java:95)
	at org.kohsuke.stapler.jelly.CallTagLibScript$1.run(CallTagLibScript.java:99)
	at org.apache.commons.jelly.tags.define.InvokeBodyTag.doTag(InvokeBodyTag.java:91)
	at org.apache.commons.jelly.impl.TagScript.run(TagScript.java:269)
	at org.apache.commons.jelly.impl.ScriptBlock.run(ScriptBlock.java:95)
	at org.kohsuke.stapler.jelly.ReallyStaticTagLibrary$1.run(ReallyStaticTagLibrary.java:99)
	at org.apache.commons.jelly.impl.ScriptBlock.run(ScriptBlock.java:95)
	at org.kohsuke.stapler.jelly.ReallyStaticTagLibrary$1.run(ReallyStaticTagLibrary.java:99)
	at org.apache.commons.jelly.impl.ScriptBlock.run(ScriptBlock.java:95)
	at org.kohsuke.stapler.jelly.ReallyStaticTagLibrary$1.run(ReallyStaticTagLibrary.java:99)
	at org.apache.commons.jelly.impl.ScriptBlock.run(ScriptBlock.java:95)
	at org.kohsuke.stapler.jelly.ReallyStaticTagLibrary$1.run(ReallyStaticTagLibrary.java:99)
	at org.apache.commons.jelly.impl.ScriptBlock.run(ScriptBlock.java:95)
	at org.kohsuke.stapler.jelly.CallTagLibScript$1.run(CallTagLibScript.java:99)
	at org.apache.commons.jelly.tags.define.InvokeBodyTag.doTag(InvokeBodyTag.java:91)
	at org.apache.commons.jelly.impl.TagScript.run(TagScript.java:269)
	at org.apache.commons.jelly.impl.ScriptBlock.run(ScriptBlock.java:95)
	at org.apache.commons.jelly.tags.core.CoreTagLibrary$2.run(CoreTagLibrary.java:105)
	at org.kohsuke.stapler.jelly.CallTagLibScript.run(CallTagLibScript.java:120)
	at org.apache.commons.jelly.impl.ScriptBlock.run(ScriptBlock.java:95)
	at org.apache.commons.jelly.tags.core.CoreTagLibrary$2.run(CoreTagLibrary.java:105)
	at org.kohsuke.stapler.jelly.CallTagLibScript.run(CallTagLibScript.java:120)
	at org.apache.commons.jelly.tags.core.CoreTagLibrary$2.run(CoreTagLibrary.java:105)
	at org.kohsuke.stapler.jelly.JellyViewScript.run(JellyViewScript.java:95)
	at org.kohsuke.stapler.jelly.DefaultScriptInvoker.invokeScript(DefaultScriptInvoker.java:63)
	at org.kohsuke.stapler.jelly.DefaultScriptInvoker.invokeScript(DefaultScriptInvoker.java:53)
	at org.kohsuke.stapler.jelly.ScriptInvoker.execute(ScriptInvoker.java:56)
	at org.kohsuke.stapler.jelly.ScriptInvoker.execute(ScriptInvoker.java:43)
	at org.kohsuke.stapler.Facet.handleIndexRequest(Facet.java:282)
	at org.kohsuke.stapler.jelly.JellyFacet.handleIndexRequest(JellyFacet.java:99)
	at org.kohsuke.stapler.IndexViewDispatcher.dispatch(IndexViewDispatcher.java:32)
	at org.kohsuke.stapler.Stapler.tryInvoke(Stapler.java:747)
	at org.kohsuke.stapler.Stapler.invoke(Stapler.java:878)
	at org.kohsuke.stapler.MetaClass$9.dispatch(MetaClass.java:456)
	at org.kohsuke.stapler.Stapler.tryInvoke(Stapler.java:747)
	at org.kohsuke.stapler.Stapler.invoke(Stapler.java:878)
	at org.kohsuke.stapler.Stapler.invoke(Stapler.java:676)
	at org.kohsuke.stapler.Stapler.service(Stapler.java:238)
	at javax.servlet.http.HttpServlet.service(HttpServlet.java:790)
	at org.eclipse.jetty.servlet.ServletHolder.handle(ServletHolder.java:873)
	at org.eclipse.jetty.servlet.ServletHandler$CachedChain.doFilter(ServletHandler.java:1623)
	at hudson.util.PluginServletFilter$1.doFilter(PluginServletFilter.java:154)
	at com.cloudbees.jenkins.support.slowrequest.SlowRequestFilter.doFilter(SlowRequestFilter.java:37)
	at hudson.util.PluginServletFilter$1.doFilter(PluginServletFilter.java:151)
	at jenkins.metrics.impl.MetricsFilter.doFilter(MetricsFilter.java:125)
	at hudson.util.PluginServletFilter$1.doFilter(PluginServletFilter.java:151)
	at jenkins.telemetry.impl.UserLanguages$AcceptLanguageFilter.doFilter(UserLanguages.java:128)
	at hudson.util.PluginServletFilter$1.doFilter(PluginServletFilter.java:151)
	at hudson.util.PluginServletFilter.doFilter(PluginServletFilter.java:157)
	at org.eclipse.jetty.servlet.ServletHandler$CachedChain.doFilter(ServletHandler.java:1610)
	at hudson.security.csrf.CrumbFilter.doFilter(CrumbFilter.java:105)
	at org.eclipse.jetty.servlet.ServletHandler$CachedChain.doFilter(ServletHandler.java:1610)
	at hudson.security.ChainedServletFilter$1.doFilter(ChainedServletFilter.java:84)
	at hudson.security.UnwrapSecurityExceptionFilter.doFilter(UnwrapSecurityExceptionFilter.java:51)
	at hudson.security.ChainedServletFilter$1.doFilter(ChainedServletFilter.java:87)
	at jenkins.security.ExceptionTranslationFilter.doFilter(ExceptionTranslationFilter.java:117)
	at hudson.security.ChainedServletFilter$1.doFilter(ChainedServletFilter.java:87)
	at org.acegisecurity.providers.anonymous.AnonymousProcessingFilter.doFilter(AnonymousProcessingFilter.java:125)
	at hudson.security.ChainedServletFilter$1.doFilter(ChainedServletFilter.java:87)
	at org.acegisecurity.ui.rememberme.RememberMeProcessingFilter.doFilter(RememberMeProcessingFilter.java:142)
	at hudson.security.ChainedServletFilter$1.doFilter(ChainedServletFilter.java:87)
	at org.acegisecurity.ui.AbstractProcessingFilter.doFilter(AbstractProcessingFilter.java:271)
	at hudson.security.ChainedServletFilter$1.doFilter(ChainedServletFilter.java:87)
	at jenkins.security.BasicHeaderProcessor.doFilter(BasicHeaderProcessor.java:93)
	at hudson.security.ChainedServletFilter$1.doFilter(ChainedServletFilter.java:87)
	at org.acegisecurity.context.HttpSessionContextIntegrationFilter.doFilter(HttpSessionContextIntegrationFilter.java:249)
	at hudson.security.HttpSessionContextIntegrationFilter2.doFilter(HttpSessionContextIntegrationFilter2.java:67)
	at hudson.security.ChainedServletFilter$1.doFilter(ChainedServletFilter.java:87)
	at hudson.security.ChainedServletFilter.doFilter(ChainedServletFilter.java:90)
	at hudson.security.HudsonFilter.doFilter(HudsonFilter.java:171)
	at org.eclipse.jetty.servlet.ServletHandler$CachedChain.doFilter(ServletHandler.java:1610)
	at org.kohsuke.stapler.compression.CompressionFilter.doFilter(CompressionFilter.java:49)
	at org.eclipse.jetty.servlet.ServletHandler$CachedChain.doFilter(ServletHandler.java:1610)
	at hudson.util.CharacterEncodingFilter.doFilter(CharacterEncodingFilter.java:82)
	at org.eclipse.jetty.servlet.ServletHandler$CachedChain.doFilter(ServletHandler.java:1610)
	at org.kohsuke.stapler.DiagnosticThreadNameFilter.doFilter(DiagnosticThreadNameFilter.java:30)
	at org.eclipse.jetty.servlet.ServletHandler$CachedChain.doFilter(ServletHandler.java:1610)
	at org.eclipse.jetty.servlet.ServletHandler.doHandle(ServletHandler.java:540)
	at org.eclipse.jetty.server.handler.ScopedHandler.handle(ScopedHandler.java:146)
	at org.eclipse.jetty.security.SecurityHandler.handle(SecurityHandler.java:524)
	at org.eclipse.jetty.server.handler.HandlerWrapper.handle(HandlerWrapper.java:132)
	at org.eclipse.jetty.server.handler.ScopedHandler.nextHandle(ScopedHandler.java:257)
	at org.eclipse.jetty.server.session.SessionHandler.doHandle(SessionHandler.java:1700)
	at org.eclipse.jetty.server.handler.ScopedHandler.nextHandle(ScopedHandler.java:255)
	at org.eclipse.jetty.server.handler.ContextHandler.doHandle(ContextHandler.java:1345)
	at org.eclipse.jetty.server.handler.ScopedHandler.nextScope(ScopedHandler.java:203)
	at org.eclipse.jetty.servlet.ServletHandler.doScope(ServletHandler.java:480)
	at org.eclipse.jetty.server.session.SessionHandler.doScope(SessionHandler.java:1667)
	at org.eclipse.jetty.server.handler.ScopedHandler.nextScope(ScopedHandler.java:201)
	at org.eclipse.jetty.server.handler.ContextHandler.doScope(ContextHandler.java:1247)
	at org.eclipse.jetty.server.handler.ScopedHandler.handle(ScopedHandler.java:144)
	at org.eclipse.jetty.server.handler.RequestLogHandler.handle(RequestLogHandler.java:56)
	at org.eclipse.jetty.server.handler.HandlerWrapper.handle(HandlerWrapper.java:132)
	at org.eclipse.jetty.server.Server.handle(Server.java:505)
	at org.eclipse.jetty.server.HttpChannel.handle(HttpChannel.java:370)
	at org.eclipse.jetty.server.HttpConnection.onFillable(HttpConnection.java:267)
	at org.eclipse.jetty.io.AbstractConnection$ReadCallback.succeeded(AbstractConnection.java:305)
	at org.eclipse.jetty.io.FillInterest.fillable(FillInterest.java:103)
	at org.eclipse.jetty.io.ChannelEndPoint$2.run(ChannelEndPoint.java:117)
	at org.eclipse.jetty.util.thread.strategy.EatWhatYouKill.runTask(EatWhatYouKill.java:333)
	at org.eclipse.jetty.util.thread.strategy.EatWhatYouKill.doProduce(EatWhatYouKill.java:310)
	at org.eclipse.jetty.util.thread.strategy.EatWhatYouKill.tryProduce(EatWhatYouKill.java:168)
	at org.eclipse.jetty.util.thread.strategy.EatWhatYouKill.run(EatWhatYouKill.java:126)
	at org.eclipse.jetty.util.thread.ReservedThreadExecutor$ReservedThread.run(ReservedThreadExecutor.java:366)
	at org.eclipse.jetty.util.thread.QueuedThreadPool.runJob(QueuedThreadPool.java:698)
	at org.eclipse.jetty.util.thread.QueuedThreadPool$Runner.run(QueuedThreadPool.java:804)
	at java.lang.Thread.run(Thread.java:748)
2019-10-23 05:20:21.639+0000 [id=51]	SEVERE	hudson.triggers.SafeTimerTask#run: Timer task com.cloudbees.jenkins.support.slowrequest.SlowRequestChecker@27b3d029 failed
java.lang.IllegalStateException: Expected 1 instance of com.cloudbees.jenkins.support.filter.ContentFilters but got 2
	at hudson.ExtensionList.lookupSingleton(ExtensionList.java:451)
	at com.cloudbees.jenkins.support.filter.ContentFilters.get(ContentFilters.java:47)
	at com.cloudbees.jenkins.support.SupportPlugin.getContentFilter(SupportPlugin.java:402)
	at com.cloudbees.jenkins.support.slowrequest.SlowRequestChecker.doRun(SlowRequestChecker.java:80)
	at hudson.triggers.SafeTimerTask.run(SafeTimerTask.java:72)
	at jenkins.security.ImpersonatingScheduledExecutorService$1.run(ImpersonatingScheduledExecutorService.java:58)
	at java.util.concurrent.Executors$RunnableAdapter.call(Executors.java:511)
	at java.util.concurrent.FutureTask.runAndReset(FutureTask.java:308)
	at java.util.concurrent.ScheduledThreadPoolExecutor$ScheduledFutureTask.access$301(ScheduledThreadPoolExecutor.java:180)
	at java.util.concurrent.ScheduledThreadPoolExecutor$ScheduledFutureTask.run(ScheduledThreadPoolExecutor.java:294)
	at java.util.concurrent.ThreadPoolExecutor.runWorker(ThreadPoolExecutor.java:1149)
	at java.util.concurrent.ThreadPoolExecutor$Worker.run(ThreadPoolExecutor.java:624)
	at java.lang.Thread.run(Thread.java:748)
2019-10-23 05:20:24.640+0000 [id=60]	SEVERE	hudson.triggers.SafeTimerTask#run: Timer task com.cloudbees.jenkins.support.slowrequest.SlowRequestChecker@27b3d029 failed
java.lang.IllegalStateException: Expected 1 instance of com.cloudbees.jenkins.support.filter.ContentFilters but got 2
	at hudson.ExtensionList.lookupSingleton(ExtensionList.java:451)
	at com.cloudbees.jenkins.support.filter.ContentFilters.get(ContentFilters.java:47)
	at com.cloudbees.jenkins.support.SupportPlugin.getContentFilter(SupportPlugin.java:402)
	at com.cloudbees.jenkins.support.slowrequest.SlowRequestChecker.doRun(SlowRequestChecker.java:80)
	at hudson.triggers.SafeTimerTask.run(SafeTimerTask.java:72)
	at jenkins.security.ImpersonatingScheduledExecutorService$1.run(ImpersonatingScheduledExecutorService.java:58)
	at java.util.concurrent.Executors$RunnableAdapter.call(Executors.java:511)
	at java.util.concurrent.FutureTask.runAndReset(FutureTask.java:308)
	at java.util.concurrent.ScheduledThreadPoolExecutor$ScheduledFutureTask.access$301(ScheduledThreadPoolExecutor.java:180)
	at java.util.concurrent.ScheduledThreadPoolExecutor$ScheduledFutureTask.run(ScheduledThreadPoolExecutor.java:294)
	at java.util.concurrent.ThreadPoolExecutor.runWorker(ThreadPoolExecutor.java:1149)
	at java.util.concurrent.ThreadPoolExecutor$Worker.run(ThreadPoolExecutor.java:624)
	at java.lang.Thread.run(Thread.java:748)
2019-10-23 05:20:27.639+0000 [id=34]	SEVERE	hudson.triggers.SafeTimerTask#run: Timer task com.cloudbees.jenkins.support.slowrequest.SlowRequestChecker@27b3d029 failed
java.lang.IllegalStateException: Expected 1 instance of com.cloudbees.jenkins.support.filter.ContentFilters but got 2
	at hudson.ExtensionList.lookupSingleton(ExtensionList.java:451)
	at com.cloudbees.jenkins.support.filter.ContentFilters.get(ContentFilters.java:47)
	at com.cloudbees.jenkins.support.SupportPlugin.getContentFilter(SupportPlugin.java:402)
	at com.cloudbees.jenkins.support.slowrequest.SlowRequestChecker.doRun(SlowRequestChecker.java:80)
	at hudson.triggers.SafeTimerTask.run(SafeTimerTask.java:72)
	at jenkins.security.ImpersonatingScheduledExecutorService$1.run(ImpersonatingScheduledExecutorService.java:58)
	at java.util.concurrent.Executors$RunnableAdapter.call(Executors.java:511)
	at java.util.concurrent.FutureTask.runAndReset(FutureTask.java:308)
	at java.util.concurrent.ScheduledThreadPoolExecutor$ScheduledFutureTask.access$301(ScheduledThreadPoolExecutor.java:180)
	at java.util.concurrent.ScheduledThreadPoolExecutor$ScheduledFutureTask.run(ScheduledThreadPoolExecutor.java:294)
	at java.util.concurrent.ThreadPoolExecutor.runWorker(ThreadPoolExecutor.java:1149)
	at java.util.concurrent.ThreadPoolExecutor$Worker.run(ThreadPoolExecutor.java:624)
	at java.lang.Thread.run(Thread.java:748)
2019-10-23 05:20:30.643+0000 [id=61]	SEVERE	hudson.triggers.SafeTimerTask#run: Timer task com.cloudbees.jenkins.support.slowrequest.SlowRequestChecker@27b3d029 failed
java.lang.IllegalStateException: Expected 1 instance of com.cloudbees.jenkins.support.filter.ContentFilters but got 2
	at hudson.ExtensionList.lookupSingleton(ExtensionList.java:451)
	at com.cloudbees.jenkins.support.filter.ContentFilters.get(ContentFilters.java:47)
	at com.cloudbees.jenkins.support.SupportPlugin.getContentFilter(SupportPlugin.java:402)
	at com.cloudbees.jenkins.support.slowrequest.SlowRequestChecker.doRun(SlowRequestChecker.java:80)
	at hudson.triggers.SafeTimerTask.run(SafeTimerTask.java:72)
	at jenkins.security.ImpersonatingScheduledExecutorService$1.run(ImpersonatingScheduledExecutorService.java:58)
	at java.util.concurrent.Executors$RunnableAdapter.call(Executors.java:511)
	at java.util.concurrent.FutureTask.runAndReset(FutureTask.java:308)
	at java.util.concurrent.ScheduledThreadPoolExecutor$ScheduledFutureTask.access$301(ScheduledThreadPoolExecutor.java:180)
	at java.util.concurrent.ScheduledThreadPoolExecutor$ScheduledFutureTask.run(ScheduledThreadPoolExecutor.java:294)
	at java.util.concurrent.ThreadPoolExecutor.runWorker(ThreadPoolExecutor.java:1149)
	at java.util.concurrent.ThreadPoolExecutor$Worker.run(ThreadPoolExecutor.java:624)
	at java.lang.Thread.run(Thread.java:748)
2019-10-23 05:20:33.639+0000 [id=58]	SEVERE	hudson.triggers.SafeTimerTask#run: Timer task com.cloudbees.jenkins.support.slowrequest.SlowRequestChecker@27b3d029 failed
java.lang.IllegalStateException: Expected 1 instance of com.cloudbees.jenkins.support.filter.ContentFilters but got 2
	at hudson.ExtensionList.lookupSingleton(ExtensionList.java:451)
	at com.cloudbees.jenkins.support.filter.ContentFilters.get(ContentFilters.java:47)
	at com.cloudbees.jenkins.support.SupportPlugin.getContentFilter(SupportPlugin.java:402)
	at com.cloudbees.jenkins.support.slowrequest.SlowRequestChecker.doRun(SlowRequestChecker.java:80)
	at hudson.triggers.SafeTimerTask.run(SafeTimerTask.java:72)
	at jenkins.security.ImpersonatingScheduledExecutorService$1.run(ImpersonatingScheduledExecutorService.java:58)
	at java.util.concurrent.Executors$RunnableAdapter.call(Executors.java:511)
	at java.util.concurrent.FutureTask.runAndReset(FutureTask.java:308)
	at java.util.concurrent.ScheduledThreadPoolExecutor$ScheduledFutureTask.access$301(ScheduledThreadPoolExecutor.java:180)
	at java.util.concurrent.ScheduledThreadPoolExecutor$ScheduledFutureTask.run(ScheduledThreadPoolExecutor.java:294)
	at java.util.concurrent.ThreadPoolExecutor.runWorker(ThreadPoolExecutor.java:1149)
	at java.util.concurrent.ThreadPoolExecutor$Worker.run(ThreadPoolExecutor.java:624)
	at java.lang.Thread.run(Thread.java:748)
2019-10-23 05:20:36.639+0000 [id=60]	SEVERE	hudson.triggers.SafeTimerTask#run: Timer task com.cloudbees.jenkins.support.slowrequest.SlowRequestChecker@27b3d029 failed
java.lang.IllegalStateException: Expected 1 instance of com.cloudbees.jenkins.support.filter.ContentFilters but got 2
	at hudson.ExtensionList.lookupSingleton(ExtensionList.java:451)
	at com.cloudbees.jenkins.support.filter.ContentFilters.get(ContentFilters.java:47)
	at com.cloudbees.jenkins.support.SupportPlugin.getContentFilter(SupportPlugin.java:402)
	at com.cloudbees.jenkins.support.slowrequest.SlowRequestChecker.doRun(SlowRequestChecker.java:80)
	at hudson.triggers.SafeTimerTask.run(SafeTimerTask.java:72)
	at jenkins.security.ImpersonatingScheduledExecutorService$1.run(ImpersonatingScheduledExecutorService.java:58)
	at java.util.concurrent.Executors$RunnableAdapter.call(Executors.java:511)
	at java.util.concurrent.FutureTask.runAndReset(FutureTask.java:308)
	at java.util.concurrent.ScheduledThreadPoolExecutor$ScheduledFutureTask.access$301(ScheduledThreadPoolExecutor.java:180)
	at java.util.concurrent.ScheduledThreadPoolExecutor$ScheduledFutureTask.run(ScheduledThreadPoolExecutor.java:294)
	at java.util.concurrent.ThreadPoolExecutor.runWorker(ThreadPoolExecutor.java:1149)
	at java.util.concurrent.ThreadPoolExecutor$Worker.run(ThreadPoolExecutor.java:624)
	at java.lang.Thread.run(Thread.java:748)
2019-10-23 05:20:39.640+0000 [id=34]	SEVERE	hudson.triggers.SafeTimerTask#run: Timer task com.cloudbees.jenkins.support.slowrequest.SlowRequestChecker@27b3d029 failed
java.lang.IllegalStateException: Expected 1 instance of com.cloudbees.jenkins.support.filter.ContentFilters but got 2
	at hudson.ExtensionList.lookupSingleton(ExtensionList.java:451)
	at com.cloudbees.jenkins.support.filter.ContentFilters.get(ContentFilters.java:47)
	at com.cloudbees.jenkins.support.SupportPlugin.getContentFilter(SupportPlugin.java:402)
	at com.cloudbees.jenkins.support.slowrequest.SlowRequestChecker.doRun(SlowRequestChecker.java:80)
	at hudson.triggers.SafeTimerTask.run(SafeTimerTask.java:72)
	at jenkins.security.ImpersonatingScheduledExecutorService$1.run(ImpersonatingScheduledExecutorService.java:58)
	at java.util.concurrent.Executors$RunnableAdapter.call(Executors.java:511)
	at java.util.concurrent.FutureTask.runAndReset(FutureTask.java:308)
	at java.util.concurrent.ScheduledThreadPoolExecutor$ScheduledFutureTask.access$301(ScheduledThreadPoolExecutor.java:180)
	at java.util.concurrent.ScheduledThreadPoolExecutor$ScheduledFutureTask.run(ScheduledThreadPoolExecutor.java:294)
	at java.util.concurrent.ThreadPoolExecutor.runWorker(ThreadPoolExecutor.java:1149)
	at java.util.concurrent.ThreadPoolExecutor$Worker.run(ThreadPoolExecutor.java:624)
	at java.lang.Thread.run(Thread.java:748)
2019-10-23 05:20:42.642+0000 [id=52]	SEVERE	hudson.triggers.SafeTimerTask#run: Timer task com.cloudbees.jenkins.support.slowrequest.SlowRequestChecker@27b3d029 failed
java.lang.IllegalStateException: Expected 1 instance of com.cloudbees.jenkins.support.filter.ContentFilters but got 2
	at hudson.ExtensionList.lookupSingleton(ExtensionList.java:451)
	at com.cloudbees.jenkins.support.filter.ContentFilters.get(ContentFilters.java:47)
	at com.cloudbees.jenkins.support.SupportPlugin.getContentFilter(SupportPlugin.java:402)
	at com.cloudbees.jenkins.support.slowrequest.SlowRequestChecker.doRun(SlowRequestChecker.java:80)
	at hudson.triggers.SafeTimerTask.run(SafeTimerTask.java:72)
	at jenkins.security.ImpersonatingScheduledExecutorService$1.run(ImpersonatingScheduledExecutorService.java:58)
	at java.util.concurrent.Executors$RunnableAdapter.call(Executors.java:511)
	at java.util.concurrent.FutureTask.runAndReset(FutureTask.java:308)
	at java.util.concurrent.ScheduledThreadPoolExecutor$ScheduledFutureTask.access$301(ScheduledThreadPoolExecutor.java:180)
	at java.util.concurrent.ScheduledThreadPoolExecutor$ScheduledFutureTask.run(ScheduledThreadPoolExecutor.java:294)
	at java.util.concurrent.ThreadPoolExecutor.runWorker(ThreadPoolExecutor.java:1149)
	at java.util.concurrent.ThreadPoolExecutor$Worker.run(ThreadPoolExecutor.java:624)
	at java.lang.Thread.run(Thread.java:748)
2019-10-23 05:20:45.638+0000 [id=51]	SEVERE	hudson.triggers.SafeTimerTask#run: Timer task com.cloudbees.jenkins.support.slowrequest.SlowRequestChecker@27b3d029 failed
java.lang.IllegalStateException: Expected 1 instance of com.cloudbees.jenkins.support.filter.ContentFilters but got 2
	at hudson.ExtensionList.lookupSingleton(ExtensionList.java:451)
	at com.cloudbees.jenkins.support.filter.ContentFilters.get(ContentFilters.java:47)
	at com.cloudbees.jenkins.support.SupportPlugin.getContentFilter(SupportPlugin.java:402)
	at com.cloudbees.jenkins.support.slowrequest.SlowRequestChecker.doRun(SlowRequestChecker.java:80)
	at hudson.triggers.SafeTimerTask.run(SafeTimerTask.java:72)
	at jenkins.security.ImpersonatingScheduledExecutorService$1.run(ImpersonatingScheduledExecutorService.java:58)
	at java.util.concurrent.Executors$RunnableAdapter.call(Executors.java:511)
	at java.util.concurrent.FutureTask.runAndReset(FutureTask.java:308)
	at java.util.concurrent.ScheduledThreadPoolExecutor$ScheduledFutureTask.access$301(ScheduledThreadPoolExecutor.java:180)
	at java.util.concurrent.ScheduledThreadPoolExecutor$ScheduledFutureTask.run(ScheduledThreadPoolExecutor.java:294)
	at java.util.concurrent.ThreadPoolExecutor.runWorker(ThreadPoolExecutor.java:1149)
	at java.util.concurrent.ThreadPoolExecutor$Worker.run(ThreadPoolExecutor.java:624)
	at java.lang.Thread.run(Thread.java:748)
2019-10-23 05:20:48.638+0000 [id=52]	SEVERE	hudson.triggers.SafeTimerTask#run: Timer task com.cloudbees.jenkins.support.slowrequest.SlowRequestChecker@27b3d029 failed
java.lang.IllegalStateException: Expected 1 instance of com.cloudbees.jenkins.support.filter.ContentFilters but got 2
	at hudson.ExtensionList.lookupSingleton(ExtensionList.java:451)
	at com.cloudbees.jenkins.support.filter.ContentFilters.get(ContentFilters.java:47)
	at com.cloudbees.jenkins.support.SupportPlugin.getContentFilter(SupportPlugin.java:402)
	at com.cloudbees.jenkins.support.slowrequest.SlowRequestChecker.doRun(SlowRequestChecker.java:80)
	at hudson.triggers.SafeTimerTask.run(SafeTimerTask.java:72)
	at jenkins.security.ImpersonatingScheduledExecutorService$1.run(ImpersonatingScheduledExecutorService.java:58)
	at java.util.concurrent.Executors$RunnableAdapter.call(Executors.java:511)
	at java.util.concurrent.FutureTask.runAndReset(FutureTask.java:308)
	at java.util.concurrent.ScheduledThreadPoolExecutor$ScheduledFutureTask.access$301(ScheduledThreadPoolExecutor.java:180)
	at java.util.concurrent.ScheduledThreadPoolExecutor$ScheduledFutureTask.run(ScheduledThreadPoolExecutor.java:294)
	at java.util.concurrent.ThreadPoolExecutor.runWorker(ThreadPoolExecutor.java:1149)
	at java.util.concurrent.ThreadPoolExecutor$Worker.run(ThreadPoolExecutor.java:624)
	at java.lang.Thread.run(Thread.java:748)
2019-10-23 05:20:51.642+0000 [id=56]	SEVERE	hudson.triggers.SafeTimerTask#run: Timer task com.cloudbees.jenkins.support.slowrequest.SlowRequestChecker@27b3d029 failed
java.lang.IllegalStateException: Expected 1 instance of com.cloudbees.jenkins.support.filter.ContentFilters but got 2
	at hudson.ExtensionList.lookupSingleton(ExtensionList.java:451)
	at com.cloudbees.jenkins.support.filter.ContentFilters.get(ContentFilters.java:47)
	at com.cloudbees.jenkins.support.SupportPlugin.getContentFilter(SupportPlugin.java:402)
	at com.cloudbees.jenkins.support.slowrequest.SlowRequestChecker.doRun(SlowRequestChecker.java:80)
	at hudson.triggers.SafeTimerTask.run(SafeTimerTask.java:72)
	at jenkins.security.ImpersonatingScheduledExecutorService$1.run(ImpersonatingScheduledExecutorService.java:58)
	at java.util.concurrent.Executors$RunnableAdapter.call(Executors.java:511)
	at java.util.concurrent.FutureTask.runAndReset(FutureTask.java:308)
	at java.util.concurrent.ScheduledThreadPoolExecutor$ScheduledFutureTask.access$301(ScheduledThreadPoolExecutor.java:180)
	at java.util.concurrent.ScheduledThreadPoolExecutor$ScheduledFutureTask.run(ScheduledThreadPoolExecutor.java:294)
	at java.util.concurrent.ThreadPoolExecutor.runWorker(ThreadPoolExecutor.java:1149)
	at java.util.concurrent.ThreadPoolExecutor$Worker.run(ThreadPoolExecutor.java:624)
	at java.lang.Thread.run(Thread.java:748)
2019-10-23 05:20:54.638+0000 [id=52]	SEVERE	hudson.triggers.SafeTimerTask#run: Timer task com.cloudbees.jenkins.support.slowrequest.SlowRequestChecker@27b3d029 failed
java.lang.IllegalStateException: Expected 1 instance of com.cloudbees.jenkins.support.filter.ContentFilters but got 2
	at hudson.ExtensionList.lookupSingleton(ExtensionList.java:451)
	at com.cloudbees.jenkins.support.filter.ContentFilters.get(ContentFilters.java:47)
	at com.cloudbees.jenkins.support.SupportPlugin.getContentFilter(SupportPlugin.java:402)
	at com.cloudbees.jenkins.support.slowrequest.SlowRequestChecker.doRun(SlowRequestChecker.java:80)
	at hudson.triggers.SafeTimerTask.run(SafeTimerTask.java:72)
	at jenkins.security.ImpersonatingScheduledExecutorService$1.run(ImpersonatingScheduledExecutorService.java:58)
	at java.util.concurrent.Executors$RunnableAdapter.call(Executors.java:511)
	at java.util.concurrent.FutureTask.runAndReset(FutureTask.java:308)
	at java.util.concurrent.ScheduledThreadPoolExecutor$ScheduledFutureTask.access$301(ScheduledThreadPoolExecutor.java:180)
	at java.util.concurrent.ScheduledThreadPoolExecutor$ScheduledFutureTask.run(ScheduledThreadPoolExecutor.java:294)
	at java.util.concurrent.ThreadPoolExecutor.runWorker(ThreadPoolExecutor.java:1149)
	at java.util.concurrent.ThreadPoolExecutor$Worker.run(ThreadPoolExecutor.java:624)
	at java.lang.Thread.run(Thread.java:748)
2019-10-23 05:20:57.638+0000 [id=51]	SEVERE	hudson.triggers.SafeTimerTask#run: Timer task com.cloudbees.jenkins.support.slowrequest.SlowRequestChecker@27b3d029 failed
java.lang.IllegalStateException: Expected 1 instance of com.cloudbees.jenkins.support.filter.ContentFilters but got 2
	at hudson.ExtensionList.lookupSingleton(ExtensionList.java:451)
	at com.cloudbees.jenkins.support.filter.ContentFilters.get(ContentFilters.java:47)
	at com.cloudbees.jenkins.support.SupportPlugin.getContentFilter(SupportPlugin.java:402)
	at com.cloudbees.jenkins.support.slowrequest.SlowRequestChecker.doRun(SlowRequestChecker.java:80)
	at hudson.triggers.SafeTimerTask.run(SafeTimerTask.java:72)
	at jenkins.security.ImpersonatingScheduledExecutorService$1.run(ImpersonatingScheduledExecutorService.java:58)
	at java.util.concurrent.Executors$RunnableAdapter.call(Executors.java:511)
	at java.util.concurrent.FutureTask.runAndReset(FutureTask.java:308)
	at java.util.concurrent.ScheduledThreadPoolExecutor$ScheduledFutureTask.access$301(ScheduledThreadPoolExecutor.java:180)
	at java.util.concurrent.ScheduledThreadPoolExecutor$ScheduledFutureTask.run(ScheduledThreadPoolExecutor.java:294)
	at java.util.concurrent.ThreadPoolExecutor.runWorker(ThreadPoolExecutor.java:1149)
	at java.util.concurrent.ThreadPoolExecutor$Worker.run(ThreadPoolExecutor.java:624)
	at java.lang.Thread.run(Thread.java:748)
2019-10-23 05:21:00.642+0000 [id=52]	SEVERE	hudson.triggers.SafeTimerTask#run: Timer task com.cloudbees.jenkins.support.slowrequest.SlowRequestChecker@27b3d029 failed
java.lang.IllegalStateException: Expected 1 instance of com.cloudbees.jenkins.support.filter.ContentFilters but got 2
	at hudson.ExtensionList.lookupSingleton(ExtensionList.java:451)
	at com.cloudbees.jenkins.support.filter.ContentFilters.get(ContentFilters.java:47)
	at com.cloudbees.jenkins.support.SupportPlugin.getContentFilter(SupportPlugin.java:402)
	at com.cloudbees.jenkins.support.slowrequest.SlowRequestChecker.doRun(SlowRequestChecker.java:80)
	at hudson.triggers.SafeTimerTask.run(SafeTimerTask.java:72)
	at jenkins.security.ImpersonatingScheduledExecutorService$1.run(ImpersonatingScheduledExecutorService.java:58)
	at java.util.concurrent.Executors$RunnableAdapter.call(Executors.java:511)
	at java.util.concurrent.FutureTask.runAndReset(FutureTask.java:308)
	at java.util.concurrent.ScheduledThreadPoolExecutor$ScheduledFutureTask.access$301(ScheduledThreadPoolExecutor.java:180)
	at java.util.concurrent.ScheduledThreadPoolExecutor$ScheduledFutureTask.run(ScheduledThreadPoolExecutor.java:294)
	at java.util.concurrent.ThreadPoolExecutor.runWorker(ThreadPoolExecutor.java:1149)
	at java.util.concurrent.ThreadPoolExecutor$Worker.run(ThreadPoolExecutor.java:624)
	at java.lang.Thread.run(Thread.java:748)
2019-10-23 05:21:03.638+0000 [id=61]	SEVERE	hudson.triggers.SafeTimerTask#run: Timer task com.cloudbees.jenkins.support.slowrequest.SlowRequestChecker@27b3d029 failed
java.lang.IllegalStateException: Expected 1 instance of com.cloudbees.jenkins.support.filter.ContentFilters but got 2
	at hudson.ExtensionList.lookupSingleton(ExtensionList.java:451)
	at com.cloudbees.jenkins.support.filter.ContentFilters.get(ContentFilters.java:47)
	at com.cloudbees.jenkins.support.SupportPlugin.getContentFilter(SupportPlugin.java:402)
	at com.cloudbees.jenkins.support.slowrequest.SlowRequestChecker.doRun(SlowRequestChecker.java:80)
	at hudson.triggers.SafeTimerTask.run(SafeTimerTask.java:72)
	at jenkins.security.ImpersonatingScheduledExecutorService$1.run(ImpersonatingScheduledExecutorService.java:58)
	at java.util.concurrent.Executors$RunnableAdapter.call(Executors.java:511)
	at java.util.concurrent.FutureTask.runAndReset(FutureTask.java:308)
	at java.util.concurrent.ScheduledThreadPoolExecutor$ScheduledFutureTask.access$301(ScheduledThreadPoolExecutor.java:180)
	at java.util.concurrent.ScheduledThreadPoolExecutor$ScheduledFutureTask.run(ScheduledThreadPoolExecutor.java:294)
	at java.util.concurrent.ThreadPoolExecutor.runWorker(ThreadPoolExecutor.java:1149)
	at java.util.concurrent.ThreadPoolExecutor$Worker.run(ThreadPoolExecutor.java:624)
	at java.lang.Thread.run(Thread.java:748)
2019-10-23 05:21:06.637+0000 [id=59]	SEVERE	hudson.triggers.SafeTimerTask#run: Timer task com.cloudbees.jenkins.support.slowrequest.SlowRequestChecker@27b3d029 failed
java.lang.IllegalStateException: Expected 1 instance of com.cloudbees.jenkins.support.filter.ContentFilters but got 2
	at hudson.ExtensionList.lookupSingleton(ExtensionList.java:451)
	at com.cloudbees.jenkins.support.filter.ContentFilters.get(ContentFilters.java:47)
	at com.cloudbees.jenkins.support.SupportPlugin.getContentFilter(SupportPlugin.java:402)
	at com.cloudbees.jenkins.support.slowrequest.SlowRequestChecker.doRun(SlowRequestChecker.java:80)
	at hudson.triggers.SafeTimerTask.run(SafeTimerTask.java:72)
	at jenkins.security.ImpersonatingScheduledExecutorService$1.run(ImpersonatingScheduledExecutorService.java:58)
	at java.util.concurrent.Executors$RunnableAdapter.call(Executors.java:511)
	at java.util.concurrent.FutureTask.runAndReset(FutureTask.java:308)
	at java.util.concurrent.ScheduledThreadPoolExecutor$ScheduledFutureTask.access$301(ScheduledThreadPoolExecutor.java:180)
	at java.util.concurrent.ScheduledThreadPoolExecutor$ScheduledFutureTask.run(ScheduledThreadPoolExecutor.java:294)
	at java.util.concurrent.ThreadPoolExecutor.runWorker(ThreadPoolExecutor.java:1149)
	at java.util.concurrent.ThreadPoolExecutor$Worker.run(ThreadPoolExecutor.java:624)
	at java.lang.Thread.run(Thread.java:748)
2019-10-23 05:21:09.637+0000 [id=58]	SEVERE	hudson.triggers.SafeTimerTask#run: Timer task com.cloudbees.jenkins.support.slowrequest.SlowRequestChecker@27b3d029 failed
java.lang.IllegalStateException: Expected 1 instance of com.cloudbees.jenkins.support.filter.ContentFilters but got 2
	at hudson.ExtensionList.lookupSingleton(ExtensionList.java:451)
	at com.cloudbees.jenkins.support.filter.ContentFilters.get(ContentFilters.java:47)
	at com.cloudbees.jenkins.support.SupportPlugin.getContentFilter(SupportPlugin.java:402)
	at com.cloudbees.jenkins.support.slowrequest.SlowRequestChecker.doRun(SlowRequestChecker.java:80)
	at hudson.triggers.SafeTimerTask.run(SafeTimerTask.java:72)
	at jenkins.security.ImpersonatingScheduledExecutorService$1.run(ImpersonatingScheduledExecutorService.java:58)
	at java.util.concurrent.Executors$RunnableAdapter.call(Executors.java:511)
	at java.util.concurrent.FutureTask.runAndReset(FutureTask.java:308)
	at java.util.concurrent.ScheduledThreadPoolExecutor$ScheduledFutureTask.access$301(ScheduledThreadPoolExecutor.java:180)
	at java.util.concurrent.ScheduledThreadPoolExecutor$ScheduledFutureTask.run(ScheduledThreadPoolExecutor.java:294)
	at java.util.concurrent.ThreadPoolExecutor.runWorker(ThreadPoolExecutor.java:1149)
	at java.util.concurrent.ThreadPoolExecutor$Worker.run(ThreadPoolExecutor.java:624)
	at java.lang.Thread.run(Thread.java:748)
2019-10-23 05:21:12.641+0000 [id=51]	SEVERE	hudson.triggers.SafeTimerTask#run: Timer task com.cloudbees.jenkins.support.slowrequest.SlowRequestChecker@27b3d029 failed
java.lang.IllegalStateException: Expected 1 instance of com.cloudbees.jenkins.support.filter.ContentFilters but got 2
	at hudson.ExtensionList.lookupSingleton(ExtensionList.java:451)
	at com.cloudbees.jenkins.support.filter.ContentFilters.get(ContentFilters.java:47)
	at com.cloudbees.jenkins.support.SupportPlugin.getContentFilter(SupportPlugin.java:402)
	at com.cloudbees.jenkins.support.slowrequest.SlowRequestChecker.doRun(SlowRequestChecker.java:80)
	at hudson.triggers.SafeTimerTask.run(SafeTimerTask.java:72)
	at jenkins.security.ImpersonatingScheduledExecutorService$1.run(ImpersonatingScheduledExecutorService.java:58)
	at java.util.concurrent.Executors$RunnableAdapter.call(Executors.java:511)
	at java.util.concurrent.FutureTask.runAndReset(FutureTask.java:308)
	at java.util.concurrent.ScheduledThreadPoolExecutor$ScheduledFutureTask.access$301(ScheduledThreadPoolExecutor.java:180)
	at java.util.concurrent.ScheduledThreadPoolExecutor$ScheduledFutureTask.run(ScheduledThreadPoolExecutor.java:294)
	at java.util.concurrent.ThreadPoolExecutor.runWorker(ThreadPoolExecutor.java:1149)
	at java.util.concurrent.ThreadPoolExecutor$Worker.run(ThreadPoolExecutor.java:624)
	at java.lang.Thread.run(Thread.java:748)
2019-10-23 05:21:15.637+0000 [id=61]	SEVERE	hudson.triggers.SafeTimerTask#run: Timer task com.cloudbees.jenkins.support.slowrequest.SlowRequestChecker@27b3d029 failed
java.lang.IllegalStateException: Expected 1 instance of com.cloudbees.jenkins.support.filter.ContentFilters but got 2
	at hudson.ExtensionList.lookupSingleton(ExtensionList.java:451)
	at com.cloudbees.jenkins.support.filter.ContentFilters.get(ContentFilters.java:47)
	at com.cloudbees.jenkins.support.SupportPlugin.getContentFilter(SupportPlugin.java:402)
	at com.cloudbees.jenkins.support.slowrequest.SlowRequestChecker.doRun(SlowRequestChecker.java:80)
	at hudson.triggers.SafeTimerTask.run(SafeTimerTask.java:72)
	at jenkins.security.ImpersonatingScheduledExecutorService$1.run(ImpersonatingScheduledExecutorService.java:58)
	at java.util.concurrent.Executors$RunnableAdapter.call(Executors.java:511)
	at java.util.concurrent.FutureTask.runAndReset(FutureTask.java:308)
	at java.util.concurrent.ScheduledThreadPoolExecutor$ScheduledFutureTask.access$301(ScheduledThreadPoolExecutor.java:180)
	at java.util.concurrent.ScheduledThreadPoolExecutor$ScheduledFutureTask.run(ScheduledThreadPoolExecutor.java:294)
	at java.util.concurrent.ThreadPoolExecutor.runWorker(ThreadPoolExecutor.java:1149)
	at java.util.concurrent.ThreadPoolExecutor$Worker.run(ThreadPoolExecutor.java:624)
	at java.lang.Thread.run(Thread.java:748)
2019-10-23 05:21:18.637+0000 [id=51]	SEVERE	hudson.triggers.SafeTimerTask#run: Timer task com.cloudbees.jenkins.support.slowrequest.SlowRequestChecker@27b3d029 failed
java.lang.IllegalStateException: Expected 1 instance of com.cloudbees.jenkins.support.filter.ContentFilters but got 2
	at hudson.ExtensionList.lookupSingleton(ExtensionList.java:451)
	at com.cloudbees.jenkins.support.filter.ContentFilters.get(ContentFilters.java:47)
	at com.cloudbees.jenkins.support.SupportPlugin.getContentFilter(SupportPlugin.java:402)
	at com.cloudbees.jenkins.support.slowrequest.SlowRequestChecker.doRun(SlowRequestChecker.java:80)
	at hudson.triggers.SafeTimerTask.run(SafeTimerTask.java:72)
	at jenkins.security.ImpersonatingScheduledExecutorService$1.run(ImpersonatingScheduledExecutorService.java:58)
	at java.util.concurrent.Executors$RunnableAdapter.call(Executors.java:511)
	at java.util.concurrent.FutureTask.runAndReset(FutureTask.java:308)
	at java.util.concurrent.ScheduledThreadPoolExecutor$ScheduledFutureTask.access$301(ScheduledThreadPoolExecutor.java:180)
	at java.util.concurrent.ScheduledThreadPoolExecutor$ScheduledFutureTask.run(ScheduledThreadPoolExecutor.java:294)
	at java.util.concurrent.ThreadPoolExecutor.runWorker(ThreadPoolExecutor.java:1149)
	at java.util.concurrent.ThreadPoolExecutor$Worker.run(ThreadPoolExecutor.java:624)
	at java.lang.Thread.run(Thread.java:748)
2019-10-23 05:21:21.638+0000 [id=60]	SEVERE	hudson.triggers.SafeTimerTask#run: Timer task com.cloudbees.jenkins.support.slowrequest.SlowRequestChecker@27b3d029 failed
java.lang.IllegalStateException: Expected 1 instance of com.cloudbees.jenkins.support.filter.ContentFilters but got 2
	at hudson.ExtensionList.lookupSingleton(ExtensionList.java:451)
	at com.cloudbees.jenkins.support.filter.ContentFilters.get(ContentFilters.java:47)
	at com.cloudbees.jenkins.support.SupportPlugin.getContentFilter(SupportPlugin.java:402)
	at com.cloudbees.jenkins.support.slowrequest.SlowRequestChecker.doRun(SlowRequestChecker.java:80)
	at hudson.triggers.SafeTimerTask.run(SafeTimerTask.java:72)
	at jenkins.security.ImpersonatingScheduledExecutorService$1.run(ImpersonatingScheduledExecutorService.java:58)
	at java.util.concurrent.Executors$RunnableAdapter.call(Executors.java:511)
	at java.util.concurrent.FutureTask.runAndReset(FutureTask.java:308)
	at java.util.concurrent.ScheduledThreadPoolExecutor$ScheduledFutureTask.access$301(ScheduledThreadPoolExecutor.java:180)
	at java.util.concurrent.ScheduledThreadPoolExecutor$ScheduledFutureTask.run(ScheduledThreadPoolExecutor.java:294)
	at java.util.concurrent.ThreadPoolExecutor.runWorker(ThreadPoolExecutor.java:1149)
	at java.util.concurrent.ThreadPoolExecutor$Worker.run(ThreadPoolExecutor.java:624)
	at java.lang.Thread.run(Thread.java:748)
2019-10-23 05:21:24.638+0000 [id=51]	SEVERE	hudson.triggers.SafeTimerTask#run: Timer task com.cloudbees.jenkins.support.slowrequest.SlowRequestChecker@27b3d029 failed
java.lang.IllegalStateException: Expected 1 instance of com.cloudbees.jenkins.support.filter.ContentFilters but got 2
	at hudson.ExtensionList.lookupSingleton(ExtensionList.java:451)
	at com.cloudbees.jenkins.support.filter.ContentFilters.get(ContentFilters.java:47)
	at com.cloudbees.jenkins.support.SupportPlugin.getContentFilter(SupportPlugin.java:402)
	at com.cloudbees.jenkins.support.slowrequest.SlowRequestChecker.doRun(SlowRequestChecker.java:80)
	at hudson.triggers.SafeTimerTask.run(SafeTimerTask.java:72)
	at jenkins.security.ImpersonatingScheduledExecutorService$1.run(ImpersonatingScheduledExecutorService.java:58)
	at java.util.concurrent.Executors$RunnableAdapter.call(Executors.java:511)
	at java.util.concurrent.FutureTask.runAndReset(FutureTask.java:308)
	at java.util.concurrent.ScheduledThreadPoolExecutor$ScheduledFutureTask.access$301(ScheduledThreadPoolExecutor.java:180)
	at java.util.concurrent.ScheduledThreadPoolExecutor$ScheduledFutureTask.run(ScheduledThreadPoolExecutor.java:294)
	at java.util.concurrent.ThreadPoolExecutor.runWorker(ThreadPoolExecutor.java:1149)
	at java.util.concurrent.ThreadPoolExecutor$Worker.run(ThreadPoolExecutor.java:624)
	at java.lang.Thread.run(Thread.java:748)
2019-10-23 05:21:27.637+0000 [id=61]	SEVERE	hudson.triggers.SafeTimerTask#run: Timer task com.cloudbees.jenkins.support.slowrequest.SlowRequestChecker@27b3d029 failed
java.lang.IllegalStateException: Expected 1 instance of com.cloudbees.jenkins.support.filter.ContentFilters but got 2
	at hudson.ExtensionList.lookupSingleton(ExtensionList.java:451)
	at com.cloudbees.jenkins.support.filter.ContentFilters.get(ContentFilters.java:47)
	at com.cloudbees.jenkins.support.SupportPlugin.getContentFilter(SupportPlugin.java:402)
	at com.cloudbees.jenkins.support.slowrequest.SlowRequestChecker.doRun(SlowRequestChecker.java:80)
	at hudson.triggers.SafeTimerTask.run(SafeTimerTask.java:72)
	at jenkins.security.ImpersonatingScheduledExecutorService$1.run(ImpersonatingScheduledExecutorService.java:58)
	at java.util.concurrent.Executors$RunnableAdapter.call(Executors.java:511)
	at java.util.concurrent.FutureTask.runAndReset(FutureTask.java:308)
	at java.util.concurrent.ScheduledThreadPoolExecutor$ScheduledFutureTask.access$301(ScheduledThreadPoolExecutor.java:180)
	at java.util.concurrent.ScheduledThreadPoolExecutor$ScheduledFutureTask.run(ScheduledThreadPoolExecutor.java:294)
	at java.util.concurrent.ThreadPoolExecutor.runWorker(ThreadPoolExecutor.java:1149)
	at java.util.concurrent.ThreadPoolExecutor$Worker.run(ThreadPoolExecutor.java:624)
	at java.lang.Thread.run(Thread.java:748)
^C2019-10-23 05:21:29.357+0000 [id=32]	INFO	winstone.Logger#logInternal: JVM is terminating. Shutting down Jetty