Started by timer
[Mon Aug 10 20:25:00 UTC 2020] Starting branch indexing...
ERROR: [Mon Aug 10 20:25:00 UTC 2020] Could not fetch branches from source a9f87765-af73-408b-9d12-870473ccbda2
java.lang.NullPointerException
	at hudson.Util.getDigestOf(Util.java:635)
	at jenkins.plugins.git.AbstractGitSCMSource.getCacheEntry(AbstractGitSCMSource.java:1383)
	at jenkins.plugins.git.AbstractGitSCMSource.getCacheEntry(AbstractGitSCMSource.java:1218)
	at jenkins.plugins.git.AbstractGitSCMSource.doRetrieve(AbstractGitSCMSource.java:339)
	at jenkins.plugins.git.AbstractGitSCMSource.retrieve(AbstractGitSCMSource.java:566)
	at com.atlassian.bitbucket.jenkins.internal.scm.BitbucketSCMSource$CustomGitSCMSource.accessibleRetrieve(BitbucketSCMSource.java:454)
	at com.atlassian.bitbucket.jenkins.internal.scm.BitbucketSCMSource.retrieve(BitbucketSCMSource.java:201)
	at jenkins.scm.api.SCMSource._retrieve(SCMSource.java:373)
	at jenkins.scm.api.SCMSource.fetch(SCMSource.java:283)
	at jenkins.branch.MultiBranchProject.computeChildren(MultiBranchProject.java:641)
	at com.cloudbees.hudson.plugins.folder.computed.ComputedFolder.updateChildren(ComputedFolder.java:278)
	at com.cloudbees.hudson.plugins.folder.computed.FolderComputation.run(FolderComputation.java:165)
	at jenkins.branch.MultiBranchProject$BranchIndexing.run(MultiBranchProject.java:1032)
	at hudson.model.ResourceController.execute(ResourceController.java:97)
	at hudson.model.Executor.run(Executor.java:428)
[Mon Aug 10 20:25:00 UTC 2020] Finished branch indexing. Indexing took 0 ms
FATAL: Failed to recompute children of REPOSITORY
java.lang.NullPointerException
	at hudson.Util.getDigestOf(Util.java:635)
	at jenkins.plugins.git.AbstractGitSCMSource.getCacheEntry(AbstractGitSCMSource.java:1383)
	at jenkins.plugins.git.AbstractGitSCMSource.getCacheEntry(AbstractGitSCMSource.java:1218)
	at jenkins.plugins.git.AbstractGitSCMSource.doRetrieve(AbstractGitSCMSource.java:339)
	at jenkins.plugins.git.AbstractGitSCMSource.retrieve(AbstractGitSCMSource.java:566)
	at com.atlassian.bitbucket.jenkins.internal.scm.BitbucketSCMSource$CustomGitSCMSource.accessibleRetrieve(BitbucketSCMSource.java:454)
	at com.atlassian.bitbucket.jenkins.internal.scm.BitbucketSCMSource.retrieve(BitbucketSCMSource.java:201)
	at jenkins.scm.api.SCMSource._retrieve(SCMSource.java:373)
	at jenkins.scm.api.SCMSource.fetch(SCMSource.java:283)
	at jenkins.branch.MultiBranchProject.computeChildren(MultiBranchProject.java:641)
	at com.cloudbees.hudson.plugins.folder.computed.ComputedFolder.updateChildren(ComputedFolder.java:278)
	at com.cloudbees.hudson.plugins.folder.computed.FolderComputation.run(FolderComputation.java:165)
	at jenkins.branch.MultiBranchProject$BranchIndexing.run(MultiBranchProject.java:1032)
	at hudson.model.ResourceController.execute(ResourceController.java:97)
	at hudson.model.Executor.run(Executor.java:428)
Finished: FAILURE