Started by user admin
Running as SYSTEM
Building in workspace C:\ProgramData\Jenkins\.jenkins\workspace\Ortak Yaz?l?m Güncelle
Checking out a fresh workspace because there's no workspace at C:\ProgramData\Jenkins\.jenkins\workspace\Ortak Yaz?l?m Güncelle
Cleaning local Directory .
Checking out http://192.168.1.104:8080/scm/repo/scmadmin/ortak_yazilimguncelle/trunk at revision '2023-03-10T22:42:28.832 +0300' --quiet
Using sole credentials scmadmin/****** (SVN) in realm ‘<http://192.168.1.104:8080> SONIA :: SCM Manager’
ERROR: Failed to check out http://192.168.1.104:8080/scm/repo/scmadmin/ortak_yazilimguncelle/trunk
org.tmatesoft.svn.core.SVNException: svn: E175002: An established connection was aborted by the software in your host machine
svn: E175002: PROPFIND request failed on '/scm/repo/scmadmin/ortak_yazilimguncelle/trunk'
	at org.tmatesoft.svn.core.internal.wc.SVNErrorManager.error(SVNErrorManager.java:70)
	at org.tmatesoft.svn.core.internal.wc.SVNErrorManager.error(SVNErrorManager.java:57)
	at org.tmatesoft.svn.core.internal.io.dav.DAVUtil.findStartingProperties(DAVUtil.java:134)
	at org.tmatesoft.svn.core.internal.io.dav.DAVUtil.getBaselineProperties(DAVUtil.java:253)
	at org.tmatesoft.svn.core.internal.io.dav.DAVUtil.getBaselineInfo(DAVUtil.java:201)
	at org.tmatesoft.svn.core.internal.io.dav.DAVRepository.getLatestRevision(DAVRepository.java:176)
	at org.tmatesoft.svn.core.internal.wc16.SVNBasicDelegate.getRevisionNumber(SVNBasicDelegate.java:480)
	at org.tmatesoft.svn.core.internal.wc16.SVNBasicDelegate.getLocations(SVNBasicDelegate.java:833)
	at org.tmatesoft.svn.core.internal.wc16.SVNBasicDelegate.createRepository(SVNBasicDelegate.java:527)
	at org.tmatesoft.svn.core.internal.wc16.SVNUpdateClient16.doCheckout(SVNUpdateClient16.java:875)
	at org.tmatesoft.svn.core.internal.wc2.old.SvnOldCheckout.run(SvnOldCheckout.java:66)
	at org.tmatesoft.svn.core.internal.wc2.old.SvnOldCheckout.run(SvnOldCheckout.java:18)
	at org.tmatesoft.svn.core.internal.wc2.SvnOperationRunner.run(SvnOperationRunner.java:21)
	at org.tmatesoft.svn.core.wc2.SvnOperationFactory.run(SvnOperationFactory.java:1239)
	at org.tmatesoft.svn.core.wc2.SvnOperation.run(SvnOperation.java:294)
	at hudson.scm.subversion.CheckoutUpdater$SubversionUpdateTask.perform(CheckoutUpdater.java:139)
	at hudson.scm.subversion.WorkspaceUpdater$UpdateTask.delegateTo(WorkspaceUpdater.java:168)
	at hudson.scm.subversion.WorkspaceUpdater$UpdateTask.delegateTo(WorkspaceUpdater.java:176)
	at hudson.scm.subversion.UpdateUpdater$TaskImpl.perform(UpdateUpdater.java:138)
	at hudson.scm.subversion.WorkspaceUpdater$UpdateTask.delegateTo(WorkspaceUpdater.java:168)
	at hudson.scm.SubversionSCM$CheckOutUpdateTask.perform(SubversionSCM.java:1086)
	at hudson.scm.SubversionSCM$CheckOutUpdateTask.run(SubversionSCM.java:1067)
	at hudson.scm.SubversionSCM$CheckOutTask.invoke(SubversionSCM.java:1037)
	at hudson.scm.SubversionSCM$CheckOutTask.invoke(SubversionSCM.java:1020)
	at hudson.FilePath.act(FilePath.java:1198)
	at hudson.FilePath.act(FilePath.java:1181)
	at hudson.scm.SubversionSCM.checkout(SubversionSCM.java:970)
	at hudson.scm.SubversionSCM.checkout(SubversionSCM.java:892)
	at hudson.scm.SCM.checkout(SCM.java:540)
	at hudson.model.AbstractProject.checkout(AbstractProject.java:1240)
	at hudson.model.AbstractBuild$AbstractBuildExecution.defaultCheckout(AbstractBuild.java:649)
	at jenkins.scm.SCMCheckoutStrategy.checkout(SCMCheckoutStrategy.java:85)
	at hudson.model.AbstractBuild$AbstractBuildExecution.run(AbstractBuild.java:521)
	at hudson.model.Run.execute(Run.java:1900)
	at hudson.model.FreeStyleBuild.run(FreeStyleBuild.java:44)
	at hudson.model.ResourceController.execute(ResourceController.java:101)
	at hudson.model.Executor.run(Executor.java:442)
Caused by: java.net.SocketException: An established connection was aborted by the software in your host machine
	at java.base/sun.nio.ch.NioSocketImpl.implRead(NioSocketImpl.java:325)
	at java.base/sun.nio.ch.NioSocketImpl.read(NioSocketImpl.java:350)
	at java.base/sun.nio.ch.NioSocketImpl$1.read(NioSocketImpl.java:803)
	at java.base/java.net.Socket$SocketInputStream.read(Socket.java:966)
	at java.base/java.io.BufferedInputStream.fill(BufferedInputStream.java:244)
	at java.base/java.io.BufferedInputStream.read(BufferedInputStream.java:263)
	at org.tmatesoft.svn.core.internal.io.dav.http.HTTPParser.readPlainLine(HTTPParser.java:69)
	at org.tmatesoft.svn.core.internal.io.dav.http.HTTPParser.readLine(HTTPParser.java:51)
	at org.tmatesoft.svn.core.internal.io.dav.http.HTTPParser.parseStatus(HTTPParser.java:39)
	at org.tmatesoft.svn.core.internal.io.dav.http.HTTPConnection.readHeader(HTTPConnection.java:314)
	at org.tmatesoft.svn.core.internal.io.dav.http.HTTPRequest.dispatch(HTTPRequest.java:179)
	at org.tmatesoft.svn.core.internal.io.dav.http.HTTPConnection.request(HTTPConnection.java:502)
	at org.tmatesoft.svn.core.internal.io.dav.http.HTTPConnection.request(HTTPConnection.java:403)
	at org.tmatesoft.svn.core.internal.io.dav.http.HTTPConnection.request(HTTPConnection.java:391)
	at org.tmatesoft.svn.core.internal.io.dav.DAVConnection.performHttpRequest(DAVConnection.java:914)
	at org.tmatesoft.svn.core.internal.io.dav.DAVConnection.doPropfind(DAVConnection.java:147)
	at org.tmatesoft.svn.core.internal.io.dav.DAVUtil.getProperties(DAVUtil.java:71)
	at org.tmatesoft.svn.core.internal.io.dav.DAVUtil.getResourceProperties(DAVUtil.java:77)
	at org.tmatesoft.svn.core.internal.io.dav.DAVUtil.getStartingProperties(DAVUtil.java:101)
	at org.tmatesoft.svn.core.internal.io.dav.DAVUtil.findStartingProperties(DAVUtil.java:123)
	... 34 more
java.net.SocketException: An established connection was aborted by the software in your host machine
	at java.base/sun.nio.ch.NioSocketImpl.implRead(NioSocketImpl.java:325)
	at java.base/sun.nio.ch.NioSocketImpl.read(NioSocketImpl.java:350)
	at java.base/sun.nio.ch.NioSocketImpl$1.read(NioSocketImpl.java:803)
	at java.base/java.net.Socket$SocketInputStream.read(Socket.java:966)
	at java.base/java.io.BufferedInputStream.fill(BufferedInputStream.java:244)
	at java.base/java.io.BufferedInputStream.read(BufferedInputStream.java:263)
	at org.tmatesoft.svn.core.internal.io.dav.http.HTTPParser.readPlainLine(HTTPParser.java:69)
	at org.tmatesoft.svn.core.internal.io.dav.http.HTTPParser.readLine(HTTPParser.java:51)
	at org.tmatesoft.svn.core.internal.io.dav.http.HTTPParser.parseStatus(HTTPParser.java:39)
	at org.tmatesoft.svn.core.internal.io.dav.http.HTTPConnection.readHeader(HTTPConnection.java:314)
	at org.tmatesoft.svn.core.internal.io.dav.http.HTTPRequest.dispatch(HTTPRequest.java:179)
	at org.tmatesoft.svn.core.internal.io.dav.http.HTTPConnection.request(HTTPConnection.java:502)
	at org.tmatesoft.svn.core.internal.io.dav.http.HTTPConnection.request(HTTPConnection.java:403)
	at org.tmatesoft.svn.core.internal.io.dav.http.HTTPConnection.request(HTTPConnection.java:391)
	at org.tmatesoft.svn.core.internal.io.dav.DAVConnection.performHttpRequest(DAVConnection.java:914)
	at org.tmatesoft.svn.core.internal.io.dav.DAVConnection.doPropfind(DAVConnection.java:147)
	at org.tmatesoft.svn.core.internal.io.dav.DAVUtil.getProperties(DAVUtil.java:71)
	at org.tmatesoft.svn.core.internal.io.dav.DAVUtil.getResourceProperties(DAVUtil.java:77)
	at org.tmatesoft.svn.core.internal.io.dav.DAVUtil.getStartingProperties(DAVUtil.java:101)
	at org.tmatesoft.svn.core.internal.io.dav.DAVUtil.findStartingProperties(DAVUtil.java:123)
Caused: org.tmatesoft.svn.core.SVNException: svn: E175002: An established connection was aborted by the software in your host machine
svn: E175002: PROPFIND request failed on '/scm/repo/scmadmin/ortak_yazilimguncelle/trunk'
	at org.tmatesoft.svn.core.internal.wc.SVNErrorManager.error(SVNErrorManager.java:70)
	at org.tmatesoft.svn.core.internal.wc.SVNErrorManager.error(SVNErrorManager.java:57)
	at org.tmatesoft.svn.core.internal.io.dav.DAVUtil.findStartingProperties(DAVUtil.java:134)
	at org.tmatesoft.svn.core.internal.io.dav.DAVUtil.getBaselineProperties(DAVUtil.java:253)
	at org.tmatesoft.svn.core.internal.io.dav.DAVUtil.getBaselineInfo(DAVUtil.java:201)
	at org.tmatesoft.svn.core.internal.io.dav.DAVRepository.getLatestRevision(DAVRepository.java:176)
	at org.tmatesoft.svn.core.internal.wc16.SVNBasicDelegate.getRevisionNumber(SVNBasicDelegate.java:480)
	at org.tmatesoft.svn.core.internal.wc16.SVNBasicDelegate.getLocations(SVNBasicDelegate.java:833)
	at org.tmatesoft.svn.core.internal.wc16.SVNBasicDelegate.createRepository(SVNBasicDelegate.java:527)
	at org.tmatesoft.svn.core.internal.wc16.SVNUpdateClient16.doCheckout(SVNUpdateClient16.java:875)
	at org.tmatesoft.svn.core.internal.wc2.old.SvnOldCheckout.run(SvnOldCheckout.java:66)
	at org.tmatesoft.svn.core.internal.wc2.old.SvnOldCheckout.run(SvnOldCheckout.java:18)
	at org.tmatesoft.svn.core.internal.wc2.SvnOperationRunner.run(SvnOperationRunner.java:21)
	at org.tmatesoft.svn.core.wc2.SvnOperationFactory.run(SvnOperationFactory.java:1239)
	at org.tmatesoft.svn.core.wc2.SvnOperation.run(SvnOperation.java:294)
	at hudson.scm.subversion.CheckoutUpdater$SubversionUpdateTask.perform(CheckoutUpdater.java:139)
Caused: java.io.IOException: Failed to check out http://192.168.1.104:8080/scm/repo/scmadmin/ortak_yazilimguncelle/trunk
	at hudson.scm.subversion.CheckoutUpdater$SubversionUpdateTask.perform(CheckoutUpdater.java:150)
	at hudson.scm.subversion.WorkspaceUpdater$UpdateTask.delegateTo(WorkspaceUpdater.java:168)
	at hudson.scm.subversion.WorkspaceUpdater$UpdateTask.delegateTo(WorkspaceUpdater.java:176)
	at hudson.scm.subversion.UpdateUpdater$TaskImpl.perform(UpdateUpdater.java:138)
	at hudson.scm.subversion.WorkspaceUpdater$UpdateTask.delegateTo(WorkspaceUpdater.java:168)
	at hudson.scm.SubversionSCM$CheckOutUpdateTask.perform(SubversionSCM.java:1086)
	at hudson.scm.SubversionSCM$CheckOutUpdateTask.run(SubversionSCM.java:1067)
	at hudson.scm.SubversionSCM$CheckOutTask.invoke(SubversionSCM.java:1037)
	at hudson.scm.SubversionSCM$CheckOutTask.invoke(SubversionSCM.java:1020)
	at hudson.FilePath.act(FilePath.java:1198)
	at hudson.FilePath.act(FilePath.java:1181)
	at hudson.scm.SubversionSCM.checkout(SubversionSCM.java:970)
	at hudson.scm.SubversionSCM.checkout(SubversionSCM.java:892)
	at hudson.scm.SCM.checkout(SCM.java:540)
	at hudson.model.AbstractProject.checkout(AbstractProject.java:1240)
	at hudson.model.AbstractBuild$AbstractBuildExecution.defaultCheckout(AbstractBuild.java:649)
	at jenkins.scm.SCMCheckoutStrategy.checkout(SCMCheckoutStrategy.java:85)
	at hudson.model.AbstractBuild$AbstractBuildExecution.run(AbstractBuild.java:521)
	at hudson.model.Run.execute(Run.java:1900)
	at hudson.model.FreeStyleBuild.run(FreeStyleBuild.java:44)
	at hudson.model.ResourceController.execute(ResourceController.java:101)
	at hudson.model.Executor.run(Executor.java:442)
Finished: FAILURE
