2018-11-28 15:57:26,185 INFO  - Starting ServiceWrapper in the service mode
2018-11-28 15:57:26,200 INFO  - Starting javaw.exe -Xrs -XX:ErrorFile=C:\jenkins\debugJenkinsErr.log -jar "C:\jenkins\slave.jar" -tcp C:\jenkins\port.txt
2018-11-28 15:57:26,220 INFO  - Extension loaded: killOnStartup
2018-11-28 15:57:26,223 WARN  - The requested PID file 'C:\jenkins\jenkins_agent.pid' does not exist. The runaway process won't be checked
2018-11-28 15:57:26,224 INFO  - Starting javaw.exe -Xrs -XX:ErrorFile=C:\jenkins\debugJenkinsErr.log -jar "C:\jenkins\slave.jar" -tcp C:\jenkins\port.txt
2018-11-28 15:57:26,227 INFO  - Started process 4472
2018-11-28 15:57:26,227 DEBUG - Forwarding logs of the process System.Diagnostics.Process (javaw) to winsw.SizeBasedRollingLogAppender
2018-11-28 15:57:26,261 INFO  - Recording PID of the started process:4472. PID file destination is C:\jenkins\jenkins_agent.pid
2018-11-28 16:09:35,384 INFO  - Stopping jenkinsslave-C__jenkins
2018-11-28 16:09:35,385 DEBUG - ProcessKill 4472
2018-11-28 16:09:35,466 INFO  - Stopping process 4472
2018-11-28 16:09:35,469 INFO  - Send SIGINT 4472
2018-11-28 16:09:35,470 WARN  - SIGINT to 4472 failed - Killing as fallback
2018-11-28 16:09:35,472 INFO  - Finished jenkinsslave-C__jenkins
2018-11-28 16:09:35,473 DEBUG - Completed. Exit code is 0
2018-11-28 16:12:49,706 INFO  - Starting ServiceWrapper in the service mode
2018-11-28 16:12:49,737 INFO  - Starting javaw.exe -Xrs -XX:ErrorFile=C:\jenkins\debugJenkinsErr.log -jar "C:\jenkins\slave.jar" -tcp C:\jenkins\port.txt
2018-11-28 16:12:49,737 INFO  - Extension loaded: killOnStartup
2018-11-28 16:12:49,737 DEBUG - Checking the potentially runaway process with PID=4472
2018-11-28 16:12:49,753 DEBUG - No runaway process with PID=4472. The process has been already stopped.
2018-11-28 16:12:49,753 INFO  - Starting javaw.exe -Xrs -XX:ErrorFile=C:\jenkins\debugJenkinsErr.log -jar "C:\jenkins\slave.jar" -tcp C:\jenkins\port.txt
2018-11-28 16:12:49,753 INFO  - Started process 7888
2018-11-28 16:12:49,769 DEBUG - Forwarding logs of the process System.Diagnostics.Process (javaw) to winsw.SizeBasedRollingLogAppender
2018-11-28 16:12:49,784 INFO  - Recording PID of the started process:7888. PID file destination is C:\jenkins\jenkins_agent.pid
2018-11-28 17:09:35,103 INFO  - Stopping jenkinsslave-C__jenkins
2018-11-28 17:09:35,103 DEBUG - ProcessKill 7888
2018-11-28 17:09:35,180 INFO  - Found child process: 4804 Name: powershell.exe
2018-11-28 17:09:35,181 INFO  - Found child process: 668 Name: powershell.exe
2018-11-28 17:09:35,227 INFO  - Found child process: 6280 Name: conhost.exe
2018-11-28 17:09:35,228 INFO  - Found child process: 7700 Name: powershell.exe
2018-11-28 17:09:35,276 INFO  - Stopping process 6280
2018-11-28 17:09:35,278 INFO  - Send SIGINT 6280
2018-11-28 17:09:35,279 WARN  - SIGINT to 6280 failed - Killing as fallback
2018-11-28 17:09:35,329 INFO  - Found child process: 7712 Name: cmd.exe
2018-11-28 17:09:35,375 INFO  - Found child process: 5416 Name: ruby.exe
2018-11-28 17:09:35,420 INFO  - Stopping process 5416
2018-11-28 17:09:35,422 INFO  - Send SIGINT 5416
2018-11-28 17:09:35,422 WARN  - SIGINT to 5416 failed - Killing as fallback
2018-11-28 17:09:35,423 INFO  - Stopping process 7712
2018-11-28 17:09:35,424 INFO  - Send SIGINT 7712
2018-11-28 17:09:35,425 WARN  - SIGINT to 7712 failed - Killing as fallback
2018-11-28 17:09:35,425 INFO  - Stopping process 7700
2018-11-28 17:09:35,429 INFO  - Send SIGINT 7700
2018-11-28 17:09:35,429 WARN  - SIGINT to 7700 failed - Killing as fallback
2018-11-28 17:09:35,429 INFO  - Stopping process 4804
2018-11-28 17:09:35,431 INFO  - Send SIGINT 4804
2018-11-28 17:09:35,431 WARN  - SIGINT to 4804 failed - Killing as fallback
2018-11-28 17:09:35,638 INFO  - Found child process: 6604 Name: conhost.exe
2018-11-28 17:09:35,639 INFO  - Found child process: 7772 Name: powershell.exe
2018-11-28 17:09:35,756 INFO  - Stopping process 6604
2018-11-28 17:09:35,759 INFO  - Send SIGINT 6604
2018-11-28 17:09:35,760 WARN  - SIGINT to 6604 failed - Killing as fallback
2018-11-28 17:09:36,083 INFO  - Found child process: 5876 Name: cmd.exe
2018-11-28 17:09:36,150 INFO  - Found child process: 6360 Name: ruby.exe
2018-11-28 17:09:36,226 INFO  - Stopping process 6360
2018-11-28 17:09:36,228 INFO  - Send SIGINT 6360
2018-11-28 17:09:36,229 WARN  - SIGINT to 6360 failed - Killing as fallback
2018-11-28 17:09:36,229 INFO  - Stopping process 5876
2018-11-28 17:09:36,231 INFO  - Send SIGINT 5876
2018-11-28 17:09:36,231 WARN  - SIGINT to 5876 failed - Killing as fallback
2018-11-28 17:09:36,232 INFO  - Stopping process 7772
2018-11-28 17:09:36,234 INFO  - Send SIGINT 7772
2018-11-28 17:09:36,235 WARN  - SIGINT to 7772 failed - Killing as fallback
2018-11-28 17:09:36,235 INFO  - Stopping process 668
2018-11-28 17:09:36,236 INFO  - Send SIGINT 668
2018-11-28 17:09:36,237 WARN  - SIGINT to 668 failed - Killing as fallback
2018-11-28 17:09:36,237 INFO  - Stopping process 7888
2018-11-28 17:09:36,239 INFO  - Send SIGINT 7888
2018-11-28 17:09:36,239 WARN  - SIGINT to 7888 failed - Killing as fallback
2018-11-28 17:09:36,241 INFO  - Finished jenkinsslave-C__jenkins
2018-11-28 17:09:36,243 DEBUG - Completed. Exit code is 0
2018-11-28 17:12:56,685 INFO  - Starting ServiceWrapper in the service mode
2018-11-28 17:12:56,716 INFO  - Starting javaw.exe -Xrs -XX:ErrorFile=C:\jenkins\debugJenkinsErr.log -jar "C:\jenkins\slave.jar" -tcp C:\jenkins\port.txt
2018-11-28 17:12:56,716 INFO  - Extension loaded: killOnStartup
2018-11-28 17:12:56,716 DEBUG - Checking the potentially runaway process with PID=7888
2018-11-28 17:12:56,732 DEBUG - No runaway process with PID=7888. The process has been already stopped.
2018-11-28 17:12:56,732 INFO  - Starting javaw.exe -Xrs -XX:ErrorFile=C:\jenkins\debugJenkinsErr.log -jar "C:\jenkins\slave.jar" -tcp C:\jenkins\port.txt
2018-11-28 17:12:56,732 INFO  - Started process 4676
2018-11-28 17:12:56,732 DEBUG - Forwarding logs of the process System.Diagnostics.Process (javaw) to winsw.SizeBasedRollingLogAppender
2018-11-28 17:12:56,748 INFO  - Recording PID of the started process:4676. PID file destination is C:\jenkins\jenkins_agent.pid
