[Pipeline] withCredentials
[Pipeline] // withCredentials
[Pipeline] }
[Pipeline] // script
[Pipeline] }
[Pipeline] // script
[Pipeline] }
[Pipeline] // container
[Pipeline] }
[Pipeline] // stage
[Pipeline] stage
[Pipeline] { (Set build status)
Stage "Set build status" skipped due to earlier failure(s)

java.lang.NullPointerException
 at com.cloudbees.plugins.credentials.impl.UsernamePasswordCredentialsImpl.isUsernameSecret(UsernamePasswordCredentialsImpl.java:105)
 at org.jenkinsci.plugins.credentialsbinding.impl.UsernamePasswordMultiBinding.bind(UsernamePasswordMultiBinding.java:77)
 at org.jenkinsci.plugins.credentialsbinding.impl.BindingStep$Execution2.doStart(BindingStep.java:134)
 at org.jenkinsci.plugins.workflow.steps.GeneralNonBlockingStepExecution.lambda$run$0(GeneralNonBlockingStepExecution.java:77)
 at java.util.concurrent.Executors$RunnableAdapter.call(Executors.java:511)
 at java.util.concurrent.FutureTask.run(FutureTask.java:266)
 at java.util.concurrent.ThreadPoolExecutor.runWorker(ThreadPoolExecutor.java:1149)
 at java.util.concurrent.ThreadPoolExecutor$Worker.run(ThreadPoolExecutor.java:624)
 at java.lang.Thread.run(Thread.java:748)