Feb 14, 2014 10:52:38 AM hudson.model.RunMap retrieve
WARNING: could not load /opt/code/automan/jobs/Gerrit-win64-Engine/builds/2014-02-07_16-21-54
hudson.util.IOException2: Unable to read /opt/code/automan/jobs/Gerrit-win64-Engine/builds/2014-02-07_16-21-54/build.xml
        at hudson.XmlFile.unmarshal(XmlFile.java:170)
        at hudson.model.Run.reload(Run.java:320)
        at hudson.model.Run.<init>(Run.java:309)
        at hudson.model.AbstractBuild.<init>(AbstractBuild.java:185)
        at hudson.model.Build.<init>(Build.java:103)
        at hudson.model.FreeStyleBuild.<init>(FreeStyleBuild.java:41)
        at sun.reflect.GeneratedConstructorAccessor145.newInstance(Unknown Source)
        at sun.reflect.DelegatingConstructorAccessorImpl.newInstance(DelegatingConstructorAccessorImpl.java:45)
        at java.lang.reflect.Constructor.newInstance(Constructor.java:526)
        at hudson.model.AbstractProject.loadBuild(AbstractProject.java:1152)
        at hudson.model.AbstractProject$1.create(AbstractProject.java:339)
        at hudson.model.AbstractProject$1.create(AbstractProject.java:337)
        at hudson.model.RunMap.retrieve(RunMap.java:225)
        at hudson.model.RunMap.retrieve(RunMap.java:59)
        at jenkins.model.lazy.AbstractLazyLoadRunMap.load(AbstractLazyLoadRunMap.java:677)
        at jenkins.model.lazy.AbstractLazyLoadRunMap.load(AbstractLazyLoadRunMap.java:660)
        at jenkins.model.lazy.AbstractLazyLoadRunMap.search(AbstractLazyLoadRunMap.java:459)
        at jenkins.model.lazy.AbstractLazyLoadRunMap.getByNumber(AbstractLazyLoadRunMap.java:536)
        at jenkins.model.lazy.AbstractLazyLoadRunMap.search(AbstractLazyLoadRunMap.java:382)
        at hudson.model.AbstractBuild.getPreviousBuild(AbstractBuild.java:219)
        at hudson.model.AbstractBuild.getPreviousBuild(AbstractBuild.java:103)
        at hudson.model.Job.getBuildStabilityHealthReport(Job.java:1080)
        at hudson.model.Job.getBuildHealthReports(Job.java:1040)
        at hudson.model.Job.getBuildHealth(Job.java:1005)
        at sun.reflect.GeneratedMethodAccessor348.invoke(Unknown Source)
        at sun.reflect.DelegatingMethodAccessorImpl.invoke(DelegatingMethodAccessorImpl.java:43)
        at java.lang.reflect.Method.invoke(Method.java:606)
        at org.apache.commons.jexl.util.PropertyExecutor.execute(PropertyExecutor.java:125)
        at org.apache.commons.jexl.util.introspection.UberspectImpl$VelGetterImpl.invoke(UberspectImpl.java:314)
        at org.apache.commons.jexl.parser.ASTArrayAccess.evaluateExpr(ASTArrayAccess.java:185)
        at org.apache.commons.jexl.parser.ASTIdentifier.execute(ASTIdentifier.java:75)
        at org.apache.commons.jexl.parser.ASTReference.execute(ASTReference.java:83)
        at org.apache.commons.jexl.parser.ASTReference.value(ASTReference.java:57)
        at org.apache.commons.jexl.parser.ASTReferenceExpression.value(ASTReferenceExpression.java:51)
        at org.apache.commons.jexl.ExpressionImpl.evaluate(ExpressionImpl.java:80)
        at hudson.ExpressionFactory2$JexlExpression.evaluate(ExpressionFactory2.java:74)
        at org.apache.commons.jelly.tags.core.CoreTagLibrary$3.run(CoreTagLibrary.java:134)
        at org.apache.commons.jelly.impl.ScriptBlock.run(ScriptBlock.java:95)
        at org.apache.commons.jelly.tags.core.CoreTagLibrary$2.run(CoreTagLibrary.java:105)
        at org.kohsuke.stapler.jelly.CallTagLibScript.run(CallTagLibScript.java:119)
        at org.apache.commons.jelly.impl.ScriptBlock.run(ScriptBlock.java:95)
        at org.apache.commons.jelly.tags.core.CoreTagLibrary$1.run(CoreTagLibrary.java:98)
        at org.apache.commons.jelly.impl.ScriptBlock.run(ScriptBlock.java:95)
        at org.apache.commons.jelly.TagSupport.invokeBody(TagSupport.java:161)
        at org.apache.commons.jelly.tags.core.ParseTag.parseBody(ParseTag.java:178)
        at org.apache.commons.jelly.tags.core.ParseTag.doTag(ParseTag.java:78)        at org.apache.commons.jelly.impl.TagScript.run(TagScript.java:269)
        at org.apache.commons.jelly.impl.ScriptBlock.run(ScriptBlock.java:95)
        at org.apache.commons.jelly.tags.core.CoreTagLibrary$2.run(CoreTagLibrary.java:105)
        at org.kohsuke.stapler.jelly.JellyViewScript.run(JellyViewScript.java:81)
        at org.kohsuke.stapler.jelly.IncludeTag.doTag(IncludeTag.java:146)
        at org.apache.commons.jelly.impl.TagScript.run(TagScript.java:269)
        at org.apache.commons.jelly.TagSupport.invokeBody(TagSupport.java:161)
        at org.apache.commons.jelly.tags.core.ForEachTag.doTag(ForEachTag.java:150)
        at org.apache.commons.jelly.impl.TagScript.run(TagScript.java:269)
        at org.apache.commons.jelly.impl.ScriptBlock.run(ScriptBlock.java:95)
        at org.kohsuke.stapler.jelly.CallTagLibScript$1.run(CallTagLibScript.java:98)
        at org.apache.commons.jelly.tags.define.InvokeBodyTag.doTag(InvokeBodyTag.java:91)
        at org.apache.commons.jelly.impl.TagScript.run(TagScript.java:269)
        at org.apache.commons.jelly.tags.core.CoreTagLibrary$1.run(CoreTagLibrary.java:98)
        at org.apache.commons.jelly.tags.core.CoreTagLibrary$2.run(CoreTagLibrary.java:105)
        at org.kohsuke.stapler.jelly.CallTagLibScript.run(CallTagLibScript.java:119)
        at org.apache.commons.jelly.impl.ScriptBlock.run(ScriptBlock.java:95)
        at org.apache.commons.jelly.tags.core.CoreTagLibrary$2.run(CoreTagLibrary.java:105)
        at org.kohsuke.stapler.jelly.JellyViewScript.run(JellyViewScript.java:81)
        at org.kohsuke.stapler.jelly.IncludeTag.doTag(IncludeTag.java:146)
        at org.apache.commons.jelly.impl.TagScript.run(TagScript.java:269)
        at org.apache.commons.jelly.impl.ScriptBlock.run(ScriptBlock.java:95)
        at org.kohsuke.stapler.jelly.CallTagLibScript$1.run(CallTagLibScript.java:98)
        at org.apache.commons.jelly.tags.define.InvokeBodyTag.doTag(InvokeBodyTag.java:91)
        at org.apache.commons.jelly.impl.TagScript.run(TagScript.java:269)
        at org.apache.commons.jelly.impl.ScriptBlock.run(ScriptBlock.java:95)
        at org.kohsuke.stapler.jelly.ReallyStaticTagLibrary$1.run(ReallyStaticTagLibrary.java:99)
        at org.kohsuke.stapler.jelly.ReallyStaticTagLibrary$1.run(ReallyStaticTagLibrary.java:99)
        at org.apache.commons.jelly.impl.ScriptBlock.run(ScriptBlock.java:95)
        at org.kohsuke.stapler.jelly.ReallyStaticTagLibrary$1.run(ReallyStaticTagLibrary.java:99)
        at org.kohsuke.stapler.jelly.ReallyStaticTagLibrary$1.run(ReallyStaticTagLibrary.java:99)
        at org.apache.commons.jelly.impl.ScriptBlock.run(ScriptBlock.java:95)
        at org.kohsuke.stapler.jelly.ReallyStaticTagLibrary$1.run(ReallyStaticTagLibrary.java:99)
        at org.apache.commons.jelly.impl.ScriptBlock.run(ScriptBlock.java:95)
        at org.kohsuke.stapler.jelly.ReallyStaticTagLibrary$1.run(ReallyStaticTagLibrary.java:99)
        at org.apache.commons.jelly.impl.ScriptBlock.run(ScriptBlock.java:95)
        at org.apache.commons.jelly.tags.core.CoreTagLibrary$2.run(CoreTagLibrary.java:105)
        at org.kohsuke.stapler.jelly.CallTagLibScript.run(CallTagLibScript.java:119)
        at org.apache.commons.jelly.tags.core.CoreTagLibrary$2.run(CoreTagLibrary.java:105)
        at org.kohsuke.stapler.jelly.JellyViewScript.run(JellyViewScript.java:81)
        at org.kohsuke.stapler.jelly.DefaultScriptInvoker.invokeScript(DefaultScriptInvoker.java:63)
        at org.kohsuke.stapler.jelly.DefaultScriptInvoker.invokeScript(DefaultScriptInvoker.java:53)
        at org.kohsuke.stapler.jelly.JellyClassTearOff.serveIndexJelly(JellyClassTearOff.java:112)
        at org.kohsuke.stapler.jelly.JellyFacet.handleIndexRequest(JellyFacet.java:127)
        at org.kohsuke.stapler.Stapler.tryInvoke(Stapler.java:674)
        at org.kohsuke.stapler.Stapler.invoke(Stapler.java:799)
        at org.kohsuke.stapler.MetaClass$6.doDispatch(MetaClass.java:239)
        at org.kohsuke.stapler.NameBasedDispatcher.dispatch(NameBasedDispatcher.java:53)
        at org.kohsuke.stapler.Stapler.tryInvoke(Stapler.java:685)
        at org.kohsuke.stapler.Stapler.invoke(Stapler.java:799)        at org.kohsuke.stapler.Stapler.invoke(Stapler.java:587)
        at org.kohsuke.stapler.Stapler.service(Stapler.java:218)
        at javax.servlet.http.HttpServlet.service(HttpServlet.java:728)
        at org.apache.catalina.core.ApplicationFilterChain.internalDoFilter(ApplicationFilterChain.java:305)
        at org.apache.catalina.core.ApplicationFilterChain.doFilter(ApplicationFilterChain.java:210)
        at hudson.util.PluginServletFilter$1.doFilter(PluginServletFilter.java:96)
        at net.bull.javamelody.MonitoringFilter.doFilter(MonitoringFilter.java:203)
        at net.bull.javamelody.MonitoringFilter.doFilter(MonitoringFilter.java:181)
        at net.bull.javamelody.PluginMonitoringFilter.doFilter(PluginMonitoringFilter.java:86)
        at org.jvnet.hudson.plugins.monitoring.HudsonMonitoringFilter.doFilter(HudsonMonitoringFilter.java:90)
        at hudson.util.PluginServletFilter$1.doFilter(PluginServletFilter.java:99)
        at hudson.plugins.greenballs.GreenBallFilter.doFilter(GreenBallFilter.java:58)
        at hudson.util.PluginServletFilter$1.doFilter(PluginServletFilter.java:99)
        at hudson.util.PluginServletFilter.doFilter(PluginServletFilter.java:88)
        at org.apache.catalina.core.ApplicationFilterChain.internalDoFilter(ApplicationFilterChain.java:243)
        at org.apache.catalina.core.ApplicationFilterChain.doFilter(ApplicationFilterChain.java:210)
        at hudson.security.csrf.CrumbFilter.doFilter(CrumbFilter.java:48)
        at org.apache.catalina.core.ApplicationFilterChain.internalDoFilter(ApplicationFilterChain.java:243)
        at org.apache.catalina.core.ApplicationFilterChain.doFilter(ApplicationFilterChain.java:210)
        at hudson.security.ChainedServletFilter$1.doFilter(ChainedServletFilter.java:84)
        at hudson.security.UnwrapSecurityExceptionFilter.doFilter(UnwrapSecurityExceptionFilter.java:51)
        at hudson.security.ChainedServletFilter$1.doFilter(ChainedServletFilter.java:87)
        at jenkins.security.ExceptionTranslationFilter.doFilter(ExceptionTranslationFilter.java:117)
        at hudson.security.ChainedServletFilter$1.doFilter(ChainedServletFilter.java:87)
        at org.acegisecurity.providers.anonymous.AnonymousProcessingFilter.doFilter(AnonymousProcessingFilter.java:125)
        at hudson.security.ChainedServletFilter$1.doFilter(ChainedServletFilter.java:87)
        at org.acegisecurity.ui.rememberme.RememberMeProcessingFilter.doFilter(RememberMeProcessingFilter.java:135)
        at hudson.security.ChainedServletFilter$1.doFilter(ChainedServletFilter.java:87)
        at org.acegisecurity.ui.AbstractProcessingFilter.doFilter(AbstractProcessingFilter.java:271)
        at hudson.security.ChainedServletFilter$1.doFilter(ChainedServletFilter.java:87)
        at org.acegisecurity.ui.basicauth.BasicProcessingFilter.doFilter(BasicProcessingFilter.java:174)
        at hudson.security.ChainedServletFilter$1.doFilter(ChainedServletFilter.java:87)
        at jenkins.security.ApiTokenFilter.doFilter(ApiTokenFilter.java:64)
        at hudson.security.ChainedServletFilter$1.doFilter(ChainedServletFilter.java:87)
        at org.acegisecurity.context.HttpSessionContextIntegrationFilter.doFilter(HttpSessionContextIntegrationFilter.java:249)
        at hudson.security.HttpSessionContextIntegrationFilter2.doFilter(HttpSessionContextIntegrationFilter2.java:67)
        at hudson.security.ChainedServletFilter$1.doFilter(ChainedServletFilter.java:87)
        at hudson.security.ChainedServletFilter.doFilter(ChainedServletFilter.java:76)
        at hudson.security.HudsonFilter.doFilter(HudsonFilter.java:164)
        at org.apache.catalina.core.ApplicationFilterChain.internalDoFilter(ApplicationFilterChain.java:243)
        at org.apache.catalina.core.ApplicationFilterChain.doFilter(ApplicationFilterChain.java:210)
        at org.kohsuke.stapler.compression.CompressionFilter.doFilter(CompressionFilter.java:46)
        at org.apache.catalina.core.ApplicationFilterChain.internalDoFilter(ApplicationFilterChain.java:243)
        at org.apache.catalina.core.ApplicationFilterChain.doFilter(ApplicationFilterChain.java:210)
        at hudson.util.CharacterEncodingFilter.doFilter(CharacterEncodingFilter.java:81)
        at org.apache.catalina.core.ApplicationFilterChain.internalDoFilter(ApplicationFilterChain.java:243)
        at org.apache.catalina.core.ApplicationFilterChain.doFilter(ApplicationFilterChain.java:210)
        at org.apache.catalina.core.StandardWrapperValve.invoke(StandardWrapperValve.java:222)
        at org.apache.catalina.core.StandardContextValve.invoke(StandardContextValve.java:123)
        at org.apache.catalina.authenticator.AuthenticatorBase.invoke(AuthenticatorBase.java:472)        at org.apache.catalina.core.StandardHostValve.invoke(StandardHostValve.java:171)
        at org.apache.catalina.valves.ErrorReportValve.invoke(ErrorReportValve.java:99)
        at org.apache.catalina.valves.AccessLogValve.invoke(AccessLogValve.java:953)
        at org.apache.catalina.core.StandardEngineValve.invoke(StandardEngineValve.java:118)
        at org.apache.catalina.connector.CoyoteAdapter.service(CoyoteAdapter.java:408)
        at org.apache.coyote.http11.AbstractHttp11Processor.process(AbstractHttp11Processor.java:1023)
        at org.apache.coyote.AbstractProtocol$AbstractConnectionHandler.process(AbstractProtocol.java:589)
        at org.apache.tomcat.util.net.AprEndpoint$SocketProcessor.run(AprEndpoint.java:1852)
        at java.util.concurrent.ThreadPoolExecutor.runWorker(ThreadPoolExecutor.java:1145)
        at java.util.concurrent.ThreadPoolExecutor$Worker.run(ThreadPoolExecutor.java:615)
        at java.lang.Thread.run(Thread.java:744)
Caused by: com.thoughtworks.xstream.converters.ConversionException: Invalid reference
---- Debugging information ----
reference           : ../marked
class               : hudson.plugins.git.util.Build
required-type       : hudson.plugins.git.util.Build
converter-type      : hudson.util.RobustReflectionConverter
path                : /build/actions/hudson.plugins.git.util.BuildData/buildsByBranchName/entry/hudson.plugins.git.util.Build/revision
line number         : 204
class[1]            : java.util.HashMap
converter-type[1]   : com.thoughtworks.xstream.converters.collections.MapConverter
class[2]            : hudson.plugins.git.util.BuildData
class[3]            : java.util.concurrent.CopyOnWriteArrayList
converter-type[2]   : hudson.util.RobustCollectionConverter
class[4]            : hudson.model.FreeStyleBuild
version             : not available
-------------------------------
        at com.thoughtworks.xstream.core.AbstractReferenceUnmarshaller.convert(AbstractReferenceUnmarshaller.java:57)
        at com.thoughtworks.xstream.core.TreeUnmarshaller.convertAnother(TreeUnmarshaller.java:66)
        at hudson.util.RobustReflectionConverter.unmarshalField(RobustReflectionConverter.java:333)
        at hudson.util.RobustReflectionConverter.doUnmarshal(RobustReflectionConverter.java:275)
        at hudson.util.RobustReflectionConverter.unmarshal(RobustReflectionConverter.java:222)
        at com.thoughtworks.xstream.core.TreeUnmarshaller.convert(TreeUnmarshaller.java:72)
        at com.thoughtworks.xstream.core.AbstractReferenceUnmarshaller.convert(AbstractReferenceUnmarshaller.java:65)
        at com.thoughtworks.xstream.core.TreeUnmarshaller.convertAnother(TreeUnmarshaller.java:66)
        at com.thoughtworks.xstream.core.TreeUnmarshaller.convertAnother(TreeUnmarshaller.java:50)
        at com.thoughtworks.xstream.converters.collections.AbstractCollectionConverter.readItem(AbstractCollectionConverter.java:71)
        at com.thoughtworks.xstream.converters.collections.MapConverter.putCurrentEntryIntoMap(MapConverter.java:90)
        at com.thoughtworks.xstream.converters.collections.MapConverter.populateMap(MapConverter.java:78)
        at com.thoughtworks.xstream.converters.collections.MapConverter.populateMap(MapConverter.java:72)
        at com.thoughtworks.xstream.converters.collections.MapConverter.unmarshal(MapConverter.java:67)
        at com.thoughtworks.xstream.core.TreeUnmarshaller.convert(TreeUnmarshaller.java:72)
        at com.thoughtworks.xstream.core.AbstractReferenceUnmarshaller.convert(AbstractReferenceUnmarshaller.java:65)
        at com.thoughtworks.xstream.core.TreeUnmarshaller.convertAnother(TreeUnmarshaller.java:66)
        at hudson.util.RobustReflectionConverter.unmarshalField(RobustReflectionConverter.java:333)
        at hudson.util.RobustReflectionConverter.doUnmarshal(RobustReflectionConverter.java:275)
        at hudson.util.RobustReflectionConverter.unmarshal(RobustReflectionConverter.java:222)
        at com.thoughtworks.xstream.core.TreeUnmarshaller.convert(TreeUnmarshaller.java:72)
        at com.thoughtworks.xstream.core.AbstractReferenceUnmarshaller.convert(AbstractReferenceUnmarshaller.java:65)
        at com.thoughtworks.xstream.core.TreeUnmarshaller.convertAnother(TreeUnmarshaller.java:66)        at com.thoughtworks.xstream.core.AbstractReferenceUnmarshaller.convert(AbstractReferenceUnmarshaller.java:57)
        at com.thoughtworks.xstream.core.TreeUnmarshaller.convertAnother(TreeUnmarshaller.java:66)
        at hudson.util.RobustReflectionConverter.unmarshalField(RobustReflectionConverter.java:333)
        at hudson.util.RobustReflectionConverter.doUnmarshal(RobustReflectionConverter.java:275)
        at hudson.util.RobustReflectionConverter.unmarshal(RobustReflectionConverter.java:222)
        at com.thoughtworks.xstream.core.TreeUnmarshaller.convert(TreeUnmarshaller.java:72)
        at com.thoughtworks.xstream.core.AbstractReferenceUnmarshaller.convert(AbstractReferenceUnmarshaller.java:65)
        at com.thoughtworks.xstream.core.TreeUnmarshaller.convertAnother(TreeUnmarshaller.java:66)
        at com.thoughtworks.xstream.core.TreeUnmarshaller.convertAnother(TreeUnmarshaller.java:50)
        at com.thoughtworks.xstream.converters.collections.AbstractCollectionConverter.readItem(AbstractCollectionConverter.java:71)
        at com.thoughtworks.xstream.converters.collections.MapConverter.putCurrentEntryIntoMap(MapConverter.java:90)
        at com.thoughtworks.xstream.converters.collections.MapConverter.populateMap(MapConverter.java:78)
        at com.thoughtworks.xstream.converters.collections.MapConverter.populateMap(MapConverter.java:72)
        at com.thoughtworks.xstream.converters.collections.MapConverter.unmarshal(MapConverter.java:67)
        at com.thoughtworks.xstream.core.TreeUnmarshaller.convert(TreeUnmarshaller.java:72)
        at com.thoughtworks.xstream.core.AbstractReferenceUnmarshaller.convert(AbstractReferenceUnmarshaller.java:65)
        at com.thoughtworks.xstream.core.TreeUnmarshaller.convertAnother(TreeUnmarshaller.java:66)
        at hudson.util.RobustReflectionConverter.unmarshalField(RobustReflectionConverter.java:333)
        at hudson.util.RobustReflectionConverter.doUnmarshal(RobustReflectionConverter.java:275)
        at hudson.util.RobustReflectionConverter.unmarshal(RobustReflectionConverter.java:222)
        at com.thoughtworks.xstream.core.TreeUnmarshaller.convert(TreeUnmarshaller.java:72)
        at com.thoughtworks.xstream.core.AbstractReferenceUnmarshaller.convert(AbstractReferenceUnmarshaller.java:65)
        at com.thoughtworks.xstream.core.TreeUnmarshaller.convertAnother(TreeUnmarshaller.java:66)
        at com.thoughtworks.xstream.core.TreeUnmarshaller.convertAnother(TreeUnmarshaller.java:50)
        at com.thoughtworks.xstream.converters.collections.AbstractCollectionConverter.readItem(AbstractCollectionConverter.java:71)
        at hudson.util.RobustCollectionConverter.populateCollection(RobustCollectionConverter.java:85)
        at com.thoughtworks.xstream.converters.collections.CollectionConverter.unmarshal(CollectionConverter.java:61)
        at hudson.util.RobustCollectionConverter.unmarshal(RobustCollectionConverter.java:76)
        at com.thoughtworks.xstream.core.TreeUnmarshaller.convert(TreeUnmarshaller.java:72)
        at com.thoughtworks.xstream.core.AbstractReferenceUnmarshaller.convert(AbstractReferenceUnmarshaller.java:65)
        at com.thoughtworks.xstream.core.TreeUnmarshaller.convertAnother(TreeUnmarshaller.java:66)
        at hudson.util.RobustReflectionConverter.unmarshalField(RobustReflectionConverter.java:333)
        at hudson.util.RobustReflectionConverter.doUnmarshal(RobustReflectionConverter.java:275)
        at hudson.util.RobustReflectionConverter.unmarshal(RobustReflectionConverter.java:222)
        at com.thoughtworks.xstream.core.TreeUnmarshaller.convert(TreeUnmarshaller.java:72)
        at com.thoughtworks.xstream.core.AbstractReferenceUnmarshaller.convert(AbstractReferenceUnmarshaller.java:65)
        at com.thoughtworks.xstream.core.TreeUnmarshaller.convertAnother(TreeUnmarshaller.java:66)
        at com.thoughtworks.xstream.core.TreeUnmarshaller.convertAnother(TreeUnmarshaller.java:50)
        at com.thoughtworks.xstream.core.TreeUnmarshaller.start(TreeUnmarshaller.java:134)
        at com.thoughtworks.xstream.core.AbstractTreeMarshallingStrategy.unmarshal(AbstractTreeMarshallingStrategy.java:32)
        at com.thoughtworks.xstream.XStream.unmarshal(XStream.java:1061)
        at hudson.util.XStream2.unmarshal(XStream2.java:109)
        at com.thoughtworks.xstream.XStream.unmarshal(XStream.java:1045)
        at hudson.XmlFile.unmarshal(XmlFile.java:166)
        ... 156 more