Active Choices Plug-in	2.8.8	true
Apache HttpComponents Client 4.x API Plugin	4.5.14-269.vfa_2321039a_83	true
Apache HttpComponents Client 5.x API Plugin	5.5-150.veb_76e719855b_	true
ASM API Plugin	9.8-135.vb_2239d08ee90	true
Authentication Tokens API Plugin	1.131.v7199556c3004	true
Bootstrap 5 API Plugin	5.3.5-1	true
bouncycastle API Plugin	2.30.1.80-261.v00c0e2618ec3	true
Branch API Plugin	2.1217.v43d8b_b_d8b_2c7	true
Build Name and Description Setter	2.5.0	true
Build Timeout	1.38	true
Caffeine API Plugin	3.2.0-166.v72a_6d74b_870f	true
Checks API plugin	370.vb_61a_c57328f3	true
Cloud Statistics Plugin	377.vd8a_6c953e98e	true
Command Agent Launcher Plugin	123.v37cfdc92ef67	true
Commons Compress API	1.27.1-3	true
commons-lang3 v3.x Jenkins API Plugin	3.17.0-87.v5cf526e63b_8b_	true
commons-text API Plugin	1.13.1-176.v74d88f22034b_	true
Credentials Binding Plugin	687.v619cb_15e923f	true
Credentials Plugin	1415.v831096eb_5534	true
Dashboard View	2.528.v3470c02b_d7c9	false
Description Setter	264.v1957f215dcd5	true
Display URL API	2.209.v582ed814ff2f	true
Docker API Plugin	3.5.0-108.v211cdd21c383	true
Docker Commons Plugin	451.vd12c371eeeb_3	true
Docker Pipeline	611.v16e84da_6d3ff	true
Docker plugin	1274.vc0203fdf2e74	true
Durable Task Plugin	587.v84b_877235b_45	true
Dynamic Axis	1.0.3	true
ECharts API Plugin	5.6.0-4	true
EDDSA API Plugin	0.3.0.1-19.vc432d923e5ee	true
Elastic Axis Plugin	615.vb_f7c20ec040e	true
Email Extension Plugin	1876.v28d8d38315b_d	true
EnvInject API Plugin	1.235.va_14c74f8f487	true
Environment Injector Plugin	2.926.v69c9b_3896a_96	true
Extended Read Permission Plugin	61.vf24570ff3b_e9	true
External Monitor Job Type Plugin	223.vb_fddcf42c9b_3	true
Favorite	2.237.v79163ca_8b_892	true
Folders Plugin	6.1021.v98130a_a_71a_94	true
Font Awesome API Plugin	6.7.2-1	true
Gerrit Trigger	2.42.0	true
Git client plugin	6.1.3	true
Git plugin	5.7.0	true
GitHub API Plugin	1.321-488.v9b_c0da_9533f8	true
GitHub Branch Source Plugin	1815.v9152b_2ff7a_1b_	true
GitHub plugin	1.43.0	true
GitLab Plugin	1.9.8	false
Gson API Plugin	2.13.1-139.v4569c2ef303f	true
Handy Uri Templates 2.x API Plugin	2.1.8-36.v85e4cb_234a_13	false
HTML Publisher plugin	425	true
HTTP Request Plugin	1.20	true
Instance Identity	203.v15e81a_1b_7a_38	true
Ionicons API	88.va_4187cb_eddf1	true
Jackson 2 API Plugin	2.19.0-404.vb_b_0fd2fea_e10	true
Jakarta Activation API	2.1.3-2	true
Jakarta Mail API	2.1.3-2	true
Java JSON Web Token (JJWT) Plugin	0.11.5-120.v0268cf544b_89	true
JavaBeans Activation Framework (JAF) API	1.2.0-8	true
Javadoc Plugin	327.vdfe586651ee0	false
JavaMail API	1.6.2-11	true
JavaScript GUI Lib: ACE Editor bundle plugin	1.1	false
JavaScript GUI Lib: Moment.js bundle plugin	1.1.1	false
JAXB plugin	2.3.9-133.vb_ec76a_73f706	true
Jersey 2 API	2.45-154.v4ded3dc34f81	false
Job Configuration History Plugin	1305.vf20a_356586b_8	true
Joda Time API Plugin	2.14.0-127.v7d9da_295a_d51	true
JQuery3 API Plugin	3.7.1-3	true
JSch dependency plugin	0.2.16-95.v3eecb_55fa_b_78	true
JSON Api Plugin	20250517-153.vc8a_a_d87c0ce3	true
JSON Path API Plugin	2.9.0-148.v22a_7ffe323ce	true
JUnit Plugin	1335.v6b_a_a_e18534e1	true
LDAP Plugin	780.vcb_33c9a_e4332	false
Localization Support Plugin	1.3	true
Localization: Chinese (Simplified)	371.v23851f835d6b_	true
Mailer Plugin	489.vd4b_25144138f	true
Matrix Authorization Strategy Plugin	3.2.6	true
Matrix Combinations Plugin	1.3.3	true
Matrix Groovy Execution Strategy Plugin	1.0.8	true
Matrix Project Plugin	849.v0cd64ed7e531	true
Metrics Plugin	4.2.32-476.v5042e1c1edd7	true
Mina SSHD API :: Common	2.15.0-161.vb_200831a_c15b_	true
Mina SSHD API :: Core	2.15.0-161.vb_200831a_c15b_	true
OkHttp Plugin	4.11.0-189.v976fa_d3379d6	true
Oracle Java SE Development Kit Installer Plugin	83.v417146707a_3d	true
OWASP Markup Formatter Plugin	173.v680e3a_b_69ff3	true
PAM Authentication plugin	1.12	false
Pipeline	608.v67378e9d3db_1	true
Pipeline Graph Analysis Plugin	237.v2b_75640ca_888	true
Pipeline Graph View Plugin	543.v7e391c24713d	true
Pipeline: API	1373.v7b_813f10efa_b_	true
Pipeline: Basic Steps	1079.vce64b_a_929c5a_	true
Pipeline: Build Step	567.vea_ce550ece97	true
Pipeline: Declarative	2.2255.v56a_15e805f12	true
Pipeline: Declarative Extension Points API	2.2255.v56a_15e805f12	true
Pipeline: Groovy	4106.v7a_8a_8176d450	true
Pipeline: Groovy Libraries	752.vdddedf804e72	true
Pipeline: Input Step	517.vf8e782ee645c	true
Pipeline: Job	1520.v56d65e3b_4566	true
Pipeline: Milestone Step	138.v78ca_76831a_43	true
Pipeline: Model API	2.2255.v56a_15e805f12	true
Pipeline: Multibranch	806.vb_b_688f609ee9	true
Pipeline: Nodes and Processes	1405.v1fcd4a_d00096	true
Pipeline: REST API Plugin	2.38	true
Pipeline: SCM Step	437.v05a_f66b_e5ef8	true
Pipeline: Stage Step	322.vecffa_99f371c	true
Pipeline: Stage Tags Metadata	2.2255.v56a_15e805f12	true
Pipeline: Stage View Plugin	2.38	true
Pipeline: Step API	700.v6e45cb_a_5a_a_21	true
Pipeline: Supporting APIs	968.v8f17397e87b_8	true
Plain Credentials Plugin	195.vb_906e9073dee	true
Plugin Utilities API Plugin	6.1.0	true
Popper.js 2 API Plugin	2.11.6-5	true
Pub-Sub "light" Bus	1.19	true
Resource Disposer Plugin	0.25	true
Role-based Authorization Strategy	771.v3fa_85a_df2c50	true
SCM API Plugin	704.v3ce5c542825a_	true
Script Security Plugin	1373.vb_b_4a_a_c26fa_00	true
Server Sent Events (SSE) Gateway Plugin	1.28	true
Show Build Parameters plugin	1.0	true
SnakeYAML API Plugin	2.3-125.v4d77857a_b_402	true
SSH Agent Plugin	386.v36cc0c7582f0	true
SSH Build Agents plugin	3.1031.v72c6b_883b_869	true
SSH Credentials Plugin	355.v9b_e5b_cde5003	true
SSH server	3.353.v2b_d33c46e970	true
Structs Plugin	343.vdcf37b_a_c81d5	true
Timestamper	1.29	true
Token Macro Plugin	444.v52de7e9c573d	true
Trilead API Plugin	2.209.v0e69b_c43c245	true
Variant Plugin	70.va_d9f17f859e0	true
WMI Windows Agents Plugin	1.8.1	false
Workspace Cleanup Plugin	0.48	true
Yaml Axis plugin	306.v5302614360b_e	true