Jul 08, 2021 9:30:03 AM org.jenkinsci.remoting.engine.WorkDirManager setupLogging
INFO: Both error and output logs will be printed to C:\Jenkins\remoting
Jul 08, 2021 9:30:03 AM hudson.remoting.jnlp.Main$CuiListener status
INFO: Locating server among [https://jenkins-regression-nft.kce.devops.rockwell.com/]
Jul 08, 2021 9:30:04 AM org.jenkinsci.remoting.engine.JnlpAgentEndpointResolver resolve
INFO: Remoting server accepts the following protocols: [JNLP4-connect, Ping]
Jul 08, 2021 9:30:04 AM hudson.remoting.jnlp.Main$CuiListener status
INFO: Agent discovery successful
  Agent address: jenkins-regression-nft.kce.devops.rockwell.com
  Agent port:    32035
  Identity:      52:4d:78:17:3a:9b:22:e8:eb:33:75:df:a6:71:37:45
Jul 08, 2021 9:30:04 AM hudson.remoting.jnlp.Main$CuiListener status
INFO: Handshaking
Jul 08, 2021 9:30:04 AM hudson.remoting.jnlp.Main$CuiListener status
INFO: Connecting to jenkins-regression-nft.kce.devops.rockwell.com:32035
Jul 08, 2021 9:30:04 AM hudson.remoting.jnlp.Main$CuiListener status
INFO: Trying protocol: JNLP4-connect
Jul 08, 2021 9:30:04 AM hudson.remoting.jnlp.Main$CuiListener status
INFO: Remote identity confirmed: 52:4d:78:17:3a:9b:22:e8:eb:33:75:df:a6:71:37:45
Jul 08, 2021 9:30:06 AM hudson.remoting.jnlp.Main$CuiListener status
INFO: Connected
Jul 08, 2021 5:40:14 PM org.jfrog.hudson.util.JenkinsBuildInfoLog info
INFO: Searching for artifacts...
Jul 08, 2021 5:40:16 PM org.jfrog.hudson.util.JenkinsBuildInfoLog info
INFO: Found 1 artifacts.
Jul 08, 2021 5:40:16 PM org.jfrog.hudson.util.JenkinsBuildInfoLog info
INFO: Beginning to resolve Build Info published dependencies.
Jul 08, 2021 5:40:16 PM org.jfrog.hudson.util.JenkinsBuildInfoLog info
INFO: The file 'C:\Jenkins\workspace\ETENzTDailyQTestPipeline\firmware.zip\' exists locally.
Jul 08, 2021 5:40:16 PM org.jfrog.hudson.util.JenkinsBuildInfoLog info
INFO: Finished resolving Build Info published dependencies.
Jul 08, 2021 8:34:41 PM org.jenkinsci.remoting.util.AnonymousClassWarnings warn
WARNING: Attempt to (de-)serialize anonymous class hudson.plugins.logparser.LogParserStatusComputer$1; see: https://jenkins.io/redirect/serialization-of-anonymous-classes/
Jul 08, 2021 8:34:41 PM hudson.plugins.logparser.LogParserStatusComputer computeStatusMatches
INFO: Local temp file:C:\Users\SVC-RA~1\AppData\Local\Temp\log-parser_ETENzTDailyQTestPipeline_build_295
Jul 08, 2021 8:34:41 PM hudson.plugins.logparser.LogParserReader readLogPart
INFO: Start reading log part 0 in thread #0
Jul 08, 2021 8:34:41 PM hudson.plugins.logparser.LogParserReader readLogPart
INFO: Done reading log part 0
Jul 08, 2021 8:34:41 PM hudson.plugins.logparser.LogParserThread getLineStatuses
INFO: LogParserThread: Start parsing log part 0
Jul 08, 2021 8:34:41 PM hudson.plugins.logparser.LogParserThread getLineStatuses
INFO: LogParserThread: Done parsing log part 0
Jul 08, 2021 8:35:14 PM org.jfrog.hudson.util.JenkinsBuildInfoLog info
INFO: Searching for artifacts...
Jul 08, 2021 8:35:15 PM org.jfrog.hudson.util.JenkinsBuildInfoLog info
INFO: Found 1 artifacts.
Jul 08, 2021 8:35:15 PM org.jfrog.hudson.util.JenkinsBuildInfoLog info
INFO: Beginning to resolve Build Info published dependencies.
Jul 08, 2021 8:35:17 PM org.jfrog.hudson.util.JenkinsBuildInfoLog info
INFO: The file 'C:\Jenkins\workspace\ETENzTSmokeQTestPipeline\firmware.zip\' exists locally.
Jul 08, 2021 8:35:17 PM org.jfrog.hudson.util.JenkinsBuildInfoLog info
INFO: Finished resolving Build Info published dependencies.
Jul 09, 2021 1:05:44 AM hudson.remoting.jnlp.Main$CuiListener status
INFO: Terminated
Jul 09, 2021 1:05:44 AM hudson.plugins.swarm.Client run
WARNING: Remaining retries: 299
Jul 09, 2021 1:05:44 AM hudson.plugins.swarm.Client run
INFO: Retrying in 60 seconds
Jul 09, 2021 1:06:44 AM hudson.plugins.swarm.Client run
INFO: Attempting to connect to https://jenkins-regression-nft.kce.devops.rockwell.com/
Jul 09, 2021 1:06:49 AM hudson.plugins.swarm.Client run
INFO: Setting up LabelFileWatcher
Jul 09, 2021 1:06:50 AM hudson.remoting.jnlp.Main createEngine
INFO: Setting up agent: tbenzt-1
Jul 09, 2021 1:06:50 AM hudson.remoting.jnlp.Main$CuiListener <init>
INFO: Jenkins agent is running in headless mode.
Jul 09, 2021 1:06:50 AM hudson.remoting.Engine startEngine
INFO: Using Remoting version: 4.7
Jul 09, 2021 1:06:50 AM org.jenkinsci.remoting.engine.WorkDirManager initializeWorkDir
INFO: Using C:\Jenkins\remoting as a remoting work directory
Jul 09, 2021 1:06:50 AM hudson.remoting.jnlp.Main$CuiListener status
INFO: Locating server among [https://jenkins-regression-nft.kce.devops.rockwell.com/]
Jul 09, 2021 1:06:51 AM org.jenkinsci.remoting.engine.JnlpAgentEndpointResolver resolve
INFO: Remoting server accepts the following protocols: [JNLP4-connect, Ping]
Jul 09, 2021 1:06:51 AM hudson.remoting.jnlp.Main$CuiListener status
INFO: Agent discovery successful
  Agent address: jenkins-regression-nft.kce.devops.rockwell.com
  Agent port:    32035
  Identity:      52:4d:78:17:3a:9b:22:e8:eb:33:75:df:a6:71:37:45
Jul 09, 2021 1:06:51 AM hudson.remoting.jnlp.Main$CuiListener status
INFO: Handshaking
Jul 09, 2021 1:06:51 AM hudson.remoting.jnlp.Main$CuiListener status
INFO: Connecting to jenkins-regression-nft.kce.devops.rockwell.com:32035
Jul 09, 2021 1:06:51 AM hudson.remoting.jnlp.Main$CuiListener status
INFO: Trying protocol: JNLP4-connect
Jul 09, 2021 1:06:51 AM hudson.remoting.jnlp.Main$CuiListener status
INFO: Remote identity confirmed: 52:4d:78:17:3a:9b:22:e8:eb:33:75:df:a6:71:37:45
Jul 09, 2021 1:06:51 AM org.jenkinsci.remoting.protocol.impl.ConnectionHeadersFilterLayer onRecv
INFO: [JNLP4-connect connection to jenkins-regression-nft.kce.devops.rockwell.com/10.76.72.130:32035] Local headers refused by remote: tbenzt-1 is already connected to this master. Rejecting this connection.
Jul 09, 2021 1:06:51 AM hudson.remoting.jnlp.Main$CuiListener status
INFO: Protocol JNLP4-connect encountered an unexpected exception
java.util.concurrent.ExecutionException: org.jenkinsci.remoting.protocol.impl.ConnectionRefusalException: tbenzt-1 is already connected to this master. Rejecting this connection.
	at org.jenkinsci.remoting.util.SettableFuture.get(SettableFuture.java:223)
	at hudson.remoting.Engine.innerRun(Engine.java:739)
	at hudson.remoting.Engine.run(Engine.java:514)
Caused by: org.jenkinsci.remoting.protocol.impl.ConnectionRefusalException: tbenzt-1 is already connected to this master. Rejecting this connection.
	at org.jenkinsci.remoting.protocol.impl.ConnectionHeadersFilterLayer.newAbortCause(ConnectionHeadersFilterLayer.java:377)
	at org.jenkinsci.remoting.protocol.impl.ConnectionHeadersFilterLayer.onRecvClosed(ConnectionHeadersFilterLayer.java:432)
	at org.jenkinsci.remoting.protocol.ProtocolStack$Ptr.onRecvClosed(ProtocolStack.java:817)
	at org.jenkinsci.remoting.protocol.FilterLayer.onRecvClosed(FilterLayer.java:288)
	at org.jenkinsci.remoting.protocol.impl.SSLEngineFilterLayer.onRecvClosed(SSLEngineFilterLayer.java:170)
	at org.jenkinsci.remoting.protocol.ProtocolStack$Ptr.onRecvClosed(ProtocolStack.java:817)
	at org.jenkinsci.remoting.protocol.NetworkLayer.onRecvClosed(NetworkLayer.java:154)
	at org.jenkinsci.remoting.protocol.impl.BIONetworkLayer.access$1500(BIONetworkLayer.java:48)
	at org.jenkinsci.remoting.protocol.impl.BIONetworkLayer$Reader.run(BIONetworkLayer.java:247)
	at java.util.concurrent.ThreadPoolExecutor.runWorker(ThreadPoolExecutor.java:1149)
	at java.util.concurrent.ThreadPoolExecutor$Worker.run(ThreadPoolExecutor.java:624)
	at hudson.remoting.Engine$1.lambda$newThread$0(Engine.java:119)
	at java.lang.Thread.run(Thread.java:748)
	Suppressed: java.nio.channels.ClosedChannelException
		... 7 more

Jul 09, 2021 1:06:51 AM hudson.remoting.jnlp.Main$CuiListener error
SEVERE: The server rejected the connection: None of the protocols were accepted
java.lang.Exception: The server rejected the connection: None of the protocols were accepted
	at hudson.remoting.Engine.onConnectionRejected(Engine.java:824)
	at hudson.remoting.Engine.innerRun(Engine.java:764)
	at hudson.remoting.Engine.run(Engine.java:514)

