Running from: C:\Program Files (x86)\Jenkins\jenkins.war
Jenkins home directory: C:\Program Files (x86)\Jenkins found at: EnvVars.masterEnvVars.get("JENKINS_HOME")
DEBUG: JavaMail version 1.4.4
DEBUG: successfully loaded resource: /META-INF/javamail.default.providers
DEBUG: Tables of loaded providers
DEBUG: Providers Listed By Class Name: {com.sun.mail.smtp.SMTPSSLTransport=javax.mail.Provider[TRANSPORT,smtps,com.sun.mail.smtp.SMTPSSLTransport,Sun Microsystems, Inc], com.sun.mail.smtp.SMTPTransport=javax.mail.Provider[TRANSPORT,smtp,com.sun.mail.smtp.SMTPTransport,Sun Microsystems, Inc], com.sun.mail.imap.IMAPSSLStore=javax.mail.Provider[STORE,imaps,com.sun.mail.imap.IMAPSSLStore,Sun Microsystems, Inc], com.sun.mail.pop3.POP3SSLStore=javax.mail.Provider[STORE,pop3s,com.sun.mail.pop3.POP3SSLStore,Sun Microsystems, Inc], com.sun.mail.imap.IMAPStore=javax.mail.Provider[STORE,imap,com.sun.mail.imap.IMAPStore,Sun Microsystems, Inc], com.sun.mail.pop3.POP3Store=javax.mail.Provider[STORE,pop3,com.sun.mail.pop3.POP3Store,Sun Microsystems, Inc]}
DEBUG: Providers Listed By Protocol: {imaps=javax.mail.Provider[STORE,imaps,com.sun.mail.imap.IMAPSSLStore,Sun Microsystems, Inc], imap=javax.mail.Provider[STORE,imap,com.sun.mail.imap.IMAPStore,Sun Microsystems, Inc], smtps=javax.mail.Provider[TRANSPORT,smtps,com.sun.mail.smtp.SMTPSSLTransport,Sun Microsystems, Inc], pop3=javax.mail.Provider[STORE,pop3,com.sun.mail.pop3.POP3Store,Sun Microsystems, Inc], pop3s=javax.mail.Provider[STORE,pop3s,com.sun.mail.pop3.POP3SSLStore,Sun Microsystems, Inc], smtp=javax.mail.Provider[TRANSPORT,smtp,com.sun.mail.smtp.SMTPTransport,Sun Microsystems, Inc]}
DEBUG: successfully loaded resource: /META-INF/javamail.default.address.map
DEBUG: getProvider() returning javax.mail.Provider[TRANSPORT,smtp,com.sun.mail.smtp.SMTPTransport,Sun Microsystems, Inc]
DEBUG SMTP: useEhlo true, useAuth true
DEBUG SMTP: useEhlo true, useAuth true
DEBUG SMTP: trying to connect to host "smtp.office365.com", port 587, isSSL false
220 PR0P264CA0045.outlook.office365.com Microsoft ESMTP MAIL Service ready at Mon, 26 Aug 2019 14:27:22 +0000
DEBUG SMTP: connected to host "smtp.office365.com", port: 587

EHLO ****.**.local
250-PR0P264CA0045.outlook.office365.com Hello [195.50.189.60]
250-SIZE 157286400
250-PIPELINING
250-DSN
250-ENHANCEDSTATUSCODES
250-STARTTLS
250-8BITMIME
250-BINARYMIME
250-CHUNKING
250 SMTPUTF8
DEBUG SMTP: Found extension "SIZE", arg "157286400"
DEBUG SMTP: Found extension "PIPELINING", arg ""
DEBUG SMTP: Found extension "DSN", arg ""
DEBUG SMTP: Found extension "ENHANCEDSTATUSCODES", arg ""
DEBUG SMTP: Found extension "STARTTLS", arg ""
DEBUG SMTP: Found extension "8BITMIME", arg ""
DEBUG SMTP: Found extension "BINARYMIME", arg ""
DEBUG SMTP: Found extension "CHUNKING", arg ""
DEBUG SMTP: Found extension "SMTPUTF8", arg ""
STARTTLS
220 2.0.0 SMTP server ready
EHLO ****.**.local
250-PR0P264CA0045.outlook.office365.com Hello [195.50.189.60]
250-SIZE 157286400
250-PIPELINING
250-DSN
250-ENHANCEDSTATUSCODES
250-AUTH LOGIN XOAUTH2
250-8BITMIME
250-BINARYMIME
250-CHUNKING
250 SMTPUTF8
DEBUG SMTP: Found extension "SIZE", arg "157286400"
DEBUG SMTP: Found extension "PIPELINING", arg ""
DEBUG SMTP: Found extension "DSN", arg ""
DEBUG SMTP: Found extension "ENHANCEDSTATUSCODES", arg ""
DEBUG SMTP: Found extension "AUTH", arg "LOGIN XOAUTH2"
DEBUG SMTP: Found extension "8BITMIME", arg ""
DEBUG SMTP: Found extension "BINARYMIME", arg ""
DEBUG SMTP: Found extension "CHUNKING", arg ""
DEBUG SMTP: Found extension "SMTPUTF8", arg ""
DEBUG SMTP: Attempt to authenticate
DEBUG SMTP: check mechanisms: LOGIN PLAIN DIGEST-MD5 NTLM 
AUTH LOGIN
334 ****
****
334 ****
****
235 2.7.0 Authentication successful
DEBUG SMTP: use8bit false
MAIL FROM:<c****@****.com>
250 2.1.0 Sender OK
DEBUG SMTP: sendPartial set
RCPT TO:<c****@****.com>
250 2.1.5 Recipient OK
DEBUG SMTP: Verified Addresses
DEBUG SMTP:   c****@****.com
DATA
354 Start mail input; end with <CRLF>.<CRLF>
Date: Mon, 26 Aug 2019 16:27:22 +0200 (CEST)
From: c****@****.com
Reply-To: c****@****.com
To: c****@****.com
Message-ID: <7758424.0.1566829642878.JavaMail.DESCOM$@DeSCOM>
Subject: Test email #1
MIME-Version: 1.0
Content-Type: text/plain; charset=UTF-8
Content-Transfer-Encoding: 7bit

This is test email #1 sent from Jenkins
.
250 2.0.0 OK <7758424.0.1566829642878.JavaMail.DESCOM$@DeSCOM> [Hostname=AM0PR04MB6082.eurprd04.prod.outlook.com]
QUIT
221 2.0.0 Service closing transmission channel
