ÉÜÅ[ÉUÅ[[8mha:AAAAlh+LCAAAAAAAAP9b85aBtbiIQTGjNKU4P08vOT+vOD8nVc83PyU1x6OyILUoJzMv2y+/JJUBAhiZGBgqihhk0NSjKDWzXb3RdlLBUSYGJk8GtpzUvPSSDB8G5tKinBIGIZ+sxLJE/ZzEvHT94JKizLx0a6BxUmjGOUNodHsLgAzOEgYu/dLi1CL9vNKcHACFIKlWvwAAAA==[0manonymousÇ™é¿çs
ÉrÉãÉhÇµÇ‹Ç∑ÅB ÉèÅ[ÉNÉXÉyÅ[ÉX: C:\Users\toru\.jenkins\jobs\SakuraVPS_Git_Lambda_Java\workspace
 > git.exe rev-parse --is-inside-work-tree
Fetching changes from the remote Git repository
 > git.exe config remote.origin.url http://www.torutk.com:8086/git/swe.primus
Fetching upstream changes from http://www.torutk.com:8086/git/swe.primus
 > git.exe --version
 > git.exe fetch --tags --progress http://www.torutk.com:8086/git/swe.primus +refs/heads/*:refs/remotes/origin/*
 > git.exe rev-parse "origin/master^{commit}"
Checking out Revision 0538414eeeba1ed7a07601768a9fcd09d73601fa (origin/master)
 > git.exe config core.sparsecheckout
 > git.exe checkout -f 0538414eeeba1ed7a07601768a9fcd09d73601fa
 > git.exe rev-list 0538414eeeba1ed7a07601768a9fcd09d73601fa
[HelloLambda] $ cmd.exe /C '""C:\Program Files\Java\apache-ant-1.9.1\bin\ant.bat" -file build.xml "-Dplatforms.JDK_1.8u40.home=C:\Program Files\Java\jdk1.8.0_40" "-Dlibs.junit_4.classpath=C:\Program Files\Java\junit4.8.2\junit-4.8.2.jar" clean default && exit %%ERRORLEVEL%%"'
Buildfile: C:\Users\toru\.jenkins\jobs\SakuraVPS_Git_Lambda_Java\workspace\learn\java\lambda\HelloLambda\build.xml

[8mha:AAAAYB+LCAAAAAAAAP9b85aBtbiIQT6jNKU4P0+vJLE4u1gvPjGvRM8xryQksSg9tcQvvyTVvqNr/s+Vl9uYGBgqihikoKqT8/OK83NS9ZwhNEghAwQwghQWAADROOumXQAAAA==[0m-pre-init:

[8mha:AAAAYB+LCAAAAAAAAP9b85aBtbiIQT6jNKU4P0+vJLE4u1gvPjGvRM8xryQksSg9tcQvvyTVvqNr/s+Vl9uYGBgqihikoKqT8/OK83NS9ZwhNEghAwQwghQWAADROOumXQAAAA==[0m-init-private:

[8mha:AAAAYB+LCAAAAAAAAP9b85aBtbiIQT6jNKU4P0+vJLE4u1gvPjGvRM8xryQksSg9tcQvvyTVvqNr/s+Vl9uYGBgqihikoKqT8/OK83NS9ZwhNEghAwQwghQWAADROOumXQAAAA==[0m-init-user:

[8mha:AAAAYB+LCAAAAAAAAP9b85aBtbiIQT6jNKU4P0+vJLE4u1gvPjGvRM8xryQksSg9tcQvvyTVvqNr/s+Vl9uYGBgqihikoKqT8/OK83NS9ZwhNEghAwQwghQWAADROOumXQAAAA==[0m-init-project:

[8mha:AAAAYB+LCAAAAAAAAP9b85aBtbiIQT6jNKU4P0+vJLE4u1gvPjGvRM8xryQksSg9tcQvvyTVvqNr/s+Vl9uYGBgqihikoKqT8/OK83NS9ZwhNEghAwQwghQWAADROOumXQAAAA==[0m-init-macrodef-property:

[8mha:AAAAYB+LCAAAAAAAAP9b85aBtbiIQT6jNKU4P0+vJLE4u1gvPjGvRM8xryQksSg9tcQvvyTVvqNr/s+Vl9uYGBgqihikoKqT8/OK83NS9ZwhNEghAwQwghQWAADROOumXQAAAA==[0m-do-init:

[8mha:AAAAYB+LCAAAAAAAAP9b85aBtbiIQT6jNKU4P0+vJLE4u1gvPjGvRM8xryQksSg9tcQvvyTVvqNr/s+Vl9uYGBgqihikoKqT8/OK83NS9ZwhNEghAwQwghQWAADROOumXQAAAA==[0m-post-init:

[8mha:AAAAYB+LCAAAAAAAAP9b85aBtbiIQT6jNKU4P0+vJLE4u1gvPjGvRM8xryQksSg9tcQvvyTVvqNr/s+Vl9uYGBgqihikoKqT8/OK83NS9ZwhNEghAwQwghQWAADROOumXQAAAA==[0m-init-check:

[8mha:AAAAYB+LCAAAAAAAAP9b85aBtbiIQT6jNKU4P0+vJLE4u1gvPjGvRM8xryQksSg9tcQvvyTVvqNr/s+Vl9uYGBgqihikoKqT8/OK83NS9ZwhNEghAwQwghQWAADROOumXQAAAA==[0m-init-ap-cmdline-properties:

[8mha:AAAAYB+LCAAAAAAAAP9b85aBtbiIQT6jNKU4P0+vJLE4u1gvPjGvRM8xryQksSg9tcQvvyTVvqNr/s+Vl9uYGBgqihikoKqT8/OK83NS9ZwhNEghAwQwghQWAADROOumXQAAAA==[0m-init-macrodef-javac-with-processors:

[8mha:AAAAYB+LCAAAAAAAAP9b85aBtbiIQT6jNKU4P0+vJLE4u1gvPjGvRM8xryQksSg9tcQvvyTVvqNr/s+Vl9uYGBgqihikoKqT8/OK83NS9ZwhNEghAwQwghQWAADROOumXQAAAA==[0m-init-macrodef-javac-without-processors:

[8mha:AAAAYB+LCAAAAAAAAP9b85aBtbiIQT6jNKU4P0+vJLE4u1gvPjGvRM8xryQksSg9tcQvvyTVvqNr/s+Vl9uYGBgqihikoKqT8/OK83NS9ZwhNEghAwQwghQWAADROOumXQAAAA==[0m-init-macrodef-javac:

[8mha:AAAAYB+LCAAAAAAAAP9b85aBtbiIQT6jNKU4P0+vJLE4u1gvPjGvRM8xryQksSg9tcQvvyTVvqNr/s+Vl9uYGBgqihikoKqT8/OK83NS9ZwhNEghAwQwghQWAADROOumXQAAAA==[0m-init-macrodef-test-impl:

[8mha:AAAAYB+LCAAAAAAAAP9b85aBtbiIQT6jNKU4P0+vJLE4u1gvPjGvRM8xryQksSg9tcQvvyTVvqNr/s+Vl9uYGBgqihikoKqT8/OK83NS9ZwhNEghAwQwghQWAADROOumXQAAAA==[0m-init-macrodef-junit-init:

[8mha:AAAAYB+LCAAAAAAAAP9b85aBtbiIQT6jNKU4P0+vJLE4u1gvPjGvRM8xryQksSg9tcQvvyTVvqNr/s+Vl9uYGBgqihikoKqT8/OK83NS9ZwhNEghAwQwghQWAADROOumXQAAAA==[0m-init-macrodef-junit-single:

[8mha:AAAAYB+LCAAAAAAAAP9b85aBtbiIQT6jNKU4P0+vJLE4u1gvPjGvRM8xryQksSg9tcQvvyTVvqNr/s+Vl9uYGBgqihikoKqT8/OK83NS9ZwhNEghAwQwghQWAADROOumXQAAAA==[0m-init-test-properties:

[8mha:AAAAYB+LCAAAAAAAAP9b85aBtbiIQT6jNKU4P0+vJLE4u1gvPjGvRM8xryQksSg9tcQvvyTVvqNr/s+Vl9uYGBgqihikoKqT8/OK83NS9ZwhNEghAwQwghQWAADROOumXQAAAA==[0m-init-macrodef-junit-batch:

[8mha:AAAAYB+LCAAAAAAAAP9b85aBtbiIQT6jNKU4P0+vJLE4u1gvPjGvRM8xryQksSg9tcQvvyTVvqNr/s+Vl9uYGBgqihikoKqT8/OK83NS9ZwhNEghAwQwghQWAADROOumXQAAAA==[0m-init-macrodef-junit:

[8mha:AAAAYB+LCAAAAAAAAP9b85aBtbiIQT6jNKU4P0+vJLE4u1gvPjGvRM8xryQksSg9tcQvvyTVvqNr/s+Vl9uYGBgqihikoKqT8/OK83NS9ZwhNEghAwQwghQWAADROOumXQAAAA==[0m-init-macrodef-junit-impl:
Trying to override old definition of task http://www.netbeans.org/ns/j2se-project/3:test-impl

[8mha:AAAAYB+LCAAAAAAAAP9b85aBtbiIQT6jNKU4P0+vJLE4u1gvPjGvRM8xryQksSg9tcQvvyTVvqNr/s+Vl9uYGBgqihikoKqT8/OK83NS9ZwhNEghAwQwghQWAADROOumXQAAAA==[0m-init-macrodef-testng:

[8mha:AAAAYB+LCAAAAAAAAP9b85aBtbiIQT6jNKU4P0+vJLE4u1gvPjGvRM8xryQksSg9tcQvvyTVvqNr/s+Vl9uYGBgqihikoKqT8/OK83NS9ZwhNEghAwQwghQWAADROOumXQAAAA==[0m-init-macrodef-testng-impl:

[8mha:AAAAYB+LCAAAAAAAAP9b85aBtbiIQT6jNKU4P0+vJLE4u1gvPjGvRM8xryQksSg9tcQvvyTVvqNr/s+Vl9uYGBgqihikoKqT8/OK83NS9ZwhNEghAwQwghQWAADROOumXQAAAA==[0m-init-macrodef-test:

[8mha:AAAAYB+LCAAAAAAAAP9b85aBtbiIQT6jNKU4P0+vJLE4u1gvPjGvRM8xryQksSg9tcQvvyTVvqNr/s+Vl9uYGBgqihikoKqT8/OK83NS9ZwhNEghAwQwghQWAADROOumXQAAAA==[0m-init-macrodef-junit-debug:

[8mha:AAAAYB+LCAAAAAAAAP9b85aBtbiIQT6jNKU4P0+vJLE4u1gvPjGvRM8xryQksSg9tcQvvyTVvqNr/s+Vl9uYGBgqihikoKqT8/OK83NS9ZwhNEghAwQwghQWAADROOumXQAAAA==[0m-init-macrodef-junit-debug-batch:

[8mha:AAAAYB+LCAAAAAAAAP9b85aBtbiIQT6jNKU4P0+vJLE4u1gvPjGvRM8xryQksSg9tcQvvyTVvqNr/s+Vl9uYGBgqihikoKqT8/OK83NS9ZwhNEghAwQwghQWAADROOumXQAAAA==[0m-init-macrodef-junit-debug-impl:

[8mha:AAAAYB+LCAAAAAAAAP9b85aBtbiIQT6jNKU4P0+vJLE4u1gvPjGvRM8xryQksSg9tcQvvyTVvqNr/s+Vl9uYGBgqihikoKqT8/OK83NS9ZwhNEghAwQwghQWAADROOumXQAAAA==[0m-init-macrodef-test-debug-junit:

[8mha:AAAAYB+LCAAAAAAAAP9b85aBtbiIQT6jNKU4P0+vJLE4u1gvPjGvRM8xryQksSg9tcQvvyTVvqNr/s+Vl9uYGBgqihikoKqT8/OK83NS9ZwhNEghAwQwghQWAADROOumXQAAAA==[0m-init-macrodef-testng-debug:

[8mha:AAAAYB+LCAAAAAAAAP9b85aBtbiIQT6jNKU4P0+vJLE4u1gvPjGvRM8xryQksSg9tcQvvyTVvqNr/s+Vl9uYGBgqihikoKqT8/OK83NS9ZwhNEghAwQwghQWAADROOumXQAAAA==[0m-init-macrodef-testng-debug-impl:

[8mha:AAAAYB+LCAAAAAAAAP9b85aBtbiIQT6jNKU4P0+vJLE4u1gvPjGvRM8xryQksSg9tcQvvyTVvqNr/s+Vl9uYGBgqihikoKqT8/OK83NS9ZwhNEghAwQwghQWAADROOumXQAAAA==[0m-init-macrodef-test-debug-testng:

[8mha:AAAAYB+LCAAAAAAAAP9b85aBtbiIQT6jNKU4P0+vJLE4u1gvPjGvRM8xryQksSg9tcQvvyTVvqNr/s+Vl9uYGBgqihikoKqT8/OK83NS9ZwhNEghAwQwghQWAADROOumXQAAAA==[0m-init-macrodef-test-debug:

[8mha:AAAAYB+LCAAAAAAAAP9b85aBtbiIQT6jNKU4P0+vJLE4u1gvPjGvRM8xryQksSg9tcQvvyTVvqNr/s+Vl9uYGBgqihikoKqT8/OK83NS9ZwhNEghAwQwghQWAADROOumXQAAAA==[0m-init-debug-args:

[8mha:AAAAYB+LCAAAAAAAAP9b85aBtbiIQT6jNKU4P0+vJLE4u1gvPjGvRM8xryQksSg9tcQvvyTVvqNr/s+Vl9uYGBgqihikoKqT8/OK83NS9ZwhNEghAwQwghQWAADROOumXQAAAA==[0m-init-macrodef-nbjpda:

[8mha:AAAAYB+LCAAAAAAAAP9b85aBtbiIQT6jNKU4P0+vJLE4u1gvPjGvRM8xryQksSg9tcQvvyTVvqNr/s+Vl9uYGBgqihikoKqT8/OK83NS9ZwhNEghAwQwghQWAADROOumXQAAAA==[0m-init-macrodef-debug:

[8mha:AAAAYB+LCAAAAAAAAP9b85aBtbiIQT6jNKU4P0+vJLE4u1gvPjGvRM8xryQksSg9tcQvvyTVvqNr/s+Vl9uYGBgqihikoKqT8/OK83NS9ZwhNEghAwQwghQWAADROOumXQAAAA==[0m-init-macrodef-java:

[8mha:AAAAYB+LCAAAAAAAAP9b85aBtbiIQT6jNKU4P0+vJLE4u1gvPjGvRM8xryQksSg9tcQvvyTVvqNr/s+Vl9uYGBgqihikoKqT8/OK83NS9ZwhNEghAwQwghQWAADROOumXQAAAA==[0m-init-presetdef-jar:

[8mha:AAAAYB+LCAAAAAAAAP9b85aBtbiIQT6jNKU4P0+vJLE4u1gvPjGvRM8xryQksSg9tcQvvyTVvqNr/s+Vl9uYGBgqihikoKqT8/OK83NS9ZwhNEghAwQwghQWAADROOumXQAAAA==[0m-init-ap-cmdline-supported:

[8mha:AAAAYB+LCAAAAAAAAP9b85aBtbiIQT6jNKU4P0+vJLE4u1gvPjGvRM8xryQksSg9tcQvvyTVvqNr/s+Vl9uYGBgqihikoKqT8/OK83NS9ZwhNEghAwQwghQWAADROOumXQAAAA==[0m-init-ap-cmdline:

[8mha:AAAAYB+LCAAAAAAAAP9b85aBtbiIQT6jNKU4P0+vJLE4u1gvPjGvRM8xryQksSg9tcQvvyTVvqNr/s+Vl9uYGBgqihikoKqT8/OK83NS9ZwhNEghAwQwghQWAADROOumXQAAAA==[0minit:

[8mha:AAAAYB+LCAAAAAAAAP9b85aBtbiIQT6jNKU4P0+vJLE4u1gvPjGvRM8xryQksSg9tcQvvyTVvqNr/s+Vl9uYGBgqihikoKqT8/OK83NS9ZwhNEghAwQwghQWAADROOumXQAAAA==[0m-deps-clean-init:

[8mha:AAAAYB+LCAAAAAAAAP9b85aBtbiIQT6jNKU4P0+vJLE4u1gvPjGvRM8xryQksSg9tcQvvyTVvqNr/s+Vl9uYGBgqihikoKqT8/OK83NS9ZwhNEghAwQwghQWAADROOumXQAAAA==[0mdeps-clean:

[8mha:AAAAYB+LCAAAAAAAAP9b85aBtbiIQT6jNKU4P0+vJLE4u1gvPjGvRM8xryQksSg9tcQvvyTVvqNr/s+Vl9uYGBgqihikoKqT8/OK83NS9ZwhNEghAwQwghQWAADROOumXQAAAA==[0m-warn-already-built-clean:
[propertyfile] Updating property file: C:\Users\toru\.jenkins\jobs\SakuraVPS_Git_Lambda_Java\workspace\learn\java\lambda\HelloLambda\build\built-clean.properties

[8mha:AAAAYB+LCAAAAAAAAP9b85aBtbiIQT6jNKU4P0+vJLE4u1gvPjGvRM8xryQksSg9tcQvvyTVvqNr/s+Vl9uYGBgqihikoKqT8/OK83NS9ZwhNEghAwQwghQWAADROOumXQAAAA==[0m-do-clean:
   [delete] Deleting directory C:\Users\toru\.jenkins\jobs\SakuraVPS_Git_Lambda_Java\workspace\learn\java\lambda\HelloLambda\build

[8mha:AAAAYB+LCAAAAAAAAP9b85aBtbiIQT6jNKU4P0+vJLE4u1gvPjGvRM8xryQksSg9tcQvvyTVvqNr/s+Vl9uYGBgqihikoKqT8/OK83NS9ZwhNEghAwQwghQWAADROOumXQAAAA==[0m-post-clean:

[8mha:AAAAYB+LCAAAAAAAAP9b85aBtbiIQT6jNKU4P0+vJLE4u1gvPjGvRM8xryQksSg9tcQvvyTVvqNr/s+Vl9uYGBgqihikoKqT8/OK83NS9ZwhNEghAwQwghQWAADROOumXQAAAA==[0mclean:

[8mha:AAAAYB+LCAAAAAAAAP9b85aBtbiIQT6jNKU4P0+vJLE4u1gvPjGvRM8xryQksSg9tcQvvyTVvqNr/s+Vl9uYGBgqihikoKqT8/OK83NS9ZwhNEghAwQwghQWAADROOumXQAAAA==[0m-pre-init:

[8mha:AAAAYB+LCAAAAAAAAP9b85aBtbiIQT6jNKU4P0+vJLE4u1gvPjGvRM8xryQksSg9tcQvvyTVvqNr/s+Vl9uYGBgqihikoKqT8/OK83NS9ZwhNEghAwQwghQWAADROOumXQAAAA==[0m-init-private:

[8mha:AAAAYB+LCAAAAAAAAP9b85aBtbiIQT6jNKU4P0+vJLE4u1gvPjGvRM8xryQksSg9tcQvvyTVvqNr/s+Vl9uYGBgqihikoKqT8/OK83NS9ZwhNEghAwQwghQWAADROOumXQAAAA==[0m-init-user:

[8mha:AAAAYB+LCAAAAAAAAP9b85aBtbiIQT6jNKU4P0+vJLE4u1gvPjGvRM8xryQksSg9tcQvvyTVvqNr/s+Vl9uYGBgqihikoKqT8/OK83NS9ZwhNEghAwQwghQWAADROOumXQAAAA==[0m-init-project:

[8mha:AAAAYB+LCAAAAAAAAP9b85aBtbiIQT6jNKU4P0+vJLE4u1gvPjGvRM8xryQksSg9tcQvvyTVvqNr/s+Vl9uYGBgqihikoKqT8/OK83NS9ZwhNEghAwQwghQWAADROOumXQAAAA==[0m-init-macrodef-property:

[8mha:AAAAYB+LCAAAAAAAAP9b85aBtbiIQT6jNKU4P0+vJLE4u1gvPjGvRM8xryQksSg9tcQvvyTVvqNr/s+Vl9uYGBgqihikoKqT8/OK83NS9ZwhNEghAwQwghQWAADROOumXQAAAA==[0m-do-init:

[8mha:AAAAYB+LCAAAAAAAAP9b85aBtbiIQT6jNKU4P0+vJLE4u1gvPjGvRM8xryQksSg9tcQvvyTVvqNr/s+Vl9uYGBgqihikoKqT8/OK83NS9ZwhNEghAwQwghQWAADROOumXQAAAA==[0m-post-init:

[8mha:AAAAYB+LCAAAAAAAAP9b85aBtbiIQT6jNKU4P0+vJLE4u1gvPjGvRM8xryQksSg9tcQvvyTVvqNr/s+Vl9uYGBgqihikoKqT8/OK83NS9ZwhNEghAwQwghQWAADROOumXQAAAA==[0m-init-check:

[8mha:AAAAYB+LCAAAAAAAAP9b85aBtbiIQT6jNKU4P0+vJLE4u1gvPjGvRM8xryQksSg9tcQvvyTVvqNr/s+Vl9uYGBgqihikoKqT8/OK83NS9ZwhNEghAwQwghQWAADROOumXQAAAA==[0m-init-ap-cmdline-properties:

[8mha:AAAAYB+LCAAAAAAAAP9b85aBtbiIQT6jNKU4P0+vJLE4u1gvPjGvRM8xryQksSg9tcQvvyTVvqNr/s+Vl9uYGBgqihikoKqT8/OK83NS9ZwhNEghAwQwghQWAADROOumXQAAAA==[0m-init-macrodef-javac-with-processors:

[8mha:AAAAYB+LCAAAAAAAAP9b85aBtbiIQT6jNKU4P0+vJLE4u1gvPjGvRM8xryQksSg9tcQvvyTVvqNr/s+Vl9uYGBgqihikoKqT8/OK83NS9ZwhNEghAwQwghQWAADROOumXQAAAA==[0m-init-macrodef-javac-without-processors:

[8mha:AAAAYB+LCAAAAAAAAP9b85aBtbiIQT6jNKU4P0+vJLE4u1gvPjGvRM8xryQksSg9tcQvvyTVvqNr/s+Vl9uYGBgqihikoKqT8/OK83NS9ZwhNEghAwQwghQWAADROOumXQAAAA==[0m-init-macrodef-javac:

[8mha:AAAAYB+LCAAAAAAAAP9b85aBtbiIQT6jNKU4P0+vJLE4u1gvPjGvRM8xryQksSg9tcQvvyTVvqNr/s+Vl9uYGBgqihikoKqT8/OK83NS9ZwhNEghAwQwghQWAADROOumXQAAAA==[0m-init-macrodef-test-impl:
Trying to override old definition of task http://www.netbeans.org/ns/j2se-project/3:test-impl

[8mha:AAAAYB+LCAAAAAAAAP9b85aBtbiIQT6jNKU4P0+vJLE4u1gvPjGvRM8xryQksSg9tcQvvyTVvqNr/s+Vl9uYGBgqihikoKqT8/OK83NS9ZwhNEghAwQwghQWAADROOumXQAAAA==[0m-init-macrodef-junit-init:

[8mha:AAAAYB+LCAAAAAAAAP9b85aBtbiIQT6jNKU4P0+vJLE4u1gvPjGvRM8xryQksSg9tcQvvyTVvqNr/s+Vl9uYGBgqihikoKqT8/OK83NS9ZwhNEghAwQwghQWAADROOumXQAAAA==[0m-init-macrodef-junit-single:

[8mha:AAAAYB+LCAAAAAAAAP9b85aBtbiIQT6jNKU4P0+vJLE4u1gvPjGvRM8xryQksSg9tcQvvyTVvqNr/s+Vl9uYGBgqihikoKqT8/OK83NS9ZwhNEghAwQwghQWAADROOumXQAAAA==[0m-init-test-properties:

[8mha:AAAAYB+LCAAAAAAAAP9b85aBtbiIQT6jNKU4P0+vJLE4u1gvPjGvRM8xryQksSg9tcQvvyTVvqNr/s+Vl9uYGBgqihikoKqT8/OK83NS9ZwhNEghAwQwghQWAADROOumXQAAAA==[0m-init-macrodef-junit-batch:

[8mha:AAAAYB+LCAAAAAAAAP9b85aBtbiIQT6jNKU4P0+vJLE4u1gvPjGvRM8xryQksSg9tcQvvyTVvqNr/s+Vl9uYGBgqihikoKqT8/OK83NS9ZwhNEghAwQwghQWAADROOumXQAAAA==[0m-init-macrodef-junit:

[8mha:AAAAYB+LCAAAAAAAAP9b85aBtbiIQT6jNKU4P0+vJLE4u1gvPjGvRM8xryQksSg9tcQvvyTVvqNr/s+Vl9uYGBgqihikoKqT8/OK83NS9ZwhNEghAwQwghQWAADROOumXQAAAA==[0m-init-macrodef-junit-impl:
Trying to override old definition of task http://www.netbeans.org/ns/j2se-project/3:test-impl

[8mha:AAAAYB+LCAAAAAAAAP9b85aBtbiIQT6jNKU4P0+vJLE4u1gvPjGvRM8xryQksSg9tcQvvyTVvqNr/s+Vl9uYGBgqihikoKqT8/OK83NS9ZwhNEghAwQwghQWAADROOumXQAAAA==[0m-init-macrodef-testng:

[8mha:AAAAYB+LCAAAAAAAAP9b85aBtbiIQT6jNKU4P0+vJLE4u1gvPjGvRM8xryQksSg9tcQvvyTVvqNr/s+Vl9uYGBgqihikoKqT8/OK83NS9ZwhNEghAwQwghQWAADROOumXQAAAA==[0m-init-macrodef-testng-impl:

[8mha:AAAAYB+LCAAAAAAAAP9b85aBtbiIQT6jNKU4P0+vJLE4u1gvPjGvRM8xryQksSg9tcQvvyTVvqNr/s+Vl9uYGBgqihikoKqT8/OK83NS9ZwhNEghAwQwghQWAADROOumXQAAAA==[0m-init-macrodef-test:

[8mha:AAAAYB+LCAAAAAAAAP9b85aBtbiIQT6jNKU4P0+vJLE4u1gvPjGvRM8xryQksSg9tcQvvyTVvqNr/s+Vl9uYGBgqihikoKqT8/OK83NS9ZwhNEghAwQwghQWAADROOumXQAAAA==[0m-init-macrodef-junit-debug:

[8mha:AAAAYB+LCAAAAAAAAP9b85aBtbiIQT6jNKU4P0+vJLE4u1gvPjGvRM8xryQksSg9tcQvvyTVvqNr/s+Vl9uYGBgqihikoKqT8/OK83NS9ZwhNEghAwQwghQWAADROOumXQAAAA==[0m-init-macrodef-junit-debug-batch:

[8mha:AAAAYB+LCAAAAAAAAP9b85aBtbiIQT6jNKU4P0+vJLE4u1gvPjGvRM8xryQksSg9tcQvvyTVvqNr/s+Vl9uYGBgqihikoKqT8/OK83NS9ZwhNEghAwQwghQWAADROOumXQAAAA==[0m-init-macrodef-junit-debug-impl:

[8mha:AAAAYB+LCAAAAAAAAP9b85aBtbiIQT6jNKU4P0+vJLE4u1gvPjGvRM8xryQksSg9tcQvvyTVvqNr/s+Vl9uYGBgqihikoKqT8/OK83NS9ZwhNEghAwQwghQWAADROOumXQAAAA==[0m-init-macrodef-test-debug-junit:

[8mha:AAAAYB+LCAAAAAAAAP9b85aBtbiIQT6jNKU4P0+vJLE4u1gvPjGvRM8xryQksSg9tcQvvyTVvqNr/s+Vl9uYGBgqihikoKqT8/OK83NS9ZwhNEghAwQwghQWAADROOumXQAAAA==[0m-init-macrodef-testng-debug:

[8mha:AAAAYB+LCAAAAAAAAP9b85aBtbiIQT6jNKU4P0+vJLE4u1gvPjGvRM8xryQksSg9tcQvvyTVvqNr/s+Vl9uYGBgqihikoKqT8/OK83NS9ZwhNEghAwQwghQWAADROOumXQAAAA==[0m-init-macrodef-testng-debug-impl:

[8mha:AAAAYB+LCAAAAAAAAP9b85aBtbiIQT6jNKU4P0+vJLE4u1gvPjGvRM8xryQksSg9tcQvvyTVvqNr/s+Vl9uYGBgqihikoKqT8/OK83NS9ZwhNEghAwQwghQWAADROOumXQAAAA==[0m-init-macrodef-test-debug-testng:

[8mha:AAAAYB+LCAAAAAAAAP9b85aBtbiIQT6jNKU4P0+vJLE4u1gvPjGvRM8xryQksSg9tcQvvyTVvqNr/s+Vl9uYGBgqihikoKqT8/OK83NS9ZwhNEghAwQwghQWAADROOumXQAAAA==[0m-init-macrodef-test-debug:

[8mha:AAAAYB+LCAAAAAAAAP9b85aBtbiIQT6jNKU4P0+vJLE4u1gvPjGvRM8xryQksSg9tcQvvyTVvqNr/s+Vl9uYGBgqihikoKqT8/OK83NS9ZwhNEghAwQwghQWAADROOumXQAAAA==[0m-init-debug-args:

[8mha:AAAAYB+LCAAAAAAAAP9b85aBtbiIQT6jNKU4P0+vJLE4u1gvPjGvRM8xryQksSg9tcQvvyTVvqNr/s+Vl9uYGBgqihikoKqT8/OK83NS9ZwhNEghAwQwghQWAADROOumXQAAAA==[0m-init-macrodef-nbjpda:

[8mha:AAAAYB+LCAAAAAAAAP9b85aBtbiIQT6jNKU4P0+vJLE4u1gvPjGvRM8xryQksSg9tcQvvyTVvqNr/s+Vl9uYGBgqihikoKqT8/OK83NS9ZwhNEghAwQwghQWAADROOumXQAAAA==[0m-init-macrodef-debug:

[8mha:AAAAYB+LCAAAAAAAAP9b85aBtbiIQT6jNKU4P0+vJLE4u1gvPjGvRM8xryQksSg9tcQvvyTVvqNr/s+Vl9uYGBgqihikoKqT8/OK83NS9ZwhNEghAwQwghQWAADROOumXQAAAA==[0m-init-macrodef-java:

[8mha:AAAAYB+LCAAAAAAAAP9b85aBtbiIQT6jNKU4P0+vJLE4u1gvPjGvRM8xryQksSg9tcQvvyTVvqNr/s+Vl9uYGBgqihikoKqT8/OK83NS9ZwhNEghAwQwghQWAADROOumXQAAAA==[0m-init-presetdef-jar:

[8mha:AAAAYB+LCAAAAAAAAP9b85aBtbiIQT6jNKU4P0+vJLE4u1gvPjGvRM8xryQksSg9tcQvvyTVvqNr/s+Vl9uYGBgqihikoKqT8/OK83NS9ZwhNEghAwQwghQWAADROOumXQAAAA==[0m-init-ap-cmdline-supported:

[8mha:AAAAYB+LCAAAAAAAAP9b85aBtbiIQT6jNKU4P0+vJLE4u1gvPjGvRM8xryQksSg9tcQvvyTVvqNr/s+Vl9uYGBgqihikoKqT8/OK83NS9ZwhNEghAwQwghQWAADROOumXQAAAA==[0m-init-ap-cmdline:

[8mha:AAAAYB+LCAAAAAAAAP9b85aBtbiIQT6jNKU4P0+vJLE4u1gvPjGvRM8xryQksSg9tcQvvyTVvqNr/s+Vl9uYGBgqihikoKqT8/OK83NS9ZwhNEghAwQwghQWAADROOumXQAAAA==[0minit:

[8mha:AAAAYB+LCAAAAAAAAP9b85aBtbiIQT6jNKU4P0+vJLE4u1gvPjGvRM8xryQksSg9tcQvvyTVvqNr/s+Vl9uYGBgqihikoKqT8/OK83NS9ZwhNEghAwQwghQWAADROOumXQAAAA==[0m-deps-jar-init:

[8mha:AAAAYB+LCAAAAAAAAP9b85aBtbiIQT6jNKU4P0+vJLE4u1gvPjGvRM8xryQksSg9tcQvvyTVvqNr/s+Vl9uYGBgqihikoKqT8/OK83NS9ZwhNEghAwQwghQWAADROOumXQAAAA==[0mdeps-jar:
    [mkdir] Created dir: C:\Users\toru\.jenkins\jobs\SakuraVPS_Git_Lambda_Java\workspace\learn\java\lambda\HelloLambda\build

[8mha:AAAAYB+LCAAAAAAAAP9b85aBtbiIQT6jNKU4P0+vJLE4u1gvPjGvRM8xryQksSg9tcQvvyTVvqNr/s+Vl9uYGBgqihikoKqT8/OK83NS9ZwhNEghAwQwghQWAADROOumXQAAAA==[0m-warn-already-built-jar:
[propertyfile] Updating property file: C:\Users\toru\.jenkins\jobs\SakuraVPS_Git_Lambda_Java\workspace\learn\java\lambda\HelloLambda\build\built-jar.properties

[8mha:AAAAYB+LCAAAAAAAAP9b85aBtbiIQT6jNKU4P0+vJLE4u1gvPjGvRM8xryQksSg9tcQvvyTVvqNr/s+Vl9uYGBgqihikoKqT8/OK83NS9ZwhNEghAwQwghQWAADROOumXQAAAA==[0m-check-automatic-build:

[8mha:AAAAYB+LCAAAAAAAAP9b85aBtbiIQT6jNKU4P0+vJLE4u1gvPjGvRM8xryQksSg9tcQvvyTVvqNr/s+Vl9uYGBgqihikoKqT8/OK83NS9ZwhNEghAwQwghQWAADROOumXQAAAA==[0m-clean-after-automatic-build:

[8mha:AAAAYB+LCAAAAAAAAP9b85aBtbiIQT6jNKU4P0+vJLE4u1gvPjGvRM8xryQksSg9tcQvvyTVvqNr/s+Vl9uYGBgqihikoKqT8/OK83NS9ZwhNEghAwQwghQWAADROOumXQAAAA==[0m-verify-automatic-build:

[8mha:AAAAYB+LCAAAAAAAAP9b85aBtbiIQT6jNKU4P0+vJLE4u1gvPjGvRM8xryQksSg9tcQvvyTVvqNr/s+Vl9uYGBgqihikoKqT8/OK83NS9ZwhNEghAwQwghQWAADROOumXQAAAA==[0m-pre-pre-compile:
    [mkdir] Created dir: C:\Users\toru\.jenkins\jobs\SakuraVPS_Git_Lambda_Java\workspace\learn\java\lambda\HelloLambda\build\classes

[8mha:AAAAYB+LCAAAAAAAAP9b85aBtbiIQT6jNKU4P0+vJLE4u1gvPjGvRM8xryQksSg9tcQvvyTVvqNr/s+Vl9uYGBgqihikoKqT8/OK83NS9ZwhNEghAwQwghQWAADROOumXQAAAA==[0m-pre-compile:

[8mha:AAAAYB+LCAAAAAAAAP9b85aBtbiIQT6jNKU4P0+vJLE4u1gvPjGvRM8xryQksSg9tcQvvyTVvqNr/s+Vl9uYGBgqihikoKqT8/OK83NS9ZwhNEghAwQwghQWAADROOumXQAAAA==[0m-copy-persistence-xml:

[8mha:AAAAYB+LCAAAAAAAAP9b85aBtbiIQT6jNKU4P0+vJLE4u1gvPjGvRM8xryQksSg9tcQvvyTVvqNr/s+Vl9uYGBgqihikoKqT8/OK83NS9ZwhNEghAwQwghQWAADROOumXQAAAA==[0m-compile-depend:

[8mha:AAAAYB+LCAAAAAAAAP9b85aBtbiIQT6jNKU4P0+vJLE4u1gvPjGvRM8xryQksSg9tcQvvyTVvqNr/s+Vl9uYGBgqihikoKqT8/OK83NS9ZwhNEghAwQwghQWAADROOumXQAAAA==[0m-do-compile:
    [mkdir] Created dir: C:\Users\toru\.jenkins\jobs\SakuraVPS_Git_Lambda_Java\workspace\learn\java\lambda\HelloLambda\build\empty
    [mkdir] Created dir: C:\Users\toru\.jenkins\jobs\SakuraVPS_Git_Lambda_Java\workspace\learn\java\lambda\HelloLambda\build\generated-sources\ap-source-output
    [javac] Compiling 3 source files to C:\Users\toru\.jenkins\jobs\SakuraVPS_Git_Lambda_Java\workspace\learn\java\lambda\HelloLambda\build\classes
    [javac] C:\Users\toru\.jenkins\jobs\SakuraVPS_Git_Lambda_Java\workspace\learn\java\lambda\HelloLambda\src\hellolambda\HelloImpl.java:20: warning: [deprecation] getDate() in Date has been deprecated
    [javac]         int date = new Date().getDate();
    [javac]                              ^
    [javac] C:\Users\toru\.jenkins\jobs\SakuraVPS_Git_Lambda_Java\workspace\learn\java\lambda\HelloLambda\src\hellolambda\HelloImpl.java:30: warning: [rawtypes] found raw type: List
    [javac]         List list = (List) new ArrayList();
    [javac]         ^
    [javac]   missing type arguments for generic class List<E>
    [javac]   where E is a type-variable:
    [javac]     E extends Object declared in interface List
    [javac] C:\Users\toru\.jenkins\jobs\SakuraVPS_Git_Lambda_Java\workspace\learn\java\lambda\HelloLambda\src\hellolambda\HelloImpl.java:30: warning: [rawtypes] found raw type: ArrayList
    [javac]         List list = (List) new ArrayList();
    [javac]                                ^
    [javac]   missing type arguments for generic class ArrayList<E>
    [javac]   where E is a type-variable:
    [javac]     E extends Object declared in class ArrayList
    [javac] C:\Users\toru\.jenkins\jobs\SakuraVPS_Git_Lambda_Java\workspace\learn\java\lambda\HelloLambda\src\hellolambda\HelloImpl.java:31: warning: [unchecked] unchecked call to add(E) as a member of the raw type List
    [javac]         list.add("Alfa");
    [javac]                 ^
    [javac]   where E is a type-variable:
    [javac]     E extends Object declared in interface List
    [javac] C:\Users\toru\.jenkins\jobs\SakuraVPS_Git_Lambda_Java\workspace\learn\java\lambda\HelloLambda\src\hellolambda\HelloImpl.java:17: warning: [serial] serializable class HelloImpl has no definition of serialVersionUID
    [javac] public class HelloImpl implements Hello, Serializable {
    [javac]        ^
    [javac] C:\Users\toru\.jenkins\jobs\SakuraVPS_Git_Lambda_Java\workspace\learn\java\lambda\HelloLambda\src\hellolambda\HelloImpl.java:24: warning: [fallthrough] possible fall-through into case
    [javac]         case 1:
    [javac]         ^
    [javac] 6 warnings

[8mha:AAAAYB+LCAAAAAAAAP9b85aBtbiIQT6jNKU4P0+vJLE4u1gvPjGvRM8xryQksSg9tcQvvyTVvqNr/s+Vl9uYGBgqihikoKqT8/OK83NS9ZwhNEghAwQwghQWAADROOumXQAAAA==[0m-post-compile:

[8mha:AAAAYB+LCAAAAAAAAP9b85aBtbiIQT6jNKU4P0+vJLE4u1gvPjGvRM8xryQksSg9tcQvvyTVvqNr/s+Vl9uYGBgqihikoKqT8/OK83NS9ZwhNEghAwQwghQWAADROOumXQAAAA==[0mcompile:

[8mha:AAAAYB+LCAAAAAAAAP9b85aBtbiIQT6jNKU4P0+vJLE4u1gvPjGvRM8xryQksSg9tcQvvyTVvqNr/s+Vl9uYGBgqihikoKqT8/OK83NS9ZwhNEghAwQwghQWAADROOumXQAAAA==[0m-pre-pre-compile-test:
    [mkdir] Created dir: C:\Users\toru\.jenkins\jobs\SakuraVPS_Git_Lambda_Java\workspace\learn\java\lambda\HelloLambda\build\test\classes

[8mha:AAAAYB+LCAAAAAAAAP9b85aBtbiIQT6jNKU4P0+vJLE4u1gvPjGvRM8xryQksSg9tcQvvyTVvqNr/s+Vl9uYGBgqihikoKqT8/OK83NS9ZwhNEghAwQwghQWAADROOumXQAAAA==[0m-pre-compile-test:

[8mha:AAAAYB+LCAAAAAAAAP9b85aBtbiIQT6jNKU4P0+vJLE4u1gvPjGvRM8xryQksSg9tcQvvyTVvqNr/s+Vl9uYGBgqihikoKqT8/OK83NS9ZwhNEghAwQwghQWAADROOumXQAAAA==[0m-compile-test-depend:

[8mha:AAAAYB+LCAAAAAAAAP9b85aBtbiIQT6jNKU4P0+vJLE4u1gvPjGvRM8xryQksSg9tcQvvyTVvqNr/s+Vl9uYGBgqihikoKqT8/OK83NS9ZwhNEghAwQwghQWAADROOumXQAAAA==[0m-do-compile-test:
    [javac] Compiling 1 source file to C:\Users\toru\.jenkins\jobs\SakuraVPS_Git_Lambda_Java\workspace\learn\java\lambda\HelloLambda\build\test\classes

[8mha:AAAAYB+LCAAAAAAAAP9b85aBtbiIQT6jNKU4P0+vJLE4u1gvPjGvRM8xryQksSg9tcQvvyTVvqNr/s+Vl9uYGBgqihikoKqT8/OK83NS9ZwhNEghAwQwghQWAADROOumXQAAAA==[0m-post-compile-test:

[8mha:AAAAYB+LCAAAAAAAAP9b85aBtbiIQT6jNKU4P0+vJLE4u1gvPjGvRM8xryQksSg9tcQvvyTVvqNr/s+Vl9uYGBgqihikoKqT8/OK83NS9ZwhNEghAwQwghQWAADROOumXQAAAA==[0mcompile-test:

[8mha:AAAAYB+LCAAAAAAAAP9b85aBtbiIQT6jNKU4P0+vJLE4u1gvPjGvRM8xryQksSg9tcQvvyTVvqNr/s+Vl9uYGBgqihikoKqT8/OK83NS9ZwhNEghAwQwghQWAADROOumXQAAAA==[0m-pre-test-run:
    [mkdir] Created dir: C:\Users\toru\.jenkins\jobs\SakuraVPS_Git_Lambda_Java\workspace\learn\java\lambda\HelloLambda\build\test\results

[8mha:AAAAYB+LCAAAAAAAAP9b85aBtbiIQT6jNKU4P0+vJLE4u1gvPjGvRM8xryQksSg9tcQvvyTVvqNr/s+Vl9uYGBgqihikoKqT8/OK83NS9ZwhNEghAwQwghQWAADROOumXQAAAA==[0m-do-test-run:
    [junit] Testsuite: hellolambda.HelloTest
    [junit] alfa
    [junit] bravo
    [junit] charlie
    [junit] Tests run: 3, Failures: 0, Errors: 0, Skipped: 0, Time elapsed: 0.499 sec
    [junit] 
    [junit] ------------- Standard Output ---------------
    [junit] alfa
    [junit] bravo
    [junit] charlie
    [junit] ------------- ---------------- ---------------

[8mha:AAAAYB+LCAAAAAAAAP9b85aBtbiIQT6jNKU4P0+vJLE4u1gvPjGvRM8xryQksSg9tcQvvyTVvqNr/s+Vl9uYGBgqihikoKqT8/OK83NS9ZwhNEghAwQwghQWAADROOumXQAAAA==[0mtest-report:

[8mha:AAAAYB+LCAAAAAAAAP9b85aBtbiIQT6jNKU4P0+vJLE4u1gvPjGvRM8xryQksSg9tcQvvyTVvqNr/s+Vl9uYGBgqihikoKqT8/OK83NS9ZwhNEghAwQwghQWAADROOumXQAAAA==[0m-post-test-run:

[8mha:AAAAYB+LCAAAAAAAAP9b85aBtbiIQT6jNKU4P0+vJLE4u1gvPjGvRM8xryQksSg9tcQvvyTVvqNr/s+Vl9uYGBgqihikoKqT8/OK83NS9ZwhNEghAwQwghQWAADROOumXQAAAA==[0m-test-browse:

[8mha:AAAAYB+LCAAAAAAAAP9b85aBtbiIQT6jNKU4P0+vJLE4u1gvPjGvRM8xryQksSg9tcQvvyTVvqNr/s+Vl9uYGBgqihikoKqT8/OK83NS9ZwhNEghAwQwghQWAADROOumXQAAAA==[0mtest:

[8mha:AAAAYB+LCAAAAAAAAP9b85aBtbiIQT6jNKU4P0+vJLE4u1gvPjGvRM8xryQksSg9tcQvvyTVvqNr/s+Vl9uYGBgqihikoKqT8/OK83NS9ZwhNEghAwQwghQWAADROOumXQAAAA==[0m-pre-jar:

[8mha:AAAAYB+LCAAAAAAAAP9b85aBtbiIQT6jNKU4P0+vJLE4u1gvPjGvRM8xryQksSg9tcQvvyTVvqNr/s+Vl9uYGBgqihikoKqT8/OK83NS9ZwhNEghAwQwghQWAADROOumXQAAAA==[0m-pre-pre-jar:
    [mkdir] Created dir: C:\Users\toru\.jenkins\jobs\SakuraVPS_Git_Lambda_Java\workspace\learn\java\lambda\HelloLambda\dist

[8mha:AAAAYB+LCAAAAAAAAP9b85aBtbiIQT6jNKU4P0+vJLE4u1gvPjGvRM8xryQksSg9tcQvvyTVvqNr/s+Vl9uYGBgqihikoKqT8/OK83NS9ZwhNEghAwQwghQWAADROOumXQAAAA==[0m-do-jar-create-manifest:

[8mha:AAAAYB+LCAAAAAAAAP9b85aBtbiIQT6jNKU4P0+vJLE4u1gvPjGvRM8xryQksSg9tcQvvyTVvqNr/s+Vl9uYGBgqihikoKqT8/OK83NS9ZwhNEghAwQwghQWAADROOumXQAAAA==[0m-do-jar-copy-manifest:
     [copy] Copying 1 file to C:\Users\toru\.jenkins\jobs\SakuraVPS_Git_Lambda_Java\workspace\learn\java\lambda\HelloLambda\build

[8mha:AAAAYB+LCAAAAAAAAP9b85aBtbiIQT6jNKU4P0+vJLE4u1gvPjGvRM8xryQksSg9tcQvvyTVvqNr/s+Vl9uYGBgqihikoKqT8/OK83NS9ZwhNEghAwQwghQWAADROOumXQAAAA==[0m-do-jar-set-mainclass:

[8mha:AAAAYB+LCAAAAAAAAP9b85aBtbiIQT6jNKU4P0+vJLE4u1gvPjGvRM8xryQksSg9tcQvvyTVvqNr/s+Vl9uYGBgqihikoKqT8/OK83NS9ZwhNEghAwQwghQWAADROOumXQAAAA==[0m-do-jar-set-profile:

[8mha:AAAAYB+LCAAAAAAAAP9b85aBtbiIQT6jNKU4P0+vJLE4u1gvPjGvRM8xryQksSg9tcQvvyTVvqNr/s+Vl9uYGBgqihikoKqT8/OK83NS9ZwhNEghAwQwghQWAADROOumXQAAAA==[0m-do-jar-set-splashscreen:

[8mha:AAAAYB+LCAAAAAAAAP9b85aBtbiIQT6jNKU4P0+vJLE4u1gvPjGvRM8xryQksSg9tcQvvyTVvqNr/s+Vl9uYGBgqihikoKqT8/OK83NS9ZwhNEghAwQwghQWAADROOumXQAAAA==[0m-do-jar-jar:
[j2seproject1:jar] Building jar: C:\Users\toru\.jenkins\jobs\SakuraVPS_Git_Lambda_Java\workspace\learn\java\lambda\HelloLambda\dist\HelloLambda.jar
     [echo] To run this application from the command line without Ant, try:
     [echo] C:\Program Files\Java\jdk1.8.0_40/bin/java -cp C:\Users\toru\.jenkins\jobs\SakuraVPS_Git_Lambda_Java\workspace\learn\java\lambda\HelloLambda\dist\HelloLambda.jar hellolambda.HelloLambda

[8mha:AAAAYB+LCAAAAAAAAP9b85aBtbiIQT6jNKU4P0+vJLE4u1gvPjGvRM8xryQksSg9tcQvvyTVvqNr/s+Vl9uYGBgqihikoKqT8/OK83NS9ZwhNEghAwQwghQWAADROOumXQAAAA==[0m-init-macrodef-copylibs:

[8mha:AAAAYB+LCAAAAAAAAP9b85aBtbiIQT6jNKU4P0+vJLE4u1gvPjGvRM8xryQksSg9tcQvvyTVvqNr/s+Vl9uYGBgqihikoKqT8/OK83NS9ZwhNEghAwQwghQWAADROOumXQAAAA==[0m-do-jar-copylibs:

[8mha:AAAAYB+LCAAAAAAAAP9b85aBtbiIQT6jNKU4P0+vJLE4u1gvPjGvRM8xryQksSg9tcQvvyTVvqNr/s+Vl9uYGBgqihikoKqT8/OK83NS9ZwhNEghAwQwghQWAADROOumXQAAAA==[0m-do-jar-delete-manifest:

[8mha:AAAAYB+LCAAAAAAAAP9b85aBtbiIQT6jNKU4P0+vJLE4u1gvPjGvRM8xryQksSg9tcQvvyTVvqNr/s+Vl9uYGBgqihikoKqT8/OK83NS9ZwhNEghAwQwghQWAADROOumXQAAAA==[0m-do-jar-without-libraries:

[8mha:AAAAYB+LCAAAAAAAAP9b85aBtbiIQT6jNKU4P0+vJLE4u1gvPjGvRM8xryQksSg9tcQvvyTVvqNr/s+Vl9uYGBgqihikoKqT8/OK83NS9ZwhNEghAwQwghQWAADROOumXQAAAA==[0m-do-jar-with-libraries:

[8mha:AAAAYB+LCAAAAAAAAP9b85aBtbiIQT6jNKU4P0+vJLE4u1gvPjGvRM8xryQksSg9tcQvvyTVvqNr/s+Vl9uYGBgqihikoKqT8/OK83NS9ZwhNEghAwQwghQWAADROOumXQAAAA==[0m-post-jar:

[8mha:AAAAYB+LCAAAAAAAAP9b85aBtbiIQT6jNKU4P0+vJLE4u1gvPjGvRM8xryQksSg9tcQvvyTVvqNr/s+Vl9uYGBgqihikoKqT8/OK83NS9ZwhNEghAwQwghQWAADROOumXQAAAA==[0m-do-jar:

[8mha:AAAAYB+LCAAAAAAAAP9b85aBtbiIQT6jNKU4P0+vJLE4u1gvPjGvRM8xryQksSg9tcQvvyTVvqNr/s+Vl9uYGBgqihikoKqT8/OK83NS9ZwhNEghAwQwghQWAADROOumXQAAAA==[0mjar:

[8mha:AAAAYB+LCAAAAAAAAP9b85aBtbiIQT6jNKU4P0+vJLE4u1gvPjGvRM8xryQksSg9tcQvvyTVvqNr/s+Vl9uYGBgqihikoKqT8/OK83NS9ZwhNEghAwQwghQWAADROOumXQAAAA==[0m-javadoc-build:
    [mkdir] Created dir: C:\Users\toru\.jenkins\jobs\SakuraVPS_Git_Lambda_Java\workspace\learn\java\lambda\HelloLambda\dist\javadoc
  [javadoc] Warning: Leaving out empty argument '-windowtitle'
  [javadoc] Generating Javadoc
  [javadoc] Javadoc execution
  [javadoc] É\Å[ÉXÅEÉtÉ@ÉCÉãC:\Users\toru\.jenkins\jobs\SakuraVPS_Git_Lambda_Java\workspace\learn\java\lambda\HelloLambda\src\hellolambda\Hello.javaÇì«Ç›çûÇÒÇ≈Ç¢Ç‹Ç∑...
  [javadoc] É\Å[ÉXÅEÉtÉ@ÉCÉãC:\Users\toru\.jenkins\jobs\SakuraVPS_Git_Lambda_Java\workspace\learn\java\lambda\HelloLambda\src\hellolambda\HelloImpl.javaÇì«Ç›çûÇÒÇ≈Ç¢Ç‹Ç∑...
  [javadoc] É\Å[ÉXÅEÉtÉ@ÉCÉãC:\Users\toru\.jenkins\jobs\SakuraVPS_Git_Lambda_Java\workspace\learn\java\lambda\HelloLambda\src\hellolambda\HelloLambda.javaÇì«Ç›çûÇÒÇ≈Ç¢Ç‹Ç∑...
  [javadoc] JavadocèÓïÒÇç\ízÇµÇƒÇ¢Ç‹Ç∑...
  [javadoc] ïWèÄDocletÉoÅ[ÉWÉáÉì1.8.0_40-ea
  [javadoc] ëSÉpÉbÉPÅ[ÉWÇ∆ÉNÉâÉXÇÃäKëwÉcÉäÅ[ÇçÏê¨ÇµÇƒÇ¢Ç‹Ç∑...
  [javadoc] C:\Users\toru\.jenkins\jobs\SakuraVPS_Git_Lambda_Java\workspace\learn\java\lambda\HelloLambda\dist\javadoc\hellolambda\Hello.htmlÇÃê∂ê¨íÜ...
  [javadoc] C:\Users\toru\.jenkins\jobs\SakuraVPS_Git_Lambda_Java\workspace\learn\java\lambda\HelloLambda\dist\javadoc\hellolambda\HelloImpl.htmlÇÃê∂ê¨íÜ...
  [javadoc] C:\Users\toru\.jenkins\jobs\SakuraVPS_Git_Lambda_Java\workspace\learn\java\lambda\HelloLambda\dist\javadoc\hellolambda\HelloLambda.htmlÇÃê∂ê¨íÜ...
  [javadoc] C:\Users\toru\.jenkins\jobs\SakuraVPS_Git_Lambda_Java\workspace\learn\java\lambda\HelloLambda\dist\javadoc\hellolambda\package-frame.htmlÇÃê∂ê¨íÜ...
  [javadoc] C:\Users\toru\.jenkins\jobs\SakuraVPS_Git_Lambda_Java\workspace\learn\java\lambda\HelloLambda\dist\javadoc\hellolambda\package-summary.htmlÇÃê∂ê¨íÜ...
  [javadoc] C:\Users\toru\.jenkins\jobs\SakuraVPS_Git_Lambda_Java\workspace\learn\java\lambda\HelloLambda\dist\javadoc\hellolambda\package-tree.htmlÇÃê∂ê¨íÜ...
  [javadoc] C:\Users\toru\.jenkins\jobs\SakuraVPS_Git_Lambda_Java\workspace\learn\java\lambda\HelloLambda\dist\javadoc\constant-values.htmlÇÃê∂ê¨íÜ...
  [javadoc] C:\Users\toru\.jenkins\jobs\SakuraVPS_Git_Lambda_Java\workspace\learn\java\lambda\HelloLambda\dist\javadoc\serialized-form.htmlÇÃê∂ê¨íÜ...
  [javadoc] C:\Users\toru\.jenkins\jobs\SakuraVPS_Git_Lambda_Java\workspace\learn\java\lambda\HelloLambda\dist\javadoc\hellolambda\class-use\Hello.htmlÇÃê∂ê¨íÜ...
  [javadoc] C:\Users\toru\.jenkins\jobs\SakuraVPS_Git_Lambda_Java\workspace\learn\java\lambda\HelloLambda\dist\javadoc\hellolambda\class-use\HelloImpl.htmlÇÃê∂ê¨íÜ...
  [javadoc] C:\Users\toru\.jenkins\jobs\SakuraVPS_Git_Lambda_Java\workspace\learn\java\lambda\HelloLambda\dist\javadoc\hellolambda\class-use\HelloLambda.htmlÇÃê∂ê¨íÜ...
  [javadoc] C:\Users\toru\.jenkins\jobs\SakuraVPS_Git_Lambda_Java\workspace\learn\java\lambda\HelloLambda\dist\javadoc\hellolambda\package-use.htmlÇÃê∂ê¨íÜ...
  [javadoc] ëSÉpÉbÉPÅ[ÉWÇ∆ÉNÉâÉXÇÃÉCÉìÉfÉbÉNÉXÇçÏê¨ÇµÇƒÇ¢Ç‹Ç∑...
  [javadoc] C:\Users\toru\.jenkins\jobs\SakuraVPS_Git_Lambda_Java\workspace\learn\java\lambda\HelloLambda\dist\javadoc\overview-tree.htmlÇÃê∂ê¨íÜ...
  [javadoc] C:\Users\toru\.jenkins\jobs\SakuraVPS_Git_Lambda_Java\workspace\learn\java\lambda\HelloLambda\dist\javadoc\index-files\index-1.htmlÇÃê∂ê¨íÜ...
  [javadoc] C:\Users\toru\.jenkins\jobs\SakuraVPS_Git_Lambda_Java\workspace\learn\java\lambda\HelloLambda\dist\javadoc\index-files\index-2.htmlÇÃê∂ê¨íÜ...
  [javadoc] C:\Users\toru\.jenkins\jobs\SakuraVPS_Git_Lambda_Java\workspace\learn\java\lambda\HelloLambda\dist\javadoc\deprecated-list.htmlÇÃê∂ê¨íÜ...
  [javadoc] ëSÉNÉâÉXÇÃÉCÉìÉfÉbÉNÉXÇçÏê¨ÇµÇƒÇ¢Ç‹Ç∑...
  [javadoc] C:\Users\toru\.jenkins\jobs\SakuraVPS_Git_Lambda_Java\workspace\learn\java\lambda\HelloLambda\dist\javadoc\allclasses-frame.htmlÇÃê∂ê¨íÜ...
  [javadoc] C:\Users\toru\.jenkins\jobs\SakuraVPS_Git_Lambda_Java\workspace\learn\java\lambda\HelloLambda\dist\javadoc\allclasses-noframe.htmlÇÃê∂ê¨íÜ...
  [javadoc] C:\Users\toru\.jenkins\jobs\SakuraVPS_Git_Lambda_Java\workspace\learn\java\lambda\HelloLambda\dist\javadoc\index.htmlÇÃê∂ê¨íÜ...
  [javadoc] C:\Users\toru\.jenkins\jobs\SakuraVPS_Git_Lambda_Java\workspace\learn\java\lambda\HelloLambda\dist\javadoc\help-doc.htmlÇÃê∂ê¨íÜ...

[8mha:AAAAYB+LCAAAAAAAAP9b85aBtbiIQT6jNKU4P0+vJLE4u1gvPjGvRM8xryQksSg9tcQvvyTVvqNr/s+Vl9uYGBgqihikoKqT8/OK83NS9ZwhNEghAwQwghQWAADROOumXQAAAA==[0m-javadoc-browse:

[8mha:AAAAYB+LCAAAAAAAAP9b85aBtbiIQT6jNKU4P0+vJLE4u1gvPjGvRM8xryQksSg9tcQvvyTVvqNr/s+Vl9uYGBgqihikoKqT8/OK83NS9ZwhNEghAwQwghQWAADROOumXQAAAA==[0mjavadoc:

[8mha:AAAAYB+LCAAAAAAAAP9b85aBtbiIQT6jNKU4P0+vJLE4u1gvPjGvRM8xryQksSg9tcQvvyTVvqNr/s+Vl9uYGBgqihikoKqT8/OK83NS9ZwhNEghAwQwghQWAADROOumXQAAAA==[0mdefault:

[8mha:AAAAYB+LCAAAAAAAAP9b85aBtbiIQSGjNKU4P0+vJLE4u1gvPjGvRM8xr8S/tCQ5PzfVL78ktUuDM0uMry+HiYGhoohBCqo8OT+vOD8nVc8ZQoMUMkAAI0hhAQAUXUdTXgAAAA==[0mBUILD SUCCESSFUL
Total time: 8 seconds
[WARNINGS] Parsing warnings in console log with parser Java Compiler (javac)
Finished: SUCCESS
