итого 392
drwxr-xr-x.  15 jenkins jenkins  8192 окт 21 12:15 .
drwxr-xr-x.  27 root    root     4096 окт 21 03:43 ..
-rw-r--r--.   1 jenkins jenkins   493 окт 20 17:58 com.hello2morrow.sonargraph.jenkinsplugin.controller.SonargraphReportBuilder.xml
-rw-r--r--.   1 jenkins jenkins   526 окт 20 17:58 com.myyearbook.hudson.plugins.confluence.ConfluencePublisher.xml
-rw-r--r--.   1 jenkins jenkins   256 окт 20 17:58 com.nirima.jenkins.plugins.docker.DockerPluginConfiguration.xml
-rw-r--r--.   1 jenkins jenkins   262 окт 20 17:58 com.sonyericsson.rebuild.RebuildDescriptor.xml
-rw-r--r--.   1 jenkins jenkins 34029 окт 20 17:58 config.xml
-rw-r--r--.   1 root    root     1592 окт 17 14:45 config.xml_bak
-rw-r--r--.   1 jenkins jenkins  3262 окт 20 15:52 credentials.xml
-rw-r--r--.   1 jenkins jenkins   771 окт 20 17:58 docker-slaves.xml
drw-r--r--. 258 jenkins jenkins  8192 май 27 01:09 fingerprints
-rw-r--r--.   1 jenkins jenkins   214 окт 20 17:58 github-plugin-configuration.xml
drwxr-xr-x.   3 jenkins jenkins    19 окт 15 19:22 .groovy
-rw-r--r--.   1 jenkins jenkins 11327 окт 17 16:16 groovy-config-files.xml
-rw-r--r--.   1 jenkins jenkins   893 окт 20 17:58 hudson.maven.MavenModuleSet.xml
-rw-r--r--.   1 jenkins jenkins   159 окт 20 17:51 hudson.model.UpdateCenter.xml
-rw-r--r--.   1 jenkins jenkins 12850 окт 20 17:58 hudson.plugins.ansicolor.AnsiColorBuildWrapper.xml
-rw-r--r--.   1 jenkins jenkins   252 окт 20 17:58 hudson.plugins.build_timeout.operations.BuildStepOperation.xml
-rw-r--r--.   1 jenkins jenkins  1243 окт 20 17:58 hudson.plugins.emailext.ExtendedEmailPublisher.xml
-rw-r--r--.   1 jenkins jenkins   321 окт 20 17:58 hudson.plugins.git.GitSCM.xml
-rw-r--r--.   1 jenkins jenkins   370 окт 15 19:22 hudson.plugins.git.GitTool.xml
-rw-r--r--.   1 jenkins jenkins   288 окт 20 17:58 hudson.plugins.groovy.Groovy.xml
-rw-r--r--.   1 jenkins jenkins   815 окт 20 17:58 hudson.plugins.jira.JiraProjectProperty.xml
-rw-r--r--.   1 jenkins jenkins   241 окт 20 17:58 hudson.plugins.promoted_builds.GlobalBuildPromotedBuilds.xml
-rw-r--r--.   1 jenkins jenkins   274 апр 14  2016 hudson.plugins.sonar.MsBuildSQRunnerInstallation.xml
-rw-r--r--.   1 jenkins jenkins   226 окт 20 17:58 hudson.plugins.sonar.SonarGlobalConfiguration.xml
-rw-r--r--.   1 jenkins jenkins   217 апр 15  2016 hudson.plugins.sonar.SonarPublisher.xml
-rw-r--r--.   1 jenkins jenkins   203 апр 14  2016 hudson.plugins.sonar.SonarRunnerInstallation.xml
-rw-r--r--.   1 jenkins jenkins   346 окт 20 17:58 hudson.plugins.timestamper.TimestamperConfig.xml
-rw-r--r--.   1 jenkins jenkins   479 окт 20 17:58 hudson.scm.CVSSCM.xml
-rw-r--r--.   1 jenkins jenkins   392 окт 20 17:58 hudson.scm.SubversionSCM.xml
-rw-r--r--.   1 jenkins jenkins   515 апр 14  2016 hudson.tasks.Ant.xml
-rw-r--r--.   1 jenkins jenkins   339 окт 20 17:58 hudson.tasks.Mailer.xml
-rw-r--r--.   1 jenkins jenkins  1093 апр 14  2016 hudson.tasks.Maven.xml
-rw-r--r--.   1 jenkins jenkins    76 окт 20 17:58 hudson.tasks.Shell.xml
-rw-r--r--.   1 jenkins jenkins   216 окт 20 17:58 hudson.triggers.SCMTrigger.xml
-rw-------.   1 jenkins jenkins  1712 окт 17 14:52 identity.key.enc
drwxr-xr-x.   3 jenkins jenkins    18 окт 15 19:15 .java
-rw-r--r--.   1 jenkins jenkins  1365 окт 20 17:58 jenkins.advancedqueue.PriorityConfiguration.xml
-rw-r--r--.   1 jenkins jenkins   680 окт 20 17:58 jenkins.advancedqueue.PrioritySorterConfiguration.xml
-rw-r--r--.   1 jenkins jenkins     4 окт 18 17:20 jenkins.install.InstallUtil.lastExecVersion
-rw-r--r--.   1 jenkins jenkins     4 окт 15 19:23 jenkins.install.UpgradeWizard.state
-rw-r--r--.   1 jenkins jenkins   159 окт 20 17:58 jenkins.model.ArtifactManagerConfiguration.xml
-rw-r--r--.   1 jenkins jenkins   138 окт 11 18:25 jenkins.model.DownloadSettings.xml
-rw-r--r--.   1 jenkins jenkins   225 окт 20 17:58 jenkins.model.JenkinsLocationConfiguration.xml
-rw-r--r--.   1 jenkins jenkins   247 апр 14  2016 jenkins.mvn.GlobalMavenConfig.xml
-rw-r--r--.   1 jenkins jenkins   509 окт 20 17:58 jenkins.plugins.http_request.HttpRequest.xml
-rw-r--r--.   1 jenkins jenkins   975 окт 20 17:58 jenkins.plugins.publish_over_ftp.BapFtpPublisherPlugin.xml
-rw-r--r--.   1 jenkins jenkins   501 окт 20 17:58 jenkins.plugins.publish_over_ssh.BapSshPublisherPlugin.xml
-rw-r--r--.   1 jenkins jenkins   169 окт 11 18:25 jenkins.security.QueueItemAuthenticatorConfiguration.xml
lrwxrwxrwx.   1 jenkins jenkins     9 окт 18 11:24 jobs -> /srv/jobs
-rw-r--r--.   1 jenkins jenkins   999 окт 20 17:58 jp.ikedam.jenkins.plugins.extensible_choice_parameter.ExtensibleChoiceParameterDefinition.xml
-rw-r--r--.   1 jenkins jenkins   321 окт 20 17:58 jp.ikedam.jenkins.plugins.extensible_choice_parameter.GlobalTextareaChoiceListProvider.xml
-rw-r--r--.   1 jenkins jenkins   775 окт 20 17:58 jp.ikedam.jenkins.plugins.scoringloadbalancer.ScoringLoadBalancer.xml
drwxr-xr-x.   4 jenkins jenkins    31 окт 17 14:41 logs
-rw-r--r--.   1 jenkins jenkins   907 окт 20 17:51 nodeMonitors.xml
drwxr-xr-x.  18 jenkins jenkins  4096 окт 12 19:03 nodes
-rw-r--r--.   1 jenkins jenkins   290 окт 20 17:58 org.jenkinsci.plugins.bitbucket.BitbucketBuildStatusNotifier.xml
-rw-r--r--.   1 jenkins jenkins   418 окт 20 17:58 org.jenkinsci.plugins.conditionalbuildstep.singlestep.SingleConditionalBuilder.xml
-rw-r--r--.   1 jenkins jenkins   297 окт 20 17:58 org.jenkinsci.plugins.dockerbuildstep.DockerBuilder.xml
-rw-r--r--.   1 jenkins jenkins   317 окт 20 17:58 org.jenkinsci.plugins.ewm.steps.ExwsAllocateStep.xml
-rw-r--r--.   1 jenkins jenkins   293 окт 20 17:58 org.jenkinsci.plugins.ewm.steps.ExwsStep.xml
-rw-r--r--.   1 jenkins jenkins   254 апр 14  2016 org.jenkinsci.plugins.queuecleanup.QueueCleanup.xml
-rw-r--r--.   1 jenkins jenkins   308 окт 20 17:58 org.jenkinsci.plugins.runselector.selectors.TriggeringRunSelector.xml
-rw-r--r--.   1 jenkins jenkins   373 окт 21 12:15 org.jenkinsci.plugins.workflow.flow.FlowExecutionList.xml
-rw-r--r--.   1 jenkins jenkins   218 окт 20 17:58 org.jenkinsci.plugins.workflow.libs.GlobalLibraries.xml
-rw-r--r--.   1 jenkins jenkins    50 сен  1 14:20 org.jenkinsci.plugins.workflow.support.steps.StageStep.xml
-rw-r--r--.   1 jenkins jenkins    59 окт 21 11:42 .owner
drwxr-xr-x. 140 jenkins jenkins 16384 окт 20 17:51 plugins
-rw-r--r--.   1 jenkins jenkins  1297 окт 20 16:58 queue.xml.bak
-rw-r--r--.   1 jenkins jenkins 18533 окт 20 18:56 scriptApproval.xml
-rw-r--r--.   1 jenkins jenkins    64 окт 28  2015 secret.key
-rw-r--r--.   1 jenkins jenkins     0 окт 15 19:15 secret.key.not-so-secret
drwx------.   4 jenkins jenkins  4096 окт 17 14:50 secrets
drwx------.   4 root    root     4096 окт 17 14:50 secrets_bak
-rw-r--r--.   1 jenkins jenkins   174 окт 20 17:58 sidebar-link.xml
lrwxrwxrwx.   1 root    root       18 окт 20 16:10 .ssh -> /home/jenkins/.ssh
drwxr-xr-x.   3 jenkins jenkins    61 окт 18 22:01 .subversion
drwxr-xr-x.   2 jenkins jenkins  4096 окт 19 17:53 updates
drwxr-xr-x.   2 jenkins jenkins    23 окт 15 19:15 userContent
drw-r--r--.  90 jenkins jenkins  4096 окт 16 16:47 users
drwxr-xr-x.   2 jenkins jenkins     6 окт 15 19:22 workflow-libs
lrwxrwxrwx.   1 root    root       23 окт 21 12:15 workspace -> /home/jenkins/workspace
