Thread Dump
ConnectorThread:[ajp13-8009]

"ConnectorThread:[ajp13-8009]" Id=13 Group=main RUNNABLE (in native)
	at java.net.PlainSocketImpl.socketAccept(Native Method)
	at java.net.AbstractPlainSocketImpl.accept(AbstractPlainSocketImpl.java:398)
	at java.net.ServerSocket.implAccept(ServerSocket.java:522)
	at java.net.ServerSocket.accept(ServerSocket.java:490)
	at winstone.ajp13.Ajp13Listener.run(Ajp13Listener.java:116)
	at java.lang.Thread.run(Thread.java:722)

ConnectorThread:[http-8080]

"ConnectorThread:[http-8080]" Id=12 Group=main RUNNABLE (in native)
	at java.net.PlainSocketImpl.socketAccept(Native Method)
	at java.net.AbstractPlainSocketImpl.accept(AbstractPlainSocketImpl.java:398)
	at java.net.ServerSocket.implAccept(ServerSocket.java:522)
	at java.net.ServerSocket.accept(ServerSocket.java:490)
	at winstone.HttpListener.run(HttpListener.java:136)
	at java.lang.Thread.run(Thread.java:722)

DestroyJavaVM

"DestroyJavaVM" Id=16 Group=main RUNNABLE

Executor #0 for master

"Executor #0 for master" Id=85 Group=main WAITING on hudson.model.Queue@45ffb254
	at java.lang.Object.wait(Native Method)
	-  waiting on hudson.model.Queue@45ffb254
	at java.lang.Object.wait(Object.java:503)
	at hudson.util.OneShotEvent.block(OneShotEvent.java:72)
	at hudson.model.Queue.pop(Queue.java:816)
	at hudson.model.Executor.grabJob(Executor.java:284)
	at hudson.model.Executor.run(Executor.java:205)

Executor #1 for master : executing Sugar6 #23

"Executor #1 for master : executing Sugar6 #23" Id=86 Group=main TIMED_WAITING
	at java.lang.Thread.sleep(Native Method)
	at org.tmatesoft.svn.core.internal.wc.SVNFileUtil.sleepForTimestamp(SVNFileUtil.java:1350)
	at org.tmatesoft.svn.core.internal.wc2.SvnLocalOperationRunner.sleepForTimestamp(SvnLocalOperationRunner.java:24)
	at org.tmatesoft.svn.core.internal.wc2.ng.SvnNgUpdate.run(SvnNgUpdate.java:49)
	at org.tmatesoft.svn.core.internal.wc2.ng.SvnNgUpdate.run(SvnNgUpdate.java:18)
	at org.tmatesoft.svn.core.internal.wc2.ng.SvnNgOperationRunner.run(SvnNgOperationRunner.java:20)
	at org.tmatesoft.svn.core.internal.wc2.SvnOperationRunner.run(SvnOperationRunner.java:20)
	at org.tmatesoft.svn.core.wc2.SvnOperationFactory.run(SvnOperationFactory.java:1221)
	at org.tmatesoft.svn.core.wc2.SvnOperation.run(SvnOperation.java:292)
	at org.tmatesoft.svn.core.wc.SVNUpdateClient.doUpdate(SVNUpdateClient.java:315)
	at org.tmatesoft.svn.core.wc.SVNUpdateClient.doUpdate(SVNUpdateClient.java:295)
	at org.tmatesoft.svn.core.wc.SVNUpdateClient.doUpdate(SVNUpdateClient.java:391)
	at hudson.scm.subversion.UpdateUpdater$TaskImpl.perform(UpdateUpdater.java:136)
	at hudson.scm.subversion.WorkspaceUpdater$UpdateTask.delegateTo(WorkspaceUpdater.java:144)
	at hudson.scm.SubversionSCM$CheckOutTask.perform(SubversionSCM.java:789)
	at hudson.scm.SubversionSCM$CheckOutTask.invoke(SubversionSCM.java:770)
	at hudson.scm.SubversionSCM$CheckOutTask.invoke(SubversionSCM.java:753)
	at hudson.FilePath.act(FilePath.java:842)
	at hudson.FilePath.act(FilePath.java:824)
	at hudson.scm.SubversionSCM.checkout(SubversionSCM.java:743)
	at hudson.scm.SubversionSCM.checkout(SubversionSCM.java:685)
	at hudson.model.AbstractProject.checkout(AbstractProject.java:1256)
	at hudson.model.AbstractBuild$AbstractBuildExecution.defaultCheckout(AbstractBuild.java:589)
	at jenkins.scm.SCMCheckoutStrategy.checkout(SCMCheckoutStrategy.java:88)
	at hudson.model.AbstractBuild$AbstractBuildExecution.run(AbstractBuild.java:494)
	at hudson.model.Run.execute(Run.java:1502)
	at hudson.model.FreeStyleBuild.run(FreeStyleBuild.java:46)
	at hudson.model.ResourceController.execute(ResourceController.java:88)
	at hudson.model.Executor.run(Executor.java:236)

Handling GET /threadDump : RequestHandlerThread[#13]

"Handling GET /threadDump : RequestHandlerThread[#13]" Id=100 Group=main TIMED_WAITING on java.util.concurrent.FutureTask$Sync@5ec17df7
	at sun.misc.Unsafe.park(Native Method)
	-  waiting on java.util.concurrent.FutureTask$Sync@5ec17df7
	at java.util.concurrent.locks.LockSupport.parkNanos(LockSupport.java:226)
	at java.util.concurrent.locks.AbstractQueuedSynchronizer.doAcquireSharedNanos(AbstractQueuedSynchronizer.java:1033)
	at java.util.concurrent.locks.AbstractQueuedSynchronizer.tryAcquireSharedNanos(AbstractQueuedSynchronizer.java:1326)
	at java.util.concurrent.FutureTask$Sync.innerGet(FutureTask.java:257)
	at java.util.concurrent.FutureTask.get(FutureTask.java:119)
	at hudson.remoting.LocalChannel$2.get(LocalChannel.java:81)
	at jenkins.model.Jenkins.getAllThreadDumps(Jenkins.java:2790)
	at sun.reflect.NativeMethodAccessorImpl.invoke0(Native Method)
	at sun.reflect.NativeMethodAccessorImpl.invoke(NativeMethodAccessorImpl.java:57)
	at sun.reflect.DelegatingMethodAccessorImpl.invoke(DelegatingMethodAccessorImpl.java:43)
	at java.lang.reflect.Method.invoke(Method.java:601)
	at org.apache.commons.jexl.util.introspection.UberspectImpl$VelMethodImpl.invoke(UberspectImpl.java:258)
	at org.apache.commons.jexl.parser.ASTMethod.execute(ASTMethod.java:104)
	at org.apache.commons.jexl.parser.ASTReference.execute(ASTReference.java:83)
	at org.apache.commons.jexl.parser.ASTReference.value(ASTReference.java:57)
	at org.apache.commons.jexl.parser.ASTReferenceExpression.value(ASTReferenceExpression.java:51)
	at org.apache.commons.jexl.ExpressionImpl.evaluate(ExpressionImpl.java:80)
	at hudson.ExpressionFactory2$JexlExpression.evaluate(ExpressionFactory2.java:72)
	at org.apache.commons.jelly.expression.ExpressionSupport.evaluateRecurse(ExpressionSupport.java:61)
	at org.apache.commons.jelly.expression.ExpressionSupport.evaluateAsIterator(ExpressionSupport.java:94)
	at org.apache.commons.jelly.tags.core.ForEachTag.doTag(ForEachTag.java:89)
	at org.apache.commons.jelly.impl.TagScript.run(TagScript.java:270)
	at org.apache.commons.jelly.impl.ScriptBlock.run(ScriptBlock.java:95)
	at org.kohsuke.stapler.jelly.CallTagLibScript$1.run(CallTagLibScript.java:98)
	at org.apache.commons.jelly.tags.define.InvokeBodyTag.doTag(InvokeBodyTag.java:91)
	at org.apache.commons.jelly.impl.TagScript.run(TagScript.java:270)
	at org.apache.commons.jelly.impl.ScriptBlock.run(ScriptBlock.java:95)
	at org.apache.commons.jelly.tags.core.CoreTagLibrary$1.run(CoreTagLibrary.java:98)
	at org.apache.commons.jelly.impl.ScriptBlock.run(ScriptBlock.java:95)
	at org.apache.commons.jelly.tags.core.CoreTagLibrary$2.run(CoreTagLibrary.java:105)
	at org.kohsuke.stapler.jelly.CallTagLibScript.run(CallTagLibScript.java:119)
	at org.apache.commons.jelly.impl.ScriptBlock.run(ScriptBlock.java:95)
	at org.kohsuke.stapler.jelly.CallTagLibScript$1.run(CallTagLibScript.java:98)
	at org.apache.commons.jelly.tags.define.InvokeBodyTag.doTag(InvokeBodyTag.java:91)
	at org.apache.commons.jelly.impl.TagScript.run(TagScript.java:270)
	at org.apache.commons.jelly.impl.ScriptBlock.run(ScriptBlock.java:95)
	at org.kohsuke.stapler.jelly.ReallyStaticTagLibrary$1.run(ReallyStaticTagLibrary.java:99)
	at org.apache.commons.jelly.impl.ScriptBlock.run(ScriptBlock.java:95)
	at org.kohsuke.stapler.jelly.ReallyStaticTagLibrary$1.run(ReallyStaticTagLibrary.java:99)
	at org.kohsuke.stapler.jelly.ReallyStaticTagLibrary$1.run(ReallyStaticTagLibrary.java:99)
	at org.apache.commons.jelly.impl.ScriptBlock.run(ScriptBlock.java:95)
	at org.kohsuke.stapler.jelly.ReallyStaticTagLibrary$1.run(ReallyStaticTagLibrary.java:99)
	at org.apache.commons.jelly.impl.ScriptBlock.run(ScriptBlock.java:95)
	at org.kohsuke.stapler.jelly.ReallyStaticTagLibrary$1.run(ReallyStaticTagLibrary.java:99)
	at org.apache.commons.jelly.impl.ScriptBlock.run(ScriptBlock.java:95)
	at org.apache.commons.jelly.tags.core.CoreTagLibrary$2.run(CoreTagLibrary.java:105)
	at org.kohsuke.stapler.jelly.CallTagLibScript.run(CallTagLibScript.java:119)
	at org.apache.commons.jelly.tags.core.CoreTagLibrary$2.run(CoreTagLibrary.java:105)
	at org.kohsuke.stapler.jelly.JellyViewScript.run(JellyViewScript.java:81)
	at org.kohsuke.stapler.jelly.DefaultScriptInvoker.invokeScript(DefaultScriptInvoker.java:63)
	at org.kohsuke.stapler.jelly.DefaultScriptInvoker.invokeScript(DefaultScriptInvoker.java:53)
	at org.kohsuke.stapler.jelly.JellyFacet$1.dispatch(JellyFacet.java:95)
	at org.kohsuke.stapler.Stapler.tryInvoke(Stapler.java:574)
	at org.kohsuke.stapler.Stapler.invoke(Stapler.java:659)
	at org.kohsuke.stapler.Stapler.invoke(Stapler.java:488)
	at org.kohsuke.stapler.Stapler.service(Stapler.java:162)
	at javax.servlet.http.HttpServlet.service(HttpServlet.java:45)
	at winstone.ServletConfiguration.execute(ServletConfiguration.java:248)
	at winstone.RequestDispatcher.forward(RequestDispatcher.java:333)
	at winstone.RequestDispatcher.doFilter(RequestDispatcher.java:376)
	at hudson.util.PluginServletFilter$1.doFilter(PluginServletFilter.java:95)
	at hudson.util.PluginServletFilter.doFilter(PluginServletFilter.java:87)
	at winstone.FilterConfiguration.execute(FilterConfiguration.java:194)
	at winstone.RequestDispatcher.doFilter(RequestDispatcher.java:366)
	at hudson.security.csrf.CrumbFilter.doFilter(CrumbFilter.java:47)
	at winstone.FilterConfiguration.execute(FilterConfiguration.java:194)
	at winstone.RequestDispatcher.doFilter(RequestDispatcher.java:366)
	at hudson.security.ChainedServletFilter$1.doFilter(ChainedServletFilter.java:84)
	at hudson.security.UnwrapSecurityExceptionFilter.doFilter(UnwrapSecurityExceptionFilter.java:51)
	at hudson.security.ChainedServletFilter$1.doFilter(ChainedServletFilter.java:87)
	at org.acegisecurity.ui.ExceptionTranslationFilter.doFilter(ExceptionTranslationFilter.java:166)
	at hudson.security.ChainedServletFilter$1.doFilter(ChainedServletFilter.java:87)
	at org.acegisecurity.providers.anonymous.AnonymousProcessingFilter.doFilter(AnonymousProcessingFilter.java:125)
	at hudson.security.ChainedServletFilter$1.doFilter(ChainedServletFilter.java:87)
	at org.acegisecurity.ui.rememberme.RememberMeProcessingFilter.doFilter(RememberMeProcessingFilter.java:142)
	at hudson.security.ChainedServletFilter$1.doFilter(ChainedServletFilter.java:87)
	at org.acegisecurity.ui.AbstractProcessingFilter.doFilter(AbstractProcessingFilter.java:271)
	at hudson.security.ChainedServletFilter$1.doFilter(ChainedServletFilter.java:87)
	at org.acegisecurity.ui.basicauth.BasicProcessingFilter.doFilter(BasicProcessingFilter.java:173)
	at hudson.security.ChainedServletFilter$1.doFilter(ChainedServletFilter.java:87)
	at jenkins.security.ApiTokenFilter.doFilter(ApiTokenFilter.java:63)
	at hudson.security.ChainedServletFilter$1.doFilter(ChainedServletFilter.java:87)
	at org.acegisecurity.context.HttpSessionContextIntegrationFilter.doFilter(HttpSessionContextIntegrationFilter.java:249)
	at hudson.security.HttpSessionContextIntegrationFilter2.doFilter(HttpSessionContextIntegrationFilter2.java:66)
	at hudson.security.ChainedServletFilter$1.doFilter(ChainedServletFilter.java:87)
	at hudson.security.ChainedServletFilter.doFilter(ChainedServletFilter.java:76)
	at hudson.security.HudsonFilter.doFilter(HudsonFilter.java:164)
	at winstone.FilterConfiguration.execute(FilterConfiguration.java:194)
	at winstone.RequestDispatcher.doFilter(RequestDispatcher.java:366)
	at org.kohsuke.stapler.compression.CompressionFilter.doFilter(CompressionFilter.java:50)
	at winstone.FilterConfiguration.execute(FilterConfiguration.java:194)
	at winstone.RequestDispatcher.doFilter(RequestDispatcher.java:366)
	at hudson.util.CharacterEncodingFilter.doFilter(CharacterEncodingFilter.java:81)
	at winstone.FilterConfiguration.execute(FilterConfiguration.java:194)
	at winstone.RequestDispatcher.doFilter(RequestDispatcher.java:366)
	at winstone.RequestDispatcher.forward(RequestDispatcher.java:331)
	at winstone.RequestHandlerThread.processRequest(RequestHandlerThread.java:215)
	at winstone.RequestHandlerThread.run(RequestHandlerThread.java:138)
	at java.util.concurrent.Executors$RunnableAdapter.call(Executors.java:471)
	at java.util.concurrent.FutureTask$Sync.innerRun(FutureTask.java:334)
	at java.util.concurrent.FutureTask.run(FutureTask.java:166)
	at winstone.BoundedExecutorService$1.run(BoundedExecutorService.java:77)
	at java.util.concurrent.ThreadPoolExecutor.runWorker(ThreadPoolExecutor.java:1110)
	at java.util.concurrent.ThreadPoolExecutor$Worker.run(ThreadPoolExecutor.java:603)
	at java.lang.Thread.run(Thread.java:722)

	Number of locked synchronizers = 1
	- java.util.concurrent.ThreadPoolExecutor$Worker@7b126464

Jenkins cron thread

"Jenkins cron thread" Id=17 Group=main TIMED_WAITING on java.util.TaskQueue@1d7c1e90
	at java.lang.Object.wait(Native Method)
	-  waiting on java.util.TaskQueue@1d7c1e90
	at java.util.TimerThread.mainLoop(Timer.java:552)
	at java.util.TimerThread.run(Timer.java:505)

Jenkins UDP 33848 monitoring thread

"Jenkins UDP 33848 monitoring thread" Id=81 Group=main RUNNABLE (in native)
	at java.net.PlainDatagramSocketImpl.receive0(Native Method)
	-  locked java.net.PlainDatagramSocketImpl@5b981556
	at java.net.AbstractPlainDatagramSocketImpl.receive(AbstractPlainDatagramSocketImpl.java:145)
	-  locked java.net.PlainDatagramSocketImpl@5b981556
	at java.net.DatagramSocket.receive(DatagramSocket.java:786)
	-  locked java.net.DatagramPacket@70f1e111
	-  locked java.net.MulticastSocket@17ef5d05
	at hudson.UDPBroadcastThread.run(UDPBroadcastThread.java:79)

JmDNS(usi-crmapp03-mtka-usinternet-com.local.).State.Timer

"JmDNS(usi-crmapp03-mtka-usinternet-com.local.).State.Timer" Id=84 Group=main TIMED_WAITING on java.util.TaskQueue@1614ccb3
	at java.lang.Object.wait(Native Method)
	-  waiting on java.util.TaskQueue@1614ccb3
	at java.util.TimerThread.mainLoop(Timer.java:552)
	at java.util.TimerThread.run(Timer.java:505)

JmDNS(usi-crmapp03-mtka-usinternet-com.local.).Timer

"JmDNS(usi-crmapp03-mtka-usinternet-com.local.).Timer" Id=83 Group=main TIMED_WAITING on java.util.TaskQueue@2f8b0718
	at java.lang.Object.wait(Native Method)
	-  waiting on java.util.TaskQueue@2f8b0718
	at java.util.TimerThread.mainLoop(Timer.java:552)
	at java.util.TimerThread.run(Timer.java:505)

LauncherControlThread[ControlPort=-1]

"LauncherControlThread[ControlPort=-1]" Id=14 Group=main TIMED_WAITING
	at java.lang.Thread.sleep(Native Method)
	at winstone.Launcher.run(Launcher.java:265)
	at java.lang.Thread.run(Thread.java:722)

NioSocketAcceptor-1

"NioSocketAcceptor-1" Id=79 Group=main RUNNABLE (in native)
	at sun.nio.ch.EPollArrayWrapper.epollWait(Native Method)
	at sun.nio.ch.EPollArrayWrapper.poll(EPollArrayWrapper.java:228)
	at sun.nio.ch.EPollSelectorImpl.doSelect(EPollSelectorImpl.java:81)
	at sun.nio.ch.SelectorImpl.lockAndDoSelect(SelectorImpl.java:87)
	-  locked sun.nio.ch.Util$2@58bdae8a
	-  locked java.util.Collections$UnmodifiableSet@1724cfb8
	-  locked sun.nio.ch.EPollSelectorImpl@47929262
	at sun.nio.ch.SelectorImpl.select(SelectorImpl.java:98)
	at sun.nio.ch.SelectorImpl.select(SelectorImpl.java:102)
	at org.apache.mina.transport.socket.nio.NioSocketAcceptor.select(NioSocketAcceptor.java:285)
	at org.apache.mina.core.polling.AbstractPollingIoAcceptor$Acceptor.run(AbstractPollingIoAcceptor.java:401)
	at org.apache.mina.util.NamePreservingRunnable.run(NamePreservingRunnable.java:64)
	at java.util.concurrent.ThreadPoolExecutor.runWorker(ThreadPoolExecutor.java:1110)
	at java.util.concurrent.ThreadPoolExecutor$Worker.run(ThreadPoolExecutor.java:603)
	at java.lang.Thread.run(Thread.java:722)

	Number of locked synchronizers = 1
	- java.util.concurrent.ThreadPoolExecutor$Worker@2762b22a

pool-10-thread-1

"pool-10-thread-1" Id=87 Group=main WAITING on java.util.concurrent.locks.AbstractQueuedSynchronizer$ConditionObject@6c7a8a1e
	at sun.misc.Unsafe.park(Native Method)
	-  waiting on java.util.concurrent.locks.AbstractQueuedSynchronizer$ConditionObject@6c7a8a1e
	at java.util.concurrent.locks.LockSupport.park(LockSupport.java:186)
	at java.util.concurrent.locks.AbstractQueuedSynchronizer$ConditionObject.await(AbstractQueuedSynchronizer.java:2043)
	at java.util.concurrent.ScheduledThreadPoolExecutor$DelayedWorkQueue.take(ScheduledThreadPoolExecutor.java:1079)
	at java.util.concurrent.ScheduledThreadPoolExecutor$DelayedWorkQueue.take(ScheduledThreadPoolExecutor.java:807)
	at java.util.concurrent.ThreadPoolExecutor.getTask(ThreadPoolExecutor.java:1043)
	at java.util.concurrent.ThreadPoolExecutor.runWorker(ThreadPoolExecutor.java:1103)
	at java.util.concurrent.ThreadPoolExecutor$Worker.run(ThreadPoolExecutor.java:603)
	at java.lang.Thread.run(Thread.java:722)

pool-3-thread-25

"pool-3-thread-25" Id=552 Group=main RUNNABLE
	at sun.management.ThreadImpl.dumpThreads0(Native Method)
	at sun.management.ThreadImpl.dumpAllThreads(ThreadImpl.java:446)
	at hudson.Functions.getThreadInfos(Functions.java:878)
	at hudson.util.RemotingDiagnostics$GetThreadDump.call(RemotingDiagnostics.java:96)
	at hudson.util.RemotingDiagnostics$GetThreadDump.call(RemotingDiagnostics.java:92)
	at hudson.remoting.LocalChannel$1.call(LocalChannel.java:52)
	at java.util.concurrent.FutureTask$Sync.innerRun(FutureTask.java:334)
	at java.util.concurrent.FutureTask.run(FutureTask.java:166)
	at java.util.concurrent.ThreadPoolExecutor.runWorker(ThreadPoolExecutor.java:1110)
	at java.util.concurrent.ThreadPoolExecutor$Worker.run(ThreadPoolExecutor.java:603)
	at java.lang.Thread.run(Thread.java:722)

	Number of locked synchronizers = 1
	- java.util.concurrent.ThreadPoolExecutor$Worker@78ec76a3

RequestHandlerThread[#10]

"RequestHandlerThread[#10]" Id=75 Group=main WAITING on java.util.concurrent.SynchronousQueue$TransferStack@10d97b2d
	at sun.misc.Unsafe.park(Native Method)
	-  waiting on java.util.concurrent.SynchronousQueue$TransferStack@10d97b2d
	at java.util.concurrent.locks.LockSupport.park(LockSupport.java:186)
	at java.util.concurrent.SynchronousQueue$TransferStack.awaitFulfill(SynchronousQueue.java:458)
	at java.util.concurrent.SynchronousQueue$TransferStack.transfer(SynchronousQueue.java:359)
	at java.util.concurrent.SynchronousQueue.take(SynchronousQueue.java:925)
	at java.util.concurrent.ThreadPoolExecutor.getTask(ThreadPoolExecutor.java:1043)
	at java.util.concurrent.ThreadPoolExecutor.runWorker(ThreadPoolExecutor.java:1103)
	at java.util.concurrent.ThreadPoolExecutor$Worker.run(ThreadPoolExecutor.java:603)
	at java.lang.Thread.run(Thread.java:722)

RequestHandlerThread[#11]

"RequestHandlerThread[#11]" Id=76 Group=main WAITING on java.util.concurrent.SynchronousQueue$TransferStack@10d97b2d
	at sun.misc.Unsafe.park(Native Method)
	-  waiting on java.util.concurrent.SynchronousQueue$TransferStack@10d97b2d
	at java.util.concurrent.locks.LockSupport.park(LockSupport.java:186)
	at java.util.concurrent.SynchronousQueue$TransferStack.awaitFulfill(SynchronousQueue.java:458)
	at java.util.concurrent.SynchronousQueue$TransferStack.transfer(SynchronousQueue.java:359)
	at java.util.concurrent.SynchronousQueue.take(SynchronousQueue.java:925)
	at java.util.concurrent.ThreadPoolExecutor.getTask(ThreadPoolExecutor.java:1043)
	at java.util.concurrent.ThreadPoolExecutor.runWorker(ThreadPoolExecutor.java:1103)
	at java.util.concurrent.ThreadPoolExecutor$Worker.run(ThreadPoolExecutor.java:603)
	at java.lang.Thread.run(Thread.java:722)

RequestHandlerThread[#12]

"RequestHandlerThread[#12]" Id=77 Group=main WAITING on java.util.concurrent.SynchronousQueue$TransferStack@10d97b2d
	at sun.misc.Unsafe.park(Native Method)
	-  waiting on java.util.concurrent.SynchronousQueue$TransferStack@10d97b2d
	at java.util.concurrent.locks.LockSupport.park(LockSupport.java:186)
	at java.util.concurrent.SynchronousQueue$TransferStack.awaitFulfill(SynchronousQueue.java:458)
	at java.util.concurrent.SynchronousQueue$TransferStack.transfer(SynchronousQueue.java:359)
	at java.util.concurrent.SynchronousQueue.take(SynchronousQueue.java:925)
	at java.util.concurrent.ThreadPoolExecutor.getTask(ThreadPoolExecutor.java:1043)
	at java.util.concurrent.ThreadPoolExecutor.runWorker(ThreadPoolExecutor.java:1103)
	at java.util.concurrent.ThreadPoolExecutor$Worker.run(ThreadPoolExecutor.java:603)
	at java.lang.Thread.run(Thread.java:722)

RequestHandlerThread[#14]

"RequestHandlerThread[#14]" Id=101 Group=main RUNNABLE (in native)
	at java.net.SocketInputStream.socketRead0(Native Method)
	at java.net.SocketInputStream.read(SocketInputStream.java:150)
	at java.net.SocketInputStream.read(SocketInputStream.java:121)
	at java.net.SocketInputStream.read(SocketInputStream.java:203)
	at winstone.WinstoneInputStream.read(WinstoneInputStream.java:49)
	at javax.servlet.ServletInputStream.readLine(ServletInputStream.java:27)
	at winstone.WinstoneInputStream.readLine(WinstoneInputStream.java:108)
	at winstone.HttpListener.parseURI(HttpListener.java:238)
	at winstone.RequestHandlerThread.run(RequestHandlerThread.java:75)
	at java.util.concurrent.Executors$RunnableAdapter.call(Executors.java:471)
	at java.util.concurrent.FutureTask$Sync.innerRun(FutureTask.java:334)
	at java.util.concurrent.FutureTask.run(FutureTask.java:166)
	at winstone.BoundedExecutorService$1.run(BoundedExecutorService.java:77)
	at java.util.concurrent.ThreadPoolExecutor.runWorker(ThreadPoolExecutor.java:1110)
	at java.util.concurrent.ThreadPoolExecutor$Worker.run(ThreadPoolExecutor.java:603)
	at java.lang.Thread.run(Thread.java:722)

	Number of locked synchronizers = 1
	- java.util.concurrent.ThreadPoolExecutor$Worker@42d7721c

RequestHandlerThread[#15]

"RequestHandlerThread[#15]" Id=102 Group=main RUNNABLE (in native)
	at java.net.SocketInputStream.socketRead0(Native Method)
	at java.net.SocketInputStream.read(SocketInputStream.java:150)
	at java.net.SocketInputStream.read(SocketInputStream.java:121)
	at java.net.SocketInputStream.read(SocketInputStream.java:203)
	at winstone.WinstoneInputStream.read(WinstoneInputStream.java:49)
	at javax.servlet.ServletInputStream.readLine(ServletInputStream.java:27)
	at winstone.WinstoneInputStream.readLine(WinstoneInputStream.java:108)
	at winstone.HttpListener.parseURI(HttpListener.java:238)
	at winstone.RequestHandlerThread.run(RequestHandlerThread.java:75)
	at java.util.concurrent.Executors$RunnableAdapter.call(Executors.java:471)
	at java.util.concurrent.FutureTask$Sync.innerRun(FutureTask.java:334)
	at java.util.concurrent.FutureTask.run(FutureTask.java:166)
	at winstone.BoundedExecutorService$1.run(BoundedExecutorService.java:77)
	at java.util.concurrent.ThreadPoolExecutor.runWorker(ThreadPoolExecutor.java:1110)
	at java.util.concurrent.ThreadPoolExecutor$Worker.run(ThreadPoolExecutor.java:603)
	at java.lang.Thread.run(Thread.java:722)

	Number of locked synchronizers = 1
	- java.util.concurrent.ThreadPoolExecutor$Worker@438604c3

RequestHandlerThread[#16]

"RequestHandlerThread[#16]" Id=103 Group=main WAITING on java.util.concurrent.SynchronousQueue$TransferStack@10d97b2d
	at sun.misc.Unsafe.park(Native Method)
	-  waiting on java.util.concurrent.SynchronousQueue$TransferStack@10d97b2d
	at java.util.concurrent.locks.LockSupport.park(LockSupport.java:186)
	at java.util.concurrent.SynchronousQueue$TransferStack.awaitFulfill(SynchronousQueue.java:458)
	at java.util.concurrent.SynchronousQueue$TransferStack.transfer(SynchronousQueue.java:359)
	at java.util.concurrent.SynchronousQueue.take(SynchronousQueue.java:925)
	at java.util.concurrent.ThreadPoolExecutor.getTask(ThreadPoolExecutor.java:1043)
	at java.util.concurrent.ThreadPoolExecutor.runWorker(ThreadPoolExecutor.java:1103)
	at java.util.concurrent.ThreadPoolExecutor$Worker.run(ThreadPoolExecutor.java:603)
	at java.lang.Thread.run(Thread.java:722)

RequestHandlerThread[#17]

"RequestHandlerThread[#17]" Id=104 Group=main WAITING on java.util.concurrent.SynchronousQueue$TransferStack@10d97b2d
	at sun.misc.Unsafe.park(Native Method)
	-  waiting on java.util.concurrent.SynchronousQueue$TransferStack@10d97b2d
	at java.util.concurrent.locks.LockSupport.park(LockSupport.java:186)
	at java.util.concurrent.SynchronousQueue$TransferStack.awaitFulfill(SynchronousQueue.java:458)
	at java.util.concurrent.SynchronousQueue$TransferStack.transfer(SynchronousQueue.java:359)
	at java.util.concurrent.SynchronousQueue.take(SynchronousQueue.java:925)
	at java.util.concurrent.ThreadPoolExecutor.getTask(ThreadPoolExecutor.java:1043)
	at java.util.concurrent.ThreadPoolExecutor.runWorker(ThreadPoolExecutor.java:1103)
	at java.util.concurrent.ThreadPoolExecutor$Worker.run(ThreadPoolExecutor.java:603)
	at java.lang.Thread.run(Thread.java:722)

RequestHandlerThread[#18]

"RequestHandlerThread[#18]" Id=106 Group=main WAITING on java.util.concurrent.SynchronousQueue$TransferStack@10d97b2d
	at sun.misc.Unsafe.park(Native Method)
	-  waiting on java.util.concurrent.SynchronousQueue$TransferStack@10d97b2d
	at java.util.concurrent.locks.LockSupport.park(LockSupport.java:186)
	at java.util.concurrent.SynchronousQueue$TransferStack.awaitFulfill(SynchronousQueue.java:458)
	at java.util.concurrent.SynchronousQueue$TransferStack.transfer(SynchronousQueue.java:359)
	at java.util.concurrent.SynchronousQueue.take(SynchronousQueue.java:925)
	at java.util.concurrent.ThreadPoolExecutor.getTask(ThreadPoolExecutor.java:1043)
	at java.util.concurrent.ThreadPoolExecutor.runWorker(ThreadPoolExecutor.java:1103)
	at java.util.concurrent.ThreadPoolExecutor$Worker.run(ThreadPoolExecutor.java:603)
	at java.lang.Thread.run(Thread.java:722)

RequestHandlerThread[#19]

"RequestHandlerThread[#19]" Id=107 Group=main WAITING on java.util.concurrent.SynchronousQueue$TransferStack@10d97b2d
	at sun.misc.Unsafe.park(Native Method)
	-  waiting on java.util.concurrent.SynchronousQueue$TransferStack@10d97b2d
	at java.util.concurrent.locks.LockSupport.park(LockSupport.java:186)
	at java.util.concurrent.SynchronousQueue$TransferStack.awaitFulfill(SynchronousQueue.java:458)
	at java.util.concurrent.SynchronousQueue$TransferStack.transfer(SynchronousQueue.java:359)
	at java.util.concurrent.SynchronousQueue.take(SynchronousQueue.java:925)
	at java.util.concurrent.ThreadPoolExecutor.getTask(ThreadPoolExecutor.java:1043)
	at java.util.concurrent.ThreadPoolExecutor.runWorker(ThreadPoolExecutor.java:1103)
	at java.util.concurrent.ThreadPoolExecutor$Worker.run(ThreadPoolExecutor.java:603)
	at java.lang.Thread.run(Thread.java:722)

RequestHandlerThread[#1]

"RequestHandlerThread[#1]" Id=66 Group=main WAITING on java.util.concurrent.SynchronousQueue$TransferStack@10d97b2d
	at sun.misc.Unsafe.park(Native Method)
	-  waiting on java.util.concurrent.SynchronousQueue$TransferStack@10d97b2d
	at java.util.concurrent.locks.LockSupport.park(LockSupport.java:186)
	at java.util.concurrent.SynchronousQueue$TransferStack.awaitFulfill(SynchronousQueue.java:458)
	at java.util.concurrent.SynchronousQueue$TransferStack.transfer(SynchronousQueue.java:359)
	at java.util.concurrent.SynchronousQueue.take(SynchronousQueue.java:925)
	at java.util.concurrent.ThreadPoolExecutor.getTask(ThreadPoolExecutor.java:1043)
	at java.util.concurrent.ThreadPoolExecutor.runWorker(ThreadPoolExecutor.java:1103)
	at java.util.concurrent.ThreadPoolExecutor$Worker.run(ThreadPoolExecutor.java:603)
	at java.lang.Thread.run(Thread.java:722)

RequestHandlerThread[#20]

"RequestHandlerThread[#20]" Id=108 Group=main WAITING on java.util.concurrent.SynchronousQueue$TransferStack@10d97b2d
	at sun.misc.Unsafe.park(Native Method)
	-  waiting on java.util.concurrent.SynchronousQueue$TransferStack@10d97b2d
	at java.util.concurrent.locks.LockSupport.park(LockSupport.java:186)
	at java.util.concurrent.SynchronousQueue$TransferStack.awaitFulfill(SynchronousQueue.java:458)
	at java.util.concurrent.SynchronousQueue$TransferStack.transfer(SynchronousQueue.java:359)
	at java.util.concurrent.SynchronousQueue.take(SynchronousQueue.java:925)
	at java.util.concurrent.ThreadPoolExecutor.getTask(ThreadPoolExecutor.java:1043)
	at java.util.concurrent.ThreadPoolExecutor.runWorker(ThreadPoolExecutor.java:1103)
	at java.util.concurrent.ThreadPoolExecutor$Worker.run(ThreadPoolExecutor.java:603)
	at java.lang.Thread.run(Thread.java:722)

RequestHandlerThread[#2]

"RequestHandlerThread[#2]" Id=67 Group=main WAITING on java.util.concurrent.SynchronousQueue$TransferStack@10d97b2d
	at sun.misc.Unsafe.park(Native Method)
	-  waiting on java.util.concurrent.SynchronousQueue$TransferStack@10d97b2d
	at java.util.concurrent.locks.LockSupport.park(LockSupport.java:186)
	at java.util.concurrent.SynchronousQueue$TransferStack.awaitFulfill(SynchronousQueue.java:458)
	at java.util.concurrent.SynchronousQueue$TransferStack.transfer(SynchronousQueue.java:359)
	at java.util.concurrent.SynchronousQueue.take(SynchronousQueue.java:925)
	at java.util.concurrent.ThreadPoolExecutor.getTask(ThreadPoolExecutor.java:1043)
	at java.util.concurrent.ThreadPoolExecutor.runWorker(ThreadPoolExecutor.java:1103)
	at java.util.concurrent.ThreadPoolExecutor$Worker.run(ThreadPoolExecutor.java:603)
	at java.lang.Thread.run(Thread.java:722)

RequestHandlerThread[#3]

"RequestHandlerThread[#3]" Id=68 Group=main WAITING on java.util.concurrent.SynchronousQueue$TransferStack@10d97b2d
	at sun.misc.Unsafe.park(Native Method)
	-  waiting on java.util.concurrent.SynchronousQueue$TransferStack@10d97b2d
	at java.util.concurrent.locks.LockSupport.park(LockSupport.java:186)
	at java.util.concurrent.SynchronousQueue$TransferStack.awaitFulfill(SynchronousQueue.java:458)
	at java.util.concurrent.SynchronousQueue$TransferStack.transfer(SynchronousQueue.java:359)
	at java.util.concurrent.SynchronousQueue.take(SynchronousQueue.java:925)
	at java.util.concurrent.ThreadPoolExecutor.getTask(ThreadPoolExecutor.java:1043)
	at java.util.concurrent.ThreadPoolExecutor.runWorker(ThreadPoolExecutor.java:1103)
	at java.util.concurrent.ThreadPoolExecutor$Worker.run(ThreadPoolExecutor.java:603)
	at java.lang.Thread.run(Thread.java:722)

RequestHandlerThread[#4]

"RequestHandlerThread[#4]" Id=69 Group=main WAITING on java.util.concurrent.SynchronousQueue$TransferStack@10d97b2d
	at sun.misc.Unsafe.park(Native Method)
	-  waiting on java.util.concurrent.SynchronousQueue$TransferStack@10d97b2d
	at java.util.concurrent.locks.LockSupport.park(LockSupport.java:186)
	at java.util.concurrent.SynchronousQueue$TransferStack.awaitFulfill(SynchronousQueue.java:458)
	at java.util.concurrent.SynchronousQueue$TransferStack.transfer(SynchronousQueue.java:359)
	at java.util.concurrent.SynchronousQueue.take(SynchronousQueue.java:925)
	at java.util.concurrent.ThreadPoolExecutor.getTask(ThreadPoolExecutor.java:1043)
	at java.util.concurrent.ThreadPoolExecutor.runWorker(ThreadPoolExecutor.java:1103)
	at java.util.concurrent.ThreadPoolExecutor$Worker.run(ThreadPoolExecutor.java:603)
	at java.lang.Thread.run(Thread.java:722)

RequestHandlerThread[#5]

"RequestHandlerThread[#5]" Id=70 Group=main WAITING on java.util.concurrent.SynchronousQueue$TransferStack@10d97b2d
	at sun.misc.Unsafe.park(Native Method)
	-  waiting on java.util.concurrent.SynchronousQueue$TransferStack@10d97b2d
	at java.util.concurrent.locks.LockSupport.park(LockSupport.java:186)
	at java.util.concurrent.SynchronousQueue$TransferStack.awaitFulfill(SynchronousQueue.java:458)
	at java.util.concurrent.SynchronousQueue$TransferStack.transfer(SynchronousQueue.java:359)
	at java.util.concurrent.SynchronousQueue.take(SynchronousQueue.java:925)
	at java.util.concurrent.ThreadPoolExecutor.getTask(ThreadPoolExecutor.java:1043)
	at java.util.concurrent.ThreadPoolExecutor.runWorker(ThreadPoolExecutor.java:1103)
	at java.util.concurrent.ThreadPoolExecutor$Worker.run(ThreadPoolExecutor.java:603)
	at java.lang.Thread.run(Thread.java:722)

RequestHandlerThread[#6]

"RequestHandlerThread[#6]" Id=71 Group=main WAITING on java.util.concurrent.SynchronousQueue$TransferStack@10d97b2d
	at sun.misc.Unsafe.park(Native Method)
	-  waiting on java.util.concurrent.SynchronousQueue$TransferStack@10d97b2d
	at java.util.concurrent.locks.LockSupport.park(LockSupport.java:186)
	at java.util.concurrent.SynchronousQueue$TransferStack.awaitFulfill(SynchronousQueue.java:458)
	at java.util.concurrent.SynchronousQueue$TransferStack.transfer(SynchronousQueue.java:359)
	at java.util.concurrent.SynchronousQueue.take(SynchronousQueue.java:925)
	at java.util.concurrent.ThreadPoolExecutor.getTask(ThreadPoolExecutor.java:1043)
	at java.util.concurrent.ThreadPoolExecutor.runWorker(ThreadPoolExecutor.java:1103)
	at java.util.concurrent.ThreadPoolExecutor$Worker.run(ThreadPoolExecutor.java:603)
	at java.lang.Thread.run(Thread.java:722)

RequestHandlerThread[#7]

"RequestHandlerThread[#7]" Id=72 Group=main WAITING on java.util.concurrent.SynchronousQueue$TransferStack@10d97b2d
	at sun.misc.Unsafe.park(Native Method)
	-  waiting on java.util.concurrent.SynchronousQueue$TransferStack@10d97b2d
	at java.util.concurrent.locks.LockSupport.park(LockSupport.java:186)
	at java.util.concurrent.SynchronousQueue$TransferStack.awaitFulfill(SynchronousQueue.java:458)
	at java.util.concurrent.SynchronousQueue$TransferStack.transfer(SynchronousQueue.java:359)
	at java.util.concurrent.SynchronousQueue.take(SynchronousQueue.java:925)
	at java.util.concurrent.ThreadPoolExecutor.getTask(ThreadPoolExecutor.java:1043)
	at java.util.concurrent.ThreadPoolExecutor.runWorker(ThreadPoolExecutor.java:1103)
	at java.util.concurrent.ThreadPoolExecutor$Worker.run(ThreadPoolExecutor.java:603)
	at java.lang.Thread.run(Thread.java:722)

RequestHandlerThread[#8]

"RequestHandlerThread[#8]" Id=73 Group=main WAITING on java.util.concurrent.SynchronousQueue$TransferStack@10d97b2d
	at sun.misc.Unsafe.park(Native Method)
	-  waiting on java.util.concurrent.SynchronousQueue$TransferStack@10d97b2d
	at java.util.concurrent.locks.LockSupport.park(LockSupport.java:186)
	at java.util.concurrent.SynchronousQueue$TransferStack.awaitFulfill(SynchronousQueue.java:458)
	at java.util.concurrent.SynchronousQueue$TransferStack.transfer(SynchronousQueue.java:359)
	at java.util.concurrent.SynchronousQueue.take(SynchronousQueue.java:925)
	at java.util.concurrent.ThreadPoolExecutor.getTask(ThreadPoolExecutor.java:1043)
	at java.util.concurrent.ThreadPoolExecutor.runWorker(ThreadPoolExecutor.java:1103)
	at java.util.concurrent.ThreadPoolExecutor$Worker.run(ThreadPoolExecutor.java:603)
	at java.lang.Thread.run(Thread.java:722)

RequestHandlerThread[#9]

"RequestHandlerThread[#9]" Id=74 Group=main WAITING on java.util.concurrent.SynchronousQueue$TransferStack@10d97b2d
	at sun.misc.Unsafe.park(Native Method)
	-  waiting on java.util.concurrent.SynchronousQueue$TransferStack@10d97b2d
	at java.util.concurrent.locks.LockSupport.park(LockSupport.java:186)
	at java.util.concurrent.SynchronousQueue$TransferStack.awaitFulfill(SynchronousQueue.java:458)
	at java.util.concurrent.SynchronousQueue$TransferStack.transfer(SynchronousQueue.java:359)
	at java.util.concurrent.SynchronousQueue.take(SynchronousQueue.java:925)
	at java.util.concurrent.ThreadPoolExecutor.getTask(ThreadPoolExecutor.java:1043)
	at java.util.concurrent.ThreadPoolExecutor.runWorker(ThreadPoolExecutor.java:1103)
	at java.util.concurrent.ThreadPoolExecutor$Worker.run(ThreadPoolExecutor.java:603)
	at java.lang.Thread.run(Thread.java:722)

SocketListener(usi-crmapp03-mtka-usinternet-com.local.)

"SocketListener(usi-crmapp03-mtka-usinternet-com.local.)" Id=82 Group=main RUNNABLE (in native)
	at java.net.PlainDatagramSocketImpl.receive0(Native Method)
	-  locked java.net.PlainDatagramSocketImpl@507ed10a
	at java.net.AbstractPlainDatagramSocketImpl.receive(AbstractPlainDatagramSocketImpl.java:145)
	-  locked java.net.PlainDatagramSocketImpl@507ed10a
	at java.net.DatagramSocket.receive(DatagramSocket.java:786)
	-  locked java.net.DatagramPacket@6bb1a1a1
	-  locked java.net.MulticastSocket@5aea8843
	at javax.jmdns.impl.SocketListener.run(SocketListener.java:41)

TCP slave agent listener port=0

"TCP slave agent listener port=0" Id=80 Group=main RUNNABLE (in native)
	at java.net.PlainSocketImpl.socketAccept(Native Method)
	at java.net.AbstractPlainSocketImpl.accept(AbstractPlainSocketImpl.java:398)
	at java.net.ServerSocket.implAccept(ServerSocket.java:522)
	at java.net.ServerSocket.accept(ServerSocket.java:490)
	at hudson.TcpSlaveAgentListener.run(TcpSlaveAgentListener.java:91)

Thread-33

"Thread-33" Id=545 Group=main RUNNABLE (in native)
	at java.net.SocketInputStream.socketRead0(Native Method)
	at java.net.SocketInputStream.read(SocketInputStream.java:150)
	at java.net.SocketInputStream.read(SocketInputStream.java:121)
	at java.io.BufferedInputStream.fill(BufferedInputStream.java:235)
	at java.io.BufferedInputStream.read1(BufferedInputStream.java:275)
	at java.io.BufferedInputStream.read(BufferedInputStream.java:334)
	-  locked java.io.BufferedInputStream@5af1eba8
	at com.sun.jndi.ldap.Connection.run(Connection.java:849)
	at java.lang.Thread.run(Thread.java:722)

Thread-34

"Thread-34" Id=546 Group=main RUNNABLE (in native)
	at java.net.SocketInputStream.socketRead0(Native Method)
	at java.net.SocketInputStream.read(SocketInputStream.java:150)
	at java.net.SocketInputStream.read(SocketInputStream.java:121)
	at java.io.BufferedInputStream.fill(BufferedInputStream.java:235)
	at java.io.BufferedInputStream.read1(BufferedInputStream.java:275)
	at java.io.BufferedInputStream.read(BufferedInputStream.java:334)
	-  locked java.io.BufferedInputStream@3d5b16b7
	at com.sun.jndi.ldap.Connection.run(Connection.java:849)
	at java.lang.Thread.run(Thread.java:722)

Thread-35

"Thread-35" Id=547 Group=main RUNNABLE (in native)
	at java.net.SocketInputStream.socketRead0(Native Method)
	at java.net.SocketInputStream.read(SocketInputStream.java:150)
	at java.net.SocketInputStream.read(SocketInputStream.java:121)
	at java.io.BufferedInputStream.fill(BufferedInputStream.java:235)
	at java.io.BufferedInputStream.read1(BufferedInputStream.java:275)
	at java.io.BufferedInputStream.read(BufferedInputStream.java:334)
	-  locked java.io.BufferedInputStream@463916ff
	at com.sun.jndi.ldap.Connection.run(Connection.java:849)
	at java.lang.Thread.run(Thread.java:722)

Timer-19

"Timer-19" Id=553 Group=main TIMED_WAITING on java.util.TaskQueue@19fb293f
	at java.lang.Object.wait(Native Method)
	-  waiting on java.util.TaskQueue@19fb293f
	at java.util.TimerThread.mainLoop(Timer.java:552)
	at java.util.TimerThread.run(Timer.java:505)

ViewJob reload thread

"ViewJob reload thread" Id=78 Group=main TIMED_WAITING on java.util.LinkedHashSet@67c884a3
	at java.lang.Object.wait(Native Method)
	-  waiting on java.util.LinkedHashSet@67c884a3
	at hudson.model.ViewJob$ReloadThread.getNext(ViewJob.java:171)
	at hudson.model.ViewJob$ReloadThread.run(ViewJob.java:188)

WinstoneHostConfigurationMgmt:default

"WinstoneHostConfigurationMgmt:default" Id=11 Group=main TIMED_WAITING
	at java.lang.Thread.sleep(Native Method)
	at winstone.HostConfiguration.run(HostConfiguration.java:174)
	at java.lang.Thread.run(Thread.java:722)

Finalizer

"Finalizer" Id=3 Group=system WAITING on java.lang.ref.ReferenceQueue$Lock@71064278
	at java.lang.Object.wait(Native Method)
	-  waiting on java.lang.ref.ReferenceQueue$Lock@71064278
	at java.lang.ref.ReferenceQueue.remove(ReferenceQueue.java:135)
	at java.lang.ref.ReferenceQueue.remove(ReferenceQueue.java:151)
	at java.lang.ref.Finalizer$FinalizerThread.run(Finalizer.java:177)

Java2D Disposer

"Java2D Disposer" Id=9 Group=system WAITING on java.lang.ref.ReferenceQueue$Lock@3fba8f0f
	at java.lang.Object.wait(Native Method)
	-  waiting on java.lang.ref.ReferenceQueue$Lock@3fba8f0f
	at java.lang.ref.ReferenceQueue.remove(ReferenceQueue.java:135)
	at java.lang.ref.ReferenceQueue.remove(ReferenceQueue.java:151)
	at sun.java2d.Disposer.run(Disposer.java:145)
	at java.lang.Thread.run(Thread.java:722)

Reference Handler

"Reference Handler" Id=2 Group=system WAITING on java.lang.ref.Reference$Lock@51f60e40
	at java.lang.Object.wait(Native Method)
	-  waiting on java.lang.ref.Reference$Lock@51f60e40
	at java.lang.Object.wait(Object.java:503)
	at java.lang.ref.Reference$ReferenceHandler.run(Reference.java:133)

Signal Dispatcher

"Signal Dispatcher" Id=4 Group=system RUNNABLE

