[DEBUG] org.sonatype.tycho:tycho-maven-plugin:jar:0.10.0:
[DEBUG]    org.sonatype.tycho:tycho-osgi-components:jar:0.10.0:compile
[DEBUG]       org.apache.maven:maven-core:jar:3.0-beta-1:compile
[DEBUG]          org.apache.maven:maven-model:jar:3.0-beta-1:compile
[DEBUG]          org.apache.maven:maven-settings:jar:3.0-beta-1:compile
[DEBUG]          org.apache.maven:maven-artifact:jar:3.0-beta-1:compile
[DEBUG]          org.apache.maven:maven-model-builder:jar:3.0-beta-1:compile
[DEBUG]          org.codehaus.plexus:plexus-interpolation:jar:1.11:compile
[DEBUG]          org.codehaus.plexus:plexus-classworlds:jar:2.2.3:compile
[DEBUG]          org.sonatype.plexus:plexus-sec-dispatcher:jar:1.3:compile
[DEBUG]             org.sonatype.plexus:plexus-cipher:jar:1.4:compile
[DEBUG]       org.apache.maven:maven-plugin-api:jar:3.0-beta-1:compile
[DEBUG]       org.codehaus.plexus:plexus-utils:jar:2.0.3:compile
[DEBUG]       org.codehaus.plexus:plexus-archiver:jar:1.0-alpha-12:compile
[DEBUG]          org.codehaus.plexus:plexus-io:jar:1.0-alpha-4:compile
[DEBUG]       de.pdark:decentxml:jar:1.3:compile
[DEBUG]       org.sonatype.tycho:org.eclipse.osgi:jar:3.6.0.v20100517:compile
[DEBUG]       org.sonatype.tycho:tycho-equinox:jar:0.10.0:compile
[DEBUG]    org.sonatype.tycho:tycho-p2-facade:jar:0.10.0:compile
[DEBUG]       org.codehaus.plexus:plexus-component-annotations:jar:1.5.4:compile
[DEBUG]       org.codehaus.plexus:plexus-container-default:jar:1.5.4:compile
[DEBUG]          org.apache.xbean:xbean-reflect:jar:3.4:compile
[DEBUG]             log4j:log4j:jar:1.2.12:compile
[DEBUG]             commons-logging:commons-logging-api:jar:1.1:compile
[DEBUG]          com.google.collections:google-collections:jar:1.0:compile
[DEBUG]          junit:junit:jar:4.1:compile (version managed from 3.8.2)
[DEBUG]       org.sonatype.tycho:org.sonatype.tycho.p2:jar:0.10.0:compile
[DEBUG]       org.apache.maven:maven-compat:jar:3.0-beta-1:compile
[DEBUG]          org.apache.maven.wagon:wagon-provider-api:jar:1.0-beta-6:compile
[DEBUG]    org.sonatype.tycho:tycho-p2-runtime:zip:0.10.0:compile
[DEBUG] Created new class realm maven.api
[DEBUG] Importing foreign packages into class realm maven.api
[DEBUG]   Imported: org.apache.maven.wagon.events < maven
[DEBUG]   Imported: org.sonatype.aether.transfer < maven
[DEBUG]   Imported: org.apache.maven.exception < maven
[DEBUG]   Imported: org.sonatype.aether.metadata < maven
[DEBUG]   Imported: org.codehaus.plexus.util.xml.Xpp3Dom < maven
[DEBUG]   Imported: org.sonatype.aether.collection < maven
[DEBUG]   Imported: org.sonatype.aether.version < maven
[DEBUG]   Imported: org.apache.maven.monitor < maven
[DEBUG]   Imported: org.apache.maven.wagon.repository < maven
[DEBUG]   Imported: org.apache.maven.repository < maven
[DEBUG]   Imported: org.apache.maven.wagon.resource < maven
[DEBUG]   Imported: org.codehaus.plexus.logging < maven
[DEBUG]   Imported: org.apache.maven.profiles < maven
[DEBUG]   Imported: org.sonatype.aether.repository < maven
[DEBUG]   Imported: org.apache.maven.classrealm < maven
[DEBUG]   Imported: org.apache.maven.execution < maven
[DEBUG]   Imported: org.sonatype.aether.artifact < maven
[DEBUG]   Imported: org.sonatype.aether.spi < maven
[DEBUG]   Imported: org.apache.maven.reporting < maven
[DEBUG]   Imported: org.apache.maven.usability < maven
[DEBUG]   Imported: org.codehaus.plexus.container < maven
[DEBUG]   Imported: org.codehaus.plexus.component < maven
[DEBUG]   Imported: org.codehaus.plexus.util.xml.pull.XmlSerializer < maven
[DEBUG]   Imported: org.apache.maven.wagon.authentication < maven
[DEBUG]   Imported: org.apache.maven.lifecycle < maven
[DEBUG]   Imported: org.codehaus.plexus.classworlds < maven
[DEBUG]   Imported: org.sonatype.aether.graph < maven
[DEBUG]   Imported: org.sonatype.aether.* < maven
[DEBUG]   Imported: org.apache.maven.settings < maven
[DEBUG]   Imported: org.codehaus.classworlds < maven
[DEBUG]   Imported: org.sonatype.aether.impl < maven
[DEBUG]   Imported: org.apache.maven.wagon.* < maven
[DEBUG]   Imported: org.apache.maven.toolchain < maven
[DEBUG]   Imported: org.sonatype.aether.deployment < maven
[DEBUG]   Imported: org.apache.maven.wagon.observers < maven
[DEBUG]   Imported: org.codehaus.plexus.util.xml.pull.XmlPullParserException < maven
[DEBUG]   Imported: org.codehaus.plexus.util.xml.pull.XmlPullParser < maven
[DEBUG]   Imported: org.apache.maven.configuration < maven
[DEBUG]   Imported: org.apache.maven.cli < maven
[DEBUG]   Imported: org.sonatype.aether.installation < maven
[DEBUG]   Imported: org.codehaus.plexus.context < maven
[DEBUG]   Imported: org.apache.maven.wagon.authorization < maven
[DEBUG]   Imported: org.apache.maven.project < maven
[DEBUG]   Imported: org.codehaus.plexus.lifecycle < maven
[DEBUG]   Imported: org.codehaus.plexus.configuration < maven
[DEBUG]   Imported: org.apache.maven.artifact < maven
[DEBUG]   Imported: org.apache.maven.model < maven
[DEBUG]   Imported: org.apache.maven.* < maven
[DEBUG]   Imported: org.apache.maven.wagon.proxy < maven
[DEBUG]   Imported: org.sonatype.aether.resolution < maven
[DEBUG]   Imported: org.apache.maven.plugin < maven
[DEBUG]   Imported: org.codehaus.plexus.* < maven
[DEBUG]   Imported: org.codehaus.plexus.personality < maven
[DEBUG] Populating class realm maven.api
[DEBUG] Created new class realm extension>org.sonatype.tycho:tycho-maven-plugin:0.10.0
[DEBUG] Importing foreign packages into class realm extension>org.sonatype.tycho:tycho-maven-plugin:0.10.0
[DEBUG]   Imported:  < maven.api
[DEBUG] Populating class realm extension>org.sonatype.tycho:tycho-maven-plugin:0.10.0
[DEBUG]   Included: org.sonatype.tycho:tycho-maven-plugin:jar:0.10.0
[DEBUG]   Included: org.sonatype.tycho:tycho-osgi-components:jar:0.10.0
[DEBUG]   Included: org.codehaus.plexus:plexus-interpolation:jar:1.11
[DEBUG]   Included: org.sonatype.plexus:plexus-sec-dispatcher:jar:1.3
[DEBUG]   Included: org.sonatype.plexus:plexus-cipher:jar:1.4
[DEBUG]   Included: org.codehaus.plexus:plexus-utils:jar:2.0.3
[DEBUG]   Included: org.codehaus.plexus:plexus-archiver:jar:1.0-alpha-12
[DEBUG]   Included: org.codehaus.plexus:plexus-io:jar:1.0-alpha-4
[DEBUG]   Included: de.pdark:decentxml:jar:1.3
[DEBUG]   Included: org.sonatype.tycho:org.eclipse.osgi:jar:3.6.0.v20100517
[DEBUG]   Included: org.sonatype.tycho:tycho-equinox:jar:0.10.0
[DEBUG]   Included: org.sonatype.tycho:tycho-p2-facade:jar:0.10.0
[DEBUG]   Included: org.codehaus.plexus:plexus-component-annotations:jar:1.5.4
[DEBUG]   Included: org.apache.xbean:xbean-reflect:jar:3.4
[DEBUG]   Included: log4j:log4j:jar:1.2.12
[DEBUG]   Included: commons-logging:commons-logging-api:jar:1.1
[DEBUG]   Included: com.google.collections:google-collections:jar:1.0
[DEBUG]   Included: junit:junit:jar:4.1
[DEBUG]   Included: org.sonatype.tycho:org.sonatype.tycho.p2:jar:0.10.0
[DEBUG]   Included: org.sonatype.tycho:tycho-p2-runtime:zip:0.10.0
[WARNING] ClassRealm[extension>org.sonatype.tycho:tycho-maven-plugin:0.10.0, parent: sun.misc.Launcher$AppClassLoader@553f5d07]
com.google.inject.internal.util.ComputationException: com.google.inject.internal.util.ComputationException: java.lang.NoClassDefFoundError: Lorg/codehaus/plexus/PlexusContainer;
        at com.google.inject.internal.util.MapMaker$StrategyImpl.compute(MapMaker.java:553)
        at com.google.inject.internal.util.MapMaker$StrategyImpl.compute(MapMaker.java:419)
        at com.google.inject.internal.util.CustomConcurrentHashMap$ComputingImpl.get(CustomConcurrentHashMap.java:2042)
        at com.google.inject.internal.FailableCache.get(FailableCache.java:48)
        at com.google.inject.internal.ConstructorInjectorStore.get(ConstructorInjectorStore.java:49)
        at com.google.inject.internal.ConstructorBindingImpl.initialize(ConstructorBindingImpl.java:125)
        at com.google.inject.internal.InjectorImpl.initializeBinding(InjectorImpl.java:486)
        at com.google.inject.internal.BindingProcessor$1$1.run(BindingProcessor.java:203)
        at com.google.inject.internal.BindingProcessor.initializeBindings(BindingProcessor.java:246)
        at com.google.inject.internal.InternalInjectorCreator.initializeStatically(InternalInjectorCreator.java:135)
        at com.google.inject.internal.InternalInjectorCreator.build(InternalInjectorCreator.java:119)
        at com.google.inject.InjectorBuilder.build(InjectorBuilder.java:100)
        at com.google.inject.Guice.createInjector(Guice.java:95)
        at com.google.inject.Guice.createInjector(Guice.java:72)
        at com.google.inject.Guice.createInjector(Guice.java:61)
        at org.codehaus.plexus.DefaultPlexusContainer.addPlexusInjector(DefaultPlexusContainer.java:448)
        at org.codehaus.plexus.DefaultPlexusContainer.discoverComponents(DefaultPlexusContainer.java:428)
        at org.apache.maven.project.DefaultProjectBuildingHelper.createProjectRealm(DefaultProjectBuildingHelper.java:258)
        at org.apache.maven.project.DefaultModelBuildingListener.buildExtensionsAssembled(DefaultModelBuildingListener.java:106)
        at org.apache.maven.model.building.ModelBuildingEventCatapult$1.fire(ModelBuildingEventCatapult.java:43)
        at org.apache.maven.model.building.DefaultModelBuilder.fireEvent(DefaultModelBuilder.java:1041)
        at org.apache.maven.model.building.DefaultModelBuilder.build(DefaultModelBuilder.java:391)
        at org.apache.maven.model.building.DefaultModelBuilder.build(DefaultModelBuilder.java:374)
        at org.apache.maven.model.building.DefaultModelBuilder.build(DefaultModelBuilder.java:365)
        at org.apache.maven.model.building.DefaultModelBuilder.build(DefaultModelBuilder.java:232)
        at org.apache.maven.project.DefaultProjectBuilder.build(DefaultProjectBuilder.java:135)
        at org.apache.maven.project.DefaultProjectBuilder.build(DefaultProjectBuilder.java:98)
        at hudson.maven.MavenEmbedder.readProject(MavenEmbedder.java:396)
        at hudson.maven.MavenModuleSetBuild$PomParser.invoke(MavenModuleSetBuild.java:1058)
        at hudson.maven.MavenModuleSetBuild$PomParser.invoke(MavenModuleSetBuild.java:943)
        at hudson.FilePath.act(FilePath.java:753)
        at hudson.FilePath.act(FilePath.java:735)
        at hudson.maven.MavenModuleSetBuild$RunnerImpl.parsePoms(MavenModuleSetBuild.java:661)
        at hudson.maven.MavenModuleSetBuild$RunnerImpl.doRun(MavenModuleSetBuild.java:498)
        at hudson.model.AbstractBuild$AbstractRunner.run(AbstractBuild.java:417)
        at hudson.model.Run.run(Run.java:1337)
        at hudson.maven.MavenModuleSetBuild.run(MavenModuleSetBuild.java:380)
        at hudson.model.ResourceController.execute(ResourceController.java:88)
        at hudson.model.Executor.run(Executor.java:140)
Caused by: com.google.inject.internal.util.ComputationException: java.lang.NoClassDefFoundError: Lorg/codehaus/plexus/PlexusContainer;
        at com.google.inject.internal.util.MapMaker$StrategyImpl.compute(MapMaker.java:553)
        at com.google.inject.internal.util.MapMaker$StrategyImpl.compute(MapMaker.java:419)
        at com.google.inject.internal.util.CustomConcurrentHashMap$ComputingImpl.get(CustomConcurrentHashMap.java:2042)
        at com.google.inject.internal.FailableCache.get(FailableCache.java:48)
        at com.google.inject.internal.MembersInjectorStore.get(MembersInjectorStore.java:65)
        at com.google.inject.internal.ConstructorInjectorStore.createConstructor(ConstructorInjectorStore.java:73)
        at com.google.inject.internal.ConstructorInjectorStore.access$000(ConstructorInjectorStore.java:28)
        at com.google.inject.internal.ConstructorInjectorStore$1.create(ConstructorInjectorStore.java:36)
        at com.google.inject.internal.ConstructorInjectorStore$1.create(ConstructorInjectorStore.java:34)
        at com.google.inject.internal.FailableCache$1.apply(FailableCache.java:37)
        at com.google.inject.internal.util.MapMaker$StrategyImpl.compute(MapMaker.java:549)
        ... 38 more
Caused by: java.lang.NoClassDefFoundError: Lorg/codehaus/plexus/PlexusContainer;
        at java.lang.Class.getDeclaredFields0(Native Method)
        at java.lang.Class.privateGetDeclaredFields(Class.java:2291)
        at java.lang.Class.getDeclaredFields(Class.java:1743)
        at com.google.inject.spi.InjectionPoint.getInjectionPoints(InjectionPoint.java:649)
        at com.google.inject.spi.InjectionPoint.forInstanceMethodsAndFields(InjectionPoint.java:356)
        at com.google.inject.internal.MembersInjectorStore.createWithListeners(MembersInjectorStore.java:90)
        at com.google.inject.internal.MembersInjectorStore.access$000(MembersInjectorStore.java:34)
        at com.google.inject.internal.MembersInjectorStore$1.create(MembersInjectorStore.java:42)
        at com.google.inject.internal.MembersInjectorStore$1.create(MembersInjectorStore.java:40)
        at com.google.inject.internal.FailableCache$1.apply(FailableCache.java:37)
        at com.google.inject.internal.util.MapMaker$StrategyImpl.compute(MapMaker.java:549)
        ... 48 more
Caused by: java.lang.ClassNotFoundException: org.codehaus.plexus.PlexusContainer
        at org.codehaus.plexus.classworlds.strategy.SelfFirstStrategy.loadClass(SelfFirstStrategy.java:50)
        at org.codehaus.plexus.classworlds.realm.ClassRealm.loadClass(ClassRealm.java:244)
        at org.codehaus.plexus.classworlds.realm.ClassRealm.loadClass(ClassRealm.java:230)
        ... 59 more
[DEBUG] Extension realms for project com.itsolut.mantis:parent:pom:3.1.6-SNAPSHOT: [ClassRealm[extension>org.sonatype.tycho:tycho-maven-plugin:0.10.0, parent: sun.misc.Launcher$AppClassLoader@553f5d07]]
[DEBUG] Created new class realm project>com.itsolut.mantis:parent:3.1.6-SNAPSHOT
[DEBUG] Populating class realm project>com.itsolut.mantis:parent:3.1.6-SNAPSHOT
[DEBUG] Looking up lifecyle mappings for packaging pom from ClassRealm[project>com.itsolut.mantis:parent:3.1.6-SNAPSHOT, parent: ClassRealm[maven.api, parent: null]]
[DEBUG] Extension realms for project com.itsolut.mantis:com.itsolut.mantis:eclipse-plugin:3.1.6-SNAPSHOT: [ClassRealm[extension>org.sonatype.tycho:tycho-maven-plugin:0.10.0, parent: sun.misc.Launcher$AppClassLoader@553f5d07]]
[DEBUG] Looking up lifecyle mappings for packaging eclipse-plugin from ClassRealm[project>com.itsolut.mantis:parent:3.1.6-SNAPSHOT, parent: ClassRealm[maven.api, parent: null]]
Dec 15, 2010 2:07:12 PM hudson.model.Run run
INFO: mylyn-mantis #5 main build action completed: FAILURE

