[2021-12-28T15:39:53.278Z] Executor number at runtime: 0
[2021-12-28T15:39:53.337Z] (p4):cmd:... p4 login -s
[2021-12-28T15:39:53.337Z] p4 login -s
[2021-12-28T15:39:53.337Z] 
[2021-12-28T15:39:53.352Z] User robot.obibok ticket expires in 140771 hours 34 minutes.
[2021-12-28T15:39:53.352Z] 
[2021-12-28T15:39:53.352Z] (p4):stop:3
[2021-12-28T15:39:53.354Z] (p4):cmd:... p4 client -o robot.obibok_idk300_sandbox_streams
[2021-12-28T15:39:53.354Z] p4 client -o robot.obibok_idk300_sandbox_streams
[2021-12-28T15:39:53.354Z] 
[2021-12-28T15:39:53.376Z] (p4):stop:4
[2021-12-28T15:39:53.381Z] (p4):cmd:... p4 client -o robot.obibok_idk300_sandbox_streams-jenkins-IDK447-pipelines-test-sand___
[2021-12-28T15:39:53.381Z] p4 client -o robot.obibok_idk300_sandbox_streams-jenkins-IDK447-pipelines-test-sandbox-development-0
[2021-12-28T15:39:53.381Z] 
[2021-12-28T15:39:53.398Z] (p4):stop:5
[2021-12-28T15:39:53.402Z] (p4):cmd:... p4 client -i
[2021-12-28T15:39:53.402Z] p4 client -i
[2021-12-28T15:39:53.402Z] 
[2021-12-28T15:39:53.421Z] Client robot.obibok_idk300_sandbox_streams-jenkins-IDK447-pipelines-test-sandbox-development-0 not changed.
[2021-12-28T15:39:53.421Z] 
[2021-12-28T15:39:53.421Z] (p4):stop:6
[2021-12-28T15:39:53.425Z] (p4):cmd:... p4 client -f -s -t robot.obibok_idk300_sandbox_streams robot.obibok_idk300_sandbox____
[2021-12-28T15:39:53.425Z] p4 client -f -s -t robot.obibok_idk300_sandbox_streams robot.obibok_idk300_sandbox_streams-jenkins-IDK447-pipelines-test-sandbox-development-0
[2021-12-28T15:39:53.425Z] 
[2021-12-28T15:39:53.444Z] Client robot.obibok_idk300_sandbox_streams-jenkins-IDK447-pipelines-test-sandbox-development-0 not changed.
[2021-12-28T15:39:53.444Z] 
[2021-12-28T15:39:53.444Z] (p4):stop:7
[2021-12-28T15:39:53.459Z] (p4):cmd:... p4 client -o robot.obibok_idk300_sandbox_streams-jenkins-IDK447-pipelines-test-sand___
[2021-12-28T15:39:53.459Z] p4 client -o robot.obibok_idk300_sandbox_streams-jenkins-IDK447-pipelines-test-sandbox-development-0
[2021-12-28T15:39:53.459Z] 
[2021-12-28T15:39:53.486Z] (p4):stop:8
[2021-12-28T15:39:53.489Z] (p4):cmd:... p4 info
[2021-12-28T15:39:53.489Z] p4 info
[2021-12-28T15:39:53.489Z] 
[2021-12-28T15:39:53.498Z] (p4):stop:9
[2021-12-28T15:39:53.500Z] (p4):cmd:... p4 info
[2021-12-28T15:39:53.500Z] p4 info
[2021-12-28T15:39:53.500Z] 
[2021-12-28T15:39:53.519Z] (p4):stop:10
[2021-12-28T15:39:53.525Z] (p4):cmd:... p4 client -o robot.obibok_idk300_sandbox_streams-jenkins-IDK447-pipelines-test-sand___
[2021-12-28T15:39:53.525Z] p4 client -o robot.obibok_idk300_sandbox_streams-jenkins-IDK447-pipelines-test-sandbox-development-0
[2021-12-28T15:39:53.525Z] 
[2021-12-28T15:39:53.535Z] (p4):stop:11
[2021-12-28T15:39:53.543Z] (p4):cmd:... p4 counter change
[2021-12-28T15:39:53.543Z] p4 counter change
[2021-12-28T15:39:53.543Z] 
[2021-12-28T15:39:53.555Z] (p4):stop:12
[2021-12-28T15:39:53.559Z] (p4):cmd:... p4 changes -m1 -ssubmitted //robot.obibok_idk300_sandbox_streams-jenkins-IDK447-pip___
[2021-12-28T15:39:53.559Z] p4 changes -m1 -ssubmitted //robot.obibok_idk300_sandbox_streams-jenkins-IDK447-pipelines-test-sandbox-development-0/...@234091
[2021-12-28T15:39:53.559Z] 
[2021-12-28T15:39:53.584Z] Change 233853 on 2021/12/22 by robot.obibok@robot.obibok_idk300_Jenkins_Pipelines_development 'Restore p4 trigger. @plawniczuk'
[2021-12-28T15:39:53.584Z] (p4):stop:13
[2021-12-28T15:39:53.584Z] P4: found 233853 revision in //robot.obibok_idk300_sandbox_streams-jenkins-IDK447-pipelines-test-sandbox-development-0/...@234091
[2021-12-28T15:39:53.589Z] (p4):cmd:... p4 changes -m1 -ssubmitted //robot.obibok_idk300_sandbox_streams-jenkins-IDK447-pip___
[2021-12-28T15:39:53.589Z] p4 changes -m1 -ssubmitted //robot.obibok_idk300_sandbox_streams-jenkins-IDK447-pipelines-test-sandbox-development-0/...@232853,233853
[2021-12-28T15:39:53.589Z] 
[2021-12-28T15:39:53.617Z] Change 233853 on 2021/12/22 by robot.obibok@robot.obibok_idk300_Jenkins_Pipelines_development 'Restore p4 trigger. @plawniczuk'
[2021-12-28T15:39:53.617Z] (p4):stop:14
[2021-12-28T15:39:53.617Z] P4: found 233853 revision in //robot.obibok_idk300_sandbox_streams-jenkins-IDK447-pipelines-test-sandbox-development-0/...@232853,233853
[2021-12-28T15:39:53.619Z] (p4):cmd:... p4 repos -C
[2021-12-28T15:39:53.619Z] p4 repos -C
[2021-12-28T15:39:53.619Z] 
[2021-12-28T15:39:53.632Z] (p4):stop:15
[2021-12-28T15:39:53.632Z] P4: builds: 233853 
[2021-12-28T15:39:53.749Z] Building on Node: IDK447
[2021-12-28T15:39:54.005Z] P4: saving built changes.
[2021-12-28T15:39:54.006Z] Found last change 233853 on syncID robot.obibok_idk300_sandbox_streams-jenkins-NODE_NAME-pipelines-test-sandbox-development-EXECUTOR_NUMBER
[2021-12-28T15:39:54.026Z] (p4):cmd:... p4 login -s
[2021-12-28T15:39:54.026Z] p4 login -s
[2021-12-28T15:39:54.026Z] 
[2021-12-28T15:39:54.034Z] User robot.obibok ticket expires in 140771 hours 34 minutes.
[2021-12-28T15:39:54.034Z] 
[2021-12-28T15:39:54.034Z] (p4):stop:3
[2021-12-28T15:39:54.036Z] (p4):cmd:... p4 client -o robot.obibok_idk300_sandbox_streams
[2021-12-28T15:39:54.036Z] p4 client -o robot.obibok_idk300_sandbox_streams
[2021-12-28T15:39:54.036Z] 
[2021-12-28T15:39:54.045Z] (p4):stop:4
[2021-12-28T15:39:54.046Z] (p4):cmd:... p4 client -o robot.obibok_idk300_sandbox_streams-jenkins-IDK447-pipelines-test-sand___
[2021-12-28T15:39:54.046Z] p4 client -o robot.obibok_idk300_sandbox_streams-jenkins-IDK447-pipelines-test-sandbox-development-0
[2021-12-28T15:39:54.046Z] 
[2021-12-28T15:39:54.055Z] (p4):stop:5
[2021-12-28T15:39:54.057Z] (p4):cmd:... p4 client -i
[2021-12-28T15:39:54.057Z] p4 client -i
[2021-12-28T15:39:54.057Z] 
[2021-12-28T15:39:54.069Z] Client robot.obibok_idk300_sandbox_streams-jenkins-IDK447-pipelines-test-sandbox-development-0 not changed.
[2021-12-28T15:39:54.069Z] 
[2021-12-28T15:39:54.069Z] (p4):stop:6
[2021-12-28T15:39:54.070Z] (p4):cmd:... p4 client -f -s -t robot.obibok_idk300_sandbox_streams robot.obibok_idk300_sandbox____
[2021-12-28T15:39:54.070Z] p4 client -f -s -t robot.obibok_idk300_sandbox_streams robot.obibok_idk300_sandbox_streams-jenkins-IDK447-pipelines-test-sandbox-development-0
[2021-12-28T15:39:54.070Z] 
[2021-12-28T15:39:54.081Z] Client robot.obibok_idk300_sandbox_streams-jenkins-IDK447-pipelines-test-sandbox-development-0 not changed.
[2021-12-28T15:39:54.081Z] 
[2021-12-28T15:39:54.081Z] (p4):stop:7
[2021-12-28T15:39:54.082Z] (p4):cmd:... p4 client -o robot.obibok_idk300_sandbox_streams-jenkins-IDK447-pipelines-test-sand___
[2021-12-28T15:39:54.082Z] p4 client -o robot.obibok_idk300_sandbox_streams-jenkins-IDK447-pipelines-test-sandbox-development-0
[2021-12-28T15:39:54.082Z] 
[2021-12-28T15:39:54.093Z] (p4):stop:8
[2021-12-28T15:39:54.094Z] (p4):cmd:... p4 info
[2021-12-28T15:39:54.094Z] p4 info
[2021-12-28T15:39:54.094Z] 
[2021-12-28T15:39:54.100Z] (p4):stop:9
[2021-12-28T15:39:54.101Z] (p4):cmd:... p4 info
[2021-12-28T15:39:54.101Z] p4 info
[2021-12-28T15:39:54.101Z] 
[2021-12-28T15:39:54.108Z] (p4):stop:10
[2021-12-28T15:39:54.109Z] (p4):cmd:... p4 client -o robot.obibok_idk300_sandbox_streams-jenkins-IDK447-pipelines-test-sand___
[2021-12-28T15:39:54.109Z] p4 client -o robot.obibok_idk300_sandbox_streams-jenkins-IDK447-pipelines-test-sandbox-development-0
[2021-12-28T15:39:54.109Z] 
[2021-12-28T15:39:54.117Z] (p4):stop:11
[2021-12-28T15:39:54.119Z] (p4):cmd:... p4 change -o 234089
[2021-12-28T15:39:54.119Z] p4 change -o 234089
[2021-12-28T15:39:54.119Z] 
[2021-12-28T15:39:54.336Z] (p4):stop:12
[2021-12-28T15:39:54.343Z] (p4):cmd:... p4 user -o swarm
[2021-12-28T15:39:54.343Z] p4 user -o swarm
[2021-12-28T15:39:54.343Z] 
[2021-12-28T15:39:54.355Z] (p4):stop:13
[2021-12-28T15:39:54.384Z] (p4):cmd:... p4 describe -s -S 234089
[2021-12-28T15:39:54.384Z] p4 describe -s -S 234089
[2021-12-28T15:39:54.384Z] 
[2021-12-28T15:39:54.397Z] (p4):stop:14
[2021-12-28T15:39:54.401Z] (p4):cmd:... p4 fixes -c234089
[2021-12-28T15:39:54.401Z] p4 fixes -c234089
[2021-12-28T15:39:54.401Z] 
[2021-12-28T15:39:54.411Z] (p4):stop:15
[2021-12-28T15:39:54.413Z] ... done
[2021-12-28T15:39:54.413Z] 
[2021-12-28T15:39:54.005Z] (p4):cmd:... p4 login -s
[2021-12-28T15:39:54.005Z] p4 login -s
[2021-12-28T15:39:54.005Z] 
[2021-12-28T15:39:54.013Z] User robot.obibok ticket expires in 140771 hours 34 minutes.
[2021-12-28T15:39:54.013Z] 
[2021-12-28T15:39:54.013Z] (p4):stop:3
[2021-12-28T15:39:54.014Z] (p4):cmd:... p4 client -o robot.obibok_idk300_sandbox_streams
[2021-12-28T15:39:54.014Z] p4 client -o robot.obibok_idk300_sandbox_streams
[2021-12-28T15:39:54.014Z] 
[2021-12-28T15:39:54.024Z] (p4):stop:4
[2021-12-28T15:39:54.025Z] (p4):cmd:... p4 client -o robot.obibok_idk300_sandbox_streams-jenkins-IDK447-pipelines-test-sand___
[2021-12-28T15:39:54.025Z] p4 client -o robot.obibok_idk300_sandbox_streams-jenkins-IDK447-pipelines-test-sandbox-development-0
[2021-12-28T15:39:54.025Z] 
[2021-12-28T15:39:54.034Z] (p4):stop:5
[2021-12-28T15:39:54.035Z] (p4):cmd:... p4 client -i
[2021-12-28T15:39:54.035Z] p4 client -i
[2021-12-28T15:39:54.035Z] 
[2021-12-28T15:39:54.049Z] Client robot.obibok_idk300_sandbox_streams-jenkins-IDK447-pipelines-test-sandbox-development-0 not changed.
[2021-12-28T15:39:54.049Z] 
[2021-12-28T15:39:54.049Z] (p4):stop:6
[2021-12-28T15:39:54.050Z] (p4):cmd:... p4 client -f -s -t robot.obibok_idk300_sandbox_streams robot.obibok_idk300_sandbox____
[2021-12-28T15:39:54.050Z] p4 client -f -s -t robot.obibok_idk300_sandbox_streams robot.obibok_idk300_sandbox_streams-jenkins-IDK447-pipelines-test-sandbox-development-0
[2021-12-28T15:39:54.050Z] 
[2021-12-28T15:39:54.062Z] Client robot.obibok_idk300_sandbox_streams-jenkins-IDK447-pipelines-test-sandbox-development-0 not changed.
[2021-12-28T15:39:54.062Z] 
[2021-12-28T15:39:54.062Z] (p4):stop:7
[2021-12-28T15:39:54.063Z] (p4):cmd:... p4 client -o robot.obibok_idk300_sandbox_streams-jenkins-IDK447-pipelines-test-sand___
[2021-12-28T15:39:54.063Z] p4 client -o robot.obibok_idk300_sandbox_streams-jenkins-IDK447-pipelines-test-sandbox-development-0
[2021-12-28T15:39:54.063Z] 
[2021-12-28T15:39:54.072Z] (p4):stop:8
[2021-12-28T15:39:54.074Z] (p4):cmd:... p4 info
[2021-12-28T15:39:54.074Z] p4 info
[2021-12-28T15:39:54.074Z] 
[2021-12-28T15:39:54.081Z] (p4):stop:9
[2021-12-28T15:39:54.082Z] (p4):cmd:... p4 info
[2021-12-28T15:39:54.082Z] p4 info
[2021-12-28T15:39:54.082Z] 
[2021-12-28T15:39:54.089Z] (p4):stop:10
[2021-12-28T15:39:54.089Z] (p4):cmd:... p4 client -o robot.obibok_idk300_sandbox_streams-jenkins-IDK447-pipelines-test-sand___
[2021-12-28T15:39:54.089Z] p4 client -o robot.obibok_idk300_sandbox_streams-jenkins-IDK447-pipelines-test-sandbox-development-0
[2021-12-28T15:39:54.089Z] 
[2021-12-28T15:39:54.099Z] (p4):stop:11
[2021-12-28T15:39:54.099Z] 
[2021-12-28T15:39:54.099Z] P4 Task: establishing connection.
[2021-12-28T15:39:54.099Z] ... server: 10.10.30.100:1777
[2021-12-28T15:39:54.099Z] ... node: IDK447-1064
[2021-12-28T15:39:54.121Z] (p4):cmd:... p4 login -s
[2021-12-28T15:39:54.121Z] p4 login -s
[2021-12-28T15:39:54.121Z] 
[2021-12-28T15:39:54.129Z] User robot.obibok ticket expires in 140771 hours 34 minutes.
[2021-12-28T15:39:54.129Z] 
[2021-12-28T15:39:54.129Z] (p4):stop:3
[2021-12-28T15:39:54.130Z] (p4):cmd:... p4 client -o robot.obibok_idk300_sandbox_streams
[2021-12-28T15:39:54.130Z] p4 client -o robot.obibok_idk300_sandbox_streams
[2021-12-28T15:39:54.130Z] 
[2021-12-28T15:39:54.141Z] (p4):stop:4
[2021-12-28T15:39:54.142Z] (p4):cmd:... p4 client -o robot.obibok_idk300_sandbox_streams-jenkins-IDK447-pipelines-test-sand___
[2021-12-28T15:39:54.142Z] p4 client -o robot.obibok_idk300_sandbox_streams-jenkins-IDK447-pipelines-test-sandbox-development-0
[2021-12-28T15:39:54.142Z] 
[2021-12-28T15:39:54.151Z] (p4):stop:5
[2021-12-28T15:39:54.152Z] (p4):cmd:... p4 client -i
[2021-12-28T15:39:54.152Z] p4 client -i
[2021-12-28T15:39:54.152Z] 
[2021-12-28T15:39:54.167Z] Client robot.obibok_idk300_sandbox_streams-jenkins-IDK447-pipelines-test-sandbox-development-0 not changed.
[2021-12-28T15:39:54.167Z] 
[2021-12-28T15:39:54.167Z] (p4):stop:6
[2021-12-28T15:39:54.168Z] (p4):cmd:... p4 client -f -s -t robot.obibok_idk300_sandbox_streams robot.obibok_idk300_sandbox____
[2021-12-28T15:39:54.168Z] p4 client -f -s -t robot.obibok_idk300_sandbox_streams robot.obibok_idk300_sandbox_streams-jenkins-IDK447-pipelines-test-sandbox-development-0
[2021-12-28T15:39:54.168Z] 
[2021-12-28T15:39:54.180Z] Client robot.obibok_idk300_sandbox_streams-jenkins-IDK447-pipelines-test-sandbox-development-0 not changed.
[2021-12-28T15:39:54.180Z] 
[2021-12-28T15:39:54.180Z] (p4):stop:7
[2021-12-28T15:39:54.181Z] (p4):cmd:... p4 client -o robot.obibok_idk300_sandbox_streams-jenkins-IDK447-pipelines-test-sand___
[2021-12-28T15:39:54.181Z] p4 client -o robot.obibok_idk300_sandbox_streams-jenkins-IDK447-pipelines-test-sandbox-development-0
[2021-12-28T15:39:54.181Z] 
[2021-12-28T15:39:54.190Z] (p4):stop:8
[2021-12-28T15:39:54.191Z] (p4):cmd:... p4 info
[2021-12-28T15:39:54.191Z] p4 info
[2021-12-28T15:39:54.191Z] 
[2021-12-28T15:39:54.198Z] (p4):stop:9
[2021-12-28T15:39:54.200Z] (p4):cmd:... p4 info
[2021-12-28T15:39:54.200Z] p4 info
[2021-12-28T15:39:54.200Z] 
[2021-12-28T15:39:54.207Z] (p4):stop:10
[2021-12-28T15:39:54.208Z] (p4):cmd:... p4 client -o robot.obibok_idk300_sandbox_streams-jenkins-IDK447-pipelines-test-sand___
[2021-12-28T15:39:54.208Z] p4 client -o robot.obibok_idk300_sandbox_streams-jenkins-IDK447-pipelines-test-sandbox-development-0
[2021-12-28T15:39:54.208Z] 
[2021-12-28T15:39:54.217Z] (p4):stop:11
[2021-12-28T15:39:54.217Z] 
[2021-12-28T15:39:54.217Z] P4 Task: establishing connection.
[2021-12-28T15:39:54.217Z] ... server: 10.10.30.100:1777
[2021-12-28T15:39:54.217Z] ... node: IDK447-1064
[2021-12-28T15:39:54.217Z] 
[2021-12-28T15:39:54.217Z] P4 Task: syncing files at change: 233853
[2021-12-28T15:39:54.217Z] P4 Task: skipping sync.
[2021-12-28T15:39:54.217Z] duration: (0ms)
[2021-12-28T15:39:54.217Z] 
[2021-12-28T15:39:54.217Z] P4 Task: unshelve review: 234089
[2021-12-28T15:39:54.219Z] (p4):cmd:... p4 unshelve -f -s234089 -cdefault
[2021-12-28T15:39:54.332Z] //sandbox_streams/development/project.txt - also opened by robot.obibok@robot.obibok_idk300_sandbox_streams
[2021-12-28T15:39:54.332Z] 
[2021-12-28T15:39:54.338Z] (p4):stop:12
[2021-12-28T15:39:54.338Z] //sandbox_streams/development/project.txt
[2021-12-28T15:39:54.338Z] ... duration: (121ms)
[2021-12-28T15:39:54.339Z] (p4):cmd:... p4 revert -k C:\J_noAV\.agents\IDK447\workspace\pelines-test_sandbox_development/..___
[2021-12-28T15:39:54.355Z] (p4):stop:13
