Feb 02, 2018 9:52:43 AM hudson.XmlFile replaceIfNotAtTopLevel
WARNING: JENKINS-45892: reference to job1 #3 being saved from unexpected /tmp/Jenkins/jobs/testSimpleMutliJob/builds/3/build.xml
java.lang.IllegalStateException
	at hudson.XmlFile.replaceIfNotAtTopLevel(XmlFile.java:210)
	at hudson.model.Run.writeReplace(Run.java:1929)
	at sun.reflect.GeneratedMethodAccessor98.invoke(Unknown Source)
	at sun.reflect.DelegatingMethodAccessorImpl.invoke(DelegatingMethodAccessorImpl.java:43)
	at java.lang.reflect.Method.invoke(Method.java:498)
	at com.thoughtworks.xstream.converters.reflection.SerializationMethodInvoker.callWriteReplace(SerializationMethodInvoker.java:89)
	at hudson.util.RobustReflectionConverter.marshal(RobustReflectionConverter.java:141)
	at com.thoughtworks.xstream.core.AbstractReferenceMarshaller.convert(AbstractReferenceMarshaller.java:69)
	at com.thoughtworks.xstream.core.TreeMarshaller.convertAnother(TreeMarshaller.java:58)
	at com.thoughtworks.xstream.core.AbstractReferenceMarshaller$1.convertAnother(AbstractReferenceMarshaller.java:84)
	at hudson.util.RobustReflectionConverter.marshallField(RobustReflectionConverter.java:265)
	at hudson.util.RobustReflectionConverter$2.writeField(RobustReflectionConverter.java:252)
	at hudson.util.RobustReflectionConverter$2.visit(RobustReflectionConverter.java:224)
	at com.thoughtworks.xstream.converters.reflection.PureJavaReflectionProvider.visitSerializableFields(PureJavaReflectionProvider.java:138)
	at hudson.util.RobustReflectionConverter.doMarshal(RobustReflectionConverter.java:209)
	at hudson.util.RobustReflectionConverter.marshal(RobustReflectionConverter.java:150)
	at com.thoughtworks.xstream.core.AbstractReferenceMarshaller.convert(AbstractReferenceMarshaller.java:69)
	at com.thoughtworks.xstream.core.TreeMarshaller.convertAnother(TreeMarshaller.java:58)
	at com.thoughtworks.xstream.core.TreeMarshaller.convertAnother(TreeMarshaller.java:43)
	at com.thoughtworks.xstream.core.AbstractReferenceMarshaller$1.convertAnother(AbstractReferenceMarshaller.java:88)
	at com.thoughtworks.xstream.converters.collections.AbstractCollectionConverter.writeItem(AbstractCollectionConverter.java:64)
	at com.thoughtworks.xstream.converters.collections.CollectionConverter.marshal(CollectionConverter.java:74)
	at com.thoughtworks.xstream.core.AbstractReferenceMarshaller.convert(AbstractReferenceMarshaller.java:69)
	at com.thoughtworks.xstream.core.TreeMarshaller.convertAnother(TreeMarshaller.java:58)
	at com.thoughtworks.xstream.core.AbstractReferenceMarshaller$1.convertAnother(AbstractReferenceMarshaller.java:84)
	at hudson.util.RobustReflectionConverter.marshallField(RobustReflectionConverter.java:265)
	at hudson.util.RobustReflectionConverter$2.writeField(RobustReflectionConverter.java:252)
	at hudson.util.RobustReflectionConverter$2.visit(RobustReflectionConverter.java:224)
	at com.thoughtworks.xstream.converters.reflection.PureJavaReflectionProvider.visitSerializableFields(PureJavaReflectionProvider.java:138)
	at hudson.util.RobustReflectionConverter.doMarshal(RobustReflectionConverter.java:209)
	at hudson.util.RobustReflectionConverter.marshal(RobustReflectionConverter.java:150)
	at com.thoughtworks.xstream.core.AbstractReferenceMarshaller.convert(AbstractReferenceMarshaller.java:69)
	at com.thoughtworks.xstream.core.TreeMarshaller.convertAnother(TreeMarshaller.java:58)
	at com.thoughtworks.xstream.core.TreeMarshaller.convertAnother(TreeMarshaller.java:43)
	at com.thoughtworks.xstream.core.TreeMarshaller.start(TreeMarshaller.java:82)
	at com.thoughtworks.xstream.core.AbstractTreeMarshallingStrategy.marshal(AbstractTreeMarshallingStrategy.java:37)
	at com.thoughtworks.xstream.XStream.marshal(XStream.java:1026)
	at com.thoughtworks.xstream.XStream.marshal(XStream.java:1015)
	at com.thoughtworks.xstream.XStream.toXML(XStream.java:988)
	at hudson.XmlFile.write(XmlFile.java:181)
	at hudson.model.Run.save(Run.java:1920)
	at org.jvnet.hudson.plugins.DownstreamBuildViewUpdateListener.onStarted(DownstreamBuildViewUpdateListener.java:69)
	at org.jvnet.hudson.plugins.DownstreamBuildViewUpdateListener.onStarted(DownstreamBuildViewUpdateListener.java:40)
	at hudson.model.listeners.RunListener.fireStarted(RunListener.java:240)
	at hudson.model.Run.execute(Run.java:1720)
	at hudson.model.FreeStyleBuild.run(FreeStyleBuild.java:43)
	at hudson.model.ResourceController.execute(ResourceController.java:97)
	at hudson.model.Executor.run(Executor.java:421)

Feb 02, 2018 9:52:43 AM hudson.model.Run execute
INFO: job1 #3 main build action completed: SUCCESS
Feb 02, 2018 9:52:46 AM hudson.XmlFile replaceIfNotAtTopLevel
WARNING: JENKINS-45892: reference to job1 #3 being saved from unexpected /tmp/Jenkins/jobs/testSimpleMutliJob/builds/3/running-build.xml
java.lang.IllegalStateException
	at hudson.XmlFile.replaceIfNotAtTopLevel(XmlFile.java:210)
	at hudson.model.Run.writeReplace(Run.java:1929)
	at sun.reflect.GeneratedMethodAccessor98.invoke(Unknown Source)
	at sun.reflect.DelegatingMethodAccessorImpl.invoke(DelegatingMethodAccessorImpl.java:43)
	at java.lang.reflect.Method.invoke(Method.java:498)
	at com.thoughtworks.xstream.converters.reflection.SerializationMethodInvoker.callWriteReplace(SerializationMethodInvoker.java:89)
	at hudson.util.RobustReflectionConverter.marshal(RobustReflectionConverter.java:141)
	at com.thoughtworks.xstream.core.AbstractReferenceMarshaller.convert(AbstractReferenceMarshaller.java:69)
	at com.thoughtworks.xstream.core.TreeMarshaller.convertAnother(TreeMarshaller.java:58)
	at com.thoughtworks.xstream.core.AbstractReferenceMarshaller$1.convertAnother(AbstractReferenceMarshaller.java:84)
	at hudson.util.RobustReflectionConverter.marshallField(RobustReflectionConverter.java:265)
	at hudson.util.RobustReflectionConverter$2.writeField(RobustReflectionConverter.java:252)
	at hudson.util.RobustReflectionConverter$2.visit(RobustReflectionConverter.java:224)
	at com.thoughtworks.xstream.converters.reflection.PureJavaReflectionProvider.visitSerializableFields(PureJavaReflectionProvider.java:138)
	at hudson.util.RobustReflectionConverter.doMarshal(RobustReflectionConverter.java:209)
	at hudson.util.RobustReflectionConverter.marshal(RobustReflectionConverter.java:150)
	at com.thoughtworks.xstream.core.AbstractReferenceMarshaller.convert(AbstractReferenceMarshaller.java:69)
	at com.thoughtworks.xstream.core.TreeMarshaller.convertAnother(TreeMarshaller.java:58)
	at com.thoughtworks.xstream.core.TreeMarshaller.convertAnother(TreeMarshaller.java:43)
	at com.thoughtworks.xstream.core.AbstractReferenceMarshaller$1.convertAnother(AbstractReferenceMarshaller.java:88)
	at com.thoughtworks.xstream.converters.collections.AbstractCollectionConverter.writeItem(AbstractCollectionConverter.java:64)
	at com.thoughtworks.xstream.converters.collections.CollectionConverter.marshal(CollectionConverter.java:74)
	at com.thoughtworks.xstream.core.AbstractReferenceMarshaller.convert(AbstractReferenceMarshaller.java:69)
	at com.thoughtworks.xstream.core.TreeMarshaller.convertAnother(TreeMarshaller.java:58)
	at com.thoughtworks.xstream.core.AbstractReferenceMarshaller$1.convertAnother(AbstractReferenceMarshaller.java:84)
	at hudson.util.RobustReflectionConverter.marshallField(RobustReflectionConverter.java:265)
	at hudson.util.RobustReflectionConverter$2.writeField(RobustReflectionConverter.java:252)
	at hudson.util.RobustReflectionConverter$2.visit(RobustReflectionConverter.java:224)
	at com.thoughtworks.xstream.converters.reflection.PureJavaReflectionProvider.visitSerializableFields(PureJavaReflectionProvider.java:138)
	at hudson.util.RobustReflectionConverter.doMarshal(RobustReflectionConverter.java:209)
	at hudson.util.RobustReflectionConverter.marshal(RobustReflectionConverter.java:150)
	at com.thoughtworks.xstream.core.AbstractReferenceMarshaller.convert(AbstractReferenceMarshaller.java:69)
	at com.thoughtworks.xstream.core.TreeMarshaller.convertAnother(TreeMarshaller.java:58)
	at com.thoughtworks.xstream.core.TreeMarshaller.convertAnother(TreeMarshaller.java:43)
	at com.thoughtworks.xstream.core.TreeMarshaller.start(TreeMarshaller.java:82)
	at com.thoughtworks.xstream.core.AbstractTreeMarshallingStrategy.marshal(AbstractTreeMarshallingStrategy.java:37)
	at com.thoughtworks.xstream.XStream.marshal(XStream.java:1026)
	at com.thoughtworks.xstream.XStream.marshal(XStream.java:1015)
	at com.thoughtworks.xstream.XStream.toXML(XStream.java:988)
	at hudson.XmlFile.write(XmlFile.java:181)
	at com.cloudbees.jenkins.plugins.abortedbuilds.AbortedBuildMonitor.save(AbortedBuildMonitor.java:204)
	at com.cloudbees.jenkins.plugins.abortedbuilds.Listener2.finished(Listener2.java:17)
	at hudson.model.AbstractBuild$AbstractBuildExecution.perform(AbstractBuild.java:756)
	at hudson.model.Build$BuildExecution.build(Build.java:206)
	at hudson.model.Build$BuildExecution.doRun(Build.java:163)
	at hudson.model.AbstractBuild$AbstractBuildExecution.run(AbstractBuild.java:504)
	at com.tikal.jenkins.plugins.multijob.MultiJobBuild$MultiJobRunnerImpl.run(MultiJobBuild.java:136)
	at hudson.model.Run.execute(Run.java:1724)
	at com.tikal.jenkins.plugins.multijob.MultiJobBuild.run(MultiJobBuild.java:73)
	at hudson.model.ResourceController.execute(ResourceController.java:97)
	at hudson.model.Executor.run(Executor.java:421)

Feb 02, 2018 9:52:46 AM hudson.model.Run execute
INFO: testSimpleMutliJob #3 main build action completed: SUCCESS
Feb 02, 2018 9:52:46 AM hudson.XmlFile replaceIfNotAtTopLevel
WARNING: JENKINS-45892: reference to job1 #3 being saved from unexpected /tmp/Jenkins/jobs/testSimpleMutliJob/builds/3/build.xml
java.lang.IllegalStateException
	at hudson.XmlFile.replaceIfNotAtTopLevel(XmlFile.java:210)
	at hudson.model.Run.writeReplace(Run.java:1929)
	at sun.reflect.GeneratedMethodAccessor98.invoke(Unknown Source)
	at sun.reflect.DelegatingMethodAccessorImpl.invoke(DelegatingMethodAccessorImpl.java:43)
	at java.lang.reflect.Method.invoke(Method.java:498)
	at com.thoughtworks.xstream.converters.reflection.SerializationMethodInvoker.callWriteReplace(SerializationMethodInvoker.java:89)
	at hudson.util.RobustReflectionConverter.marshal(RobustReflectionConverter.java:141)
	at com.thoughtworks.xstream.core.AbstractReferenceMarshaller.convert(AbstractReferenceMarshaller.java:69)
	at com.thoughtworks.xstream.core.TreeMarshaller.convertAnother(TreeMarshaller.java:58)
	at com.thoughtworks.xstream.core.AbstractReferenceMarshaller$1.convertAnother(AbstractReferenceMarshaller.java:84)
	at hudson.util.RobustReflectionConverter.marshallField(RobustReflectionConverter.java:265)
	at hudson.util.RobustReflectionConverter$2.writeField(RobustReflectionConverter.java:252)
	at hudson.util.RobustReflectionConverter$2.visit(RobustReflectionConverter.java:224)
	at com.thoughtworks.xstream.converters.reflection.PureJavaReflectionProvider.visitSerializableFields(PureJavaReflectionProvider.java:138)
	at hudson.util.RobustReflectionConverter.doMarshal(RobustReflectionConverter.java:209)
	at hudson.util.RobustReflectionConverter.marshal(RobustReflectionConverter.java:150)
	at com.thoughtworks.xstream.core.AbstractReferenceMarshaller.convert(AbstractReferenceMarshaller.java:69)
	at com.thoughtworks.xstream.core.TreeMarshaller.convertAnother(TreeMarshaller.java:58)
	at com.thoughtworks.xstream.core.TreeMarshaller.convertAnother(TreeMarshaller.java:43)
	at com.thoughtworks.xstream.core.AbstractReferenceMarshaller$1.convertAnother(AbstractReferenceMarshaller.java:88)
	at com.thoughtworks.xstream.converters.collections.AbstractCollectionConverter.writeItem(AbstractCollectionConverter.java:64)
	at com.thoughtworks.xstream.converters.collections.CollectionConverter.marshal(CollectionConverter.java:74)
	at com.thoughtworks.xstream.core.AbstractReferenceMarshaller.convert(AbstractReferenceMarshaller.java:69)
	at com.thoughtworks.xstream.core.TreeMarshaller.convertAnother(TreeMarshaller.java:58)
	at com.thoughtworks.xstream.core.AbstractReferenceMarshaller$1.convertAnother(AbstractReferenceMarshaller.java:84)
	at hudson.util.RobustReflectionConverter.marshallField(RobustReflectionConverter.java:265)
	at hudson.util.RobustReflectionConverter$2.writeField(RobustReflectionConverter.java:252)
	at hudson.util.RobustReflectionConverter$2.visit(RobustReflectionConverter.java:224)
	at com.thoughtworks.xstream.converters.reflection.PureJavaReflectionProvider.visitSerializableFields(PureJavaReflectionProvider.java:138)
	at hudson.util.RobustReflectionConverter.doMarshal(RobustReflectionConverter.java:209)
	at hudson.util.RobustReflectionConverter.marshal(RobustReflectionConverter.java:150)
	at com.thoughtworks.xstream.core.AbstractReferenceMarshaller.convert(AbstractReferenceMarshaller.java:69)
	at com.thoughtworks.xstream.core.TreeMarshaller.convertAnother(TreeMarshaller.java:58)
	at com.thoughtworks.xstream.core.TreeMarshaller.convertAnother(TreeMarshaller.java:43)
	at com.thoughtworks.xstream.core.TreeMarshaller.start(TreeMarshaller.java:82)
	at com.thoughtworks.xstream.core.AbstractTreeMarshallingStrategy.marshal(AbstractTreeMarshallingStrategy.java:37)
	at com.thoughtworks.xstream.XStream.marshal(XStream.java:1026)
	at com.thoughtworks.xstream.XStream.marshal(XStream.java:1015)
	at com.thoughtworks.xstream.XStream.toXML(XStream.java:988)
	at hudson.XmlFile.write(XmlFile.java:181)
	at hudson.model.Run.save(Run.java:1920)
	at hudson.model.Run.execute(Run.java:1781)
	at com.tikal.jenkins.plugins.multijob.MultiJobBuild.run(MultiJobBuild.java:73)
	at hudson.model.ResourceController.execute(ResourceController.java:97)
	at hudson.model.Executor.run(Executor.java:421)
