2019-09-13 21:14:49.230 [CHECKSTYLE] Computing warning deltas based on reference build #10
2019-09-13 21:14:51.520 [INFO] 
2019-09-13 21:14:51.520 [INFO] --- jacoco-maven-plugin:0.7.9:prepare-agent (prepare-agent) @ rcapi-utils ---
2019-09-13 21:14:51.669 [INFO] argLine set to -javaagent:/jenkins/.m2/repository/org/jacoco/org.jacoco.agent/0.7.9/org.jacoco.agent-0.7.9-runtime.jar=destfile=/jenkins/workspace/revenueCycleApiService-trunk/utils/target/jacoco.exec
2019-09-13 21:14:51.716 [INFO] 
2019-09-13 21:14:51.716 [INFO] --- maven-resources-plugin:3.0.2:resources (default-resources) @ rcapi-utils ---
2019-09-13 21:14:51.818 [WARNING] Using platform encoding (UTF-8 actually) to copy filtered resources, i.e. build is platform dependent!
2019-09-13 21:14:51.818 [INFO] skip non existing resourceDirectory /jenkins/workspace/revenueCycleApiService-trunk/utils/src/main/resources
2019-09-13 21:14:51.865 [INFO] 
2019-09-13 21:14:51.865 [INFO] --- maven-compiler-plugin:3.6.2:compile (default-compile) @ rcapi-utils ---
2019-09-13 21:14:51.983 [INFO] Changes detected - recompiling the module!
2019-09-13 21:14:51.985 [WARNING] File encoding has not been set, using platform encoding UTF-8, i.e. build is platform dependent!
2019-09-13 21:14:51.994 [INFO] Compiling 17 source files to /jenkins/workspace/revenueCycleApiService-trunk/utils/target/classes
2019-09-13 21:14:53.100 [INFO] 
2019-09-13 21:14:53.100 [INFO] >>> findbugs-maven-plugin:3.0.4:check (analyze-compile) > :findbugs @ rcapi-utils >>>
2019-09-13 21:14:53.116 [INFO] 
2019-09-13 21:14:53.117 [INFO] --- findbugs-maven-plugin:3.0.4:findbugs (findbugs) @ rcapi-utils ---
2019-09-13 21:14:53.294 [INFO] Fork Value is true
2019-09-13 21:14:59.102 [INFO] Done FindBugs Analysis....
2019-09-13 21:14:59.745 [INFO] 
2019-09-13 21:14:59.745 [INFO] <<< findbugs-maven-plugin:3.0.4:check (analyze-compile) < :findbugs @ rcapi-utils <<<
2019-09-13 21:14:59.746 [INFO] 
2019-09-13 21:14:59.746 [INFO] --- findbugs-maven-plugin:3.0.4:check (analyze-compile) @ rcapi-utils ---
2019-09-13 21:14:59.777 [INFO] BugInstance size is 0
2019-09-13 21:14:59.779 [INFO] Error size is 0
2019-09-13 21:14:59.802 [INFO] No errors/warnings found
2019-09-13 21:14:59.985 [INFO] 
2019-09-13 21:14:59.986 [INFO] --- maven-resources-plugin:3.0.2:testResources (default-testResources) @ rcapi-utils ---
2019-09-13 21:14:59.988 [WARNING] Using platform encoding (UTF-8 actually) to copy filtered resources, i.e. build is platform dependent!
2019-09-13 21:14:59.995 [INFO] Copying 1 resource
2019-09-13 21:15:00.055 [INFO] 
2019-09-13 21:15:00.055 [INFO] --- maven-compiler-plugin:3.6.2:testCompile (default-testCompile) @ rcapi-utils ---
2019-09-13 21:15:00.068 [INFO] Changes detected - recompiling the module!
2019-09-13 21:15:00.068 [WARNING] File encoding has not been set, using platform encoding UTF-8, i.e. build is platform dependent!
2019-09-13 21:15:00.070 [INFO] Compiling 3 source files to 

 <...>
2019-09-13 21:15:00.374 [INFO] 
2019-09-13 21:15:00.375 [INFO] --- maven-surefire-plugin:2.19.1:test (default-test) @ rcapi-utils ---
2019-09-13 21:15:00.487 [INFO] Surefire report directory: /jenkins/workspace/revenueCycleApiService-trunk/utils/target/surefire-reports
2019-09-13 21:15:00.493 [INFO] Using configured provider org.junit.platform.surefire.provider.JUnitPlatformProvider
2019-09-13 21:15:00.497 [INFO] parallel='none', perCoreThreadCount=true, threadCount=0, useUnlimitedThreads=false, threadCountSuites=0, threadCountClasses=0, threadCountMethods=0, parallelOptimized=true
2019-09-13 21:15:00.884 
2019-09-13 21:15:00.884 -------------------------------------------------------
2019-09-13 21:15:00.885  T E S T S
2019-09-13 21:15:00.885 -------------------------------------------------------
2019-09-13 21:15:01.920 Running 
   <...>
2019-09-13 21:15:04.798 
2019-09-13 21:15:04.798 Tests run: 33, Failures: 0, Errors: 0, Skipped: 0
2019-09-13 21:15:04.798 
2019-09-13 21:15:04.920 [JENKINS] Recording test results
2019-09-13 21:15:05.488 [INFO] 
2019-09-13 21:15:05.489 [INFO] --- maven-enforcer-plugin:1.4.1:enforce (enforce) @ rcapi-utils ---
2019-09-13 21:15:05.540 [INFO] 
2019-09-13 21:15:05.541 [INFO] --- jacoco-maven-plugin:0.7.9:report (report) @ rcapi-utils ---
2019-09-13 21:15:05.620 [INFO] Loading execution data file /jenkins/workspace/revenueCycleApiService-trunk/utils/target/jacoco.exec
2019-09-13 21:15:05.762 [INFO] Analyzed bundle 'Revenue Cycle API - Shared Utils' with 19 classes
2019-09-13 21:15:06.012 [INFO] 
2019-09-13 21:15:06.013 [INFO] --- maven-jar-plugin:3.0.2:jar (default-jar) @ rcapi-utils ---
2019-09-13 21:15:06.485 [INFO] Building jar: /jenkins/workspace/revenueCycleApiService-trunk/utils/target/rcapi-utils-2.17-SNAPSHOT.jar
2019-09-13 21:15:06.548 [INFO] 
2019-09-13 21:15:06.548 [INFO] --- dependency-check-maven:5.0.0-M3:check (default) @ rcapi-utils ---
2019-09-13 21:15:06.944 [INFO] Central analyzer disabled
2019-09-13 21:15:07.621 [INFO] Checking for updates
 <...>
2019-09-13 21:15:13.962 
2019-09-13 21:15:13.962 See the dependency-check report for more details.
2019-09-13 21:15:13.962 
2019-09-13 21:15:13.962 
2019-09-13 21:15:14.150 [INFO] 
2019-09-13 21:15:14.150 [INFO] --- maven-install-plugin:2.5.2:install (default-install) @ rcapi-utils ---
2019-09-13 21:15:14.158 [INFO] Installing /jenkins/workspace/revenueCycleApiService-trunk/utils/target/rcapi-utils-2.17-SNAPSHOT.jar to /jenkins/.m2/repository/services/rcapi-utils/2.17-SNAPSHOT/rcapi-utils-2.17-SNAPSHOT.jar
2019-09-13 21:15:14.220 [INFO] Installing /jenkins/workspace/revenueCycleApiService-trunk/utils/pom.xml to /jenkins/.m2/repository/services/rcapi-utils/2.17-SNAPSHOT/rcapi-utils-2.17-SNAPSHOT.pom
2019-09-13 21:15:14.841 [INFO]                                                                         
2019-09-13 21:15:14.841 [INFO] ------------------------------------------------------------------------
2019-09-13 21:15:14.841 [INFO] Building Revenue Cycle API - SMF Support 2.17-SNAPSHOT
2019-09-13 21:15:14.841 [INFO] ------------------------------------------------------------------------
2019-09-13 21:15:14.946 [INFO] 
2019-09-13 21:15:14.946 [INFO] --- maven-clean-plugin:3.0.0:clean (default-clean) @ rcapi-smf ---
2019-09-13 21:15:14.993 [INFO] 
2019-09-13 21:15:14.993 [INFO] --- maven-checkstyle-plugin:2.17:checkstyle (default) @ rcapi-smf ---
2019-09-13 21:15:15.011 [WARNING] File encoding has not been set, using platform encoding UTF-8, i.e. build is platform dependent!
2019-09-13 21:15:15.328 [INFO] Starting audit...
2019-09-13 21:15:15.328 Audit done.
2019-09-13 21:15:15.644 [CHECKSTYLE] Parsing file /jenkins/workspace/revenueCycleApiService-trunk/smf/target/checkstyle-result.xml
2019-09-13 21:15:15.644 [CHECKSTYLE] Successfully parsed file /jenkins/workspace/revenueCycleApiService-trunk/smf/target/checkstyle-result.xml of module Revenue Cycle API - SMF Support with 0 unique warnings and 0 duplicates.
2019-09-13 21:15:15.645 [CHECKSTYLE] File encoding has not been set in pom.xml, using platform encoding UTF-8, i.e. build is platform dependent (see <a href="http://docs.codehaus.org/display/MAVENUSER/POM+Element+for+Source+File+Encoding">Maven FAQ</a>).
2019-09-13 21:15:15.688 [CHECKSTYLE] Computing warning deltas based on reference build #10
2019-09-13 21:15:15.813 [INFO] 
2019-09-13 21:15:15.814 [INFO] --- jacoco-maven-plugin:0.7.9:prepare-agent (prepare-agent) @ rcapi-smf ---
2019-09-13 21:15:15.814 [INFO] argLine set to -javaagent:/jenkins/.m2/repository/org/jacoco/org.jacoco.agent/0.7.9/org.jacoco.agent-0.7.9-runtime.jar=destfile=/jenkins/workspace/revenueCycleApiService-trunk/smf/target/jacoco.exec
2019-09-13 21:15:15.861 [INFO] 
2019-09-13 21:15:15.861 [INFO] --- maven-resources-plugin:3.0.2:resources (default-resources) @ rcapi-smf ---
2019-09-13 21:15:15.863 [WARNING] Using platform encoding (UTF-8 actually) to copy filtered resources, i.e. build is platform dependent!
2019-09-13 21:15:15.864 [INFO] Copying 0 resource
2019-09-13 21:15:15.910 [INFO] 
2019-09-13 21:15:15.910 [INFO] --- maven-compiler-plugin:3.6.2:compile (default-compile) @ rcapi-smf ---
2019-09-13 21:15:15.928 [INFO] Changes detected - recompiling the module!
2019-09-13 21:15:15.928 [WARNING] File encoding has not been set, using platform encoding UTF-8, i.e. build is platform dependent!
2019-09-13 21:15:15.929 [INFO] Compiling 40 source files to /jenkins/workspace/revenueCycleApiService-trunk/smf/target/classes
2019-09-13 21:15:17.733 [INFO] 
2019-09-13 21:15:17.733 [INFO] >>> findbugs-maven-plugin:3.0.4:check (analyze-compile) > :findbugs @ rcapi-smf >>>
2019-09-13 21:15:17.766 [INFO] 
2019-09-13 21:15:17.767 [INFO] --- findbugs-maven-plugin:3.0.4:findbugs (findbugs) @ rcapi-smf ---
2019-09-13 21:15:17.773 [INFO] Fork Value is true
2019-09-13 21:15:24.623 [INFO] Done FindBugs Analysis....
2019-09-13 21:15:24.990 [INFO] 
2019-09-13 21:15:24.990 [INFO] <<< findbugs-maven-plugin:3.0.4:check (analyze-compile) < :findbugs @ rcapi-smf <<<
2019-09-13 21:15:24.991 [INFO] 
2019-09-13 21:15:24.991 [INFO] --- findbugs-maven-plugin:3.0.4:check (analyze-compile) @ rcapi-smf ---
2019-09-13 21:15:25.005 [INFO] BugInstance size is 0
2019-09-13 21:15:25.006 [INFO] Error size is 0
2019-09-13 21:15:25.013 [INFO] No errors/warnings found
2019-09-13 21:15:25.198 [INFO] 
2019-09-13 21:15:25.198 [INFO] --- maven-resources-plugin:3.0.2:testResources (default-testResources) @ rcapi-smf ---
2019-09-13 21:15:25.200 [WARNING] Using platform encoding (UTF-8 actually) to copy filtered resources, i.e. build is platform dependent!
2019-09-13 21:15:25.201 [INFO] Copying 1 resource
2019-09-13 21:15:25.259 [INFO] 
2019-09-13 21:15:25.260 [INFO] --- maven-compiler-plugin:3.6.2:testCompile (default-testCompile) @ rcapi-smf ---
2019-09-13 21:15:25.264 [INFO] Nothing to compile - all classes are up to date
2019-09-13 21:15:25.312 [INFO] 
2019-09-13 21:15:25.312 [INFO] --- maven-surefire-plugin:2.19.1:test (default-test) @ rcapi-smf ---
2019-09-13 21:15:25.363 [JENKINS] Recording test results
2019-09-13 21:15:25.365 [INFO] 
2019-09-13 21:15:25.365 [INFO] --- maven-enforcer-plugin:1.4.1:enforce (enforce) @ rcapi-smf ---
2019-09-13 21:15:25.416 [INFO] 
2019-09-13 21:15:25.417 [INFO] --- jacoco-maven-plugin:0.7.9:report (report) @ rcapi-smf ---
2019-09-13 21:15:25.418 [INFO] Skipping JaCoCo execution due to missing execution data file.
2019-09-13 21:15:25.508 [INFO] 
2019-09-13 21:15:25.509 [INFO] --- maven-jar-plugin:3.0.2:jar (default-jar) @ rcapi-smf ---
2019-09-13 21:15:25.526 [INFO] Building jar: /jenkins/workspace/revenueCycleApiService-trunk/smf/target/rcapi-smf-2.17-SNAPSHOT.jar
2019-09-13 21:15:25.598 [INFO] 
2019-09-13 21:15:25.599 [INFO] --- dependency-check-maven:5.0.0-M3:check (default) @ rcapi-smf ---
2019-09-13 21:15:25.603 [INFO] Central analyzer disabled
2019-09-13 21:15:26.138 [INFO] Checking for updates
 <...>
2019-09-13 21:15:30.318 [INFO] Analysis Complete (3 seconds)
 <...>
2019-09-13 21:15:30.920 See the dependency-check report for more details.
2019-09-13 21:15:30.920 
2019-09-13 21:15:30.920 
2019-09-13 21:15:31.104 [INFO] 
2019-09-13 21:15:31.105 [INFO] --- maven-install-plugin:2.5.2:install (default-install) @ rcapi-smf ---
2019-09-13 21:15:31.108 [INFO] Installing /jenkins/workspace/revenueCycleApiService-trunk/smf/target/rcapi-smf-2.17-SNAPSHOT.jar to /jenkins/.m2/repository/services/rcapi-smf/2.17-SNAPSHOT/rcapi-smf-2.17-SNAPSHOT.jar
2019-09-13 21:15:31.109 [INFO] Installing /jenkins/workspace/revenueCycleApiService-trunk/smf/pom.xml to /jenkins/.m2/repository/services/rcapi-smf/2.17-SNAPSHOT/rcapi-smf-2.17-SNAPSHOT.pom
2019-09-13 21:15:31.832 [INFO]                                                                         
2019-09-13 21:15:31.832 [INFO] ------------------------------------------------------------------------
2019-09-13 21:15:31.832 [INFO] Building Revenue Cycle API - 278 Support 2.17-SNAPSHOT
2019-09-13 21:15:31.832 [INFO] ------------------------------------------------------------------------
2019-09-13 21:15:31.900 [INFO] 
2019-09-13 21:15:31.900 [INFO] --- maven-clean-plugin:3.0.0:clean (default-clean) @ rcapi-278 ---
2019-09-13 21:15:31.949 [INFO] 
2019-09-13 21:15:31.949 [INFO] --- maven-checkstyle-plugin:2.17:checkstyle (default) @ rcapi-278 ---
2019-09-13 21:15:31.993 [WARNING] File encoding has not been set, using platform encoding UTF-8, i.e. build is platform dependent!
2019-09-13 21:15:32.626 [INFO] Starting audit...
2019-09-13 21:15:32.626 Audit done.
2019-09-13 21:15:32.927 [CHECKSTYLE] Parsing file /jenkins/workspace/revenueCycleApiService-trunk/278/target/checkstyle-result.xml
2019-09-13 21:15:32.927 [CHECKSTYLE] Successfully parsed file /jenkins/workspace/revenueCycleApiService-trunk/278/target/checkstyle-result.xml of module Revenue Cycle API - 278 Support with 0 unique warnings and 0 duplicates.
2019-09-13 21:15:32.928 [CHECKSTYLE] File encoding has not been set in pom.xml, using platform encoding UTF-8, i.e. build is platform dependent (see <a href="http://docs.codehaus.org/display/MAVENUSER/POM+Element+for+Source+File+Encoding">Maven FAQ</a>).
2019-09-13 21:15:32.970 [CHECKSTYLE] Computing warning deltas based on reference build #10
2019-09-13 21:15:33.098 [INFO] 
2019-09-13 21:15:33.098 [INFO] --- jacoco-maven-plugin:0.7.9:prepare-agent (prepare-agent) @ rcapi-278 ---
2019-09-13 21:15:33.099 [INFO] argLine set to -javaagent:/jenkins/.m2/repository/org/jacoco/org.jacoco.agent/0.7.9/org.jacoco.agent-0.7.9-runtime.jar=destfile=/jenkins/workspace/revenueCycleApiService-trunk/278/target/jacoco.exec
2019-09-13 21:15:33.146 [INFO] 
2019-09-13 21:15:33.147 [INFO] --- maven-resources-plugin:3.0.2:resources (default-resources) @ rcapi-278 ---
2019-09-13 21:15:33.148 [WARNING] Using platform encoding (UTF-8 actually) to copy filtered resources, i.e. build is platform dependent!
2019-09-13 21:15:33.150 [INFO] Copying 0 resource
2019-09-13 21:15:33.196 [INFO] 
2019-09-13 21:15:33.196 [INFO] --- maven-compiler-plugin:3.6.2:compile (default-compile) @ rcapi-278 ---
2019-09-13 21:15:33.232 [INFO] Changes detected - recompiling the module!
2019-09-13 21:15:33.233 [WARNING] File encoding has not been set, using platform encoding UTF-8, i.e. build is platform dependent!
2019-09-13 21:15:33.233 [INFO] Compiling 107 source files to /jenkins/workspace/revenueCycleApiService-trunk/278/target/classes
2019-09-13 21:15:35.071 [INFO] 
2019-09-13 21:15:35.071 [INFO] >>> findbugs-maven-plugin:3.0.4:check (analyze-compile) > :findbugs @ rcapi-278 >>>
2019-09-13 21:15:35.093 [INFO] 
2019-09-13 21:15:35.093 [INFO] --- findbugs-maven-plugin:3.0.4:findbugs (findbugs) @ rcapi-278 ---
2019-09-13 21:15:35.101 [INFO] Fork Value is true
2019-09-13 21:15:45.762 [INFO] Done FindBugs Analysis....
2019-09-13 21:15:46.092 [INFO] 
2019-09-13 21:15:46.092 [INFO] <<< findbugs-maven-plugin:3.0.4:check (analyze-compile) < :findbugs @ rcapi-278 <<<
2019-09-13 21:15:46.093 [INFO] 
2019-09-13 21:15:46.094 [INFO] --- findbugs-maven-plugin:3.0.4:check (analyze-compile) @ rcapi-278 ---
2019-09-13 21:15:46.107 [INFO] BugInstance size is 0
2019-09-13 21:15:46.109 [INFO] Error size is 0
2019-09-13 21:15:46.115 [INFO] No errors/warnings found
2019-09-13 21:15:46.300 [INFO] 
2019-09-13 21:15:46.301 [INFO] --- maven-resources-plugin:3.0.2:testResources (default-testResources) @ rcapi-278 ---
2019-09-13 21:15:46.302 [WARNING] Using platform encoding (UTF-8 actually) to copy filtered resources, i.e. build is platform dependent!
2019-09-13 21:15:46.309 [INFO] Copying 21 resources
2019-09-13 21:15:46.366 [INFO] 
2019-09-13 21:15:46.367 [INFO] --- maven-compiler-plugin:3.6.2:testCompile (default-testCompile) @ rcapi-278 ---
2019-09-13 21:15:46.393 [INFO] Changes detected - recompiling the module!
2019-09-13 21:15:46.394 [WARNING] File encoding has not been set, using platform encoding UTF-8, i.e. build is platform dependent!
2019-09-13 21:15:46.394 [INFO] Compiling 37 source files to /jenkins/workspace/revenueCycleApiService-trunk/278/target/test-classes
2019-09-13 21:15:47.619 [INFO] /jenkins/workspace/revenueCycleApiService-trunk/278/src/test/java/com/recondotech/revenueCycleApi/auth278/utils/validation/request/SpecAwareRequestValidatorTest.java: /jenkins/workspace/revenueCycleApiService-trunk/278/src/test/java/com/recondotech/revenueCycleApi/auth278/utils/validation/request/SpecAwareRequestValidatorTest.java uses unchecked or unsafe operations.
2019-09-13 21:15:47.619 [INFO] /jenkins/workspace/revenueCycleApiService-trunk/278/src/test/java/com/recondotech/revenueCycleApi/auth278/utils/validation/request/SpecAwareRequestValidatorTest.java: Recompile with -Xlint:unchecked for details.
2019-09-13 21:15:47.667 [INFO] 
2019-09-13 21:15:47.668 [INFO] --- maven-surefire-plugin:2.19.1:test (default-test) @ rcapi-278 ---
2019-09-13 21:15:47.674 [INFO] Surefire report directory: /jenkins/workspace/revenueCycleApiService-trunk/278/target/surefire-reports
2019-09-13 21:15:47.675 [INFO] Using configured provider org.junit.platform.surefire.provider.JUnitPlatformProvider
2019-09-13 21:15:47.680 [INFO] parallel='none', perCoreThreadCount=true, threadCount=0, useUnlimitedThreads=false, threadCountSuites=0, threadCountClasses=0, threadCountMethods=0, parallelOptimized=true
2019-09-13 21:15:47.681 
2019-09-13 21:15:47.682 -------------------------------------------------------
2019-09-13 21:15:47.682  T E S T S
2019-09-13 21:15:47.682 -------------------------------------------------------
 <...>
2019-09-13 21:15:57.142 
2019-09-13 21:15:57.142 Tests run: 2885, Failures: 0, Errors: 0, Skipped: 0
2019-09-13 21:15:57.142 
2019-09-13 21:15:57.320 [JENKINS] Recording test results
2019-09-13 21:15:57.649 [INFO] 
2019-09-13 21:15:57.649 [INFO] --- maven-enforcer-plugin:1.4.1:enforce (enforce) @ rcapi-278 ---
2019-09-13 21:15:57.662 [INFO] 
2019-09-13 21:15:57.662 [INFO] --- jacoco-maven-plugin:0.7.9:report (report) @ rcapi-278 ---
2019-09-13 21:15:57.663 [INFO] Loading execution data file /jenkins/workspace/revenueCycleApiService-trunk/278/target/jacoco.exec
2019-09-13 21:15:57.783 [INFO] Analyzed bundle 'Revenue Cycle API - 278 Support' with 105 classes
2019-09-13 21:15:58.189 [INFO] 
2019-09-13 21:15:58.189 [INFO] --- maven-jar-plugin:3.0.2:jar (default-jar) @ rcapi-278 ---
2019-09-13 21:15:58.225 [INFO] Building jar: /jenkins/workspace/revenueCycleApiService-trunk/278/target/rcapi-278-2.17-SNAPSHOT.jar
2019-09-13 21:15:58.319 [INFO] 
2019-09-13 21:15:58.319 [INFO] --- dependency-check-maven:5.0.0-M3:check (default) @ rcapi-278 ---
2019-09-13 21:15:58.324 [INFO] Central analyzer disabled
2019-09-13 21:15:58.833 [INFO] Checking for updates
 <...>
2019-09-13 21:16:02.829 See the dependency-check report for more details.
2019-09-13 21:16:02.829 
2019-09-13 21:16:02.829 
2019-09-13 21:16:03.063 [INFO] 
2019-09-13 21:16:03.064 [INFO] --- maven-install-plugin:2.5.2:install (default-install) @ rcapi-278 ---
2019-09-13 21:16:03.067 [INFO] Installing /jenkins/workspace/revenueCycleApiService-trunk/278/target/rcapi-278-2.17-SNAPSHOT.jar to /jenkins/.m2/repository/services/rcapi-278/2.17-SNAPSHOT/rcapi-278-2.17-SNAPSHOT.jar
2019-09-13 21:16:03.069 [INFO] Installing /jenkins/workspace/revenueCycleApiService-trunk/278/pom.xml to /jenkins/.m2/repository/services/rcapi-278/2.17-SNAPSHOT/rcapi-278-2.17-SNAPSHOT.pom
2019-09-13 21:16:04.068 [INFO]                                                                         
2019-09-13 21:16:04.068 [INFO] ------------------------------------------------------------------------
2019-09-13 21:16:04.069 [INFO] Building Revenue Cycle API Service 2.17-SNAPSHOT
2019-09-13 21:16:04.069 [INFO] ------------------------------------------------------------------------
2019-09-13 21:16:04.327 [INFO] 
2019-09-13 21:16:04.327 [INFO] --- maven-clean-plugin:3.0.0:clean (default-clean) @ revenueCycleApiService ---
2019-09-13 21:16:04.334 [INFO] 
2019-09-13 21:16:04.334 [INFO] --- maven-checkstyle-plugin:2.17:checkstyle (default) @ revenueCycleApiService ---
2019-09-13 21:16:04.407 [WARNING] File encoding has not been set, using platform encoding UTF-8, i.e. build is platform dependent!
2019-09-13 21:16:05.629 [INFO] Starting audit...
2019-09-13 21:16:05.629 Audit done.
2019-09-13 21:16:05.934 [CHECKSTYLE] Parsing file /jenkins/workspace/revenueCycleApiService-trunk/api/target/checkstyle-result.xml
2019-09-13 21:16:05.934 [CHECKSTYLE] Successfully parsed file /jenkins/workspace/revenueCycleApiService-trunk/api/target/checkstyle-result.xml of module Revenue Cycle API Service with 0 unique warnings and 0 duplicates.
2019-09-13 21:16:05.936 [CHECKSTYLE] File encoding has not been set in pom.xml, using platform encoding UTF-8, i.e. build is platform dependent (see <a href="http://docs.codehaus.org/display/MAVENUSER/POM+Element+for+Source+File+Encoding">Maven FAQ</a>).
2019-09-13 21:16:05.978 [CHECKSTYLE] Computing warning deltas based on reference build #10
2019-09-13 21:16:06.476 [INFO] 
2019-09-13 21:16:06.476 [INFO] --- jacoco-maven-plugin:0.7.9:prepare-agent (prepare-agent) @ revenueCycleApiService ---
2019-09-13 21:16:06.477 [INFO] argLine set to -javaagent:/jenkins/.m2/repository/org/jacoco/org.jacoco.agent/0.7.9/org.jacoco.agent-0.7.9-runtime.jar=destfile=/jenkins/workspace/revenueCycleApiService-trunk/api/target/jacoco.exec
2019-09-13 21:16:06.525 [INFO] 
2019-09-13 21:16:06.526 [INFO] --- maven-resources-plugin:3.0.2:resources (default-resources) @ revenueCycleApiService ---
2019-09-13 21:16:06.530 [WARNING] File encoding has not been set, using platform encoding UTF-8, i.e. build is platform dependent!
2019-09-13 21:16:06.530 [WARNING] Using platform encoding (UTF-8 actually) to copy filtered resources, i.e. build is platform dependent!
2019-09-13 21:16:06.532 [INFO] Copying 1 resource
2019-09-13 21:16:06.555 [INFO] Copying 10 resources
2019-09-13 21:16:06.604 [INFO] 
2019-09-13 21:16:06.605 [INFO] --- maven-compiler-plugin:3.6.2:compile (default-compile) @ revenueCycleApiService ---
2019-09-13 21:16:06.708 [INFO] Changes detected - recompiling the module!
2019-09-13 21:16:06.708 [WARNING] File encoding has not been set, using platform encoding UTF-8, i.e. build is platform dependent!
2019-09-13 21:16:06.713 [INFO] Compiling 223 source files to /jenkins/workspace/revenueCycleApiService-trunk/api/target/classes
2019-09-13 21:16:12.110 [INFO] /jenkins/workspace/revenueCycleApiService-trunk/api/src/main/java/com/recondotech/revenueCycleApi/smfProcess/retrievers/PDFTemplateRetriever.java: Some input files use unchecked or unsafe operations.
2019-09-13 21:16:12.111 [INFO] /jenkins/workspace/revenueCycleApiService-trunk/api/src/main/java/com/recondotech/revenueCycleApi/smfProcess/retrievers/PDFTemplateRetriever.java: Recompile with -Xlint:unchecked for details.
2019-09-13 21:16:12.119 [INFO] 
2019-09-13 21:16:12.119 [INFO] >>> findbugs-maven-plugin:3.0.4:check (analyze-compile) > :findbugs @ revenueCycleApiService >>>
2019-09-13 21:16:12.204 [INFO] 
2019-09-13 21:16:12.204 [INFO] --- findbugs-maven-plugin:3.0.4:findbugs (findbugs) @ revenueCycleApiService ---
2019-09-13 21:16:12.211 [INFO] Fork Value is true
2019-09-13 21:16:28.092 [INFO] Done FindBugs Analysis....
2019-09-13 21:16:28.465 [INFO] 
2019-09-13 21:16:28.466 [INFO] <<< findbugs-maven-plugin:3.0.4:check (analyze-compile) < :findbugs @ revenueCycleApiService <<<
2019-09-13 21:16:28.466 [INFO] 
2019-09-13 21:16:28.467 [INFO] --- findbugs-maven-plugin:3.0.4:check (analyze-compile) @ revenueCycleApiService ---
2019-09-13 21:16:28.486 [INFO] BugInstance size is 0
2019-09-13 21:16:28.487 [INFO] Error size is 0
2019-09-13 21:16:28.493 [INFO] No errors/warnings found
2019-09-13 21:16:28.675 [INFO] 
2019-09-13 21:16:28.675 [INFO] --- maven-resources-plugin:3.0.2:testResources (default-testResources) @ revenueCycleApiService ---
2019-09-13 21:16:28.676 [WARNING] Using platform encoding (UTF-8 actually) to copy filtered resources, i.e. build is platform dependent!
2019-09-13 21:16:28.679 [INFO] Copying 7 resources
2019-09-13 21:16:28.727 [INFO] 
2019-09-13 21:16:28.728 [INFO] --- maven-compiler-plugin:3.6.2:testCompile (default-testCompile) @ revenueCycleApiService ---
2019-09-13 21:16:28.790 [INFO] Changes detected - recompiling the module!
2019-09-13 21:16:28.791 [WARNING] File encoding has not been set, using platform encoding UTF-8, i.e. build is platform dependent!
2019-09-13 21:16:28.791 [INFO] Compiling 89 source files to /jenkins/workspace/revenueCycleApiService-trunk/api/target/test-classes
2019-09-13 21:16:33.696 [INFO] /jenkins/workspace/revenueCycleApiService-trunk/api/src/test/java/com/recondotech/revenueCycleApi/controllers/AccountActionControllerBaseTest.java: Some input files use or override a deprecated API.
2019-09-13 21:16:33.697 [INFO] /jenkins/workspace/revenueCycleApiService-trunk/api/src/test/java/com/recondotech/revenueCycleApi/controllers/AccountActionControllerBaseTest.java: Recompile with -Xlint:deprecation for details.
2019-09-13 21:16:33.697 [INFO] /jenkins/workspace/revenueCycleApiService-trunk/api/src/test/java/com/recondotech/revenueCycleApi/controllers/FinancialDataControllerBaseTest.java: Some input files use unchecked or unsafe operations.
2019-09-13 21:16:33.697 [INFO] /jenkins/workspace/revenueCycleApiService-trunk/api/src/test/java/com/recondotech/revenueCycleApi/controllers/FinancialDataControllerBaseTest.java: Recompile with -Xlint:unchecked for details.
2019-09-13 21:16:33.705 [INFO] 
2019-09-13 21:16:33.705 [INFO] --- maven-surefire-plugin:2.19.1:test (default-test) @ revenueCycleApiService ---
2019-09-13 21:16:33.716 [INFO] Surefire report directory: /jenkins/workspace/revenueCycleApiService-trunk/api/target/surefire-reports
2019-09-13 21:16:33.717 [INFO] Using configured provider org.junit.platform.surefire.provider.JUnitPlatformProvider
2019-09-13 21:16:33.717 [INFO] parallel='none', perCoreThreadCount=true, threadCount=0, useUnlimitedThreads=false, threadCountSuites=0, threadCountClasses=0, threadCountMethods=0, parallelOptimized=true
2019-09-13 21:16:33.719 
2019-09-13 21:16:33.719 -------------------------------------------------------
2019-09-13 21:16:33.719  T E S T S
2019-09-13 21:16:33.720 -------------------------------------------------------
 <...>
2019-09-13 21:16:56.997 Tests run: 449, Failures: 0, Errors: 0, Skipped: 0
2019-09-13 21:16:56.997 
2019-09-13 21:16:57.129 [JENKINS] Recording test results
2019-09-13 21:16:57.330 [INFO] 
2019-09-13 21:16:57.331 [INFO] --- maven-enforcer-plugin:1.4.1:enforce (enforce) @ revenueCycleApiService ---
2019-09-13 21:16:57.383 [INFO] 
2019-09-13 21:16:57.383 [INFO] --- jacoco-maven-plugin:0.7.9:report (report) @ revenueCycleApiService ---
2019-09-13 21:16:57.384 [INFO] Loading execution data file /jenkins/workspace/revenueCycleApiService-trunk/api/target/jacoco.exec
2019-09-13 21:16:57.535 [INFO] Analyzed bundle 'Revenue Cycle API Service' with 236 classes
2019-09-13 21:16:57.535 [WARNING] Classes in bundle 'Revenue Cycle API Service' do no match with execution data. For report generation the same class files must be used as at runtime.
2019-09-13 21:16:57.536 [WARNING] Execution data for class com/recondotech/revenueCycleApi/utils/LocalHostNameCalculator does not match.
2019-09-13 21:16:58.204 [INFO] 
2019-09-13 21:16:58.205 [INFO] --- maven-war-plugin:2.1.1:war (default-war) @ revenueCycleApiService ---
2019-09-13 21:16:58.432 [INFO] Packaging webapp
2019-09-13 21:16:58.433 [INFO] Assembling webapp [revenueCycleApiService] in [/jenkins/workspace/revenueCycleApiService-trunk/api/target/revenueCycleApiService-2.17-SNAPSHOT]
2019-09-13 21:16:58.445 [INFO] Processing war project
2019-09-13 21:16:58.446 [INFO] Copying webapp webResources [/jenkins/workspace/revenueCycleApiService-trunk/api] to [/jenkins/workspace/revenueCycleApiService-trunk/api/target/revenueCycleApiService-2.17-SNAPSHOT]
2019-09-13 21:16:58.448 [INFO] Copying webapp resources [/jenkins/workspace/revenueCycleApiService-trunk/api/src/main/webapp]
2019-09-13 21:16:58.799 [INFO] Webapp assembled in [365 msecs]
2019-09-13 21:16:59.134 [INFO] Building war: /jenkins/workspace/revenueCycleApiService-trunk/api/target/revenueCycleApiService##2.17-SNAPSHOT.war
2019-09-13 21:17:04.295 [INFO] WEB-INF/web.xml already added, skipping
2019-09-13 21:17:04.757 [INFO] 
2019-09-13 21:17:04.758 [INFO] >>> maven-source-plugin:3.0.1:jar (attach-sources) > generate-sources @ revenueCycleApiService >>>
2019-09-13 21:17:04.803 [INFO] 
2019-09-13 21:17:04.804 [INFO] --- maven-checkstyle-plugin:2.17:checkstyle (default) @ revenueCycleApiService ---
2019-09-13 21:17:04.851 [WARNING] File encoding has not been set, using platform encoding UTF-8, i.e. build is platform dependent!
2019-09-13 21:17:05.099 [INFO] Starting audit...
2019-09-13 21:17:05.099 Audit done.
2019-09-13 21:17:05.359 [INFO] 
2019-09-13 21:17:05.359 [INFO] --- jacoco-maven-plugin:0.7.9:prepare-agent (prepare-agent) @ revenueCycleApiService ---
2019-09-13 21:17:05.361 [INFO] argLine set to -javaagent:/jenkins/.m2/repository/org/jacoco/org.jacoco.agent/0.7.9/org.jacoco.agent-0.7.9-runtime.jar=destfile=/jenkins/workspace/revenueCycleApiService-trunk/api/target/jacoco.exec
2019-09-13 21:17:05.410 [WARNING] Failed to getClass for org.apache.maven.plugins.source.SourceJarMojo
2019-09-13 21:17:05.455 [INFO] 
2019-09-13 21:17:05.455 [INFO] <<< maven-source-plugin:3.0.1:jar (attach-sources) < generate-sources @ revenueCycleApiService <<<
2019-09-13 21:17:05.456 [INFO] 
2019-09-13 21:17:05.457 [INFO] --- maven-source-plugin:3.0.1:jar (attach-sources) @ revenueCycleApiService ---
2019-09-13 21:17:05.852 [INFO] Building jar: /jenkins/workspace/revenueCycleApiService-trunk/api/target/revenueCycleApiService-2.17-SNAPSHOT-sources.jar
2019-09-13 21:17:06.016 [INFO] 
2019-09-13 21:17:06.016 [INFO] --- maven-assembly-plugin:3.0.0:single (make-assembly) @ revenueCycleApiService ---
2019-09-13 21:17:06.224 [INFO] Reading assembly descriptor: src/main/assembly/jar.xml
2019-09-13 21:17:06.284 [WARNING] The assembly descriptor contains a filesystem-root relative reference, which is not cross platform compatible /
2019-09-13 21:17:06.296 [WARNING] The assembly descriptor contains a filesystem-root relative reference, which is not cross platform compatible /
2019-09-13 21:17:06.410 [INFO] Building zip: /jenkins/workspace/revenueCycleApiService-trunk/api/target/revenueCycleApiService##2.17-SNAPSHOT.zip
2019-09-13 21:17:11.217 [INFO] 
2019-09-13 21:17:11.217 [INFO] --- dependency-check-maven:5.0.0-M3:check (default) @ revenueCycleApiService ---
2019-09-13 21:17:11.221 [INFO] Central analyzer disabled
2019-09-13 21:17:13.309 [INFO] Checking for updates
 <...>
2019-09-13 21:17:21.325 See the dependency-check report for more details.
2019-09-13 21:17:21.325 
2019-09-13 21:17:21.325 
2019-09-13 21:17:21.508 [INFO] 
2019-09-13 21:17:21.509 [INFO] --- maven-install-plugin:2.5.2:install (default-install) @ revenueCycleApiService ---
2019-09-13 21:17:21.511 [INFO] Installing 
 <...>
2019-09-13 21:17:32.487 [INFO] Build successfully deployed. Browse it in Artifactory under 
 <...>
2019-09-13 21:17:33.641 [INFO] ------------------------------------------------------------------------
2019-09-13 21:17:33.641 [INFO] Reactor Summary:
2019-09-13 21:17:33.641 [INFO] 
2019-09-13 21:17:33.642 [INFO] Revenue Cycle API .................................. SUCCESS [  2.978 s]
2019-09-13 21:17:33.642 [INFO] Revenue Cycle API - Shared Utils ................... SUCCESS [ 27.907 s]
2019-09-13 21:17:33.642 [INFO] Revenue Cycle API - SMF Support .................... SUCCESS [ 16.353 s]
2019-09-13 21:17:33.643 [INFO] Revenue Cycle API - 278 Support .................... SUCCESS [ 31.334 s]
2019-09-13 21:17:33.643 [INFO] Revenue Cycle API Service .......................... SUCCESS [01:17 min]
2019-09-13 21:17:33.643 [INFO] ------------------------------------------------------------------------
2019-09-13 21:17:33.643 [INFO] BUILD SUCCESS
2019-09-13 21:17:33.644 [INFO] ------------------------------------------------------------------------
2019-09-13 21:17:33.645 [INFO] Total time: 02:50 min
2019-09-13 21:17:33.645 [INFO] Finished at: 2019-09-13T21:17:33+00:00
2019-09-13 21:17:34.271 [INFO] Final Memory: 93M/783M
2019-09-13 21:17:34.271 [INFO] ------------------------------------------------------------------------
2019-09-13 21:17:34.277 [JENKINS] Archiving /jenkins/workspace/revenueCycleApiService-trunk/utils/pom.xml to services/rcapi-utils/2.17-SNAPSHOT/rcapi-utils-2.17-SNAPSHOT.pom
2019-09-13 21:17:34.277 [JENKINS] Archiving /jenkins/workspace/revenueCycleApiService-trunk/utils/target/rcapi-utils-2.17-SNAPSHOT.jar to services/rcapi-utils/2.17-SNAPSHOT/rcapi-utils-2.17-SNAPSHOT.jar
2019-09-13 21:17:34.292 [JENKINS] Archiving /jenkins/workspace/revenueCycleApiService-trunk/278/pom.xml to services/rcapi-278/2.17-SNAPSHOT/rcapi-278-2.17-SNAPSHOT.pom
2019-09-13 21:17:34.292 [JENKINS] Archiving /jenkins/workspace/revenueCycleApiService-trunk/278/target/rcapi-278-2.17-SNAPSHOT.jar to services/rcapi-278/2.17-SNAPSHOT/rcapi-278-2.17-SNAPSHOT.jar
2019-09-13 21:17:34.337 [JENKINS] Archiving /jenkins/workspace/revenueCycleApiService-trunk/pom.xml to services/rev-cycle-api/2.17-SNAPSHOT/rev-cycle-api-2.17-SNAPSHOT.pom
2019-09-13 21:17:34.347 [JENKINS] Archiving /jenkins/workspace/revenueCycleApiService-trunk/smf/pom.xml to services/rcapi-smf/2.17-SNAPSHOT/rcapi-smf-2.17-SNAPSHOT.pom
2019-09-13 21:17:34.347 [JENKINS] Archiving /jenkins/workspace/revenueCycleApiService-trunk/smf/target/rcapi-smf-2.17-SNAPSHOT.jar to services/rcapi-smf/2.17-SNAPSHOT/rcapi-smf-2.17-SNAPSHOT.jar
2019-09-13 21:17:34.365 [JENKINS] Archiving /jenkins/workspace/revenueCycleApiService-trunk/api/pom.xml to services/revenueCycleApiService/2.17-SNAPSHOT/revenueCycleApiService-2.17-SNAPSHOT.pom
2019-09-13 21:17:34.365 [JENKINS] Archiving /jenkins/workspace/revenueCycleApiService-trunk/api/target/revenueCycleApiService##2.17-SNAPSHOT.war to services/revenueCycleApiService/2.17-SNAPSHOT/revenueCycleApiService-2.17-SNAPSHOT.war
2019-09-13 21:17:34.365 [JENKINS] Archiving /jenkins/workspace/revenueCycleApiService-trunk/api/target/revenueCycleApiService-2.17-SNAPSHOT-sources.jar to services/revenueCycleApiService/2.17-SNAPSHOT/revenueCycleApiService-2.17-SNAPSHOT-sources.jar
2019-09-13 21:17:34.365 [JENKINS] Archiving /jenkins/workspace/revenueCycleApiService-trunk/api/target/revenueCycleApiService##2.17-SNAPSHOT.zip to services/revenueCycleApiService/2.17-SNAPSHOT/revenueCycleApiService-2.17-SNAPSHOT.zip
2019-09-13 21:17:52.761 channel stopped
2019-09-13 21:17:52.869 [DependencyCheck] Collecting Dependency-Check analysis files...
2019-09-13 21:17:53.166 [DependencyCheck] Searching for all files in /jenkins/workspace/revenueCycleApiService-trunk that match the pattern **/dependency-check-report.xml
2019-09-13 21:17:53.166 [DependencyCheck] Parsing 4 files in /jenkins/workspace/revenueCycleApiService-trunk
2019-09-13 21:17:53.166 [DependencyCheck] Successfully parsed file /jenkins/workspace/revenueCycleApiService-trunk/278/target/dependency-check-report.xml with 46 unique warnings and 0 duplicates.
2019-09-13 21:17:53.166 [DependencyCheck] Successfully parsed file /jenkins/workspace/revenueCycleApiService-trunk/api/target/dependency-check-report.xml with 152 unique warnings and 46 duplicates.
2019-09-13 21:17:53.166 [DependencyCheck] Successfully parsed file /jenkins/workspace/revenueCycleApiService-trunk/smf/target/dependency-check-report.xml with 152 unique warnings and 44 duplicates.
2019-09-13 21:17:53.166 [DependencyCheck] Successfully parsed file /jenkins/workspace/revenueCycleApiService-trunk/utils/target/dependency-check-report.xml with 152 unique warnings and 23 duplicates.
2019-09-13 21:17:53.167 Skipping warnings blame since Git is the only supported SCM up to now.%n
2019-09-13 21:17:53.352 [DependencyCheck] Computing warning deltas based on reference build #7
2019-09-13 21:17:54.345 [JaCoCo plugin] Collecting JaCoCo coverage data...
2019-09-13 21:17:54.345 [JaCoCo plugin] **/**.exec;**/classes;**/src/main/java; locations are configured
2019-09-13 21:17:54.429 [JaCoCo plugin] Number of found exec files for pattern **/**.exec: 3
2019-09-13 21:17:54.429 [JaCoCo plugin] Saving matched execfiles:  /jenkins/workspace/revenueCycleApiService-trunk/278/target/jacoco.exec /jenkins/workspace/revenueCycleApiService-trunk/api/target/jacoco.exec /jenkins/workspace/revenueCycleApiService-trunk/utils/target/jacoco.exec
2019-09-13 21:17:54.583 [JaCoCo plugin] Saving matched class directories for class-pattern: **/classes: 
2019-09-13 21:17:54.649 [JaCoCo plugin]  - /jenkins/workspace/revenueCycleApiService-trunk/278/target/classes 108 files
2019-09-13 21:17:54.790 [JaCoCo plugin]  - /jenkins/workspace/revenueCycleApiService-trunk/api/target/classes 246 files
2019-09-13 21:17:54.923 [JaCoCo plugin]  - /jenkins/workspace/revenueCycleApiService-trunk/api/target/revenueCycleApiService-2.17-SNAPSHOT/WEB-INF/classes 246 files
2019-09-13 21:17:54.950 [JaCoCo plugin]  - /jenkins/workspace/revenueCycleApiService-trunk/smf/target/classes 40 files
2019-09-13 21:17:54.963 [JaCoCo plugin]  - /jenkins/workspace/revenueCycleApiService-trunk/utils/target/classes 19 files
2019-09-13 21:17:55.070 [JaCoCo plugin] Saving matched source directories for source-pattern: **/src/main/java: 
2019-09-13 21:17:55.070 [JaCoCo plugin] Source Inclusions: null
2019-09-13 21:17:55.070 [JaCoCo plugin] Source Exclusions: null
2019-09-13 21:17:55.194 [JaCoCo plugin] - /jenkins/workspace/revenueCycleApiService-trunk/278/src/main/java 382 filesERROR: Step ‘Record JaCoCo coverage report’ aborted due to exception: 
2019-09-13 21:17:55.292 java.nio.file.AccessDeniedException: /jenkins/jobs/revenueCycleApiService-trunk/builds/11/jacoco/sources/java/com/.svn/entries
2019-09-13 21:17:55.292 	at sun.nio.fs.UnixException.translateToIOException(UnixException.java:84)
2019-09-13 21:17:55.292 	at sun.nio.fs.UnixException.rethrowAsIOException(UnixException.java:102)
2019-09-13 21:17:55.292 	at sun.nio.fs.UnixException.rethrowAsIOException(UnixException.java:107)
2019-09-13 21:17:55.292 	at sun.nio.fs.UnixFileSystemProvider.newByteChannel(UnixFileSystemProvider.java:214)
2019-09-13 21:17:55.292 	at java.nio.file.spi.FileSystemProvider.newOutputStream(FileSystemProvider.java:434)
2019-09-13 21:17:55.292 	at java.nio.file.Files.newOutputStream(Files.java:216)
2019-09-13 21:17:55.292 	at hudson.util.IOUtils.copy(IOUtils.java:42)
2019-09-13 21:17:55.292 	at hudson.FilePath.readFromTar(FilePath.java:2579)
2019-09-13 21:17:55.292 Also:   	Also:   hudson.remoting.Channel$CallSiteStackTrace: Remote call to dapajenkin101
2019-09-13 21:17:55.292 			at hudson.remoting.Channel.attachCallSiteStackTrace(Channel.java:1743)
2019-09-13 21:17:55.292 			at hudson.remoting.UserRequest$ExceptionResponse.retrieve(UserRequest.java:357)
2019-09-13 21:17:55.292 			at hudson.remoting.Channel$2.adapt(Channel.java:992)
2019-09-13 21:17:55.292 			at hudson.remoting.Channel$2.adapt(Channel.java:988)
2019-09-13 21:17:55.292 			at hudson.remoting.FutureAdapter.get(FutureAdapter.java:59)
2019-09-13 21:17:55.292 			at hudson.FilePath.copyRecursiveTo(FilePath.java:2377)
2019-09-13 21:17:55.292 			at hudson.FilePath.copyRecursiveTo(FilePath.java:2339)
2019-09-13 21:17:55.292 			at hudson.plugins.jacoco.JacocoReportDir.saveSourcesFrom(JacocoReportDir.java:48)
2019-09-13 21:17:55.292 			at hudson.plugins.jacoco.JacocoPublisher.perform(JacocoPublisher.java:635)
2019-09-13 21:17:55.292 			at hudson.tasks.BuildStepCompatibilityLayer.perform(BuildStepCompatibilityLayer.java:79)
2019-09-13 21:17:55.292 			at hudson.tasks.BuildStepMonitor$1.perform(BuildStepMonitor.java:20)
2019-09-13 21:17:55.292 			at hudson.model.AbstractBuild$AbstractBuildExecution.perform(AbstractBuild.java:741)
2019-09-13 21:17:55.292 			at hudson.model.AbstractBuild$AbstractBuildExecution.performAllBuildSteps(AbstractBuild.java:690)
2019-09-13 21:17:55.292 			at hudson.maven.MavenModuleSetBuild$MavenModuleSetBuildExecution.post2(MavenModuleSetBuild.java:1074)
2019-09-13 21:17:55.292 			at hudson.model.AbstractBuild$AbstractBuildExecution.post(AbstractBuild.java:635)
2019-09-13 21:17:55.292 			at hudson.model.Run.execute(Run.java:1843)
2019-09-13 21:17:55.292 			at hudson.maven.MavenModuleSetBuild.run(MavenModuleSetBuild.java:543)
2019-09-13 21:17:55.292 			at hudson.model.ResourceController.execute(ResourceController.java:97)
2019-09-13 21:17:55.292 			at hudson.model.Executor.run(Executor.java:429)
2019-09-13 21:17:55.292 java.io.IOException: This archives contains unclosed entries.
2019-09-13 21:17:55.292 		at org.apache.commons.compress.archivers.tar.TarArchiveOutputStream.finish(TarArchiveOutputStream.java:225)
2019-09-13 21:17:55.292 		at org.apache.commons.compress.archivers.tar.TarArchiveOutputStream.close(TarArchiveOutputStream.java:241)
2019-09-13 21:17:55.292 		at hudson.util.io.TarArchiver.close(TarArchiver.java:126)
2019-09-13 21:17:55.292 		at hudson.FilePath.writeToTar(FilePath.java:2549)
2019-09-13 21:17:55.292 		at hudson.FilePath.access$4000(FilePath.java:212)
2019-09-13 21:17:55.292 		at hudson.FilePath$CopyRecursiveRemoteToLocal.invoke(FilePath.java:2512)
2019-09-13 21:17:55.292 		at hudson.FilePath$CopyRecursiveRemoteToLocal.invoke(FilePath.java:2501)
2019-09-13 21:17:55.292 		at hudson.FilePath$FileCallableWrapper.call(FilePath.java:3050)
2019-09-13 21:17:55.292 		at hudson.remoting.UserRequest.perform(UserRequest.java:212)
2019-09-13 21:17:55.292 		at hudson.remoting.UserRequest.perform(UserRequest.java:54)
2019-09-13 21:17:55.292 		at hudson.remoting.Request$2.run(Request.java:369)
2019-09-13 21:17:55.292 		at hudson.remoting.InterceptingExecutorService$1.call(InterceptingExecutorService.java:72)
2019-09-13 21:17:55.292 		at java.util.concurrent.FutureTask.run(FutureTask.java:266)
2019-09-13 21:17:55.292 		at java.util.concurrent.ThreadPoolExecutor.runWorker(ThreadPoolExecutor.java:1142)
2019-09-13 21:17:55.292 		at java.util.concurrent.ThreadPoolExecutor$Worker.run(ThreadPoolExecutor.java:617)
2019-09-13 21:17:55.292 		at java.lang.Thread.run(Thread.java:745)
2019-09-13 21:17:55.292 	Caused: java.util.concurrent.ExecutionException
2019-09-13 21:17:55.292 		at hudson.remoting.Channel$2.adapt(Channel.java:994)
2019-09-13 21:17:55.292 		at hudson.remoting.Channel$2.adapt(Channel.java:988)
2019-09-13 21:17:55.292 		at hudson.remoting.FutureAdapter.get(FutureAdapter.java:59)
2019-09-13 21:17:55.292 		at hudson.FilePath.copyRecursiveTo(FilePath.java:2377)
2019-09-13 21:17:55.292 Caused: java.io.IOException: Failed to extract /jenkins/workspace/revenueCycleApiService-trunk/api/src/main/java/null
2019-09-13 21:17:55.292 	at hudson.FilePath.readFromTar(FilePath.java:2589)
2019-09-13 21:17:55.292 	at hudson.FilePath.copyRecursiveTo(FilePath.java:2374)
2019-09-13 21:17:55.292 	at hudson.FilePath.copyRecursiveTo(FilePath.java:2339)
2019-09-13 21:17:55.292 	at hudson.plugins.jacoco.JacocoReportDir.saveSourcesFrom(JacocoReportDir.java:48)
2019-09-13 21:17:55.292 	at hudson.plugins.jacoco.JacocoPublisher.perform(JacocoPublisher.java:635)
2019-09-13 21:17:55.292 	at hudson.tasks.BuildStepCompatibilityLayer.perform(BuildStepCompatibilityLayer.java:79)
2019-09-13 21:17:55.292 	at hudson.tasks.BuildStepMonitor$1.perform(BuildStepMonitor.java:20)
2019-09-13 21:17:55.292 	at hudson.model.AbstractBuild$AbstractBuildExecution.perform(AbstractBuild.java:741)
2019-09-13 21:17:55.292 	at hudson.model.AbstractBuild$AbstractBuildExecution.performAllBuildSteps(AbstractBuild.java:690)
2019-09-13 21:17:55.292 	at hudson.maven.MavenModuleSetBuild$MavenModuleSetBuildExecution.post2(MavenModuleSetBuild.java:1074)
2019-09-13 21:17:55.292 	at hudson.model.AbstractBuild$AbstractBuildExecution.post(AbstractBuild.java:635)
2019-09-13 21:17:55.292 	at hudson.model.Run.execute(Run.java:1843)
2019-09-13 21:17:55.292 	at hudson.maven.MavenModuleSetBuild.run(MavenModuleSetBuild.java:543)
2019-09-13 21:17:55.292 	at hudson.model.ResourceController.execute(ResourceController.java:97)
2019-09-13 21:17:55.292 	at hudson.model.Executor.run(Executor.java:429)
2019-09-13 21:17:55.293 [htmlpublisher] Archiving HTML reports...
2019-09-13 21:17:55.309 [htmlpublisher] Archiving at PROJECT level /jenkins/workspace/revenueCycleApiService-trunk to /jenkins/jobs/revenueCycleApiService-trunk/htmlreports/Vulnerability_20Analysis_3a_20278_20Module
2019-09-13 21:18:26.856 [htmlpublisher] Archiving at PROJECT level /jenkins/workspace/revenueCycleApiService-trunk to /jenkins/jobs/revenueCycleApiService-trunk/htmlreports/Vulnerability_20Analysis_3a_20API_20Module
2019-09-13 21:18:58.198 [htmlpublisher] Archiving at PROJECT level /jenkins/workspace/revenueCycleApiService-trunk to /jenkins/jobs/revenueCycleApiService-trunk/htmlreports/Vulnerability_20Analysis_3a_20SMF_20Module
2019-09-13 21:19:30.180 [htmlpublisher] Archiving at PROJECT level /jenkins/workspace/revenueCycleApiService-trunk to /jenkins/jobs/revenueCycleApiService-trunk/htmlreports/Vulnerability_20Analysis_3a_20Utils_20Module
2019-09-13 21:20:01.838 Finished: FAILURE
Page generated: Sep 30, 2019 4:14:39 PM UTCREST APIJenkins ver. 2.176.3