Running from: \\abcd-ef\dfs\home\smadden\test\jenkins.war
webroot: EnvVars.masterEnvVars.get("JENKINS_HOME")
[Winstone 2011/05/06 09:40:56] - Beginning extraction from war file
hudson home directory: \\abcd-ef\dfs\home\smadden\test found at: EnvVars.masterEnvVars.get("JENKINS_HOME")
Using one-time self-signed certificate
[Winstone 2011/05/06 09:40:59] - HTTP Listener started: port=8080
[Winstone 2011/05/06 09:40:59] - AJP13 Listener started: port=8009
[Winstone 2011/05/06 09:41:00] - Winstone Servlet Engine v0.9.10 running: controlPort=disabled
[Winstone 2011/05/06 09:41:08] - Untrapped Error in Servlet
java.lang.IllegalArgumentException: URI has an authority component
	at java.io.File.<init>(Unknown Source)
	at org.kohsuke.stapler.Stapler.toFile(Stapler.java:450)
	at org.kohsuke.stapler.Stapler.openURL(Stapler.java:268)
	at org.kohsuke.stapler.Stapler.selectResourceByLocale(Stapler.java:217)
	at org.kohsuke.stapler.Stapler.openResourcePathByLocale(Stapler.java:202)
	at org.kohsuke.stapler.Stapler.service(Stapler.java:144)
	at javax.servlet.http.HttpServlet.service(HttpServlet.java:45)
	at winstone.ServletConfiguration.execute(ServletConfiguration.java:249)
	at winstone.RequestDispatcher.forward(RequestDispatcher.java:335)
	at winstone.RequestDispatcher.doFilter(RequestDispatcher.java:378)
	at hudson.util.PluginServletFilter$1.doFilter(PluginServletFilter.java:94)
	at hudson.util.PluginServletFilter.doFilter(PluginServletFilter.java:86)
	at winstone.FilterConfiguration.execute(FilterConfiguration.java:195)
	at winstone.RequestDispatcher.doFilter(RequestDispatcher.java:368)
	at hudson.security.csrf.CrumbFilter.doFilter(CrumbFilter.java:47)
	at winstone.FilterConfiguration.execute(FilterConfiguration.java:195)
	at winstone.RequestDispatcher.doFilter(RequestDispatcher.java:368)
	at hudson.security.HudsonFilter.doFilter(HudsonFilter.java:162)
	at winstone.FilterConfiguration.execute(FilterConfiguration.java:195)
	at winstone.RequestDispatcher.doFilter(RequestDispatcher.java:368)
	at hudson.util.CharacterEncodingFilter.doFilter(CharacterEncodingFilter.java:81)
	at winstone.FilterConfiguration.execute(FilterConfiguration.java:195)
	at winstone.RequestDispatcher.doFilter(RequestDispatcher.java:368)
	at winstone.RequestDispatcher.forward(RequestDispatcher.java:333)
	at winstone.RequestHandlerThread.processRequest(RequestHandlerThread.java:244)
	at winstone.RequestHandlerThread.run(RequestHandlerThread.java:150)
	at java.lang.Thread.run(Unknown Source)

[Winstone 2011/05/06 09:41:09] - Untrapped Error in Servlet
java.lang.IllegalArgumentException: URI has an authority component
	at java.io.File.<init>(Unknown Source)
	at org.kohsuke.stapler.Stapler.toFile(Stapler.java:450)
	at org.kohsuke.stapler.Stapler.openURL(Stapler.java:268)
	at org.kohsuke.stapler.Stapler.selectResourceByLocale(Stapler.java:217)
	at org.kohsuke.stapler.Stapler.openResourcePathByLocale(Stapler.java:202)
	at org.kohsuke.stapler.Stapler.service(Stapler.java:144)
	at javax.servlet.http.HttpServlet.service(HttpServlet.java:45)
	at winstone.ServletConfiguration.execute(ServletConfiguration.java:249)
	at winstone.RequestDispatcher.forward(RequestDispatcher.java:335)
	at winstone.RequestDispatcher.doFilter(RequestDispatcher.java:378)
	at hudson.util.PluginServletFilter$1.doFilter(PluginServletFilter.java:94)
	at hudson.util.PluginServletFilter.doFilter(PluginServletFilter.java:86)
	at winstone.FilterConfiguration.execute(FilterConfiguration.java:195)
	at winstone.RequestDispatcher.doFilter(RequestDispatcher.java:368)
	at hudson.security.csrf.CrumbFilter.doFilter(CrumbFilter.java:47)
	at winstone.FilterConfiguration.execute(FilterConfiguration.java:195)
	at winstone.RequestDispatcher.doFilter(RequestDispatcher.java:368)
	at hudson.security.HudsonFilter.doFilter(HudsonFilter.java:162)
	at winstone.FilterConfiguration.execute(FilterConfiguration.java:195)
	at winstone.RequestDispatcher.doFilter(RequestDispatcher.java:368)
	at hudson.util.CharacterEncodingFilter.doFilter(CharacterEncodingFilter.java:81)
	at winstone.FilterConfiguration.execute(FilterConfiguration.java:195)
	at winstone.RequestDispatcher.doFilter(RequestDispatcher.java:368)
	at winstone.RequestDispatcher.forward(RequestDispatcher.java:333)
	at winstone.RequestHandlerThread.processRequest(RequestHandlerThread.java:244)
	at winstone.RequestHandlerThread.run(RequestHandlerThread.java:150)
	at java.lang.Thread.run(Unknown Source)

[Winstone 2011/05/06 09:41:09] - Untrapped Error in Servlet
java.lang.IllegalArgumentException: URI has an authority component
	at java.io.File.<init>(Unknown Source)
	at org.kohsuke.stapler.Stapler.toFile(Stapler.java:450)
	at org.kohsuke.stapler.Stapler.openURL(Stapler.java:268)
	at org.kohsuke.stapler.Stapler.selectResourceByLocale(Stapler.java:217)
	at org.kohsuke.stapler.Stapler.openResourcePathByLocale(Stapler.java:202)
	at org.kohsuke.stapler.Stapler.service(Stapler.java:144)
	at javax.servlet.http.HttpServlet.service(HttpServlet.java:45)
	at winstone.ServletConfiguration.execute(ServletConfiguration.java:249)
	at winstone.RequestDispatcher.forward(RequestDispatcher.java:335)
	at winstone.RequestDispatcher.doFilter(RequestDispatcher.java:378)
	at hudson.util.PluginServletFilter$1.doFilter(PluginServletFilter.java:94)
	at hudson.util.PluginServletFilter.doFilter(PluginServletFilter.java:86)
	at winstone.FilterConfiguration.execute(FilterConfiguration.java:195)
	at winstone.RequestDispatcher.doFilter(RequestDispatcher.java:368)
	at hudson.security.csrf.CrumbFilter.doFilter(CrumbFilter.java:47)
	at winstone.FilterConfiguration.execute(FilterConfiguration.java:195)
	at winstone.RequestDispatcher.doFilter(RequestDispatcher.java:368)
	at hudson.security.HudsonFilter.doFilter(HudsonFilter.java:162)
	at winstone.FilterConfiguration.execute(FilterConfiguration.java:195)
	at winstone.RequestDispatcher.doFilter(RequestDispatcher.java:368)
	at hudson.util.CharacterEncodingFilter.doFilter(CharacterEncodingFilter.java:81)
	at winstone.FilterConfiguration.execute(FilterConfiguration.java:195)
	at winstone.RequestDispatcher.doFilter(RequestDispatcher.java:368)
	at winstone.RequestDispatcher.forward(RequestDispatcher.java:333)
	at winstone.RequestHandlerThread.processRequest(RequestHandlerThread.java:244)
	at winstone.RequestHandlerThread.run(RequestHandlerThread.java:150)
	at java.lang.Thread.run(Unknown Source)

[Winstone 2011/05/06 09:41:10] - Untrapped Error in Servlet
java.lang.IllegalArgumentException: URI has an authority component
	at java.io.File.<init>(Unknown Source)
	at org.kohsuke.stapler.Stapler.toFile(Stapler.java:450)
	at org.kohsuke.stapler.Stapler.openURL(Stapler.java:268)
	at org.kohsuke.stapler.Stapler.selectResourceByLocale(Stapler.java:217)
	at org.kohsuke.stapler.Stapler.openResourcePathByLocale(Stapler.java:202)
	at org.kohsuke.stapler.Stapler.service(Stapler.java:144)
	at javax.servlet.http.HttpServlet.service(HttpServlet.java:45)
	at winstone.ServletConfiguration.execute(ServletConfiguration.java:249)
	at winstone.RequestDispatcher.forward(RequestDispatcher.java:335)
	at winstone.RequestDispatcher.doFilter(RequestDispatcher.java:378)
	at hudson.util.PluginServletFilter$1.doFilter(PluginServletFilter.java:94)
	at hudson.util.PluginServletFilter.doFilter(PluginServletFilter.java:86)
	at winstone.FilterConfiguration.execute(FilterConfiguration.java:195)
	at winstone.RequestDispatcher.doFilter(RequestDispatcher.java:368)
	at hudson.security.csrf.CrumbFilter.doFilter(CrumbFilter.java:47)
	at winstone.FilterConfiguration.execute(FilterConfiguration.java:195)
	at winstone.RequestDispatcher.doFilter(RequestDispatcher.java:368)
	at hudson.security.HudsonFilter.doFilter(HudsonFilter.java:162)
	at winstone.FilterConfiguration.execute(FilterConfiguration.java:195)
	at winstone.RequestDispatcher.doFilter(RequestDispatcher.java:368)
	at hudson.util.CharacterEncodingFilter.doFilter(CharacterEncodingFilter.java:81)
	at winstone.FilterConfiguration.execute(FilterConfiguration.java:195)
	at winstone.RequestDispatcher.doFilter(RequestDispatcher.java:368)
	at winstone.RequestDispatcher.forward(RequestDispatcher.java:333)
	at winstone.RequestHandlerThread.processRequest(RequestHandlerThread.java:244)
	at winstone.RequestHandlerThread.run(RequestHandlerThread.java:150)
	at java.lang.Thread.run(Unknown Source)

[Winstone 2011/05/06 09:41:10] - Untrapped Error in Servlet
java.lang.IllegalArgumentException: URI has an authority component
	at java.io.File.<init>(Unknown Source)
	at org.kohsuke.stapler.Stapler.toFile(Stapler.java:450)
	at org.kohsuke.stapler.Stapler.openURL(Stapler.java:268)
	at org.kohsuke.stapler.Stapler.selectResourceByLocale(Stapler.java:217)
	at org.kohsuke.stapler.Stapler.openResourcePathByLocale(Stapler.java:202)
	at org.kohsuke.stapler.Stapler.service(Stapler.java:144)
	at javax.servlet.http.HttpServlet.service(HttpServlet.java:45)
	at winstone.ServletConfiguration.execute(ServletConfiguration.java:249)
	at winstone.RequestDispatcher.forward(RequestDispatcher.java:335)
	at winstone.RequestDispatcher.doFilter(RequestDispatcher.java:378)
	at hudson.util.PluginServletFilter$1.doFilter(PluginServletFilter.java:94)
	at hudson.util.PluginServletFilter.doFilter(PluginServletFilter.java:86)
	at winstone.FilterConfiguration.execute(FilterConfiguration.java:195)
	at winstone.RequestDispatcher.doFilter(RequestDispatcher.java:368)
	at hudson.security.csrf.CrumbFilter.doFilter(CrumbFilter.java:47)
	at winstone.FilterConfiguration.execute(FilterConfiguration.java:195)
	at winstone.RequestDispatcher.doFilter(RequestDispatcher.java:368)
	at hudson.security.HudsonFilter.doFilter(HudsonFilter.java:162)
	at winstone.FilterConfiguration.execute(FilterConfiguration.java:195)
	at winstone.RequestDispatcher.doFilter(RequestDispatcher.java:368)
	at hudson.util.CharacterEncodingFilter.doFilter(CharacterEncodingFilter.java:81)
	at winstone.FilterConfiguration.execute(FilterConfiguration.java:195)
	at winstone.RequestDispatcher.doFilter(RequestDispatcher.java:368)
	at winstone.RequestDispatcher.forward(RequestDispatcher.java:333)
	at winstone.RequestHandlerThread.processRequest(RequestHandlerThread.java:244)
	at winstone.RequestHandlerThread.run(RequestHandlerThread.java:150)
	at java.lang.Thread.run(Unknown Source)

[Winstone 2011/05/06 09:41:10] - Untrapped Error in Servlet
java.lang.IllegalArgumentException: URI has an authority component
	at java.io.File.<init>(Unknown Source)
	at org.kohsuke.stapler.Stapler.toFile(Stapler.java:450)
	at org.kohsuke.stapler.Stapler.openURL(Stapler.java:268)
	at org.kohsuke.stapler.Stapler.selectResourceByLocale(Stapler.java:217)
	at org.kohsuke.stapler.Stapler.openResourcePathByLocale(Stapler.java:202)
	at org.kohsuke.stapler.Stapler.service(Stapler.java:144)
	at javax.servlet.http.HttpServlet.service(HttpServlet.java:45)
	at winstone.ServletConfiguration.execute(ServletConfiguration.java:249)
	at winstone.RequestDispatcher.forward(RequestDispatcher.java:335)
	at winstone.RequestDispatcher.doFilter(RequestDispatcher.java:378)
	at hudson.util.PluginServletFilter$1.doFilter(PluginServletFilter.java:94)
	at hudson.util.PluginServletFilter.doFilter(PluginServletFilter.java:86)
	at winstone.FilterConfiguration.execute(FilterConfiguration.java:195)
	at winstone.RequestDispatcher.doFilter(RequestDispatcher.java:368)
	at hudson.security.csrf.CrumbFilter.doFilter(CrumbFilter.java:47)
	at winstone.FilterConfiguration.execute(FilterConfiguration.java:195)
	at winstone.RequestDispatcher.doFilter(RequestDispatcher.java:368)
	at hudson.security.HudsonFilter.doFilter(HudsonFilter.java:162)
	at winstone.FilterConfiguration.execute(FilterConfiguration.java:195)
	at winstone.RequestDispatcher.doFilter(RequestDispatcher.java:368)
	at hudson.util.CharacterEncodingFilter.doFilter(CharacterEncodingFilter.java:81)
	at winstone.FilterConfiguration.execute(FilterConfiguration.java:195)
	at winstone.RequestDispatcher.doFilter(RequestDispatcher.java:368)
	at winstone.RequestDispatcher.forward(RequestDispatcher.java:333)
	at winstone.RequestHandlerThread.processRequest(RequestHandlerThread.java:244)
	at winstone.RequestHandlerThread.run(RequestHandlerThread.java:150)
	at java.lang.Thread.run(Unknown Source)

[Winstone 2011/05/06 09:41:10] - Untrapped Error in Servlet
java.lang.IllegalArgumentException: URI has an authority component
	at java.io.File.<init>(Unknown Source)
	at org.kohsuke.stapler.Stapler.toFile(Stapler.java:450)
	at org.kohsuke.stapler.Stapler.openURL(Stapler.java:268)
	at org.kohsuke.stapler.Stapler.selectResourceByLocale(Stapler.java:217)
	at org.kohsuke.stapler.Stapler.openResourcePathByLocale(Stapler.java:202)
	at org.kohsuke.stapler.Stapler.service(Stapler.java:144)
	at javax.servlet.http.HttpServlet.service(HttpServlet.java:45)
	at winstone.ServletConfiguration.execute(ServletConfiguration.java:249)
	at winstone.RequestDispatcher.forward(RequestDispatcher.java:335)
	at winstone.RequestDispatcher.doFilter(RequestDispatcher.java:378)
	at hudson.util.PluginServletFilter$1.doFilter(PluginServletFilter.java:94)
	at hudson.util.PluginServletFilter.doFilter(PluginServletFilter.java:86)
	at winstone.FilterConfiguration.execute(FilterConfiguration.java:195)
	at winstone.RequestDispatcher.doFilter(RequestDispatcher.java:368)
	at hudson.security.csrf.CrumbFilter.doFilter(CrumbFilter.java:47)
	at winstone.FilterConfiguration.execute(FilterConfiguration.java:195)
	at winstone.RequestDispatcher.doFilter(RequestDispatcher.java:368)
	at hudson.security.HudsonFilter.doFilter(HudsonFilter.java:162)
	at winstone.FilterConfiguration.execute(FilterConfiguration.java:195)
	at winstone.RequestDispatcher.doFilter(RequestDispatcher.java:368)
	at hudson.util.CharacterEncodingFilter.doFilter(CharacterEncodingFilter.java:81)
	at winstone.FilterConfiguration.execute(FilterConfiguration.java:195)
	at winstone.RequestDispatcher.doFilter(RequestDispatcher.java:368)
	at winstone.RequestDispatcher.forward(RequestDispatcher.java:333)
	at winstone.RequestHandlerThread.processRequest(RequestHandlerThread.java:244)
	at winstone.RequestHandlerThread.run(RequestHandlerThread.java:150)
	at java.lang.Thread.run(Unknown Source)

[Winstone 2011/05/06 09:41:10] - Untrapped Error in Servlet
java.lang.IllegalArgumentException: URI has an authority component
	at java.io.File.<init>(Unknown Source)
	at org.kohsuke.stapler.Stapler.toFile(Stapler.java:450)
	at org.kohsuke.stapler.Stapler.openURL(Stapler.java:268)
	at org.kohsuke.stapler.Stapler.selectResourceByLocale(Stapler.java:217)
	at org.kohsuke.stapler.Stapler.openResourcePathByLocale(Stapler.java:202)
	at org.kohsuke.stapler.Stapler.service(Stapler.java:144)
	at javax.servlet.http.HttpServlet.service(HttpServlet.java:45)
	at winstone.ServletConfiguration.execute(ServletConfiguration.java:249)
	at winstone.RequestDispatcher.forward(RequestDispatcher.java:335)
	at winstone.RequestDispatcher.doFilter(RequestDispatcher.java:378)
	at hudson.util.PluginServletFilter$1.doFilter(PluginServletFilter.java:94)
	at hudson.util.PluginServletFilter.doFilter(PluginServletFilter.java:86)
	at winstone.FilterConfiguration.execute(FilterConfiguration.java:195)
	at winstone.RequestDispatcher.doFilter(RequestDispatcher.java:368)
	at hudson.security.csrf.CrumbFilter.doFilter(CrumbFilter.java:47)
	at winstone.FilterConfiguration.execute(FilterConfiguration.java:195)
	at winstone.RequestDispatcher.doFilter(RequestDispatcher.java:368)
	at hudson.security.HudsonFilter.doFilter(HudsonFilter.java:162)
	at winstone.FilterConfiguration.execute(FilterConfiguration.java:195)
	at winstone.RequestDispatcher.doFilter(RequestDispatcher.java:368)
	at hudson.util.CharacterEncodingFilter.doFilter(CharacterEncodingFilter.java:81)
	at winstone.FilterConfiguration.execute(FilterConfiguration.java:195)
	at winstone.RequestDispatcher.doFilter(RequestDispatcher.java:368)
	at winstone.RequestDispatcher.forward(RequestDispatcher.java:333)
	at winstone.RequestHandlerThread.processRequest(RequestHandlerThread.java:244)
	at winstone.RequestHandlerThread.run(RequestHandlerThread.java:150)
	at java.lang.Thread.run(Unknown Source)

[Winstone 2011/05/06 09:41:11] - Untrapped Error in Servlet
java.lang.IllegalArgumentException: URI has an authority component
	at java.io.File.<init>(Unknown Source)
	at org.kohsuke.stapler.Stapler.toFile(Stapler.java:450)
	at org.kohsuke.stapler.Stapler.openURL(Stapler.java:268)
	at org.kohsuke.stapler.Stapler.selectResourceByLocale(Stapler.java:217)
	at org.kohsuke.stapler.Stapler.openResourcePathByLocale(Stapler.java:202)
	at org.kohsuke.stapler.Stapler.service(Stapler.java:144)
	at javax.servlet.http.HttpServlet.service(HttpServlet.java:45)
	at winstone.ServletConfiguration.execute(ServletConfiguration.java:249)
	at winstone.RequestDispatcher.forward(RequestDispatcher.java:335)
	at winstone.RequestDispatcher.doFilter(RequestDispatcher.java:378)
	at hudson.util.PluginServletFilter$1.doFilter(PluginServletFilter.java:94)
	at hudson.util.PluginServletFilter.doFilter(PluginServletFilter.java:86)
	at winstone.FilterConfiguration.execute(FilterConfiguration.java:195)
	at winstone.RequestDispatcher.doFilter(RequestDispatcher.java:368)
	at hudson.security.csrf.CrumbFilter.doFilter(CrumbFilter.java:47)
	at winstone.FilterConfiguration.execute(FilterConfiguration.java:195)
	at winstone.RequestDispatcher.doFilter(RequestDispatcher.java:368)
	at hudson.security.HudsonFilter.doFilter(HudsonFilter.java:162)
	at winstone.FilterConfiguration.execute(FilterConfiguration.java:195)
	at winstone.RequestDispatcher.doFilter(RequestDispatcher.java:368)
	at hudson.util.CharacterEncodingFilter.doFilter(CharacterEncodingFilter.java:81)
	at winstone.FilterConfiguration.execute(FilterConfiguration.java:195)
	at winstone.RequestDispatcher.doFilter(RequestDispatcher.java:368)
	at winstone.RequestDispatcher.forward(RequestDispatcher.java:333)
	at winstone.RequestHandlerThread.processRequest(RequestHandlerThread.java:244)
	at winstone.RequestHandlerThread.run(RequestHandlerThread.java:150)
	at java.lang.Thread.run(Unknown Source)

[Winstone 2011/05/06 09:41:11] - Untrapped Error in Servlet
java.lang.IllegalArgumentException: URI has an authority component
	at java.io.File.<init>(Unknown Source)
	at org.kohsuke.stapler.Stapler.toFile(Stapler.java:450)
	at org.kohsuke.stapler.Stapler.openURL(Stapler.java:268)
	at org.kohsuke.stapler.Stapler.selectResourceByLocale(Stapler.java:217)
	at org.kohsuke.stapler.Stapler.openResourcePathByLocale(Stapler.java:202)
	at org.kohsuke.stapler.Stapler.service(Stapler.java:144)
	at javax.servlet.http.HttpServlet.service(HttpServlet.java:45)
	at winstone.ServletConfiguration.execute(ServletConfiguration.java:249)
	at winstone.RequestDispatcher.forward(RequestDispatcher.java:335)
	at winstone.RequestDispatcher.doFilter(RequestDispatcher.java:378)
	at hudson.util.PluginServletFilter$1.doFilter(PluginServletFilter.java:94)
	at hudson.util.PluginServletFilter.doFilter(PluginServletFilter.java:86)
	at winstone.FilterConfiguration.execute(FilterConfiguration.java:195)
	at winstone.RequestDispatcher.doFilter(RequestDispatcher.java:368)
	at hudson.security.csrf.CrumbFilter.doFilter(CrumbFilter.java:47)
	at winstone.FilterConfiguration.execute(FilterConfiguration.java:195)
	at winstone.RequestDispatcher.doFilter(RequestDispatcher.java:368)
	at hudson.security.HudsonFilter.doFilter(HudsonFilter.java:162)
	at winstone.FilterConfiguration.execute(FilterConfiguration.java:195)
	at winstone.RequestDispatcher.doFilter(RequestDispatcher.java:368)
	at hudson.util.CharacterEncodingFilter.doFilter(CharacterEncodingFilter.java:81)
	at winstone.FilterConfiguration.execute(FilterConfiguration.java:195)
	at winstone.RequestDispatcher.doFilter(RequestDispatcher.java:368)
	at winstone.RequestDispatcher.forward(RequestDispatcher.java:333)
	at winstone.RequestHandlerThread.processRequest(RequestHandlerThread.java:244)
	at winstone.RequestHandlerThread.run(RequestHandlerThread.java:150)
	at java.lang.Thread.run(Unknown Source)

[Winstone 2011/05/06 09:41:11] - Untrapped Error in Servlet
java.lang.IllegalArgumentException: URI has an authority component
	at java.io.File.<init>(Unknown Source)
	at org.kohsuke.stapler.Stapler.toFile(Stapler.java:450)
	at org.kohsuke.stapler.Stapler.openURL(Stapler.java:268)
	at org.kohsuke.stapler.Stapler.selectResourceByLocale(Stapler.java:217)
	at org.kohsuke.stapler.Stapler.openResourcePathByLocale(Stapler.java:202)
	at org.kohsuke.stapler.Stapler.service(Stapler.java:144)
	at javax.servlet.http.HttpServlet.service(HttpServlet.java:45)
	at winstone.ServletConfiguration.execute(ServletConfiguration.java:249)
	at winstone.RequestDispatcher.forward(RequestDispatcher.java:335)
	at winstone.RequestDispatcher.doFilter(RequestDispatcher.java:378)
	at hudson.util.PluginServletFilter$1.doFilter(PluginServletFilter.java:94)
	at hudson.util.PluginServletFilter.doFilter(PluginServletFilter.java:86)
	at winstone.FilterConfiguration.execute(FilterConfiguration.java:195)
	at winstone.RequestDispatcher.doFilter(RequestDispatcher.java:368)
	at hudson.security.csrf.CrumbFilter.doFilter(CrumbFilter.java:47)
	at winstone.FilterConfiguration.execute(FilterConfiguration.java:195)
	at winstone.RequestDispatcher.doFilter(RequestDispatcher.java:368)
	at hudson.security.HudsonFilter.doFilter(HudsonFilter.java:162)
	at winstone.FilterConfiguration.execute(FilterConfiguration.java:195)
	at winstone.RequestDispatcher.doFilter(RequestDispatcher.java:368)
	at hudson.util.CharacterEncodingFilter.doFilter(CharacterEncodingFilter.java:81)
	at winstone.FilterConfiguration.execute(FilterConfiguration.java:195)
	at winstone.RequestDispatcher.doFilter(RequestDispatcher.java:368)
	at winstone.RequestDispatcher.forward(RequestDispatcher.java:333)
	at winstone.RequestHandlerThread.processRequest(RequestHandlerThread.java:244)
	at winstone.RequestHandlerThread.run(RequestHandlerThread.java:150)
	at java.lang.Thread.run(Unknown Source)

[Winstone 2011/05/06 09:41:11] - Untrapped Error in Servlet
java.lang.IllegalArgumentException: URI has an authority component
	at java.io.File.<init>(Unknown Source)
	at org.kohsuke.stapler.Stapler.toFile(Stapler.java:450)
	at org.kohsuke.stapler.Stapler.openURL(Stapler.java:268)
	at org.kohsuke.stapler.Stapler.selectResourceByLocale(Stapler.java:217)
	at org.kohsuke.stapler.Stapler.openResourcePathByLocale(Stapler.java:202)
	at org.kohsuke.stapler.Stapler.service(Stapler.java:144)
	at javax.servlet.http.HttpServlet.service(HttpServlet.java:45)
	at winstone.ServletConfiguration.execute(ServletConfiguration.java:249)
	at winstone.RequestDispatcher.forward(RequestDispatcher.java:335)
	at winstone.RequestDispatcher.doFilter(RequestDispatcher.java:378)
	at hudson.util.PluginServletFilter$1.doFilter(PluginServletFilter.java:94)
	at hudson.util.PluginServletFilter.doFilter(PluginServletFilter.java:86)
	at winstone.FilterConfiguration.execute(FilterConfiguration.java:195)
	at winstone.RequestDispatcher.doFilter(RequestDispatcher.java:368)
	at hudson.security.csrf.CrumbFilter.doFilter(CrumbFilter.java:47)
	at winstone.FilterConfiguration.execute(FilterConfiguration.java:195)
	at winstone.RequestDispatcher.doFilter(RequestDispatcher.java:368)
	at hudson.security.HudsonFilter.doFilter(HudsonFilter.java:162)
	at winstone.FilterConfiguration.execute(FilterConfiguration.java:195)
	at winstone.RequestDispatcher.doFilter(RequestDispatcher.java:368)
	at hudson.util.CharacterEncodingFilter.doFilter(CharacterEncodingFilter.java:81)
	at winstone.FilterConfiguration.execute(FilterConfiguration.java:195)
	at winstone.RequestDispatcher.doFilter(RequestDispatcher.java:368)
	at winstone.RequestDispatcher.forward(RequestDispatcher.java:333)
	at winstone.RequestHandlerThread.processRequest(RequestHandlerThread.java:244)
	at winstone.RequestHandlerThread.run(RequestHandlerThread.java:150)
	at java.lang.Thread.run(Unknown Source)

[Winstone 2011/05/06 09:41:11] - Untrapped Error in Servlet
java.lang.IllegalArgumentException: URI has an authority component
	at java.io.File.<init>(Unknown Source)
	at org.kohsuke.stapler.Stapler.toFile(Stapler.java:450)
	at org.kohsuke.stapler.Stapler.openURL(Stapler.java:268)
	at org.kohsuke.stapler.Stapler.selectResourceByLocale(Stapler.java:217)
	at org.kohsuke.stapler.Stapler.openResourcePathByLocale(Stapler.java:202)
	at org.kohsuke.stapler.Stapler.service(Stapler.java:144)
	at javax.servlet.http.HttpServlet.service(HttpServlet.java:45)
	at winstone.ServletConfiguration.execute(ServletConfiguration.java:249)
	at winstone.RequestDispatcher.forward(RequestDispatcher.java:335)
	at winstone.RequestDispatcher.doFilter(RequestDispatcher.java:378)
	at hudson.util.PluginServletFilter$1.doFilter(PluginServletFilter.java:94)
	at hudson.util.PluginServletFilter.doFilter(PluginServletFilter.java:86)
	at winstone.FilterConfiguration.execute(FilterConfiguration.java:195)
	at winstone.RequestDispatcher.doFilter(RequestDispatcher.java:368)
	at hudson.security.csrf.CrumbFilter.doFilter(CrumbFilter.java:47)
	at winstone.FilterConfiguration.execute(FilterConfiguration.java:195)
	at winstone.RequestDispatcher.doFilter(RequestDispatcher.java:368)
	at hudson.security.HudsonFilter.doFilter(HudsonFilter.java:162)
	at winstone.FilterConfiguration.execute(FilterConfiguration.java:195)
	at winstone.RequestDispatcher.doFilter(RequestDispatcher.java:368)
	at hudson.util.CharacterEncodingFilter.doFilter(CharacterEncodingFilter.java:81)
	at winstone.FilterConfiguration.execute(FilterConfiguration.java:195)
	at winstone.RequestDispatcher.doFilter(RequestDispatcher.java:368)
	at winstone.RequestDispatcher.forward(RequestDispatcher.java:333)
	at winstone.RequestHandlerThread.processRequest(RequestHandlerThread.java:244)
	at winstone.RequestHandlerThread.run(RequestHandlerThread.java:150)
	at java.lang.Thread.run(Unknown Source)

[Winstone 2011/05/06 09:41:11] - Untrapped Error in Servlet
java.lang.IllegalArgumentException: URI has an authority component
	at java.io.File.<init>(Unknown Source)
	at org.kohsuke.stapler.Stapler.toFile(Stapler.java:450)
	at org.kohsuke.stapler.Stapler.openURL(Stapler.java:268)
	at org.kohsuke.stapler.Stapler.selectResourceByLocale(Stapler.java:217)
	at org.kohsuke.stapler.Stapler.openResourcePathByLocale(Stapler.java:202)
	at org.kohsuke.stapler.Stapler.service(Stapler.java:144)
	at javax.servlet.http.HttpServlet.service(HttpServlet.java:45)
	at winstone.ServletConfiguration.execute(ServletConfiguration.java:249)
	at winstone.RequestDispatcher.forward(RequestDispatcher.java:335)
	at winstone.RequestDispatcher.doFilter(RequestDispatcher.java:378)
	at hudson.util.PluginServletFilter$1.doFilter(PluginServletFilter.java:94)
	at hudson.util.PluginServletFilter.doFilter(PluginServletFilter.java:86)
	at winstone.FilterConfiguration.execute(FilterConfiguration.java:195)
	at winstone.RequestDispatcher.doFilter(RequestDispatcher.java:368)
	at hudson.security.csrf.CrumbFilter.doFilter(CrumbFilter.java:47)
	at winstone.FilterConfiguration.execute(FilterConfiguration.java:195)
	at winstone.RequestDispatcher.doFilter(RequestDispatcher.java:368)
	at hudson.security.HudsonFilter.doFilter(HudsonFilter.java:162)
	at winstone.FilterConfiguration.execute(FilterConfiguration.java:195)
	at winstone.RequestDispatcher.doFilter(RequestDispatcher.java:368)
	at hudson.util.CharacterEncodingFilter.doFilter(CharacterEncodingFilter.java:81)
	at winstone.FilterConfiguration.execute(FilterConfiguration.java:195)
	at winstone.RequestDispatcher.doFilter(RequestDispatcher.java:368)
	at winstone.RequestDispatcher.forward(RequestDispatcher.java:333)
	at winstone.RequestHandlerThread.processRequest(RequestHandlerThread.java:244)
	at winstone.RequestHandlerThread.run(RequestHandlerThread.java:150)
	at java.lang.Thread.run(Unknown Source)

[Winstone 2011/05/06 09:41:12] - Untrapped Error in Servlet
java.lang.IllegalArgumentException: URI has an authority component
	at java.io.File.<init>(Unknown Source)
	at org.kohsuke.stapler.Stapler.toFile(Stapler.java:450)
	at org.kohsuke.stapler.Stapler.openURL(Stapler.java:268)
	at org.kohsuke.stapler.Stapler.selectResourceByLocale(Stapler.java:217)
	at org.kohsuke.stapler.Stapler.openResourcePathByLocale(Stapler.java:202)
	at org.kohsuke.stapler.Stapler.service(Stapler.java:144)
	at javax.servlet.http.HttpServlet.service(HttpServlet.java:45)
	at winstone.ServletConfiguration.execute(ServletConfiguration.java:249)
	at winstone.RequestDispatcher.forward(RequestDispatcher.java:335)
	at winstone.RequestDispatcher.doFilter(RequestDispatcher.java:378)
	at hudson.util.PluginServletFilter$1.doFilter(PluginServletFilter.java:94)
	at hudson.util.PluginServletFilter.doFilter(PluginServletFilter.java:86)
	at winstone.FilterConfiguration.execute(FilterConfiguration.java:195)
	at winstone.RequestDispatcher.doFilter(RequestDispatcher.java:368)
	at hudson.security.csrf.CrumbFilter.doFilter(CrumbFilter.java:47)
	at winstone.FilterConfiguration.execute(FilterConfiguration.java:195)
	at winstone.RequestDispatcher.doFilter(RequestDispatcher.java:368)
	at hudson.security.HudsonFilter.doFilter(HudsonFilter.java:162)
	at winstone.FilterConfiguration.execute(FilterConfiguration.java:195)
	at winstone.RequestDispatcher.doFilter(RequestDispatcher.java:368)
	at hudson.util.CharacterEncodingFilter.doFilter(CharacterEncodingFilter.java:81)
	at winstone.FilterConfiguration.execute(FilterConfiguration.java:195)
	at winstone.RequestDispatcher.doFilter(RequestDispatcher.java:368)
	at winstone.RequestDispatcher.forward(RequestDispatcher.java:333)
	at winstone.RequestHandlerThread.processRequest(RequestHandlerThread.java:244)
	at winstone.RequestHandlerThread.run(RequestHandlerThread.java:150)
	at java.lang.Thread.run(Unknown Source)

[Winstone 2011/05/06 09:41:12] - Untrapped Error in Servlet
java.lang.IllegalArgumentException: URI has an authority component
	at java.io.File.<init>(Unknown Source)
	at org.kohsuke.stapler.Stapler.toFile(Stapler.java:450)
	at org.kohsuke.stapler.Stapler.openURL(Stapler.java:268)
	at org.kohsuke.stapler.Stapler.selectResourceByLocale(Stapler.java:217)
	at org.kohsuke.stapler.Stapler.openResourcePathByLocale(Stapler.java:202)
	at org.kohsuke.stapler.Stapler.service(Stapler.java:144)
	at javax.servlet.http.HttpServlet.service(HttpServlet.java:45)
	at winstone.ServletConfiguration.execute(ServletConfiguration.java:249)
	at winstone.RequestDispatcher.forward(RequestDispatcher.java:335)
	at winstone.RequestDispatcher.doFilter(RequestDispatcher.java:378)
	at hudson.util.PluginServletFilter$1.doFilter(PluginServletFilter.java:94)
	at hudson.util.PluginServletFilter.doFilter(PluginServletFilter.java:86)
	at winstone.FilterConfiguration.execute(FilterConfiguration.java:195)
	at winstone.RequestDispatcher.doFilter(RequestDispatcher.java:368)
	at hudson.security.csrf.CrumbFilter.doFilter(CrumbFilter.java:47)
	at winstone.FilterConfiguration.execute(FilterConfiguration.java:195)
	at winstone.RequestDispatcher.doFilter(RequestDispatcher.java:368)
	at hudson.security.HudsonFilter.doFilter(HudsonFilter.java:162)
	at winstone.FilterConfiguration.execute(FilterConfiguration.java:195)
	at winstone.RequestDispatcher.doFilter(RequestDispatcher.java:368)
	at hudson.util.CharacterEncodingFilter.doFilter(CharacterEncodingFilter.java:81)
	at winstone.FilterConfiguration.execute(FilterConfiguration.java:195)
	at winstone.RequestDispatcher.doFilter(RequestDispatcher.java:368)
	at winstone.RequestDispatcher.forward(RequestDispatcher.java:333)
	at winstone.RequestHandlerThread.processRequest(RequestHandlerThread.java:244)
	at winstone.RequestHandlerThread.run(RequestHandlerThread.java:150)
	at java.lang.Thread.run(Unknown Source)

[Winstone 2011/05/06 09:41:13] - Untrapped Error in Servlet
java.lang.IllegalArgumentException: URI has an authority component
	at java.io.File.<init>(Unknown Source)
	at org.kohsuke.stapler.Stapler.toFile(Stapler.java:450)
	at org.kohsuke.stapler.Stapler.openURL(Stapler.java:268)
	at org.kohsuke.stapler.Stapler.selectResourceByLocale(Stapler.java:217)
	at org.kohsuke.stapler.Stapler.openResourcePathByLocale(Stapler.java:202)
	at org.kohsuke.stapler.Stapler.service(Stapler.java:144)
	at javax.servlet.http.HttpServlet.service(HttpServlet.java:45)
	at winstone.ServletConfiguration.execute(ServletConfiguration.java:249)
	at winstone.RequestDispatcher.forward(RequestDispatcher.java:335)
	at winstone.RequestDispatcher.doFilter(RequestDispatcher.java:378)
	at hudson.util.PluginServletFilter$1.doFilter(PluginServletFilter.java:94)
	at hudson.util.PluginServletFilter.doFilter(PluginServletFilter.java:86)
	at winstone.FilterConfiguration.execute(FilterConfiguration.java:195)
	at winstone.RequestDispatcher.doFilter(RequestDispatcher.java:368)
	at hudson.security.csrf.CrumbFilter.doFilter(CrumbFilter.java:47)
	at winstone.FilterConfiguration.execute(FilterConfiguration.java:195)
	at winstone.RequestDispatcher.doFilter(RequestDispatcher.java:368)
	at hudson.security.HudsonFilter.doFilter(HudsonFilter.java:162)
	at winstone.FilterConfiguration.execute(FilterConfiguration.java:195)
	at winstone.RequestDispatcher.doFilter(RequestDispatcher.java:368)
	at hudson.util.CharacterEncodingFilter.doFilter(CharacterEncodingFilter.java:81)
	at winstone.FilterConfiguration.execute(FilterConfiguration.java:195)
	at winstone.RequestDispatcher.doFilter(RequestDispatcher.java:368)
	at winstone.RequestDispatcher.forward(RequestDispatcher.java:333)
	at winstone.RequestHandlerThread.processRequest(RequestHandlerThread.java:244)
	at winstone.RequestHandlerThread.run(RequestHandlerThread.java:150)
	at java.lang.Thread.run(Unknown Source)

[Winstone 2011/05/06 09:41:14] - Untrapped Error in Servlet
java.lang.IllegalArgumentException: URI has an authority component
	at java.io.File.<init>(Unknown Source)
	at org.kohsuke.stapler.Stapler.toFile(Stapler.java:450)
	at org.kohsuke.stapler.Stapler.openURL(Stapler.java:268)
	at org.kohsuke.stapler.Stapler.selectResourceByLocale(Stapler.java:217)
	at org.kohsuke.stapler.Stapler.openResourcePathByLocale(Stapler.java:202)
	at org.kohsuke.stapler.Stapler.service(Stapler.java:144)
	at javax.servlet.http.HttpServlet.service(HttpServlet.java:45)
	at winstone.ServletConfiguration.execute(ServletConfiguration.java:249)
	at winstone.RequestDispatcher.forward(RequestDispatcher.java:335)
	at winstone.RequestDispatcher.doFilter(RequestDispatcher.java:378)
	at hudson.util.PluginServletFilter$1.doFilter(PluginServletFilter.java:94)
	at hudson.util.PluginServletFilter.doFilter(PluginServletFilter.java:86)
	at winstone.FilterConfiguration.execute(FilterConfiguration.java:195)
	at winstone.RequestDispatcher.doFilter(RequestDispatcher.java:368)
	at hudson.security.csrf.CrumbFilter.doFilter(CrumbFilter.java:47)
	at winstone.FilterConfiguration.execute(FilterConfiguration.java:195)
	at winstone.RequestDispatcher.doFilter(RequestDispatcher.java:368)
	at hudson.security.HudsonFilter.doFilter(HudsonFilter.java:162)
	at winstone.FilterConfiguration.execute(FilterConfiguration.java:195)
	at winstone.RequestDispatcher.doFilter(RequestDispatcher.java:368)
	at hudson.util.CharacterEncodingFilter.doFilter(CharacterEncodingFilter.java:81)
	at winstone.FilterConfiguration.execute(FilterConfiguration.java:195)
	at winstone.RequestDispatcher.doFilter(RequestDispatcher.java:368)
	at winstone.RequestDispatcher.forward(RequestDispatcher.java:333)
	at winstone.RequestHandlerThread.processRequest(RequestHandlerThread.java:244)
	at winstone.RequestHandlerThread.run(RequestHandlerThread.java:150)
	at java.lang.Thread.run(Unknown Source)

[Winstone 2011/05/06 09:41:14] - Untrapped Error in Servlet
java.lang.IllegalArgumentException: URI has an authority component
	at java.io.File.<init>(Unknown Source)
	at org.kohsuke.stapler.Stapler.toFile(Stapler.java:450)
	at org.kohsuke.stapler.Stapler.openURL(Stapler.java:268)
	at org.kohsuke.stapler.Stapler.selectResourceByLocale(Stapler.java:217)
	at org.kohsuke.stapler.Stapler.openResourcePathByLocale(Stapler.java:202)
	at org.kohsuke.stapler.Stapler.service(Stapler.java:144)
	at javax.servlet.http.HttpServlet.service(HttpServlet.java:45)
	at winstone.ServletConfiguration.execute(ServletConfiguration.java:249)
	at winstone.RequestDispatcher.forward(RequestDispatcher.java:335)
	at winstone.RequestDispatcher.doFilter(RequestDispatcher.java:378)
	at hudson.util.PluginServletFilter$1.doFilter(PluginServletFilter.java:94)
	at hudson.util.PluginServletFilter.doFilter(PluginServletFilter.java:86)
	at winstone.FilterConfiguration.execute(FilterConfiguration.java:195)
	at winstone.RequestDispatcher.doFilter(RequestDispatcher.java:368)
	at hudson.security.csrf.CrumbFilter.doFilter(CrumbFilter.java:47)
	at winstone.FilterConfiguration.execute(FilterConfiguration.java:195)
	at winstone.RequestDispatcher.doFilter(RequestDispatcher.java:368)
	at hudson.security.HudsonFilter.doFilter(HudsonFilter.java:162)
	at winstone.FilterConfiguration.execute(FilterConfiguration.java:195)
	at winstone.RequestDispatcher.doFilter(RequestDispatcher.java:368)
	at hudson.util.CharacterEncodingFilter.doFilter(CharacterEncodingFilter.java:81)
	at winstone.FilterConfiguration.execute(FilterConfiguration.java:195)
	at winstone.RequestDispatcher.doFilter(RequestDispatcher.java:368)
	at winstone.RequestDispatcher.forward(RequestDispatcher.java:333)
	at winstone.RequestHandlerThread.processRequest(RequestHandlerThread.java:244)
	at winstone.RequestHandlerThread.run(RequestHandlerThread.java:150)
	at java.lang.Thread.run(Unknown Source)

[Winstone 2011/05/06 09:41:14] - Untrapped Error in Servlet
java.lang.IllegalArgumentException: URI has an authority component
	at java.io.File.<init>(Unknown Source)
	at org.kohsuke.stapler.Stapler.toFile(Stapler.java:450)
	at org.kohsuke.stapler.Stapler.openURL(Stapler.java:268)
	at org.kohsuke.stapler.Stapler.selectResourceByLocale(Stapler.java:217)
	at org.kohsuke.stapler.Stapler.openResourcePathByLocale(Stapler.java:202)
	at org.kohsuke.stapler.Stapler.service(Stapler.java:144)
	at javax.servlet.http.HttpServlet.service(HttpServlet.java:45)
	at winstone.ServletConfiguration.execute(ServletConfiguration.java:249)
	at winstone.RequestDispatcher.forward(RequestDispatcher.java:335)
	at winstone.RequestDispatcher.doFilter(RequestDispatcher.java:378)
	at hudson.util.PluginServletFilter$1.doFilter(PluginServletFilter.java:94)
	at hudson.util.PluginServletFilter.doFilter(PluginServletFilter.java:86)
	at winstone.FilterConfiguration.execute(FilterConfiguration.java:195)
	at winstone.RequestDispatcher.doFilter(RequestDispatcher.java:368)
	at hudson.security.csrf.CrumbFilter.doFilter(CrumbFilter.java:47)
	at winstone.FilterConfiguration.execute(FilterConfiguration.java:195)
	at winstone.RequestDispatcher.doFilter(RequestDispatcher.java:368)
	at hudson.security.HudsonFilter.doFilter(HudsonFilter.java:162)
	at winstone.FilterConfiguration.execute(FilterConfiguration.java:195)
	at winstone.RequestDispatcher.doFilter(RequestDispatcher.java:368)
	at hudson.util.CharacterEncodingFilter.doFilter(CharacterEncodingFilter.java:81)
	at winstone.FilterConfiguration.execute(FilterConfiguration.java:195)
	at winstone.RequestDispatcher.doFilter(RequestDispatcher.java:368)
	at winstone.RequestDispatcher.forward(RequestDispatcher.java:333)
	at winstone.RequestHandlerThread.processRequest(RequestHandlerThread.java:244)
	at winstone.RequestHandlerThread.run(RequestHandlerThread.java:150)
	at java.lang.Thread.run(Unknown Source)

[Winstone 2011/05/06 09:41:14] - Untrapped Error in Servlet
java.lang.IllegalArgumentException: URI has an authority component
	at java.io.File.<init>(Unknown Source)
	at org.kohsuke.stapler.Stapler.toFile(Stapler.java:450)
	at org.kohsuke.stapler.Stapler.openURL(Stapler.java:268)
	at org.kohsuke.stapler.Stapler.selectResourceByLocale(Stapler.java:217)
	at org.kohsuke.stapler.Stapler.openResourcePathByLocale(Stapler.java:202)
	at org.kohsuke.stapler.Stapler.service(Stapler.java:144)
	at javax.servlet.http.HttpServlet.service(HttpServlet.java:45)
	at winstone.ServletConfiguration.execute(ServletConfiguration.java:249)
	at winstone.RequestDispatcher.forward(RequestDispatcher.java:335)
	at winstone.RequestDispatcher.doFilter(RequestDispatcher.java:378)
	at hudson.util.PluginServletFilter$1.doFilter(PluginServletFilter.java:94)
	at hudson.util.PluginServletFilter.doFilter(PluginServletFilter.java:86)
	at winstone.FilterConfiguration.execute(FilterConfiguration.java:195)
	at winstone.RequestDispatcher.doFilter(RequestDispatcher.java:368)
	at hudson.security.csrf.CrumbFilter.doFilter(CrumbFilter.java:47)
	at winstone.FilterConfiguration.execute(FilterConfiguration.java:195)
	at winstone.RequestDispatcher.doFilter(RequestDispatcher.java:368)
	at hudson.security.HudsonFilter.doFilter(HudsonFilter.java:162)
	at winstone.FilterConfiguration.execute(FilterConfiguration.java:195)
	at winstone.RequestDispatcher.doFilter(RequestDispatcher.java:368)
	at hudson.util.CharacterEncodingFilter.doFilter(CharacterEncodingFilter.java:81)
	at winstone.FilterConfiguration.execute(FilterConfiguration.java:195)
	at winstone.RequestDispatcher.doFilter(RequestDispatcher.java:368)
	at winstone.RequestDispatcher.forward(RequestDispatcher.java:333)
	at winstone.RequestHandlerThread.processRequest(RequestHandlerThread.java:244)
	at winstone.RequestHandlerThread.run(RequestHandlerThread.java:150)
	at java.lang.Thread.run(Unknown Source)

