2021-02-02 13:00:02.468+0000 [id=1801040]	INFO	c.m.azure.vmagent.AzureVMCloud#createProvisionedAgent: AzureVMCloud: createProvisionedAgent: Deployment <TemplateName>0202065918309 not yet finished (Running): Microsoft.Compute/virtualMachines:<AgentName> - waited 30 seconds
2021-02-02 13:00:33.713+0000 [id=1801040]	INFO	c.m.azure.vmagent.AzureVMCloud#createProvisionedAgent: AzureVMCloud: createProvisionedAgent: Deployment <TemplateName>0202065918309 not yet finished (Running): Microsoft.Compute/virtualMachines:<AgentName> - waited 60 seconds
2021-02-02 13:01:04.858+0000 [id=1801040]	INFO	c.m.azure.vmagent.AzureVMCloud#createProvisionedAgent: AzureVMCloud: createProvisionedAgent: Deployment <TemplateName>0202065918309 not yet finished (Running): Microsoft.Compute/virtualMachines:<AgentName> - waited 90 seconds
2021-02-02 13:01:36.083+0000 [id=1801040]	INFO	c.m.azure.vmagent.AzureVMCloud#createProvisionedAgent: AzureVMCloud: createProvisionedAgent: Deployment <TemplateName>0202065918309 not yet finished (Running): Microsoft.Compute/virtualMachines:<AgentName> - waited 120 seconds
2021-02-02 13:02:07.158+0000 [id=1801040]	INFO	c.m.azure.vmagent.AzureVMCloud#createProvisionedAgent: AzureVMCloud: createProvisionedAgent: Deployment <TemplateName>0202065918309 not yet finished (Running): Microsoft.Compute/virtualMachines:<AgentName> - waited 150 seconds
2021-02-02 13:02:37.925+0000 [id=1801040]	INFO	c.m.azure.vmagent.AzureVMCloud#createProvisionedAgent: AzureVMCloud: createProvisionedAgent: Deployment <TemplateName>0202065918309 not yet finished (Running): Microsoft.Compute/virtualMachines:<AgentName> - waited 180 seconds
2021-02-02 13:03:08.998+0000 [id=1801040]	INFO	c.m.azure.vmagent.AzureVMCloud#createProvisionedAgent: AzureVMCloud: createProvisionedAgent: Deployment <TemplateName>0202065918309 not yet finished (Running): Microsoft.Compute/virtualMachines:<AgentName> - waited 210 seconds
2021-02-02 13:03:44.340+0000 [id=1801040]	INFO	c.m.azure.vmagent.AzureVMCloud#createProvisionedAgent: AzureVMCloud: createProvisionedAgent: Deployment <TemplateName>0202065918309 not yet finished (Running): Microsoft.Compute/virtualMachines:<AgentName> - waited 240 seconds
2021-02-02 13:04:15.277+0000 [id=1801040]	INFO	c.m.azure.vmagent.AzureVMCloud#createProvisionedAgent: AzureVMCloud: createProvisionedAgent: Deployment <TemplateName>0202065918309 not yet finished (Running): Microsoft.Compute/virtualMachines:<AgentName> - waited 270 seconds
2021-02-02 13:04:51.261+0000 [id=1801040]	INFO	c.m.azure.vmagent.AzureVMCloud#createProvisionedAgent: AzureVMCloud: createProvisionedAgent: Deployment <TemplateName>0202065918309 not yet finished (Running): Microsoft.Compute/virtualMachines:<AgentName> - waited 300 seconds
2021-02-02 13:05:22.165+0000 [id=1801040]	INFO	c.m.azure.vmagent.AzureVMCloud#createProvisionedAgent: AzureVMCloud: createProvisionedAgent: Deployment <TemplateName>0202065918309 not yet finished (Running): Microsoft.Compute/virtualMachines:<AgentName> - waited 330 seconds
2021-02-02 13:05:53.241+0000 [id=1801040]	INFO	c.m.azure.vmagent.AzureVMCloud#createProvisionedAgent: AzureVMCloud: createProvisionedAgent: VM available: <AgentName>
2021-02-02 13:05:53.748+0000 [id=1801040]	INFO	c.m.azure.vmagent.AzureVMCloud$2#call: Azure Cloud: provision: Adding agent <AgentName> to Jenkins nodes
2021-02-02 13:05:53.965+0000 [id=1801040]	INFO	c.m.azure.vmagent.AzureVMAgent#createComputer: AzureVMAgent: createComputer: start for agent <AgentName>
2021-02-02 13:05:53.965+0000 [id=1801040]	INFO	c.m.a.v.AzureVMCloudRetensionStrategy#start: AzureVMCloudRetensionStrategy: start: azureComputer name <AgentName>
2021-02-02 13:05:54.063+0000 [id=1801040]	INFO	c.m.azure.vmagent.AzureVMCloud#waitUntilJNLPNodeIsOnline: Azure Cloud: waitUntilOnline: for agent <AgentName>
2021-02-02 13:38:24.231+0000 [id=1803643]	INFO	o.j.p.m.MailWatcherNotification#log: mail-watcher-plugin: notified: Jenkins computer '<AgentName>' you have put offline is no longer occupied
2021-02-02 13:38:28.580+0000 [id=1809971]	INFO	j.s.DefaultJnlpSlaveReceiver#channelClosed: IOHub#1: Worker[channel:java.nio.channels.SocketChannel[connected local=/<MasterIpAddress>:<JNLPPort> remote=<AgentIpAddress>/<AgentIpAddress>:58621]] / Computer.threadPoolForRemoting [#180437] for <AgentName> terminated: java.nio.channels.ClosedChannelException
2021-02-02 13:57:18.090+0000 [id=1814375]	INFO	o.j.p.m.MailWatcherNotification#log: mail-watcher-plugin: notified: Jenkins computer '<AgentName>' you have put offline is no longer occupied
2021-02-02 13:57:22.079+0000 [id=1817245]	INFO	j.s.DefaultJnlpSlaveReceiver#channelClosed: IOHub#1: Worker[channel:java.nio.channels.SocketChannel[connected local=/<MasterIpAddress>:<JNLPPort> remote=<AgentIpAddress>/<AgentIpAddress>:54749]] / Computer.threadPoolForRemoting [#180822] for <AgentName> terminated: java.nio.channels.ClosedChannelException
2021-02-02 14:19:41.532+0000 [id=1819410]	INFO	o.j.p.m.MailWatcherNotification#log: mail-watcher-plugin: notified: Jenkins computer '<AgentName>' you have put offline is no longer occupied
2021-02-02 14:19:45.022+0000 [id=1825518]	INFO	j.s.DefaultJnlpSlaveReceiver#channelClosed: IOHub#1: Worker[channel:java.nio.channels.SocketChannel[connected local=/<MasterIpAddress>:<JNLPPort> remote=<AgentIpAddress>/<AgentIpAddress>:59112]] / Computer.threadPoolForRemoting [#181254] for <AgentName> terminated: java.nio.channels.ClosedChannelException
2021-02-02 14:20:00.009+0000 [id=1826431]	INFO	c.m.a.v.AzureVMManagementServiceDelegate#virtualMachineExists: AzureVMManagementServiceDelegate: virtualMachineExists: check for <AgentName>
2021-02-02 14:20:00.099+0000 [id=1826431]	INFO	c.m.a.v.AzureVMManagementServiceDelegate#virtualMachineExists: AzureVMManagementServiceDelegate: virtualMachineExists: <AgentName> exists
2021-02-02 14:20:00.099+0000 [id=1826447]	INFO	c.m.azure.vmagent.AzureVMAgent#deprovision: AzureVMAgent: deprovision: Deprovision called for agent <AgentName>, for reason: Unknown reason
2021-02-02 14:20:00.099+0000 [id=1826447]	INFO	c.m.a.v.AzureVMManagementServiceDelegate#virtualMachineExists: AzureVMManagementServiceDelegate: virtualMachineExists: check for <AgentName>
2021-02-02 14:20:00.183+0000 [id=1826447]	INFO	c.m.a.v.AzureVMManagementServiceDelegate#virtualMachineExists: AzureVMManagementServiceDelegate: virtualMachineExists: <AgentName> exists
2021-02-02 14:20:00.340+0000 [id=1826447]	INFO	c.m.a.v.AzureVMManagementServiceDelegate#terminateVirtualMachine: AzureVMManagementServiceDelegate: terminateVirtualMachine: Removing virtual machine <AgentName>
2021-02-02 14:21:00.779+0000 [id=1826447]	INFO	c.m.a.v.AzureVMManagementServiceDelegate#terminateVirtualMachine: AzureVMManagementServiceDelegate: terminateVirtualMachine: Removing managed disk with id: /subscriptions/<SubscriptionId>/resourceGroups/<ResourceGroup>/providers/Microsoft.Compute/disks/<AgentName>_OsDisk_1_04c5a1a36efa4fe994568a7246d7404b
2021-02-02 14:21:31.208+0000 [id=1826447]	INFO	c.m.a.v.AzureVMManagementServiceDelegate#terminateVirtualMachine: Clean operation starting for <AgentName> NIC and IP
2021-02-02 14:21:31.208+0000 [id=1826447]	INFO	c.m.azure.vmagent.AzureVMAgent#deprovision: AzureVMAgent: deprovision: <AgentName> has been deprovisioned. Remove node ...
2021-02-02 14:21:31.208+0000 [id=1827178]	INFO	c.m.a.v.AzureVMManagementServiceDelegate#removeIPName: Remove NIC <AgentName>NIC
2021-02-02 14:21:41.603+0000 [id=1827178]	INFO	c.m.a.v.AzureVMManagementServiceDelegate#removeIPName: Remove IP <AgentName>IPName
