[2025-05-06T08:55:36.219Z] Running following 1 tests: [MinimalNonConnectedFittingFlow]
[Pipeline] testcompletetest
[2025-05-06T08:55:36.229Z]
[2025-05-06T08:55:36.229Z] [TestComplete] The test execution started (Current/Project/Test_SmokeTest/MinimalNonConnectedFittingFlow).
[2025-05-06T08:55:36.244Z] [TestComplete] Found TestComplete/TestExecute installations:
[2025-05-06T08:55:36.244Z] 	Type: TE, Version: 15.73.16.11, Path: "C:\Program Files (x86)\SmartBear\TestExecute 15\x64\bin\TestExecute.exe"
[2025-05-06T08:55:36.244Z] 	Type: TELite, Version: 15.73.16.50, Path: "C:\Program Files (x86)\SmartBear\TestExecuteLite 15\x64\bin\TestExecuteLite.exe"
[2025-05-06T08:55:36.244Z] [TestComplete] Selected TestComplete/TestExecute installation:
[2025-05-06T08:55:36.244Z] 	Type: TE, Version: 15.73.16.11, Path: "C:\Program Files (x86)\SmartBear\TestExecute 15\x64\bin\TestExecute.exe"
[2025-05-06T08:55:36.286Z] [TestComplete] Launching the test runner.
[2025-05-06T08:55:36.287Z] $ '"C:\Program Files (x86)\SmartBear\TestExecute 15\x64\bin\SessionCreator.exe"' ExecuteProcess '/c:""C:\Program Files (x86)\SmartBear\TestExecute 15\x64\bin\TestExecute.exe"" "C:\jenkins\workspace\TestComplete-master\Current.pjs" /run /accesskey:******** /SilentMode /ForceConversion /ns /exit "/ExportLog:C:\jenkins\workspace\TestComplete-master\1746521736245.tclogx" "/ExportLog:C:\jenkins\workspace\TestComplete-master\1746521736245.htmlx" "/ErrorLog:C:\jenkins\workspace\TestComplete-master\1746521736245.txt" "/ExportLog:C:\jenkins\workspace\TestComplete-master\1746521736245.mht" /Timeout:14400 "/project:Project" "/unit:Test_SmokeTest" "/routine:MinimalNonConnectedFittingFlow" /DoNotShowLog /JenkinsTCPluginVersion:2.9.2'
[2025-05-06T08:55:54.529Z] [TestComplete] [ERROR] An exception occurred:
[2025-05-06T08:55:54.529Z] java.nio.channels.ClosedChannelException.
[2025-05-06T08:55:54.529Z] [TestComplete] Marking the build as FAILED.
[2025-05-06T08:55:54.529Z] [TestComplete] [WARNING] Unable to publish test results (xml data is empty).
[2025-05-06T08:55:54.529Z] [TestComplete] The test execution finished (Current/Project/Test_SmokeTest/MinimalNonConnectedFittingFlow).
[Pipeline] error
[Pipeline] }
[2025-05-06T08:55:54.739Z] Lock released on resource [Label: BAT-license || TC-license, Quantity: 1, Priority: 100]
[Pipeline] // lock
[Pipeline] }
[Pipeline] // script
[Pipeline] }
[Pipeline] // stage
[Pipeline] stage
[Pipeline] { (Declarative: Post Actions)
[Pipeline] script
[Pipeline] {
[Pipeline] getContext
[2025-05-06T08:55:54.767Z] KBNDESOT079 was marked offline: Connection was broken
[Pipeline] }
[Pipeline] // script
Error when executing always post condition:
Also:   org.jenkinsci.plugins.workflow.actions.ErrorAction$ErrorId: 73463e4e-3bae-4cfd-89d3-c6bb32c2a83c
org.jenkinsci.plugins.workflow.support.steps.AgentOfflineException: Unable to create live FilePath for KBNDESOT079
	at PluginClassLoader for workflow-durable-task-step//org.jenkinsci.plugins.workflow.support.steps.FilePathDynamicContext.get(FilePathDynamicContext.java:77)
	at PluginClassLoader for workflow-durable-task-step//org.jenkinsci.plugins.workflow.support.steps.FilePathDynamicContext.get(FilePathDynamicContext.java:49)
	at PluginClassLoader for workflow-step-api//org.jenkinsci.plugins.workflow.steps.DynamicContext$Typed.get(DynamicContext.java:95)
	at PluginClassLoader for workflow-cps//org.jenkinsci.plugins.workflow.cps.ContextVariableSet.get(ContextVariableSet.java:139)
	at PluginClassLoader for workflow-cps//org.jenkinsci.plugins.workflow.cps.CpsThread.getContextVariable(CpsThread.java:135)
	at PluginClassLoader for workflow-cps//org.jenkinsci.plugins.workflow.cps.CpsStepContext.doGet(CpsStepContext.java:297)
	at PluginClassLoader for workflow-support//org.jenkinsci.plugins.workflow.support.DefaultStepContext.get(DefaultStepContext.java:90)
	at PluginClassLoader for workflow-basic-steps//org.jenkinsci.plugins.workflow.steps.GetContextStep$Execution.run(GetContextStep.java:83)
	at PluginClassLoader for workflow-step-api//org.jenkinsci.plugins.workflow.steps.SynchronousStepExecution.start(SynchronousStepExecution.java:38)
	at PluginClassLoader for workflow-cps//org.jenkinsci.plugins.workflow.cps.DSL.invokeStep(DSL.java:323)
	at PluginClassLoader for workflow-cps//org.jenkinsci.plugins.workflow.cps.DSL.invokeMethod(DSL.java:196)
	at PluginClassLoader for workflow-cps//org.jenkinsci.plugins.workflow.cps.CpsScript.invokeMethod(CpsScript.java:124)
	at jdk.internal.reflect.GeneratedMethodAccessor105.invoke(Unknown Source)
	at java.base/jdk.internal.reflect.DelegatingMethodAccessorImpl.invoke(DelegatingMethodAccessorImpl.java:43)
	at java.base/java.lang.reflect.Method.invoke(Method.java:569)
	at org.codehaus.groovy.reflection.CachedMethod.invoke(CachedMethod.java:98)
	at groovy.lang.MetaMethod.doMethodInvoke(MetaMethod.java:325)
	at groovy.lang.MetaClassImpl.invokeMethod(MetaClassImpl.java:1225)
	at groovy.lang.MetaClassImpl.invokeMethod(MetaClassImpl.java:1034)
	at org.codehaus.groovy.runtime.callsite.PogoMetaClassSite.call(PogoMetaClassSite.java:41)
	at org.codehaus.groovy.runtime.callsite.CallSiteArray.defaultCall(CallSiteArray.java:47)
	at org.codehaus.groovy.runtime.callsite.AbstractCallSite.call(AbstractCallSite.java:116)
	at PluginClassLoader for script-security//org.kohsuke.groovy.sandbox.impl.Checker$1.call(Checker.java:180)
	at PluginClassLoader for script-security//org.kohsuke.groovy.sandbox.GroovyInterceptor.onMethodCall(GroovyInterceptor.java:23)
	at PluginClassLoader for script-security//org.jenkinsci.plugins.scriptsecurity.sandbox.groovy.SandboxInterceptor.onMethodCall(SandboxInterceptor.java:163)
	at PluginClassLoader for script-security//org.kohsuke.groovy.sandbox.impl.Checker$1.call(Checker.java:178)
	at PluginClassLoader for script-security//org.kohsuke.groovy.sandbox.impl.Checker.checkedCall(Checker.java:182)
	at PluginClassLoader for script-security//org.kohsuke.groovy.sandbox.impl.Checker.checkedCall(Checker.java:152)
	at PluginClassLoader for script-security//org.kohsuke.groovy.sandbox.impl.Checker.checkedCall(Checker.java:152)
	at PluginClassLoader for workflow-cps//com.cloudbees.groovy.cps.sandbox.SandboxInvoker.methodCall(SandboxInvoker.java:17)
	at PluginClassLoader for workflow-cps//org.jenkinsci.plugins.workflow.cps.LoggingInvoker.methodCall(LoggingInvoker.java:117)
	at WorkflowScript.run(WorkflowScript:174)
	at ___cps.transform___(Native Method)
	at PluginClassLoader for workflow-cps//com.cloudbees.groovy.cps.impl.ContinuationGroup.methodCall(ContinuationGroup.java:90)
	at PluginClassLoader for workflow-cps//com.cloudbees.groovy.cps.impl.FunctionCallBlock$ContinuationImpl.dispatchOrArg(FunctionCallBlock.java:116)
	at PluginClassLoader for workflow-cps//com.cloudbees.groovy.cps.impl.FunctionCallBlock$ContinuationImpl.fixArg(FunctionCallBlock.java:85)
	at jdk.internal.reflect.GeneratedMethodAccessor376.invoke(Unknown Source)
	at java.base/jdk.internal.reflect.DelegatingMethodAccessorImpl.invoke(DelegatingMethodAccessorImpl.java:43)
	at java.base/java.lang.reflect.Method.invoke(Method.java:569)
	at PluginClassLoader for workflow-cps//com.cloudbees.groovy.cps.impl.ContinuationPtr$ContinuationImpl.receive(ContinuationPtr.java:72)
	at PluginClassLoader for workflow-cps//com.cloudbees.groovy.cps.impl.ConstantBlock.eval(ConstantBlock.java:21)
	at PluginClassLoader for workflow-cps//com.cloudbees.groovy.cps.Next.step(Next.java:83)
	at PluginClassLoader for workflow-cps//com.cloudbees.groovy.cps.Continuable.run0(Continuable.java:147)
	at PluginClassLoader for workflow-cps//org.jenkinsci.plugins.workflow.cps.SandboxContinuable.access$001(SandboxContinuable.java:17)
	at PluginClassLoader for workflow-cps//org.jenkinsci.plugins.workflow.cps.SandboxContinuable.run0(SandboxContinuable.java:49)
	at PluginClassLoader for workflow-cps//org.jenkinsci.plugins.workflow.cps.CpsThread.runNextChunk(CpsThread.java:180)
	at PluginClassLoader for workflow-cps//org.jenkinsci.plugins.workflow.cps.CpsThreadGroup.run(CpsThreadGroup.java:422)
	at PluginClassLoader for workflow-cps//org.jenkinsci.plugins.workflow.cps.CpsThreadGroup$2.call(CpsThreadGroup.java:330)
	at PluginClassLoader for workflow-cps//org.jenkinsci.plugins.workflow.cps.CpsThreadGroup$2.call(CpsThreadGroup.java:294)
	at PluginClassLoader for workflow-cps//org.jenkinsci.plugins.workflow.cps.CpsVmExecutorService.lambda$wrap$4(CpsVmExecutorService.java:140)
	at java.base/java.util.concurrent.FutureTask.run(FutureTask.java:264)
	at hudson.remoting.SingleLaneExecutorService$1.run(SingleLaneExecutorService.java:139)
	at jenkins.util.ContextResettingExecutorService$1.run(ContextResettingExecutorService.java:28)
	at jenkins.security.ImpersonatingExecutorService$1.run(ImpersonatingExecutorService.java:68)
	at jenkins.util.ErrorLoggingExecutorService.lambda$wrap$0(ErrorLoggingExecutorService.java:51)
	at java.base/java.util.concurrent.Executors$RunnableAdapter.call(Executors.java:539)
	at java.base/java.util.concurrent.FutureTask.run(FutureTask.java:264)
	at java.base/java.util.concurrent.ThreadPoolExecutor.runWorker(ThreadPoolExecutor.java:1136)
	at java.base/java.util.concurrent.ThreadPoolExecutor$Worker.run(ThreadPoolExecutor.java:635)
	at PluginClassLoader for workflow-cps//org.jenkinsci.plugins.workflow.cps.CpsVmExecutorService$1.call(CpsVmExecutorService.java:53)
	at PluginClassLoader for workflow-cps//org.jenkinsci.plugins.workflow.cps.CpsVmExecutorService$1.call(CpsVmExecutorService.java:50)
	at org.codehaus.groovy.runtime.GroovyCategorySupport$ThreadCategoryInfo.use(GroovyCategorySupport.java:136)
	at org.codehaus.groovy.runtime.GroovyCategorySupport.use(GroovyCategorySupport.java:275)
	at PluginClassLoader for workflow-cps//org.jenkinsci.plugins.workflow.cps.CpsVmExecutorService.lambda$categoryThreadFactory$0(CpsVmExecutorService.java:50)
	at java.base/java.lang.Thread.run(Thread.java:840)

[Pipeline] script
[Pipeline] {
[Pipeline] getContext
[2025-05-06T08:55:54.781Z] KBNDESOT079 was marked offline: Connection was broken
[Pipeline] }
[Pipeline] // script
Error when executing failure post condition:
Also:   org.jenkinsci.plugins.workflow.actions.ErrorAction$ErrorId: 0c8d01e7-c92b-43de-8679-979b2205707b
org.jenkinsci.plugins.workflow.support.steps.AgentOfflineException: Unable to create live FilePath for KBNDESOT079
	at PluginClassLoader for workflow-durable-task-step//org.jenkinsci.plugins.workflow.support.steps.FilePathDynamicContext.get(FilePathDynamicContext.java:77)
	at PluginClassLoader for workflow-durable-task-step//org.jenkinsci.plugins.workflow.support.steps.FilePathDynamicContext.get(FilePathDynamicContext.java:49)
	at PluginClassLoader for workflow-step-api//org.jenkinsci.plugins.workflow.steps.DynamicContext$Typed.get(DynamicContext.java:95)
	at PluginClassLoader for workflow-cps//org.jenkinsci.plugins.workflow.cps.ContextVariableSet.get(ContextVariableSet.java:139)
	at PluginClassLoader for workflow-cps//org.jenkinsci.plugins.workflow.cps.CpsThread.getContextVariable(CpsThread.java:135)
	at PluginClassLoader for workflow-cps//org.jenkinsci.plugins.workflow.cps.CpsStepContext.doGet(CpsStepContext.java:297)
	at PluginClassLoader for workflow-support//org.jenkinsci.plugins.workflow.support.DefaultStepContext.get(DefaultStepContext.java:90)
	at PluginClassLoader for workflow-basic-steps//org.jenkinsci.plugins.workflow.steps.GetContextStep$Execution.run(GetContextStep.java:83)
	at PluginClassLoader for workflow-step-api//org.jenkinsci.plugins.workflow.steps.SynchronousStepExecution.start(SynchronousStepExecution.java:38)
	at PluginClassLoader for workflow-cps//org.jenkinsci.plugins.workflow.cps.DSL.invokeStep(DSL.java:323)
	at PluginClassLoader for workflow-cps//org.jenkinsci.plugins.workflow.cps.DSL.invokeMethod(DSL.java:196)
	at PluginClassLoader for workflow-cps//org.jenkinsci.plugins.workflow.cps.CpsScript.invokeMethod(CpsScript.java:124)
	at jdk.internal.reflect.GeneratedMethodAccessor105.invoke(Unknown Source)
	at java.base/jdk.internal.reflect.DelegatingMethodAccessorImpl.invoke(DelegatingMethodAccessorImpl.java:43)
	at java.base/java.lang.reflect.Method.invoke(Method.java:569)
	at org.codehaus.groovy.reflection.CachedMethod.invoke(CachedMethod.java:98)
	at groovy.lang.MetaMethod.doMethodInvoke(MetaMethod.java:325)
	at groovy.lang.MetaClassImpl.invokeMethod(MetaClassImpl.java:1225)
	at groovy.lang.MetaClassImpl.invokeMethod(MetaClassImpl.java:1034)
	at org.codehaus.groovy.runtime.callsite.PogoMetaClassSite.call(PogoMetaClassSite.java:41)
	at org.codehaus.groovy.runtime.callsite.CallSiteArray.defaultCall(CallSiteArray.java:47)
	at org.codehaus.groovy.runtime.callsite.AbstractCallSite.call(AbstractCallSite.java:116)
	at PluginClassLoader for script-security//org.kohsuke.groovy.sandbox.impl.Checker$1.call(Checker.java:180)
	at PluginClassLoader for script-security//org.kohsuke.groovy.sandbox.GroovyInterceptor.onMethodCall(GroovyInterceptor.java:23)
	at PluginClassLoader for script-security//org.jenkinsci.plugins.scriptsecurity.sandbox.groovy.SandboxInterceptor.onMethodCall(SandboxInterceptor.java:163)
	at PluginClassLoader for script-security//org.kohsuke.groovy.sandbox.impl.Checker$1.call(Checker.java:178)
	at PluginClassLoader for script-security//org.kohsuke.groovy.sandbox.impl.Checker.checkedCall(Checker.java:182)
	at PluginClassLoader for script-security//org.kohsuke.groovy.sandbox.impl.Checker.checkedCall(Checker.java:152)
	at PluginClassLoader for script-security//org.kohsuke.groovy.sandbox.impl.Checker.checkedCall(Checker.java:152)
	at PluginClassLoader for workflow-cps//com.cloudbees.groovy.cps.sandbox.SandboxInvoker.methodCall(SandboxInvoker.java:17)
	at PluginClassLoader for workflow-cps//org.jenkinsci.plugins.workflow.cps.LoggingInvoker.methodCall(LoggingInvoker.java:117)
	at WorkflowScript.run(WorkflowScript:183)
	at ___cps.transform___(Native Method)
	at PluginClassLoader for workflow-cps//com.cloudbees.groovy.cps.impl.ContinuationGroup.methodCall(ContinuationGroup.java:90)
	at PluginClassLoader for workflow-cps//com.cloudbees.groovy.cps.impl.FunctionCallBlock$ContinuationImpl.dispatchOrArg(FunctionCallBlock.java:116)
	at PluginClassLoader for workflow-cps//com.cloudbees.groovy.cps.impl.FunctionCallBlock$ContinuationImpl.fixArg(FunctionCallBlock.java:85)
	at jdk.internal.reflect.GeneratedMethodAccessor376.invoke(Unknown Source)
	at java.base/jdk.internal.reflect.DelegatingMethodAccessorImpl.invoke(DelegatingMethodAccessorImpl.java:43)
	at java.base/java.lang.reflect.Method.invoke(Method.java:569)
	at PluginClassLoader for workflow-cps//com.cloudbees.groovy.cps.impl.ContinuationPtr$ContinuationImpl.receive(ContinuationPtr.java:72)
	at PluginClassLoader for workflow-cps//com.cloudbees.groovy.cps.impl.ConstantBlock.eval(ConstantBlock.java:21)
	at PluginClassLoader for workflow-cps//com.cloudbees.groovy.cps.Next.step(Next.java:83)
	at PluginClassLoader for workflow-cps//com.cloudbees.groovy.cps.Continuable.run0(Continuable.java:147)
	at PluginClassLoader for workflow-cps//org.jenkinsci.plugins.workflow.cps.SandboxContinuable.access$001(SandboxContinuable.java:17)
	at PluginClassLoader for workflow-cps//org.jenkinsci.plugins.workflow.cps.SandboxContinuable.run0(SandboxContinuable.java:49)
	at PluginClassLoader for workflow-cps//org.jenkinsci.plugins.workflow.cps.CpsThread.runNextChunk(CpsThread.java:180)
	at PluginClassLoader for workflow-cps//org.jenkinsci.plugins.workflow.cps.CpsThreadGroup.run(CpsThreadGroup.java:422)
	at PluginClassLoader for workflow-cps//org.jenkinsci.plugins.workflow.cps.CpsThreadGroup$2.call(CpsThreadGroup.java:330)
	at PluginClassLoader for workflow-cps//org.jenkinsci.plugins.workflow.cps.CpsThreadGroup$2.call(CpsThreadGroup.java:294)
	at PluginClassLoader for workflow-cps//org.jenkinsci.plugins.workflow.cps.CpsVmExecutorService.lambda$wrap$4(CpsVmExecutorService.java:140)
	at java.base/java.util.concurrent.FutureTask.run(FutureTask.java:264)
	at hudson.remoting.SingleLaneExecutorService$1.run(SingleLaneExecutorService.java:139)
	at jenkins.util.ContextResettingExecutorService$1.run(ContextResettingExecutorService.java:28)
	at jenkins.security.ImpersonatingExecutorService$1.run(ImpersonatingExecutorService.java:68)
	at jenkins.util.ErrorLoggingExecutorService.lambda$wrap$0(ErrorLoggingExecutorService.java:51)
	at java.base/java.util.concurrent.Executors$RunnableAdapter.call(Executors.java:539)
	at java.base/java.util.concurrent.FutureTask.run(FutureTask.java:264)
	at java.base/java.util.concurrent.ThreadPoolExecutor.runWorker(ThreadPoolExecutor.java:1136)
	at java.base/java.util.concurrent.ThreadPoolExecutor$Worker.run(ThreadPoolExecutor.java:635)
	at PluginClassLoader for workflow-cps//org.jenkinsci.plugins.workflow.cps.CpsVmExecutorService$1.call(CpsVmExecutorService.java:53)
	at PluginClassLoader for workflow-cps//org.jenkinsci.plugins.workflow.cps.CpsVmExecutorService$1.call(CpsVmExecutorService.java:50)
	at org.codehaus.groovy.runtime.GroovyCategorySupport$ThreadCategoryInfo.use(GroovyCategorySupport.java:136)
	at org.codehaus.groovy.runtime.GroovyCategorySupport.use(GroovyCategorySupport.java:275)
	at PluginClassLoader for workflow-cps//org.jenkinsci.plugins.workflow.cps.CpsVmExecutorService.lambda$categoryThreadFactory$0(CpsVmExecutorService.java:50)
	at java.base/java.lang.Thread.run(Thread.java:840)

[Pipeline] script
[Pipeline] {
[Pipeline] getContext
[2025-05-06T08:55:54.795Z] KBNDESOT079 was marked offline: Connection was broken
[Pipeline] }
[Pipeline] // script
Error when executing cleanup post condition:
Also:   org.jenkinsci.plugins.workflow.actions.ErrorAction$ErrorId: 1f8a0665-719f-4025-b06f-3f038c7f98eb
org.jenkinsci.plugins.workflow.support.steps.AgentOfflineException: Unable to create live FilePath for KBNDESOT079
	at PluginClassLoader for workflow-durable-task-step//org.jenkinsci.plugins.workflow.support.steps.FilePathDynamicContext.get(FilePathDynamicContext.java:77)
	at PluginClassLoader for workflow-durable-task-step//org.jenkinsci.plugins.workflow.support.steps.FilePathDynamicContext.get(FilePathDynamicContext.java:49)
	at PluginClassLoader for workflow-step-api//org.jenkinsci.plugins.workflow.steps.DynamicContext$Typed.get(DynamicContext.java:95)
	at PluginClassLoader for workflow-cps//org.jenkinsci.plugins.workflow.cps.ContextVariableSet.get(ContextVariableSet.java:139)
	at PluginClassLoader for workflow-cps//org.jenkinsci.plugins.workflow.cps.CpsThread.getContextVariable(CpsThread.java:135)
	at PluginClassLoader for workflow-cps//org.jenkinsci.plugins.workflow.cps.CpsStepContext.doGet(CpsStepContext.java:297)
	at PluginClassLoader for workflow-support//org.jenkinsci.plugins.workflow.support.DefaultStepContext.get(DefaultStepContext.java:90)
	at PluginClassLoader for workflow-basic-steps//org.jenkinsci.plugins.workflow.steps.GetContextStep$Execution.run(GetContextStep.java:83)
	at PluginClassLoader for workflow-step-api//org.jenkinsci.plugins.workflow.steps.SynchronousStepExecution.start(SynchronousStepExecution.java:38)
	at PluginClassLoader for workflow-cps//org.jenkinsci.plugins.workflow.cps.DSL.invokeStep(DSL.java:323)
	at PluginClassLoader for workflow-cps//org.jenkinsci.plugins.workflow.cps.DSL.invokeMethod(DSL.java:196)
	at PluginClassLoader for workflow-cps//org.jenkinsci.plugins.workflow.cps.CpsScript.invokeMethod(CpsScript.java:124)
	at jdk.internal.reflect.GeneratedMethodAccessor105.invoke(Unknown Source)
	at java.base/jdk.internal.reflect.DelegatingMethodAccessorImpl.invoke(DelegatingMethodAccessorImpl.java:43)
	at java.base/java.lang.reflect.Method.invoke(Method.java:569)
	at org.codehaus.groovy.reflection.CachedMethod.invoke(CachedMethod.java:98)
	at groovy.lang.MetaMethod.doMethodInvoke(MetaMethod.java:325)
	at groovy.lang.MetaClassImpl.invokeMethod(MetaClassImpl.java:1225)
	at groovy.lang.MetaClassImpl.invokeMethod(MetaClassImpl.java:1034)
	at org.codehaus.groovy.runtime.callsite.PogoMetaClassSite.call(PogoMetaClassSite.java:41)
	at org.codehaus.groovy.runtime.callsite.CallSiteArray.defaultCall(CallSiteArray.java:47)
	at org.codehaus.groovy.runtime.callsite.AbstractCallSite.call(AbstractCallSite.java:116)
	at PluginClassLoader for script-security//org.kohsuke.groovy.sandbox.impl.Checker$1.call(Checker.java:180)
	at PluginClassLoader for script-security//org.kohsuke.groovy.sandbox.GroovyInterceptor.onMethodCall(GroovyInterceptor.java:23)
	at PluginClassLoader for script-security//org.jenkinsci.plugins.scriptsecurity.sandbox.groovy.SandboxInterceptor.onMethodCall(SandboxInterceptor.java:163)
	at PluginClassLoader for script-security//org.kohsuke.groovy.sandbox.impl.Checker$1.call(Checker.java:178)
	at PluginClassLoader for script-security//org.kohsuke.groovy.sandbox.impl.Checker.checkedCall(Checker.java:182)
	at PluginClassLoader for script-security//org.kohsuke.groovy.sandbox.impl.Checker.checkedCall(Checker.java:152)
	at PluginClassLoader for script-security//org.kohsuke.groovy.sandbox.impl.Checker.checkedCall(Checker.java:152)
	at PluginClassLoader for workflow-cps//com.cloudbees.groovy.cps.sandbox.SandboxInvoker.methodCall(SandboxInvoker.java:17)
	at PluginClassLoader for workflow-cps//org.jenkinsci.plugins.workflow.cps.LoggingInvoker.methodCall(LoggingInvoker.java:117)
	at WorkflowScript.run(WorkflowScript:211)
	at ___cps.transform___(Native Method)
	at PluginClassLoader for workflow-cps//com.cloudbees.groovy.cps.impl.ContinuationGroup.methodCall(ContinuationGroup.java:90)
	at PluginClassLoader for workflow-cps//com.cloudbees.groovy.cps.impl.FunctionCallBlock$ContinuationImpl.dispatchOrArg(FunctionCallBlock.java:116)
	at PluginClassLoader for workflow-cps//com.cloudbees.groovy.cps.impl.FunctionCallBlock$ContinuationImpl.fixArg(FunctionCallBlock.java:85)
	at jdk.internal.reflect.GeneratedMethodAccessor376.invoke(Unknown Source)
	at java.base/jdk.internal.reflect.DelegatingMethodAccessorImpl.invoke(DelegatingMethodAccessorImpl.java:43)
	at java.base/java.lang.reflect.Method.invoke(Method.java:569)
	at PluginClassLoader for workflow-cps//com.cloudbees.groovy.cps.impl.ContinuationPtr$ContinuationImpl.receive(ContinuationPtr.java:72)
	at PluginClassLoader for workflow-cps//com.cloudbees.groovy.cps.impl.ConstantBlock.eval(ConstantBlock.java:21)
	at PluginClassLoader for workflow-cps//com.cloudbees.groovy.cps.Next.step(Next.java:83)
	at PluginClassLoader for workflow-cps//com.cloudbees.groovy.cps.Continuable.run0(Continuable.java:147)
	at PluginClassLoader for workflow-cps//org.jenkinsci.plugins.workflow.cps.SandboxContinuable.access$001(SandboxContinuable.java:17)
	at PluginClassLoader for workflow-cps//org.jenkinsci.plugins.workflow.cps.SandboxContinuable.run0(SandboxContinuable.java:49)
	at PluginClassLoader for workflow-cps//org.jenkinsci.plugins.workflow.cps.CpsThread.runNextChunk(CpsThread.java:180)
	at PluginClassLoader for workflow-cps//org.jenkinsci.plugins.workflow.cps.CpsThreadGroup.run(CpsThreadGroup.java:422)
	at PluginClassLoader for workflow-cps//org.jenkinsci.plugins.workflow.cps.CpsThreadGroup$2.call(CpsThreadGroup.java:330)
	at PluginClassLoader for workflow-cps//org.jenkinsci.plugins.workflow.cps.CpsThreadGroup$2.call(CpsThreadGroup.java:294)
	at PluginClassLoader for workflow-cps//org.jenkinsci.plugins.workflow.cps.CpsVmExecutorService.lambda$wrap$4(CpsVmExecutorService.java:140)
	at java.base/java.util.concurrent.FutureTask.run(FutureTask.java:264)
	at hudson.remoting.SingleLaneExecutorService$1.run(SingleLaneExecutorService.java:139)
	at jenkins.util.ContextResettingExecutorService$1.run(ContextResettingExecutorService.java:28)
	at jenkins.security.ImpersonatingExecutorService$1.run(ImpersonatingExecutorService.java:68)
	at jenkins.util.ErrorLoggingExecutorService.lambda$wrap$0(ErrorLoggingExecutorService.java:51)
	at java.base/java.util.concurrent.Executors$RunnableAdapter.call(Executors.java:539)
	at java.base/java.util.concurrent.FutureTask.run(FutureTask.java:264)
	at java.base/java.util.concurrent.ThreadPoolExecutor.runWorker(ThreadPoolExecutor.java:1136)
	at java.base/java.util.concurrent.ThreadPoolExecutor$Worker.run(ThreadPoolExecutor.java:635)
	at PluginClassLoader for workflow-cps//org.jenkinsci.plugins.workflow.cps.CpsVmExecutorService$1.call(CpsVmExecutorService.java:53)
	at PluginClassLoader for workflow-cps//org.jenkinsci.plugins.workflow.cps.CpsVmExecutorService$1.call(CpsVmExecutorService.java:50)
	at org.codehaus.groovy.runtime.GroovyCategorySupport$ThreadCategoryInfo.use(GroovyCategorySupport.java:136)
	at org.codehaus.groovy.runtime.GroovyCategorySupport.use(GroovyCategorySupport.java:275)
	at PluginClassLoader for workflow-cps//org.jenkinsci.plugins.workflow.cps.CpsVmExecutorService.lambda$categoryThreadFactory$0(CpsVmExecutorService.java:50)
	at java.base/java.lang.Thread.run(Thread.java:840)