[Pipeline] node
[Pipeline] {
[Pipeline] checkout
[Pipeline] }
[Pipeline] // node
[Pipeline] End of Pipeline
java.lang.ClassCastException: hudson.plugins.git.browser.GitLab.version expects class java.lang.String but received class java.math.BigDecimal
	at org.jenkinsci.plugins.structs.describable.DescribableModel.coerce(DescribableModel.java:394)
	at org.jenkinsci.plugins.structs.describable.DescribableModel.buildArguments(DescribableModel.java:318)
	at org.jenkinsci.plugins.structs.describable.DescribableModel.instantiate(DescribableModel.java:259)
Caused: java.lang.IllegalArgumentException: Could not instantiate {repoUrl=(...repoURL...), version=8.0} for GitLab(repoUrl: String, version: String)
	at org.jenkinsci.plugins.structs.describable.DescribableModel.instantiate(DescribableModel.java:264)
	at org.jenkinsci.plugins.structs.describable.DescribableModel.coerce(DescribableModel.java:380)
	at org.jenkinsci.plugins.structs.describable.DescribableModel.buildArguments(DescribableModel.java:318)
	at org.jenkinsci.plugins.structs.describable.DescribableModel.instantiate(DescribableModel.java:259)
Caused: java.lang.IllegalArgumentException: Could not instantiate {extensions=[{$class=WipeWorkspace}, {$class=CloneOption, depth=0, noTags=false, reference=, shallow=false}, {$class=LocalBranch}], gitTool=Git-Windows, submoduleCfg=[], userRemoteConfigs=[{credentialsId=htc-ci-gitlab, name=origin, url=(...repoURL...)}], browser={$class=GitLab, repoUrl=(...repoURL...), version=8.0}, doGenerateSubmoduleConfigurations=false, branches=[{name=${Branch}}]} for GitSCM(userRemoteConfigs: UserRemoteConfig(url: String, name: String, refspec: String, credentialsId: String)[], branches: BranchSpec(name: String)[], doGenerateSubmoduleConfigurations: boolean, submoduleCfg: org.kohsuke.stapler.NoStaplerConstructorException: There's no @DataBoundConstructor on any constructor of class hudson.plugins.git.SubmoduleConfig[], browser: GitRepositoryBrowser{AssemblaWeb(repoUrl: String) | BitbucketWeb(repoUrl: String) | CGit(repoUrl: String) | FisheyeGitRepositoryBrowser(repoUrl: String) | GitBlitRepositoryBrowser(repoUrl: String, projectName: String) | GitLab(repoUrl: String, version: String) | GitList(repoUrl: String) | GitWeb(repoUrl: String) | GithubWeb(repoUrl: String) | Gitiles(repoUrl: String) | GitoriousWeb(repoUrl: String) | GogsGit(repoUrl: String) | KilnGit(repoUrl: String) | Phabricator(repoUrl: String, repo: String) | RedmineWeb(repoUrl: String) | RhodeCode(repoUrl: String) | Stash(repoUrl: String) | TFS2013GitRepositoryBrowser(repoUrl: String) | ViewGitWeb(repoUrl: String, projectName: String)}, gitTool: String, extensions: GitSCMExtension{AuthorInChangelog() | BuildChooserSetting(buildChooser: BuildChooser{AncestryBuildChooser(maximumAgeInDays: int, ancestorCommitSha1: String) | DefaultBuildChooser() | InverseBuildChooser()}) | ChangelogToBranch(options: ChangelogToBranchOptions(compareRemote: String, compareTarget: String)) | CheckoutOption(timeout: int) | CleanBeforeCheckout() | CleanCheckout() | CloneOption(shallow: boolean, noTags: boolean, reference: String, timeout: int, depth?: int, honorRefspec?: boolean) | DisableRemotePoll() | GitLFSPull() | IgnoreNotifyCommit() | LocalBranch(localBranch: String) | MessageExclusion(excludedMessage: String) | PathRestriction(includedRegions: String, excludedRegions: String) | PerBuildTag() | PreBuildMerge(options: UserMergeOptions(mergeRemote: String, mergeTarget: String, mergeStrategy: String, fastForwardMode: GitPluginFastForwardMode[FF, FF_ONLY, NO_FF])) | PruneStaleBranch() | RelativeTargetDirectory(relativeTargetDir: String) | ScmName(name: String) | SparseCheckoutPaths(sparseCheckoutPaths: SparseCheckoutPath(path: String)[]) | SubmoduleOption(disableSubmodules: boolean, recursiveSubmodules: boolean, trackingSubmodules: boolean, reference: String, timeout: int, parentCredentials: boolean) | UserExclusion(excludedUsers: String) | UserIdentity(name: String, email: String) | WipeWorkspace()}[])
	at org.jenkinsci.plugins.structs.describable.DescribableModel.instantiate(DescribableModel.java:264)
	at org.jenkinsci.plugins.structs.describable.DescribableModel.coerce(DescribableModel.java:380)
	at org.jenkinsci.plugins.structs.describable.DescribableModel.buildArguments(DescribableModel.java:318)
	at org.jenkinsci.plugins.structs.describable.DescribableModel.instantiate(DescribableModel.java:259)
	at org.jenkinsci.plugins.workflow.steps.StepDescriptor.newInstance(StepDescriptor.java:201)
	at org.jenkinsci.plugins.workflow.cps.DSL.invokeStep(DSL.java:205)
	at org.jenkinsci.plugins.workflow.cps.DSL.invokeMethod(DSL.java:150)
	at org.jenkinsci.plugins.workflow.cps.CpsScript.invokeMethod(CpsScript.java:108)
	at sun.reflect.NativeMethodAccessorImpl.invoke0(Native Method)
	at sun.reflect.NativeMethodAccessorImpl.invoke(NativeMethodAccessorImpl.java:62)
	at sun.reflect.DelegatingMethodAccessorImpl.invoke(DelegatingMethodAccessorImpl.java:43)
	at java.lang.reflect.Method.invoke(Method.java:498)
	at org.codehaus.groovy.reflection.CachedMethod.invoke(CachedMethod.java:93)
	at groovy.lang.MetaMethod.doMethodInvoke(MetaMethod.java:325)
	at groovy.lang.MetaClassImpl.invokeMethod(MetaClassImpl.java:1215)
	at groovy.lang.MetaClassImpl.invokeMethod(MetaClassImpl.java:1024)
	at org.codehaus.groovy.runtime.callsite.PogoMetaClassSite.call(PogoMetaClassSite.java:42)
	at org.codehaus.groovy.runtime.callsite.CallSiteArray.defaultCall(CallSiteArray.java:48)
	at org.codehaus.groovy.runtime.callsite.AbstractCallSite.call(AbstractCallSite.java:113)
	at org.kohsuke.groovy.sandbox.impl.Checker$1.call(Checker.java:155)
	at org.kohsuke.groovy.sandbox.GroovyInterceptor.onMethodCall(GroovyInterceptor.java:23)
	at org.jenkinsci.plugins.scriptsecurity.sandbox.groovy.SandboxInterceptor.onMethodCall(SandboxInterceptor.java:123)
	at org.kohsuke.groovy.sandbox.impl.Checker$1.call(Checker.java:153)
	at org.kohsuke.groovy.sandbox.impl.Checker.checkedCall(Checker.java:157)
	at org.kohsuke.groovy.sandbox.impl.Checker.checkedCall(Checker.java:127)
	at com.cloudbees.groovy.cps.sandbox.SandboxInvoker.methodCall(SandboxInvoker.java:17)
Caused: java.lang.IllegalArgumentException: Could not instantiate {changelog=true, poll=false, scm={$class=GitSCM, branches=[{name=${Branch}}], browser={$class=GitLab, repoUrl=(...repoURL...), version=8.0}, doGenerateSubmoduleConfigurations=false, extensions=[{$class=WipeWorkspace}, {$class=CloneOption, depth=0, noTags=false, reference=, shallow=false}, {$class=LocalBranch}], gitTool=Git-Windows, submoduleCfg=[], userRemoteConfigs=[{credentialsId=htc-ci-gitlab, name=origin, url=(...repoURL...)}]}} for GenericSCMStep(scm: SCM{CVSSCM(repositories: CvsRepository(cvsRoot: String, passwordRequired: boolean, password: String, repositoryItems: CvsRepositoryItem(location: CvsRepositoryLocation{BranchRepositoryLocation(branchName: String, useHeadIfNotFound: boolean) | HeadRepositoryLocation() | TagRepositoryLocation(tagName: String, useHeadIfNotFound: boolean)}, modules: CvsModule(remoteName: String, localName: String, projectsetFileName: String)[])[], excludedRegions: ExcludedRegion(pattern: String)[], compressionLevel: int, repositoryBrowser: CVSRepositoryBrowser{FishEyeCVS(url: String) | OpenGrok(url: String) | ViewCVS(url: String)})[], canUseUpdate: boolean, legacy: boolean, skipChangeLog: boolean, pruneEmptyDirectories: boolean, disableCvsQuiet: boolean, cleanOnFailedUpdate: boolean, forceCleanCopy: boolean) | CvsProjectset(repositories: CvsRepository(cvsRoot: String, passwordRequired: boolean, password: String, repositoryItems: CvsRepositoryItem(location: CvsRepositoryLocation{BranchRepositoryLocation(branchName: String, useHeadIfNotFound: boolean) | HeadRepositoryLocation() | TagRepositoryLocation(tagName: String, useHeadIfNotFound: boolean)}, modules: CvsModule(remoteName: String, localName: String, projectsetFileName: String)[])[], excludedRegions: ExcludedRegion(pattern: String)[], compressionLevel: int, repositoryBrowser: CVSRepositoryBrowser{FishEyeCVS(url: String) | OpenGrok(url: String) | ViewCVS(url: String)})[], canUseUpdate: boolean, username: String, password: String, browser: CVSRepositoryBrowser{FishEyeCVS(url: String) | OpenGrok(url: String) | ViewCVS(url: String)}, skipChangeLog: boolean, pruneEmptyDirectories: boolean, disableCvsQuiet: boolean, cleanOnFailedUpdate: boolean, forceCleanCopy: boolean) | GitSCM(userRemoteConfigs: UserRemoteConfig(url: String, name: String, refspec: String, credentialsId: String)[], branches: BranchSpec(name: String)[], doGenerateSubmoduleConfigurations: boolean, submoduleCfg: org.kohsuke.stapler.NoStaplerConstructorException: There's no @DataBoundConstructor on any constructor of class hudson.plugins.git.SubmoduleConfig[], browser: GitRepositoryBrowser{AssemblaWeb(repoUrl: String) | BitbucketWeb(repoUrl: String) | CGit(repoUrl: String) | FisheyeGitRepositoryBrowser(repoUrl: String) | GitBlitRepositoryBrowser(repoUrl: String, projectName: String) | GitLab(repoUrl: String, version: String) | GitList(repoUrl: String) | GitWeb(repoUrl: String) | GithubWeb(repoUrl: String) | Gitiles(repoUrl: String) | GitoriousWeb(repoUrl: String) | GogsGit(repoUrl: String) | KilnGit(repoUrl: String) | Phabricator(repoUrl: String, repo: String) | RedmineWeb(repoUrl: String) | RhodeCode(repoUrl: String) | Stash(repoUrl: String) | TFS2013GitRepositoryBrowser(repoUrl: String) | ViewGitWeb(repoUrl: String, projectName: String)}, gitTool: String, extensions: GitSCMExtension{AuthorInChangelog() | BuildChooserSetting(buildChooser: BuildChooser{AncestryBuildChooser(maximumAgeInDays: int, ancestorCommitSha1: String) | DefaultBuildChooser() | InverseBuildChooser()}) | ChangelogToBranch(options: ChangelogToBranchOptions(compareRemote: String, compareTarget: String)) | CheckoutOption(timeout: int) | CleanBeforeCheckout() | CleanCheckout() | CloneOption(shallow: boolean, noTags: boolean, reference: String, timeout: int, depth?: int, honorRefspec?: boolean) | DisableRemotePoll() | GitLFSPull() | IgnoreNotifyCommit() | LocalBranch(localBranch: String) | MessageExclusion(excludedMessage: String) | PathRestriction(includedRegions: String, excludedRegions: String) | PerBuildTag() | PreBuildMerge(options: UserMergeOptions(mergeRemote: String, mergeTarget: String, mergeStrategy: String, fastForwardMode: GitPluginFastForwardMode[FF, FF_ONLY, NO_FF])) | PruneStaleBranch() | RelativeTargetDirectory(relativeTargetDir: String) | ScmName(name: String) | SparseCheckoutPaths(sparseCheckoutPaths: SparseCheckoutPath(path: String)[]) | SubmoduleOption(disableSubmodules: boolean, recursiveSubmodules: boolean, trackingSubmodules: boolean, reference: String, timeout: int, parentCredentials: boolean) | UserExclusion(excludedUsers: String) | UserIdentity(name: String, email: String) | WipeWorkspace()}[]) | MercurialSCM(source: String, browser?: HgBrowser{BitBucket(url: String) | FishEye(url: String) | GoogleCode(url: String) | HgWeb(url: String) | Kallithea(url: String) | KilnHG(url: String) | RhodeCode(url: String) | RhodeCodeLegacy(url: String)}, clean?: boolean, credentialsId?: String, disableChangeLog?: boolean, installation?: String, modules?: String, revision?: String, revisionType?: RevisionType[BRANCH, TAG], subdir?: String) | MultiSCM(scmList: SCM…[]) | NullSCM() | PerforceScm(credential: String, workspace: Workspace{ManualWorkspaceImpl(charset: String, pinHost: boolean, name: String, spec: WorkspaceSpec(allwrite: boolean, clobber: boolean, compress: boolean, locked: boolean, modtime: boolean, rmdir: boolean, streamName: String, line: String, view: String)) | SpecWorkspaceImpl(charset: String, pinHost: boolean, name: String, specPath: String) | StaticWorkspaceImpl(charset: String, pinHost: boolean, name: String) | StreamWorkspaceImpl(charset: String, pinHost: boolean, streamName: String, format: String) | TemplateWorkspaceImpl(charset: String, pinHost: boolean, templateName: String, format: String)}, filter: Filter{FilterPathImpl(path: String) | FilterPerChangeImpl(perChange: boolean) | FilterPollMasterImpl(master: boolean) | FilterUserImpl(user: String) | FilterViewMaskImpl(viewMask: String)}[], populate: Populate{AutoCleanImpl(replace: boolean, delete: boolean, modtime: boolean, quiet: boolean, pin: String, parallel: ParallelSync(enable: boolean, path: String, threads: String, minfiles: String, minbytes: String)) | CheckOnlyImpl(have: boolean, force: boolean, modtime: boolean, quiet: boolean, pin: String) | ForceCleanImpl(have: boolean, quiet: boolean, pin: String, parallel: ParallelSync(enable: boolean, path: String, threads: String, minfiles: String, minbytes: String)) | SyncOnlyImpl(revert: boolean, have: boolean, modtime: boolean, quiet: boolean, pin: String, parallel: ParallelSync(enable: boolean, path: String, threads: String, minfiles: String, minbytes: String))}, browser: P4Browser{FishEyeBrowser(url: String, rootModule: String) | OpenGrokBrowser(url: String, depotPath: String, projectName: String) | P4WebBrowser(url: String) | SwarmBrowser(url: String)}) | SubversionSCM(locations: ModuleLocation(remote: String, credentialsId: String, local: String, depthOption: String, ignoreExternalsOption: boolean)[], workspaceUpdater: WorkspaceUpdater{CheckoutUpdater() | UpdateUpdater() | UpdateWithCleanUpdater() | UpdateWithRevertUpdater()}, browser: SubversionRepositoryBrowser{Assembla(spaceName: String) | CollabNetSVN(url: String) | FishEyeSVN(url: String, rootModule: String) | SVNWeb(url: String) | Sventon(url: String, repositoryInstance: String) | Sventon2(url: String, repositoryInstance: String) | ViewSVN(url: String) | WebSVN(url: String)}, excludedRegions: String, excludedUsers: String, excludedRevprop: String, excludedCommitMessages: String, includedRegions: String, ignoreDirPropChanges: boolean, filterChangelog: boolean, additionalCredentials: AdditionalCredentials(realm: String, credentialsId: String)[])}, changelog?: boolean, poll?: boolean)
	at org.jenkinsci.plugins.structs.describable.DescribableModel.instantiate(DescribableModel.java:264)
	at org.jenkinsci.plugins.workflow.steps.StepDescriptor.newInstance(StepDescriptor.java:201)
	at org.jenkinsci.plugins.workflow.cps.DSL.invokeStep(DSL.java:205)
	at org.jenkinsci.plugins.workflow.cps.DSL.invokeMethod(DSL.java:150)
	at org.jenkinsci.plugins.workflow.cps.CpsScript.invokeMethod(CpsScript.java:108)
	at sun.reflect.NativeMethodAccessorImpl.invoke0(Native Method)
	at sun.reflect.NativeMethodAccessorImpl.invoke(NativeMethodAccessorImpl.java:62)
	at sun.reflect.DelegatingMethodAccessorImpl.invoke(DelegatingMethodAccessorImpl.java:43)
	at java.lang.reflect.Method.invoke(Method.java:498)
	at org.codehaus.groovy.reflection.CachedMethod.invoke(CachedMethod.java:93)
	at groovy.lang.MetaMethod.doMethodInvoke(MetaMethod.java:325)
	at groovy.lang.MetaClassImpl.invokeMethod(MetaClassImpl.java:1215)
	at groovy.lang.MetaClassImpl.invokeMethod(MetaClassImpl.java:1024)
	at org.codehaus.groovy.runtime.callsite.PogoMetaClassSite.call(PogoMetaClassSite.java:42)
	at org.codehaus.groovy.runtime.callsite.CallSiteArray.defaultCall(CallSiteArray.java:48)
	at org.codehaus.groovy.runtime.callsite.AbstractCallSite.call(AbstractCallSite.java:113)
	at org.kohsuke.groovy.sandbox.impl.Checker$1.call(Checker.java:155)
	at org.kohsuke.groovy.sandbox.GroovyInterceptor.onMethodCall(GroovyInterceptor.java:23)
	at org.jenkinsci.plugins.scriptsecurity.sandbox.groovy.SandboxInterceptor.onMethodCall(SandboxInterceptor.java:123)
	at org.kohsuke.groovy.sandbox.impl.Checker$1.call(Checker.java:153)
	at org.kohsuke.groovy.sandbox.impl.Checker.checkedCall(Checker.java:157)
	at org.kohsuke.groovy.sandbox.impl.Checker.checkedCall(Checker.java:127)
	at com.cloudbees.groovy.cps.sandbox.SandboxInvoker.methodCall(SandboxInvoker.java:17)
	at WorkflowScript.run(WorkflowScript:2)
	at ___cps.transform___(Native Method)
	at com.cloudbees.groovy.cps.impl.ContinuationGroup.methodCall(ContinuationGroup.java:57)
	at com.cloudbees.groovy.cps.impl.FunctionCallBlock$ContinuationImpl.dispatchOrArg(FunctionCallBlock.java:109)
	at com.cloudbees.groovy.cps.impl.FunctionCallBlock$ContinuationImpl.fixArg(FunctionCallBlock.java:82)
	at sun.reflect.NativeMethodAccessorImpl.invoke0(Native Method)
	at sun.reflect.NativeMethodAccessorImpl.invoke(NativeMethodAccessorImpl.java:62)
	at sun.reflect.DelegatingMethodAccessorImpl.invoke(DelegatingMethodAccessorImpl.java:43)
	at java.lang.reflect.Method.invoke(Method.java:498)
	at com.cloudbees.groovy.cps.impl.ContinuationPtr$ContinuationImpl.receive(ContinuationPtr.java:72)
	at com.cloudbees.groovy.cps.impl.CollectionLiteralBlock$ContinuationImpl.dispatch(CollectionLiteralBlock.java:55)
	at com.cloudbees.groovy.cps.impl.CollectionLiteralBlock$ContinuationImpl.item(CollectionLiteralBlock.java:45)
	at sun.reflect.GeneratedMethodAccessor1741.invoke(Unknown Source)
	at sun.reflect.DelegatingMethodAccessorImpl.invoke(DelegatingMethodAccessorImpl.java:43)
	at java.lang.reflect.Method.invoke(Method.java:498)
	at com.cloudbees.groovy.cps.impl.ContinuationPtr$ContinuationImpl.receive(ContinuationPtr.java:72)
	at com.cloudbees.groovy.cps.impl.CollectionLiteralBlock$ContinuationImpl.dispatch(CollectionLiteralBlock.java:55)
	at com.cloudbees.groovy.cps.impl.CollectionLiteralBlock$ContinuationImpl.item(CollectionLiteralBlock.java:45)
	at sun.reflect.GeneratedMethodAccessor1741.invoke(Unknown Source)
	at sun.reflect.DelegatingMethodAccessorImpl.invoke(DelegatingMethodAccessorImpl.java:43)
	at java.lang.reflect.Method.invoke(Method.java:498)
	at com.cloudbees.groovy.cps.impl.ContinuationPtr$ContinuationImpl.receive(ContinuationPtr.java:72)
	at com.cloudbees.groovy.cps.impl.CollectionLiteralBlock$ContinuationImpl.dispatch(CollectionLiteralBlock.java:55)
	at com.cloudbees.groovy.cps.impl.CollectionLiteralBlock$ContinuationImpl.item(CollectionLiteralBlock.java:45)
	at sun.reflect.GeneratedMethodAccessor1741.invoke(Unknown Source)
	at sun.reflect.DelegatingMethodAccessorImpl.invoke(DelegatingMethodAccessorImpl.java:43)
	at java.lang.reflect.Method.invoke(Method.java:498)
	at com.cloudbees.groovy.cps.impl.ContinuationPtr$ContinuationImpl.receive(ContinuationPtr.java:72)
	at com.cloudbees.groovy.cps.impl.CollectionLiteralBlock$ContinuationImpl.dispatch(CollectionLiteralBlock.java:55)
	at com.cloudbees.groovy.cps.impl.CollectionLiteralBlock$ContinuationImpl.item(CollectionLiteralBlock.java:45)
	at sun.reflect.GeneratedMethodAccessor1741.invoke(Unknown Source)
	at sun.reflect.DelegatingMethodAccessorImpl.invoke(DelegatingMethodAccessorImpl.java:43)
	at java.lang.reflect.Method.invoke(Method.java:498)
	at com.cloudbees.groovy.cps.impl.ContinuationPtr$ContinuationImpl.receive(ContinuationPtr.java:72)
	at com.cloudbees.groovy.cps.impl.ConstantBlock.eval(ConstantBlock.java:21)
	at com.cloudbees.groovy.cps.Next.step(Next.java:83)
	at com.cloudbees.groovy.cps.Continuable$1.call(Continuable.java:173)
	at com.cloudbees.groovy.cps.Continuable$1.call(Continuable.java:162)
	at org.codehaus.groovy.runtime.GroovyCategorySupport$ThreadCategoryInfo.use(GroovyCategorySupport.java:122)
	at org.codehaus.groovy.runtime.GroovyCategorySupport.use(GroovyCategorySupport.java:261)
	at com.cloudbees.groovy.cps.Continuable.run0(Continuable.java:162)
	at org.jenkinsci.plugins.workflow.cps.SandboxContinuable.access$001(SandboxContinuable.java:19)
	at org.jenkinsci.plugins.workflow.cps.SandboxContinuable$1.call(SandboxContinuable.java:35)
	at org.jenkinsci.plugins.workflow.cps.SandboxContinuable$1.call(SandboxContinuable.java:32)
	at org.jenkinsci.plugins.scriptsecurity.sandbox.groovy.GroovySandbox.runInSandbox(GroovySandbox.java:108)
	at org.jenkinsci.plugins.workflow.cps.SandboxContinuable.run0(SandboxContinuable.java:32)
	at org.jenkinsci.plugins.workflow.cps.CpsThread.runNextChunk(CpsThread.java:174)
	at org.jenkinsci.plugins.workflow.cps.CpsThreadGroup.run(CpsThreadGroup.java:330)
	at org.jenkinsci.plugins.workflow.cps.CpsThreadGroup.access$100(CpsThreadGroup.java:82)
	at org.jenkinsci.plugins.workflow.cps.CpsThreadGroup$2.call(CpsThreadGroup.java:242)
	at org.jenkinsci.plugins.workflow.cps.CpsThreadGroup$2.call(CpsThreadGroup.java:230)
	at org.jenkinsci.plugins.workflow.cps.CpsVmExecutorService$2.call(CpsVmExecutorService.java:64)
	at java.util.concurrent.FutureTask.run(FutureTask.java:266)
	at hudson.remoting.SingleLaneExecutorService$1.run(SingleLaneExecutorService.java:112)
	at jenkins.util.ContextResettingExecutorService$1.run(ContextResettingExecutorService.java:28)
	at java.util.concurrent.Executors$RunnableAdapter.call(Executors.java:511)
	at java.util.concurrent.FutureTask.run(FutureTask.java:266)
	at java.util.concurrent.ThreadPoolExecutor.runWorker(ThreadPoolExecutor.java:1142)
	at java.util.concurrent.ThreadPoolExecutor$Worker.run(ThreadPoolExecutor.java:617)
	at java.lang.Thread.run(Thread.java:748)
Finished: FAILURE
