INFO: SlaveTemplate{ami='ami-0****7d', labels='temp-dsl-builder'}. Attempting to provision slave needed by excess workload of 1 units
Sep 16, 2019 9:00:50 AM hudson.plugins.ec2.SlaveTemplate logProvisionInfo
INFO: SlaveTemplate{ami='ami-0****7d', labels='temp-dsl-builder'}. Considering launching
Sep 16, 2019 9:00:50 AM hudson.plugins.ec2.SlaveTemplate logProvisionInfo
INFO: SlaveTemplate{ami='ami-0****7d', labels='temp-dsl-builder'}. Setting Instance Initiated Shutdown Behavior : ShutdownBehavior.Stop
Sep 16, 2019 9:00:50 AM hudson.plugins.ec2.SlaveTemplate logProvisionInfo
INFO: SlaveTemplate{ami='ami-0****7d', labels='temp-dsl-builder'}. Looking for existing instances with describe-instance: {Filters: [{Name: image-id,Values: [ami-0****7d]}, {Name: instance-type,Values: [t2.large]}, {Name: key-name,Values: [jenkins-internal]}, {Name: availability-zone,Values: [us-east-1a]}, {Name: subnet-id,Values: [subnet-7***b]}, {Name: instance.group-id,Values: [sg-a***d]}, {Name: tag:Name,Values: [temp-dsl-builder]}, {Name: tag:Management,Values: [jenkins2]}, {Name: tag:jenkins_server_url,Values: [https://jenkins.localhost/]}, {Name: tag:jenkins_slave_type,Values: [demand_temp-dsl-builder]}],InstanceIds: [],}
Sep 16, 2019 9:00:51 AM hudson.plugins.ec2.SlaveTemplate logProvisionInfo
INFO: SlaveTemplate{ami='ami-0****7d', labels='temp-dsl-builder'}. checkInstance: i-0****5a. true - Instance is not connected to Jenkins
Sep 16, 2019 9:00:51 AM hudson.plugins.ec2.SlaveTemplate logProvisionInfo
INFO: SlaveTemplate{ami='ami-0****7d', labels='temp-dsl-builder'}. Found existing instance: {AmiLaunchIndex: 0,ImageId: ami-0****7d,InstanceId: i-0****5a,InstanceType: t2.large,KeyName: jenkins-internal,LaunchTime: Thu Sep 12 16:54:33 IST 2019,Monitoring: {State: disabled},Placement: {AvailabilityZone: us-east-1a,GroupName: ,Tenancy: default,},PrivateDnsName: ip-10-1-0-161.ec2.internal,PrivateIpAddress: 10.1.0.161,ProductCodes: [],PublicDnsName: ,State: {Code: 80,Name: stopped},StateTransitionReason: User initiated (2019-09-12 17:09:09 GMT),...
Sep 16, 2019 9:00:51 AM hudson.plugins.ec2.SlaveTemplate logProvisionInfo
INFO: SlaveTemplate{ami='ami-0****7d', labels='temp-dsl-builder'}. Found stopped instances - will start it: {AmiLaunchIndex: 0,ImageId: ami-0****7d,InstanceId: i-0****5a,InstanceType: t2.large,KeyName: jenkins-internal,LaunchTime: Thu Sep 12 16:54:33 IST 2019,Monitoring: {State: disabled},Placement: {AvailabilityZone: us-east-1a,GroupName: ,Tenancy: default,},PrivateDnsName: ip-10-1-0-161.ec2.internal,PrivateIpAddress: 10.1.0.161,ProductCodes: [],PublicDnsName: ,State: {Code: 80,Name: stopped},StateTransitionReason: User initiated (2019-09-12 17:09:09 GMT)....
Sep 16, 2019 9:00:51 AM hudson.plugins.ec2.SlaveTemplate logProvisionInfo
INFO: SlaveTemplate{ami='ami-0****7d', labels='temp-dsl-builder'}. Result of starting stopped instances:{StartingInstances: [{CurrentState: {Code: 0,Name: pending},InstanceId: i-0****5a,PreviousState: {Code: 80,Name: stopped}}]}
Sep 16, 2019 9:00:51 AM hudson.plugins.ec2.SlaveTemplate logProvisionInfo
INFO: SlaveTemplate{ami='ami-0****7d', labels='temp-dsl-builder'}. Return instance: {AmiLaunchIndex: 0,ImageId: ami-0****7d,InstanceId: i-0****5a,InstanceType: t2.large,KeyName: jenkins-internal,LaunchTime: Thu Sep 12 16:54:33 IST 2019,Monitoring: {State: disabled},Placement: {AvailabilityZone: us-east-1a,GroupName: ,Tenancy: default,},PrivateDnsName: ip-10-1-0-161.ec2.internal,PrivateIpAddress: 10.1.0.161,ProductCodes: [],PublicDnsName: ,State: {Code: 80,Name: stopped},StateTransitionReason: User initiated (2019-09-12 17:09:09 GMT),....
Sep 16, 2019 9:00:51 AM hudson.plugins.ec2.EC2Cloud provision
INFO: SlaveTemplate{ami='ami-0****7d', labels='temp-dsl-builder'}. Attempting provision finished, excess workload: 0
Sep 16, 2019 9:00:51 AM hudson.plugins.ec2.EC2Cloud provision
INFO: We have now 27 computers, waiting for 1 more
Sep 16, 2019 9:00:51 AM hudson.slaves.NodeProvisioner$StandardStrategyImpl apply
INFO: Started provisioning EC2 (ec2-project) - temp-dsl-builder from ec2-ec2-project with 1 executors. Remaining excess workload: 0
Sep 16, 2019 9:00:51 AM hudson.plugins.ec2.EC2Cloud$1 call
WARNING: SlaveTemplate{ami='ami-0****7d', labels='temp-dsl-builder'}. Node stopped is neither pending, neither running, its {2}. Terminate provisioning
Sep 16, 2019 9:00:51 AM hudson.plugins.parameterizedtrigger.FileBuildParameterFactory getParameters
INFO: null
INFO: SlaveTemplate{ami='ami-0****7d', labels='temp-dsl-builder'}. Attempting to provision slave needed by excess workload of 1 units
Sep 16, 2019 9:01:00 AM hudson.plugins.ec2.EC2Cloud getNewOrExistingAvailableSlave
INFO: SlaveTemplate{ami='ami-0****7d', labels='temp-dsl-builder'}. Cannot provision - no capacity for instances: 0
Sep 16, 2019 9:01:00 AM hudson.plugins.ec2.EC2Cloud provision
WARNING: Can't raise nodes for SlaveTemplate{ami='ami-0****7d', labels='temp-dsl-builder'}
Sep 16, 2019 9:01:01 AM hudson.plugins.repo.ChangeLog saveChangeLog
Sep 16, 2019 9:01:10 AM hudson.plugins.ec2.EC2Cloud provision
INFO: SlaveTemplate{ami='ami-0****7d', labels='temp-dsl-builder'}. Attempting to provision slave needed by excess workload of 1 units
Sep 16, 2019 9:01:10 AM hudson.plugins.ec2.EC2Cloud getNewOrExistingAvailableSlave
INFO: SlaveTemplate{ami='ami-0****7d', labels='temp-dsl-builder'}. Cannot provision - no capacity for instances: 0
Sep 16, 2019 9:01:10 AM hudson.plugins.ec2.EC2Cloud provision
WARNING: Can't raise nodes for SlaveTemplate{ami='ami-0****7d', labels='temp-dsl-builder'}
Sep 16, 2019 9:01:13 AM hudson.plugins.repo.ChangeLog saveChangeLog
INFO: No logs found
Sep 16, 2019 9:01:20 AM hudson.plugins.ec2.EC2Cloud provision
INFO: SlaveTemplate{ami='ami-0****7d', labels='temp-dsl-builder'}. Attempting to provision slave needed by excess workload of 1 units
Sep 16, 2019 9:01:20 AM hudson.plugins.ec2.EC2Cloud getNewOrExistingAvailableSlave
INFO: SlaveTemplate{ami='ami-0****7d', labels='temp-dsl-builder'}. Cannot provision - no capacity for instances: 0
Sep 16, 2019 9:01:20 AM hudson.plugins.ec2.EC2Cloud provision
WARNING: Can't raise nodes for SlaveTemplate{ami='ami-0****7d', labels='temp-dsl-builder'}
Sep 16, 2019 9:01:22 AM hudson.plugins.repo.ChangeLog saveChangeLog
INFO: No logs found
Sep 16, 2019 9:01:30 AM hudson.plugins.ec2.EC2Cloud provision
INFO: SlaveTemplate{ami='ami-0****7d', labels='temp-dsl-builder'}. Attempting to provision slave needed by excess workload of 1 units
Sep 16, 2019 9:01:30 AM hudson.plugins.ec2.EC2Cloud getNewOrExistingAvailableSlave
INFO: SlaveTemplate{ami='ami-0****7d', labels='temp-dsl-builder'}. Cannot provision - no capacity for instances: 0
Sep 16, 2019 9:01:30 AM hudson.plugins.ec2.EC2Cloud provision
WARNING: Can't raise nodes for SlaveTemplate{ami='ami-0****7d', labels='temp-dsl-builder'}
Sep 16, 2019 9:01:40 AM hudson.plugins.ec2.EC2Cloud provision
INFO: SlaveTemplate{ami='ami-0****7d', labels='temp-dsl-builder'}. Attempting to provision slave needed by excess workload of 1 units
Sep 16, 2019 9:01:40 AM hudson.plugins.ec2.EC2Cloud getNewOrExistingAvailableSlave
INFO: SlaveTemplate{ami='ami-0****7d', labels='temp-dsl-builder'}. Cannot provision - no capacity for instances: 0
Sep 16, 2019 9:01:40 AM hudson.plugins.ec2.EC2Cloud provision
WARNING: Can't raise nodes for SlaveTemplate{ami='ami-0****7d', labels='temp-dsl-builder'}
INFO: SlaveTemplate{ami='ami-0****7d', labels='temp-dsl-builder'}. Attempting to provision slave needed by excess workload of 1 units
Sep 16, 2019 9:01:50 AM hudson.plugins.ec2.EC2Cloud getNewOrExistingAvailableSlave
INFO: SlaveTemplate{ami='ami-0****7d', labels='temp-dsl-builder'}. Cannot provision - no capacity for instances: 0
Sep 16, 2019 9:01:50 AM hudson.plugins.ec2.EC2Cloud provision
WARNING: Can't raise nodes for SlaveTemplate{ami='ami-0****7d', labels='temp-dsl-builder'}
Sep 16, 2019 9:02:00 AM hudson.plugins.ec2.EC2Cloud provision
INFO: SlaveTemplate{ami='ami-0****7d', labels='temp-dsl-builder'}. Attempting to provision slave needed by excess workload of 1 units
Sep 16, 2019 9:02:00 AM hudson.plugins.ec2.EC2Cloud getNewOrExistingAvailableSlave
INFO: SlaveTemplate{ami='ami-0****7d', labels='temp-dsl-builder'}. Cannot provision - no capacity for instances: 0
Sep 16, 2019 9:02:00 AM hudson.plugins.ec2.EC2Cloud provision
WARNING: Can't raise nodes for SlaveTemplate{ami='ami-0****7d', labels='temp-dsl-builder'}
Sep 16, 2019 9:02:06 AM hudson.plugins.ec2.EC2RetentionStrategy internalCheck
INFO: SlaveTemplate{ami='ami-0****7d', labels='temp-dsl-builder'}. Attempting to provision slave needed by excess workload of 1 units
Sep 16, 2019 9:02:10 AM hudson.plugins.ec2.EC2Cloud getNewOrExistingAvailableSlave
INFO: SlaveTemplate{ami='ami-0****7d', labels='temp-dsl-builder'}. Cannot provision - no capacity for instances: 0
Sep 16, 2019 9:02:10 AM hudson.plugins.ec2.EC2Cloud provision
WARNING: Can't raise nodes for SlaveTemplate{ami='ami-0****7d', labels='temp-dsl-builder'}
Sep 16, 2019 9:02:20 AM hudson.plugins.ec2.EC2Cloud provision
INFO: SlaveTemplate{ami='ami-0****7d', labels='temp-dsl-builder'}. Attempting to provision slave needed by excess workload of 1 units
Sep 16, 2019 9:02:20 AM hudson.plugins.ec2.EC2Cloud getNewOrExistingAvailableSlave
INFO: SlaveTemplate{ami='ami-0****7d', labels='temp-dsl-builder'}. Cannot provision - no capacity for instances: 0
Sep 16, 2019 9:02:20 AM hudson.plugins.ec2.EC2Cloud provision
WARNING: Can't raise nodes for SlaveTemplate{ami='ami-0****7d', labels='temp-dsl-builder'}
Sep 16, 2019 9:02:30 AM hudson.plugins.ec2.EC2Cloud provision
INFO: SlaveTemplate{ami='ami-0****7d', labels='temp-dsl-builder'}. Attempting to provision slave needed by excess workload of 1 units
Sep 16, 2019 9:02:30 AM hudson.plugins.ec2.EC2Cloud getNewOrExistingAvailableSlave
INFO: SlaveTemplate{ami='ami-0****7d', labels='temp-dsl-builder'}. Cannot provision - no capacity for instances: 0
Sep 16, 2019 9:02:30 AM hudson.plugins.ec2.EC2Cloud provision
WARNING: Can't raise nodes for SlaveTemplate{ami='ami-0****7d', labels='temp-dsl-builder'}
Sep 16, 2019 9:02:40 AM hudson.plugins.ec2.EC2Cloud provision
INFO: SlaveTemplate{ami='ami-0****7d', labels='temp-dsl-builder'}. Attempting to provision slave needed by excess workload of 1 units
Sep 16, 2019 9:02:40 AM hudson.plugins.ec2.EC2Cloud getNewOrExistingAvailableSlave
INFO: SlaveTemplate{ami='ami-0****7d', labels='temp-dsl-builder'}. Cannot provision - no capacity for instances: 0
Sep 16, 2019 9:02:40 AM hudson.plugins.ec2.EC2Cloud provision
WARNING: Can't raise nodes for SlaveTemplate{ami='ami-0****7d', labels='temp-dsl-builder'}
Sep 16, 2019 9:02:50 AM hudson.plugins.ec2.EC2Cloud provision
INFO: SlaveTemplate{ami='ami-0****7d', labels='temp-dsl-builder'}. Attempting to provision slave needed by excess workload of 1 units
Sep 16, 2019 9:02:50 AM hudson.plugins.ec2.EC2Cloud getNewOrExistingAvailableSlave
INFO: SlaveTemplate{ami='ami-0****7d', labels='temp-dsl-builder'}. Cannot provision - no capacity for instances: 0
Sep 16, 2019 9:02:50 AM hudson.plugins.ec2.EC2Cloud provision
WARNING: Can't raise nodes for SlaveTemplate{ami='ami-0****7d', labels='temp-dsl-builder'}
Sep 16, 2019 9:03:00 AM hudson.plugins.ec2.EC2Cloud provision
INFO: SlaveTemplate{ami='ami-0****7d', labels='temp-dsl-builder'}. Attempting to provision slave needed by excess workload of 1 units
Sep 16, 2019 9:03:00 AM hudson.plugins.ec2.EC2Cloud getNewOrExistingAvailableSlave
INFO: SlaveTemplate{ami='ami-0****7d', labels='temp-dsl-builder'}. Cannot provision - no capacity for instances: 0
Sep 16, 2019 9:03:00 AM hudson.plugins.ec2.EC2Cloud provision
WARNING: Can't raise nodes for SlaveTemplate{ami='ami-0****7d', labels='temp-dsl-builder'}
Sep 16, 2019 9:03:10 AM hudson.plugins.ec2.EC2Cloud provision
INFO: SlaveTemplate{ami='ami-0****7d', labels='temp-dsl-builder'}. Attempting to provision slave needed by excess workload of 1 units
Sep 16, 2019 9:03:10 AM hudson.plugins.ec2.EC2Cloud getNewOrExistingAvailableSlave
INFO: SlaveTemplate{ami='ami-0****7d', labels='temp-dsl-builder'}. Cannot provision - no capacity for instances: 0
Sep 16, 2019 9:03:10 AM hudson.plugins.ec2.EC2Cloud provision
WARNING: Can't raise nodes for SlaveTemplate{ami='ami-0****7d', labels='temp-dsl-builder'}
