Aug 09, 2017 5:09:38 PM FINEST org.jenkinsci.plugins.saml.OpenSAMLWrapper

adapt TCCL

Aug 09, 2017 5:09:38 PM FINE org.pac4j.core.util.CommonHelper$1 getFilename

filepath: /soft/projects/CI/jenkins-rec/secrets/samlv2/saml-key.jks -> filename: /soft/projects/CI/jenkins-rec/secrets/samlv2/saml-key.jks

Aug 09, 2017 5:09:38 PM INFO org.pac4j.saml.metadata.SAML2ServiceProviderMetadataResolver 

Using SP entity ID https://jenkins.cloud.domain/jenkins-rec/securityRealm/finishLogin

Aug 09, 2017 5:09:38 PM INFO org.pac4j.saml.metadata.SAML2ServiceProviderMetadataResolver resolve

Writing sp metadata to /soft/projects/CI/jenkins-rec/saml-sp-metadata.xml

Aug 09, 2017 5:09:38 PM INFO org.pac4j.saml.metadata.SAML2ServiceProviderMetadataResolver resolve

Attempting to create directory structure for /soft/projects/CI/jenkins-rec

Aug 09, 2017 5:09:38 PM WARNING org.pac4j.saml.metadata.SAML2ServiceProviderMetadataResolver resolve

Could not construct the directory structure for SP metadata /soft/projects/CI/jenkins-rec/saml-sp-metadata.xml

Aug 09, 2017 5:09:38 PM FINE org.jenkinsci.plugins.saml.OpenSAMLWrapper

<?xml version="1.0" encoding="UTF-8"?>
<md:EntityDescriptor ID="_1aiduikls6g61ilwlzfbx5lcptmr2e1tgygy1cp" entityID="https://jenkins.cloud.domain/jenkins-rec/securityRealm/finishLogin" validUntil="2037-08-09T15:09:38.525Z" xmlns:md="urn:oasis:names:tc:SAML:2.0:metadata"><md:Extensions xmlns:alg="urn:oasis:names:tc:SAML:metadata:algsupport"><alg:DigestMethod Algorithm="http://www.w3.org/2001/04/xmlenc#sha512"/><alg:DigestMethod Algorithm="http://www.w3.org/2001/04/xmldsig-more#sha384"/><alg:DigestMethod Algorithm="http://www.w3.org/2001/04/xmlenc#sha256"/><alg:DigestMethod Algorithm="http://www.w3.org/2001/04/xmldsig-more#sha224"/><alg:DigestMethod Algorithm="http://www.w3.org/2000/09/xmldsig#sha1"/><alg:DigestMethod Algorithm="http://www.w3.org/2001/04/xmldsig-more#rsa-sha512"/><alg:DigestMethod Algorithm="http://www.w3.org/2001/04/xmldsig-more#rsa-sha384"/><alg:DigestMethod Algorithm="http://www.w3.org/2001/04/xmldsig-more#rsa-sha256"/><alg:DigestMethod Algorithm="http://www.w3.org/2000/09/xmldsig#rsa-sha1"/><alg:DigestMethod Algorithm="http://www.w3.org/2000/09/xmldsig#dsa-sha1"/></md:Extensions><md:SPSSODescriptor AuthnRequestsSigned="true" WantAssertionsSigned="true" protocolSupportEnumeration="urn:oasis:names:tc:SAML:2.0:protocol urn:oasis:names:tc:SAML:1.0:protocol urn:oasis:names:tc:SAML:1.1:protocol"><md:Extensions xmlns:init="urn:oasis:names:tc:SAML:profiles:SSO:request-init"><init:RequestInitiator Binding="urn:oasis:names:tc:SAML:profiles:SSO:request-init" Location="https://jenkins.cloud.domain/jenkins-rec/securityRealm/finishLogin"/></md:Extensions><md:KeyDescriptor use="signing"><ds:KeyInfo xmlns:ds="http://www.w3.org/2000/09/xmldsig#"><ds:X509Data><ds:X509Certificate>MIIDXTCCAkWgAwIBAgIEeDWCezANBgkqhkiG9w0BAQsFADBfMQswCQYDVQQGEwJGUjEQMA4GA1UE
CBMHVW5rbm93bjENMAsGA1UEBxMETFlPTjEPMA0GA1UEChMGRU5FRElTMQ4wDAYDVQQLEwVBREFK
......
X5J4C+apMW+v+w==</ds:X509Certificate></ds:X509Data></ds:KeyInfo></md:KeyDescriptor><md:KeyDescriptor use="encryption"><ds:KeyInfo xmlns:ds="http://www.w3.org/2000/09/xmldsig#"><ds:X509Data><ds:X509Certificate>MIIDXTCCAkWgAwIBAgIEeDWCezANBgkqhkiG9w0BAQsFADBfMQswCQYDVQQGEwJGUjEQMA4GA1UE
......
X5J4C+apMW+v+w==</ds:X509Certificate></ds:X509Data></ds:KeyInfo></md:KeyDescriptor><md:NameIDFormat>urn:oasis:names:tc:SAML:2.0:nameid-format:transient</md:NameIDFormat><md:NameIDFormat>urn:oasis:names:tc:SAML:2.0:nameid-format:persistent</md:NameIDFormat><md:NameIDFormat>urn:oasis:names:tc:SAML:1.1:nameid-format:emailAddress</md:NameIDFormat><md:NameIDFormat>urn:oasis:names:tc:SAML:1.1:nameid-format:unspecified</md:NameIDFormat><md:AssertionConsumerService Binding="urn:oasis:names:tc:SAML:2.0:bindings:HTTP-POST" Location="https://jenkins.cloud.domain/jenkins-rec/securityRealm/finishLogin" index="0"/></md:SPSSODescriptor></md:EntityDescriptor>

Aug 09, 2017 5:09:38 PM FINEST org.jenkinsci.plugins.saml.OpenSAMLWrapper

reset TCCL
