Building remotely on MUC_NAV_Y202MN_I20 (I20) in workspace c:\data\jenkins\workspace\IuK_NAV_I20\Environment-Setup-DEBUG-Manual
[Environment-Setup-DEBUG-Manual] $ cmd /c call C:\Windows\TEMP\jenkins7030799801109986176.bat

c:\data\jenkins\workspace\IuK_NAV_I20\Environment-Setup-DEBUG-Manual>cd c:\data\jenkins\workspace\IuK_NAV_I20\Environment-Setup-DEBUG  

c:\Data\Jenkins\workspace\IuK_NAV_I20\Environment-Setup-DEBUG>HpToolsLauncher_debug.exe -paramfile props01032023111444472.txt 
"Started..."
Run build tests
Launcher timeout is 00::01:00:00
Controller Polling Interval: 30 seconds
PerScenarioTimeout: 00::00:10:00 minutes
FileSystemTestRunner timeout is 01:00:00
UFT Mobile connection info is - UFT Mobile HostAddress: , Port: 8080, Username: , TenantId: , UseSSL: 0, UseProxy: 0, ProxyType: 0, ProxyAddress: , ProxyPort: 0, ProxyAuth: 0, ProxyUser: 
1 tests found:
C:\Daten_TA\UFT\Start_Traces
============================================================================
17/03/2023 18:03:15 Running: C:\Daten_TA\UFT\Start_Traces
Error: Die Anzahl der angegebenen Parameter stimmt nicht mit der erwarteten Anzahl überein.
Test result: Error
uftReportDir is C:\Daten_TA\UFT\Start_Traces\Report2
17/03/2023 18:03:19 Test complete: C:\Daten_TA\UFT\Start_Traces
-------------------------------------------------------------------------------------------------------
================================================
Run status: Job failed, total tests: 1, succeeded: 0, failures: 0, errors: 1, warnings: 0
Error  : C:\Daten_TA\UFT\Start_Traces[1]
================================================

c:\Data\Jenkins\workspace\IuK_NAV_I20\Environment-Setup-DEBUG>exit -1 
Build step 'Execute Windows batch command' marked build as failure
Finished: FAILURE