Started by user anonymous
[EnvInject] - Loading node environment variables.
FATAL: null
java.util.ConcurrentModificationException
	at java.util.ArrayList$Itr.checkForComodification(ArrayList.java:859)
	at java.util.ArrayList$Itr.next(ArrayList.java:831)
	at org.codehaus.groovy.runtime.DefaultGroovyMethods.each(DefaultGroovyMethods.java:1375)
	at org.codehaus.groovy.runtime.DefaultGroovyMethods.each(DefaultGroovyMethods.java:1348)
	at org.codehaus.groovy.runtime.dgm$162.invoke(Unknown Source)
	at org.codehaus.groovy.runtime.callsite.PojoMetaMethodSite$PojoMetaMethodSiteNoUnwrapNoCoerce.invoke(PojoMetaMethodSite.java:271)
	at org.codehaus.groovy.runtime.callsite.PojoMetaMethodSite.call(PojoMetaMethodSite.java:53)
	at org.codehaus.groovy.runtime.callsite.AbstractCallSite.call(AbstractCallSite.java:116)
	at javaposse.jobdsl.dsl.View.getNode(View.groovy:58)
	at sun.reflect.NativeMethodAccessorImpl.invoke0(Native Method)
	at sun.reflect.NativeMethodAccessorImpl.invoke(NativeMethodAccessorImpl.java:57)
	at sun.reflect.DelegatingMethodAccessorImpl.invoke(DelegatingMethodAccessorImpl.java:43)
	at java.lang.reflect.Method.invoke(Method.java:606)
	at org.codehaus.groovy.reflection.CachedMethod.invoke(CachedMethod.java:90)
	at groovy.lang.MetaMethod.doMethodInvoke(MetaMethod.java:233)
	at groovy.lang.MetaClassImpl.getProperty(MetaClassImpl.java:1580)
	at groovy.lang.MetaClassImpl.getProperty(MetaClassImpl.java:3308)
	at javaposse.jobdsl.dsl.View.getProperty(View.groovy)
	at org.codehaus.groovy.runtime.callsite.PogoGetPropertySite.getProperty(PogoGetPropertySite.java:47)
	at org.codehaus.groovy.runtime.callsite.AbstractCallSite.callGroovyObjectGetProperty(AbstractCallSite.java:231)
	at javaposse.jobdsl.dsl.View.getXml(View.groovy:50)
	at javaposse.jobdsl.dsl.DslScriptLoader.extractGeneratedViews(DslScriptLoader.java:122)
	at javaposse.jobdsl.dsl.DslScriptLoader.runDslEngine(DslScriptLoader.java:95)
	at javaposse.jobdsl.plugin.ExecuteDslScripts.perform(ExecuteDslScripts.java:177)
	at hudson.tasks.BuildStepMonitor$1.perform(BuildStepMonitor.java:20)
	at hudson.model.AbstractBuild$AbstractBuildExecution.perform(AbstractBuild.java:772)
	at hudson.model.Build$BuildExecution.build(Build.java:199)
	at hudson.model.Build$BuildExecution.doRun(Build.java:160)
	at hudson.model.AbstractBuild$AbstractBuildExecution.run(AbstractBuild.java:535)
	at hudson.model.Run.execute(Run.java:1732)
	at hudson.model.FreeStyleBuild.run(FreeStyleBuild.java:43)
	at hudson.model.ResourceController.execute(ResourceController.java:88)
	at hudson.model.Executor.run(Executor.java:234)