Started by user admin
Running in Durability level: MAX_SURVIVABILITY
[Pipeline] Start of Pipeline
[Pipeline] node
Running on Jenkins in /var/lib/jenkins/workspace/test-job
[Pipeline] {
[Pipeline] stage
[Pipeline] { (Execute)
[Pipeline] httpRequest
[Pipeline] }
[Pipeline] // stage
[Pipeline] }
[Pipeline] // node
[Pipeline] End of Pipeline
java.lang.NullPointerException
	at org.conjur.jenkins.credentials.ConjurCredentialProvider.getCredentialsFromSupplier(ConjurCredentialProvider.java:93)
	at org.conjur.jenkins.credentials.ConjurCredentialProvider.getCredentials(ConjurCredentialProvider.java:61)
	at com.cloudbees.plugins.credentials.CredentialsProvider.lookupCredentials(CredentialsProvider.java:564)
	at jenkins.plugins.http_request.HttpRequestExecution.<init>(HttpRequestExecution.java:207)
	at jenkins.plugins.http_request.HttpRequestExecution.from(HttpRequestExecution.java:154)
	at jenkins.plugins.http_request.HttpRequestStep$Execution.run(HttpRequestStep.java:377)
	at jenkins.plugins.http_request.HttpRequestStep$Execution.run(HttpRequestStep.java:366)
	at org.jenkinsci.plugins.workflow.steps.SynchronousNonBlockingStepExecution.lambda$start$0(SynchronousNonBlockingStepExecution.java:47)
	at java.base/java.util.concurrent.Executors$RunnableAdapter.call(Executors.java:515)
	at java.base/java.util.concurrent.FutureTask.run(FutureTask.java:264)
	at java.base/java.util.concurrent.ThreadPoolExecutor.runWorker(ThreadPoolExecutor.java:1128)
	at java.base/java.util.concurrent.ThreadPoolExecutor$Worker.run(ThreadPoolExecutor.java:628)
	at java.base/java.lang.Thread.run(Thread.java:829)
Finished: FAILURE