Polling Log

This page captures the polling log that triggered this build.

Started on Mar 1, 2017 10:56:00 AM
Using strategy: Default
[poll] Last Built Revision: Revision 2a04...53f1 (origin/BRANCH-49)
using GIT_SSH to set credentials 
 > git ls-remote -h ssh://git@bitbucket.foo:7999/ba/myservice.git # timeout=10
Found 6 remote heads on ssh://git@bitbucket.foo:7999/ba/myservice.git
[poll] Latest remote head revision on refs/heads/BRANCH-49 is: 2a04...53f1 - already built by 4
Using strategy: Default
[poll] Last Built Revision: Revision 2a04...53f1 (origin/BRANCH-49)
using GIT_SSH to set credentials 
 > git ls-remote -h ssh://git@bitbucket.foo:7999/ba/myservice.git # timeout=10
Found 6 remote heads on ssh://git@bitbucket.foo:7999/ba/myservice.git
[poll] Latest remote head revision on refs/heads/master is: 4a03...1f79
Using strategy: Default
[poll] Last Built Revision: Revision b4ee...63d5 (refs/remotes/origin/master)
using GIT_SSH to set credentials 
 > git ls-remote -h ssh://git@bitbucket.foo:7999/blah/myotherservice.git # timeout=10
Found 1 remote heads on ssh://git@bitbucket.foo:7999/blah/myotherservice.git
[poll] Latest remote head revision on refs/heads/master is: b4ee...63d5 - already built by 4
Done. Took 0.73 sec
Changes found
