
[#|2011-04-22T11:13:38.230+0200|SEVERE|sun-appserver2.1|javax.enterprise.system.container.web|_ThreadID=42;_ThreadName=Handling POST /ic/slicing/logrotationdays/sliceconfigSubmit : httpSSLWorkerThread-8080-0;_RequestID=b39080bd-e432-444d-a30a-b7e5d4b568ac;|WebModule[/ic]Error while serving http://ic.mipih.fr:8080/ic/slicing/logrotationdays/sliceconfigSubmit
java.lang.reflect.InvocationTargetException
	at sun.reflect.NativeMethodAccessorImpl.invoke0(Native Method)
	at sun.reflect.NativeMethodAccessorImpl.invoke(NativeMethodAccessorImpl.java:79)
	at sun.reflect.DelegatingMethodAccessorImpl.invoke(DelegatingMethodAccessorImpl.java:43)
	at java.lang.reflect.Method.invoke(Method.java:618)
	at org.kohsuke.stapler.Function$InstanceFunction.invoke(Function.java:282)
	at org.kohsuke.stapler.Function.bindAndInvoke(Function.java:149)
	at org.kohsuke.stapler.Function.bindAndInvokeAndServeResponse(Function.java:88)
	at org.kohsuke.stapler.MetaClass$1.doDispatch(MetaClass.java:103)
	at org.kohsuke.stapler.NameBasedDispatcher.dispatch(NameBasedDispatcher.java:53)
	at org.kohsuke.stapler.Stapler.tryInvoke(Stapler.java:561)
	at org.kohsuke.stapler.Stapler.invoke(Stapler.java:646)
	at org.kohsuke.stapler.MetaClass$12.dispatch(MetaClass.java:373)
	at org.kohsuke.stapler.Stapler.tryInvoke(Stapler.java:561)
	at org.kohsuke.stapler.Stapler.invoke(Stapler.java:646)
	at org.kohsuke.stapler.MetaClass$12.dispatch(MetaClass.java:373)
	at org.kohsuke.stapler.Stapler.tryInvoke(Stapler.java:561)
	at org.kohsuke.stapler.Stapler.invoke(Stapler.java:646)
	at org.kohsuke.stapler.Stapler.invoke(Stapler.java:477)
	at org.kohsuke.stapler.Stapler.service(Stapler.java:159)
	at javax.servlet.http.HttpServlet.service(HttpServlet.java:847)
	at org.apache.catalina.core.ApplicationFilterChain.servletService(ApplicationFilterChain.java:427)
	at org.apache.catalina.core.ApplicationFilterChain.internalDoFilter(ApplicationFilterChain.java:333)
	at org.apache.catalina.core.ApplicationFilterChain.doFilter(ApplicationFilterChain.java:214)
	at hudson.util.PluginServletFilter$1.doFilter(PluginServletFilter.java:94)
	at hudson.plugins.audit_trail.AuditTrailFilter.doFilter(AuditTrailFilter.java:65)
	at hudson.util.PluginServletFilter$1.doFilter(PluginServletFilter.java:97)
	at hudson.plugins.greenballs.GreenBallFilter.doFilter(GreenBallFilter.java:52)
	at hudson.util.PluginServletFilter$1.doFilter(PluginServletFilter.java:97)
	at hudson.util.PluginServletFilter.doFilter(PluginServletFilter.java:86)
	at org.apache.catalina.core.ApplicationFilterChain.internalDoFilter(ApplicationFilterChain.java:246)
	at org.apache.catalina.core.ApplicationFilterChain.doFilter(ApplicationFilterChain.java:214)
	at hudson.security.csrf.CrumbFilter.doFilter(CrumbFilter.java:47)
	at org.apache.catalina.core.ApplicationFilterChain.internalDoFilter(ApplicationFilterChain.java:246)
	at org.apache.catalina.core.ApplicationFilterChain.doFilter(ApplicationFilterChain.java:214)
	at hudson.security.ChainedServletFilter$1.doFilter(ChainedServletFilter.java:84)
	at hudson.security.UnwrapSecurityExceptionFilter.doFilter(UnwrapSecurityExceptionFilter.java:51)
	at hudson.security.ChainedServletFilter$1.doFilter(ChainedServletFilter.java:87)
	at org.acegisecurity.ui.ExceptionTranslationFilter.doFilter(ExceptionTranslationFilter.java:166)
	at hudson.security.ChainedServletFilter$1.doFilter(ChainedServletFilter.java:87)
	at org.acegisecurity.providers.anonymous.AnonymousProcessingFilter.doFilter(AnonymousProcessingFilter.java:125)
	at hudson.security.ChainedServletFilter$1.doFilter(ChainedServletFilter.java:87)
	at org.acegisecurity.ui.rememberme.RememberMeProcessingFilter.doFilter(RememberMeProcessingFilter.java:142)
	at hudson.security.ChainedServletFilter$1.doFilter(ChainedServletFilter.java:87)
	at org.acegisecurity.ui.AbstractProcessingFilter.doFilter(AbstractProcessingFilter.java:271)
	at hudson.security.ChainedServletFilter$1.doFilter(ChainedServletFilter.java:87)
	at org.acegisecurity.ui.basicauth.BasicProcessingFilter.doFilter(BasicProcessingFilter.java:173)
	at hudson.security.ChainedServletFilter$1.doFilter(ChainedServletFilter.java:87)
	at org.acegisecurity.context.HttpSessionContextIntegrationFilter.doFilter(HttpSessionContextIntegrationFilter.java:249)
	at hudson.security.HttpSessionContextIntegrationFilter2.doFilter(HttpSessionContextIntegrationFilter2.java:66)
	at hudson.security.ChainedServletFilter$1.doFilter(ChainedServletFilter.java:87)
	at hudson.security.ChainedServletFilter.doFilter(ChainedServletFilter.java:76)
	at hudson.security.HudsonFilter.doFilter(HudsonFilter.java:164)
	at org.apache.catalina.core.ApplicationFilterChain.internalDoFilter(ApplicationFilterChain.java:246)
	at org.apache.catalina.core.ApplicationFilterChain.doFilter(ApplicationFilterChain.java:214)
	at hudson.util.CharacterEncodingFilter.doFilter(CharacterEncodingFilter.java:81)
	at org.apache.catalina.core.ApplicationFilterChain.internalDoFilter(ApplicationFilterChain.java:246)
	at org.apache.catalina.core.ApplicationFilterChain.doFilter(ApplicationFilterChain.java:214)
	at org.apache.catalina.core.StandardWrapperValve.invoke(StandardWrapperValve.java:313)
	at org.apache.catalina.core.StandardContextValve.invokeInternal(StandardContextValve.java:287)
	at org.apache.catalina.core.StandardContextValve.invoke(StandardContextValve.java:218)
	at org.apache.catalina.core.StandardPipeline.doInvoke(StandardPipeline.java:648)
	at org.apache.catalina.core.StandardPipeline.doInvoke(StandardPipeline.java:593)
	at com.sun.enterprise.web.WebPipeline.invoke(WebPipeline.java:94)
	at com.sun.enterprise.web.PESessionLockingStandardPipeline.invoke(PESessionLockingStandardPipeline.java:98)
	at org.apache.catalina.core.StandardHostValve.invoke(StandardHostValve.java:222)
	at org.apache.catalina.core.StandardPipeline.doInvoke(StandardPipeline.java:648)
	at org.apache.catalina.core.StandardPipeline.doInvoke(StandardPipeline.java:593)
	at org.apache.catalina.core.StandardPipeline.invoke(StandardPipeline.java:587)
	at org.apache.catalina.core.ContainerBase.invoke(ContainerBase.java:1096)
	at org.apache.catalina.core.StandardEngineValve.invoke(StandardEngineValve.java:166)
	at org.apache.catalina.core.StandardPipeline.doInvoke(StandardPipeline.java:648)
	at org.apache.catalina.core.StandardPipeline.doInvoke(StandardPipeline.java:593)
	at org.apache.catalina.core.StandardPipeline.invoke(StandardPipeline.java:587)
	at org.apache.catalina.core.ContainerBase.invoke(ContainerBase.java:1096)
	at org.apache.coyote.tomcat5.CoyoteAdapter.service(CoyoteAdapter.java:288)
	at com.sun.enterprise.web.connector.grizzly.DefaultProcessorTask.invokeAdapter(DefaultProcessorTask.java:647)
	at com.sun.enterprise.web.connector.grizzly.DefaultProcessorTask.doProcess(DefaultProcessorTask.java:579)
	at com.sun.enterprise.web.connector.grizzly.DefaultProcessorTask.process(DefaultProcessorTask.java:831)
	at com.sun.enterprise.web.connector.grizzly.DefaultReadTask.executeProcessorTask(DefaultReadTask.java:341)
	at com.sun.enterprise.web.connector.grizzly.DefaultReadTask.doTask(DefaultReadTask.java:263)
	at com.sun.enterprise.web.connector.grizzly.DefaultReadTask.doTask(DefaultReadTask.java:214)
	at com.sun.enterprise.web.connector.grizzly.TaskBase.run(TaskBase.java:265)
	at com.sun.enterprise.web.connector.grizzly.ssl.SSLWorkerThread.run(SSLWorkerThread.java:106)
Caused by: java.lang.NullPointerException
	at configurationslicing.logrotator.LogRotationSlicer$LogRotationDaysSliceSpec.setValues(LogRotationSlicer.java:71)
	at configurationslicing.logrotator.LogRotationSlicer$LogRotationDaysSliceSpec.setValues(LogRotationSlicer.java:32)
	at configurationslicing.UnorderedStringSlicer.transform(UnorderedStringSlicer.java:33)
	at configurationslicing.UnorderedStringSlicer.transform(UnorderedStringSlicer.java:8)
	at configurationslicing.ConfigurationSlicing$SliceExecutor.transform(ConfigurationSlicing.java:84)
	at configurationslicing.ConfigurationSlicing$SliceExecutor.doSliceconfigSubmit(ConfigurationSlicing.java:109)
	... 83 more
|#]

[#|2011-04-22T11:13:38.567+0200|SEVERE|sun-appserver2.1|javax.enterprise.system.container.web|_ThreadID=42;_ThreadName=httpSSLWorkerThread-8080-0;_RequestID=b39080bd-e432-444d-a30a-b7e5d4b568ac;|StandardWrapperValve[Stapler]: PWC1406: Servlet.service() for servlet Stapler threw exception
java.lang.NullPointerException
	at configurationslicing.logrotator.LogRotationSlicer$LogRotationDaysSliceSpec.setValues(LogRotationSlicer.java:71)
	at configurationslicing.logrotator.LogRotationSlicer$LogRotationDaysSliceSpec.setValues(LogRotationSlicer.java:32)
	at configurationslicing.UnorderedStringSlicer.transform(UnorderedStringSlicer.java:33)
	at configurationslicing.UnorderedStringSlicer.transform(UnorderedStringSlicer.java:8)
	at configurationslicing.ConfigurationSlicing$SliceExecutor.transform(ConfigurationSlicing.java:84)
	at configurationslicing.ConfigurationSlicing$SliceExecutor.doSliceconfigSubmit(ConfigurationSlicing.java:109)
	at sun.reflect.NativeMethodAccessorImpl.invoke0(Native Method)
	at sun.reflect.NativeMethodAccessorImpl.invoke(NativeMethodAccessorImpl.java:79)
	at sun.reflect.DelegatingMethodAccessorImpl.invoke(DelegatingMethodAccessorImpl.java:43)
	at java.lang.reflect.Method.invoke(Method.java:618)
	at org.kohsuke.stapler.Function$InstanceFunction.invoke(Function.java:282)
	at org.kohsuke.stapler.Function.bindAndInvoke(Function.java:149)
	at org.kohsuke.stapler.Function.bindAndInvokeAndServeResponse(Function.java:88)
	at org.kohsuke.stapler.MetaClass$1.doDispatch(MetaClass.java:103)
	at org.kohsuke.stapler.NameBasedDispatcher.dispatch(NameBasedDispatcher.java:53)
	at org.kohsuke.stapler.Stapler.tryInvoke(Stapler.java:561)
	at org.kohsuke.stapler.Stapler.invoke(Stapler.java:646)
	at org.kohsuke.stapler.MetaClass$12.dispatch(MetaClass.java:373)
	at org.kohsuke.stapler.Stapler.tryInvoke(Stapler.java:561)
	at org.kohsuke.stapler.Stapler.invoke(Stapler.java:646)
	at org.kohsuke.stapler.MetaClass$12.dispatch(MetaClass.java:373)
	at org.kohsuke.stapler.Stapler.tryInvoke(Stapler.java:561)
	at org.kohsuke.stapler.Stapler.invoke(Stapler.java:646)
	at org.kohsuke.stapler.Stapler.invoke(Stapler.java:477)
	at org.kohsuke.stapler.Stapler.service(Stapler.java:159)
	at javax.servlet.http.HttpServlet.service(HttpServlet.java:847)
	at org.apache.catalina.core.ApplicationFilterChain.servletService(ApplicationFilterChain.java:427)
	at org.apache.catalina.core.ApplicationFilterChain.internalDoFilter(ApplicationFilterChain.java:333)
	at org.apache.catalina.core.ApplicationFilterChain.doFilter(ApplicationFilterChain.java:214)
	at hudson.util.PluginServletFilter$1.doFilter(PluginServletFilter.java:94)
	at hudson.plugins.audit_trail.AuditTrailFilter.doFilter(AuditTrailFilter.java:65)
	at hudson.util.PluginServletFilter$1.doFilter(PluginServletFilter.java:97)
	at hudson.plugins.greenballs.GreenBallFilter.doFilter(GreenBallFilter.java:52)
	at hudson.util.PluginServletFilter$1.doFilter(PluginServletFilter.java:97)
	at hudson.util.PluginServletFilter.doFilter(PluginServletFilter.java:86)
	at org.apache.catalina.core.ApplicationFilterChain.internalDoFilter(ApplicationFilterChain.java:246)
	at org.apache.catalina.core.ApplicationFilterChain.doFilter(ApplicationFilterChain.java:214)
	at hudson.security.csrf.CrumbFilter.doFilter(CrumbFilter.java:47)
	at org.apache.catalina.core.ApplicationFilterChain.internalDoFilter(ApplicationFilterChain.java:246)
	at org.apache.catalina.core.ApplicationFilterChain.doFilter(ApplicationFilterChain.java:214)
	at hudson.security.ChainedServletFilter$1.doFilter(ChainedServletFilter.java:84)
	at hudson.security.UnwrapSecurityExceptionFilter.doFilter(UnwrapSecurityExceptionFilter.java:51)
	at hudson.security.ChainedServletFilter$1.doFilter(ChainedServletFilter.java:87)
	at org.acegisecurity.ui.ExceptionTranslationFilter.doFilter(ExceptionTranslationFilter.java:166)
	at hudson.security.ChainedServletFilter$1.doFilter(ChainedServletFilter.java:87)
	at org.acegisecurity.providers.anonymous.AnonymousProcessingFilter.doFilter(AnonymousProcessingFilter.java:125)
	at hudson.security.ChainedServletFilter$1.doFilter(ChainedServletFilter.java:87)
	at org.acegisecurity.ui.rememberme.RememberMeProcessingFilter.doFilter(RememberMeProcessingFilter.java:142)
	at hudson.security.ChainedServletFilter$1.doFilter(ChainedServletFilter.java:87)
	at org.acegisecurity.ui.AbstractProcessingFilter.doFilter(AbstractProcessingFilter.java:271)
	at hudson.security.ChainedServletFilter$1.doFilter(ChainedServletFilter.java:87)
	at org.acegisecurity.ui.basicauth.BasicProcessingFilter.doFilter(BasicProcessingFilter.java:173)
	at hudson.security.ChainedServletFilter$1.doFilter(ChainedServletFilter.java:87)
	at org.acegisecurity.context.HttpSessionContextIntegrationFilter.doFilter(HttpSessionContextIntegrationFilter.java:249)
	at hudson.security.HttpSessionContextIntegrationFilter2.doFilter(HttpSessionContextIntegrationFilter2.java:66)
	at hudson.security.ChainedServletFilter$1.doFilter(ChainedServletFilter.java:87)
	at hudson.security.ChainedServletFilter.doFilter(ChainedServletFilter.java:76)
	at hudson.security.HudsonFilter.doFilter(HudsonFilter.java:164)
	at org.apache.catalina.core.ApplicationFilterChain.internalDoFilter(ApplicationFilterChain.java:246)
	at org.apache.catalina.core.ApplicationFilterChain.doFilter(ApplicationFilterChain.java:214)
	at hudson.util.CharacterEncodingFilter.doFilter(CharacterEncodingFilter.java:81)
	at org.apache.catalina.core.ApplicationFilterChain.internalDoFilter(ApplicationFilterChain.java:246)
	at org.apache.catalina.core.ApplicationFilterChain.doFilter(ApplicationFilterChain.java:214)
	at org.apache.catalina.core.StandardWrapperValve.invoke(StandardWrapperValve.java:313)
	at org.apache.catalina.core.StandardContextValve.invokeInternal(StandardContextValve.java:287)
	at org.apache.catalina.core.StandardContextValve.invoke(StandardContextValve.java:218)
	at org.apache.catalina.core.StandardPipeline.doInvoke(StandardPipeline.java:648)
	at org.apache.catalina.core.StandardPipeline.doInvoke(StandardPipeline.java:593)
	at com.sun.enterprise.web.WebPipeline.invoke(WebPipeline.java:94)
	at com.sun.enterprise.web.PESessionLockingStandardPipeline.invoke(PESessionLockingStandardPipeline.java:98)
	at org.apache.catalina.core.StandardHostValve.invoke(StandardHostValve.java:222)
	at org.apache.catalina.core.StandardPipeline.doInvoke(StandardPipeline.java:648)
	at org.apache.catalina.core.StandardPipeline.doInvoke(StandardPipeline.java:593)
	at org.apache.catalina.core.StandardPipeline.invoke(StandardPipeline.java:587)
	at org.apache.catalina.core.ContainerBase.invoke(ContainerBase.java:1096)
	at org.apache.catalina.core.StandardEngineValve.invoke(StandardEngineValve.java:166)
	at org.apache.catalina.core.StandardPipeline.doInvoke(StandardPipeline.java:648)
	at org.apache.catalina.core.StandardPipeline.doInvoke(StandardPipeline.java:593)
	at org.apache.catalina.core.StandardPipeline.invoke(StandardPipeline.java:587)
	at org.apache.catalina.core.ContainerBase.invoke(ContainerBase.java:1096)
	at org.apache.coyote.tomcat5.CoyoteAdapter.service(CoyoteAdapter.java:288)
	at com.sun.enterprise.web.connector.grizzly.DefaultProcessorTask.invokeAdapter(DefaultProcessorTask.java:647)
	at com.sun.enterprise.web.connector.grizzly.DefaultProcessorTask.doProcess(DefaultProcessorTask.java:579)
	at com.sun.enterprise.web.connector.grizzly.DefaultProcessorTask.process(DefaultProcessorTask.java:831)
	at com.sun.enterprise.web.connector.grizzly.DefaultReadTask.executeProcessorTask(DefaultReadTask.java:341)
	at com.sun.enterprise.web.connector.grizzly.DefaultReadTask.doTask(DefaultReadTask.java:263)
	at com.sun.enterprise.web.connector.grizzly.DefaultReadTask.doTask(DefaultReadTask.java:214)
	at com.sun.enterprise.web.connector.grizzly.TaskBase.run(TaskBase.java:265)
	at com.sun.enterprise.web.connector.grizzly.ssl.SSLWorkerThread.run(SSLWorkerThread.java:106)
|#]

[#|2011-04-22T11:16:34.802+0200|CONFIG|sun-appserver2.1|hudson.plugins.audit_trail.AuditTrailPlugin$AuditTrailRunListener|_ThreadID=6487;_ThreadName=Executor #1 for maître : executing Exigences #96;|job/Exigences/ #96 L'échéance dune alarme périodique a provoqué le lancement de ce job|#]

[#|2011-04-22T11:17:06.737+0200|INFO|sun-appserver2.1|javax.enterprise.system.stream.out|_ThreadID=6487;_ThreadName=Executor #1 for maître : executing Exigences #96;|
[DEBUG] Using manager EnhancedLocalRepositoryManager with priority 10 for /ic/.m2/repositories/Exigences/repository|#]

[#|2011-04-22T11:17:06.767+0200|INFO|sun-appserver2.1|javax.enterprise.system.stream.out|_ThreadID=6487;_ThreadName=Executor #1 for maître : executing Exigences #96;|
[DEBUG] Using manager EnhancedLocalRepositoryManager with priority 10 for /ic/.m2/repositories/Exigences/repository|#]

[#|2011-04-22T11:17:08.929+0200|INFO|sun-appserver2.1|javax.enterprise.system.stream.out|_ThreadID=6487;_ThreadName=Executor #1 for maître : executing Exigences #96;|
[DEBUG] Using manager EnhancedLocalRepositoryManager with priority 10 for /ic/.m2/repositories/Exigences/repository|#]

[#|2011-04-22T11:17:12.011+0200|INFO|sun-appserver2.1|javax.enterprise.system.stream.out|_ThreadID=6487;_ThreadName=Executor #1 for maître : executing Exigences #96;|
[DEBUG] Using manager EnhancedLocalRepositoryManager with priority 10 for /ic/.m2/repositories/Exigences/repository|#]

[#|2011-04-22T11:20:28.268+0200|INFO|sun-appserver2.1|hudson.model.Run|_ThreadID=6487;_ThreadName=Executor #1 for maître : executing Exigences #96;|Exigences #96 main build action completed: SUCCESS|#]

[#|2011-04-22T11:21:04.722+0200|SEVERE|sun-appserver2.1|javax.enterprise.system.container.web|_ThreadID=67;_ThreadName=Handling POST /ic/slicing/logrotationbuilds/sliceconfigSubmit : httpSSLWorkerThread-8080-3;_RequestID=0bf55b08-19de-46f4-800a-e437b055b92d;|WebModule[/ic]Error while serving http://ic.mipih.fr:8080/ic/slicing/logrotationbuilds/sliceconfigSubmit
java.lang.reflect.InvocationTargetException
	at sun.reflect.NativeMethodAccessorImpl.invoke0(Native Method)
	at sun.reflect.NativeMethodAccessorImpl.invoke(NativeMethodAccessorImpl.java:79)
	at sun.reflect.DelegatingMethodAccessorImpl.invoke(DelegatingMethodAccessorImpl.java:43)
	at java.lang.reflect.Method.invoke(Method.java:618)
	at org.kohsuke.stapler.Function$InstanceFunction.invoke(Function.java:282)
	at org.kohsuke.stapler.Function.bindAndInvoke(Function.java:149)
	at org.kohsuke.stapler.Function.bindAndInvokeAndServeResponse(Function.java:88)
	at org.kohsuke.stapler.MetaClass$1.doDispatch(MetaClass.java:103)
	at org.kohsuke.stapler.NameBasedDispatcher.dispatch(NameBasedDispatcher.java:53)
	at org.kohsuke.stapler.Stapler.tryInvoke(Stapler.java:561)
	at org.kohsuke.stapler.Stapler.invoke(Stapler.java:646)
	at org.kohsuke.stapler.MetaClass$12.dispatch(MetaClass.java:373)
	at org.kohsuke.stapler.Stapler.tryInvoke(Stapler.java:561)
	at org.kohsuke.stapler.Stapler.invoke(Stapler.java:646)
	at org.kohsuke.stapler.MetaClass$12.dispatch(MetaClass.java:373)
	at org.kohsuke.stapler.Stapler.tryInvoke(Stapler.java:561)
	at org.kohsuke.stapler.Stapler.invoke(Stapler.java:646)
	at org.kohsuke.stapler.Stapler.invoke(Stapler.java:477)
	at org.kohsuke.stapler.Stapler.service(Stapler.java:159)
	at javax.servlet.http.HttpServlet.service(HttpServlet.java:847)
	at org.apache.catalina.core.ApplicationFilterChain.servletService(ApplicationFilterChain.java:427)
	at org.apache.catalina.core.ApplicationFilterChain.internalDoFilter(ApplicationFilterChain.java:333)
	at org.apache.catalina.core.ApplicationFilterChain.doFilter(ApplicationFilterChain.java:214)
	at hudson.util.PluginServletFilter$1.doFilter(PluginServletFilter.java:94)
	at hudson.plugins.audit_trail.AuditTrailFilter.doFilter(AuditTrailFilter.java:65)
	at hudson.util.PluginServletFilter$1.doFilter(PluginServletFilter.java:97)
	at hudson.plugins.greenballs.GreenBallFilter.doFilter(GreenBallFilter.java:52)
	at hudson.util.PluginServletFilter$1.doFilter(PluginServletFilter.java:97)
	at hudson.util.PluginServletFilter.doFilter(PluginServletFilter.java:86)
	at org.apache.catalina.core.ApplicationFilterChain.internalDoFilter(ApplicationFilterChain.java:246)
	at org.apache.catalina.core.ApplicationFilterChain.doFilter(ApplicationFilterChain.java:214)
	at hudson.security.csrf.CrumbFilter.doFilter(CrumbFilter.java:47)
	at org.apache.catalina.core.ApplicationFilterChain.internalDoFilter(ApplicationFilterChain.java:246)
	at org.apache.catalina.core.ApplicationFilterChain.doFilter(ApplicationFilterChain.java:214)
	at hudson.security.ChainedServletFilter$1.doFilter(ChainedServletFilter.java:84)
	at hudson.security.UnwrapSecurityExceptionFilter.doFilter(UnwrapSecurityExceptionFilter.java:51)
	at hudson.security.ChainedServletFilter$1.doFilter(ChainedServletFilter.java:87)
	at org.acegisecurity.ui.ExceptionTranslationFilter.doFilter(ExceptionTranslationFilter.java:166)
	at hudson.security.ChainedServletFilter$1.doFilter(ChainedServletFilter.java:87)
	at org.acegisecurity.providers.anonymous.AnonymousProcessingFilter.doFilter(AnonymousProcessingFilter.java:125)
	at hudson.security.ChainedServletFilter$1.doFilter(ChainedServletFilter.java:87)
	at org.acegisecurity.ui.rememberme.RememberMeProcessingFilter.doFilter(RememberMeProcessingFilter.java:142)
	at hudson.security.ChainedServletFilter$1.doFilter(ChainedServletFilter.java:87)
	at org.acegisecurity.ui.AbstractProcessingFilter.doFilter(AbstractProcessingFilter.java:271)
	at hudson.security.ChainedServletFilter$1.doFilter(ChainedServletFilter.java:87)
	at org.acegisecurity.ui.basicauth.BasicProcessingFilter.doFilter(BasicProcessingFilter.java:173)
	at hudson.security.ChainedServletFilter$1.doFilter(ChainedServletFilter.java:87)
	at org.acegisecurity.context.HttpSessionContextIntegrationFilter.doFilter(HttpSessionContextIntegrationFilter.java:249)
	at hudson.security.HttpSessionContextIntegrationFilter2.doFilter(HttpSessionContextIntegrationFilter2.java:66)
	at hudson.security.ChainedServletFilter$1.doFilter(ChainedServletFilter.java:87)
	at hudson.security.ChainedServletFilter.doFilter(ChainedServletFilter.java:76)
	at hudson.security.HudsonFilter.doFilter(HudsonFilter.java:164)
	at org.apache.catalina.core.ApplicationFilterChain.internalDoFilter(ApplicationFilterChain.java:246)
	at org.apache.catalina.core.ApplicationFilterChain.doFilter(ApplicationFilterChain.java:214)
	at hudson.util.CharacterEncodingFilter.doFilter(CharacterEncodingFilter.java:81)
	at org.apache.catalina.core.ApplicationFilterChain.internalDoFilter(ApplicationFilterChain.java:246)
	at org.apache.catalina.core.ApplicationFilterChain.doFilter(ApplicationFilterChain.java:214)
	at org.apache.catalina.core.StandardWrapperValve.invoke(StandardWrapperValve.java:313)
	at org.apache.catalina.core.StandardContextValve.invokeInternal(StandardContextValve.java:287)
	at org.apache.catalina.core.StandardContextValve.invoke(StandardContextValve.java:218)
	at org.apache.catalina.core.StandardPipeline.doInvoke(StandardPipeline.java:648)
	at org.apache.catalina.core.StandardPipeline.doInvoke(StandardPipeline.java:593)
	at com.sun.enterprise.web.WebPipeline.invoke(WebPipeline.java:94)
	at com.sun.enterprise.web.PESessionLockingStandardPipeline.invoke(PESessionLockingStandardPipeline.java:98)
	at org.apache.catalina.core.StandardHostValve.invoke(StandardHostValve.java:222)
	at org.apache.catalina.core.StandardPipeline.doInvoke(StandardPipeline.java:648)
	at org.apache.catalina.core.StandardPipeline.doInvoke(StandardPipeline.java:593)
	at org.apache.catalina.core.StandardPipeline.invoke(StandardPipeline.java:587)
	at org.apache.catalina.core.ContainerBase.invoke(ContainerBase.java:1096)
	at org.apache.catalina.core.StandardEngineValve.invoke(StandardEngineValve.java:166)
	at org.apache.catalina.core.StandardPipeline.doInvoke(StandardPipeline.java:648)
	at org.apache.catalina.core.StandardPipeline.doInvoke(StandardPipeline.java:593)
	at org.apache.catalina.core.StandardPipeline.invoke(StandardPipeline.java:587)
	at org.apache.catalina.core.ContainerBase.invoke(ContainerBase.java:1096)
	at org.apache.coyote.tomcat5.CoyoteAdapter.service(CoyoteAdapter.java:288)
	at com.sun.enterprise.web.connector.grizzly.DefaultProcessorTask.invokeAdapter(DefaultProcessorTask.java:647)
	at com.sun.enterprise.web.connector.grizzly.DefaultProcessorTask.doProcess(DefaultProcessorTask.java:579)
	at com.sun.enterprise.web.connector.grizzly.DefaultProcessorTask.process(DefaultProcessorTask.java:831)
	at com.sun.enterprise.web.connector.grizzly.DefaultReadTask.executeProcessorTask(DefaultReadTask.java:341)
	at com.sun.enterprise.web.connector.grizzly.DefaultReadTask.doTask(DefaultReadTask.java:263)
	at com.sun.enterprise.web.connector.grizzly.DefaultReadTask.doTask(DefaultReadTask.java:214)
	at com.sun.enterprise.web.connector.grizzly.TaskBase.run(TaskBase.java:265)
	at com.sun.enterprise.web.connector.grizzly.ssl.SSLWorkerThread.run(SSLWorkerThread.java:106)
Caused by: java.lang.NullPointerException
	at configurationslicing.logrotator.LogRotationSlicer$LogRotationBuildsSliceSpec.setValues(LogRotationSlicer.java:145)
	at configurationslicing.logrotator.LogRotationSlicer$LogRotationBuildsSliceSpec.setValues(LogRotationSlicer.java:106)
	at configurationslicing.UnorderedStringSlicer.transform(UnorderedStringSlicer.java:33)
	at configurationslicing.UnorderedStringSlicer.transform(UnorderedStringSlicer.java:8)
	at configurationslicing.ConfigurationSlicing$SliceExecutor.transform(ConfigurationSlicing.java:84)
	at configurationslicing.ConfigurationSlicing$SliceExecutor.doSliceconfigSubmit(ConfigurationSlicing.java:109)
	... 83 more
|#]

[#|2011-04-22T11:21:04.904+0200|SEVERE|sun-appserver2.1|javax.enterprise.system.container.web|_ThreadID=67;_ThreadName=httpSSLWorkerThread-8080-3;_RequestID=0bf55b08-19de-46f4-800a-e437b055b92d;|StandardWrapperValve[Stapler]: PWC1406: Servlet.service() for servlet Stapler threw exception
java.lang.NullPointerException
	at configurationslicing.logrotator.LogRotationSlicer$LogRotationBuildsSliceSpec.setValues(LogRotationSlicer.java:145)
	at configurationslicing.logrotator.LogRotationSlicer$LogRotationBuildsSliceSpec.setValues(LogRotationSlicer.java:106)
	at configurationslicing.UnorderedStringSlicer.transform(UnorderedStringSlicer.java:33)
	at configurationslicing.UnorderedStringSlicer.transform(UnorderedStringSlicer.java:8)
	at configurationslicing.ConfigurationSlicing$SliceExecutor.transform(ConfigurationSlicing.java:84)
	at configurationslicing.ConfigurationSlicing$SliceExecutor.doSliceconfigSubmit(ConfigurationSlicing.java:109)
	at sun.reflect.NativeMethodAccessorImpl.invoke0(Native Method)
	at sun.reflect.NativeMethodAccessorImpl.invoke(NativeMethodAccessorImpl.java:79)
	at sun.reflect.DelegatingMethodAccessorImpl.invoke(DelegatingMethodAccessorImpl.java:43)
	at java.lang.reflect.Method.invoke(Method.java:618)
	at org.kohsuke.stapler.Function$InstanceFunction.invoke(Function.java:282)
	at org.kohsuke.stapler.Function.bindAndInvoke(Function.java:149)
	at org.kohsuke.stapler.Function.bindAndInvokeAndServeResponse(Function.java:88)
	at org.kohsuke.stapler.MetaClass$1.doDispatch(MetaClass.java:103)
	at org.kohsuke.stapler.NameBasedDispatcher.dispatch(NameBasedDispatcher.java:53)
	at org.kohsuke.stapler.Stapler.tryInvoke(Stapler.java:561)
	at org.kohsuke.stapler.Stapler.invoke(Stapler.java:646)
	at org.kohsuke.stapler.MetaClass$12.dispatch(MetaClass.java:373)
	at org.kohsuke.stapler.Stapler.tryInvoke(Stapler.java:561)
	at org.kohsuke.stapler.Stapler.invoke(Stapler.java:646)
	at org.kohsuke.stapler.MetaClass$12.dispatch(MetaClass.java:373)
	at org.kohsuke.stapler.Stapler.tryInvoke(Stapler.java:561)
	at org.kohsuke.stapler.Stapler.invoke(Stapler.java:646)
	at org.kohsuke.stapler.Stapler.invoke(Stapler.java:477)
	at org.kohsuke.stapler.Stapler.service(Stapler.java:159)
	at javax.servlet.http.HttpServlet.service(HttpServlet.java:847)
	at org.apache.catalina.core.ApplicationFilterChain.servletService(ApplicationFilterChain.java:427)
	at org.apache.catalina.core.ApplicationFilterChain.internalDoFilter(ApplicationFilterChain.java:333)
	at org.apache.catalina.core.ApplicationFilterChain.doFilter(ApplicationFilterChain.java:214)
	at hudson.util.PluginServletFilter$1.doFilter(PluginServletFilter.java:94)
	at hudson.plugins.audit_trail.AuditTrailFilter.doFilter(AuditTrailFilter.java:65)
	at hudson.util.PluginServletFilter$1.doFilter(PluginServletFilter.java:97)
	at hudson.plugins.greenballs.GreenBallFilter.doFilter(GreenBallFilter.java:52)
	at hudson.util.PluginServletFilter$1.doFilter(PluginServletFilter.java:97)
	at hudson.util.PluginServletFilter.doFilter(PluginServletFilter.java:86)
	at org.apache.catalina.core.ApplicationFilterChain.internalDoFilter(ApplicationFilterChain.java:246)
	at org.apache.catalina.core.ApplicationFilterChain.doFilter(ApplicationFilterChain.java:214)
	at hudson.security.csrf.CrumbFilter.doFilter(CrumbFilter.java:47)
	at org.apache.catalina.core.ApplicationFilterChain.internalDoFilter(ApplicationFilterChain.java:246)
	at org.apache.catalina.core.ApplicationFilterChain.doFilter(ApplicationFilterChain.java:214)
	at hudson.security.ChainedServletFilter$1.doFilter(ChainedServletFilter.java:84)
	at hudson.security.UnwrapSecurityExceptionFilter.doFilter(UnwrapSecurityExceptionFilter.java:51)
	at hudson.security.ChainedServletFilter$1.doFilter(ChainedServletFilter.java:87)
	at org.acegisecurity.ui.ExceptionTranslationFilter.doFilter(ExceptionTranslationFilter.java:166)
	at hudson.security.ChainedServletFilter$1.doFilter(ChainedServletFilter.java:87)
	at org.acegisecurity.providers.anonymous.AnonymousProcessingFilter.doFilter(AnonymousProcessingFilter.java:125)
	at hudson.security.ChainedServletFilter$1.doFilter(ChainedServletFilter.java:87)
	at org.acegisecurity.ui.rememberme.RememberMeProcessingFilter.doFilter(RememberMeProcessingFilter.java:142)
	at hudson.security.ChainedServletFilter$1.doFilter(ChainedServletFilter.java:87)
	at org.acegisecurity.ui.AbstractProcessingFilter.doFilter(AbstractProcessingFilter.java:271)
	at hudson.security.ChainedServletFilter$1.doFilter(ChainedServletFilter.java:87)
	at org.acegisecurity.ui.basicauth.BasicProcessingFilter.doFilter(BasicProcessingFilter.java:173)
	at hudson.security.ChainedServletFilter$1.doFilter(ChainedServletFilter.java:87)
	at org.acegisecurity.context.HttpSessionContextIntegrationFilter.doFilter(HttpSessionContextIntegrationFilter.java:249)
	at hudson.security.HttpSessionContextIntegrationFilter2.doFilter(HttpSessionContextIntegrationFilter2.java:66)
	at hudson.security.ChainedServletFilter$1.doFilter(ChainedServletFilter.java:87)
	at hudson.security.ChainedServletFilter.doFilter(ChainedServletFilter.java:76)
	at hudson.security.HudsonFilter.doFilter(HudsonFilter.java:164)
	at org.apache.catalina.core.ApplicationFilterChain.internalDoFilter(ApplicationFilterChain.java:246)
	at org.apache.catalina.core.ApplicationFilterChain.doFilter(ApplicationFilterChain.java:214)
	at hudson.util.CharacterEncodingFilter.doFilter(CharacterEncodingFilter.java:81)
	at org.apache.catalina.core.ApplicationFilterChain.internalDoFilter(ApplicationFilterChain.java:246)
	at org.apache.catalina.core.ApplicationFilterChain.doFilter(ApplicationFilterChain.java:214)
	at org.apache.catalina.core.StandardWrapperValve.invoke(StandardWrapperValve.java:313)
	at org.apache.catalina.core.StandardContextValve.invokeInternal(StandardContextValve.java:287)
	at org.apache.catalina.core.StandardContextValve.invoke(StandardContextValve.java:218)
	at org.apache.catalina.core.StandardPipeline.doInvoke(StandardPipeline.java:648)
	at org.apache.catalina.core.StandardPipeline.doInvoke(StandardPipeline.java:593)
	at com.sun.enterprise.web.WebPipeline.invoke(WebPipeline.java:94)
	at com.sun.enterprise.web.PESessionLockingStandardPipeline.invoke(PESessionLockingStandardPipeline.java:98)
	at org.apache.catalina.core.StandardHostValve.invoke(StandardHostValve.java:222)
	at org.apache.catalina.core.StandardPipeline.doInvoke(StandardPipeline.java:648)
	at org.apache.catalina.core.StandardPipeline.doInvoke(StandardPipeline.java:593)
	at org.apache.catalina.core.StandardPipeline.invoke(StandardPipeline.java:587)
	at org.apache.catalina.core.ContainerBase.invoke(ContainerBase.java:1096)
	at org.apache.catalina.core.StandardEngineValve.invoke(StandardEngineValve.java:166)
	at org.apache.catalina.core.StandardPipeline.doInvoke(StandardPipeline.java:648)
	at org.apache.catalina.core.StandardPipeline.doInvoke(StandardPipeline.java:593)
	at org.apache.catalina.core.StandardPipeline.invoke(StandardPipeline.java:587)
	at org.apache.catalina.core.ContainerBase.invoke(ContainerBase.java:1096)
	at org.apache.coyote.tomcat5.CoyoteAdapter.service(CoyoteAdapter.java:288)
	at com.sun.enterprise.web.connector.grizzly.DefaultProcessorTask.invokeAdapter(DefaultProcessorTask.java:647)
	at com.sun.enterprise.web.connector.grizzly.DefaultProcessorTask.doProcess(DefaultProcessorTask.java:579)
	at com.sun.enterprise.web.connector.grizzly.DefaultProcessorTask.process(DefaultProcessorTask.java:831)
	at com.sun.enterprise.web.connector.grizzly.DefaultReadTask.executeProcessorTask(DefaultReadTask.java:341)
	at com.sun.enterprise.web.connector.grizzly.DefaultReadTask.doTask(DefaultReadTask.java:263)
	at com.sun.enterprise.web.connector.grizzly.DefaultReadTask.doTask(DefaultReadTask.java:214)
	at com.sun.enterprise.web.connector.grizzly.TaskBase.run(TaskBase.java:265)
	at com.sun.enterprise.web.connector.grizzly.ssl.SSLWorkerThread.run(SSLWorkerThread.java:106)
|#]

