Started on May 18, 2016 12:09:00 PM
Polling SCM changes on master
P4: Polling on: master with:FmsDbPatches_P4Poll
(p4):cmd:... p4 client -o FmsDbPatches_P4Poll
p4 client -o FmsDbPatches_P4Poll

(p4):stop:5
(p4):cmd:... p4 info
p4 info

(p4):stop:6

P4 Task: establishing connection.
... server: source.cbord.com:1666
... node: fms-dev-build01
P4: Polling with cstat: //FmsDbPatches_P4Poll/...
(p4):cmd:... p4 cstat //FmsDbPatches_P4Poll/...
p4 cstat //FmsDbPatches_P4Poll/...

(p4):stop:7
(p4):cmd:... p4 change -o 530996
p4 change -o 530996

(p4):stop:8
(p4):cmd:... p4 describe -s 530996
p4 describe -s 530996

(p4):stop:9
... found change: 530996
(p4):cmd:... p4 change -o 534400
p4 change -o 534400

(p4):stop:10
(p4):cmd:... p4 describe -s 534400
p4 describe -s 534400

(p4):stop:11
... found change: 534400
(p4):cmd:... p4 change -o 534663
p4 change -o 534663

(p4):stop:12
(p4):cmd:... p4 describe -s 534663
p4 describe -s 534663

(p4):stop:13
... found change: 534663
(p4):cmd:... p4 change -o 538580
p4 change -o 538580

(p4):stop:14
(p4):cmd:... p4 describe -s 538580
p4 describe -s 538580

(p4):stop:15
... found change: 538580
(p4):cmd:... p4 change -o 572162
p4 change -o 572162

(p4):stop:16
(p4):cmd:... p4 describe -s 572162
p4 describe -s 572162

(p4):stop:17
... found change: 572162
(p4):cmd:... p4 change -o 575754
p4 change -o 575754

(p4):stop:18
(p4):cmd:... p4 describe -s 575754
p4 describe -s 575754

(p4):stop:19
... found change: 575754
(p4):cmd:... p4 change -o 585229
p4 change -o 585229

(p4):stop:20
(p4):cmd:... p4 describe -s 585229
p4 describe -s 585229

(p4):stop:21
... found change: 585229
(p4):cmd:... p4 change -o 589722
p4 change -o 589722

(p4):stop:22
(p4):cmd:... p4 describe -s 589722
p4 describe -s 589722

(p4):stop:23
... found change: 589722
(p4):cmd:... p4 change -o 589746
p4 change -o 589746

(p4):stop:24
(p4):cmd:... p4 describe -s 589746
p4 describe -s 589746

(p4):stop:25
... found change: 589746
(p4):cmd:... p4 change -o 589749
p4 change -o 589749

(p4):stop:26
(p4):cmd:... p4 describe -s 589749
p4 describe -s 589749

(p4):stop:27
... found change: 589749
(p4):cmd:... p4 change -o 589863
p4 change -o 589863

(p4):stop:28
(p4):cmd:... p4 describe -s 589863
p4 describe -s 589863

(p4):stop:29
... found change: 589863
(p4):cmd:... p4 change -o 591379
p4 change -o 591379

(p4):stop:30
(p4):cmd:... p4 describe -s 591379
p4 describe -s 591379

(p4):stop:31
... found change: 591379
(p4):cmd:... p4 change -o 593474
p4 change -o 593474

(p4):stop:32
(p4):cmd:... p4 describe -s 593474
p4 describe -s 593474

(p4):stop:33
... found change: 593474
(p4):cmd:... p4 change -o 593925
p4 change -o 593925

(p4):stop:34
(p4):cmd:... p4 describe -s 593925
p4 describe -s 593925

(p4):stop:35
... found change: 593925
(p4):cmd:... p4 change -o 593930
p4 change -o 593930

(p4):stop:36
(p4):cmd:... p4 describe -s 593930
p4 describe -s 593930

(p4):stop:37
... found change: 593930
(p4):cmd:... p4 change -o 594098
p4 change -o 594098

(p4):stop:38
(p4):cmd:... p4 describe -s 594098
p4 describe -s 594098

(p4):stop:39
... found change: 594098
(p4):cmd:... p4 change -o 595746
p4 change -o 595746

(p4):stop:40
(p4):cmd:... p4 describe -s 595746
p4 describe -s 595746

(p4):stop:41
... found change: 595746
(p4):cmd:... p4 change -o 596733
p4 change -o 596733

(p4):stop:42
(p4):cmd:... p4 describe -s 596733
p4 describe -s 596733

(p4):stop:43
... found change: 596733
(p4):cmd:... p4 change -o 596848
p4 change -o 596848

(p4):stop:44
(p4):cmd:... p4 describe -s 596848
p4 describe -s 596848

(p4):stop:45
... found change: 596848
(p4):cmd:... p4 change -o 597302
p4 change -o 597302

(p4):stop:46
(p4):cmd:... p4 describe -s 597302
p4 describe -s 597302

(p4):stop:47
... found change: 597302
(p4):cmd:... p4 change -o 598383
p4 change -o 598383

(p4):stop:48
(p4):cmd:... p4 describe -s 598383
p4 describe -s 598383

(p4):stop:49
... found change: 598383
(p4):cmd:... p4 change -o 598508
p4 change -o 598508

(p4):stop:50
(p4):cmd:... p4 describe -s 598508
p4 describe -s 598508

(p4):stop:51
... found change: 598508
(p4):cmd:... p4 change -o 598998
p4 change -o 598998

(p4):stop:52
(p4):cmd:... p4 describe -s 598998
p4 describe -s 598998

(p4):stop:53
... found change: 598998
(p4):cmd:... p4 change -o 599481
p4 change -o 599481

(p4):stop:54
(p4):cmd:... p4 describe -s 599481
p4 describe -s 599481

(p4):stop:55
... found change: 599481
(p4):cmd:... p4 change -o 600707
p4 change -o 600707

(p4):stop:56
(p4):cmd:... p4 describe -s 600707
p4 describe -s 600707

(p4):stop:57
... found change: 600707
(p4):cmd:... p4 change -o 602242
p4 change -o 602242

(p4):stop:58
(p4):cmd:... p4 describe -s 602242
p4 describe -s 602242

(p4):stop:59
... found change: 602242
(p4):cmd:... p4 change -o 602743
p4 change -o 602743

(p4):stop:60
(p4):cmd:... p4 describe -s 602743
p4 describe -s 602743

(p4):stop:61
... found change: 602743
(p4):cmd:... p4 change -o 603663
p4 change -o 603663

(p4):stop:62
(p4):cmd:... p4 describe -s 603663
p4 describe -s 603663

(p4):stop:63
... found change: 603663
(p4):cmd:... p4 change -o 603874
p4 change -o 603874

(p4):stop:64
(p4):cmd:... p4 describe -s 603874
p4 describe -s 603874

(p4):stop:65
... found change: 603874
(p4):cmd:... p4 change -o 604998
p4 change -o 604998

(p4):stop:66
(p4):cmd:... p4 describe -s 604998
p4 describe -s 604998

(p4):stop:67
... found change: 604998
Done. Took 0.71 sec
Changes found
