2020-06-15 16:34:49
Full thread dump OpenJDK 64-Bit Server VM (25.242-b08 mixed mode):

"Attach Listener" #50 daemon prio=9 os_prio=0 tid=0x00007f1284001000 nid=0x9af waiting on condition [0x0000000000000000]
   java.lang.Thread.State: RUNNABLE

   Locked ownable synchronizers:
	- None

"mesos-offer-processor-5d280dcb-5ded-447e-a0fd-2ee94867d073-0070" #49 prio=5 os_prio=0 tid=0x00007f11b0059800 nid=0x9a4 waiting on condition [0x00007f11c4222000]
   java.lang.Thread.State: TIMED_WAITING (parking)
	at sun.misc.Unsafe.park(Native Method)
	- parking to wait for  <0x000000062d6e0bd8> (a java.util.concurrent.locks.AbstractQueuedSynchronizer$ConditionObject)
	at java.util.concurrent.locks.LockSupport.parkNanos(LockSupport.java:215)
	at java.util.concurrent.locks.AbstractQueuedSynchronizer$ConditionObject.awaitNanos(AbstractQueuedSynchronizer.java:2078)
	at java.util.concurrent.LinkedBlockingQueue.poll(LinkedBlockingQueue.java:467)
	at org.jenkinsci.plugins.mesos.OfferQueue.takeAll(OfferQueue.java:50)
	at org.jenkinsci.plugins.mesos.OfferQueue.takeAll(OfferQueue.java:69)
	at org.jenkinsci.plugins.mesos.JenkinsScheduler.processOffers(JenkinsScheduler.java:337)
	at org.jenkinsci.plugins.mesos.JenkinsScheduler.access$500(JenkinsScheduler.java:56)
	at org.jenkinsci.plugins.mesos.JenkinsScheduler$2.run(JenkinsScheduler.java:473)
	at java.lang.Thread.run(Thread.java:748)

   Locked ownable synchronizers:
	- None

"mesos-framework-thread" #46 daemon prio=5 os_prio=0 tid=0x00007f1230eda000 nid=0x9a1 runnable [0x00007f121814b000]
   java.lang.Thread.State: RUNNABLE
	at org.apache.mesos.MesosSchedulerDriver.join(Native Method)
	at org.apache.mesos.MesosSchedulerDriver.run(MesosSchedulerDriver.java:255)
	at org.jenkinsci.plugins.mesos.JenkinsScheduler$1.run(JenkinsScheduler.java:158)
	at java.lang.Thread.run(Thread.java:748)

   Locked ownable synchronizers:
	- None

"SubscriptionConfigQueue.start" #43 daemon prio=5 os_prio=0 tid=0x00007f122614c000 nid=0x96d waiting on condition [0x00007f12190a6000]
   java.lang.Thread.State: WAITING (parking)
	at sun.misc.Unsafe.park(Native Method)
	- parking to wait for  <0x000000062d6e1200> (a java.util.concurrent.locks.AbstractQueuedSynchronizer$ConditionObject)
	at java.util.concurrent.locks.LockSupport.park(LockSupport.java:175)
	at java.util.concurrent.locks.AbstractQueuedSynchronizer$ConditionObject.await(AbstractQueuedSynchronizer.java:2039)
	at java.util.concurrent.LinkedBlockingQueue.take(LinkedBlockingQueue.java:442)
	at org.jenkinsci.plugins.ssegateway.SubscriptionConfigQueue.lambda$start$0(SubscriptionConfigQueue.java:77)
	at org.jenkinsci.plugins.ssegateway.SubscriptionConfigQueue$$Lambda$163/2021986828.run(Unknown Source)
	at java.lang.Thread.run(Thread.java:748)

   Locked ownable synchronizers:
	- None

"EventHistoryStore.autoExpireTimer" #41 daemon prio=5 os_prio=0 tid=0x00007f1225b99000 nid=0x96c in Object.wait() [0x00007f12193a7000]
   java.lang.Thread.State: TIMED_WAITING (on object monitor)
	at java.lang.Object.wait(Native Method)
	at java.util.TimerThread.mainLoop(Timer.java:552)
	- locked <0x000000062d6e13f8> (a java.util.TaskQueue)
	at java.util.TimerThread.run(Timer.java:505)

   Locked ownable synchronizers:
	- None

"metrics-graphite-reporter-1-thread-1" #39 daemon prio=5 os_prio=0 tid=0x00007f1230a52800 nid=0x96a waiting on condition [0x00007f12196a8000]
   java.lang.Thread.State: TIMED_WAITING (parking)
	at sun.misc.Unsafe.park(Native Method)
	- parking to wait for  <0x000000062d6e15e0> (a java.util.concurrent.locks.AbstractQueuedSynchronizer$ConditionObject)
	at java.util.concurrent.locks.LockSupport.parkNanos(LockSupport.java:215)
	at java.util.concurrent.locks.AbstractQueuedSynchronizer$ConditionObject.awaitNanos(AbstractQueuedSynchronizer.java:2078)
	at java.util.concurrent.ScheduledThreadPoolExecutor$DelayedWorkQueue.take(ScheduledThreadPoolExecutor.java:1093)
	at java.util.concurrent.ScheduledThreadPoolExecutor$DelayedWorkQueue.take(ScheduledThreadPoolExecutor.java:809)
	at java.util.concurrent.ThreadPoolExecutor.getTask(ThreadPoolExecutor.java:1074)
	at java.util.concurrent.ThreadPoolExecutor.runWorker(ThreadPoolExecutor.java:1134)
	at java.util.concurrent.ThreadPoolExecutor$Worker.run(ThreadPoolExecutor.java:624)
	at java.lang.Thread.run(Thread.java:748)

   Locked ownable synchronizers:
	- None

"jenkins.util.Timer [#10]" #38 daemon prio=5 os_prio=0 tid=0x00007f1230115800 nid=0x963 waiting on condition [0x00007f1219fa9000]
   java.lang.Thread.State: TIMED_WAITING (parking)
	at sun.misc.Unsafe.park(Native Method)
	- parking to wait for  <0x00000005c3fba4b8> (a java.util.concurrent.locks.AbstractQueuedSynchronizer$ConditionObject)
	at java.util.concurrent.locks.LockSupport.parkNanos(LockSupport.java:215)
	at java.util.concurrent.locks.AbstractQueuedSynchronizer$ConditionObject.awaitNanos(AbstractQueuedSynchronizer.java:2078)
	at java.util.concurrent.ScheduledThreadPoolExecutor$DelayedWorkQueue.take(ScheduledThreadPoolExecutor.java:1093)
	at java.util.concurrent.ScheduledThreadPoolExecutor$DelayedWorkQueue.take(ScheduledThreadPoolExecutor.java:809)
	at java.util.concurrent.ThreadPoolExecutor.getTask(ThreadPoolExecutor.java:1074)
	at java.util.concurrent.ThreadPoolExecutor.runWorker(ThreadPoolExecutor.java:1134)
	at java.util.concurrent.ThreadPoolExecutor$Worker.run(ThreadPoolExecutor.java:624)
	at java.lang.Thread.run(Thread.java:748)

   Locked ownable synchronizers:
	- None

"jenkins.util.Timer [#9]" #37 daemon prio=5 os_prio=0 tid=0x00007f1230236800 nid=0x962 waiting on condition [0x00007f121a0aa000]
   java.lang.Thread.State: WAITING (parking)
	at sun.misc.Unsafe.park(Native Method)
	- parking to wait for  <0x00000005c3fba4b8> (a java.util.concurrent.locks.AbstractQueuedSynchronizer$ConditionObject)
	at java.util.concurrent.locks.LockSupport.park(LockSupport.java:175)
	at java.util.concurrent.locks.AbstractQueuedSynchronizer$ConditionObject.await(AbstractQueuedSynchronizer.java:2039)
	at java.util.concurrent.ScheduledThreadPoolExecutor$DelayedWorkQueue.take(ScheduledThreadPoolExecutor.java:1088)
	at java.util.concurrent.ScheduledThreadPoolExecutor$DelayedWorkQueue.take(ScheduledThreadPoolExecutor.java:809)
	at java.util.concurrent.ThreadPoolExecutor.getTask(ThreadPoolExecutor.java:1074)
	at java.util.concurrent.ThreadPoolExecutor.runWorker(ThreadPoolExecutor.java:1134)
	at java.util.concurrent.ThreadPoolExecutor$Worker.run(ThreadPoolExecutor.java:624)
	at java.lang.Thread.run(Thread.java:748)

   Locked ownable synchronizers:
	- None

"jenkins.util.Timer [#8]" #36 daemon prio=5 os_prio=0 tid=0x00007f1230343800 nid=0x961 waiting on condition [0x00007f121a1ab000]
   java.lang.Thread.State: WAITING (parking)
	at sun.misc.Unsafe.park(Native Method)
	- parking to wait for  <0x00000005c3fba4b8> (a java.util.concurrent.locks.AbstractQueuedSynchronizer$ConditionObject)
	at java.util.concurrent.locks.LockSupport.park(LockSupport.java:175)
	at java.util.concurrent.locks.AbstractQueuedSynchronizer$ConditionObject.await(AbstractQueuedSynchronizer.java:2039)
	at java.util.concurrent.ScheduledThreadPoolExecutor$DelayedWorkQueue.take(ScheduledThreadPoolExecutor.java:1088)
	at java.util.concurrent.ScheduledThreadPoolExecutor$DelayedWorkQueue.take(ScheduledThreadPoolExecutor.java:809)
	at java.util.concurrent.ThreadPoolExecutor.getTask(ThreadPoolExecutor.java:1074)
	at java.util.concurrent.ThreadPoolExecutor.runWorker(ThreadPoolExecutor.java:1134)
	at java.util.concurrent.ThreadPoolExecutor$Worker.run(ThreadPoolExecutor.java:624)
	at java.lang.Thread.run(Thread.java:748)

   Locked ownable synchronizers:
	- None

"jenkins.util.Timer [#7]" #35 daemon prio=5 os_prio=0 tid=0x00007f1230371800 nid=0x960 waiting on condition [0x00007f121a2ac000]
   java.lang.Thread.State: TIMED_WAITING (parking)
	at sun.misc.Unsafe.park(Native Method)
	- parking to wait for  <0x00000005c3fba4b8> (a java.util.concurrent.locks.AbstractQueuedSynchronizer$ConditionObject)
	at java.util.concurrent.locks.LockSupport.parkNanos(LockSupport.java:215)
	at java.util.concurrent.locks.AbstractQueuedSynchronizer$ConditionObject.awaitNanos(AbstractQueuedSynchronizer.java:2078)
	at java.util.concurrent.ScheduledThreadPoolExecutor$DelayedWorkQueue.take(ScheduledThreadPoolExecutor.java:1093)
	at java.util.concurrent.ScheduledThreadPoolExecutor$DelayedWorkQueue.take(ScheduledThreadPoolExecutor.java:809)
	at java.util.concurrent.ThreadPoolExecutor.getTask(ThreadPoolExecutor.java:1074)
	at java.util.concurrent.ThreadPoolExecutor.runWorker(ThreadPoolExecutor.java:1134)
	at java.util.concurrent.ThreadPoolExecutor$Worker.run(ThreadPoolExecutor.java:624)
	at java.lang.Thread.run(Thread.java:748)

   Locked ownable synchronizers:
	- None

"jenkins.util.Timer [#6]" #34 daemon prio=5 os_prio=0 tid=0x00007f123003a800 nid=0x95f waiting on condition [0x00007f121a3ad000]
   java.lang.Thread.State: WAITING (parking)
	at sun.misc.Unsafe.park(Native Method)
	- parking to wait for  <0x00000005c3fba4b8> (a java.util.concurrent.locks.AbstractQueuedSynchronizer$ConditionObject)
	at java.util.concurrent.locks.LockSupport.park(LockSupport.java:175)
	at java.util.concurrent.locks.AbstractQueuedSynchronizer$ConditionObject.await(AbstractQueuedSynchronizer.java:2039)
	at java.util.concurrent.ScheduledThreadPoolExecutor$DelayedWorkQueue.take(ScheduledThreadPoolExecutor.java:1088)
	at java.util.concurrent.ScheduledThreadPoolExecutor$DelayedWorkQueue.take(ScheduledThreadPoolExecutor.java:809)
	at java.util.concurrent.ThreadPoolExecutor.getTask(ThreadPoolExecutor.java:1074)
	at java.util.concurrent.ThreadPoolExecutor.runWorker(ThreadPoolExecutor.java:1134)
	at java.util.concurrent.ThreadPoolExecutor$Worker.run(ThreadPoolExecutor.java:624)
	at java.lang.Thread.run(Thread.java:748)

   Locked ownable synchronizers:
	- None

"jenkins.util.Timer [#5]" #33 daemon prio=5 os_prio=0 tid=0x00007f1230043800 nid=0x95e waiting on condition [0x00007f121a4ae000]
   java.lang.Thread.State: TIMED_WAITING (parking)
	at sun.misc.Unsafe.park(Native Method)
	- parking to wait for  <0x00000005c3fba4b8> (a java.util.concurrent.locks.AbstractQueuedSynchronizer$ConditionObject)
	at java.util.concurrent.locks.LockSupport.parkNanos(LockSupport.java:215)
	at java.util.concurrent.locks.AbstractQueuedSynchronizer$ConditionObject.awaitNanos(AbstractQueuedSynchronizer.java:2078)
	at java.util.concurrent.ScheduledThreadPoolExecutor$DelayedWorkQueue.take(ScheduledThreadPoolExecutor.java:1093)
	at java.util.concurrent.ScheduledThreadPoolExecutor$DelayedWorkQueue.take(ScheduledThreadPoolExecutor.java:809)
	at java.util.concurrent.ThreadPoolExecutor.getTask(ThreadPoolExecutor.java:1074)
	at java.util.concurrent.ThreadPoolExecutor.runWorker(ThreadPoolExecutor.java:1134)
	at java.util.concurrent.ThreadPoolExecutor$Worker.run(ThreadPoolExecutor.java:624)
	at java.lang.Thread.run(Thread.java:748)

   Locked ownable synchronizers:
	- None

"jenkins.util.Timer [#4]" #32 daemon prio=5 os_prio=0 tid=0x00007f1228001000 nid=0x95d waiting on condition [0x00007f121bffe000]
   java.lang.Thread.State: WAITING (parking)
	at sun.misc.Unsafe.park(Native Method)
	- parking to wait for  <0x00000005c3fba4b8> (a java.util.concurrent.locks.AbstractQueuedSynchronizer$ConditionObject)
	at java.util.concurrent.locks.LockSupport.park(LockSupport.java:175)
	at java.util.concurrent.locks.AbstractQueuedSynchronizer$ConditionObject.await(AbstractQueuedSynchronizer.java:2039)
	at java.util.concurrent.ScheduledThreadPoolExecutor$DelayedWorkQueue.take(ScheduledThreadPoolExecutor.java:1088)
	at java.util.concurrent.ScheduledThreadPoolExecutor$DelayedWorkQueue.take(ScheduledThreadPoolExecutor.java:809)
	at java.util.concurrent.ThreadPoolExecutor.getTask(ThreadPoolExecutor.java:1074)
	at java.util.concurrent.ThreadPoolExecutor.runWorker(ThreadPoolExecutor.java:1134)
	at java.util.concurrent.ThreadPoolExecutor$Worker.run(ThreadPoolExecutor.java:624)
	at java.lang.Thread.run(Thread.java:748)

   Locked ownable synchronizers:
	- None

"SyncQueueListener" #31 daemon prio=5 os_prio=0 tid=0x00007f12253b6800 nid=0x95c runnable [0x00007f123cd95000]
   java.lang.Thread.State: TIMED_WAITING (parking)
	at sun.misc.Unsafe.park(Native Method)
	- parking to wait for  <0x000000062d6e24b8> (a java.util.concurrent.locks.AbstractQueuedSynchronizer$ConditionObject)
	at java.util.concurrent.locks.LockSupport.parkNanos(LockSupport.java:215)
	at java.util.concurrent.locks.AbstractQueuedSynchronizer$ConditionObject.awaitNanos(AbstractQueuedSynchronizer.java:2078)
	at java.util.concurrent.LinkedBlockingQueue.poll(LinkedBlockingQueue.java:467)
	at org.jenkinsci.plugins.pubsub.listeners.SyncQueueListener.lambda$static$0(SyncQueueListener.java:91)
	at org.jenkinsci.plugins.pubsub.listeners.SyncQueueListener$$Lambda$101/2113790949.run(Unknown Source)
	at java.lang.Thread.run(Thread.java:748)

   Locked ownable synchronizers:
	- None

"jenkins.util.Timer [#3]" #30 daemon prio=5 os_prio=0 tid=0x00007f122c003000 nid=0x95b waiting on condition [0x00007f123d496000]
   java.lang.Thread.State: WAITING (parking)
	at sun.misc.Unsafe.park(Native Method)
	- parking to wait for  <0x00000005c3fba4b8> (a java.util.concurrent.locks.AbstractQueuedSynchronizer$ConditionObject)
	at java.util.concurrent.locks.LockSupport.park(LockSupport.java:175)
	at java.util.concurrent.locks.AbstractQueuedSynchronizer$ConditionObject.await(AbstractQueuedSynchronizer.java:2039)
	at java.util.concurrent.ScheduledThreadPoolExecutor$DelayedWorkQueue.take(ScheduledThreadPoolExecutor.java:1088)
	at java.util.concurrent.ScheduledThreadPoolExecutor$DelayedWorkQueue.take(ScheduledThreadPoolExecutor.java:809)
	at java.util.concurrent.ThreadPoolExecutor.getTask(ThreadPoolExecutor.java:1074)
	at java.util.concurrent.ThreadPoolExecutor.runWorker(ThreadPoolExecutor.java:1134)
	at java.util.concurrent.ThreadPoolExecutor$Worker.run(ThreadPoolExecutor.java:624)
	at java.lang.Thread.run(Thread.java:748)

   Locked ownable synchronizers:
	- None

"Connector-Scheduler-25df00a0-1" #29 prio=5 os_prio=0 tid=0x00007f1260005000 nid=0x95a waiting on condition [0x00007f123f6f9000]
   java.lang.Thread.State: TIMED_WAITING (parking)
	at sun.misc.Unsafe.park(Native Method)
	- parking to wait for  <0x00000005c3fba550> (a java.util.concurrent.locks.AbstractQueuedSynchronizer$ConditionObject)
	at java.util.concurrent.locks.LockSupport.parkNanos(LockSupport.java:215)
	at java.util.concurrent.locks.AbstractQueuedSynchronizer$ConditionObject.awaitNanos(AbstractQueuedSynchronizer.java:2078)
	at java.util.concurrent.ScheduledThreadPoolExecutor$DelayedWorkQueue.take(ScheduledThreadPoolExecutor.java:1093)
	at java.util.concurrent.ScheduledThreadPoolExecutor$DelayedWorkQueue.take(ScheduledThreadPoolExecutor.java:809)
	at java.util.concurrent.ThreadPoolExecutor.getTask(ThreadPoolExecutor.java:1074)
	at java.util.concurrent.ThreadPoolExecutor.runWorker(ThreadPoolExecutor.java:1134)
	at java.util.concurrent.ThreadPoolExecutor$Worker.run(ThreadPoolExecutor.java:624)
	at java.lang.Thread.run(Thread.java:748)

   Locked ownable synchronizers:
	- None

"jenkins.util.Timer [#2]" #28 daemon prio=5 os_prio=0 tid=0x00007f122c001800 nid=0x959 waiting on condition [0x00007f123f7fa000]
   java.lang.Thread.State: TIMED_WAITING (parking)
	at sun.misc.Unsafe.park(Native Method)
	- parking to wait for  <0x00000005c3fba4b8> (a java.util.concurrent.locks.AbstractQueuedSynchronizer$ConditionObject)
	at java.util.concurrent.locks.LockSupport.parkNanos(LockSupport.java:215)
	at java.util.concurrent.locks.AbstractQueuedSynchronizer$ConditionObject.awaitNanos(AbstractQueuedSynchronizer.java:2078)
	at java.util.concurrent.ScheduledThreadPoolExecutor$DelayedWorkQueue.take(ScheduledThreadPoolExecutor.java:1093)
	at java.util.concurrent.ScheduledThreadPoolExecutor$DelayedWorkQueue.take(ScheduledThreadPoolExecutor.java:809)
	at java.util.concurrent.ThreadPoolExecutor.getTask(ThreadPoolExecutor.java:1074)
	at java.util.concurrent.ThreadPoolExecutor.runWorker(ThreadPoolExecutor.java:1134)
	at java.util.concurrent.ThreadPoolExecutor$Worker.run(ThreadPoolExecutor.java:624)
	at java.lang.Thread.run(Thread.java:748)

   Locked ownable synchronizers:
	- None

"pool-6-thread-2" #27 daemon prio=5 os_prio=0 tid=0x00007f1244350000 nid=0x958 waiting on condition [0x00007f123fafb000]
   java.lang.Thread.State: WAITING (parking)
	at sun.misc.Unsafe.park(Native Method)
	- parking to wait for  <0x00000005c033b868> (a java.util.concurrent.locks.AbstractQueuedSynchronizer$ConditionObject)
	at java.util.concurrent.locks.LockSupport.park(LockSupport.java:175)
	at java.util.concurrent.locks.AbstractQueuedSynchronizer$ConditionObject.await(AbstractQueuedSynchronizer.java:2039)
	at java.util.concurrent.LinkedBlockingQueue.take(LinkedBlockingQueue.java:442)
	at java.util.concurrent.ThreadPoolExecutor.getTask(ThreadPoolExecutor.java:1074)
	at java.util.concurrent.ThreadPoolExecutor.runWorker(ThreadPoolExecutor.java:1134)
	at java.util.concurrent.ThreadPoolExecutor$Worker.run(ThreadPoolExecutor.java:624)
	at java.lang.Thread.run(Thread.java:748)

   Locked ownable synchronizers:
	- None

"ConfigurationAsCode.init" #26 daemon prio=5 os_prio=0 tid=0x00007f124434e800 nid=0x957 runnable [0x00007f123fbf9000]
   java.lang.Thread.State: RUNNABLE
	at sun.nio.ch.FileDispatcherImpl.lock0(Native Method)
	at sun.nio.ch.FileDispatcherImpl.lock(FileDispatcherImpl.java:94)
	at sun.nio.ch.FileChannelImpl.tryLock(FileChannelImpl.java:1114)
	at java.nio.channels.FileChannel.tryLock(FileChannel.java:1155)
	at java.util.logging.FileHandler.openFiles(FileHandler.java:515)
	- locked <0x000000062b17cb38> (a java.util.HashSet)
	at java.util.logging.FileHandler.<init>(FileHandler.java:420)
	at hudson.plugins.audit_trail.LogFileAuditLogger.configure(LogFileAuditLogger.java:109)
	at hudson.plugins.audit_trail.LogFileAuditLogger.<init>(LogFileAuditLogger.java:42)
	at sun.reflect.NativeConstructorAccessorImpl.newInstance0(Native Method)
	at sun.reflect.NativeConstructorAccessorImpl.newInstance(NativeConstructorAccessorImpl.java:62)
	at sun.reflect.DelegatingConstructorAccessorImpl.newInstance(DelegatingConstructorAccessorImpl.java:45)
	at java.lang.reflect.Constructor.newInstance(Constructor.java:423)
	at io.jenkins.plugins.casc.impl.configurators.DataBoundConfigurator.tryConstructor(DataBoundConfigurator.java:174)
	at io.jenkins.plugins.casc.impl.configurators.DataBoundConfigurator.instance(DataBoundConfigurator.java:77)
	at io.jenkins.plugins.casc.BaseConfigurator.configure(BaseConfigurator.java:267)
	at io.jenkins.plugins.casc.impl.configurators.DataBoundConfigurator.configure(DataBoundConfigurator.java:83)
	at io.jenkins.plugins.casc.impl.configurators.HeteroDescribableConfigurator.lambda$doConfigure$16668e2$1(HeteroDescribableConfigurator.java:277)
	at io.jenkins.plugins.casc.impl.configurators.HeteroDescribableConfigurator$$Lambda$227/741510510.apply(Unknown Source)
	at io.vavr.CheckedFunction0.lambda$unchecked$52349c75$1(CheckedFunction0.java:247)
	at io.vavr.CheckedFunction0$$Lambda$208/179196260.apply(Unknown Source)
	at io.jenkins.plugins.casc.impl.configurators.HeteroDescribableConfigurator.doConfigure(HeteroDescribableConfigurator.java:277)
	at io.jenkins.plugins.casc.impl.configurators.HeteroDescribableConfigurator.lambda$null$2(HeteroDescribableConfigurator.java:86)
	at io.jenkins.plugins.casc.impl.configurators.HeteroDescribableConfigurator$$Lambda$226/272331698.apply(Unknown Source)
	at io.vavr.control.Option.map(Option.java:392)
	at io.jenkins.plugins.casc.impl.configurators.HeteroDescribableConfigurator.lambda$configure$3(HeteroDescribableConfigurator.java:86)
	at io.jenkins.plugins.casc.impl.configurators.HeteroDescribableConfigurator$$Lambda$209/1883345487.apply(Unknown Source)
	at io.vavr.Tuple2.apply(Tuple2.java:238)
	at io.jenkins.plugins.casc.impl.configurators.HeteroDescribableConfigurator.configure(HeteroDescribableConfigurator.java:83)
	at io.jenkins.plugins.casc.impl.configurators.HeteroDescribableConfigurator.check(HeteroDescribableConfigurator.java:92)
	at io.jenkins.plugins.casc.impl.configurators.HeteroDescribableConfigurator.check(HeteroDescribableConfigurator.java:55)
	at io.jenkins.plugins.casc.BaseConfigurator.configure(BaseConfigurator.java:344)
	at io.jenkins.plugins.casc.BaseConfigurator.check(BaseConfigurator.java:287)
	at io.jenkins.plugins.casc.BaseConfigurator.configure(BaseConfigurator.java:351)
	at io.jenkins.plugins.casc.BaseConfigurator.check(BaseConfigurator.java:287)
	at io.jenkins.plugins.casc.ConfigurationAsCode.lambda$checkWith$8(ConfigurationAsCode.java:755)
	at io.jenkins.plugins.casc.ConfigurationAsCode$$Lambda$192/818878028.apply(Unknown Source)
	at io.jenkins.plugins.casc.ConfigurationAsCode.invokeWith(ConfigurationAsCode.java:691)
	at io.jenkins.plugins.casc.ConfigurationAsCode.checkWith(ConfigurationAsCode.java:755)
	at io.jenkins.plugins.casc.ConfigurationAsCode.configureWith(ConfigurationAsCode.java:740)
	at io.jenkins.plugins.casc.ConfigurationAsCode.configureWith(ConfigurationAsCode.java:616)
	at io.jenkins.plugins.casc.ConfigurationAsCode.configure(ConfigurationAsCode.java:298)
	at io.jenkins.plugins.casc.ConfigurationAsCode.init(ConfigurationAsCode.java:290)
	at sun.reflect.NativeMethodAccessorImpl.invoke0(Native Method)
	at sun.reflect.NativeMethodAccessorImpl.invoke(NativeMethodAccessorImpl.java:62)
	at sun.reflect.DelegatingMethodAccessorImpl.invoke(DelegatingMethodAccessorImpl.java:43)
	at java.lang.reflect.Method.invoke(Method.java:498)
	at hudson.init.TaskMethodFinder.invoke(TaskMethodFinder.java:104)
	at hudson.init.TaskMethodFinder$TaskImpl.run(TaskMethodFinder.java:175)
	at org.jvnet.hudson.reactor.Reactor.runTask(Reactor.java:296)
	at jenkins.model.Jenkins$5.runTask(Jenkins.java:1133)
	at org.jvnet.hudson.reactor.Reactor$2.run(Reactor.java:214)
	at org.jvnet.hudson.reactor.Reactor$Node.run(Reactor.java:117)
	at jenkins.security.ImpersonatingExecutorService$1.run(ImpersonatingExecutorService.java:59)
	at java.util.concurrent.ThreadPoolExecutor.runWorker(ThreadPoolExecutor.java:1149)
	at java.util.concurrent.ThreadPoolExecutor$Worker.run(ThreadPoolExecutor.java:624)
	at java.lang.Thread.run(Thread.java:748)

   Locked ownable synchronizers:
	- <0x00000005c0224468> (a java.util.concurrent.ThreadPoolExecutor$Worker)

"jenkins.util.Timer [#1]" #25 daemon prio=5 os_prio=0 tid=0x00007f12441be800 nid=0x956 waiting on condition [0x00007f123fefd000]
   java.lang.Thread.State: WAITING (parking)
	at sun.misc.Unsafe.park(Native Method)
	- parking to wait for  <0x00000005c3fba4b8> (a java.util.concurrent.locks.AbstractQueuedSynchronizer$ConditionObject)
	at java.util.concurrent.locks.LockSupport.park(LockSupport.java:175)
	at java.util.concurrent.locks.AbstractQueuedSynchronizer$ConditionObject.await(AbstractQueuedSynchronizer.java:2039)
	at java.util.concurrent.ScheduledThreadPoolExecutor$DelayedWorkQueue.take(ScheduledThreadPoolExecutor.java:1088)
	at java.util.concurrent.ScheduledThreadPoolExecutor$DelayedWorkQueue.take(ScheduledThreadPoolExecutor.java:809)
	at java.util.concurrent.ThreadPoolExecutor.getTask(ThreadPoolExecutor.java:1074)
	at java.util.concurrent.ThreadPoolExecutor.runWorker(ThreadPoolExecutor.java:1134)
	at java.util.concurrent.ThreadPoolExecutor$Worker.run(ThreadPoolExecutor.java:624)
	at java.lang.Thread.run(Thread.java:748)

   Locked ownable synchronizers:
	- None

"Jenkins cron thread" #24 prio=5 os_prio=0 tid=0x00007f12440da000 nid=0x955 in Object.wait() [0x00007f123fffe000]
   java.lang.Thread.State: WAITING (on object monitor)
	at java.lang.Object.wait(Native Method)
	- waiting on <0x00000005c3fbaa90> (a java.util.TaskQueue)
	at java.lang.Object.wait(Object.java:502)
	at java.util.TimerThread.mainLoop(Timer.java:526)
	- locked <0x00000005c3fbaa90> (a java.util.TaskQueue)
	at java.util.TimerThread.run(Timer.java:505)

   Locked ownable synchronizers:
	- None

"DestroyJavaVM" #23 prio=5 os_prio=0 tid=0x00007f12d400c000 nid=0x939 waiting on condition [0x0000000000000000]
   java.lang.Thread.State: RUNNABLE

   Locked ownable synchronizers:
	- None

"LauncherControlThread[ControlPort=-1]" #21 prio=5 os_prio=0 tid=0x00007f12d5981800 nid=0x954 waiting on condition [0x00007f126c184000]
   java.lang.Thread.State: TIMED_WAITING (sleeping)
	at java.lang.Thread.sleep(Native Method)
	at winstone.Launcher.run(Launcher.java:246)
	at java.lang.Thread.run(Thread.java:748)

   Locked ownable synchronizers:
	- None

"Jenkins initialization thread" #20 prio=5 os_prio=0 tid=0x00007f12d5939000 nid=0x953 in Object.wait() [0x00007f126c485000]
   java.lang.Thread.State: WAITING (on object monitor)
	at java.lang.Object.wait(Native Method)
	at java.lang.Object.wait(Object.java:502)
	at org.jvnet.hudson.reactor.Reactor.execute(Reactor.java:280)
	- locked <0x00000005c0224420> (a jenkins.model.Jenkins$5)
	at jenkins.InitReactorRunner.run(InitReactorRunner.java:50)
	at jenkins.model.Jenkins.executeReactor(Jenkins.java:1166)
	at jenkins.model.Jenkins.<init>(Jenkins.java:966)
	at hudson.model.Hudson.<init>(Hudson.java:85)
	at hudson.model.Hudson.<init>(Hudson.java:81)
	at hudson.WebAppMain$3.run(WebAppMain.java:233)

   Locked ownable synchronizers:
	- None

"Java2D Disposer" #19 daemon prio=10 os_prio=0 tid=0x00007f12d58d3000 nid=0x952 in Object.wait() [0x00007f129c1fb000]
   java.lang.Thread.State: WAITING (on object monitor)
	at java.lang.Object.wait(Native Method)
	- waiting on <0x00000005c3fbb170> (a java.lang.ref.ReferenceQueue$Lock)
	at java.lang.ref.ReferenceQueue.remove(ReferenceQueue.java:144)
	- locked <0x00000005c3fbb170> (a java.lang.ref.ReferenceQueue$Lock)
	at java.lang.ref.ReferenceQueue.remove(ReferenceQueue.java:165)
	at sun.java2d.Disposer.run(Disposer.java:148)
	at java.lang.Thread.run(Thread.java:748)

   Locked ownable synchronizers:
	- None

"Session-HouseKeeper-3bd323e9-1" #18 prio=5 os_prio=0 tid=0x00007f12d5650800 nid=0x951 waiting on condition [0x00007f129ce40000]
   java.lang.Thread.State: TIMED_WAITING (parking)
	at sun.misc.Unsafe.park(Native Method)
	- parking to wait for  <0x00000005c3fbb328> (a java.util.concurrent.locks.AbstractQueuedSynchronizer$ConditionObject)
	at java.util.concurrent.locks.LockSupport.parkNanos(LockSupport.java:215)
	at java.util.concurrent.locks.AbstractQueuedSynchronizer$ConditionObject.awaitNanos(AbstractQueuedSynchronizer.java:2078)
	at java.util.concurrent.ScheduledThreadPoolExecutor$DelayedWorkQueue.take(ScheduledThreadPoolExecutor.java:1093)
	at java.util.concurrent.ScheduledThreadPoolExecutor$DelayedWorkQueue.take(ScheduledThreadPoolExecutor.java:809)
	at java.util.concurrent.ThreadPoolExecutor.getTask(ThreadPoolExecutor.java:1074)
	at java.util.concurrent.ThreadPoolExecutor.runWorker(ThreadPoolExecutor.java:1134)
	at java.util.concurrent.ThreadPoolExecutor$Worker.run(ThreadPoolExecutor.java:624)
	at java.lang.Thread.run(Thread.java:748)

   Locked ownable synchronizers:
	- None

"Jetty (winstone)-17" #17 prio=5 os_prio=0 tid=0x00007f12d5011800 nid=0x950 waiting on condition [0x00007f129d4ed000]
   java.lang.Thread.State: TIMED_WAITING (parking)
	at sun.misc.Unsafe.park(Native Method)
	- parking to wait for  <0x00000006adc00208> (a java.util.concurrent.SynchronousQueue$TransferStack)
	at java.util.concurrent.locks.LockSupport.parkNanos(LockSupport.java:215)
	at java.util.concurrent.SynchronousQueue$TransferStack.awaitFulfill(SynchronousQueue.java:460)
	at java.util.concurrent.SynchronousQueue$TransferStack.transfer(SynchronousQueue.java:362)
	at java.util.concurrent.SynchronousQueue.poll(SynchronousQueue.java:941)
	at org.eclipse.jetty.util.thread.ReservedThreadExecutor$ReservedThread.reservedWait(ReservedThreadExecutor.java:304)
	at org.eclipse.jetty.util.thread.ReservedThreadExecutor$ReservedThread.run(ReservedThreadExecutor.java:366)
	at org.eclipse.jetty.util.thread.QueuedThreadPool.runJob(QueuedThreadPool.java:806)
	at org.eclipse.jetty.util.thread.QueuedThreadPool$Runner.run(QueuedThreadPool.java:938)
	at java.lang.Thread.run(Thread.java:748)

   Locked ownable synchronizers:
	- None

"Jetty (winstone)-16" #16 prio=5 os_prio=0 tid=0x00007f12d500f800 nid=0x94f waiting on condition [0x00007f129d5ee000]
   java.lang.Thread.State: TIMED_WAITING (parking)
	at sun.misc.Unsafe.park(Native Method)
	- parking to wait for  <0x00000005c3fbb588> (a java.util.concurrent.locks.AbstractQueuedSynchronizer$ConditionObject)
	at java.util.concurrent.locks.LockSupport.parkNanos(LockSupport.java:215)
	at java.util.concurrent.locks.AbstractQueuedSynchronizer$ConditionObject.awaitNanos(AbstractQueuedSynchronizer.java:2078)
	at org.eclipse.jetty.util.BlockingArrayQueue.poll(BlockingArrayQueue.java:382)
	at org.eclipse.jetty.util.thread.QueuedThreadPool$Runner.idleJobPoll(QueuedThreadPool.java:875)
	at org.eclipse.jetty.util.thread.QueuedThreadPool$Runner.run(QueuedThreadPool.java:925)
	at java.lang.Thread.run(Thread.java:748)

   Locked ownable synchronizers:
	- None

"Jetty (winstone)-15" #15 prio=5 os_prio=0 tid=0x00007f12d500e000 nid=0x94e waiting on condition [0x00007f129d6ef000]
   java.lang.Thread.State: TIMED_WAITING (parking)
	at sun.misc.Unsafe.park(Native Method)
	- parking to wait for  <0x00000005c3fbb588> (a java.util.concurrent.locks.AbstractQueuedSynchronizer$ConditionObject)
	at java.util.concurrent.locks.LockSupport.parkNanos(LockSupport.java:215)
	at java.util.concurrent.locks.AbstractQueuedSynchronizer$ConditionObject.awaitNanos(AbstractQueuedSynchronizer.java:2078)
	at org.eclipse.jetty.util.BlockingArrayQueue.poll(BlockingArrayQueue.java:382)
	at org.eclipse.jetty.util.thread.QueuedThreadPool$Runner.idleJobPoll(QueuedThreadPool.java:875)
	at org.eclipse.jetty.util.thread.QueuedThreadPool$Runner.run(QueuedThreadPool.java:925)
	at java.lang.Thread.run(Thread.java:748)

   Locked ownable synchronizers:
	- None

"Jetty (winstone)-14-acceptor-0@705b0b29-ServerConnector@25df00a0{HTTP/1.1, (http/1.1)}{0.0.0.0:8080}" #14 prio=3 os_prio=0 tid=0x00007f12d500c000 nid=0x94d runnable [0x00007f129d7f0000]
   java.lang.Thread.State: RUNNABLE
	at sun.nio.ch.ServerSocketChannelImpl.accept0(Native Method)
	at sun.nio.ch.ServerSocketChannelImpl.accept(ServerSocketChannelImpl.java:419)
	at sun.nio.ch.ServerSocketChannelImpl.accept(ServerSocketChannelImpl.java:247)
	- locked <0x00000005c3fbbb20> (a java.lang.Object)
	at org.eclipse.jetty.server.ServerConnector.accept(ServerConnector.java:385)
	at org.eclipse.jetty.server.AbstractConnector$Acceptor.run(AbstractConnector.java:702)
	at org.eclipse.jetty.util.thread.QueuedThreadPool.runJob(QueuedThreadPool.java:806)
	at org.eclipse.jetty.util.thread.QueuedThreadPool$Runner.run(QueuedThreadPool.java:938)
	at java.lang.Thread.run(Thread.java:748)

   Locked ownable synchronizers:
	- None

"Jetty (winstone)-13" #13 prio=5 os_prio=0 tid=0x00007f12d500a800 nid=0x94c runnable [0x00007f129d8f1000]
   java.lang.Thread.State: RUNNABLE
	at sun.nio.ch.EPollArrayWrapper.epollWait(Native Method)
	at sun.nio.ch.EPollArrayWrapper.poll(EPollArrayWrapper.java:269)
	at sun.nio.ch.EPollSelectorImpl.doSelect(EPollSelectorImpl.java:93)
	at sun.nio.ch.SelectorImpl.lockAndDoSelect(SelectorImpl.java:86)
	- locked <0x00000005c3fbc2f8> (a sun.nio.ch.Util$3)
	- locked <0x00000005c3fbc308> (a java.util.Collections$UnmodifiableSet)
	- locked <0x00000005c3fbc2b0> (a sun.nio.ch.EPollSelectorImpl)
	at sun.nio.ch.SelectorImpl.select(SelectorImpl.java:97)
	at sun.nio.ch.SelectorImpl.select(SelectorImpl.java:101)
	at org.eclipse.jetty.io.ManagedSelector$SelectorProducer.select(ManagedSelector.java:472)
	at org.eclipse.jetty.io.ManagedSelector$SelectorProducer.produce(ManagedSelector.java:409)
	at org.eclipse.jetty.util.thread.strategy.EatWhatYouKill.produceTask(EatWhatYouKill.java:360)
	at org.eclipse.jetty.util.thread.strategy.EatWhatYouKill.doProduce(EatWhatYouKill.java:184)
	at org.eclipse.jetty.util.thread.strategy.EatWhatYouKill.tryProduce(EatWhatYouKill.java:171)
	at org.eclipse.jetty.util.thread.strategy.EatWhatYouKill.run(EatWhatYouKill.java:129)
	at org.eclipse.jetty.util.thread.ReservedThreadExecutor$ReservedThread.run(ReservedThreadExecutor.java:375)
	at org.eclipse.jetty.util.thread.QueuedThreadPool.runJob(QueuedThreadPool.java:806)
	at org.eclipse.jetty.util.thread.QueuedThreadPool$Runner.run(QueuedThreadPool.java:938)
	at java.lang.Thread.run(Thread.java:748)

   Locked ownable synchronizers:
	- None

"Jetty (winstone)-12" #12 prio=5 os_prio=0 tid=0x00007f12d5009000 nid=0x94b waiting on condition [0x00007f129d9f2000]
   java.lang.Thread.State: TIMED_WAITING (parking)
	at sun.misc.Unsafe.park(Native Method)
	- parking to wait for  <0x00000005c3fbb588> (a java.util.concurrent.locks.AbstractQueuedSynchronizer$ConditionObject)
	at java.util.concurrent.locks.LockSupport.parkNanos(LockSupport.java:215)
	at java.util.concurrent.locks.AbstractQueuedSynchronizer$ConditionObject.awaitNanos(AbstractQueuedSynchronizer.java:2078)
	at org.eclipse.jetty.util.BlockingArrayQueue.poll(BlockingArrayQueue.java:382)
	at org.eclipse.jetty.util.thread.QueuedThreadPool$Runner.idleJobPoll(QueuedThreadPool.java:875)
	at org.eclipse.jetty.util.thread.QueuedThreadPool$Runner.run(QueuedThreadPool.java:925)
	at java.lang.Thread.run(Thread.java:748)

   Locked ownable synchronizers:
	- None

"Jetty (winstone)-11" #11 prio=5 os_prio=0 tid=0x00007f12d5007000 nid=0x94a waiting on condition [0x00007f129daf3000]
   java.lang.Thread.State: TIMED_WAITING (parking)
	at sun.misc.Unsafe.park(Native Method)
	- parking to wait for  <0x00000005c3fbb588> (a java.util.concurrent.locks.AbstractQueuedSynchronizer$ConditionObject)
	at java.util.concurrent.locks.LockSupport.parkNanos(LockSupport.java:215)
	at java.util.concurrent.locks.AbstractQueuedSynchronizer$ConditionObject.awaitNanos(AbstractQueuedSynchronizer.java:2078)
	at org.eclipse.jetty.util.BlockingArrayQueue.poll(BlockingArrayQueue.java:382)
	at org.eclipse.jetty.util.thread.QueuedThreadPool$Runner.idleJobPoll(QueuedThreadPool.java:875)
	at org.eclipse.jetty.util.thread.QueuedThreadPool$Runner.run(QueuedThreadPool.java:925)
	at java.lang.Thread.run(Thread.java:748)

   Locked ownable synchronizers:
	- None

"Jetty (winstone)-10" #10 prio=5 os_prio=0 tid=0x00007f12d4ffa800 nid=0x949 waiting on condition [0x00007f12a4175000]
   java.lang.Thread.State: TIMED_WAITING (parking)
	at sun.misc.Unsafe.park(Native Method)
	- parking to wait for  <0x00000005c3fbb588> (a java.util.concurrent.locks.AbstractQueuedSynchronizer$ConditionObject)
	at java.util.concurrent.locks.LockSupport.parkNanos(LockSupport.java:215)
	at java.util.concurrent.locks.AbstractQueuedSynchronizer$ConditionObject.awaitNanos(AbstractQueuedSynchronizer.java:2078)
	at org.eclipse.jetty.util.BlockingArrayQueue.poll(BlockingArrayQueue.java:382)
	at org.eclipse.jetty.util.thread.QueuedThreadPool$Runner.idleJobPoll(QueuedThreadPool.java:875)
	at org.eclipse.jetty.util.thread.QueuedThreadPool$Runner.run(QueuedThreadPool.java:925)
	at java.lang.Thread.run(Thread.java:748)

   Locked ownable synchronizers:
	- None

"Service Thread" #8 daemon prio=9 os_prio=0 tid=0x00007f12d4d79800 nid=0x947 runnable [0x0000000000000000]
   java.lang.Thread.State: RUNNABLE

   Locked ownable synchronizers:
	- None

"C1 CompilerThread1" #7 daemon prio=9 os_prio=0 tid=0x00007f12d4d54000 nid=0x946 waiting on condition [0x0000000000000000]
   java.lang.Thread.State: RUNNABLE

   Locked ownable synchronizers:
	- None

"C2 CompilerThread0" #6 daemon prio=9 os_prio=0 tid=0x00007f12d4d52000 nid=0x945 waiting on condition [0x0000000000000000]
   java.lang.Thread.State: RUNNABLE

   Locked ownable synchronizers:
	- None

"Signal Dispatcher" #5 daemon prio=9 os_prio=0 tid=0x00007f12d4d50000 nid=0x944 runnable [0x0000000000000000]
   java.lang.Thread.State: RUNNABLE

   Locked ownable synchronizers:
	- None

"Surrogate Locker Thread (Concurrent GC)" #4 daemon prio=9 os_prio=0 tid=0x00007f12d4d4e000 nid=0x943 waiting on condition [0x0000000000000000]
   java.lang.Thread.State: RUNNABLE

   Locked ownable synchronizers:
	- None

"Finalizer" #3 daemon prio=8 os_prio=0 tid=0x00007f12d4d17800 nid=0x942 in Object.wait() [0x00007f12a4eb2000]
   java.lang.Thread.State: WAITING (on object monitor)
	at java.lang.Object.wait(Native Method)
	at java.lang.ref.ReferenceQueue.remove(ReferenceQueue.java:144)
	- locked <0x00000005c3fbccd0> (a java.lang.ref.ReferenceQueue$Lock)
	at java.lang.ref.ReferenceQueue.remove(ReferenceQueue.java:165)
	at java.lang.ref.Finalizer$FinalizerThread.run(Finalizer.java:216)

   Locked ownable synchronizers:
	- None

"Reference Handler" #2 daemon prio=10 os_prio=0 tid=0x00007f12d4d12800 nid=0x941 in Object.wait() [0x00007f12a4fb3000]
   java.lang.Thread.State: WAITING (on object monitor)
	at java.lang.Object.wait(Native Method)
	at java.lang.Object.wait(Object.java:502)
	at java.lang.ref.Reference.tryHandlePending(Reference.java:191)
	- locked <0x00000005c3fbce88> (a java.lang.ref.Reference$Lock)
	at java.lang.ref.Reference$ReferenceHandler.run(Reference.java:153)

   Locked ownable synchronizers:
	- None

"VM Thread" os_prio=0 tid=0x00007f12d4d09000 nid=0x940 runnable 

"Gang worker#0 (Parallel GC Threads)" os_prio=0 tid=0x00007f12d4021000 nid=0x93a runnable 

"G1 Main Concurrent Mark GC Thread" os_prio=0 tid=0x00007f12d4037000 nid=0x93d runnable 

"Gang worker#0 (G1 Parallel Marking Threads)" os_prio=0 tid=0x00007f12d4039000 nid=0x93e runnable 

"G1 Concurrent Refinement Thread#0" os_prio=0 tid=0x00007f12d4025000 nid=0x93c runnable 

"G1 Concurrent Refinement Thread#1" os_prio=0 tid=0x00007f12d4023000 nid=0x93b runnable 

"String Deduplication Thread" os_prio=0 tid=0x00007f12d4c90800 nid=0x93f runnable 

"VM Periodic Task Thread" os_prio=0 tid=0x00007f12d4d7c800 nid=0x948 waiting on condition 

JNI global references: 779

