Oct 10, 2017 3:35:19 PM hudson.plugins.accurev.AccurevLauncher logCommandFailure
WARNING: HQ-DEV-VMBLD02.us.teo.earth: login ("C:\Program Files (x86)\AccuRev610\bin\accurev.exe" login -H dc32-eng-cms01.nix.teo.earth:5050 accurev_build ******) failed with exit code 9
Oct 10, 2017 3:35:19 PM hudson.plugins.accurev.AccurevLauncher logCommandFailure
INFO: HQ-DEV-VMBLD02.us.teo.earth: The AccuRev server you are using is too old.
You must install a newer version before proceeding.
AccuRev Error: 9

        | client: 150 min client: 139 server: 140 min server: 150
Oct 10, 2017 3:35:19 PM hudson.plugins.accurev.AccurevLauncher logCommandFailure
WARNING: HQ-DEV-VMBLD02.us.teo.earth: login ("C:\Program Files (x86)\AccuRev610\bin\accurev.exe" login -H dc32-eng-cms01.nix.teo.earth:5050 accurev_build ******) failed with exit code 9
Oct 10, 2017 3:35:19 PM hudson.plugins.accurev.AccurevLauncher logCommandFailure
INFO: HQ-DEV-VMBLD02.us.teo.earth: The AccuRev server you are using is too old.
You must install a newer version before proceeding.
AccuRev Error: 9

        | client: 150 min client: 139 server: 140 min server: 150
Oct 10, 2017 3:36:03 PM hudson.plugins.accurev.AccurevLauncher logCommandFailure
WARNING: HQ-DEV-VMBLD02.us.teo.earth: login ("C:\Program Files (x86)\AccuRev610\bin\accurev.exe" login -H dc32-eng-cms01.nix.teo.earth:5050 accurev_build ******) failed with exit code 9
Oct 10, 2017 3:36:03 PM hudson.plugins.accurev.AccurevLauncher logCommandFailure
INFO: HQ-DEV-VMBLD02.us.teo.earth: The AccuRev server you are using is too old.
You must install a newer version before proceeding.
AccuRev Error: 9

        | client: 150 min client: 139 server: 140 min server: 150
Oct 10, 2017 3:36:04 PM hudson.plugins.accurev.AccurevLauncher logCommandFailure
WARNING: HQ-DEV-VMBLD02.us.teo.earth: login ("C:\Program Files (x86)\AccuRev610\bin\accurev.exe" login -H dc32-eng-cms01.nix.teo.earth:5050 accurev_build ******) failed with exit code 9
Oct 10, 2017 3:36:04 PM hudson.plugins.accurev.AccurevLauncher logCommandFailure
INFO: HQ-DEV-VMBLD02.us.teo.earth: The AccuRev server you are using is too old.
You must install a newer version before proceeding.
AccuRev Error: 9

        | client: 150 min client: 139 server: 140 min server: 150
Oct 10, 2017 3:37:09 PM hudson.plugins.accurev.AccurevLauncher logCommandFailure
WARNING: HQ-DEV-VMBLD02.us.teo.earth: show depots command ("C:\Program Files (x86)\AccuRev560\bin\accurev.exe" show -H dc32-eng-cms01.nix.teo.earth:5052 -fx depots) failed with exit code 9
Oct 10, 2017 3:37:09 PM hudson.plugins.accurev.AccurevLauncher logCommandFailure
INFO: HQ-DEV-VMBLD02.us.teo.earth: Use the 'accurev upgrade_client' command to install the required client version.
You must install a newer version before proceeding.
AccuRev Error: 9

        | client: 140 min client: 150 server: 150 min server: 139
Oct 10, 2017 3:37:09 PM org.eclipse.jetty.util.log.JavaUtilLog warn
WARNING: Error while serving http://hq-dev-vmbld02:38080/view/TRUNC/job/TRUNC_INF_PARAM_WAR/descriptorByName/hudson.plugins.accurev.AccurevSCM/fillStreamItems
java.lang.reflect.InvocationTargetException
	at sun.reflect.GeneratedMethodAccessor281.invoke(Unknown Source)
	at sun.reflect.DelegatingMethodAccessorImpl.invoke(Unknown Source)
	at java.lang.reflect.Method.invoke(Unknown Source)
	at org.kohsuke.stapler.Function$InstanceFunction.invoke(Function.java:335)
	at org.kohsuke.stapler.Function.bindAndInvoke(Function.java:175)
	at org.kohsuke.stapler.Function.bindAndInvokeAndServeResponse(Function.java:108)
	at org.kohsuke.stapler.MetaClass$1.doDispatch(MetaClass.java:124)
	at org.kohsuke.stapler.NameBasedDispatcher.dispatch(NameBasedDispatcher.java:58)
	at org.kohsuke.stapler.Stapler.tryInvoke(Stapler.java:746)
	at org.kohsuke.stapler.Stapler.invoke(Stapler.java:876)
	at org.kohsuke.stapler.MetaClass$5.doDispatch(MetaClass.java:236)
	at org.kohsuke.stapler.NameBasedDispatcher.dispatch(NameBasedDispatcher.java:58)
	at org.kohsuke.stapler.Stapler.tryInvoke(Stapler.java:746)
	at org.kohsuke.stapler.Stapler.invoke(Stapler.java:876)
	at org.kohsuke.stapler.MetaClass$5.doDispatch(MetaClass.java:236)
	at org.kohsuke.stapler.NameBasedDispatcher.dispatch(NameBasedDispatcher.java:58)
	at org.kohsuke.stapler.Stapler.tryInvoke(Stapler.java:746)
	at org.kohsuke.stapler.Stapler.invoke(Stapler.java:876)
	at org.kohsuke.stapler.MetaClass$5.doDispatch(MetaClass.java:236)
	at org.kohsuke.stapler.NameBasedDispatcher.dispatch(NameBasedDispatcher.java:58)
	at org.kohsuke.stapler.Stapler.tryInvoke(Stapler.java:746)
	at org.kohsuke.stapler.Stapler.invoke(Stapler.java:876)
	at org.kohsuke.stapler.Stapler.invoke(Stapler.java:649)
	at org.kohsuke.stapler.Stapler.service(Stapler.java:238)
	at javax.servlet.http.HttpServlet.service(HttpServlet.java:790)
	at org.eclipse.jetty.servlet.ServletHolder.handle(ServletHolder.java:812)
	at org.eclipse.jetty.servlet.ServletHandler$CachedChain.doFilter(ServletHandler.java:1669)
	at hudson.util.PluginServletFilter$1.doFilter(PluginServletFilter.java:135)
	at hudson.util.PluginServletFilter.doFilter(PluginServletFilter.java:126)
	at org.eclipse.jetty.servlet.ServletHandler$CachedChain.doFilter(ServletHandler.java:1652)
	at hudson.security.csrf.CrumbFilter.doFilter(CrumbFilter.java:49)
	at org.eclipse.jetty.servlet.ServletHandler$CachedChain.doFilter(ServletHandler.java:1652)
	at hudson.security.ChainedServletFilter$1.doFilter(ChainedServletFilter.java:84)
	at hudson.security.UnwrapSecurityExceptionFilter.doFilter(UnwrapSecurityExceptionFilter.java:51)
	at hudson.security.ChainedServletFilter$1.doFilter(ChainedServletFilter.java:87)
	at jenkins.security.ExceptionTranslationFilter.doFilter(ExceptionTranslationFilter.java:117)
	at hudson.security.ChainedServletFilter$1.doFilter(ChainedServletFilter.java:87)
	at org.acegisecurity.providers.anonymous.AnonymousProcessingFilter.doFilter(AnonymousProcessingFilter.java:125)
	at hudson.security.ChainedServletFilter$1.doFilter(ChainedServletFilter.java:87)
	at org.acegisecurity.ui.rememberme.RememberMeProcessingFilter.doFilter(RememberMeProcessingFilter.java:142)
	at hudson.security.ChainedServletFilter$1.doFilter(ChainedServletFilter.java:87)
	at org.acegisecurity.ui.AbstractProcessingFilter.doFilter(AbstractProcessingFilter.java:271)
	at hudson.security.ChainedServletFilter$1.doFilter(ChainedServletFilter.java:87)
	at jenkins.security.BasicHeaderProcessor.doFilter(BasicHeaderProcessor.java:93)
	at hudson.security.ChainedServletFilter$1.doFilter(ChainedServletFilter.java:87)
	at org.acegisecurity.context.HttpSessionContextIntegrationFilter.doFilter(HttpSessionContextIntegrationFilter.java:249)
	at hudson.security.HttpSessionContextIntegrationFilter2.doFilter(HttpSessionContextIntegrationFilter2.java:67)
	at hudson.security.ChainedServletFilter$1.doFilter(ChainedServletFilter.java:87)
	at hudson.security.ChainedServletFilter.doFilter(ChainedServletFilter.java:76)
	at hudson.security.HudsonFilter.doFilter(HudsonFilter.java:171)
	at org.eclipse.jetty.servlet.ServletHandler$CachedChain.doFilter(ServletHandler.java:1652)
	at org.kohsuke.stapler.compression.CompressionFilter.doFilter(CompressionFilter.java:49)
	at org.eclipse.jetty.servlet.ServletHandler$CachedChain.doFilter(ServletHandler.java:1652)
	at hudson.util.CharacterEncodingFilter.doFilter(CharacterEncodingFilter.java:82)
	at org.eclipse.jetty.servlet.ServletHandler$CachedChain.doFilter(ServletHandler.java:1652)
	at org.kohsuke.stapler.DiagnosticThreadNameFilter.doFilter(DiagnosticThreadNameFilter.java:30)
	at org.eclipse.jetty.servlet.ServletHandler$CachedChain.doFilter(ServletHandler.java:1652)
	at org.eclipse.jetty.servlet.ServletHandler.doHandle(ServletHandler.java:585)
	at org.eclipse.jetty.server.handler.ScopedHandler.handle(ScopedHandler.java:143)
	at org.eclipse.jetty.security.SecurityHandler.handle(SecurityHandler.java:553)
	at org.eclipse.jetty.server.session.SessionHandler.doHandle(SessionHandler.java:223)
	at org.eclipse.jetty.server.handler.ContextHandler.doHandle(ContextHandler.java:1127)
	at org.eclipse.jetty.servlet.ServletHandler.doScope(ServletHandler.java:515)
	at org.eclipse.jetty.server.session.SessionHandler.doScope(SessionHandler.java:185)
	at org.eclipse.jetty.server.handler.ContextHandler.doScope(ContextHandler.java:1061)
	at org.eclipse.jetty.server.handler.ScopedHandler.handle(ScopedHandler.java:141)
	at org.eclipse.jetty.server.handler.HandlerWrapper.handle(HandlerWrapper.java:97)
	at org.eclipse.jetty.server.Server.handle(Server.java:499)
	at org.eclipse.jetty.server.HttpChannel.handle(HttpChannel.java:311)
	at org.eclipse.jetty.server.HttpConnection.onFillable(HttpConnection.java:257)
	at org.eclipse.jetty.io.AbstractConnection$2.run(AbstractConnection.java:544)
	at winstone.BoundedExecutorService$1.run(BoundedExecutorService.java:77)
	at java.util.concurrent.ThreadPoolExecutor.runWorker(Unknown Source)
	at java.util.concurrent.ThreadPoolExecutor$Worker.run(Unknown Source)
	at java.lang.Thread.run(Unknown Source)
Caused by: java.lang.IndexOutOfBoundsException: Index: 0
	at java.util.Collections$EmptyList.get(Unknown Source)
	at hudson.plugins.accurev.AccurevSCM$AccurevSCMDescriptor.doFillStreamItems(AccurevSCM.java:678)
	... 75 more

Oct 10, 2017 3:37:09 PM hudson.plugins.accurev.AccurevLauncher logCommandFailure
WARNING: HQ-DEV-VMBLD02.us.teo.earth: show depots command ("C:\Program Files (x86)\AccuRev560\bin\accurev.exe" show -H dc32-eng-cms01.nix.teo.earth:5052 -fx depots) failed with exit code 9
Oct 10, 2017 3:37:09 PM hudson.plugins.accurev.AccurevLauncher logCommandFailure
INFO: HQ-DEV-VMBLD02.us.teo.earth: Use the 'accurev upgrade_client' command to install the required client version.
You must install a newer version before proceeding.
AccuRev Error: 9

        | client: 140 min client: 150 server: 150 min server: 139
Oct 10, 2017 3:37:09 PM org.eclipse.jetty.util.log.JavaUtilLog warn
WARNING: Error while serving http://hq-dev-vmbld02:38080/view/TRUNC/job/TRUNC_INF_PARAM_WAR/descriptorByName/hudson.plugins.accurev.AccurevSCM/fillDepotItems
java.lang.reflect.InvocationTargetException
	at sun.reflect.GeneratedMethodAccessor282.invoke(Unknown Source)
	at sun.reflect.DelegatingMethodAccessorImpl.invoke(Unknown Source)
	at java.lang.reflect.Method.invoke(Unknown Source)
	at org.kohsuke.stapler.Function$InstanceFunction.invoke(Function.java:335)
	at org.kohsuke.stapler.Function.bindAndInvoke(Function.java:175)
	at org.kohsuke.stapler.Function.bindAndInvokeAndServeResponse(Function.java:108)
	at org.kohsuke.stapler.MetaClass$1.doDispatch(MetaClass.java:124)
	at org.kohsuke.stapler.NameBasedDispatcher.dispatch(NameBasedDispatcher.java:58)
	at org.kohsuke.stapler.Stapler.tryInvoke(Stapler.java:746)
	at org.kohsuke.stapler.Stapler.invoke(Stapler.java:876)
	at org.kohsuke.stapler.MetaClass$5.doDispatch(MetaClass.java:236)
	at org.kohsuke.stapler.NameBasedDispatcher.dispatch(NameBasedDispatcher.java:58)
	at org.kohsuke.stapler.Stapler.tryInvoke(Stapler.java:746)
	at org.kohsuke.stapler.Stapler.invoke(Stapler.java:876)
	at org.kohsuke.stapler.MetaClass$5.doDispatch(MetaClass.java:236)
	at org.kohsuke.stapler.NameBasedDispatcher.dispatch(NameBasedDispatcher.java:58)
	at org.kohsuke.stapler.Stapler.tryInvoke(Stapler.java:746)
	at org.kohsuke.stapler.Stapler.invoke(Stapler.java:876)
	at org.kohsuke.stapler.MetaClass$5.doDispatch(MetaClass.java:236)
	at org.kohsuke.stapler.NameBasedDispatcher.dispatch(NameBasedDispatcher.java:58)
	at org.kohsuke.stapler.Stapler.tryInvoke(Stapler.java:746)
	at org.kohsuke.stapler.Stapler.invoke(Stapler.java:876)
	at org.kohsuke.stapler.Stapler.invoke(Stapler.java:649)
	at org.kohsuke.stapler.Stapler.service(Stapler.java:238)
	at javax.servlet.http.HttpServlet.service(HttpServlet.java:790)
	at org.eclipse.jetty.servlet.ServletHolder.handle(ServletHolder.java:812)
	at org.eclipse.jetty.servlet.ServletHandler$CachedChain.doFilter(ServletHandler.java:1669)
	at hudson.util.PluginServletFilter$1.doFilter(PluginServletFilter.java:135)
	at hudson.util.PluginServletFilter.doFilter(PluginServletFilter.java:126)
	at org.eclipse.jetty.servlet.ServletHandler$CachedChain.doFilter(ServletHandler.java:1652)
	at hudson.security.csrf.CrumbFilter.doFilter(CrumbFilter.java:49)
	at org.eclipse.jetty.servlet.ServletHandler$CachedChain.doFilter(ServletHandler.java:1652)
	at hudson.security.ChainedServletFilter$1.doFilter(ChainedServletFilter.java:84)
	at hudson.security.UnwrapSecurityExceptionFilter.doFilter(UnwrapSecurityExceptionFilter.java:51)
	at hudson.security.ChainedServletFilter$1.doFilter(ChainedServletFilter.java:87)
	at jenkins.security.ExceptionTranslationFilter.doFilter(ExceptionTranslationFilter.java:117)
	at hudson.security.ChainedServletFilter$1.doFilter(ChainedServletFilter.java:87)
	at org.acegisecurity.providers.anonymous.AnonymousProcessingFilter.doFilter(AnonymousProcessingFilter.java:125)
	at hudson.security.ChainedServletFilter$1.doFilter(ChainedServletFilter.java:87)
	at org.acegisecurity.ui.rememberme.RememberMeProcessingFilter.doFilter(RememberMeProcessingFilter.java:142)
	at hudson.security.ChainedServletFilter$1.doFilter(ChainedServletFilter.java:87)
	at org.acegisecurity.ui.AbstractProcessingFilter.doFilter(AbstractProcessingFilter.java:271)
	at hudson.security.ChainedServletFilter$1.doFilter(ChainedServletFilter.java:87)
	at jenkins.security.BasicHeaderProcessor.doFilter(BasicHeaderProcessor.java:93)
	at hudson.security.ChainedServletFilter$1.doFilter(ChainedServletFilter.java:87)
	at org.acegisecurity.context.HttpSessionContextIntegrationFilter.doFilter(HttpSessionContextIntegrationFilter.java:249)
	at hudson.security.HttpSessionContextIntegrationFilter2.doFilter(HttpSessionContextIntegrationFilter2.java:67)
	at hudson.security.ChainedServletFilter$1.doFilter(ChainedServletFilter.java:87)
	at hudson.security.ChainedServletFilter.doFilter(ChainedServletFilter.java:76)
	at hudson.security.HudsonFilter.doFilter(HudsonFilter.java:171)
	at org.eclipse.jetty.servlet.ServletHandler$CachedChain.doFilter(ServletHandler.java:1652)
	at org.kohsuke.stapler.compression.CompressionFilter.doFilter(CompressionFilter.java:49)
	at org.eclipse.jetty.servlet.ServletHandler$CachedChain.doFilter(ServletHandler.java:1652)
	at hudson.util.CharacterEncodingFilter.doFilter(CharacterEncodingFilter.java:82)
	at org.eclipse.jetty.servlet.ServletHandler$CachedChain.doFilter(ServletHandler.java:1652)
	at org.kohsuke.stapler.DiagnosticThreadNameFilter.doFilter(DiagnosticThreadNameFilter.java:30)
	at org.eclipse.jetty.servlet.ServletHandler$CachedChain.doFilter(ServletHandler.java:1652)
	at org.eclipse.jetty.servlet.ServletHandler.doHandle(ServletHandler.java:585)
	at org.eclipse.jetty.server.handler.ScopedHandler.handle(ScopedHandler.java:143)
	at org.eclipse.jetty.security.SecurityHandler.handle(SecurityHandler.java:553)
	at org.eclipse.jetty.server.session.SessionHandler.doHandle(SessionHandler.java:223)
	at org.eclipse.jetty.server.handler.ContextHandler.doHandle(ContextHandler.java:1127)
	at org.eclipse.jetty.servlet.ServletHandler.doScope(ServletHandler.java:515)
	at org.eclipse.jetty.server.session.SessionHandler.doScope(SessionHandler.java:185)
	at org.eclipse.jetty.server.handler.ContextHandler.doScope(ContextHandler.java:1061)
	at org.eclipse.jetty.server.handler.ScopedHandler.handle(ScopedHandler.java:141)
	at org.eclipse.jetty.server.handler.HandlerWrapper.handle(HandlerWrapper.java:97)
	at org.eclipse.jetty.server.Server.handle(Server.java:499)
	at org.eclipse.jetty.server.HttpChannel.handle(HttpChannel.java:311)
	at org.eclipse.jetty.server.HttpConnection.onFillable(HttpConnection.java:257)
	at org.eclipse.jetty.io.AbstractConnection$2.run(AbstractConnection.java:544)
	at winstone.BoundedExecutorService$1.run(BoundedExecutorService.java:77)
	at java.util.concurrent.ThreadPoolExecutor.runWorker(Unknown Source)
	at java.util.concurrent.ThreadPoolExecutor$Worker.run(Unknown Source)
	at java.lang.Thread.run(Unknown Source)
Caused by: java.lang.NullPointerException
	at hudson.plugins.accurev.AccurevSCM$AccurevSCMDescriptor.doFillDepotItems(AccurevSCM.java:654)
	... 75 more

Oct 10, 2017 3:38:10 PM hudson.plugins.accurev.AccurevLauncher logCommandFailure
WARNING: HQ-DEV-VMBLD02.us.teo.earth: login ("C:\Program Files (x86)\AccuRev610\bin\accurev.exe" login -H dc32-eng-cms01.nix.teo.earth:5050 accurev_build ******) failed with exit code 9
Oct 10, 2017 3:38:10 PM hudson.plugins.accurev.AccurevLauncher logCommandFailure
INFO: HQ-DEV-VMBLD02.us.teo.earth: The AccuRev server you are using is too old.
You must install a newer version before proceeding.
AccuRev Error: 9

        | client: 150 min client: 139 server: 140 min server: 150
Oct 10, 2017 3:38:11 PM hudson.plugins.accurev.AccurevLauncher logCommandFailure
WARNING: HQ-DEV-VMBLD02.us.teo.earth: login ("C:\Program Files (x86)\AccuRev610\bin\accurev.exe" login -H dc32-eng-cms01.nix.teo.earth:5050 accurev_build ******) failed with exit code 9
Oct 10, 2017 3:38:11 PM hudson.plugins.accurev.AccurevLauncher logCommandFailure
INFO: HQ-DEV-VMBLD02.us.teo.earth: The AccuRev server you are using is too old.
You must install a newer version before proceeding.
AccuRev Error: 9

        | client: 150 min client: 139 server: 140 min server: 150
