Started by user anonymous
[Pipeline] Allocate node : Start
Running on app01.bld in c:\Jenkins\workspace\us1777-pipeline-thing@2
[Pipeline] node {
[Pipeline] fileExists
[Pipeline] bat
[us1777-pipeline-thing@2] Running batch script

c:\Jenkins\workspace\us1777-pipeline-thing@2>del /F result
[Pipeline] bat
[us1777-pipeline-thing@2] Running batch script

c:\Jenkins\workspace\us1777-pipeline-thing@2>ping 127.0.0.1 -n 6

Pinging 127.0.0.1 with 32 bytes of data:
Reply from 127.0.0.1: bytes=32 time<1ms TTL=128
Reply from 127.0.0.1: bytes=32 time<1ms TTL=128
Reply from 127.0.0.1: bytes=32 time<1ms TTL=128
Aborted by anonymous
Sending interrupt signal to process
Aborted by anonymous
Sending interrupt signal to process
Click here to forcibly terminate running steps
Click here to forcibly terminate running steps
Terminating bat
[Pipeline] echo
error: org.jenkinsci.plugins.workflow.steps.FlowInterruptedException
[Pipeline] fileExists
[Pipeline] echo
result: null
[Pipeline] } //node
[Pipeline] Allocate node : End
[Pipeline] End of Pipeline
Finished: ABORTED
