Feb 20, 2018 1:36:11 PM com.microsoft.azure.vmagent.AzureVMCloud createProvisionedAgent
INFO: AzureVMCloud: createProvisionedAgent: Deployment jenkins-linux-8-core-build-slave0220133535072 not yet finished (Running): Microsoft.Compute/virtualMachines:jenkins-linux-8-core-build-slave90ae40 - waited 30 seconds
--
Feb 20, 2018 1:36:42 PM com.microsoft.azure.vmagent.AzureVMCloud createProvisionedAgent
INFO: AzureVMCloud: createProvisionedAgent: Deployment jenkins-linux-8-core-build-slave0220133535072 not yet finished (Running): Microsoft.Compute/virtualMachines:jenkins-linux-8-core-build-slave90ae40 - waited 60 seconds
--
Feb 20, 2018 1:37:13 PM com.microsoft.azure.vmagent.AzureVMCloud createProvisionedAgent
INFO: AzureVMCloud: createProvisionedAgent: Deployment jenkins-linux-8-core-build-slave0220133535072 not yet finished (Running): Microsoft.Compute/virtualMachines:jenkins-linux-8-core-build-slave90ae40 - waited 90 seconds
--
Feb 20, 2018 1:37:43 PM com.microsoft.azure.vmagent.AzureVMCloud createProvisionedAgent
INFO: AzureVMCloud: createProvisionedAgent: Deployment jenkins-linux-8-core-build-slave0220133535072 not yet finished (Running): Microsoft.Compute/virtualMachines:jenkins-linux-8-core-build-slave90ae40 - waited 120 seconds
--
Feb 20, 2018 1:38:14 PM com.microsoft.azure.vmagent.AzureVMCloud createProvisionedAgent
INFO: AzureVMCloud: createProvisionedAgent: Deployment jenkins-linux-8-core-build-slave0220133535072 not yet finished (Running): Microsoft.Compute/virtualMachines:jenkins-linux-8-core-build-slave90ae40 - waited 150 seconds
--
Feb 20, 2018 1:38:45 PM com.microsoft.azure.vmagent.AzureVMCloud createProvisionedAgent
INFO: AzureVMCloud: createProvisionedAgent: Deployment jenkins-linux-8-core-build-slave0220133535072 not yet finished (Running): Microsoft.Compute/virtualMachines:jenkins-linux-8-core-build-slave90ae40 - waited 180 seconds
--
Feb 20, 2018 1:39:15 PM com.microsoft.azure.vmagent.AzureVMCloud createProvisionedAgent
INFO: AzureVMCloud: createProvisionedAgent: Deployment jenkins-linux-8-core-build-slave0220133535072 not yet finished (Running): Microsoft.Compute/virtualMachines:jenkins-linux-8-core-build-slave90ae40 - waited 210 seconds
--
Feb 20, 2018 1:39:46 PM com.microsoft.azure.vmagent.AzureVMCloud createProvisionedAgent
INFO: AzureVMCloud: createProvisionedAgent: Deployment jenkins-linux-8-core-build-slave0220133535072 not yet finished (Running): Microsoft.Compute/virtualMachines:jenkins-linux-8-core-build-slave90ae40 - waited 240 seconds
--
Feb 20, 2018 1:40:17 PM com.microsoft.azure.vmagent.AzureVMCloud createProvisionedAgent
INFO: AzureVMCloud: createProvisionedAgent: Deployment jenkins-linux-8-core-build-slave0220133535072 not yet finished (Running): Microsoft.Compute/virtualMachines:jenkins-linux-8-core-build-slave90ae40 - waited 270 seconds
--
Feb 20, 2018 1:40:48 PM com.microsoft.azure.vmagent.AzureVMCloud createProvisionedAgent
INFO: AzureVMCloud: createProvisionedAgent: Deployment jenkins-linux-8-core-build-slave0220133535072 not yet finished (Running): Microsoft.Compute/virtualMachines:jenkins-linux-8-core-build-slave90ae40 - waited 300 seconds
--
Feb 20, 2018 1:41:18 PM com.microsoft.azure.vmagent.AzureVMCloud createProvisionedAgent
INFO: AzureVMCloud: createProvisionedAgent: Deployment jenkins-linux-8-core-build-slave0220133535072 not yet finished (Running): Microsoft.Compute/virtualMachines:jenkins-linux-8-core-build-slave90ae40 - waited 330 seconds
--
Feb 20, 2018 1:41:49 PM com.microsoft.azure.vmagent.AzureVMCloud createProvisionedAgent
INFO: AzureVMCloud: createProvisionedAgent: Deployment jenkins-linux-8-core-build-slave0220133535072 not yet finished (Running): Microsoft.Compute/virtualMachines:jenkins-linux-8-core-build-slave90ae40 - waited 360 seconds
--
Feb 20, 2018 1:42:20 PM com.microsoft.azure.vmagent.AzureVMCloud createProvisionedAgent
INFO: AzureVMCloud: createProvisionedAgent: Deployment jenkins-linux-8-core-build-slave0220133535072 not yet finished (Running): Microsoft.Compute/virtualMachines:jenkins-linux-8-core-build-slave90ae40 - waited 390 seconds
--
Feb 20, 2018 1:42:50 PM com.microsoft.azure.vmagent.AzureVMCloud createProvisionedAgent
INFO: AzureVMCloud: createProvisionedAgent: Deployment jenkins-linux-8-core-build-slave0220133535072 not yet finished (Running): Microsoft.Compute/virtualMachines:jenkins-linux-8-core-build-slave90ae40 - waited 420 seconds
--
Feb 20, 2018 1:43:21 PM com.microsoft.azure.vmagent.AzureVMCloud createProvisionedAgent
INFO: AzureVMCloud: createProvisionedAgent: Deployment jenkins-linux-8-core-build-slave0220133535072 not yet finished (Running): Microsoft.Compute/virtualMachines:jenkins-linux-8-core-build-slave90ae40 - waited 450 seconds
--
Feb 20, 2018 1:43:52 PM com.microsoft.azure.vmagent.AzureVMCloud createProvisionedAgent
INFO: AzureVMCloud: createProvisionedAgent: Deployment jenkins-linux-8-core-build-slave0220133535072 not yet finished (Running): Microsoft.Compute/virtualMachines:jenkins-linux-8-core-build-slave90ae40 - waited 480 seconds
--
Feb 20, 2018 1:44:23 PM com.microsoft.azure.vmagent.AzureVMCloud createProvisionedAgent
INFO: AzureVMCloud: createProvisionedAgent: Deployment jenkins-linux-8-core-build-slave0220133535072 not yet finished (Running): Microsoft.Compute/virtualMachines:jenkins-linux-8-core-build-slave90ae40 - waited 510 seconds
--
Feb 20, 2018 1:44:54 PM com.microsoft.azure.vmagent.AzureVMCloud createProvisionedAgent
INFO: AzureVMCloud: createProvisionedAgent: Deployment jenkins-linux-8-core-build-slave0220133535072 not yet finished (Running): Microsoft.Compute/virtualMachines:jenkins-linux-8-core-build-slave90ae40 - waited 540 seconds
--
Feb 20, 2018 1:45:24 PM com.microsoft.azure.vmagent.AzureVMCloud createProvisionedAgent
INFO: AzureVMCloud: createProvisionedAgent: Deployment jenkins-linux-8-core-build-slave0220133535072 not yet finished (Running): Microsoft.Compute/virtualMachines:jenkins-linux-8-core-build-slave90ae40 - waited 570 seconds
--
Feb 20, 2018 1:45:55 PM com.microsoft.azure.vmagent.AzureVMCloud createProvisionedAgent
INFO: AzureVMCloud: createProvisionedAgent: Deployment jenkins-linux-8-core-build-slave0220133535072 not yet finished (Running): Microsoft.Compute/virtualMachines:jenkins-linux-8-core-build-slave90ae40 - waited 600 seconds
--
Feb 20, 2018 1:46:26 PM com.microsoft.azure.vmagent.AzureVMCloud createProvisionedAgent
INFO: AzureVMCloud: createProvisionedAgent: Deployment jenkins-linux-8-core-build-slave0220133535072 not yet finished (Running): Microsoft.Compute/virtualMachines:jenkins-linux-8-core-build-slave90ae40 - waited 630 seconds
--
Feb 20, 2018 1:46:56 PM com.microsoft.azure.vmagent.AzureVMCloud createProvisionedAgent
INFO: AzureVMCloud: createProvisionedAgent: Deployment jenkins-linux-8-core-build-slave0220133535072 not yet finished (Running): Microsoft.Compute/virtualMachines:jenkins-linux-8-core-build-slave90ae40 - waited 660 seconds
--
Feb 20, 2018 1:47:27 PM com.microsoft.azure.vmagent.AzureVMCloud createProvisionedAgent
INFO: AzureVMCloud: createProvisionedAgent: Deployment jenkins-linux-8-core-build-slave0220133535072 not yet finished (Running): Microsoft.Compute/virtualMachines:jenkins-linux-8-core-build-slave90ae40 - waited 690 seconds
--
Feb 20, 2018 1:47:57 PM com.microsoft.azure.vmagent.AzureVMCloud createProvisionedAgent
INFO: AzureVMCloud: createProvisionedAgent: Deployment jenkins-linux-8-core-build-slave0220133535072 not yet finished (Running): Microsoft.Compute/virtualMachines:jenkins-linux-8-core-build-slave90ae40 - waited 720 seconds
--
Feb 20, 2018 1:48:28 PM com.microsoft.azure.vmagent.AzureVMCloud createProvisionedAgent
INFO: AzureVMCloud: createProvisionedAgent: Deployment jenkins-linux-8-core-build-slave0220133535072 not yet finished (Running): Microsoft.Compute/virtualMachines:jenkins-linux-8-core-build-slave90ae40 - waited 750 seconds
--
Feb 20, 2018 1:48:59 PM com.microsoft.azure.vmagent.AzureVMCloud createProvisionedAgent
INFO: AzureVMCloud: createProvisionedAgent: Deployment jenkins-linux-8-core-build-slave0220133535072 not yet finished (Running): Microsoft.Compute/virtualMachines:jenkins-linux-8-core-build-slave90ae40 - waited 780 seconds
--
Feb 20, 2018 1:49:29 PM com.microsoft.azure.vmagent.AzureVMCloud createProvisionedAgent
INFO: AzureVMCloud: createProvisionedAgent: Deployment jenkins-linux-8-core-build-slave0220133535072 not yet finished (Running): Microsoft.Compute/virtualMachines:jenkins-linux-8-core-build-slave90ae40 - waited 810 seconds
--
Feb 20, 2018 1:50:00 PM com.microsoft.azure.vmagent.AzureVMCloud createProvisionedAgent
INFO: AzureVMCloud: createProvisionedAgent: Deployment jenkins-linux-8-core-build-slave0220133535072 not yet finished (Running): Microsoft.Compute/virtualMachines:jenkins-linux-8-core-build-slave90ae40 - waited 840 seconds
--
Feb 20, 2018 1:50:31 PM com.microsoft.azure.vmagent.AzureVMCloud createProvisionedAgent
INFO: AzureVMCloud: createProvisionedAgent: Deployment jenkins-linux-8-core-build-slave0220133535072 not yet finished (Running): Microsoft.Compute/virtualMachines:jenkins-linux-8-core-build-slave90ae40 - waited 870 seconds
--
Feb 20, 2018 1:51:01 PM com.microsoft.azure.vmagent.AzureVMCloud createProvisionedAgent
INFO: AzureVMCloud: createProvisionedAgent: Deployment jenkins-linux-8-core-build-slave0220133535072 not yet finished (Running): Microsoft.Compute/virtualMachines:jenkins-linux-8-core-build-slave90ae40 - waited 900 seconds
--
Feb 20, 2018 1:51:32 PM com.microsoft.azure.vmagent.AzureVMCloud createProvisionedAgent
INFO: AzureVMCloud: createProvisionedAgent: Deployment jenkins-linux-8-core-build-slave0220133535072 not yet finished (Running): Microsoft.Compute/virtualMachines:jenkins-linux-8-core-build-slave90ae40 - waited 930 seconds
--
Feb 20, 2018 1:52:03 PM com.microsoft.azure.vmagent.AzureVMCloud createProvisionedAgent
INFO: AzureVMCloud: createProvisionedAgent: Deployment jenkins-linux-8-core-build-slave0220133535072 not yet finished (Running): Microsoft.Compute/virtualMachines:jenkins-linux-8-core-build-slave90ae40 - waited 960 seconds
--
Feb 20, 2018 1:52:34 PM com.microsoft.azure.vmagent.AzureVMCloud createProvisionedAgent
INFO: AzureVMCloud: createProvisionedAgent: Deployment jenkins-linux-8-core-build-slave0220133535072 not yet finished (Running): Microsoft.Compute/virtualMachines:jenkins-linux-8-core-build-slave90ae40 - waited 990 seconds
--
Feb 20, 2018 1:53:05 PM com.microsoft.azure.vmagent.AzureVMCloud createProvisionedAgent
INFO: AzureVMCloud: createProvisionedAgent: Deployment jenkins-linux-8-core-build-slave0220133535072 not yet finished (Running): Microsoft.Compute/virtualMachines:jenkins-linux-8-core-build-slave90ae40 - waited 1,020 seconds
--
Feb 20, 2018 1:53:37 PM com.microsoft.azure.vmagent.AzureVMCloud createProvisionedAgent
INFO: AzureVMCloud: createProvisionedAgent: Deployment jenkins-linux-8-core-build-slave0220133535072 not yet finished (Running): Microsoft.Compute/virtualMachines:jenkins-linux-8-core-build-slave90ae40 - waited 1,050 seconds
--
Feb 20, 2018 1:54:08 PM com.microsoft.azure.vmagent.AzureVMCloud createProvisionedAgent
INFO: AzureVMCloud: createProvisionedAgent: Deployment jenkins-linux-8-core-build-slave0220133535072 not yet finished (Running): Microsoft.Compute/virtualMachines:jenkins-linux-8-core-build-slave90ae40 - waited 1,080 seconds
--
Feb 20, 2018 1:54:39 PM com.microsoft.azure.vmagent.AzureVMCloud createProvisionedAgent
INFO: AzureVMCloud: createProvisionedAgent: Deployment jenkins-linux-8-core-build-slave0220133535072 not yet finished (Running): Microsoft.Compute/virtualMachines:jenkins-linux-8-core-build-slave90ae40 - waited 1,110 seconds
--
Feb 20, 2018 1:55:10 PM com.microsoft.azure.vmagent.AzureVMCloud createProvisionedAgent
INFO: AzureVMCloud: createProvisionedAgent: Deployment jenkins-linux-8-core-build-slave0220133535072 not yet finished (Running): Microsoft.Compute/virtualMachines:jenkins-linux-8-core-build-slave90ae40 - waited 1,140 seconds
--
Feb 20, 2018 1:55:41 PM com.microsoft.azure.vmagent.AzureVMCloud createProvisionedAgent
INFO: AzureVMCloud: createProvisionedAgent: Deployment jenkins-linux-8-core-build-slave0220133535072 not yet finished (Running): Microsoft.Compute/virtualMachines:jenkins-linux-8-core-build-slave90ae40 - waited 1,170 seconds
--
Feb 20, 2018 1:56:12 PM com.microsoft.azure.vmagent.AzureVMCloud createProvisionedAgent
INFO: AzureVMCloud: createProvisionedAgent: Deployment jenkins-linux-8-core-build-slave0220133535072 not yet finished (Running): Microsoft.Compute/virtualMachines:jenkins-linux-8-core-build-slave90ae40 - waited 1,200 seconds
Feb 20, 2018 1:56:12 PM com.microsoft.azure.vmagent.AzureVMCloud$4 call
SEVERE: Failure creating provisioned agent 'jenkins-linux-8-core-build-slave90ae40'
--
Feb 20, 2018 1:56:12 PM com.microsoft.azure.vmagent.AzureVMManagementServiceDelegate virtualMachineExists
INFO: AzureVMManagementServiceDelegate: virtualMachineExists: check for jenkins-linux-8-core-build-slave90ae40
--
Feb 20, 2018 1:56:12 PM com.microsoft.azure.vmagent.AzureVMManagementServiceDelegate virtualMachineExists
INFO: AzureVMManagementServiceDelegate: virtualMachineExists: jenkins-linux-8-core-build-slave90ae40 exists
--
Feb 20, 2018 1:56:36 PM com.microsoft.azure.vmagent.AzureVMManagementServiceDelegate terminateVirtualMachine
INFO: AzureVMManagementServiceDelegate: terminateVirtualMachine: Removing virtual machine jenkins-linux-8-core-build-slave90ae40
--
Feb 20, 2018 2:00:23 PM com.microsoft.azure.vmagent.AzureVMManagementServiceDelegate terminateVirtualMachine
INFO: AzureVMManagementServiceDelegate: terminateVirtualMachine: Removing managed disk with id: /subscriptions/decd2077-8a7a-4b60-b29b-f9a7d432754a/resourceGroups/jenkins-slaves/providers/Microsoft.Compute/disks/jenkins-linux-8-core-build-slave90ae40_disk1_c40546905ce249ce9ff4e8b9a1b92c1c
--
Feb 20, 2018 2:01:24 PM com.microsoft.azure.vmagent.AzureVMManagementServiceDelegate terminateVirtualMachine
INFO: Clean operation starting for jenkins-linux-8-core-build-slave90ae40 NIC and IP
Feb 20, 2018 2:01:24 PM com.microsoft.azure.vmagent.AzureVMManagementServiceDelegate removeIPName
INFO: Remove NIC jenkins-linux-8-core-build-slave90ae40NIC
--
Feb 20, 2018 2:01:24 PM com.microsoft.azure.vmagent.AzureVMManagementServiceDelegate removeIPName
INFO: Remove IP jenkins-linux-8-core-build-slave90ae40IPName
