Oct 30, 2015 5:30:10 PM FINE hudson.maven.MavenModuleSetBuild$MavenModuleSetBuildExecution doRun
using maven 3 3.3.3
Oct 30, 2015 5:30:10 PM FINER hudson.maven.MavenModuleSetBuild$MavenModuleSetBuildExecution doRun
maven/29913 #35 was not configured to do incremental builds or had no changed modules, so skipping incremental build
Oct 30, 2015 5:31:24 PM FINE hudson.maven.MavenModuleSetBuild$MavenModuleSetBuildExecution doRun
maven » 29913 #37 is building with mavenVersion 3.3.3 from file jar:file:/usr/local/apache-maven-3.3.3/lib/maven-core-3.3.3.jar!/META-INF/maven/org.apache.maven/maven-core/pom.properties
Oct 30, 2015 5:31:54 PM FINE hudson.maven.MavenModuleSetBuild$PomParser
Workspace is /usr/local/jenkins/workspace/maven/29913
Oct 30, 2015 5:31:54 PM FINE hudson.maven.MavenUtil createEmbedder
components.xml from jar:file:/usr/local/jenkins/plugins/maven-plugin/WEB-INF/lib/plexus-sec-dispatcher-1.3.jar!/META-INF/plexus/components.xml
Oct 30, 2015 5:31:54 PM FINE hudson.maven.MavenUtil createEmbedder
components.xml from jar:file:/usr/local/jenkins/plugins/maven-plugin/WEB-INF/lib/maven-aether-provider-3.1.0.jar!/META-INF/plexus/components.xml
Oct 30, 2015 5:31:54 PM FINE hudson.maven.MavenUtil createEmbedder
components.xml from jar:file:/usr/local/jenkins/plugins/maven-plugin/WEB-INF/lib/aether-impl-0.9.0.M3.jar!/META-INF/plexus/components.xml
Oct 30, 2015 5:31:54 PM FINE hudson.maven.MavenUtil createEmbedder
components.xml from jar:file:/usr/local/jenkins/plugins/maven-plugin/WEB-INF/lib/wagon-http-2.4.jar!/META-INF/plexus/components.xml
Oct 30, 2015 5:31:54 PM FINE hudson.maven.MavenUtil createEmbedder
components.xml from jar:file:/usr/local/jenkins/plugins/maven-plugin/WEB-INF/lib/maven32-interceptor-1.7.jar!/META-INF/plexus/components.xml
Oct 30, 2015 5:31:54 PM FINE hudson.maven.MavenUtil createEmbedder
components.xml from jar:file:/usr/local/jenkins/plugins/maven-plugin/WEB-INF/lib/wagon-ssh-common-2.4.jar!/META-INF/plexus/components.xml
Oct 30, 2015 5:31:54 PM FINE hudson.maven.MavenUtil createEmbedder
components.xml from jar:file:/usr/local/jenkins/plugins/maven-plugin/WEB-INF/lib/maven-settings-builder-3.1.0.jar!/META-INF/plexus/components.xml
Oct 30, 2015 5:31:54 PM FINE hudson.maven.MavenUtil createEmbedder
components.xml from jar:file:/usr/local/jenkins/plugins/maven-plugin/WEB-INF/lib/wagon-ssh-external-2.4.jar!/META-INF/plexus/components.xml
Oct 30, 2015 5:31:54 PM FINE hudson.maven.MavenUtil createEmbedder
components.xml from jar:file:/usr/local/jenkins/plugins/maven-plugin/WEB-INF/lib/plexus-interactivity-api-1.0-alpha-6.jar!/META-INF/plexus/components.xml
Oct 30, 2015 5:31:54 PM FINE hudson.maven.MavenUtil createEmbedder
components.xml from jar:file:/usr/local/jenkins/plugins/maven-plugin/WEB-INF/lib/maven-model-builder-3.1.0.jar!/META-INF/plexus/components.xml
Oct 30, 2015 5:31:54 PM FINE hudson.maven.MavenUtil createEmbedder
components.xml from jar:file:/usr/local/jenkins/plugins/maven-plugin/WEB-INF/lib/wagon-ssh-2.4.jar!/META-INF/plexus/components.xml
Oct 30, 2015 5:31:54 PM FINE hudson.maven.MavenUtil createEmbedder
components.xml from jar:file:/usr/local/jenkins/plugins/maven-plugin/WEB-INF/lib/plexus-cipher-1.7.jar!/META-INF/plexus/components.xml
Oct 30, 2015 5:31:54 PM FINE hudson.maven.MavenUtil createEmbedder
components.xml from jar:file:/usr/local/jenkins/plugins/maven-plugin/WEB-INF/lib/wagon-webdav-jackrabbit-2.4.jar!/META-INF/plexus/components.xml
Oct 30, 2015 5:31:54 PM FINE hudson.maven.MavenUtil createEmbedder
components.xml from jar:file:/usr/local/jenkins/plugins/maven-plugin/WEB-INF/lib/maven31-interceptor-1.7.jar!/META-INF/plexus/components.xml
Oct 30, 2015 5:31:54 PM FINE hudson.maven.MavenUtil createEmbedder
components.xml from jar:file:/usr/local/jenkins/plugins/maven-plugin/WEB-INF/lib/aether-transport-wagon-0.9.0.M3.jar!/META-INF/plexus/components.xml
Oct 30, 2015 5:31:54 PM FINE hudson.maven.MavenUtil createEmbedder
components.xml from jar:file:/usr/local/jenkins/plugins/maven-plugin/WEB-INF/lib/maven-compat-3.1.0.jar!/META-INF/plexus/components.xml
Oct 30, 2015 5:31:54 PM FINE hudson.maven.MavenUtil createEmbedder
components.xml from jar:file:/usr/local/jenkins/plugins/maven-plugin/WEB-INF/lib/wagon-file-2.4.jar!/META-INF/plexus/components.xml
Oct 30, 2015 5:31:54 PM FINE hudson.maven.MavenUtil createEmbedder
components.xml from jar:file:/usr/local/jenkins/plugins/maven-plugin/WEB-INF/lib/aether-connector-wagon-0.9.0.M2.jar!/META-INF/plexus/components.xml
Oct 30, 2015 5:31:54 PM FINE hudson.maven.MavenUtil createEmbedder
components.xml from jar:file:/usr/local/jenkins/plugins/maven-plugin/WEB-INF/lib/maven3-interceptor-1.7.jar!/META-INF/plexus/components.xml
Oct 30, 2015 5:31:54 PM FINE hudson.maven.MavenUtil createEmbedder
components.xml from jar:file:/usr/local/jenkins/plugins/maven-plugin/WEB-INF/lib/maven-core-3.1.0.jar!/META-INF/plexus/components.xml
Oct 30, 2015 5:31:54 PM FINE hudson.maven.MavenUtil createEmbedder
components.xml from jar:file:/usr/local/jenkins/plugins/maven-plugin/WEB-INF/lib/org.eclipse.sisu.plexus-0.0.0.M5.jar!/META-INF/plexus/components.xml
Oct 30, 2015 5:31:54 PM FINE hudson.maven.MavenUtil createEmbedder
components.xml from jar:file:/usr/local/jenkins/plugins/maven-plugin/WEB-INF/lib/wagon-ftp-2.4.jar!/META-INF/plexus/components.xml
Oct 30, 2015 5:31:54 PM FINE hudson.maven.MavenUtil createEmbedder
components.xml from jar:file:/usr/local/jenkins/plugins/maven-plugin/WEB-INF/lib/lib-jenkins-maven-artifact-manager-1.2.jar!/META-INF/plexus/components.xml
Oct 30, 2015 5:31:55 PM CONFIG hudson.maven.MavenModuleSetBuild normalizePath
No need to normalize helloworld-html5
Oct 30, 2015 5:31:55 PM FINE hudson.maven.MavenModuleSetBuild normalizePath
Returning path helloworld-html5
Oct 30, 2015 5:31:55 PM FINE hudson.maven.MavenModuleSetBuild$MavenModuleSetBuildExecution doRun
using maven 3 3.3.3
Oct 30, 2015 5:31:55 PM FINER hudson.maven.MavenModuleSetBuild$MavenModuleSetBuildExecution doRun
maven/29913 #37 was not configured to do incremental builds or had no changed modules, so skipping incremental build
