System Properties
Name  ↓	Value   
JENKINS_HOME	/var/lib/jenkins
awt.toolkit	sun.awt.X11.XToolkit
com.sun.akuma.Daemon	daemonized
executable-war	/usr/lib/jenkins/jenkins.war
file.encoding	UTF-8
file.encoding.pkg	sun.io
file.separator	/
hudson.diyChunking	true
java.awt.graphicsenv	sun.awt.X11GraphicsEnvironment
java.awt.headless	true
java.awt.printerjob	sun.print.PSPrinterJob
java.class.path	/usr/lib/jenkins/jenkins.war
java.class.version	51.0
java.endorsed.dirs	/usr/lib/jvm/java-1.7.0-openjdk-1.7.0.5.x86_64/jre/lib/endorsed
java.ext.dirs	/usr/lib/jvm/java-1.7.0-openjdk-1.7.0.5.x86_64/jre/lib/ext:/usr/java/packages/lib/ext
java.home	/usr/lib/jvm/java-1.7.0-openjdk-1.7.0.5.x86_64/jre
java.io.tmpdir	/tmp
java.library.path	/usr/java/packages/lib/amd64:/usr/lib64:/lib64:/lib:/usr/lib
java.runtime.name	OpenJDK Runtime Environment
java.runtime.version	1.7.0_05-icedtea-mockbuild_2012_07_03_16_37-b00
java.specification.name	Java Platform API Specification
java.specification.vendor	Oracle Corporation
java.specification.version	1.7
java.vendor	Oracle Corporation
java.vendor.url	http://java.oracle.com/
java.vendor.url.bug	http://bugreport.sun.com/bugreport/
java.version	1.7.0_05-icedtea
java.vm.info	mixed mode
java.vm.name	OpenJDK 64-Bit Server VM
java.vm.specification.name	Java Virtual Machine Specification
java.vm.specification.vendor	Oracle Corporation
java.vm.specification.version	1.7
java.vm.vendor	Oracle Corporation
java.vm.version	23.0-b21
javax.accessibility.assistive_technologies	org.GNOME.Accessibility.JavaBridge
jna.platform.library.path	/usr/lib64:/lib64:/usr/lib:/lib
line.separator	
mail.smtp.sendpartial	true
mail.smtps.sendpartial	true
os.arch	amd64
os.name	Linux
os.version	2.6.32-71.29.1.el6.x86_64
path.separator	:
sun.arch.data.model	64
sun.boot.class.path	/usr/lib/jvm/java-1.7.0-openjdk-1.7.0.5.x86_64/jre/lib/resources.jar:/usr/lib/jvm/java-1.7.0-openjdk-1.7.0.5.x86_64/jre/lib/rt.jar:/usr/lib/jvm/java-1.7.0-openjdk-1.7.0.5.x86_64/jre/lib/sunrsasign.jar:/usr/lib/jvm/java-1.7.0-openjdk-1.7.0.5.x86_64/jre/lib/jsse.jar:/usr/lib/jvm/java-1.7.0-openjdk-1.7.0.5.x86_64/jre/lib/jce.jar:/usr/lib/jvm/java-1.7.0-openjdk-1.7.0.5.x86_64/jre/lib/charsets.jar:/usr/lib/jvm/java-1.7.0-openjdk-1.7.0.5.x86_64/jre/lib/netx.jar:/usr/lib/jvm/java-1.7.0-openjdk-1.7.0.5.x86_64/jre/lib/plugin.jar:/usr/lib/jvm/java-1.7.0-openjdk-1.7.0.5.x86_64/jre/lib/rhino.jar:/usr/lib/jvm/java-1.7.0-openjdk-1.7.0.5.x86_64/jre/lib/jfr.jar:/usr/lib/jvm/java-1.7.0-openjdk-1.7.0.5.x86_64/jre/classes
sun.boot.library.path	/usr/lib/jvm/java-1.7.0-openjdk-1.7.0.5.x86_64/jre/lib/amd64
sun.cpu.endian	little
sun.cpu.isalist	
sun.font.fontmanager	sun.awt.X11FontManager
sun.io.unicode.encoding	UnicodeLittle
sun.java.command	/usr/lib/jenkins/jenkins.war --logfile=/var/log/jenkins/jenkins.log --webroot=/var/cache/jenkins/war --daemon --httpPort=8080 --ajp13Port=8009 --debug=5 --handlerCountMax=100 --handlerCountMaxIdle=20
sun.java.launcher	SUN_STANDARD
sun.jnu.encoding	UTF-8
sun.management.compiler	HotSpot 64-Bit Tiered Compilers
sun.os.patch.level	unknown
svnkit.http.methods	Digest,Basic,NTLM,Negotiate
svnkit.ssh2.persistent	false
user.country	US
user.dir	/
user.home	/var/lib/jenkins
user.language	en
user.name	jenkins
user.timezone	America/Chicago
Environment Variables
Name  ↓	Value   
HOME	/var/lib/jenkins
LANG	en_US.UTF-8
LOGNAME	jenkins
NLSPATH	/usr/dt/lib/nls/msg/%L/%N.cat
PATH	/sbin:/usr/sbin:/bin:/usr/bin
PWD	/
SHELL	/bin/bash
SHLVL	3
TERM	xterm
USER	jenkins
XFILESEARCHPATH	/usr/dt/app-defaults/%L/Dt
_	/usr/bin/java
Plugins
Name  ↓	Version   	Enabled   	Pinned   
external-monitor-job	1.1	true	false
ldap	1.1	true	false
pam-auth	1.0	true	false
ant	1.1	true	false
javadoc	1.0	true	false
ssh-slaves	0.21	true	false
maven-plugin	1.481	true	false
subversion	1.42	true	true
plot	1.5	true	false
cloverphp	0.3.2	true	false
jdepend	1.2.3	true	false
cvs	2.5	true	true
htmlpublisher	1.0	true	false
translation	1.9	true	true
xunit	1.48	true	false
analysis-core	1.47	true	false
checkstyle	3.31	true	false
violations	0.7.11	true	false
pmd	3.32	true	false
dry	2.32