Started by timer
Building remotely on de02winterm20 in workspace D:\dwvptesting\workspace\nightly_start
parallel {
Trigger job downmerge_g2012.06
Trigger job rsync_binmod_stormcs181
Trigger job rsync_SDR_stormcs241
Trigger job downmerge_f2011.06
Trigger job rsync_binmod_stormcs241
Trigger job rsync_SDR_stormcs181
Trigger job downmerge_main
Trigger job checkbinmod
Trigger job rsync_SDR_de02winterm20
Trigger job removebinmod
Completed checkbinmod #28
Completed downmerge_f2011.06 #83
Completed removebinmod #27
Completed downmerge_main #97
Completed rsync_binmod_stormcs181 #301
Completed downmerge_g2012.06 #46
Completed rsync_binmod_stormcs241 #307
Trigger job rsync_binmod_de02winterm20
Completed rsync_binmod_de02winterm20 #270
Completed rsync_SDR_de02winterm20 #89
Completed rsync_SDR_stormcs181 #84
Completed rsync_SDR_stormcs241 #81
}
parallel {
Trigger job debuggers_clean_f2011.06_sx1_linux
Trigger job warpcores_clean_f2011.06_sx1_linux
Trigger job InnoRuntime_clean_f2011.06_sx1_linux
Trigger job debuggers_clean_f2011.06_sx1_windows
Trigger job warpcores_clean_f2011.06_sx1_windows
Trigger job InnoRuntime_clean_f2011.06_sx1_windows
Trigger job debuggers_clean_main_linux
Trigger job fastmodels_clean_main_linux
Trigger job debuggers_clean_main_windows
Trigger job warpcores_clean_main_linux
Trigger job OSCISupport_clean_main_linux
Trigger job fastmodels_clean_main_windows
Trigger job OSCISupport_clean_main_windows
parallel {
Trigger job debuggers_clean_g2012.06_linux
Trigger job InnoRuntime_clean_main_linux
Trigger job fastmodels_clean_g2012.06_linux
Trigger job warpcores_clean_main_windows
Trigger job warpcores_clean_g2012.06_linux
Trigger job OSCISupport_clean_g2012.06_linux
Trigger job vs_clean_main_linux
Trigger job debuggers_clean_g2012.06_windows
Trigger job fastmodels_clean_g2012.06_windows
Trigger job warpcores_clean_g2012.06_windows
Trigger job OSCISupport_clean_g2012.06_windows
parallel {
parallel {
Trigger job InnoRuntime_clean_main_windows
Trigger job vs_clean_main_windows
Trigger job InnoRuntime_clean_g2012.06_linux
Trigger job vs_clean_g2012.06_linux
parallel {
Trigger job InnoRuntime_clean_g2012.06_windows
Trigger job vs_clean_g2012.06_windows
Completed OSCISupport_clean_main_linux #64
Completed warpcores_clean_f2011.06_sx1_linux #58
Completed debuggers_clean_main_windows #57
Completed debuggers_clean_f2011.06_sx1_linux #56
Completed InnoRuntime_clean_f2011.06_sx1_linux #62
parallel {
Trigger job vs_vast_clean_f2011.06_sx1_linux
Trigger job vs_clean_f2011.06_sx1_linux
Completed vs_vast_clean_f2011.06_sx1_linux #56
Completed fastmodels_clean_main_linux #40
Completed vs_clean_f2011.06_sx1_linux #59
Trigger job chameleon_clean_f2011.06_sx1_linux
Completed chameleon_clean_f2011.06_sx1_linux #61
}
Completed debuggers_clean_main_linux #63
Completed warpcores_clean_main_linux #45
Completed vs_clean_g2012.06_linux #59
Completed InnoRuntime_clean_g2012.06_linux #82
}
Trigger job chameleon_clean_g2012.06_linux
Completed OSCISupport_clean_g2012.06_linux #65
Completed debuggers_clean_f2011.06_sx1_windows #56
Completed vs_clean_main_linux #61
Completed InnoRuntime_clean_f2011.06_sx1_windows #45
parallel {
Trigger job vs_clean_f2011.06_sx1_windows
Trigger job vs_vast_clean_f2011.06_sx1_windows
Completed warpcores_clean_g2012.06_linux #46
Completed InnoRuntime_clean_main_linux #84
}
Trigger job chameleon_clean_main_linux
Completed debuggers_clean_g2012.06_linux #65
Completed chameleon_clean_g2012.06_linux #77
Completed chameleon_clean_main_linux #76
Completed vs_clean_g2012.06_windows #44
Completed InnoRuntime_clean_g2012.06_windows #55
}
Trigger job chameleon_clean_g2012.06_windows
Completed vs_clean_main_windows #47
Completed InnoRuntime_clean_main_windows #58
}
Trigger job chameleon_clean_main_windows
Completed OSCISupport_clean_g2012.06_windows #42
Completed fastmodels_clean_g2012.06_linux #44
Completed warpcores_clean_g2012.06_windows #46
Completed debuggers_clean_g2012.06_windows #59
Completed warpcores_clean_main_windows #48
Completed OSCISupport_clean_main_windows #41
Completed vs_vast_clean_f2011.06_sx1_windows #43
Trigger job chameleon_vast_clean_f2011.06_sx1_windows
Completed vs_clean_f2011.06_sx1_windows #42
Trigger job chameleon_clean_f2011.06_sx1_windows
Completed chameleon_vast_clean_f2011.06_sx1_windows #49
Completed chameleon_clean_f2011.06_sx1_windows #58
}
Completed warpcores_clean_f2011.06_sx1_windows #46
FATAL: null
java.lang.NullPointerException
	at org.codehaus.groovy.runtime.callsite.GetEffectivePojoPropertySite.acceptGetProperty(GetEffectivePojoPropertySite.java:51)
	at org.codehaus.groovy.runtime.callsite.AbstractCallSite.callGetProperty(AbstractCallSite.java:227)
	at com.cloudbees.plugins.flow.FlowDelegate$_parallel_closure3.doCall(FlowDSL.groovy:196)
	at sun.reflect.NativeMethodAccessorImpl.invoke0(Native Method)
	at sun.reflect.NativeMethodAccessorImpl.invoke(NativeMethodAccessorImpl.java:39)
	at sun.reflect.DelegatingMethodAccessorImpl.invoke(DelegatingMethodAccessorImpl.java:25)
	at java.lang.reflect.Method.invoke(Method.java:597)
	at org.codehaus.groovy.reflection.CachedMethod.invoke(CachedMethod.java:90)
	at groovy.lang.MetaMethod.doMethodInvoke(MetaMethod.java:233)
	at org.codehaus.groovy.runtime.metaclass.ClosureMetaClass.invokeMethod(ClosureMetaClass.java:272)
	at groovy.lang.MetaClassImpl.invokeMethod(MetaClassImpl.java:884)
	at groovy.lang.Closure.call(Closure.java:412)
	at groovy.lang.Closure.call(Closure.java:425)
	at org.codehaus.groovy.runtime.DefaultGroovyMethods.each(DefaultGroovyMethods.java:1377)
	at org.codehaus.groovy.runtime.DefaultGroovyMethods.each(DefaultGroovyMethods.java:1349)
	at org.codehaus.groovy.runtime.dgm$149.invoke(Unknown Source)
	at org.codehaus.groovy.runtime.callsite.PojoMetaMethodSite$PojoMetaMethodSiteNoUnwrapNoCoerce.invoke(PojoMetaMethodSite.java:271)
	at org.codehaus.groovy.runtime.callsite.PojoMetaMethodSite.call(PojoMetaMethodSite.java:53)
	at org.codehaus.groovy.runtime.callsite.AbstractCallSite.call(AbstractCallSite.java:116)
	at com.cloudbees.plugins.flow.FlowDelegate.parallel(FlowDSL.groovy:195)
	at sun.reflect.NativeMethodAccessorImpl.invoke0(Native Method)
	at sun.reflect.NativeMethodAccessorImpl.invoke(NativeMethodAccessorImpl.java:39)
	at sun.reflect.DelegatingMethodAccessorImpl.invoke(DelegatingMethodAccessorImpl.java:25)
	at java.lang.reflect.Method.invoke(Method.java:597)
	at org.codehaus.groovy.reflection.CachedMethod.invoke(CachedMethod.java:90)
	at groovy.lang.MetaMethod.doMethodInvoke(MetaMethod.java:233)
	at org.codehaus.groovy.runtime.metaclass.ClosureMetaClass.invokeMethod(ClosureMetaClass.java:361)
	at groovy.lang.MetaClassImpl.invokeMethod(MetaClassImpl.java:884)
	at org.codehaus.groovy.runtime.callsite.PogoMetaClassSite.callCurrent(PogoMetaClassSite.java:66)
	at org.codehaus.groovy.runtime.callsite.CallSiteArray.defaultCallCurrent(CallSiteArray.java:46)
	at org.codehaus.groovy.runtime.callsite.AbstractCallSite.callCurrent(AbstractCallSite.java:133)
	at Script1$_run_closure1.doCall(Script1.groovy:28)
	at sun.reflect.NativeMethodAccessorImpl.invoke0(Native Method)
	at sun.reflect.NativeMethodAccessorImpl.invoke(NativeMethodAccessorImpl.java:39)
	at sun.reflect.DelegatingMethodAccessorImpl.invoke(DelegatingMethodAccessorImpl.java:25)
	at java.lang.reflect.Method.invoke(Method.java:597)
	at org.codehaus.groovy.reflection.CachedMethod.invoke(CachedMethod.java:90)
	at groovy.lang.MetaMethod.doMethodInvoke(MetaMethod.java:233)
	at org.codehaus.groovy.runtime.metaclass.ClosureMetaClass.invokeMethod(ClosureMetaClass.java:272)
	at groovy.lang.MetaClassImpl.invokeMethod(MetaClassImpl.java:884)
	at org.codehaus.groovy.runtime.callsite.PogoMetaClassSite.callCurrent(PogoMetaClassSite.java:66)
	at org.codehaus.groovy.runtime.callsite.CallSiteArray.defaultCallCurrent(CallSiteArray.java:46)
	at org.codehaus.groovy.runtime.callsite.AbstractCallSite.callCurrent(AbstractCallSite.java:133)
	at org.codehaus.groovy.runtime.callsite.AbstractCallSite.callCurrent(AbstractCallSite.java:141)
	at Script1$_run_closure1.doCall(Script1.groovy)
	at sun.reflect.NativeMethodAccessorImpl.invoke0(Native Method)
	at sun.reflect.NativeMethodAccessorImpl.invoke(NativeMethodAccessorImpl.java:39)
	at sun.reflect.DelegatingMethodAccessorImpl.invoke(DelegatingMethodAccessorImpl.java:25)
	at java.lang.reflect.Method.invoke(Method.java:597)
	at org.codehaus.groovy.reflection.CachedMethod.invoke(CachedMethod.java:90)
	at groovy.lang.MetaMethod.doMethodInvoke(MetaMethod.java:233)
	at org.codehaus.groovy.runtime.metaclass.ClosureMetaClass.invokeMethod(ClosureMetaClass.java:272)
	at groovy.lang.MetaClassImpl.invokeMethod(MetaClassImpl.java:884)
	at org.codehaus.groovy.runtime.callsite.PogoMetaClassSite.call(PogoMetaClassSite.java:39)
	at org.codehaus.groovy.runtime.callsite.CallSiteArray.defaultCall(CallSiteArray.java:42)
	at org.codehaus.groovy.runtime.callsite.AbstractCallSite.call(AbstractCallSite.java:108)
	at org.codehaus.groovy.runtime.callsite.AbstractCallSite.call(AbstractCallSite.java:112)
	at com.cloudbees.plugins.flow.FlowDSL$_executeFlowScript_closure2_closure3.doCall(FlowDSL.groovy:68)
	at sun.reflect.NativeMethodAccessorImpl.invoke0(Native Method)
	at sun.reflect.NativeMethodAccessorImpl.invoke(NativeMethodAccessorImpl.java:39)
	at sun.reflect.DelegatingMethodAccessorImpl.invoke(DelegatingMethodAccessorImpl.java:25)
	at java.lang.reflect.Method.invoke(Method.java:597)
	at org.codehaus.groovy.reflection.CachedMethod.invoke(CachedMethod.java:90)
	at org.codehaus.groovy.runtime.metaclass.ClosureMetaMethod.invoke(ClosureMetaMethod.java:80)
	at org.codehaus.groovy.runtime.callsite.PogoMetaMethodSite$PogoMetaMethodSiteNoUnwrapNoCoerce.invoke(PogoMetaMethodSite.java:308)
	at org.codehaus.groovy.runtime.callsite.PogoMetaMethodSite.callCurrent(PogoMetaMethodSite.java:52)
	at org.codehaus.groovy.runtime.callsite.CallSiteArray.defaultCallCurrent(CallSiteArray.java:46)
	at org.codehaus.groovy.runtime.callsite.AbstractCallSite.callCurrent(AbstractCallSite.java:133)
	at org.codehaus.groovy.runtime.callsite.AbstractCallSite.callCurrent(AbstractCallSite.java:141)
	at Script1.run(Script1.groovy:1)
	at Script1$run.call(Unknown Source)
	at org.codehaus.groovy.runtime.callsite.CallSiteArray.defaultCall(CallSiteArray.java:42)
	at org.codehaus.groovy.runtime.callsite.AbstractCallSite.call(AbstractCallSite.java:108)
	at org.codehaus.groovy.runtime.callsite.AbstractCallSite.call(AbstractCallSite.java:112)
	at com.cloudbees.plugins.flow.FlowDSL.executeFlowScript(FlowDSL.groovy:72)
	at com.cloudbees.plugins.flow.FlowRun$RunnerImpl.doRun(FlowRun.java:130)
	at hudson.model.AbstractBuild$AbstractRunner.run(AbstractBuild.java:480)
	at hudson.model.Run.run(Run.java:1434)
	at com.cloudbees.plugins.flow.FlowRun.run(FlowRun.java:112)
	at hudson.model.ResourceController.execute(ResourceController.java:88)
	at hudson.model.Executor.run(Executor.java:239)
	at hudson.model.OneOffExecutor.run(OneOffExecutor.java:66)
