Started by user XXXXXXXXXXXXXXXXX
Checking out Windchill RV&S #/demo#demo/demo/demo into D:\Prg\Jenkins_LTS_2.235.2\workspace\Maineline_Test_PS_3@script to read Jenkinsfile
[Local Client] Checkout started using local client for :#/demo#demo/demo/demo
Preparing to execute si projectinfo for #/demo#demo/demo/demo
[LocalClient] Clean Copy Requested :false
[LocalClient] Checking sandbox exists for :#/demo#demo/demo/demo
[LocalClient] Existing workspace sandbox :d:\Prg\Jenkins_LTS_2.235.2\workspace\Maineline_Test_PS_3@script\project.pj
[LocalClient] Checking sandbox. Sandbox Project: /demo/demo/demo/demo/project.pj & Jenkins project: /demo/demo/demo/demo/project.pj
[LocalClient] Executing ConfigureSandbox :D:\Prg\Jenkins_LTS_2.235.2\workspace\Maineline_Test_PS_3@script
[LocalClient] ConfigureSandbox response:0
[LocalClient] Starting Resync Task..
[LocalClient] Executing IntegrityResyncSandboxTask :D:\Prg\Jenkins_LTS_2.235.2\workspace\Maineline_Test_PS_3@script
[LocalClient] Executing ResyncSandbox :D:\Prg\Jenkins_LTS_2.235.2\workspace\Maineline_Test_PS_3@script
[LocalClient] ResyncSandbox Response:0
[LocalClient] Change log successfully generated: D:\Prg\Jenkins_LTS_2.235.2\jobs\Maineline_Test_PS_3\builds\10\changelog368106067813424076.xml
[LocalClient] Resync SandBox Success!
[LocalClient] Checkout complete!
Resume disabled by user, switching to high-performance, low-durability mode.
[Pipeline] Start of Pipeline
[Pipeline] withEnv
[Pipeline] {
[Pipeline] stage
[Pipeline] { (CleanWS)
[Pipeline] node
Still waiting to schedule task
Waiting for next available executor on ‘slave’
Running on ‘slave’ in C:\USRTMP\Jenkins\workspace\Maineline_Test_PS_3
[Pipeline] {
[Pipeline] checkout
[Local Client] Checkout started using local client for :#/demo#demo/demo/demo
Preparing to execute si projectinfo for #/demo#demo/demo/demo
[LocalClient] Clean Copy Requested :false
[LocalClient] Checking sandbox exists for :#/demo#demo/demo/demo
[LocalClient] The sandbox C:\USRTMP\Jenkins\workspace\Maineline_Test_PS_3\project.pj could not be located: MKS125216: The sandbox file c:\USRTMP\Jenkins\workspace\Maineline_Test_PS_3\project.pj is not registered with the system.
[LocalClient] Executing CreateSandbox :C:\USRTMP\Jenkins\workspace\Maineline_Test_PS_3
[LocalClient] Starting Resync Task..
hudson.AbortException: [LocalClient] Failed to resync workspace!
	at hudson.scm.IntegritySCM.checkoutUsingLocalClient(IntegritySCM.java:443)
	at hudson.scm.IntegritySCM.checkout(IntegritySCM.java:398)
	at org.jenkinsci.plugins.workflow.steps.scm.SCMStep.checkout(SCMStep.java:125)
	at org.jenkinsci.plugins.workflow.steps.scm.SCMStep$StepExecutionImpl.run(SCMStep.java:93)
	at org.jenkinsci.plugins.workflow.steps.scm.SCMStep$StepExecutionImpl.run(SCMStep.java:80)
	at org.jenkinsci.plugins.workflow.steps.SynchronousNonBlockingStepExecution.lambda$start$0(SynchronousNonBlockingStepExecution.java:47)
	at java.util.concurrent.Executors$RunnableAdapter.call(Unknown Source)
	at java.util.concurrent.FutureTask.run(Unknown Source)
	at java.util.concurrent.ThreadPoolExecutor.runWorker(Unknown Source)
	at java.util.concurrent.ThreadPoolExecutor$Worker.run(Unknown Source)
	at java.lang.Thread.run(Unknown Source)
[Pipeline] }
[Pipeline] // node
[Pipeline] }
[Pipeline] // stage
[Pipeline] }
[Pipeline] // withEnv
[Pipeline] End of Pipeline
ERROR: [Local Client] Exception occured during checkout! [LocalClient] Failed to resync workspace!
Finished: FAILURE