[Pipeline] Start of Pipeline
[Pipeline] lock
Trying to acquire lock on [Resource: cb2]
Resource [cb2] did not exist. Created.
Lock acquired on [Resource: cb2]
[Pipeline] {
[Pipeline] node
Running on ubuntu03
 in /home/user/Jenkins/workspace/nightly_tests
[Pipeline] {
[Pipeline] timestamps
[Pipeline] {
[Pipeline] withEnv
[Pipeline] {
[Pipeline] stage
[Pipeline] { (init)
[Pipeline] echo
[Pipeline] checkout
14:15:19  Executor number at runtime: 0
14:15:19  (p4):cmd:... p4 login
14:15:19  p4 login
14:15:19  
14:15:19  User xbuild.user logged in.
14:15:19  
14:15:19  (p4):stop:4
14:15:19  (p4):cmd:... p4 login -s
14:15:19  p4 login -s
14:15:19  
14:15:19  User xbuild.user ticket expires in 114332 hours 58 minutes.
14:15:19  
14:15:19  (p4):stop:5
14:15:19  (p4):cmd:... p4 client -o xbuild_user_test_prod_REL_11_1_ubuntu03_13_ws
14:15:19  p4 client -o xbuild_user_test_prod_REL_11_1_ubuntu03_13_ws
14:15:19  
14:15:19  (p4):stop:6
14:15:19  (p4):cmd:... p4 info
14:15:19  p4 info
14:15:19  
14:15:19  (p4):stop:7
14:15:19  (p4):cmd:... p4 info
14:15:19  p4 info
14:15:19  
14:15:19  (p4):stop:8
14:15:19  (p4):cmd:... p4 client -o xbuild_user_test_prod_REL_11_1_ubuntu03_13_ws
14:15:19  p4 client -o xbuild_user_test_prod_REL_11_1_ubuntu03_13_ws
14:15:19  
14:15:19  (p4):stop:9
14:15:19  (p4):cmd:... p4 client -i
14:15:19  p4 client -i
14:15:19  
14:15:19  Client xbuild_user_test_prod_REL_11_1_ubuntu03_13_ws saved.
14:15:19  
14:15:19  (p4):stop:10
14:15:19  (p4):cmd:...   View:
14:15:19        null null
[redacted]
14:15:19  ...   Stream: 
14:15:19  ...   Root: /home/user/Jenkins/workspace/nightly_tests
14:15:19  (p4):stop:
14:15:19  (p4):cmd:... p4 counter change
14:15:19  p4 counter change
14:15:19  
14:15:19  (p4):stop:11
[redacted]
14:15:19  (p4):stop:13
14:15:19  P4: found 6675821 revision in //xbuild_user_test_prod_REL_11_1_ubuntu03_13_ws/...@6674821,6675821
14:15:19  (p4):cmd:... p4 repos -C
14:15:19  p4 repos -C
14:15:19  
14:15:19  (p4):stop:14
14:15:19  P4: builds: 6675821 
14:15:23  (p4):cmd:... p4 login
14:15:23  p4 login
14:15:23  
14:15:24  User xbuild.user logged in.
14:15:24  
14:15:24  (p4):stop:4
14:15:24  (p4):cmd:... p4 login -s
14:15:24  p4 login -s
14:15:24  
14:15:25  User xbuild.user ticket expires in 114332 hours 58 minutes.
14:15:25  
14:15:25  (p4):stop:5
14:15:25  (p4):cmd:... p4 client -o xbuild_user_test_prod_REL_11_1_ubuntu03_13_ws
14:15:25  p4 client -o xbuild_user_test_prod_REL_11_1_ubuntu03_13_ws
14:15:25  
14:15:26  (p4):stop:6
14:15:26  (p4):cmd:... p4 info
14:15:26  p4 info
14:15:26  
14:15:26  (p4):stop:7
14:15:26  (p4):cmd:... p4 info
14:15:26  p4 info
14:15:26  
14:15:27  (p4):stop:8
14:15:27  (p4):cmd:... p4 client -o xbuild_user_test_prod_REL_11_1_ubuntu03_13_ws
14:15:27  p4 client -o xbuild_user_test_prod_REL_11_1_ubuntu03_13_ws
14:15:27  
14:15:27  (p4):stop:9
14:15:28  (p4):cmd:... p4 client -i
14:15:28  p4 client -i
14:15:28  
14:15:29  Client xbuild_user_test_prod_REL_11_1_ubuntu03_13_ws not changed.
14:15:29  
14:15:29  (p4):stop:10
14:15:29  (p4):cmd:...   View:
14:15:29        null null
[redacted]
14:15:29  ...   Stream: 
14:15:29  ...   Root: /home/user/Jenkins/workspace/nightly_tests
14:15:29  (p4):stop:
14:15:29  
14:15:29  P4 Task: establishing connection.
14:15:29  ... server: p4build02.hh.imgtec.org:1666
14:15:29  ... node: ubuntu03
14:15:29  (p4):cmd:... p4 where /home/user/Jenkins/workspace/nightly_tests/prod/___
14:15:29  p4 where /home/user/Jenkins/workspace/nightly_tests/prod/run_tests.groovy
14:15:29  
14:15:29  /home/user/Jenkins/workspace/nightly_tests/prod/run_tests.groovy - file(s) not in client view.
14:15:29  
14:15:29  (p4):stop:11
14:15:30  (p4):cmd:... p4 streams
14:15:30  p4 streams
14:15:30  
14:15:30  No such stream.
14:15:30  
14:15:30  (p4):stop:12
14:15:30  P4 Task: attempt: 1
14:15:33  ERROR: P4: Task Exception: java.lang.RuntimeException: P4JAVA: Error in finding type of stream.java.lang.IndexOutOfBoundsException: Index 0 out of bounds for length 0
14:15:33  ERROR: Maximum checkout retry attempts reached, aborting
[Pipeline] }
[Pipeline] // stage
[Pipeline] stage
[Pipeline] { (final)
[Pipeline] echo
14:15:33  [info] releasing the device: cb2
[Pipeline] echo
14:15:33  [info] cleaning up build and test artifacts
[Pipeline] sh
14:15:37  + rm -rf *.cmd *.log *.txz *.csv *.xml* *.txt
[Pipeline] dir
14:15:38  Running in /home/user/Jenkins/workspace/nightly_tests/prod
[Pipeline] {
[Pipeline] deleteDir
[Pipeline] }
[Pipeline] // dir
[Pipeline] }
[Pipeline] // stage
[Pipeline] }
[Pipeline] // withEnv
[Pipeline] }
[Pipeline] // timestamps
[Pipeline] }
[Pipeline] // node
[Pipeline] }
Lock released on resource [Resource: cb2]
[Pipeline] // lock
[Pipeline] End of Pipeline
ERROR: P4: Task Exception: java.lang.RuntimeException: P4JAVA: Error in finding type of stream.java.lang.IndexOutOfBoundsException: Index 0 out of bounds for length 0
Finished: FAILURE
