NFO: Ping failed. Terminating the channel mhub-linux9.
java.util.concurrent.TimeoutException: Ping started at 1650918046729 hasn't completed by 1650918286729
  at hudson.remoting.PingThread.ping(PingThread.java:132)
  at hudson.remoting.PingThread.run(PingThread.java:88)

Apr 25, 2022 4:24:47 PM org.jenkinsci.plugins.buildenvironment.data.EnvVarsData initializeDataMap
INFO: ERROR: Not all environment variables could be successfully injected. Check for similarly-named environment variables.
Apr 25, 2022 4:24:49 PM hudson.security.csrf.CrumbFilter doFilter
WARNING: Found invalid crumb e6b70494922d55620eb8b6fe41b3d5129a47431bb384b8d2989d607249e820cc. If you are calling this URL with a script, please use the API Token instead. More information: https://www.jenkins.io/redirect/crumb-cannot-be-used-for-script
Apr 25, 2022 4:24:49 PM hudson.security.csrf.CrumbFilter doFilter
WARNING: No valid crumb was included in request for /view/4.1.3/ajaxBuildQueue by aweiss. Returning 403.
Apr 25, 2022 4:24:49 PM hudson.security.csrf.CrumbFilter doFilter
WARNING: Found invalid crumb e6b70494922d55620eb8b6fe41b3d5129a47431bb384b8d2989d607249e820cc. If you are calling this URL with a script, please use the API Token instead. More information: https://www.jenkins.io/redirect/crumb-cannot-be-used-for-script
Apr 25, 2022 4:24:49 PM hudson.security.csrf.CrumbFilter doFilter
WARNING: No valid crumb was included in request for /view/4.1.3/ajaxExecutors by aweiss. Returning 403.
Apr 25, 2022 4:24:49 PM hudson.remoting.SynchronousCommandTransport$ReaderThread run
INFO: I/O error in channel mhub-linux9
java.io.IOException: Unexpected termination of the channel
  at hudson.remoting.SynchronousCommandTransport$ReaderThread.run(SynchronousCommandTransport.java:75)
Caused by: java.io.EOFException
  at java.base/java.io.ObjectInputStream$PeekInputStream.readFully(ObjectInputStream.java:2905)
  at java.base/java.io.ObjectInputStream$BlockDataInputStream.readShort(ObjectInputStream.java:3400)
  at java.base/java.io.ObjectInputStream.readStreamHeader(ObjectInputStream.java:936)
  at java.base/java.io.ObjectInputStream.<init>(ObjectInputStream.java:379)
  at hudson.remoting.ObjectInputStreamEx.<init>(ObjectInputStreamEx.java:49)
  at hudson.remoting.Command.readFrom(Command.java:142)
  at hudson.remoting.Command.readFrom(Command.java:128)

Apr 25, 2022 4:24:47 PM org.jenkinsci.plugins.buildenvironment.data.EnvVarsData initializeDataMap
INFO: ERROR: Not all environment variables could be successfully injected. Check for similarly-named environment variables.
Apr 25, 2022 4:24:49 PM hudson.security.csrf.CrumbFilter doFilter
WARNING: Found invalid crumb e6b70494922d55620eb8b6fe41b3d5129a47431bb384b8d2989d607249e820cc. If you are calling this URL with a script, please use the API Token instead. More information: https://www.jenkins.io/redirect/crumb-cannot-be-used-for-script
Apr 25, 2022 4:24:49 PM hudson.security.csrf.CrumbFilter doFilter
WARNING: No valid crumb was included in request for /view/4.1.3/ajaxBuildQueue by aweiss. Returning 403.
Apr 25, 2022 4:24:49 PM hudson.security.csrf.CrumbFilter doFilter
WARNING: Found invalid crumb e6b70494922d55620eb8b6fe41b3d5129a47431bb384b8d2989d607249e820cc. If you are calling this URL with a script, please use the API Token instead. More information: https://www.jenkins.io/redirect/crumb-cannot-be-used-for-script
Apr 25, 2022 4:24:49 PM hudson.security.csrf.CrumbFilter doFilter
WARNING: No valid crumb was included in request for /view/4.1.3/ajaxExecutors by aweiss. Returning 403.
Apr 25, 2022 4:24:49 PM hudson.remoting.SynchronousCommandTransport$ReaderThread run
INFO: I/O error in channel mhub-linux9
java.io.IOException: Unexpected termination of the channel
  at hudson.remoting.SynchronousCommandTransport$ReaderThread.run(SynchronousCommandTransport.java:75)
Caused by: java.io.EOFException
  at java.base/java.io.ObjectInputStream$PeekInputStream.readFully(ObjectInputStream.java:2905)
  at java.base/java.io.ObjectInputStream$BlockDataInputStream.readShort(ObjectInputStream.java:3400)
  at java.base/java.io.ObjectInputStream.readStreamHeader(ObjectInputStream.java:936)
  at java.base/java.io.ObjectInputStream.<init>(ObjectInputStream.java:379)
  at hudson.remoting.ObjectInputStreamEx.<init>(ObjectInputStreamEx.java:49)
  at hudson.remoting.Command.readFrom(Command.java:142)
  at hudson.remoting.Command.readFrom(Command.java:128)
  at hudson.remoting.AbstractSynchronousByteArrayCommandTransport.read(AbstractSynchronousByteArrayCommandTransport.java:35)
  at hudson.remoting.SynchronousCommandTransport$ReaderThread.run(SynchronousCommandTransport.java:61)

Apr 25, 2022 4:24:49 PM org.jenkinsci.plugins.p4.client.SessionHelper isLogin
INFO: Found session entry for: 6a3f3100-3b3c-48de-9bb2-49c053949c14(build:2147483641203)
Apr 25, 2022 4:24:49 PM org.jenkinsci.plugins.p4.client.SessionHelper login
INFO: Setting connection's ticket from cache: 27AC91D150B7C6D1A234D05114C8E172
Apr 25, 2022 4:24:49 PM org.jenkinsci.plugins.p4.client.SessionHelper isLogin
INFO: Found session entry for: 6a3f3100-3b3c-48de-9bb2-49c053949c14(build:2147483641203)
Apr 25, 2022 4:24:49 PM org.jenkinsci.plugins.p4.client.SessionHelper login
INFO: Setting connection's ticket from cache: 27AC91D150B7C6D1A234D05114C8E172
Apr 25, 2022 4:24:49 PM org.jenkinsci.plugins.buildenvironment.data.EnvVarsData initializeDataMap
INFO: ERROR: Not all environment variables could be successfully injected. Check for similarly-named environment variables.
Apr 25, 2022 4:24:49 PM org.jenkinsci.plugins.buildenvironment.data.EnvVarsData initializeDataMap
INFO: ERROR: mhub-linux9 is offline; cannot locate JRE8(64)
Apr 25, 2022 4:24:49 PM jenkins.util.Listeners lambda$notify$0
WARNING: null
java.lang.NullPointerException

Apr 25, 2022 4:24:49 PM org.jenkinsci.plugins.buildenvironment.data.EnvVarsData initializeDataMap
INFO: ERROR: mhub-linux9 is offline; cannot locate JRE8(64)
Apr 25, 2022 4:24:49 PM jenkins.util.Listeners lambda$notify$0
WARNING: null


