Warning: no key algorithms provided; JENKINS-42959 disabled
SSHLauncher{host='build10d-whs-04.dev.webmd.com', port=22, credentialsId='s.jenkins', jvmOptions='', javaPath='', prefixStartSlaveCmd='', suffixStartSlaveCmd='', launchTimeoutSeconds=60, maxNumRetries=10, retryWaitTime=15, sshHostKeyVerificationStrategy=hudson.plugins.sshslaves.verifiers.KnownHostsFileKeyVerificationStrategy, tcpNoDelay=true, trackCredentials=true}
[01/24/25 13:53:48] [SSH] Opening SSH connection to build10d-whs-04.dev.webmd.com:22.
Searching for build10d-whs-04.dev.webmd.com in C:\Users\whsbuilduser\.ssh\known_hosts
Searching for build10d-whs-04.dev.webmd.com:22 in C:\Users\whsbuilduser\.ssh\known_hosts
[01/24/25 13:53:48] [SSH] SSH host key matches key in Known Hosts file. Connection will be allowed.
[01/24/25 13:53:48] [SSH] Authentication successful.
[01/24/25 13:53:48] [SSH] The remote user's environment is:
ALLUSERSPROFILE=C:\ProgramData
APPDATA=C:\Users\s.jenkins\AppData\Roaming
c28fc6f98a2c44abbbd89d6a3037d0d9_POSIX_FD_STATE=AAAAAAICAgA=
CommonProgramFiles=C:\Program Files\Common Files
CommonProgramFiles(x86)=C:\Program Files (x86)\Common Files
CommonProgramW6432=C:\Program Files\Common Files
COMPUTERNAME=BUILD10D-WHS-04
ComSpec=C:\Windows\system32\cmd.exe
DriverData=C:\Windows\System32\Drivers\DriverData
HOME=C:\Users\s.jenkins
HOMEDRIVE=C:
HOMEPATH=\Users\s.jenkins
JAVA_HOME=C:\Program Files\Microsoft\jdk-21.0.6.7-hotspot
LOCALAPPDATA=C:\Users\s.jenkins\AppData\Local
LOGNAME=dev\s.jenkins
NUMBER_OF_PROCESSORS=8
OS=Windows_NT
Path=C:\Program Files\Microsoft\jdk-21.0.6.7-hotspot\bin;C:\Windows\system32;C:\Windows;C:\Windows\System32\Wbem;C:\Windows\System32\WindowsPowerShell\v1.0\;C:\Windows\System32\OpenSSH\;C:\cinc-project\cinc\bin\;c:\Program Files\PowerShell\7\;C:\Users\s.jenkins\AppData\Local\Microsoft\WindowsApps;
PATHEXT=.COM;.EXE;.BAT;.CMD;.VBS;.VBE;.JS;.JSE;.WSF;.WSH;.MSC
POWERSHELL_DISTRIBUTION_CHANNEL=MSI:Windows Server 2019 Datacenter
PROCESSOR_ARCHITECTURE=AMD64
PROCESSOR_IDENTIFIER=Intel64 Family 6 Model 79 Stepping 1, GenuineIntel
PROCESSOR_LEVEL=6
PROCESSOR_REVISION=4f01
ProgramData=C:\ProgramData
ProgramFiles=C:\Program Files
ProgramFiles(x86)=C:\Program Files (x86)
ProgramW6432=C:\Program Files
PROMPT=dev\s.jenkins@BUILD10D-WHS-04 $P$G
PSModulePath=C:\Program Files\WindowsPowerShell\Modules;C:\Windows\system32\WindowsPowerShell\v1.0\Modules
PUBLIC=C:\Users\Public
SHELL=c:\windows\system32\cmd.exe
SOFTWARE_SHARE=\\10.32.30.81\software$\
SSH_CLIENT=10.32.30.68 60502 22
SSH_CONNECTION=10.32.30.68 60502 10.194.97.30 22
SystemDrive=C:
SystemRoot=C:\Windows
TEMP=C:\Users\s.jenkins\AppData\Local\Temp
TMP=C:\Users\s.jenkins\AppData\Local\Temp
USER=dev\s.jenkins
USERDOMAIN=DEV
USERNAME=s.jenkins
USERPROFILE=C:\Users\s.jenkins
windir=C:\Windows
Checking Java version in the PATH
openjdk version "21.0.6" 2025-01-21 LTS
OpenJDK Runtime Environment Microsoft-10800203 (build 21.0.6+7-LTS)
OpenJDK 64-Bit Server VM Microsoft-10800203 (build 21.0.6+7-LTS, mixed mode, sharing)
[01/24/25 13:53:48] [SSH] Checking java version of D:\J/jdk/bin/java
Couldn't figure out the Java version of D:\J/jdk/bin/java
The system cannot find the path specified.

[01/24/25 13:53:48] [SSH] Checking java version of java
[01/24/25 13:53:48] [SSH] java -version returned 21.0.6.
[01/24/25 13:53:48] [SSH] Starting sftp client.
ERROR: [01/24/25 13:53:48] [SSH] SFTP failed. Copying via SCP.
java.io.IOException: The subsystem request failed.
	at PluginClassLoader for trilead-api//com.trilead.ssh2.channel.ChannelManager.requestSubSystem(ChannelManager.java:741)
	at PluginClassLoader for trilead-api//com.trilead.ssh2.Session.startSubSystem(Session.java:362)
	at PluginClassLoader for trilead-api//com.trilead.ssh2.SFTPv3Client.<init>(SFTPv3Client.java:100)
	at PluginClassLoader for trilead-api//com.trilead.ssh2.SFTPv3Client.<init>(SFTPv3Client.java:119)
	at PluginClassLoader for trilead-api//com.trilead.ssh2.jenkins.SFTPClient.<init>(SFTPClient.java:43)
	at PluginClassLoader for ssh-slaves//hudson.plugins.sshslaves.SSHLauncher.copyAgentJar(SSHLauncher.java:684)
	at PluginClassLoader for ssh-slaves//hudson.plugins.sshslaves.SSHLauncher.lambda$launch$0(SSHLauncher.java:463)
	at java.base/java.util.concurrent.FutureTask.run(FutureTask.java:264)
	at java.base/java.util.concurrent.ThreadPoolExecutor.runWorker(ThreadPoolExecutor.java:1136)
	at java.base/java.util.concurrent.ThreadPoolExecutor$Worker.run(ThreadPoolExecutor.java:635)
	at java.base/java.lang.Thread.run(Thread.java:840)
Caused by: java.io.IOException: The server denied the request.
	at PluginClassLoader for trilead-api//com.trilead.ssh2.channel.ChannelManager.requestSubSystem(ChannelManager.java:737)
	... 10 more
'test' is not recognized as an internal or external command,
operable program or batch file.
[01/24/25 13:53:48] [SSH] Remote file system root D:\J does not exist. Will try to create it...
A subdirectory or file D:\J already exists.
Error occurred while processing: D:\J.
Failed to create D:\J
[01/24/25 13:53:48] [SSH] Copying latest remoting.jar...
Expanded the channel window size to 4MB
[01/24/25 13:53:49] [SSH] Starting agent process: cd "D:\J" && java  -jar remoting.jar -workDir D:\J -jar-cache D:\J/remoting/jarCache
Error: Unable to access jarfile remoting.jar
Agent JVM has terminated. Exit code=1
[01/24/25 13:53:49] Launch failed - cleaning up connection
[01/24/25 13:53:49] [SSH] Connection closed.