21 descriptors are open
#1 /home/jenkins/jenkins/plugins/maven-plugin/WEB-INF/lib/plexus-component-annotations-1.5.5.jar by thread:Computer.threadPoolForRemoting [#12] for buildsrv02 on Tue Jun 14 16:12:27 CEST 2016
	at java.util.zip.ZipFile.<init>(ZipFile.java:146)
	at java.util.jar.JarFile.<init>(JarFile.java:154)
	at java.util.jar.JarFile.<init>(JarFile.java:91)
	at sun.net.www.protocol.jar.URLJarFile.<init>(URLJarFile.java:93)
	at sun.net.www.protocol.jar.URLJarFile.getJarFile(URLJarFile.java:69)
	at sun.net.www.protocol.jar.JarFileFactory.get(JarFileFactory.java:84)
	at sun.net.www.protocol.jar.JarURLConnection.connect(JarURLConnection.java:122)
	at sun.net.www.protocol.jar.JarURLConnection.getInputStream(JarURLConnection.java:150)
	at java.net.URL.openStream(URL.java:1048)
	at hudson.remoting.ResourceImageDirect.<init>(ResourceImageDirect.java:29)
	at hudson.remoting.ResourceImageBoth.<init>(ResourceImageBoth.java:15)
	at hudson.remoting.RemoteClassLoader$ClassLoaderProxy.fetch4(RemoteClassLoader.java:786)
	at hudson.remoting.RemoteClassLoader$ClassLoaderProxy.fetch3(RemoteClassLoader.java:803)
	at sun.reflect.GeneratedMethodAccessor124.invoke(Unknown Source)
	at sun.reflect.DelegatingMethodAccessorImpl.invoke(DelegatingMethodAccessorImpl.java:43)
	at java.lang.reflect.Method.invoke(Method.java:606)
	at hudson.remoting.RemoteInvocationHandler$RPCRequest.perform(RemoteInvocationHandler.java:884)
	at hudson.remoting.Request$2.run(Request.java:332)
	at hudson.remoting.InterceptingExecutorService$1.call(InterceptingExecutorService.java:68)
	at org.jenkinsci.remoting.CallableDecorator.call(CallableDecorator.java:18)
	at hudson.remoting.CallableDecoratorList$1.call(CallableDecoratorList.java:21)
	at jenkins.util.ContextResettingExecutorService$2.call(ContextResettingExecutorService.java:46)
	at java.util.concurrent.FutureTask.run(FutureTask.java:262)
	at java.util.concurrent.ThreadPoolExecutor.runWorker(ThreadPoolExecutor.java:1145)
	at java.util.concurrent.ThreadPoolExecutor$Worker.run(ThreadPoolExecutor.java:615)
	at java.lang.Thread.run(Thread.java:745)
#2 /home/jenkins/jenkins/plugins/maven-plugin/WEB-INF/lib/org.eclipse.sisu.inject-0.0.0.M5.jar by thread:Computer.threadPoolForRemoting [#12] for buildsrv02 on Tue Jun 14 16:12:26 CEST 2016
	at java.util.zip.ZipFile.<init>(ZipFile.java:146)
	at java.util.jar.JarFile.<init>(JarFile.java:154)
	at java.util.jar.JarFile.<init>(JarFile.java:91)
	at sun.net.www.protocol.jar.URLJarFile.<init>(URLJarFile.java:93)
	at sun.net.www.protocol.jar.URLJarFile.getJarFile(URLJarFile.java:69)
	at sun.net.www.protocol.jar.JarFileFactory.get(JarFileFactory.java:84)
	at sun.net.www.protocol.jar.JarURLConnection.connect(JarURLConnection.java:122)
	at sun.net.www.protocol.jar.JarURLConnection.getInputStream(JarURLConnection.java:150)
	at java.net.URL.openStream(URL.java:1048)
	at hudson.remoting.RemoteClassLoader$ClassLoaderProxy.fetch3(RemoteClassLoader.java:810)
	at sun.reflect.GeneratedMethodAccessor124.invoke(Unknown Source)
	at sun.reflect.DelegatingMethodAccessorImpl.invoke(DelegatingMethodAccessorImpl.java:43)
	at java.lang.reflect.Method.invoke(Method.java:606)
	at hudson.remoting.RemoteInvocationHandler$RPCRequest.perform(RemoteInvocationHandler.java:884)
	at hudson.remoting.Request$2.run(Request.java:332)
	at hudson.remoting.InterceptingExecutorService$1.call(InterceptingExecutorService.java:68)
	at org.jenkinsci.remoting.CallableDecorator.call(CallableDecorator.java:18)
	at hudson.remoting.CallableDecoratorList$1.call(CallableDecoratorList.java:21)
	at jenkins.util.ContextResettingExecutorService$2.call(ContextResettingExecutorService.java:46)
	at java.util.concurrent.FutureTask.run(FutureTask.java:262)
	at java.util.concurrent.ThreadPoolExecutor.runWorker(ThreadPoolExecutor.java:1145)
	at java.util.concurrent.ThreadPoolExecutor$Worker.run(ThreadPoolExecutor.java:615)
	at java.lang.Thread.run(Thread.java:745)
#3 /home/jenkins/jenkins/plugins/maven-plugin/WEB-INF/lib/httpclient-4.5.1.jar by thread:Computer.threadPoolForRemoting [#14] for buildsrv02 on Tue Jun 14 16:12:30 CEST 2016
	at java.util.zip.ZipFile.<init>(ZipFile.java:146)
	at java.util.jar.JarFile.<init>(JarFile.java:154)
	at java.util.jar.JarFile.<init>(JarFile.java:91)
	at sun.net.www.protocol.jar.URLJarFile.<init>(URLJarFile.java:93)
	at sun.net.www.protocol.jar.URLJarFile.getJarFile(URLJarFile.java:69)
	at sun.net.www.protocol.jar.JarFileFactory.get(JarFileFactory.java:84)
	at sun.net.www.protocol.jar.JarURLConnection.connect(JarURLConnection.java:122)
	at sun.net.www.protocol.jar.JarURLConnection.getInputStream(JarURLConnection.java:150)
	at java.net.URL.openStream(URL.java:1048)
	at hudson.remoting.ResourceImageDirect.<init>(ResourceImageDirect.java:29)
	at hudson.remoting.ResourceImageBoth.<init>(ResourceImageBoth.java:15)
	at hudson.remoting.RemoteClassLoader$ClassLoaderProxy.fetch4(RemoteClassLoader.java:786)
	at hudson.remoting.RemoteClassLoader$ClassLoaderProxy.fetch3(RemoteClassLoader.java:803)
	at sun.reflect.GeneratedMethodAccessor124.invoke(Unknown Source)
	at sun.reflect.DelegatingMethodAccessorImpl.invoke(DelegatingMethodAccessorImpl.java:43)
	at java.lang.reflect.Method.invoke(Method.java:606)
	at hudson.remoting.RemoteInvocationHandler$RPCRequest.perform(RemoteInvocationHandler.java:884)
	at hudson.remoting.Request$2.run(Request.java:332)
	at hudson.remoting.InterceptingExecutorService$1.call(InterceptingExecutorService.java:68)
	at org.jenkinsci.remoting.CallableDecorator.call(CallableDecorator.java:18)
	at hudson.remoting.CallableDecoratorList$1.call(CallableDecoratorList.java:21)
	at jenkins.util.ContextResettingExecutorService$2.call(ContextResettingExecutorService.java:46)
	at java.util.concurrent.FutureTask.run(FutureTask.java:262)
	at java.util.concurrent.ThreadPoolExecutor.runWorker(ThreadPoolExecutor.java:1145)
	at java.util.concurrent.ThreadPoolExecutor$Worker.run(ThreadPoolExecutor.java:615)
	at java.lang.Thread.run(Thread.java:745)
#4 /home/jenkins/jenkins/plugins/maven-plugin/WEB-INF/lib/aether-util-0.9.0.M3.jar by thread:Computer.threadPoolForRemoting [#14] for buildsrv02 on Tue Jun 14 16:12:34 CEST 2016
	at java.util.zip.ZipFile.<init>(ZipFile.java:146)
	at java.util.jar.JarFile.<init>(JarFile.java:154)
	at java.util.jar.JarFile.<init>(JarFile.java:91)
	at sun.net.www.protocol.jar.URLJarFile.<init>(URLJarFile.java:93)
	at sun.net.www.protocol.jar.URLJarFile.getJarFile(URLJarFile.java:69)
	at sun.net.www.protocol.jar.JarFileFactory.get(JarFileFactory.java:84)
	at sun.net.www.protocol.jar.JarURLConnection.connect(JarURLConnection.java:122)
	at sun.net.www.protocol.jar.JarURLConnection.getInputStream(JarURLConnection.java:150)
	at java.net.URL.openStream(URL.java:1048)
	at hudson.remoting.RemoteClassLoader$ClassLoaderProxy.fetch3(RemoteClassLoader.java:810)
	at sun.reflect.GeneratedMethodAccessor124.invoke(Unknown Source)
	at sun.reflect.DelegatingMethodAccessorImpl.invoke(DelegatingMethodAccessorImpl.java:43)
	at java.lang.reflect.Method.invoke(Method.java:606)
	at hudson.remoting.RemoteInvocationHandler$RPCRequest.perform(RemoteInvocationHandler.java:884)
	at hudson.remoting.Request$2.run(Request.java:332)
	at hudson.remoting.InterceptingExecutorService$1.call(InterceptingExecutorService.java:68)
	at org.jenkinsci.remoting.CallableDecorator.call(CallableDecorator.java:18)
	at hudson.remoting.CallableDecoratorList$1.call(CallableDecoratorList.java:21)
	at jenkins.util.ContextResettingExecutorService$2.call(ContextResettingExecutorService.java:46)
	at java.util.concurrent.FutureTask.run(FutureTask.java:262)
	at java.util.concurrent.ThreadPoolExecutor.runWorker(ThreadPoolExecutor.java:1145)
	at java.util.concurrent.ThreadPoolExecutor$Worker.run(ThreadPoolExecutor.java:615)
	at java.lang.Thread.run(Thread.java:745)
#5 /home/jenkins/jenkins/plugins/maven-plugin/WEB-INF/lib/maven-settings-3.1.0.jar by thread:Computer.threadPoolForRemoting [#12] for buildsrv02 on Tue Jun 14 16:12:26 CEST 2016
	at java.util.zip.ZipFile.<init>(ZipFile.java:146)
	at java.util.jar.JarFile.<init>(JarFile.java:154)
	at java.util.jar.JarFile.<init>(JarFile.java:91)
	at sun.net.www.protocol.jar.URLJarFile.<init>(URLJarFile.java:93)
	at sun.net.www.protocol.jar.URLJarFile.getJarFile(URLJarFile.java:69)
	at sun.net.www.protocol.jar.JarFileFactory.get(JarFileFactory.java:84)
	at sun.net.www.protocol.jar.JarURLConnection.connect(JarURLConnection.java:122)
	at sun.net.www.protocol.jar.JarURLConnection.getInputStream(JarURLConnection.java:150)
	at java.net.URL.openStream(URL.java:1048)
	at hudson.remoting.ResourceImageDirect.<init>(ResourceImageDirect.java:29)
	at hudson.remoting.ResourceImageBoth.<init>(ResourceImageBoth.java:15)
	at hudson.remoting.RemoteClassLoader$ClassLoaderProxy.fetch4(RemoteClassLoader.java:786)
	at hudson.remoting.RemoteClassLoader$ClassLoaderProxy.fetch3(RemoteClassLoader.java:803)
	at sun.reflect.GeneratedMethodAccessor124.invoke(Unknown Source)
	at sun.reflect.DelegatingMethodAccessorImpl.invoke(DelegatingMethodAccessorImpl.java:43)
	at java.lang.reflect.Method.invoke(Method.java:606)
	at hudson.remoting.RemoteInvocationHandler$RPCRequest.perform(RemoteInvocationHandler.java:884)
	at hudson.remoting.Request$2.run(Request.java:332)
	at hudson.remoting.InterceptingExecutorService$1.call(InterceptingExecutorService.java:68)
	at org.jenkinsci.remoting.CallableDecorator.call(CallableDecorator.java:18)
	at hudson.remoting.CallableDecoratorList$1.call(CallableDecoratorList.java:21)
	at jenkins.util.ContextResettingExecutorService$2.call(ContextResettingExecutorService.java:46)
	at java.util.concurrent.FutureTask.run(FutureTask.java:262)
	at java.util.concurrent.ThreadPoolExecutor.runWorker(ThreadPoolExecutor.java:1145)
	at java.util.concurrent.ThreadPoolExecutor$Worker.run(ThreadPoolExecutor.java:615)
	at java.lang.Thread.run(Thread.java:745)
#6 /home/jenkins/jenkins/plugins/maven-plugin/WEB-INF/lib/maven-model-3.1.0.jar by thread:Computer.threadPoolForRemoting [#14] for buildsrv02 on Tue Jun 14 16:12:30 CEST 2016
	at java.util.zip.ZipFile.<init>(ZipFile.java:146)
	at java.util.jar.JarFile.<init>(JarFile.java:154)
	at java.util.jar.JarFile.<init>(JarFile.java:91)
	at sun.net.www.protocol.jar.URLJarFile.<init>(URLJarFile.java:93)
	at sun.net.www.protocol.jar.URLJarFile.getJarFile(URLJarFile.java:69)
	at sun.net.www.protocol.jar.JarFileFactory.get(JarFileFactory.java:84)
	at sun.net.www.protocol.jar.JarURLConnection.connect(JarURLConnection.java:122)
	at sun.net.www.protocol.jar.JarURLConnection.getInputStream(JarURLConnection.java:150)
	at java.net.URL.openStream(URL.java:1048)
	at hudson.remoting.RemoteClassLoader$ClassLoaderProxy.fetch3(RemoteClassLoader.java:810)
	at sun.reflect.GeneratedMethodAccessor124.invoke(Unknown Source)
	at sun.reflect.DelegatingMethodAccessorImpl.invoke(DelegatingMethodAccessorImpl.java:43)
	at java.lang.reflect.Method.invoke(Method.java:606)
	at hudson.remoting.RemoteInvocationHandler$RPCRequest.perform(RemoteInvocationHandler.java:884)
	at hudson.remoting.Request$2.run(Request.java:332)
	at hudson.remoting.InterceptingExecutorService$1.call(InterceptingExecutorService.java:68)
	at org.jenkinsci.remoting.CallableDecorator.call(CallableDecorator.java:18)
	at hudson.remoting.CallableDecoratorList$1.call(CallableDecoratorList.java:21)
	at jenkins.util.ContextResettingExecutorService$2.call(ContextResettingExecutorService.java:46)
	at java.util.concurrent.FutureTask.run(FutureTask.java:262)
	at java.util.concurrent.ThreadPoolExecutor.runWorker(ThreadPoolExecutor.java:1145)
	at java.util.concurrent.ThreadPoolExecutor$Worker.run(ThreadPoolExecutor.java:615)
	at java.lang.Thread.run(Thread.java:745)
#7 /home/jenkins/jenkins/plugins/maven-plugin/WEB-INF/lib/maven3-interceptor-commons-1.7.jar by thread:Computer.threadPoolForRemoting [#14] for buildsrv02 on Tue Jun 14 16:12:28 CEST 2016
	at java.util.zip.ZipFile.<init>(ZipFile.java:146)
	at java.util.jar.JarFile.<init>(JarFile.java:154)
	at java.util.jar.JarFile.<init>(JarFile.java:91)
	at sun.net.www.protocol.jar.URLJarFile.<init>(URLJarFile.java:93)
	at sun.net.www.protocol.jar.URLJarFile.getJarFile(URLJarFile.java:69)
	at sun.net.www.protocol.jar.JarFileFactory.get(JarFileFactory.java:84)
	at sun.net.www.protocol.jar.JarURLConnection.connect(JarURLConnection.java:122)
	at sun.net.www.protocol.jar.JarURLConnection.getInputStream(JarURLConnection.java:150)
	at java.net.URL.openStream(URL.java:1048)
	at hudson.remoting.ResourceImageDirect.<init>(ResourceImageDirect.java:29)
	at hudson.remoting.ResourceImageBoth.<init>(ResourceImageBoth.java:15)
	at hudson.remoting.RemoteClassLoader$ClassLoaderProxy.fetch4(RemoteClassLoader.java:786)
	at hudson.remoting.RemoteClassLoader$ClassLoaderProxy.fetch3(RemoteClassLoader.java:803)
	at sun.reflect.GeneratedMethodAccessor124.invoke(Unknown Source)
	at sun.reflect.DelegatingMethodAccessorImpl.invoke(DelegatingMethodAccessorImpl.java:43)
	at java.lang.reflect.Method.invoke(Method.java:606)
	at hudson.remoting.RemoteInvocationHandler$RPCRequest.perform(RemoteInvocationHandler.java:884)
	at hudson.remoting.Request$2.run(Request.java:332)
	at hudson.remoting.InterceptingExecutorService$1.call(InterceptingExecutorService.java:68)
	at org.jenkinsci.remoting.CallableDecorator.call(CallableDecorator.java:18)
	at hudson.remoting.CallableDecoratorList$1.call(CallableDecoratorList.java:21)
	at jenkins.util.ContextResettingExecutorService$2.call(ContextResettingExecutorService.java:46)
	at java.util.concurrent.FutureTask.run(FutureTask.java:262)
	at java.util.concurrent.ThreadPoolExecutor.runWorker(ThreadPoolExecutor.java:1145)
	at java.util.concurrent.ThreadPoolExecutor$Worker.run(ThreadPoolExecutor.java:615)
	at java.lang.Thread.run(Thread.java:745)
#8 /home/jenkins/jenkins/plugins/maven-plugin/WEB-INF/lib/maven-artifact-3.1.0.jar by thread:Computer.threadPoolForRemoting [#12] for buildsrv02 on Tue Jun 14 16:12:26 CEST 2016
	at java.util.zip.ZipFile.<init>(ZipFile.java:146)
	at java.util.jar.JarFile.<init>(JarFile.java:154)
	at java.util.jar.JarFile.<init>(JarFile.java:91)
	at sun.net.www.protocol.jar.URLJarFile.<init>(URLJarFile.java:93)
	at sun.net.www.protocol.jar.URLJarFile.getJarFile(URLJarFile.java:69)
	at sun.net.www.protocol.jar.JarFileFactory.get(JarFileFactory.java:84)
	at sun.net.www.protocol.jar.JarURLConnection.connect(JarURLConnection.java:122)
	at sun.net.www.protocol.jar.JarURLConnection.getInputStream(JarURLConnection.java:150)
	at java.net.URL.openStream(URL.java:1048)
	at hudson.remoting.RemoteClassLoader$ClassLoaderProxy.fetch3(RemoteClassLoader.java:810)
	at sun.reflect.GeneratedMethodAccessor124.invoke(Unknown Source)
	at sun.reflect.DelegatingMethodAccessorImpl.invoke(DelegatingMethodAccessorImpl.java:43)
	at java.lang.reflect.Method.invoke(Method.java:606)
	at hudson.remoting.RemoteInvocationHandler$RPCRequest.perform(RemoteInvocationHandler.java:884)
	at hudson.remoting.Request$2.run(Request.java:332)
	at hudson.remoting.InterceptingExecutorService$1.call(InterceptingExecutorService.java:68)
	at org.jenkinsci.remoting.CallableDecorator.call(CallableDecorator.java:18)
	at hudson.remoting.CallableDecoratorList$1.call(CallableDecoratorList.java:21)
	at jenkins.util.ContextResettingExecutorService$2.call(ContextResettingExecutorService.java:46)
	at java.util.concurrent.FutureTask.run(FutureTask.java:262)
	at java.util.concurrent.ThreadPoolExecutor.runWorker(ThreadPoolExecutor.java:1145)
	at java.util.concurrent.ThreadPoolExecutor$Worker.run(ThreadPoolExecutor.java:615)
	at java.lang.Thread.run(Thread.java:745)
#9 /home/jenkins/jenkins/plugins/maven-plugin/WEB-INF/lib/aether-spi-0.9.0.M3.jar by thread:Computer.threadPoolForRemoting [#14] for buildsrv02 on Tue Jun 14 16:12:28 CEST 2016
	at java.util.zip.ZipFile.<init>(ZipFile.java:146)
	at java.util.jar.JarFile.<init>(JarFile.java:154)
	at java.util.jar.JarFile.<init>(JarFile.java:91)
	at sun.net.www.protocol.jar.URLJarFile.<init>(URLJarFile.java:93)
	at sun.net.www.protocol.jar.URLJarFile.getJarFile(URLJarFile.java:69)
	at sun.net.www.protocol.jar.JarFileFactory.get(JarFileFactory.java:84)
	at sun.net.www.protocol.jar.JarURLConnection.connect(JarURLConnection.java:122)
	at sun.net.www.protocol.jar.JarURLConnection.getInputStream(JarURLConnection.java:150)
	at java.net.URL.openStream(URL.java:1048)
	at hudson.remoting.ResourceImageDirect.<init>(ResourceImageDirect.java:29)
	at hudson.remoting.ResourceImageBoth.<init>(ResourceImageBoth.java:15)
	at hudson.remoting.RemoteClassLoader$ClassLoaderProxy.fetch4(RemoteClassLoader.java:786)
	at hudson.remoting.RemoteClassLoader$ClassLoaderProxy.fetch3(RemoteClassLoader.java:803)
	at sun.reflect.GeneratedMethodAccessor124.invoke(Unknown Source)
	at sun.reflect.DelegatingMethodAccessorImpl.invoke(DelegatingMethodAccessorImpl.java:43)
	at java.lang.reflect.Method.invoke(Method.java:606)
	at hudson.remoting.RemoteInvocationHandler$RPCRequest.perform(RemoteInvocationHandler.java:884)
	at hudson.remoting.Request$2.run(Request.java:332)
	at hudson.remoting.InterceptingExecutorService$1.call(InterceptingExecutorService.java:68)
	at org.jenkinsci.remoting.CallableDecorator.call(CallableDecorator.java:18)
	at hudson.remoting.CallableDecoratorList$1.call(CallableDecoratorList.java:21)
	at jenkins.util.ContextResettingExecutorService$2.call(ContextResettingExecutorService.java:46)
	at java.util.concurrent.FutureTask.run(FutureTask.java:262)
	at java.util.concurrent.ThreadPoolExecutor.runWorker(ThreadPoolExecutor.java:1145)
	at java.util.concurrent.ThreadPoolExecutor$Worker.run(ThreadPoolExecutor.java:615)
	at java.lang.Thread.run(Thread.java:745)
#10 /home/jenkins/jenkins/plugins/maven-plugin/WEB-INF/lib/jackrabbit-webdav-2.5.2.jar by thread:Computer.threadPoolForRemoting [#14] for buildsrv02 on Tue Jun 14 16:12:31 CEST 2016
	at java.util.zip.ZipFile.<init>(ZipFile.java:146)
	at java.util.jar.JarFile.<init>(JarFile.java:154)
	at java.util.jar.JarFile.<init>(JarFile.java:91)
	at sun.net.www.protocol.jar.URLJarFile.<init>(URLJarFile.java:93)
	at sun.net.www.protocol.jar.URLJarFile.getJarFile(URLJarFile.java:69)
	at sun.net.www.protocol.jar.JarFileFactory.get(JarFileFactory.java:84)
	at sun.net.www.protocol.jar.JarURLConnection.connect(JarURLConnection.java:122)
	at sun.net.www.protocol.jar.JarURLConnection.getInputStream(JarURLConnection.java:150)
	at java.net.URL.openStream(URL.java:1048)
	at hudson.remoting.RemoteClassLoader$ClassLoaderProxy.fetch3(RemoteClassLoader.java:810)
	at sun.reflect.GeneratedMethodAccessor124.invoke(Unknown Source)
	at sun.reflect.DelegatingMethodAccessorImpl.invoke(DelegatingMethodAccessorImpl.java:43)
	at java.lang.reflect.Method.invoke(Method.java:606)
	at hudson.remoting.RemoteInvocationHandler$RPCRequest.perform(RemoteInvocationHandler.java:884)
	at hudson.remoting.Request$2.run(Request.java:332)
	at hudson.remoting.InterceptingExecutorService$1.call(InterceptingExecutorService.java:68)
	at org.jenkinsci.remoting.CallableDecorator.call(CallableDecorator.java:18)
	at hudson.remoting.CallableDecoratorList$1.call(CallableDecoratorList.java:21)
	at jenkins.util.ContextResettingExecutorService$2.call(ContextResettingExecutorService.java:46)
	at java.util.concurrent.FutureTask.run(FutureTask.java:262)
	at java.util.concurrent.ThreadPoolExecutor.runWorker(ThreadPoolExecutor.java:1145)
	at java.util.concurrent.ThreadPoolExecutor$Worker.run(ThreadPoolExecutor.java:615)
	at java.lang.Thread.run(Thread.java:745)
#11 /home/jenkins/jenkins/plugins/maven-plugin/WEB-INF/lib/aether-api-0.9.0.M3.jar by thread:Computer.threadPoolForRemoting [#14] for buildsrv02 on Tue Jun 14 16:12:28 CEST 2016
	at java.util.zip.ZipFile.<init>(ZipFile.java:146)
	at java.util.jar.JarFile.<init>(JarFile.java:154)
	at java.util.jar.JarFile.<init>(JarFile.java:91)
	at sun.net.www.protocol.jar.URLJarFile.<init>(URLJarFile.java:93)
	at sun.net.www.protocol.jar.URLJarFile.getJarFile(URLJarFile.java:69)
	at sun.net.www.protocol.jar.JarFileFactory.get(JarFileFactory.java:84)
	at sun.net.www.protocol.jar.JarURLConnection.connect(JarURLConnection.java:122)
	at sun.net.www.protocol.jar.JarURLConnection.getInputStream(JarURLConnection.java:150)
	at java.net.URL.openStream(URL.java:1048)
	at hudson.remoting.RemoteClassLoader$ClassLoaderProxy.fetch3(RemoteClassLoader.java:810)
	at sun.reflect.GeneratedMethodAccessor124.invoke(Unknown Source)
	at sun.reflect.DelegatingMethodAccessorImpl.invoke(DelegatingMethodAccessorImpl.java:43)
	at java.lang.reflect.Method.invoke(Method.java:606)
	at hudson.remoting.RemoteInvocationHandler$RPCRequest.perform(RemoteInvocationHandler.java:884)
	at hudson.remoting.Request$2.run(Request.java:332)
	at hudson.remoting.InterceptingExecutorService$1.call(InterceptingExecutorService.java:68)
	at org.jenkinsci.remoting.CallableDecorator.call(CallableDecorator.java:18)
	at hudson.remoting.CallableDecoratorList$1.call(CallableDecoratorList.java:21)
	at jenkins.util.ContextResettingExecutorService$2.call(ContextResettingExecutorService.java:46)
	at java.util.concurrent.FutureTask.run(FutureTask.java:262)
	at java.util.concurrent.ThreadPoolExecutor.runWorker(ThreadPoolExecutor.java:1145)
	at java.util.concurrent.ThreadPoolExecutor$Worker.run(ThreadPoolExecutor.java:615)
	at java.lang.Thread.run(Thread.java:745)
#12 /home/jenkins/jenkins/plugins/maven-plugin/WEB-INF/lib/maven-embedder-3.1.0.jar by thread:Computer.threadPoolForRemoting [#12] for buildsrv02 on Tue Jun 14 16:12:26 CEST 2016
	at java.util.zip.ZipFile.<init>(ZipFile.java:146)
	at java.util.jar.JarFile.<init>(JarFile.java:154)
	at java.util.jar.JarFile.<init>(JarFile.java:91)
	at sun.net.www.protocol.jar.URLJarFile.<init>(URLJarFile.java:93)
	at sun.net.www.protocol.jar.URLJarFile.getJarFile(URLJarFile.java:69)
	at sun.net.www.protocol.jar.JarFileFactory.get(JarFileFactory.java:84)
	at sun.net.www.protocol.jar.JarURLConnection.connect(JarURLConnection.java:122)
	at sun.net.www.protocol.jar.JarURLConnection.getInputStream(JarURLConnection.java:150)
	at java.net.URL.openStream(URL.java:1048)
	at hudson.remoting.ResourceImageDirect.<init>(ResourceImageDirect.java:29)
	at hudson.remoting.ResourceImageBoth.<init>(ResourceImageBoth.java:15)
	at hudson.remoting.RemoteClassLoader$ClassLoaderProxy.fetch4(RemoteClassLoader.java:786)
	at hudson.remoting.RemoteClassLoader$ClassLoaderProxy.fetch3(RemoteClassLoader.java:803)
	at sun.reflect.GeneratedMethodAccessor124.invoke(Unknown Source)
	at sun.reflect.DelegatingMethodAccessorImpl.invoke(DelegatingMethodAccessorImpl.java:43)
	at java.lang.reflect.Method.invoke(Method.java:606)
	at hudson.remoting.RemoteInvocationHandler$RPCRequest.perform(RemoteInvocationHandler.java:884)
	at hudson.remoting.Request$2.run(Request.java:332)
	at hudson.remoting.InterceptingExecutorService$1.call(InterceptingExecutorService.java:68)
	at org.jenkinsci.remoting.CallableDecorator.call(CallableDecorator.java:18)
	at hudson.remoting.CallableDecoratorList$1.call(CallableDecoratorList.java:21)
	at jenkins.util.ContextResettingExecutorService$2.call(ContextResettingExecutorService.java:46)
	at java.util.concurrent.FutureTask.run(FutureTask.java:262)
	at java.util.concurrent.ThreadPoolExecutor.runWorker(ThreadPoolExecutor.java:1145)
	at java.util.concurrent.ThreadPoolExecutor$Worker.run(ThreadPoolExecutor.java:615)
	at java.lang.Thread.run(Thread.java:745)
#13 /home/jenkins/jenkins/plugins/maven-plugin/WEB-INF/lib/wagon-http-shared-2.4.jar by thread:Computer.threadPoolForRemoting [#12] for buildsrv02 on Tue Jun 14 16:12:31 CEST 2016
	at java.util.zip.ZipFile.<init>(ZipFile.java:146)
	at java.util.jar.JarFile.<init>(JarFile.java:154)
	at java.util.jar.JarFile.<init>(JarFile.java:91)
	at sun.net.www.protocol.jar.URLJarFile.<init>(URLJarFile.java:93)
	at sun.net.www.protocol.jar.URLJarFile.getJarFile(URLJarFile.java:69)
	at sun.net.www.protocol.jar.JarFileFactory.get(JarFileFactory.java:84)
	at sun.net.www.protocol.jar.JarURLConnection.connect(JarURLConnection.java:122)
	at sun.net.www.protocol.jar.JarURLConnection.getInputStream(JarURLConnection.java:150)
	at java.net.URL.openStream(URL.java:1048)
	at hudson.remoting.RemoteClassLoader$ClassLoaderProxy.fetch3(RemoteClassLoader.java:810)
	at sun.reflect.GeneratedMethodAccessor124.invoke(Unknown Source)
	at sun.reflect.DelegatingMethodAccessorImpl.invoke(DelegatingMethodAccessorImpl.java:43)
	at java.lang.reflect.Method.invoke(Method.java:606)
	at hudson.remoting.RemoteInvocationHandler$RPCRequest.perform(RemoteInvocationHandler.java:884)
	at hudson.remoting.Request$2.run(Request.java:332)
	at hudson.remoting.InterceptingExecutorService$1.call(InterceptingExecutorService.java:68)
	at org.jenkinsci.remoting.CallableDecorator.call(CallableDecorator.java:18)
	at hudson.remoting.CallableDecoratorList$1.call(CallableDecoratorList.java:21)
	at jenkins.util.ContextResettingExecutorService$2.call(ContextResettingExecutorService.java:46)
	at java.util.concurrent.FutureTask.run(FutureTask.java:262)
	at java.util.concurrent.ThreadPoolExecutor.runWorker(ThreadPoolExecutor.java:1145)
	at java.util.concurrent.ThreadPoolExecutor$Worker.run(ThreadPoolExecutor.java:615)
	at java.lang.Thread.run(Thread.java:745)
#14 /home/jenkins/jenkins/plugins/maven-plugin/WEB-INF/lib/httpcore-4.4.3.jar by thread:Computer.threadPoolForRemoting [#12] for buildsrv02 on Tue Jun 14 16:12:30 CEST 2016
	at java.util.zip.ZipFile.<init>(ZipFile.java:146)
	at java.util.jar.JarFile.<init>(JarFile.java:154)
	at java.util.jar.JarFile.<init>(JarFile.java:91)
	at sun.net.www.protocol.jar.URLJarFile.<init>(URLJarFile.java:93)
	at sun.net.www.protocol.jar.URLJarFile.getJarFile(URLJarFile.java:69)
	at sun.net.www.protocol.jar.JarFileFactory.get(JarFileFactory.java:84)
	at sun.net.www.protocol.jar.JarURLConnection.connect(JarURLConnection.java:122)
	at sun.net.www.protocol.jar.JarURLConnection.getInputStream(JarURLConnection.java:150)
	at java.net.URL.openStream(URL.java:1048)
	at hudson.remoting.RemoteClassLoader$ClassLoaderProxy.fetch3(RemoteClassLoader.java:810)
	at sun.reflect.GeneratedMethodAccessor124.invoke(Unknown Source)
	at sun.reflect.DelegatingMethodAccessorImpl.invoke(DelegatingMethodAccessorImpl.java:43)
	at java.lang.reflect.Method.invoke(Method.java:606)
	at hudson.remoting.RemoteInvocationHandler$RPCRequest.perform(RemoteInvocationHandler.java:884)
	at hudson.remoting.Request$2.run(Request.java:332)
	at hudson.remoting.InterceptingExecutorService$1.call(InterceptingExecutorService.java:68)
	at org.jenkinsci.remoting.CallableDecorator.call(CallableDecorator.java:18)
	at hudson.remoting.CallableDecoratorList$1.call(CallableDecoratorList.java:21)
	at jenkins.util.ContextResettingExecutorService$2.call(ContextResettingExecutorService.java:46)
	at java.util.concurrent.FutureTask.run(FutureTask.java:262)
	at java.util.concurrent.ThreadPoolExecutor.runWorker(ThreadPoolExecutor.java:1145)
	at java.util.concurrent.ThreadPoolExecutor$Worker.run(ThreadPoolExecutor.java:615)
	at java.lang.Thread.run(Thread.java:745)
#15 /home/jenkins/jenkins/plugins/maven-plugin/WEB-INF/lib/commons-net-3.1.jar by thread:Computer.threadPoolForRemoting [#14] for buildsrv02 on Tue Jun 14 16:12:31 CEST 2016
	at java.util.zip.ZipFile.<init>(ZipFile.java:146)
	at java.util.jar.JarFile.<init>(JarFile.java:154)
	at java.util.jar.JarFile.<init>(JarFile.java:91)
	at sun.net.www.protocol.jar.URLJarFile.<init>(URLJarFile.java:93)
	at sun.net.www.protocol.jar.URLJarFile.getJarFile(URLJarFile.java:69)
	at sun.net.www.protocol.jar.JarFileFactory.get(JarFileFactory.java:84)
	at sun.net.www.protocol.jar.JarURLConnection.connect(JarURLConnection.java:122)
	at sun.net.www.protocol.jar.JarURLConnection.getInputStream(JarURLConnection.java:150)
	at java.net.URL.openStream(URL.java:1048)
	at hudson.remoting.RemoteClassLoader$ClassLoaderProxy.fetch3(RemoteClassLoader.java:810)
	at sun.reflect.GeneratedMethodAccessor124.invoke(Unknown Source)
	at sun.reflect.DelegatingMethodAccessorImpl.invoke(DelegatingMethodAccessorImpl.java:43)
	at java.lang.reflect.Method.invoke(Method.java:606)
	at hudson.remoting.RemoteInvocationHandler$RPCRequest.perform(RemoteInvocationHandler.java:884)
	at hudson.remoting.Request$2.run(Request.java:332)
	at hudson.remoting.InterceptingExecutorService$1.call(InterceptingExecutorService.java:68)
	at org.jenkinsci.remoting.CallableDecorator.call(CallableDecorator.java:18)
	at hudson.remoting.CallableDecoratorList$1.call(CallableDecoratorList.java:21)
	at jenkins.util.ContextResettingExecutorService$2.call(ContextResettingExecutorService.java:46)
	at java.util.concurrent.FutureTask.run(FutureTask.java:262)
	at java.util.concurrent.ThreadPoolExecutor.runWorker(ThreadPoolExecutor.java:1145)
	at java.util.concurrent.ThreadPoolExecutor$Worker.run(ThreadPoolExecutor.java:615)
	at java.lang.Thread.run(Thread.java:745)
#16 /home/jenkins/jenkins/plugins/maven-plugin/WEB-INF/lib/maven-plugin-api-3.1.0.jar by thread:Computer.threadPoolForRemoting [#12] for buildsrv02 on Tue Jun 14 16:12:26 CEST 2016
	at java.util.zip.ZipFile.<init>(ZipFile.java:146)
	at java.util.jar.JarFile.<init>(JarFile.java:154)
	at java.util.jar.JarFile.<init>(JarFile.java:91)
	at sun.net.www.protocol.jar.URLJarFile.<init>(URLJarFile.java:93)
	at sun.net.www.protocol.jar.URLJarFile.getJarFile(URLJarFile.java:69)
	at sun.net.www.protocol.jar.JarFileFactory.get(JarFileFactory.java:84)
	at sun.net.www.protocol.jar.JarURLConnection.connect(JarURLConnection.java:122)
	at sun.net.www.protocol.jar.JarURLConnection.getInputStream(JarURLConnection.java:150)
	at java.net.URL.openStream(URL.java:1048)
	at hudson.remoting.ResourceImageDirect.<init>(ResourceImageDirect.java:29)
	at hudson.remoting.ResourceImageBoth.<init>(ResourceImageBoth.java:15)
	at hudson.remoting.RemoteClassLoader$ClassLoaderProxy.fetch4(RemoteClassLoader.java:786)
	at hudson.remoting.RemoteClassLoader$ClassLoaderProxy.fetch3(RemoteClassLoader.java:803)
	at sun.reflect.GeneratedMethodAccessor124.invoke(Unknown Source)
	at sun.reflect.DelegatingMethodAccessorImpl.invoke(DelegatingMethodAccessorImpl.java:43)
	at java.lang.reflect.Method.invoke(Method.java:606)
	at hudson.remoting.RemoteInvocationHandler$RPCRequest.perform(RemoteInvocationHandler.java:884)
	at hudson.remoting.Request$2.run(Request.java:332)
	at hudson.remoting.InterceptingExecutorService$1.call(InterceptingExecutorService.java:68)
	at org.jenkinsci.remoting.CallableDecorator.call(CallableDecorator.java:18)
	at hudson.remoting.CallableDecoratorList$1.call(CallableDecoratorList.java:21)
	at jenkins.util.ContextResettingExecutorService$2.call(ContextResettingExecutorService.java:46)
	at java.util.concurrent.FutureTask.run(FutureTask.java:262)
	at java.util.concurrent.ThreadPoolExecutor.runWorker(ThreadPoolExecutor.java:1145)
	at java.util.concurrent.ThreadPoolExecutor$Worker.run(ThreadPoolExecutor.java:615)
	at java.lang.Thread.run(Thread.java:745)
#17 /home/jenkins/jenkins/plugins/maven-plugin/WEB-INF/lib/jsch-0.1.44-1.jar by thread:Computer.threadPoolForRemoting [#14] for buildsrv02 on Tue Jun 14 16:12:29 CEST 2016
	at java.util.zip.ZipFile.<init>(ZipFile.java:146)
	at java.util.jar.JarFile.<init>(JarFile.java:154)
	at java.util.jar.JarFile.<init>(JarFile.java:91)
	at sun.net.www.protocol.jar.URLJarFile.<init>(URLJarFile.java:93)
	at sun.net.www.protocol.jar.URLJarFile.getJarFile(URLJarFile.java:69)
	at sun.net.www.protocol.jar.JarFileFactory.get(JarFileFactory.java:84)
	at sun.net.www.protocol.jar.JarURLConnection.connect(JarURLConnection.java:122)
	at sun.net.www.protocol.jar.JarURLConnection.getInputStream(JarURLConnection.java:150)
	at java.net.URL.openStream(URL.java:1048)
	at hudson.remoting.ResourceImageDirect.<init>(ResourceImageDirect.java:29)
	at hudson.remoting.ResourceImageBoth.<init>(ResourceImageBoth.java:15)
	at hudson.remoting.RemoteClassLoader$ClassLoaderProxy.fetch4(RemoteClassLoader.java:786)
	at hudson.remoting.RemoteClassLoader$ClassLoaderProxy.fetch3(RemoteClassLoader.java:803)
	at sun.reflect.GeneratedMethodAccessor124.invoke(Unknown Source)
	at sun.reflect.DelegatingMethodAccessorImpl.invoke(DelegatingMethodAccessorImpl.java:43)
	at java.lang.reflect.Method.invoke(Method.java:606)
	at hudson.remoting.RemoteInvocationHandler$RPCRequest.perform(RemoteInvocationHandler.java:884)
	at hudson.remoting.Request$2.run(Request.java:332)
	at hudson.remoting.InterceptingExecutorService$1.call(InterceptingExecutorService.java:68)
	at org.jenkinsci.remoting.CallableDecorator.call(CallableDecorator.java:18)
	at hudson.remoting.CallableDecoratorList$1.call(CallableDecoratorList.java:21)
	at jenkins.util.ContextResettingExecutorService$2.call(ContextResettingExecutorService.java:46)
	at java.util.concurrent.FutureTask.run(FutureTask.java:262)
	at java.util.concurrent.ThreadPoolExecutor.runWorker(ThreadPoolExecutor.java:1145)
	at java.util.concurrent.ThreadPoolExecutor$Worker.run(ThreadPoolExecutor.java:615)
	at java.lang.Thread.run(Thread.java:745)
#18 /home/jenkins/jenkins/plugins/maven-plugin/WEB-INF/lib/plexus-interpolation-1.16.jar by thread:Computer.threadPoolForRemoting [#14] for buildsrv02 on Tue Jun 14 16:12:31 CEST 2016
	at java.util.zip.ZipFile.<init>(ZipFile.java:146)
	at java.util.jar.JarFile.<init>(JarFile.java:154)
	at java.util.jar.JarFile.<init>(JarFile.java:91)
	at sun.net.www.protocol.jar.URLJarFile.<init>(URLJarFile.java:93)
	at sun.net.www.protocol.jar.URLJarFile.getJarFile(URLJarFile.java:69)
	at sun.net.www.protocol.jar.JarFileFactory.get(JarFileFactory.java:84)
	at sun.net.www.protocol.jar.JarURLConnection.connect(JarURLConnection.java:122)
	at sun.net.www.protocol.jar.JarURLConnection.getInputStream(JarURLConnection.java:150)
	at java.net.URL.openStream(URL.java:1048)
	at hudson.remoting.ResourceImageDirect.<init>(ResourceImageDirect.java:29)
	at hudson.remoting.ResourceImageBoth.<init>(ResourceImageBoth.java:15)
	at hudson.remoting.RemoteClassLoader$ClassLoaderProxy.fetch4(RemoteClassLoader.java:786)
	at hudson.remoting.RemoteClassLoader$ClassLoaderProxy.fetch3(RemoteClassLoader.java:803)
	at sun.reflect.GeneratedMethodAccessor124.invoke(Unknown Source)
	at sun.reflect.DelegatingMethodAccessorImpl.invoke(DelegatingMethodAccessorImpl.java:43)
	at java.lang.reflect.Method.invoke(Method.java:606)
	at hudson.remoting.RemoteInvocationHandler$RPCRequest.perform(RemoteInvocationHandler.java:884)
	at hudson.remoting.Request$2.run(Request.java:332)
	at hudson.remoting.InterceptingExecutorService$1.call(InterceptingExecutorService.java:68)
	at org.jenkinsci.remoting.CallableDecorator.call(CallableDecorator.java:18)
	at hudson.remoting.CallableDecoratorList$1.call(CallableDecoratorList.java:21)
	at jenkins.util.ContextResettingExecutorService$2.call(ContextResettingExecutorService.java:46)
	at java.util.concurrent.FutureTask.run(FutureTask.java:262)
	at java.util.concurrent.ThreadPoolExecutor.runWorker(ThreadPoolExecutor.java:1145)
	at java.util.concurrent.ThreadPoolExecutor$Worker.run(ThreadPoolExecutor.java:615)
	at java.lang.Thread.run(Thread.java:745)
#19 /usr/lib/jvm/java-7-openjdk-amd64/jre/lib/management-agent.jar by thread:Attach Listener on Tue Jun 14 16:15:47 CEST 2016
	at java.util.zip.ZipFile.<init>(ZipFile.java:146)
	at java.util.jar.JarFile.<init>(JarFile.java:154)
	at java.util.jar.JarFile.<init>(JarFile.java:91)
	at sun.misc.URLClassPath$JarLoader.getJarFile(URLClassPath.java:728)
	at sun.misc.URLClassPath$JarLoader.access$600(URLClassPath.java:591)
	at sun.misc.URLClassPath$JarLoader$1.run(URLClassPath.java:673)
	at sun.misc.URLClassPath$JarLoader$1.run(URLClassPath.java:666)
	at java.security.AccessController.doPrivileged(Native Method)
	at sun.misc.URLClassPath$JarLoader.ensureOpen(URLClassPath.java:665)
	at sun.misc.URLClassPath$JarLoader.<init>(URLClassPath.java:638)
	at sun.misc.URLClassPath$3.run(URLClassPath.java:366)
	at sun.misc.URLClassPath$3.run(URLClassPath.java:356)
	at java.security.AccessController.doPrivileged(Native Method)
	at sun.misc.URLClassPath.getLoader(URLClassPath.java:355)
	at sun.misc.URLClassPath.getLoader(URLClassPath.java:332)
	at sun.misc.URLClassPath.access$000(URLClassPath.java:62)
	at sun.misc.URLClassPath$1.next(URLClassPath.java:225)
	at sun.misc.URLClassPath$1.hasMoreElements(URLClassPath.java:236)
	at java.net.URLClassLoader$3$1.run(URLClassLoader.java:583)
	at java.net.URLClassLoader$3$1.run(URLClassLoader.java:581)
	at java.security.AccessController.doPrivileged(Native Method)
	at java.net.URLClassLoader$3.next(URLClassLoader.java:580)
	at java.net.URLClassLoader$3.hasMoreElements(URLClassLoader.java:605)
	at sun.misc.CompoundEnumeration.next(CompoundEnumeration.java:45)
	at sun.misc.CompoundEnumeration.hasMoreElements(CompoundEnumeration.java:54)
	at java.util.ServiceLoader$LazyIterator.hasNext(ServiceLoader.java:346)
	at java.util.ServiceLoader$1.hasNext(ServiceLoader.java:439)
	at javax.management.remote.JMXConnectorServerFactory.getConnectorServerAsService(JMXConnectorServerFactory.java:218)
	at javax.management.remote.JMXConnectorServerFactory.newJMXConnectorServer(JMXConnectorServerFactory.java:319)
	at sun.management.jmxremote.ConnectorBootstrap.startLocalConnectorServer(ConnectorBootstrap.java:550)
	at sun.management.Agent.startLocalManagementAgent(Agent.java:144)
	at sun.management.Agent.startAgent(Agent.java:264)
	at sun.management.Agent.agentmain(Agent.java:134)
	at sun.reflect.NativeMethodAccessorImpl.invoke0(Native Method)
	at sun.reflect.NativeMethodAccessorImpl.invoke(NativeMethodAccessorImpl.java:57)
	at sun.reflect.DelegatingMethodAccessorImpl.invoke(DelegatingMethodAccessorImpl.java:43)
	at java.lang.reflect.Method.invoke(Method.java:606)
	at sun.instrument.InstrumentationImpl.loadClassAndStartAgent(InstrumentationImpl.java:384)
	at sun.instrument.InstrumentationImpl.loadClassAndCallAgentmain(InstrumentationImpl.java:407)
#20 /home/jenkins/jenkins/plugins/maven-plugin/WEB-INF/lib/wagon-provider-api-2.4.jar by thread:Computer.threadPoolForRemoting [#14] for buildsrv02 on Tue Jun 14 16:12:28 CEST 2016
	at java.util.zip.ZipFile.<init>(ZipFile.java:146)
	at java.util.jar.JarFile.<init>(JarFile.java:154)
	at java.util.jar.JarFile.<init>(JarFile.java:91)
	at sun.net.www.protocol.jar.URLJarFile.<init>(URLJarFile.java:93)
	at sun.net.www.protocol.jar.URLJarFile.getJarFile(URLJarFile.java:69)
	at sun.net.www.protocol.jar.JarFileFactory.get(JarFileFactory.java:84)
	at sun.net.www.protocol.jar.JarURLConnection.connect(JarURLConnection.java:122)
	at sun.net.www.protocol.jar.JarURLConnection.getInputStream(JarURLConnection.java:150)
	at java.net.URL.openStream(URL.java:1048)
	at hudson.remoting.ResourceImageDirect.<init>(ResourceImageDirect.java:29)
	at hudson.remoting.ResourceImageBoth.<init>(ResourceImageBoth.java:15)
	at hudson.remoting.RemoteClassLoader$ClassLoaderProxy.fetch4(RemoteClassLoader.java:786)
	at hudson.remoting.RemoteClassLoader$ClassLoaderProxy.fetch3(RemoteClassLoader.java:803)
	at sun.reflect.GeneratedMethodAccessor124.invoke(Unknown Source)
	at sun.reflect.DelegatingMethodAccessorImpl.invoke(DelegatingMethodAccessorImpl.java:43)
	at java.lang.reflect.Method.invoke(Method.java:606)
	at hudson.remoting.RemoteInvocationHandler$RPCRequest.perform(RemoteInvocationHandler.java:884)
	at hudson.remoting.Request$2.run(Request.java:332)
	at hudson.remoting.InterceptingExecutorService$1.call(InterceptingExecutorService.java:68)
	at org.jenkinsci.remoting.CallableDecorator.call(CallableDecorator.java:18)
	at hudson.remoting.CallableDecoratorList$1.call(CallableDecoratorList.java:21)
	at jenkins.util.ContextResettingExecutorService$2.call(ContextResettingExecutorService.java:46)
	at java.util.concurrent.FutureTask.run(FutureTask.java:262)
	at java.util.concurrent.ThreadPoolExecutor.runWorker(ThreadPoolExecutor.java:1145)
	at java.util.concurrent.ThreadPoolExecutor$Worker.run(ThreadPoolExecutor.java:615)
	at java.lang.Thread.run(Thread.java:745)
#21 /home/jenkins/jenkins/plugins/maven-plugin/WEB-INF/lib/wagon-http-shared4-2.4.jar by thread:Computer.threadPoolForRemoting [#12] for buildsrv02 on Tue Jun 14 16:12:30 CEST 2016
	at java.util.zip.ZipFile.<init>(ZipFile.java:146)
	at java.util.jar.JarFile.<init>(JarFile.java:154)
	at java.util.jar.JarFile.<init>(JarFile.java:91)
	at sun.net.www.protocol.jar.URLJarFile.<init>(URLJarFile.java:93)
	at sun.net.www.protocol.jar.URLJarFile.getJarFile(URLJarFile.java:69)
	at sun.net.www.protocol.jar.JarFileFactory.get(JarFileFactory.java:84)
	at sun.net.www.protocol.jar.JarURLConnection.connect(JarURLConnection.java:122)
	at sun.net.www.protocol.jar.JarURLConnection.getInputStream(JarURLConnection.java:150)
	at java.net.URL.openStream(URL.java:1048)
	at hudson.remoting.RemoteClassLoader$ClassLoaderProxy.fetch3(RemoteClassLoader.java:810)
	at sun.reflect.GeneratedMethodAccessor124.invoke(Unknown Source)
	at sun.reflect.DelegatingMethodAccessorImpl.invoke(DelegatingMethodAccessorImpl.java:43)
	at java.lang.reflect.Method.invoke(Method.java:606)
	at hudson.remoting.RemoteInvocationHandler$RPCRequest.perform(RemoteInvocationHandler.java:884)
	at hudson.remoting.Request$2.run(Request.java:332)
	at hudson.remoting.InterceptingExecutorService$1.call(InterceptingExecutorService.java:68)
	at org.jenkinsci.remoting.CallableDecorator.call(CallableDecorator.java:18)
	at hudson.remoting.CallableDecoratorList$1.call(CallableDecoratorList.java:21)
	at jenkins.util.ContextResettingExecutorService$2.call(ContextResettingExecutorService.java:46)
	at java.util.concurrent.FutureTask.run(FutureTask.java:262)
	at java.util.concurrent.ThreadPoolExecutor.runWorker(ThreadPoolExecutor.java:1145)
	at java.util.concurrent.ThreadPoolExecutor$Worker.run(ThreadPoolExecutor.java:615)
	at java.lang.Thread.run(Thread.java:745)
----