Jul 14, 2010 3:58:30 PM hudson.util.RobustCollectionConverter populateCollection
WARNING: Failed to resolve class
com.thoughtworks.xstream.mapper.CannotResolveClassException: hudson.plugins.disk_usage.BuildDiskUsageAction : hudson.plugins.disk_usage.BuildDiskUsageAction
	at com.thoughtworks.xstream.mapper.DefaultMapper.realClass(DefaultMapper.java:68)
	at com.thoughtworks.xstream.mapper.MapperWrapper.realClass(MapperWrapper.java:38)
	at com.thoughtworks.xstream.mapper.DynamicProxyMapper.realClass(DynamicProxyMapper.java:71)
	at com.thoughtworks.xstream.mapper.MapperWrapper.realClass(MapperWrapper.java:38)
	at com.thoughtworks.xstream.mapper.PackageAliasingMapper.realClass(PackageAliasingMapper.java:88)
	at com.thoughtworks.xstream.mapper.MapperWrapper.realClass(MapperWrapper.java:38)
	at com.thoughtworks.xstream.mapper.ClassAliasingMapper.realClass(ClassAliasingMapper.java:86)
	at com.thoughtworks.xstream.mapper.MapperWrapper.realClass(MapperWrapper.java:38)
	at com.thoughtworks.xstream.mapper.MapperWrapper.realClass(MapperWrapper.java:38)
	at com.thoughtworks.xstream.mapper.MapperWrapper.realClass(MapperWrapper.java:38)
	at com.thoughtworks.xstream.mapper.MapperWrapper.realClass(MapperWrapper.java:38)
	at com.thoughtworks.xstream.mapper.MapperWrapper.realClass(MapperWrapper.java:38)
	at com.thoughtworks.xstream.mapper.MapperWrapper.realClass(MapperWrapper.java:38)
	at com.thoughtworks.xstream.mapper.ArrayMapper.realClass(ArrayMapper.java:96)
	at com.thoughtworks.xstream.mapper.MapperWrapper.realClass(MapperWrapper.java:38)
	at com.thoughtworks.xstream.mapper.MapperWrapper.realClass(MapperWrapper.java:38)
	at com.thoughtworks.xstream.mapper.MapperWrapper.realClass(MapperWrapper.java:38)
	at com.thoughtworks.xstream.mapper.MapperWrapper.realClass(MapperWrapper.java:38)
	at com.thoughtworks.xstream.mapper.MapperWrapper.realClass(MapperWrapper.java:38)
	at com.thoughtworks.xstream.mapper.MapperWrapper.realClass(MapperWrapper.java:38)
	at com.thoughtworks.xstream.mapper.MapperWrapper.realClass(MapperWrapper.java:38)
	at hudson.util.XStream2$CompatibilityMapper.realClass(XStream2.java:124)
	at com.thoughtworks.xstream.mapper.MapperWrapper.realClass(MapperWrapper.java:38)
	at com.thoughtworks.xstream.mapper.CachingMapper.realClass(CachingMapper.java:56)
	at com.thoughtworks.xstream.core.util.HierarchicalStreams.readClassType(HierarchicalStreams.java:29)
	at com.thoughtworks.xstream.converters.collections.AbstractCollectionConverter.readItem(AbstractCollectionConverter.java:70)
	at hudson.util.RobustCollectionConverter.populateCollection(RobustCollectionConverter.java:85)
	at com.thoughtworks.xstream.converters.collections.CollectionConverter.unmarshal(CollectionConverter.java:61)
	at hudson.util.RobustCollectionConverter.unmarshal(RobustCollectionConverter.java:76)
	at com.thoughtworks.xstream.core.TreeUnmarshaller.convert(TreeUnmarshaller.java:82)
	at com.thoughtworks.xstream.core.AbstractReferenceUnmarshaller.convert(AbstractReferenceUnmarshaller.java:63)
	at com.thoughtworks.xstream.core.TreeUnmarshaller.convertAnother(TreeUnmarshaller.java:76)
	at com.thoughtworks.xstream.core.TreeUnmarshaller.convertAnother(TreeUnmarshaller.java:60)
	at hudson.util.RobustReflectionConverter.unmarshallField(RobustReflectionConverter.java:286)
	at hudson.util.RobustReflectionConverter.doUnmarshal(RobustReflectionConverter.java:229)
	at hudson.util.RobustReflectionConverter.unmarshal(RobustReflectionConverter.java:177)
	at com.thoughtworks.xstream.core.TreeUnmarshaller.convert(TreeUnmarshaller.java:82)
	at com.thoughtworks.xstream.core.AbstractReferenceUnmarshaller.convert(AbstractReferenceUnmarshaller.java:63)
	at com.thoughtworks.xstream.core.TreeUnmarshaller.convertAnother(TreeUnmarshaller.java:76)
	at com.thoughtworks.xstream.core.TreeUnmarshaller.convertAnother(TreeUnmarshaller.java:60)
	at com.thoughtworks.xstream.core.TreeUnmarshaller.start(TreeUnmarshaller.java:137)
	at com.thoughtworks.xstream.core.AbstractTreeMarshallingStrategy.unmarshal(AbstractTreeMarshallingStrategy.java:33)
	at com.thoughtworks.xstream.XStream.unmarshal(XStream.java:926)
	at hudson.util.XStream2.unmarshal(XStream2.java:76)
	at com.thoughtworks.xstream.XStream.unmarshal(XStream.java:912)
	at hudson.XmlFile.unmarshal(XmlFile.java:148)
	at hudson.model.Run.<init>(Run.java:252)
	at hudson.model.AbstractBuild.<init>(AbstractBuild.java:151)
	at hudson.maven.AbstractMavenBuild.<init>(AbstractMavenBuild.java:58)
	at hudson.maven.MavenModuleSetBuild.<init>(MavenModuleSetBuild.java:117)
	at sun.reflect.NativeConstructorAccessorImpl.newInstance0(Native Method)
	at sun.reflect.NativeConstructorAccessorImpl.newInstance(NativeConstructorAccessorImpl.java:39)
	at sun.reflect.DelegatingConstructorAccessorImpl.newInstance(DelegatingConstructorAccessorImpl.java:27)
	at java.lang.reflect.Constructor.newInstance(Constructor.java:513)
	at hudson.model.AbstractProject.loadBuild(AbstractProject.java:845)
	at hudson.model.AbstractProject$1.create(AbstractProject.java:228)
	at hudson.model.AbstractProject$1.create(AbstractProject.java:226)
	at hudson.model.RunMap.load(RunMap.java:221)
	at hudson.model.AbstractProject.onLoad(AbstractProject.java:226)
	at hudson.maven.MavenModuleSet.onLoad(MavenModuleSet.java:397)
	at hudson.model.Items.load(Items.java:107)
	at hudson.model.Hudson$12.run(Hudson.java:2120)
	at org.jvnet.hudson.reactor.TaskGraphBuilder$TaskImpl.run(TaskGraphBuilder.java:146)
	at org.jvnet.hudson.reactor.Reactor.runTask(Reactor.java:259)
	at hudson.model.Hudson$3.runTask(Hudson.java:670)
	at org.jvnet.hudson.reactor.Reactor$2.run(Reactor.java:187)
	at org.jvnet.hudson.reactor.Reactor$Node.run(Reactor.java:94)
	at java.util.concurrent.ThreadPoolExecutor$Worker.runTask(ThreadPoolExecutor.java:886)
	at java.util.concurrent.ThreadPoolExecutor$Worker.run(ThreadPoolExecutor.java:908)
	at java.lang.Thread.run(Thread.java:619)
Jul 14, 2010 3:58:30 PM hudson.util.RobustCollectionConverter populateCollection
WARNING: Failed to resolve class
com.thoughtworks.xstream.mapper.CannotResolveClassException: hudson.plugins.disk_usage.BuildDiskUsageAction : hudson.plugins.disk_usage.BuildDiskUsageAction
	at com.thoughtworks.xstream.mapper.DefaultMapper.realClass(DefaultMapper.java:68)
	at com.thoughtworks.xstream.mapper.MapperWrapper.realClass(MapperWrapper.java:38)
	at com.thoughtworks.xstream.mapper.DynamicProxyMapper.realClass(DynamicProxyMapper.java:71)
	at com.thoughtworks.xstream.mapper.MapperWrapper.realClass(MapperWrapper.java:38)
