20:24:14  Error when executing always post condition:
20:24:14  Also:   org.jenkinsci.plugins.workflow.actions.ErrorAction$ErrorId: dae3d321-52de-4584-a947-5e85bf72de0f
20:24:14  java.lang.NullPointerException: Cannot invoke "io.jenkins.plugins.analysis.core.util.QualityGateStatus.isSuccessful()" because "this.qualityGateStatus" is null
20:24:14  	at io.jenkins.plugins.analysis.core.model.AnalysisResult.isSuccessful(AnalysisResult.java:545)
20:24:14  	at io.jenkins.plugins.analysis.core.model.ResultAction.isSuccessful(ResultAction.java:300)
20:24:14  	at io.jenkins.plugins.analysis.core.model.AnalysisHistory.hasCorrectQualityGateStatus(AnalysisHistory.java:173)
20:24:14  	at io.jenkins.plugins.analysis.core.model.AnalysisHistory.getRunWithResult(AnalysisHistory.java:163)
20:24:14  	at io.jenkins.plugins.analysis.core.model.AnalysisHistory.getPreviousAction(AnalysisHistory.java:146)
20:24:14  	at io.jenkins.plugins.analysis.core.model.AnalysisHistory.getBuild(AnalysisHistory.java:137)
20:24:14  	at io.jenkins.plugins.analysis.core.model.DeltaReport.<init>(DeltaReport.java:43)
20:24:14  	at io.jenkins.plugins.analysis.core.steps.IssuesPublisher.attachAction(IssuesPublisher.java:100)
20:24:14  	at io.jenkins.plugins.analysis.core.steps.IssuesRecorder.publishResult(IssuesRecorder.java:879)
20:24:14  	at io.jenkins.plugins.analysis.core.steps.IssuesRecorder.record(IssuesRecorder.java:798)
20:24:14  	at io.jenkins.plugins.analysis.core.steps.IssuesRecorder.perform(IssuesRecorder.java:760)
20:24:14  	at io.jenkins.plugins.analysis.core.steps.RecordIssuesStep$Execution.run(RecordIssuesStep.java:1176)
20:24:14  	at io.jenkins.plugins.analysis.core.steps.RecordIssuesStep$Execution.run(RecordIssuesStep.java:1131)
20:24:14  	at org.jenkinsci.plugins.workflow.steps.SynchronousNonBlockingStepExecution.lambda$start$0(SynchronousNonBlockingStepExecution.java:47)
20:24:14  	at java.base/java.util.concurrent.Executors$RunnableAdapter.call(Executors.java:539)
20:24:14  	at java.base/java.util.concurrent.FutureTask.run(FutureTask.java:264)
20:24:14  	at java.base/java.util.concurrent.ThreadPoolExecutor.runWorker(ThreadPoolExecutor.java:1136)
20:24:14  	at java.base/java.util.concurrent.ThreadPoolExecutor$Worker.run(ThreadPoolExecutor.java:635)
20:24:14  	at java.base/java.lang.Thread.run(Thread.java:840)
20:24:14  
20:24:14  [Pipeline] }
20:24:15  [Pipeline] // stage
20:24:15  [Pipeline] }
20:24:16  [Pipeline] // withEnv
20:24:17  [Pipeline] }
20:24:19  [Pipeline] // node
20:24:20  [Pipeline] End of Pipeline
20:24:20  Also:   org.jenkinsci.plugins.workflow.actions.ErrorAction$ErrorId: dae3d321-52de-4584-a947-5e85bf72de0f
20:24:20  java.lang.NullPointerException: Cannot invoke "io.jenkins.plugins.analysis.core.util.QualityGateStatus.isSuccessful()" because "this.qualityGateStatus" is null
20:24:20  	at io.jenkins.plugins.analysis.core.model.AnalysisResult.isSuccessful(AnalysisResult.java:545)
20:24:20  	at io.jenkins.plugins.analysis.core.model.ResultAction.isSuccessful(ResultAction.java:300)
20:24:20  	at io.jenkins.plugins.analysis.core.model.AnalysisHistory.hasCorrectQualityGateStatus(AnalysisHistory.java:173)
20:24:20  	at io.jenkins.plugins.analysis.core.model.AnalysisHistory.getRunWithResult(AnalysisHistory.java:163)
20:24:20  	at io.jenkins.plugins.analysis.core.model.AnalysisHistory.getPreviousAction(AnalysisHistory.java:146)
20:24:20  	at io.jenkins.plugins.analysis.core.model.AnalysisHistory.getBuild(AnalysisHistory.java:137)
20:24:20  	at io.jenkins.plugins.analysis.core.model.DeltaReport.<init>(DeltaReport.java:43)
20:24:20  	at io.jenkins.plugins.analysis.core.steps.IssuesPublisher.attachAction(IssuesPublisher.java:100)
20:24:20  	at io.jenkins.plugins.analysis.core.steps.IssuesRecorder.publishResult(IssuesRecorder.java:879)
20:24:20  	at io.jenkins.plugins.analysis.core.steps.IssuesRecorder.record(IssuesRecorder.java:798)
20:24:20  	at io.jenkins.plugins.analysis.core.steps.IssuesRecorder.perform(IssuesRecorder.java:760)
20:24:20  	at io.jenkins.plugins.analysis.core.steps.RecordIssuesStep$Execution.run(RecordIssuesStep.java:1176)
20:24:20  	at io.jenkins.plugins.analysis.core.steps.RecordIssuesStep$Execution.run(RecordIssuesStep.java:1131)
20:24:20  	at org.jenkinsci.plugins.workflow.steps.SynchronousNonBlockingStepExecution.lambda$start$0(SynchronousNonBlockingStepExecution.java:47)
20:24:20  	at java.base/java.util.concurrent.Executors$RunnableAdapter.call(Executors.java:539)
20:24:20  	at java.base/java.util.concurrent.FutureTask.run(FutureTask.java:264)
20:24:20  	at java.base/java.util.concurrent.ThreadPoolExecutor.runWorker(ThreadPoolExecutor.java:1136)
20:24:20  	at java.base/java.util.concurrent.ThreadPoolExecutor$Worker.run(ThreadPoolExecutor.java:635)
20:24:20  	at java.base/java.lang.Thread.run(Thread.java:840)