2016-05-11 18:29:17.059+1000 [id=64]	FINE	hudson.model.Queue#maintain: Queue maintenance started hudson.model.Queue@57165578
2016-05-11 18:29:17.059+1000 [id=64]	FINEST	hudson.model.Queue#maintain: Executor #1 is parking and is waiting for a job to execute.
2016-05-11 18:29:17.059+1000 [id=64]	FINEST	hudson.model.Queue#maintain: Executor #0 is parking and is waiting for a job to execute.
2016-05-11 18:29:22.064+1000 [id=61]	FINE	hudson.model.Queue#maintain: Queue maintenance started hudson.model.Queue@57165578
2016-05-11 18:29:22.064+1000 [id=61]	FINEST	hudson.model.Queue#maintain: Executor #1 is parking and is waiting for a job to execute.
2016-05-11 18:29:22.064+1000 [id=61]	FINEST	hudson.model.Queue#maintain: Executor #0 is parking and is waiting for a job to execute.
2016-05-11 18:29:27.065+1000 [id=60]	FINE	hudson.model.Queue#maintain: Queue maintenance started hudson.model.Queue@57165578
2016-05-11 18:29:27.065+1000 [id=60]	FINEST	hudson.model.Queue#maintain: Executor #1 is parking and is waiting for a job to execute.
2016-05-11 18:29:27.065+1000 [id=60]	FINEST	hudson.model.Queue#maintain: Executor #0 is parking and is waiting for a job to execute.
2016-05-11 18:29:32.065+1000 [id=65]	FINE	hudson.model.Queue#maintain: Queue maintenance started hudson.model.Queue@57165578
2016-05-11 18:29:32.065+1000 [id=65]	FINEST	hudson.model.Queue#maintain: Executor #1 is parking and is waiting for a job to execute.
2016-05-11 18:29:32.066+1000 [id=65]	FINEST	hudson.model.Queue#maintain: Executor #0 is parking and is waiting for a job to execute.
2016-05-11 18:29:37.066+1000 [id=59]	FINE	hudson.model.Queue#maintain: Queue maintenance started hudson.model.Queue@57165578
2016-05-11 18:29:37.066+1000 [id=59]	FINEST	hudson.model.Queue#maintain: Executor #1 is parking and is waiting for a job to execute.
2016-05-11 18:29:37.066+1000 [id=59]	FINEST	hudson.model.Queue#maintain: Executor #0 is parking and is waiting for a job to execute.
2016-05-11 18:29:42.070+1000 [id=64]	FINE	hudson.model.Queue#maintain: Queue maintenance started hudson.model.Queue@57165578
2016-05-11 18:29:42.070+1000 [id=64]	FINEST	hudson.model.Queue#maintain: Executor #1 is parking and is waiting for a job to execute.
2016-05-11 18:29:42.070+1000 [id=64]	FINEST	hudson.model.Queue#maintain: Executor #0 is parking and is waiting for a job to execute.
2016-05-11 18:29:47.075+1000 [id=66]	FINE	hudson.model.Queue#maintain: Queue maintenance started hudson.model.Queue@57165578
2016-05-11 18:29:47.075+1000 [id=66]	FINEST	hudson.model.Queue#maintain: Executor #1 is parking and is waiting for a job to execute.
2016-05-11 18:29:47.075+1000 [id=66]	FINEST	hudson.model.Queue#maintain: Executor #0 is parking and is waiting for a job to execute.
2016-05-11 18:29:52.080+1000 [id=65]	FINE	hudson.model.Queue#maintain: Queue maintenance started hudson.model.Queue@57165578
2016-05-11 18:29:52.080+1000 [id=65]	FINEST	hudson.model.Queue#maintain: Executor #1 is parking and is waiting for a job to execute.
2016-05-11 18:29:52.081+1000 [id=65]	FINEST	hudson.model.Queue#maintain: Executor #0 is parking and is waiting for a job to execute.
2016-05-11 18:29:57.081+1000 [id=60]	FINE	hudson.model.Queue#maintain: Queue maintenance started hudson.model.Queue@57165578
2016-05-11 18:29:57.081+1000 [id=60]	FINEST	hudson.model.Queue#maintain: Executor #1 is parking and is waiting for a job to execute.
2016-05-11 18:29:57.081+1000 [id=60]	FINEST	hudson.model.Queue#maintain: Executor #0 is parking and is waiting for a job to execute.
2016-05-11 18:29:57.906+1000 [id=1859]	FINE	hudson.model.Queue#scheduleInternal: org.jenkinsci.plugins.workflow.multibranch.WorkflowMultiBranchProject@65faa4d8[myuser/private-repo] added to queue
2016-05-11 18:29:57.907+1000 [id=2501]	FINE	hudson.model.Queue#maintain: Queue maintenance started hudson.model.Queue@57165578
2016-05-11 18:29:57.907+1000 [id=2501]	FINEST	hudson.model.Queue#maintain: Executor #1 is parking and is waiting for a job to execute.
2016-05-11 18:29:57.907+1000 [id=2501]	FINEST	hudson.model.Queue#maintain: Executor #0 is parking and is waiting for a job to execute.
2016-05-11 18:29:57.907+1000 [id=2501]	FINEST	hudson.model.Queue#makeFlyWeightTaskBuildable: Creating flyweight task support-team » private-repo for computer 
2016-05-11 18:29:57.907+1000 [id=2501]	FINEST	hudson.model.Queue#makeBuildable: Converting flyweight task: support-team » private-repo into a BuildableRunnable
2016-05-11 18:29:57.907+1000 [id=2501]	FINEST	hudson.model.Queue#maintain: Executing runnable support-team » private-repo
2016-05-11 18:29:57.908+1000 [id=2502]	FINE	hudson.model.Executor$1#call: Executor #-1 for master grabbed hudson.model.queue.WorkUnit@26d4f75c[work=support-team » private-repo] from queue
2016-05-11 18:29:57.908+1000 [id=2502]	FINE	hudson.model.Executor#run: Executor #-1 for master is going to execute BranchIndexing[myuser/private-repo]
2016-05-11 18:29:57.908+1000 [id=2502]	FINE	hudson.model.Executor#run: Executor #-1 for master : executing BranchIndexing[myuser/private-repo] is now executing BranchIndexing[myuser/private-repo]
2016-05-11 18:29:57.914+1000 [id=2502]	FINE	c.c.h.p.f.c.ComputedFolder#updateChildren: updating myuser/private-repo
2016-05-11 18:30:00.354+1000 [id=38]	FINE	c.c.h.p.f.computed.FolderCron#doRun: cron checking 11/05/16 6:30 PM
2016-05-11 18:30:00.354+1000 [id=38]	FINE	c.c.h.p.f.computed.FolderCron#checkTriggers: cron checking Dohbedoh
2016-05-11 18:30:00.354+1000 [id=38]	FINE	c.c.h.p.f.computed.FolderCron#checkTriggers: cron checking chess-ai-kong
2016-05-11 18:30:00.354+1000 [id=38]	FINE	c.c.h.p.f.computed.FolderCron#checkTriggers: cron checking ci-sandbox
2016-05-11 18:30:00.354+1000 [id=38]	FINE	c.c.h.p.f.computed.FolderCron#checkTriggers: cron checking support-team
2016-05-11 18:30:00.354+1000 [id=38]	FINE	c.c.h.p.f.computed.FolderCron#checkTriggers: cron checking private-repo
2016-05-11 18:30:00.354+1000 [id=38]	FINE	c.c.h.p.f.computed.FolderCron#checkTriggers: cron checking public-repo
2016-05-11 18:30:00.610+1000 [id=2502]	FINE	c.c.h.p.f.c.ComputedFolder$1#shouldUpdate: myuser/private-repo: existing feature%2Ffeature1: org.jenkinsci.plugins.workflow.job.WorkflowJob@51380f13[myuser/private-repo/feature%2Ffeature1]
2016-05-11 18:30:00.610+1000 [id=2502]	FINE	hudson.model.Queue#scheduleInternal: org.jenkinsci.plugins.workflow.job.WorkflowJob@51380f13[myuser/private-repo/feature%2Ffeature1] added to queue
2016-05-11 18:30:00.611+1000 [id=2504]	FINE	hudson.model.Queue#maintain: Queue maintenance started hudson.model.Queue@57165578
2016-05-11 18:30:00.611+1000 [id=2504]	FINEST	hudson.model.Queue#maintain: Executor #1 is parking and is waiting for a job to execute.
2016-05-11 18:30:00.611+1000 [id=2504]	FINEST	hudson.model.Queue#maintain: Executor #0 is parking and is waiting for a job to execute.
2016-05-11 18:30:00.611+1000 [id=2504]	FINEST	hudson.model.Queue#makeFlyWeightTaskBuildable: Creating flyweight task support-team » private-repo » feature/feature1 for computer 
2016-05-11 18:30:00.611+1000 [id=2504]	FINEST	hudson.model.Queue#makeBuildable: Converting flyweight task: support-team » private-repo » feature/feature1 into a BuildableRunnable
2016-05-11 18:30:00.611+1000 [id=2504]	FINEST	hudson.model.Queue#maintain: Executing runnable support-team » private-repo » feature/feature1
2016-05-11 18:30:00.611+1000 [id=2505]	FINE	hudson.model.Executor$1#call: Executor #-1 for master grabbed hudson.model.queue.WorkUnit@66623bcf[work=support-team » private-repo » feature/feature1] from queue
2016-05-11 18:30:00.612+1000 [id=2505]	FINE	hudson.model.Executor#run: Executor #-1 for master is going to execute myuser/private-repo/feature%2Ffeature1 #8
2016-05-11 18:30:00.613+1000 [id=2505]	FINE	hudson.model.Executor#run: Executor #-1 for master : executing myuser/private-repo/feature%2Ffeature1 #8 is now executing myuser/private-repo/feature%2Ffeature1 #8
2016-05-11 18:30:00.889+1000 [id=2502]	FINE	c.c.h.p.f.c.ComputedFolder$1#shouldUpdate: myuser/private-repo: existing feature%2Ffeature2: org.jenkinsci.plugins.workflow.job.WorkflowJob@27e820f9[myuser/private-repo/feature%2Ffeature2]
2016-05-11 18:30:01.179+1000 [id=2502]	FINE	c.c.h.p.f.c.ComputedFolder$1#shouldUpdate: myuser/private-repo: existing feature%2Ffeature3: org.jenkinsci.plugins.workflow.job.WorkflowJob@7cd60199[myuser/private-repo/feature%2Ffeature3]
2016-05-11 18:30:01.463+1000 [id=2502]	FINE	c.c.h.p.f.c.ComputedFolder$1#shouldUpdate: myuser/private-repo: existing feature%2Ffeature4: org.jenkinsci.plugins.workflow.job.WorkflowJob@72d2b496[myuser/private-repo/feature%2Ffeature4]
2016-05-11 18:30:01.746+1000 [id=2502]	FINE	c.c.h.p.f.c.ComputedFolder$1#shouldUpdate: myuser/private-repo: existing master: org.jenkinsci.plugins.workflow.job.WorkflowJob@63837d48[myuser/private-repo/master]
2016-05-11 18:30:02.027+1000 [id=2502]	FINE	c.c.h.p.f.c.ComputedFolder$1#shouldUpdate: myuser/private-repo: existing release%2F0.0.1: org.jenkinsci.plugins.workflow.job.WorkflowJob@50a6629[myuser/private-repo/release%2F0.0.1]
2016-05-11 18:30:02.086+1000 [id=38]	FINE	hudson.model.Queue#maintain: Queue maintenance started hudson.model.Queue@57165578
2016-05-11 18:30:02.086+1000 [id=38]	FINEST	hudson.model.Queue#maintain: Executor #1 is parking and is waiting for a job to execute.
2016-05-11 18:30:02.086+1000 [id=38]	FINEST	hudson.model.Queue#maintain: Executor #0 is parking and is waiting for a job to execute.
2016-05-11 18:30:03.184+1000 [id=1859]	FINE	hudson.model.Queue#scheduleInternal: org.jenkinsci.plugins.workflow.multibranch.WorkflowMultiBranchProject@65faa4d8[myuser/private-repo] added to queue
2016-05-11 18:30:03.185+1000 [id=2527]	FINE	hudson.model.Queue#maintain: Queue maintenance started hudson.model.Queue@57165578
2016-05-11 18:30:03.185+1000 [id=2527]	FINEST	hudson.model.Queue#maintain: Executor #1 is parking and is waiting for a job to execute.
2016-05-11 18:30:03.185+1000 [id=2527]	FINEST	hudson.model.Queue#maintain: Executor #0 is parking and is waiting for a job to execute.
2016-05-11 18:30:03.185+1000 [id=2527]	FINE	hudson.model.Queue$BlockedItem#enter: hudson.model.Queue$BlockedItem:org.jenkinsci.plugins.workflow.multibranch.WorkflowMultiBranchProject@65faa4d8[myuser/private-repo]:182 is blocked
2016-05-11 18:30:06.483+1000 [id=2502]	FINE	c.c.h.p.f.c.ComputedFolder$1#shouldUpdate: myuser/private-repo: existing PR-11: org.jenkinsci.plugins.workflow.job.WorkflowJob@3138e3de[myuser/private-repo/PR-11]
2016-05-11 18:30:07.087+1000 [id=65]	FINE	hudson.model.Queue#maintain: Queue maintenance started hudson.model.Queue@57165578
2016-05-11 18:30:07.087+1000 [id=65]	FINEST	hudson.model.Queue#maintain: Executor #1 is parking and is waiting for a job to execute.
2016-05-11 18:30:07.087+1000 [id=65]	FINEST	hudson.model.Queue#maintain: Executor #0 is parking and is waiting for a job to execute.
2016-05-11 18:30:07.087+1000 [id=65]	FINEST	hudson.model.Queue#maintain: Current blocked item: support-team » private-repo
2016-05-11 18:30:07.883+1000 [id=2502]	FINE	c.c.h.p.f.c.ComputedFolder$1#shouldUpdate: myuser/private-repo: existing PR-9: org.jenkinsci.plugins.workflow.job.WorkflowJob@764f18a5[myuser/private-repo/PR-9]
2016-05-11 18:30:08.478+1000 [id=2502]	FINE	c.c.h.p.f.c.ComputedFolder#updateChildren: finished updating myuser/private-repo
2016-05-11 18:30:08.479+1000 [id=2502]	FINE	hudson.model.Executor#finish1: Executor #-1 for master : executing BranchIndexing[myuser/private-repo] completed BranchIndexing[myuser/private-repo] in 10,571ms
2016-05-11 18:30:08.479+1000 [id=2548]	FINE	hudson.model.Queue#maintain: Queue maintenance started hudson.model.Queue@57165578
2016-05-11 18:30:08.480+1000 [id=2548]	FINEST	hudson.model.Queue#maintain: Executor #1 is parking and is waiting for a job to execute.
2016-05-11 18:30:08.480+1000 [id=2548]	FINEST	hudson.model.Queue#maintain: Executor #0 is parking and is waiting for a job to execute.
2016-05-11 18:30:08.480+1000 [id=2548]	FINEST	hudson.model.Queue#maintain: Current blocked item: support-team » private-repo
2016-05-11 18:30:08.480+1000 [id=2548]	FINEST	hudson.model.Queue#maintain: BlockedItem support-team » private-repo: blocked -> buildable as the build is not blocked and new tasks are allowed
2016-05-11 18:30:08.480+1000 [id=2548]	FINEST	hudson.model.Queue#makeFlyWeightTaskBuildable: Creating flyweight task support-team » private-repo for computer 
2016-05-11 18:30:08.480+1000 [id=2548]	FINEST	hudson.model.Queue#makeBuildable: Converting flyweight task: support-team » private-repo into a BuildableRunnable
2016-05-11 18:30:08.480+1000 [id=2548]	FINE	hudson.model.Queue$BlockedItem#leave: hudson.model.Queue$BlockedItem:org.jenkinsci.plugins.workflow.multibranch.WorkflowMultiBranchProject@65faa4d8[myuser/private-repo]:182 no longer blocked
2016-05-11 18:30:08.481+1000 [id=2549]	FINE	hudson.model.Executor$1#call: Executor #-1 for master grabbed hudson.model.queue.WorkUnit@330583a[work=support-team » private-repo] from queue
2016-05-11 18:30:08.481+1000 [id=2549]	FINE	hudson.model.Executor#run: Executor #-1 for master is going to execute BranchIndexing[myuser/private-repo]
2016-05-11 18:30:08.482+1000 [id=2549]	FINE	hudson.model.Executor#run: Executor #-1 for master : executing BranchIndexing[myuser/private-repo] is now executing BranchIndexing[myuser/private-repo]
2016-05-11 18:30:08.488+1000 [id=2549]	FINE	c.c.h.p.f.c.ComputedFolder#updateChildren: updating myuser/private-repo
2016-05-11 18:30:08.491+1000 [id=2549]	FINE	c.c.h.p.f.c.ComputedFolder$1#shouldUpdate: myuser/private-repo: existing feature%2Ffeature1: org.jenkinsci.plugins.workflow.job.WorkflowJob@51380f13[myuser/private-repo/feature%2Ffeature1]
2016-05-11 18:30:08.492+1000 [id=2549]	FINE	c.c.h.p.f.c.ComputedFolder$1#shouldUpdate: myuser/private-repo: existing feature%2Ffeature2: org.jenkinsci.plugins.workflow.job.WorkflowJob@27e820f9[myuser/private-repo/feature%2Ffeature2]
2016-05-11 18:30:08.494+1000 [id=2549]	FINE	c.c.h.p.f.c.ComputedFolder$1#shouldUpdate: myuser/private-repo: existing feature%2Ffeature3: org.jenkinsci.plugins.workflow.job.WorkflowJob@7cd60199[myuser/private-repo/feature%2Ffeature3]
2016-05-11 18:30:08.494+1000 [id=2549]	FINE	c.c.h.p.f.c.ComputedFolder$1#shouldUpdate: myuser/private-repo: existing feature%2Ffeature4: org.jenkinsci.plugins.workflow.job.WorkflowJob@72d2b496[myuser/private-repo/feature%2Ffeature4]
2016-05-11 18:30:08.495+1000 [id=2549]	FINE	c.c.h.p.f.c.ComputedFolder$1#shouldUpdate: myuser/private-repo: existing master: org.jenkinsci.plugins.workflow.job.WorkflowJob@63837d48[myuser/private-repo/master]
2016-05-11 18:30:08.496+1000 [id=2549]	FINE	c.c.h.p.f.c.ComputedFolder$1#shouldUpdate: myuser/private-repo: existing release%2F0.0.1: org.jenkinsci.plugins.workflow.job.WorkflowJob@50a6629[myuser/private-repo/release%2F0.0.1]
2016-05-11 18:30:08.499+1000 [id=2549]	FINE	c.c.h.p.f.c.ComputedFolder$1#shouldUpdate: myuser/private-repo: existing PR-11: org.jenkinsci.plugins.workflow.job.WorkflowJob@3138e3de[myuser/private-repo/PR-11]
2016-05-11 18:30:08.501+1000 [id=2549]	FINE	c.c.h.p.f.c.ComputedFolder$1#shouldUpdate: myuser/private-repo: existing PR-9: org.jenkinsci.plugins.workflow.job.WorkflowJob@764f18a5[myuser/private-repo/PR-9]
2016-05-11 18:30:08.502+1000 [id=1859]	FINE	hudson.model.Queue#scheduleInternal: org.jenkinsci.plugins.workflow.multibranch.WorkflowMultiBranchProject@65faa4d8[myuser/private-repo] added to queue
2016-05-11 18:30:08.502+1000 [id=2549]	FINE	c.c.h.p.f.c.ComputedFolder#updateChildren: finished updating myuser/private-repo
2016-05-11 18:30:08.503+1000 [id=2550]	FINE	hudson.model.Queue#maintain: Queue maintenance started hudson.model.Queue@57165578
2016-05-11 18:30:08.503+1000 [id=2550]	FINEST	hudson.model.Queue#maintain: Executor #1 is parking and is waiting for a job to execute.
2016-05-11 18:30:08.503+1000 [id=2550]	FINEST	hudson.model.Queue#maintain: Executor #0 is parking and is waiting for a job to execute.
2016-05-11 18:30:08.503+1000 [id=2550]	FINE	hudson.model.Queue$BlockedItem#enter: hudson.model.Queue$BlockedItem:org.jenkinsci.plugins.workflow.multibranch.WorkflowMultiBranchProject@65faa4d8[myuser/private-repo]:183 is blocked
2016-05-11 18:30:08.503+1000 [id=2549]	FINE	hudson.model.Executor#finish1: Executor #-1 for master : executing BranchIndexing[myuser/private-repo] completed BranchIndexing[myuser/private-repo] in 22ms
2016-05-11 18:30:08.503+1000 [id=2551]	FINE	hudson.model.Queue#maintain: Queue maintenance started hudson.model.Queue@57165578
2016-05-11 18:30:08.503+1000 [id=2551]	FINEST	hudson.model.Queue#maintain: Executor #1 is parking and is waiting for a job to execute.
2016-05-11 18:30:08.504+1000 [id=2551]	FINEST	hudson.model.Queue#maintain: Executor #0 is parking and is waiting for a job to execute.
2016-05-11 18:30:08.504+1000 [id=2551]	FINEST	hudson.model.Queue#maintain: Current blocked item: support-team » private-repo
2016-05-11 18:30:08.504+1000 [id=2551]	FINEST	hudson.model.Queue#maintain: BlockedItem support-team » private-repo: blocked -> buildable as the build is not blocked and new tasks are allowed
2016-05-11 18:30:08.504+1000 [id=2551]	FINEST	hudson.model.Queue#makeFlyWeightTaskBuildable: Creating flyweight task support-team » private-repo for computer 
2016-05-11 18:30:08.504+1000 [id=2551]	FINEST	hudson.model.Queue#makeBuildable: Converting flyweight task: support-team » private-repo into a BuildableRunnable
2016-05-11 18:30:08.504+1000 [id=2551]	FINE	hudson.model.Queue$BlockedItem#leave: hudson.model.Queue$BlockedItem:org.jenkinsci.plugins.workflow.multibranch.WorkflowMultiBranchProject@65faa4d8[myuser/private-repo]:183 no longer blocked
2016-05-11 18:30:08.504+1000 [id=2552]	FINE	hudson.model.Executor$1#call: Executor #-1 for master grabbed hudson.model.queue.WorkUnit@2072e3a8[work=support-team » private-repo] from queue
2016-05-11 18:30:08.504+1000 [id=2552]	FINE	hudson.model.Executor#run: Executor #-1 for master is going to execute BranchIndexing[myuser/private-repo]
2016-05-11 18:30:08.504+1000 [id=2552]	FINE	hudson.model.Executor#run: Executor #-1 for master : executing BranchIndexing[myuser/private-repo] is now executing BranchIndexing[myuser/private-repo]
2016-05-11 18:30:08.510+1000 [id=2552]	FINE	c.c.h.p.f.c.ComputedFolder#updateChildren: updating myuser/private-repo
2016-05-11 18:30:08.512+1000 [id=2552]	FINE	c.c.h.p.f.c.ComputedFolder$1#shouldUpdate: myuser/private-repo: existing feature%2Ffeature1: org.jenkinsci.plugins.workflow.job.WorkflowJob@51380f13[myuser/private-repo/feature%2Ffeature1]
2016-05-11 18:30:08.513+1000 [id=2552]	FINE	c.c.h.p.f.c.ComputedFolder$1#shouldUpdate: myuser/private-repo: existing feature%2Ffeature2: org.jenkinsci.plugins.workflow.job.WorkflowJob@27e820f9[myuser/private-repo/feature%2Ffeature2]
2016-05-11 18:30:08.514+1000 [id=2552]	FINE	c.c.h.p.f.c.ComputedFolder$1#shouldUpdate: myuser/private-repo: existing feature%2Ffeature3: org.jenkinsci.plugins.workflow.job.WorkflowJob@7cd60199[myuser/private-repo/feature%2Ffeature3]
2016-05-11 18:30:08.514+1000 [id=2552]	FINE	c.c.h.p.f.c.ComputedFolder$1#shouldUpdate: myuser/private-repo: existing feature%2Ffeature4: org.jenkinsci.plugins.workflow.job.WorkflowJob@72d2b496[myuser/private-repo/feature%2Ffeature4]
2016-05-11 18:30:08.515+1000 [id=2552]	FINE	c.c.h.p.f.c.ComputedFolder$1#shouldUpdate: myuser/private-repo: existing master: org.jenkinsci.plugins.workflow.job.WorkflowJob@63837d48[myuser/private-repo/master]
2016-05-11 18:30:08.516+1000 [id=2552]	FINE	c.c.h.p.f.c.ComputedFolder$1#shouldUpdate: myuser/private-repo: existing release%2F0.0.1: org.jenkinsci.plugins.workflow.job.WorkflowJob@50a6629[myuser/private-repo/release%2F0.0.1]
2016-05-11 18:30:08.519+1000 [id=2552]	FINE	c.c.h.p.f.c.ComputedFolder$1#shouldUpdate: myuser/private-repo: existing PR-11: org.jenkinsci.plugins.workflow.job.WorkflowJob@3138e3de[myuser/private-repo/PR-11]
2016-05-11 18:30:08.520+1000 [id=2552]	FINE	c.c.h.p.f.c.ComputedFolder$1#shouldUpdate: myuser/private-repo: existing PR-9: org.jenkinsci.plugins.workflow.job.WorkflowJob@764f18a5[myuser/private-repo/PR-9]
2016-05-11 18:30:08.521+1000 [id=2552]	FINE	c.c.h.p.f.c.ComputedFolder#updateChildren: finished updating myuser/private-repo
2016-05-11 18:30:08.522+1000 [id=2552]	FINE	hudson.model.Executor#finish1: Executor #-1 for master : executing BranchIndexing[myuser/private-repo] completed BranchIndexing[myuser/private-repo] in 18ms
2016-05-11 18:30:08.523+1000 [id=2553]	FINE	hudson.model.Queue#maintain: Queue maintenance started hudson.model.Queue@57165578
2016-05-11 18:30:08.523+1000 [id=2553]	FINEST	hudson.model.Queue#maintain: Executor #1 is parking and is waiting for a job to execute.
2016-05-11 18:30:08.523+1000 [id=2553]	FINEST	hudson.model.Queue#maintain: Executor #0 is parking and is waiting for a job to execute.
2016-05-11 18:30:10.918+1000 [id=2570]	FINE	hudson.model.Queue#scheduleInternal: org.jenkinsci.plugins.workflow.support.steps.ExecutorStepExecution$PlaceholderTask@6f6ec9c6 added to queue
2016-05-11 18:30:10.918+1000 [id=2571]	FINE	hudson.model.Queue#maintain: Queue maintenance started hudson.model.Queue@57165578
2016-05-11 18:30:10.919+1000 [id=2571]	FINEST	hudson.model.Queue#maintain: Executor #1 is parking and is waiting for a job to execute.
2016-05-11 18:30:10.919+1000 [id=2571]	FINEST	hudson.model.Queue#maintain: Executor #0 is parking and is waiting for a job to execute.
2016-05-11 18:30:10.919+1000 [id=2571]	FINEST	hudson.model.Queue#maintain: Executing runnable part of support-team » private-repo » feature/feature1 #8
2016-05-11 18:30:10.919+1000 [id=2571]	FINEST	hudson.model.Queue#maintain: Executor #1 is a potential candidate for task part of support-team » private-repo » feature/feature1 #8
2016-05-11 18:30:10.919+1000 [id=2571]	FINEST	hudson.model.Queue#maintain: Executor #0 is a potential candidate for task part of support-team » private-repo » feature/feature1 #8
2016-05-11 18:30:10.919+1000 [id=2571]	FINEST	hudson.model.Queue#maintain: Found a matching executor for part of support-team » private-repo » feature/feature1 #8. Using it.
2016-05-11 18:30:10.920+1000 [id=2571]	FINE	hudson.model.Queue$BuildableItem#leave: hudson.model.Queue$BuildableItem:org.jenkinsci.plugins.workflow.support.steps.ExecutorStepExecution$PlaceholderTask@6f6ec9c6:184 no longer blocked
2016-05-11 18:30:10.920+1000 [id=2571]	FINEST	hudson.model.Queue#maintain: BuildableItem part of support-team » private-repo » feature/feature1 #8 marked as pending.
2016-05-11 18:30:10.920+1000 [id=1272]	FINE	hudson.model.Executor$1#call: Executor #1 for master grabbed hudson.model.queue.WorkUnit@6bc7f58a[work=part of support-team » private-repo » feature/feature1 #8] from queue
2016-05-11 18:30:10.920+1000 [id=1272]	FINE	hudson.model.Executor#run: Executor #1 for master is going to execute PlaceholderExecutable:job/myuser/job/private-repo/branch/feature%252Ffeature1/8/:null
2016-05-11 18:30:10.920+1000 [id=1272]	FINE	hudson.model.Executor#run: Executor #1 for master : executing PlaceholderExecutable:job/myuser/job/private-repo/branch/feature%252Ffeature1/8/:null is now executing PlaceholderExecutable:job/myuser/job/private-repo/branch/feature%252Ffeature1/8/:null
2016-05-11 18:30:10.929+1000 [id=59]	FINE	hudson.model.Executor#finish1: Executor #1 for master : executing PlaceholderExecutable:job/myuser/job/private-repo/branch/feature%252Ffeature1/8/:null completed PlaceholderExecutable:job/myuser/job/private-repo/branch/feature%252Ffeature1/8/:2434bf52-c388-408a-98fd-b8d85e63a12e in 9ms
2016-05-11 18:30:10.930+1000 [id=2573]	FINE	hudson.model.Queue#maintain: Queue maintenance started hudson.model.Queue@57165578
2016-05-11 18:30:10.930+1000 [id=2573]	FINEST	hudson.model.Queue#maintain: Executor #0 is parking and is waiting for a job to execute.
2016-05-11 18:30:10.930+1000 [id=2573]	FINEST	hudson.model.Queue#maintain: Executor #1 is parking and is waiting for a job to execute.
2016-05-11 18:30:11.915+1000 [id=66]	FINE	hudson.model.Executor#finish1: Executor #-1 for master : executing myuser/private-repo/feature%2Ffeature1 #8 completed myuser/private-repo/feature%2Ffeature1 #8 in 11,304ms
2016-05-11 18:30:11.915+1000 [id=2575]	FINE	hudson.model.Queue#maintain: Queue maintenance started hudson.model.Queue@57165578
2016-05-11 18:30:11.915+1000 [id=2575]	FINEST	hudson.model.Queue#maintain: Executor #0 is parking and is waiting for a job to execute.
2016-05-11 18:30:11.915+1000 [id=2575]	FINEST	hudson.model.Queue#maintain: Executor #1 is parking and is waiting for a job to execute.
2016-05-11 18:30:12.089+1000 [id=59]	FINE	hudson.model.Queue#maintain: Queue maintenance started hudson.model.Queue@57165578
2016-05-11 18:30:12.089+1000 [id=59]	FINEST	hudson.model.Queue#maintain: Executor #0 is parking and is waiting for a job to execute.
2016-05-11 18:30:12.089+1000 [id=59]	FINEST	hudson.model.Queue#maintain: Executor #1 is parking and is waiting for a job to execute.
2016-05-11 18:30:14.196+1000 [id=1859]	FINE	hudson.model.Queue#scheduleInternal: org.jenkinsci.plugins.workflow.multibranch.WorkflowMultiBranchProject@65faa4d8[myuser/private-repo] added to queue
2016-05-11 18:30:14.197+1000 [id=2577]	FINE	hudson.model.Queue#maintain: Queue maintenance started hudson.model.Queue@57165578
2016-05-11 18:30:14.197+1000 [id=2577]	FINEST	hudson.model.Queue#maintain: Executor #0 is parking and is waiting for a job to execute.
2016-05-11 18:30:14.198+1000 [id=2577]	FINEST	hudson.model.Queue#maintain: Executor #1 is parking and is waiting for a job to execute.
2016-05-11 18:30:14.198+1000 [id=2577]	FINEST	hudson.model.Queue#makeFlyWeightTaskBuildable: Creating flyweight task support-team » private-repo for computer 
2016-05-11 18:30:14.198+1000 [id=2577]	FINEST	hudson.model.Queue#makeBuildable: Converting flyweight task: support-team » private-repo into a BuildableRunnable
2016-05-11 18:30:14.198+1000 [id=2577]	FINEST	hudson.model.Queue#maintain: Executing runnable support-team » private-repo
2016-05-11 18:30:14.198+1000 [id=2578]	FINE	hudson.model.Executor$1#call: Executor #-1 for master grabbed hudson.model.queue.WorkUnit@71141132[work=support-team » private-repo] from queue
2016-05-11 18:30:14.198+1000 [id=2578]	FINE	hudson.model.Executor#run: Executor #-1 for master is going to execute BranchIndexing[myuser/private-repo]
2016-05-11 18:30:14.199+1000 [id=2578]	FINE	hudson.model.Executor#run: Executor #-1 for master : executing BranchIndexing[myuser/private-repo] is now executing BranchIndexing[myuser/private-repo]
2016-05-11 18:30:14.204+1000 [id=2578]	FINE	c.c.h.p.f.c.ComputedFolder#updateChildren: updating myuser/private-repo
2016-05-11 18:30:14.207+1000 [id=2578]	FINE	c.c.h.p.f.c.ComputedFolder$1#shouldUpdate: myuser/private-repo: existing feature%2Ffeature1: org.jenkinsci.plugins.workflow.job.WorkflowJob@51380f13[myuser/private-repo/feature%2Ffeature1]
2016-05-11 18:30:14.208+1000 [id=2578]	FINE	c.c.h.p.f.c.ComputedFolder$1#shouldUpdate: myuser/private-repo: existing feature%2Ffeature2: org.jenkinsci.plugins.workflow.job.WorkflowJob@27e820f9[myuser/private-repo/feature%2Ffeature2]
2016-05-11 18:30:14.209+1000 [id=2578]	FINE	c.c.h.p.f.c.ComputedFolder$1#shouldUpdate: myuser/private-repo: existing feature%2Ffeature3: org.jenkinsci.plugins.workflow.job.WorkflowJob@7cd60199[myuser/private-repo/feature%2Ffeature3]
2016-05-11 18:30:14.209+1000 [id=2578]	FINE	c.c.h.p.f.c.ComputedFolder$1#shouldUpdate: myuser/private-repo: existing feature%2Ffeature4: org.jenkinsci.plugins.workflow.job.WorkflowJob@72d2b496[myuser/private-repo/feature%2Ffeature4]
2016-05-11 18:30:14.210+1000 [id=2578]	FINE	c.c.h.p.f.c.ComputedFolder$1#shouldUpdate: myuser/private-repo: existing master: org.jenkinsci.plugins.workflow.job.WorkflowJob@63837d48[myuser/private-repo/master]
2016-05-11 18:30:14.211+1000 [id=2578]	FINE	c.c.h.p.f.c.ComputedFolder$1#shouldUpdate: myuser/private-repo: existing release%2F0.0.1: org.jenkinsci.plugins.workflow.job.WorkflowJob@50a6629[myuser/private-repo/release%2F0.0.1]
2016-05-11 18:30:14.215+1000 [id=2578]	FINE	c.c.h.p.f.c.ComputedFolder$1#shouldUpdate: myuser/private-repo: existing PR-11: org.jenkinsci.plugins.workflow.job.WorkflowJob@3138e3de[myuser/private-repo/PR-11]
2016-05-11 18:30:14.217+1000 [id=2578]	FINE	c.c.h.p.f.c.ComputedFolder$1#shouldUpdate: myuser/private-repo: existing PR-9: org.jenkinsci.plugins.workflow.job.WorkflowJob@764f18a5[myuser/private-repo/PR-9]
2016-05-11 18:30:14.217+1000 [id=2578]	FINE	c.c.h.p.f.c.ComputedFolder#updateChildren: finished updating myuser/private-repo
2016-05-11 18:30:14.218+1000 [id=2578]	FINE	hudson.model.Executor#finish1: Executor #-1 for master : executing BranchIndexing[myuser/private-repo] completed BranchIndexing[myuser/private-repo] in 20ms
2016-05-11 18:30:14.219+1000 [id=2579]	FINE	hudson.model.Queue#maintain: Queue maintenance started hudson.model.Queue@57165578
2016-05-11 18:30:14.219+1000 [id=2579]	FINEST	hudson.model.Queue#maintain: Executor #0 is parking and is waiting for a job to execute.
2016-05-11 18:30:14.219+1000 [id=2579]	FINEST	hudson.model.Queue#maintain: Executor #1 is parking and is waiting for a job to execute.
2016-05-11 18:30:17.094+1000 [id=59]	FINE	hudson.model.Queue#maintain: Queue maintenance started hudson.model.Queue@57165578
2016-05-11 18:30:17.094+1000 [id=59]	FINEST	hudson.model.Queue#maintain: Executor #0 is parking and is waiting for a job to execute.
2016-05-11 18:30:17.095+1000 [id=59]	FINEST	hudson.model.Queue#maintain: Executor #1 is parking and is waiting for a job to execute.
2016-05-11 18:30:22.099+1000 [id=60]	FINE	hudson.model.Queue#maintain: Queue maintenance started hudson.model.Queue@57165578
2016-05-11 18:30:22.099+1000 [id=60]	FINEST	hudson.model.Queue#maintain: Executor #0 is parking and is waiting for a job to execute.
2016-05-11 18:30:22.099+1000 [id=60]	FINEST	hudson.model.Queue#maintain: Executor #1 is parking and is waiting for a job to execute.
2016-05-11 18:30:27.104+1000 [id=67]	FINE	hudson.model.Queue#maintain: Queue maintenance started hudson.model.Queue@57165578
2016-05-11 18:30:27.104+1000 [id=67]	FINEST	hudson.model.Queue#maintain: Executor #0 is parking and is waiting for a job to execute.
2016-05-11 18:30:27.105+1000 [id=67]	FINEST	hudson.model.Queue#maintain: Executor #1 is parking and is waiting for a job to execute.
2016-05-11 18:30:32.107+1000 [id=61]	FINE	hudson.model.Queue#maintain: Queue maintenance started hudson.model.Queue@57165578
2016-05-11 18:30:32.107+1000 [id=61]	FINEST	hudson.model.Queue#maintain: Executor #0 is parking and is waiting for a job to execute.
2016-05-11 18:30:32.107+1000 [id=61]	FINEST	hudson.model.Queue#maintain: Executor #1 is parking and is waiting for a job to execute.
2016-05-11 18:30:37.112+1000 [id=59]	FINE	hudson.model.Queue#maintain: Queue maintenance started hudson.model.Queue@57165578
2016-05-11 18:30:37.112+1000 [id=59]	FINEST	hudson.model.Queue#maintain: Executor #0 is parking and is waiting for a job to execute.
2016-05-11 18:30:37.112+1000 [id=59]	FINEST	hudson.model.Queue#maintain: Executor #1 is parking and is waiting for a job to execute.
2016-05-11 18:30:42.117+1000 [id=63]	FINE	hudson.model.Queue#maintain: Queue maintenance started hudson.model.Queue@57165578
2016-05-11 18:30:42.117+1000 [id=63]	FINEST	hudson.model.Queue#maintain: Executor #0 is parking and is waiting for a job to execute.
2016-05-11 18:30:42.117+1000 [id=63]	FINEST	hudson.model.Queue#maintain: Executor #1 is parking and is waiting for a job to execute.
2016-05-11 18:30:47.119+1000 [id=38]	FINE	hudson.model.Queue#maintain: Queue maintenance started hudson.model.Queue@57165578
2016-05-11 18:30:47.119+1000 [id=38]	FINEST	hudson.model.Queue#maintain: Executor #0 is parking and is waiting for a job to execute.
2016-05-11 18:30:47.119+1000 [id=38]	FINEST	hudson.model.Queue#maintain: Executor #1 is parking and is waiting for a job to execute.
2016-05-11 18:30:52.123+1000 [id=62]	FINE	hudson.model.Queue#maintain: Queue maintenance started hudson.model.Queue@57165578
2016-05-11 18:30:52.123+1000 [id=62]	FINEST	hudson.model.Queue#maintain: Executor #0 is parking and is waiting for a job to execute.
2016-05-11 18:30:52.124+1000 [id=62]	FINEST	hudson.model.Queue#maintain: Executor #1 is parking and is waiting for a job to execute.
2016-05-11 18:30:57.124+1000 [id=62]	FINE	hudson.model.Queue#maintain: Queue maintenance started hudson.model.Queue@57165578
2016-05-11 18:30:57.124+1000 [id=62]	FINEST	hudson.model.Queue#maintain: Executor #0 is parking and is waiting for a job to execute.
2016-05-11 18:30:57.124+1000 [id=62]	FINEST	hudson.model.Queue#maintain: Executor #1 is parking and is waiting for a job to execute.
2016-05-11 18:31:00.350+1000 [id=61]	FINE	c.c.h.p.f.computed.FolderCron#doRun: cron checking 11/05/16 6:31 PM
2016-05-11 18:31:00.351+1000 [id=61]	FINE	c.c.h.p.f.computed.FolderCron#checkTriggers: cron checking Dohbedoh
2016-05-11 18:31:00.351+1000 [id=61]	FINE	c.c.h.p.f.computed.FolderCron#checkTriggers: cron checking chess-ai-kong
2016-05-11 18:31:00.351+1000 [id=61]	FINE	c.c.h.p.f.computed.FolderCron#checkTriggers: cron checking ci-sandbox
2016-05-11 18:31:00.351+1000 [id=61]	FINE	c.c.h.p.f.computed.FolderCron#checkTriggers: cron checking support-team
2016-05-11 18:31:00.351+1000 [id=61]	FINE	c.c.h.p.f.computed.FolderCron#checkTriggers: cron checking private-repo
2016-05-11 18:31:00.351+1000 [id=61]	FINE	c.c.h.p.f.computed.FolderCron#checkTriggers: cron checking public-repo
2016-05-11 18:31:02.129+1000 [id=62]	FINE	hudson.model.Queue#maintain: Queue maintenance started hudson.model.Queue@57165578
2016-05-11 18:31:02.129+1000 [id=62]	FINEST	hudson.model.Queue#maintain: Executor #0 is parking and is waiting for a job to execute.
2016-05-11 18:31:02.129+1000 [id=62]	FINEST	hudson.model.Queue#maintain: Executor #1 is parking and is waiting for a job to execute.
2016-05-11 18:31:07.130+1000 [id=63]	FINE	hudson.model.Queue#maintain: Queue maintenance started hudson.model.Queue@57165578
2016-05-11 18:31:07.130+1000 [id=63]	FINEST	hudson.model.Queue#maintain: Executor #0 is parking and is waiting for a job to execute.
2016-05-11 18:31:07.130+1000 [id=63]	FINEST	hudson.model.Queue#maintain: Executor #1 is parking and is waiting for a job to execute.
2016-05-11 18:31:12.132+1000 [id=60]	FINE	hudson.model.Queue#maintain: Queue maintenance started hudson.model.Queue@57165578
2016-05-11 18:31:12.132+1000 [id=60]	FINEST	hudson.model.Queue#maintain: Executor #0 is parking and is waiting for a job to execute.
2016-05-11 18:31:12.132+1000 [id=60]	FINEST	hudson.model.Queue#maintain: Executor #1 is parking and is waiting for a job to execute.
2016-05-11 18:31:17.137+1000 [id=61]	FINE	hudson.model.Queue#maintain: Queue maintenance started hudson.model.Queue@57165578
2016-05-11 18:31:17.137+1000 [id=61]	FINEST	hudson.model.Queue#maintain: Executor #0 is parking and is waiting for a job to execute.
2016-05-11 18:31:17.137+1000 [id=61]	FINEST	hudson.model.Queue#maintain: Executor #1 is parking and is waiting for a job to execute.
2016-05-11 18:31:22.140+1000 [id=60]	FINE	hudson.model.Queue#maintain: Queue maintenance started hudson.model.Queue@57165578
2016-05-11 18:31:22.140+1000 [id=60]	FINEST	hudson.model.Queue#maintain: Executor #0 is parking and is waiting for a job to execute.
2016-05-11 18:31:22.140+1000 [id=60]	FINEST	hudson.model.Queue#maintain: Executor #1 is parking and is waiting for a job to execute.
2016-05-11 18:31:27.140+1000 [id=61]	FINE	hudson.model.Queue#maintain: Queue maintenance started hudson.model.Queue@57165578
2016-05-11 18:31:27.140+1000 [id=61]	FINEST	hudson.model.Queue#maintain: Executor #0 is parking and is waiting for a job to execute.
2016-05-11 18:31:27.140+1000 [id=61]	FINEST	hudson.model.Queue#maintain: Executor #1 is parking and is waiting for a job to execute.
2016-05-11 18:31:32.143+1000 [id=66]	FINE	hudson.model.Queue#maintain: Queue maintenance started hudson.model.Queue@57165578
2016-05-11 18:31:32.143+1000 [id=66]	FINEST	hudson.model.Queue#maintain: Executor #0 is parking and is waiting for a job to execute.
2016-05-11 18:31:32.143+1000 [id=66]	FINEST	hudson.model.Queue#maintain: Executor #1 is parking and is waiting for a job to execute.
2016-05-11 18:31:37.148+1000 [id=65]	FINE	hudson.model.Queue#maintain: Queue maintenance started hudson.model.Queue@57165578
2016-05-11 18:31:37.149+1000 [id=65]	FINEST	hudson.model.Queue#maintain: Executor #0 is parking and is waiting for a job to execute.
2016-05-11 18:31:37.149+1000 [id=65]	FINEST	hudson.model.Queue#maintain: Executor #1 is parking and is waiting for a job to execute.
