Also:   hudson.remoting.Channel$CallSiteStackTrace: Remote call to <<< AGENT >>>
		at hudson.remoting.Channel.attachCallSiteStackTrace(Channel.java:1800)
		at hudson.remoting.UserRequest$ExceptionResponse.retrieve(UserRequest.java:356)
		at hudson.remoting.Channel.call(Channel.java:1001)
		at org.jenkinsci.plugins.sshsteps.steps.CommandStep$Execution.run(CommandStep.java:72)
		at org.jenkinsci.plugins.sshsteps.util.SSHStepExecution.lambda$start$0(SSHStepExecution.java:84)
		at java.base/java.util.concurrent.Executors$RunnableAdapter.call(Executors.java:515)
		at java.base/java.util.concurrent.FutureTask.run(FutureTask.java:264)
		at java.base/java.util.concurrent.ThreadPoolExecutor.runWorker(ThreadPoolExecutor.java:1128)
		at java.base/java.util.concurrent.ThreadPoolExecutor$Worker.run(ThreadPoolExecutor.java:628)
		at java.base/java.lang.Thread.run(Thread.java:834)
com.jcraft.jsch.JSchException: invalid privatekey: [B@39b54f70
	at com.jcraft.jsch.KeyPair.load(KeyPair.java:664)
	at com.jcraft.jsch.KeyPair.load(KeyPair.java:561)
	at com.jcraft.jsch.IdentityFile.newInstance(IdentityFile.java:40)
	at com.jcraft.jsch.JSch.addIdentity(JSch.java:406)
	at com.jcraft.jsch.JSch.addIdentity(JSch.java:387)
	at java.base/jdk.internal.reflect.NativeMethodAccessorImpl.invoke0(Native Method)
	at java.base/jdk.internal.reflect.NativeMethodAccessorImpl.invoke(NativeMethodAccessorImpl.java:62)
	at java.base/jdk.internal.reflect.DelegatingMethodAccessorImpl.invoke(DelegatingMethodAccessorImpl.java:43)
	at java.base/java.lang.reflect.Method.invoke(Method.java:566)
	at org.codehaus.groovy.runtime.callsite.PojoMetaMethodSite$PojoCachedMethodSite.invoke(PojoMetaMethodSite.java:192)
	at org.codehaus.groovy.runtime.callsite.PojoMetaMethodSite.call(PojoMetaMethodSite.java:56)
	at org.codehaus.groovy.runtime.callsite.AbstractCallSite.call(AbstractCallSite.java:133)
	at org.hidetake.groovy.ssh.connection.UserAuthentication$Trait$Helper.configureUserAuthentication(UserAuthentication.groovy:36)
	at org.hidetake.groovy.ssh.connection.UserAuthentication$Trait$Helper$configureUserAuthentication$0.call(Unknown Source)
	at org.hidetake.groovy.ssh.connection.ConnectionManager.configureUserAuthentication(ConnectionManager.groovy)
	at org.hidetake.groovy.ssh.connection.UserAuthentication$configureUserAuthentication$0.callCurrent(Unknown Source)
	at org.hidetake.groovy.ssh.connection.ConnectionManager.connectInternal(ConnectionManager.groovy:104)
	at java.base/jdk.internal.reflect.NativeMethodAccessorImpl.invoke0(Native Method)
	at java.base/jdk.internal.reflect.NativeMethodAccessorImpl.invoke(NativeMethodAccessorImpl.java:62)
	at java.base/jdk.internal.reflect.DelegatingMethodAccessorImpl.invoke(DelegatingMethodAccessorImpl.java:43)
	at java.base/java.lang.reflect.Method.invoke(Method.java:566)
	at org.codehaus.groovy.reflection.CachedMethod.invoke(CachedMethod.java:93)
	at groovy.lang.MetaMethod.doMethodInvoke(MetaMethod.java:325)
	at org.codehaus.groovy.runtime.metaclass.ClosureMetaClass.invokeMethod(ClosureMetaClass.java:384)
	at groovy.lang.MetaClassImpl.invokeMethod(MetaClassImpl.java:1022)
	at org.codehaus.groovy.runtime.callsite.PogoMetaClassSite.callCurrent(PogoMetaClassSite.java:69)
	at org.codehaus.groovy.runtime.callsite.AbstractCallSite.callCurrent(AbstractCallSite.java:190)
	at org.hidetake.groovy.ssh.connection.ConnectionManager$_connectInternal_closure1.doCall(ConnectionManager.groovy:85)
	at org.hidetake.groovy.ssh.connection.ConnectionManager$_connectInternal_closure1.doCall(ConnectionManager.groovy)
	at java.base/jdk.internal.reflect.NativeMethodAccessorImpl.invoke0(Native Method)
	at java.base/jdk.internal.reflect.NativeMethodAccessorImpl.invoke(NativeMethodAccessorImpl.java:62)
	at java.base/jdk.internal.reflect.DelegatingMethodAccessorImpl.invoke(DelegatingMethodAccessorImpl.java:43)
	at java.base/java.lang.reflect.Method.invoke(Method.java:566)
	at org.codehaus.groovy.reflection.CachedMethod.invoke(CachedMethod.java:93)
	at groovy.lang.MetaMethod.doMethodInvoke(MetaMethod.java:325)
	at org.codehaus.groovy.runtime.metaclass.ClosureMetaClass.invokeMethod(ClosureMetaClass.java:294)
	at groovy.lang.MetaClassImpl.invokeMethod(MetaClassImpl.java:1022)
	at org.codehaus.groovy.runtime.callsite.PogoMetaClassSite.call(PogoMetaClassSite.java:42)
	at org.codehaus.groovy.runtime.callsite.AbstractCallSite.call(AbstractCallSite.java:117)
	at org.hidetake.groovy.ssh.util.Utility.retry(Utility.groovy:52)
	at org.hidetake.groovy.ssh.util.Utility$retry.callStatic(Unknown Source)
	at org.hidetake.groovy.ssh.connection.ConnectionManager.connectInternal(ConnectionManager.groovy:83)
	at org.hidetake.groovy.ssh.connection.ConnectionManager.connectInternal(ConnectionManager.groovy)
	at java.base/jdk.internal.reflect.NativeMethodAccessorImpl.invoke0(Native Method)
	at java.base/jdk.internal.reflect.NativeMethodAccessorImpl.invoke(NativeMethodAccessorImpl.java:62)
	at java.base/jdk.internal.reflect.DelegatingMethodAccessorImpl.invoke(DelegatingMethodAccessorImpl.java:43)
	at java.base/java.lang.reflect.Method.invoke(Method.java:566)
	at org.codehaus.groovy.runtime.callsite.PogoMetaMethodSite$PogoCachedMethodSiteNoUnwrapNoCoerce.invoke(PogoMetaMethodSite.java:210)
	at org.codehaus.groovy.runtime.callsite.PogoMetaMethodSite.callCurrent(PogoMetaMethodSite.java:59)
	at org.codehaus.groovy.runtime.callsite.AbstractCallSite.callCurrent(AbstractCallSite.java:166)
	at org.hidetake.groovy.ssh.connection.ConnectionManager.connect(ConnectionManager.groovy:59)
	at org.hidetake.groovy.ssh.connection.ConnectionManager$connect.call(Unknown Source)
	at org.hidetake.groovy.ssh.session.SessionTask.wetRun(SessionTask.groovy:61)
	at org.hidetake.groovy.ssh.session.SessionTask.call(SessionTask.groovy:48)
	at java_util_concurrent_Callable$call.call(Unknown Source)
	at org.hidetake.groovy.ssh.core.Service.run(Service.groovy:81)
	at org.hidetake.groovy.ssh.core.Service$run$0.call(Unknown Source)
	at org.jenkinsci.plugins.sshsteps.SSHService.executeCommand(SSHService.groovy:177)
	at org.jenkinsci.plugins.sshsteps.steps.CommandStep$Execution$CommandCallable.execute(CommandStep.java:84)
	at org.jenkinsci.plugins.sshsteps.util.SSHMasterToSlaveCallable.call(SSHMasterToSlaveCallable.java:32)
	at hudson.remoting.UserRequest.perform(UserRequest.java:211)
	at hudson.remoting.UserRequest.perform(UserRequest.java:54)
	at hudson.remoting.Request$2.run(Request.java:376)
	at hudson.remoting.InterceptingExecutorService.lambda$wrap$0(InterceptingExecutorService.java:78)
	at java.base/java.util.concurrent.FutureTask.run(FutureTask.java:264)
	at java.base/java.util.concurrent.ThreadPoolExecutor.runWorker(ThreadPoolExecutor.java:1128)
	at java.base/java.util.concurrent.ThreadPoolExecutor$Worker.run(ThreadPoolExecutor.java:628)
	at hudson.remoting.Engine$1.lambda$newThread$0(Engine.java:119)
	at java.base/java.lang.Thread.run(Thread.java:834)