Started by user ha:////4JOcU/mh09pZZJlvzRwyRDL5asP0q+2w4YitO56NODBaAAAAnB+LCAAAAAAAAP9b85aBtbiIQTGjNKU4P08vOT+vOD8nVc83PyU1x6OyILUoJzMv2y+/JJUBAhiZGBgqihhk0NSjKDWzXb3RdlLBUSYGJk8GtpzUvPSSDB8G5tKinBIGIZ+sxLJE/ZzEvHT94JKizLx0a6BxUmjGOUNodHsLgAz+EgYB/dLi1CL9lKL8lKLM9NLUKgADuwiHxQAAAA==David Rodriguez
Running as SYSTEM
Building remotely on ha:////4N7jZd0v26BNtfkgVTccwYPZazKEYoYHMdZc8nDsDbHwAAAAqR+LCAAAAAAAAP9b85aBtbiIQTGjNKU4P08vOT+vOD8nVc83PyU1x6OyILUoJzMv2y+/JJUBAhiZGBgqihhk0NSjKDWzXb3RdlLBUSYGJk8GtpzUvPSSDB8G5tKinBIGIZ+sxLJE/ZzEvHT94JKizLx0a6BxUmjGOUNodHsLgAzhEgZZ/eT83ILSktQi/azUvOzMvGLd4pzEslTdktTiEkMAXjaCdtIAAAA=jenkins-slave-test1 in workspace /data/jenkins_home/workspace/drod-test-2.222
Executor number at runtime: 0
(p4):cmd:... p4 login -s
p4 login -s

User compil ticket expires in 27777 hours 17 minutes.

(p4):stop:3
(p4):cmd:... p4 client -o ci-drod-test-2.222
p4 client -o ci-drod-test-2.222

(p4):stop:4
(p4):cmd:... p4 info
p4 info

(p4):stop:5
(p4):cmd:... p4 info
p4 info

(p4):stop:6
(p4):cmd:... p4 client -o ci-drod-test-2.222
p4 client -o ci-drod-test-2.222

(p4):stop:7
(p4):cmd:... p4 counter change
p4 counter change

(p4):stop:8
(p4):cmd:... p4 changes -m1 -ssubmitted //ci-drod-test-2.222/...
p4 changes -m1 -ssubmitted //ci-drod-test-2.222/...

Change 290033 on 2018/11/16 by davidt@FR-NBSPT6 '<admin-ui-4.2*SCH> IT test fail'
(p4):stop:9
(p4):cmd:... p4 counter change
p4 counter change

(p4):stop:10
(p4):cmd:... p4 changes -m1 -ssubmitted //ci-drod-test-2.222/...@289033,290033
p4 changes -m1 -ssubmitted //ci-drod-test-2.222/...@289033,290033

Change 290033 on 2018/11/16 by davidt@FR-NBSPT6 '<admin-ui-4.2*SCH> IT test fail'
(p4):stop:11
P4: builds: 290033
(p4):cmd:... p4 login -s
p4 login -s

User compil ticket expires in 27777 hours 17 minutes.

(p4):stop:3
(p4):cmd:... p4 client -o ci-drod-test-2.222
p4 client -o ci-drod-test-2.222

(p4):stop:4
(p4):cmd:... p4 info
p4 info

(p4):stop:5
(p4):cmd:... p4 info
p4 info

(p4):stop:6
(p4):cmd:... p4 client -o ci-drod-test-2.222
p4 client -o ci-drod-test-2.222

(p4):stop:7

P4 Task: establishing connection.
... server: 10.21.2.205:1667
... node: ip-10-21-2-84
Building on Node: jenkins-slave-test1
(p4):cmd:... p4 login -s
p4 login -s

User compil ticket expires in 27777 hours 17 minutes.

(p4):stop:3
(p4):cmd:... p4 client -o ci-drod-test-2.222
p4 client -o ci-drod-test-2.222

(p4):stop:4
(p4):cmd:... p4 info
p4 info

(p4):stop:5
(p4):cmd:... p4 info
p4 info

(p4):stop:6
(p4):cmd:... p4 client -o ci-drod-test-2.222
p4 client -o ci-drod-test-2.222

(p4):stop:7

P4 Task: establishing connection.
... server: 10.21.2.205:1667
... node: ip-10-21-2-84

P4 Task: reverting all pending and shelved revisions.
(p4):cmd:... p4 revert /data/jenkins_home/workspace/drod-test-2.222/...
p4 revert /data/jenkins_home/workspace/drod-test-2.222/...

/data/jenkins_home/workspace/drod-test-2.222/... - file(s) not opened on this client.

(p4):stop:8
... rm [abandoned files]
duration: (783ms)

P4 Task: cleaning workspace to match have list.
(p4):cmd:... p4 reconcile -f -w /data/jenkins_home/workspace/drod-test-2.222/...
p4 reconcile -f -w /data/jenkins_home/workspace/drod-test-2.222/...

/data/jenkins_home/workspace/drod-test-2.222/... - no file(s) to reconcile.

(p4):stop:9
duration: 0m 1s

P4 Task: syncing files at change: 290033
(p4):cmd:... p4 sync -q /data/jenkins_home/workspace/drod-test-2.222/...@290033
p4 sync -q /data/jenkins_home/workspace/drod-test-2.222/...@290033

(p4):stop:10
duration: (784ms)

P4: saving built changes.
Found last change 290033 on syncID ci-drod-test-2.222
(p4):cmd:... p4 login -s
p4 login -s

User compil ticket expires in 27777 hours 16 minutes.

(p4):stop:3
(p4):cmd:... p4 client -o ci-drod-test-2.222
p4 client -o ci-drod-test-2.222

(p4):stop:4
(p4):cmd:... p4 info
p4 info

(p4):stop:5
(p4):cmd:... p4 info
p4 info

(p4):stop:6
(p4):cmd:... p4 client -o ci-drod-test-2.222
p4 client -o ci-drod-test-2.222

(p4):stop:7
(p4):cmd:... p4 login -s
p4 login -s

User compil ticket expires in 27777 hours 16 minutes.

(p4):stop:3
(p4):cmd:... p4 client -o ci-drod-test-2.222
p4 client -o ci-drod-test-2.222

(p4):stop:4
(p4):cmd:... p4 info
p4 info

(p4):stop:5
(p4):cmd:... p4 info
p4 info

(p4):stop:6
(p4):cmd:... p4 client -o ci-drod-test-2.222
p4 client -o ci-drod-test-2.222

(p4):stop:7
... done

[drod-test-2.222] $ /bin/sh -xe /tmp/jenkins7634372390604735818.sh
+ echo P4CLIENT  =
P4CLIENT  =
+ echo P4_CLIENT = ci-drod-test-2.222
P4_CLIENT = ci-drod-test-2.222
+ pwd
+ echo PWD       = /data/jenkins_home/workspace/drod-test-2.222
PWD       = /data/jenkins_home/workspace/drod-test-2.222
+ cmd=/usr/bin/p4 -d /data/jenkins_home/workspace/drod-test-2.222 changes -m1 ...
+ /usr/bin/p4 -d /data/jenkins_home/workspace/drod-test-2.222 changes -m1 ...
... - must create client 'ip-10-21-2-84' to access local files.
+

