
[Pipeline] {
[Pipeline] stage
[Pipeline] { (Buildl)
[Pipeline] parallel
[Pipeline] [Android] { (Branch: Android)
[Pipeline] [iOS] { (Branch: iOS)
[Pipeline] [Android] stage
[Pipeline] [Android] { (Android)
[Pipeline] [iOS] stage
[Pipeline] [iOS] { (iOS)
[Pipeline] [Android] stage
[Pipeline] [Android] { (a)
[Pipeline] [iOS] stage
[Pipeline] [iOS] { (b)
[Pipeline] [Android] echo
[Android] x
[Pipeline] [Android] }
[Pipeline] [iOS] echo
[iOS] x
[Pipeline] [iOS] }
[Pipeline] [Android] // stage
[Pipeline] [iOS] // stage
[Pipeline] [Android] stage
[Pipeline] [Android] { (a1)
[Pipeline] [iOS] stage
[Pipeline] [iOS] { (a2)
[Pipeline] [Android] echo
[Android] x
[Pipeline] [Android] }
[Pipeline] [iOS] echo
[iOS] x
[Pipeline] [iOS] }
[Pipeline] [Android] // stage
[Pipeline] [iOS] // stage
[Pipeline] [Android] }
[Pipeline] [iOS] }
[Pipeline] [Android] // stage
[Pipeline] [iOS] // stage
[Pipeline] [Android] }
[Pipeline] [iOS] }
[Pipeline] // parallel
[Pipeline] }
[Pipeline] // stage
[Pipeline] }
[Pipeline] // node
[Pipeline] End of Pipeline
Finished: SUCCESS

