jenkins.util.io.CompositeIOException: Unable to delete 'C:\Jenkins\jobs\FW-TestJob-01'. Tried 3 times (of a maximum of 3) waiting 0.1 sec between attempts.
    at jenkins.util.io.PathRemover.forceRemoveRecursive(PathRemover.java:95)
    at hudson.Util.deleteRecursive(Util.java:293)
    at hudson.Util.deleteRecursive(Util.java:282)
    at hudson.model.AbstractItem.performDelete(AbstractItem.java:791)
    at org.jenkinsci.plugins.workflow.job.WorkflowJob.performDelete(WorkflowJob.java:650)
    at hudson.model.AbstractItem.delete(AbstractItem.java:775)
    at hudson.model.Job.delete(Job.java:675)
    at hudson.model.AbstractItem.doDoDelete(AbstractItem.java:645)
    at java.lang.invoke.MethodHandle.invokeWithArguments(Unknown Source)
    at org.kohsuke.stapler.Function$MethodFunction.invoke(Function.java:396)
    at org.kohsuke.stapler.Function$InstanceFunction.invoke(Function.java:408)
    at org.kohsuke.stapler.interceptor.RequirePOST$Processor.invoke(RequirePOST.java:77)
    at org.kohsuke.stapler.PreInvokeInterceptedFunction.invoke(PreInvokeInterceptedFunction.java:26)
    at org.kohsuke.stapler.Function.bindAndInvoke(Function.java:212)
    at org.kohsuke.stapler.Function.bindAndInvokeAndServeResponse(Function.java:145)
    at org.kohsuke.stapler.MetaClass$11.doDispatch(MetaClass.java:535)
    at org.kohsuke.stapler.NameBasedDispatcher.dispatch(NameBasedDispatcher.java:58)
    at org.kohsuke.stapler.Stapler.tryInvoke(Stapler.java:747)
    at org.kohsuke.stapler.Stapler.invoke(Stapler.java:878)
    at org.kohsuke.stapler.MetaClass$4.doDispatch(MetaClass.java:280)
    at org.kohsuke.stapler.NameBasedDispatcher.dispatch(NameBasedDispatcher.java:58)
    at org.kohsuke.stapler.Stapler.tryInvoke(Stapler.java:747)
    at org.kohsuke.stapler.Stapler.invoke(Stapler.java:878)
    at org.kohsuke.stapler.MetaClass$4.doDispatch(MetaClass.java:280)
    at org.kohsuke.stapler.NameBasedDispatcher.dispatch(NameBasedDispatcher.java:58)
    at org.kohsuke.stapler.Stapler.tryInvoke(Stapler.java:747)
    at org.kohsuke.stapler.Stapler.invoke(Stapler.java:878)
    at org.kohsuke.stapler.MetaClass$4.doDispatch(MetaClass.java:280)
    at org.kohsuke.stapler.NameBasedDispatcher.dispatch(NameBasedDispatcher.java:58)
    at org.kohsuke.stapler.Stapler.tryInvoke(Stapler.java:747)
    at org.kohsuke.stapler.Stapler.invoke(Stapler.java:878)
    at org.kohsuke.stapler.Stapler.invoke(Stapler.java:676)
    at org.kohsuke.stapler.Stapler.service(Stapler.java:238)
    at javax.servlet.http.HttpServlet.service(HttpServlet.java:790)
    at org.eclipse.jetty.servlet.ServletHolder.handle(ServletHolder.java:873)
    at org.eclipse.jetty.servlet.ServletHandler$CachedChain.doFilter(ServletHandler.java:1623)
    at hudson.util.PluginServletFilter$1.doFilter(PluginServletFilter.java:154)
    at org.jenkinsci.plugins.ssegateway.Endpoint$SSEListenChannelFilter.doFilter(Endpoint.java:246)
    at hudson.util.PluginServletFilter$1.doFilter(PluginServletFilter.java:151)
    at io.jenkins.blueocean.ResourceCacheControl.doFilter(ResourceCacheControl.java:134)
    at hudson.util.PluginServletFilter$1.doFilter(PluginServletFilter.java:151)
    at io.jenkins.blueocean.auth.jwt.impl.JwtAuthenticationFilter.doFilter(JwtAuthenticationFilter.java:61)
    at hudson.util.PluginServletFilter$1.doFilter(PluginServletFilter.java:151)
    at hudson.plugins.greenballs.GreenBallFilter.doFilter(GreenBallFilter.java:59)
    at hudson.util.PluginServletFilter$1.doFilter(PluginServletFilter.java:151)
    at jenkins.telemetry.impl.UserLanguages$AcceptLanguageFilter.doFilter(UserLanguages.java:128)
    at hudson.util.PluginServletFilter$1.doFilter(PluginServletFilter.java:151)
    at hudson.util.PluginServletFilter.doFilter(PluginServletFilter.java:157)
    at org.eclipse.jetty.servlet.ServletHandler$CachedChain.doFilter(ServletHandler.java:1610)
    at hudson.security.csrf.CrumbFilter.doFilter(CrumbFilter.java:99)
    at org.eclipse.jetty.servlet.ServletHandler$CachedChain.doFilter(ServletHandler.java:1610)
    at hudson.security.ChainedServletFilter$1.doFilter(ChainedServletFilter.java:84)
    at hudson.security.UnwrapSecurityExceptionFilter.doFilter(UnwrapSecurityExceptionFilter.java:51)
    at hudson.security.ChainedServletFilter$1.doFilter(ChainedServletFilter.java:87)
    at jenkins.security.ExceptionTranslationFilter.doFilter(ExceptionTranslationFilter.java:117)
    at hudson.security.ChainedServletFilter$1.doFilter(ChainedServletFilter.java:87)
    at org.acegisecurity.providers.anonymous.AnonymousProcessingFilter.doFilter(AnonymousProcessingFilter.java:125)
    at hudson.security.ChainedServletFilter$1.doFilter(ChainedServletFilter.java:87)
    at org.acegisecurity.ui.rememberme.RememberMeProcessingFilter.doFilter(RememberMeProcessingFilter.java:142)
    at hudson.security.ChainedServletFilter$1.doFilter(ChainedServletFilter.java:87)
    at org.acegisecurity.ui.AbstractProcessingFilter.doFilter(AbstractProcessingFilter.java:271)
    at hudson.security.ChainedServletFilter$1.doFilter(ChainedServletFilter.java:87)
    at jenkins.security.BasicHeaderProcessor.doFilter(BasicHeaderProcessor.java:93)
    at hudson.security.ChainedServletFilter$1.doFilter(ChainedServletFilter.java:87)
    at org.acegisecurity.context.HttpSessionContextIntegrationFilter.doFilter(HttpSessionContextIntegrationFilter.java:249)
    at hudson.security.HttpSessionContextIntegrationFilter2.doFilter(HttpSessionContextIntegrationFilter2.java:67)
    at hudson.security.ChainedServletFilter$1.doFilter(ChainedServletFilter.java:87)
    at hudson.security.ChainedServletFilter.doFilter(ChainedServletFilter.java:90)
    at hudson.security.HudsonFilter.doFilter(HudsonFilter.java:171)
    at org.eclipse.jetty.servlet.ServletHandler$CachedChain.doFilter(ServletHandler.java:1610)
    at org.kohsuke.stapler.compression.CompressionFilter.doFilter(CompressionFilter.java:49)
    at org.eclipse.jetty.servlet.ServletHandler$CachedChain.doFilter(ServletHandler.java:1610)
    at hudson.util.CharacterEncodingFilter.doFilter(CharacterEncodingFilter.java:82)
    at org.eclipse.jetty.servlet.ServletHandler$CachedChain.doFilter(ServletHandler.java:1610)
    at org.kohsuke.stapler.DiagnosticThreadNameFilter.doFilter(DiagnosticThreadNameFilter.java:30)
    at org.eclipse.jetty.servlet.ServletHandler$CachedChain.doFilter(ServletHandler.java:1610)
    at org.eclipse.jetty.servlet.ServletHandler.doHandle(ServletHandler.java:540)
    at org.eclipse.jetty.server.handler.ScopedHandler.handle(ScopedHandler.java:146)
    at org.eclipse.jetty.security.SecurityHandler.handle(SecurityHandler.java:524)
    at org.eclipse.jetty.server.handler.HandlerWrapper.handle(HandlerWrapper.java:132)
    at org.eclipse.jetty.server.handler.ScopedHandler.nextHandle(ScopedHandler.java:257)
    at org.eclipse.jetty.server.session.SessionHandler.doHandle(SessionHandler.java:1701)
    at org.eclipse.jetty.server.handler.ScopedHandler.nextHandle(ScopedHandler.java:255)
    at org.eclipse.jetty.server.handler.ContextHandler.doHandle(ContextHandler.java:1345)
    at org.eclipse.jetty.server.handler.ScopedHandler.nextScope(ScopedHandler.java:203)
    at org.eclipse.jetty.servlet.ServletHandler.doScope(ServletHandler.java:480)
    at org.eclipse.jetty.server.session.SessionHandler.doScope(SessionHandler.java:1668)
    at org.eclipse.jetty.server.handler.ScopedHandler.nextScope(ScopedHandler.java:201)
    at org.eclipse.jetty.server.handler.ContextHandler.doScope(ContextHandler.java:1247)
    at org.eclipse.jetty.server.handler.ScopedHandler.handle(ScopedHandler.java:144)
    at org.eclipse.jetty.server.handler.HandlerWrapper.handle(HandlerWrapper.java:132)
    at org.eclipse.jetty.server.Server.handle(Server.java:502)
    at org.eclipse.jetty.server.HttpChannel.handle(HttpChannel.java:370)
    at org.eclipse.jetty.server.HttpConnection.onFillable(HttpConnection.java:267)
    at org.eclipse.jetty.io.AbstractConnection$ReadCallback.succeeded(AbstractConnection.java:305)
    at org.eclipse.jetty.io.FillInterest.fillable(FillInterest.java:103)
    at org.eclipse.jetty.io.ChannelEndPoint$2.run(ChannelEndPoint.java:117)
    at org.eclipse.jetty.util.thread.strategy.EatWhatYouKill.runTask(EatWhatYouKill.java:333)
    at org.eclipse.jetty.util.thread.strategy.EatWhatYouKill.doProduce(EatWhatYouKill.java:310)
    at org.eclipse.jetty.util.thread.strategy.EatWhatYouKill.tryProduce(EatWhatYouKill.java:168)
    at org.eclipse.jetty.util.thread.strategy.EatWhatYouKill.run(EatWhatYouKill.java:126)
    at org.eclipse.jetty.util.thread.ReservedThreadExecutor$ReservedThread.run(ReservedThreadExecutor.java:366)
    at org.eclipse.jetty.util.thread.QueuedThreadPool.runJob(QueuedThreadPool.java:765)
    at org.eclipse.jetty.util.thread.QueuedThreadPool$2.run(QueuedThreadPool.java:683)
    at java.lang.Thread.run(Unknown Source)
jenkins.util.io.CompositeIOException: Unable to remove file C:\Jenkins\jobs\FW-TestJob-01\bitbucket-webhook-trigger.log
    at jenkins.util.io.PathRemover.removeOrMakeRemovableThenRemove(PathRemover.java:248)
    at jenkins.util.io.PathRemover.tryRemoveFile(PathRemover.java:201)
    at jenkins.util.io.PathRemover.tryRemoveRecursive(PathRemover.java:212)
    at jenkins.util.io.PathRemover.tryRemoveDirectoryContents(PathRemover.java:222)
    at jenkins.util.io.PathRemover.tryRemoveRecursive(PathRemover.java:211)
    at jenkins.util.io.PathRemover.forceRemoveRecursive(PathRemover.java:92)
    at hudson.Util.deleteRecursive(Util.java:293)
    at hudson.Util.deleteRecursive(Util.java:282)
    at hudson.model.AbstractItem.performDelete(AbstractItem.java:791)
    at org.jenkinsci.plugins.workflow.job.WorkflowJob.performDelete(WorkflowJob.java:650)
    at hudson.model.AbstractItem.delete(AbstractItem.java:775)
    at hudson.model.Job.delete(Job.java:675)
    at hudson.model.AbstractItem.doDoDelete(AbstractItem.java:645)
    at java.lang.invoke.MethodHandle.invokeWithArguments(Unknown Source)
    at org.kohsuke.stapler.Function$MethodFunction.invoke(Function.java:396)
    at org.kohsuke.stapler.Function$InstanceFunction.invoke(Function.java:408)
    at org.kohsuke.stapler.interceptor.RequirePOST$Processor.invoke(RequirePOST.java:77)
    at org.kohsuke.stapler.PreInvokeInterceptedFunction.invoke(PreInvokeInterceptedFunction.java:26)
    at org.kohsuke.stapler.Function.bindAndInvoke(Function.java:212)
    at org.kohsuke.stapler.Function.bindAndInvokeAndServeResponse(Function.java:145)
    at org.kohsuke.stapler.MetaClass$11.doDispatch(MetaClass.java:535)
    at org.kohsuke.stapler.NameBasedDispatcher.dispatch(NameBasedDispatcher.java:58)
    at org.kohsuke.stapler.Stapler.tryInvoke(Stapler.java:747)
    at org.kohsuke.stapler.Stapler.invoke(Stapler.java:878)
    at org.kohsuke.stapler.MetaClass$4.doDispatch(MetaClass.java:280)
    at org.kohsuke.stapler.NameBasedDispatcher.dispatch(NameBasedDispatcher.java:58)
    at org.kohsuke.stapler.Stapler.tryInvoke(Stapler.java:747)
    at org.kohsuke.stapler.Stapler.invoke(Stapler.java:878)
    at org.kohsuke.stapler.MetaClass$4.doDispatch(MetaClass.java:280)
    at org.kohsuke.stapler.NameBasedDispatcher.dispatch(NameBasedDispatcher.java:58)
    at org.kohsuke.stapler.Stapler.tryInvoke(Stapler.java:747)
    at org.kohsuke.stapler.Stapler.invoke(Stapler.java:878)
    at org.kohsuke.stapler.MetaClass$4.doDispatch(MetaClass.java:280)
    at org.kohsuke.stapler.NameBasedDispatcher.dispatch(NameBasedDispatcher.java:58)
    at org.kohsuke.stapler.Stapler.tryInvoke(Stapler.java:747)
    at org.kohsuke.stapler.Stapler.invoke(Stapler.java:878)
    at org.kohsuke.stapler.Stapler.invoke(Stapler.java:676)
    at org.kohsuke.stapler.Stapler.service(Stapler.java:238)
    at javax.servlet.http.HttpServlet.service(HttpServlet.java:790)
    at org.eclipse.jetty.servlet.ServletHolder.handle(ServletHolder.java:873)
    at org.eclipse.jetty.servlet.ServletHandler$CachedChain.doFilter(ServletHandler.java:1623)
    at hudson.util.PluginServletFilter$1.doFilter(PluginServletFilter.java:154)
    at org.jenkinsci.plugins.ssegateway.Endpoint$SSEListenChannelFilter.doFilter(Endpoint.java:246)
    at hudson.util.PluginServletFilter$1.doFilter(PluginServletFilter.java:151)
    at io.jenkins.blueocean.ResourceCacheControl.doFilter(ResourceCacheControl.java:134)
    at hudson.util.PluginServletFilter$1.doFilter(PluginServletFilter.java:151)
    at io.jenkins.blueocean.auth.jwt.impl.JwtAuthenticationFilter.doFilter(JwtAuthenticationFilter.java:61)
    at hudson.util.PluginServletFilter$1.doFilter(PluginServletFilter.java:151)
    at hudson.plugins.greenballs.GreenBallFilter.doFilter(GreenBallFilter.java:59)
    at hudson.util.PluginServletFilter$1.doFilter(PluginServletFilter.java:151)
    at jenkins.telemetry.impl.UserLanguages$AcceptLanguageFilter.doFilter(UserLanguages.java:128)
    at hudson.util.PluginServletFilter$1.doFilter(PluginServletFilter.java:151)
    at hudson.util.PluginServletFilter.doFilter(PluginServletFilter.java:157)
    at org.eclipse.jetty.servlet.ServletHandler$CachedChain.doFilter(ServletHandler.java:1610)
    at hudson.security.csrf.CrumbFilter.doFilter(CrumbFilter.java:99)
    at org.eclipse.jetty.servlet.ServletHandler$CachedChain.doFilter(ServletHandler.java:1610)
    at hudson.security.ChainedServletFilter$1.doFilter(ChainedServletFilter.java:84)
    at hudson.security.UnwrapSecurityExceptionFilter.doFilter(UnwrapSecurityExceptionFilter.java:51)
    at hudson.security.ChainedServletFilter$1.doFilter(ChainedServletFilter.java:87)
    at jenkins.security.ExceptionTranslationFilter.doFilter(ExceptionTranslationFilter.java:117)
    at hudson.security.ChainedServletFilter$1.doFilter(ChainedServletFilter.java:87)
    at org.acegisecurity.providers.anonymous.AnonymousProcessingFilter.doFilter(AnonymousProcessingFilter.java:125)
    at hudson.security.ChainedServletFilter$1.doFilter(ChainedServletFilter.java:87)
    at org.acegisecurity.ui.rememberme.RememberMeProcessingFilter.doFilter(RememberMeProcessingFilter.java:142)
    at hudson.security.ChainedServletFilter$1.doFilter(ChainedServletFilter.java:87)
    at org.acegisecurity.ui.AbstractProcessingFilter.doFilter(AbstractProcessingFilter.java:271)
    at hudson.security.ChainedServletFilter$1.doFilter(ChainedServletFilter.java:87)
    at jenkins.security.BasicHeaderProcessor.doFilter(BasicHeaderProcessor.java:93)
    at hudson.security.ChainedServletFilter$1.doFilter(ChainedServletFilter.java:87)
    at org.acegisecurity.context.HttpSessionContextIntegrationFilter.doFilter(HttpSessionContextIntegrationFilter.java:249)
    at hudson.security.HttpSessionContextIntegrationFilter2.doFilter(HttpSessionContextIntegrationFilter2.java:67)
    at hudson.security.ChainedServletFilter$1.doFilter(ChainedServletFilter.java:87)
    at hudson.security.ChainedServletFilter.doFilter(ChainedServletFilter.java:90)
    at hudson.security.HudsonFilter.doFilter(HudsonFilter.java:171)
    at org.eclipse.jetty.servlet.ServletHandler$CachedChain.doFilter(ServletHandler.java:1610)
    at org.kohsuke.stapler.compression.CompressionFilter.doFilter(CompressionFilter.java:49)
    at org.eclipse.jetty.servlet.ServletHandler$CachedChain.doFilter(ServletHandler.java:1610)
    at hudson.util.CharacterEncodingFilter.doFilter(CharacterEncodingFilter.java:82)
    at org.eclipse.jetty.servlet.ServletHandler$CachedChain.doFilter(ServletHandler.java:1610)
    at org.kohsuke.stapler.DiagnosticThreadNameFilter.doFilter(DiagnosticThreadNameFilter.java:30)
    at org.eclipse.jetty.servlet.ServletHandler$CachedChain.doFilter(ServletHandler.java:1610)
    at org.eclipse.jetty.servlet.ServletHandler.doHandle(ServletHandler.java:540)
    at org.eclipse.jetty.server.handler.ScopedHandler.handle(ScopedHandler.java:146)
    at org.eclipse.jetty.security.SecurityHandler.handle(SecurityHandler.java:524)
    at org.eclipse.jetty.server.handler.HandlerWrapper.handle(HandlerWrapper.java:132)
    at org.eclipse.jetty.server.handler.ScopedHandler.nextHandle(ScopedHandler.java:257)
    at org.eclipse.jetty.server.session.SessionHandler.doHandle(SessionHandler.java:1701)
    at org.eclipse.jetty.server.handler.ScopedHandler.nextHandle(ScopedHandler.java:255)
    at org.eclipse.jetty.server.handler.ContextHandler.doHandle(ContextHandler.java:1345)
    at org.eclipse.jetty.server.handler.ScopedHandler.nextScope(ScopedHandler.java:203)
    at org.eclipse.jetty.servlet.ServletHandler.doScope(ServletHandler.java:480)
    at org.eclipse.jetty.server.session.SessionHandler.doScope(SessionHandler.java:1668)
    at org.eclipse.jetty.server.handler.ScopedHandler.nextScope(ScopedHandler.java:201)
    at org.eclipse.jetty.server.handler.ContextHandler.doScope(ContextHandler.java:1247)
    at org.eclipse.jetty.server.handler.ScopedHandler.handle(ScopedHandler.java:144)
    at org.eclipse.jetty.server.handler.HandlerWrapper.handle(HandlerWrapper.java:132)
    at org.eclipse.jetty.server.Server.handle(Server.java:502)
    at org.eclipse.jetty.server.HttpChannel.handle(HttpChannel.java:370)
    at org.eclipse.jetty.server.HttpConnection.onFillable(HttpConnection.java:267)
    at org.eclipse.jetty.io.AbstractConnection$ReadCallback.succeeded(AbstractConnection.java:305)
    at org.eclipse.jetty.io.FillInterest.fillable(FillInterest.java:103)
    at org.eclipse.jetty.io.ChannelEndPoint$2.run(ChannelEndPoint.java:117)
    at org.eclipse.jetty.util.thread.strategy.EatWhatYouKill.runTask(EatWhatYouKill.java:333)
    at org.eclipse.jetty.util.thread.strategy.EatWhatYouKill.doProduce(EatWhatYouKill.java:310)
    at org.eclipse.jetty.util.thread.strategy.EatWhatYouKill.tryProduce(EatWhatYouKill.java:168)
    at org.eclipse.jetty.util.thread.strategy.EatWhatYouKill.run(EatWhatYouKill.java:126)
    at org.eclipse.jetty.util.thread.ReservedThreadExecutor$ReservedThread.run(ReservedThreadExecutor.java:366)
    at org.eclipse.jetty.util.thread.QueuedThreadPool.runJob(QueuedThreadPool.java:765)
    at org.eclipse.jetty.util.thread.QueuedThreadPool$2.run(QueuedThreadPool.java:683)
    at java.lang.Thread.run(Unknown Source)
java.nio.file.AccessDeniedException: C:\Jenkins\jobs\FW-TestJob-01\bitbucket-webhook-trigger.log
    at sun.nio.fs.WindowsException.translateToIOException(Unknown Source)
    at sun.nio.fs.WindowsException.rethrowAsIOException(Unknown Source)
    at sun.nio.fs.WindowsException.rethrowAsIOException(Unknown Source)
    at sun.nio.fs.WindowsFileSystemProvider.implDelete(Unknown Source)
    at sun.nio.fs.AbstractFileSystemProvider.deleteIfExists(Unknown Source)
    at java.nio.file.Files.deleteIfExists(Unknown Source)
    at jenkins.util.io.PathRemover.removeOrMakeRemovableThenRemove(PathRemover.java:233)
    at jenkins.util.io.PathRemover.tryRemoveFile(PathRemover.java:201)
    at jenkins.util.io.PathRemover.tryRemoveRecursive(PathRemover.java:212)
    at jenkins.util.io.PathRemover.tryRemoveDirectoryContents(PathRemover.java:222)
    at jenkins.util.io.PathRemover.tryRemoveRecursive(PathRemover.java:211)
    at jenkins.util.io.PathRemover.forceRemoveRecursive(PathRemover.java:92)
    at hudson.Util.deleteRecursive(Util.java:293)
    at hudson.Util.deleteRecursive(Util.java:282)
    at hudson.model.AbstractItem.performDelete(AbstractItem.java:791)
    at org.jenkinsci.plugins.workflow.job.WorkflowJob.performDelete(WorkflowJob.java:650)
    at hudson.model.AbstractItem.delete(AbstractItem.java:775)
    at hudson.model.Job.delete(Job.java:675)
    at hudson.model.AbstractItem.doDoDelete(AbstractItem.java:645)
    at java.lang.invoke.MethodHandle.invokeWithArguments(Unknown Source)
    at org.kohsuke.stapler.Function$MethodFunction.invoke(Function.java:396)
    at org.kohsuke.stapler.Function$InstanceFunction.invoke(Function.java:408)
    at org.kohsuke.stapler.interceptor.RequirePOST$Processor.invoke(RequirePOST.java:77)
    at org.kohsuke.stapler.PreInvokeInterceptedFunction.invoke(PreInvokeInterceptedFunction.java:26)
    at org.kohsuke.stapler.Function.bindAndInvoke(Function.java:212)
    at org.kohsuke.stapler.Function.bindAndInvokeAndServeResponse(Function.java:145)
    at org.kohsuke.stapler.MetaClass$11.doDispatch(MetaClass.java:535)
    at org.kohsuke.stapler.NameBasedDispatcher.dispatch(NameBasedDispatcher.java:58)
    at org.kohsuke.stapler.Stapler.tryInvoke(Stapler.java:747)
    at org.kohsuke.stapler.Stapler.invoke(Stapler.java:878)
    at org.kohsuke.stapler.MetaClass$4.doDispatch(MetaClass.java:280)
    at org.kohsuke.stapler.NameBasedDispatcher.dispatch(NameBasedDispatcher.java:58)
    at org.kohsuke.stapler.Stapler.tryInvoke(Stapler.java:747)
    at org.kohsuke.stapler.Stapler.invoke(Stapler.java:878)
    at org.kohsuke.stapler.MetaClass$4.doDispatch(MetaClass.java:280)
    at org.kohsuke.stapler.NameBasedDispatcher.dispatch(NameBasedDispatcher.java:58)
    at org.kohsuke.stapler.Stapler.tryInvoke(Stapler.java:747)
    at org.kohsuke.stapler.Stapler.invoke(Stapler.java:878)
    at org.kohsuke.stapler.MetaClass$4.doDispatch(MetaClass.java:280)
    at org.kohsuke.stapler.NameBasedDispatcher.dispatch(NameBasedDispatcher.java:58)
    at org.kohsuke.stapler.Stapler.tryInvoke(Stapler.java:747)
    at org.kohsuke.stapler.Stapler.invoke(Stapler.java:878)
    at org.kohsuke.stapler.Stapler.invoke(Stapler.java:676)
    at org.kohsuke.stapler.Stapler.service(Stapler.java:238)
    at javax.servlet.http.HttpServlet.service(HttpServlet.java:790)
    at org.eclipse.jetty.servlet.ServletHolder.handle(ServletHolder.java:873)
    at org.eclipse.jetty.servlet.ServletHandler$CachedChain.doFilter(ServletHandler.java:1623)
    at hudson.util.PluginServletFilter$1.doFilter(PluginServletFilter.java:154)
    at org.jenkinsci.plugins.ssegateway.Endpoint$SSEListenChannelFilter.doFilter(Endpoint.java:246)
    at hudson.util.PluginServletFilter$1.doFilter(PluginServletFilter.java:151)
    at io.jenkins.blueocean.ResourceCacheControl.doFilter(ResourceCacheControl.java:134)
    at hudson.util.PluginServletFilter$1.doFilter(PluginServletFilter.java:151)
    at io.jenkins.blueocean.auth.jwt.impl.JwtAuthenticationFilter.doFilter(JwtAuthenticationFilter.java:61)
    at hudson.util.PluginServletFilter$1.doFilter(PluginServletFilter.java:151)
    at hudson.plugins.greenballs.GreenBallFilter.doFilter(GreenBallFilter.java:59)
    at hudson.util.PluginServletFilter$1.doFilter(PluginServletFilter.java:151)
    at jenkins.telemetry.impl.UserLanguages$AcceptLanguageFilter.doFilter(UserLanguages.java:128)
    at hudson.util.PluginServletFilter$1.doFilter(PluginServletFilter.java:151)
    at hudson.util.PluginServletFilter.doFilter(PluginServletFilter.java:157)
    at org.eclipse.jetty.servlet.ServletHandler$CachedChain.doFilter(ServletHandler.java:1610)
    at hudson.security.csrf.CrumbFilter.doFilter(CrumbFilter.java:99)
    at org.eclipse.jetty.servlet.ServletHandler$CachedChain.doFilter(ServletHandler.java:1610)
    at hudson.security.ChainedServletFilter$1.doFilter(ChainedServletFilter.java:84)
    at hudson.security.UnwrapSecurityExceptionFilter.doFilter(UnwrapSecurityExceptionFilter.java:51)
    at hudson.security.ChainedServletFilter$1.doFilter(ChainedServletFilter.java:87)
    at jenkins.security.ExceptionTranslationFilter.doFilter(ExceptionTranslationFilter.java:117)
    at hudson.security.ChainedServletFilter$1.doFilter(ChainedServletFilter.java:87)
    at org.acegisecurity.providers.anonymous.AnonymousProcessingFilter.doFilter(AnonymousProcessingFilter.java:125)
    at hudson.security.ChainedServletFilter$1.doFilter(ChainedServletFilter.java:87)
    at org.acegisecurity.ui.rememberme.RememberMeProcessingFilter.doFilter(RememberMeProcessingFilter.java:142)
    at hudson.security.ChainedServletFilter$1.doFilter(ChainedServletFilter.java:87)
    at org.acegisecurity.ui.AbstractProcessingFilter.doFilter(AbstractProcessingFilter.java:271)
    at hudson.security.ChainedServletFilter$1.doFilter(ChainedServletFilter.java:87)
    at jenkins.security.BasicHeaderProcessor.doFilter(BasicHeaderProcessor.java:93)
    at hudson.security.ChainedServletFilter$1.doFilter(ChainedServletFilter.java:87)
    at org.acegisecurity.context.HttpSessionContextIntegrationFilter.doFilter(HttpSessionContextIntegrationFilter.java:249)
    at hudson.security.HttpSessionContextIntegrationFilter2.doFilter(HttpSessionContextIntegrationFilter2.java:67)
    at hudson.security.ChainedServletFilter$1.doFilter(ChainedServletFilter.java:87)
    at hudson.security.ChainedServletFilter.doFilter(ChainedServletFilter.java:90)
    at hudson.security.HudsonFilter.doFilter(HudsonFilter.java:171)
    at org.eclipse.jetty.servlet.ServletHandler$CachedChain.doFilter(ServletHandler.java:1610)
    at org.kohsuke.stapler.compression.CompressionFilter.doFilter(CompressionFilter.java:49)
    at org.eclipse.jetty.servlet.ServletHandler$CachedChain.doFilter(ServletHandler.java:1610)
    at hudson.util.CharacterEncodingFilter.doFilter(CharacterEncodingFilter.java:82)
    at org.eclipse.jetty.servlet.ServletHandler$CachedChain.doFilter(ServletHandler.java:1610)
    at org.kohsuke.stapler.DiagnosticThreadNameFilter.doFilter(DiagnosticThreadNameFilter.java:30)
    at org.eclipse.jetty.servlet.ServletHandler$CachedChain.doFilter(ServletHandler.java:1610)
    at org.eclipse.jetty.servlet.ServletHandler.doHandle(ServletHandler.java:540)
    at org.eclipse.jetty.server.handler.ScopedHandler.handle(ScopedHandler.java:146)
    at org.eclipse.jetty.security.SecurityHandler.handle(SecurityHandler.java:524)
    at org.eclipse.jetty.server.handler.HandlerWrapper.handle(HandlerWrapper.java:132)
    at org.eclipse.jetty.server.handler.ScopedHandler.nextHandle(ScopedHandler.java:257)
    at org.eclipse.jetty.server.session.SessionHandler.doHandle(SessionHandler.java:1701)
    at org.eclipse.jetty.server.handler.ScopedHandler.nextHandle(ScopedHandler.java:255)
    at org.eclipse.jetty.server.handler.ContextHandler.doHandle(ContextHandler.java:1345)
    at org.eclipse.jetty.server.handler.ScopedHandler.nextScope(ScopedHandler.java:203)
    at org.eclipse.jetty.servlet.ServletHandler.doScope(ServletHandler.java:480)
    at org.eclipse.jetty.server.session.SessionHandler.doScope(SessionHandler.java:1668)
    at org.eclipse.jetty.server.handler.ScopedHandler.nextScope(ScopedHandler.java:201)
    at org.eclipse.jetty.server.handler.ContextHandler.doScope(ContextHandler.java:1247)
    at org.eclipse.jetty.server.handler.ScopedHandler.handle(ScopedHandler.java:144)
    at org.eclipse.jetty.server.handler.HandlerWrapper.handle(HandlerWrapper.java:132)
    at org.eclipse.jetty.server.Server.handle(Server.java:502)
    at org.eclipse.jetty.server.HttpChannel.handle(HttpChannel.java:370)
    at org.eclipse.jetty.server.HttpConnection.onFillable(HttpConnection.java:267)
    at org.eclipse.jetty.io.AbstractConnection$ReadCallback.succeeded(AbstractConnection.java:305)
    at org.eclipse.jetty.io.FillInterest.fillable(FillInterest.java:103)
    at org.eclipse.jetty.io.ChannelEndPoint$2.run(ChannelEndPoint.java:117)
    at org.eclipse.jetty.util.thread.strategy.EatWhatYouKill.runTask(EatWhatYouKill.java:333)
    at org.eclipse.jetty.util.thread.strategy.EatWhatYouKill.doProduce(EatWhatYouKill.java:310)
    at org.eclipse.jetty.util.thread.strategy.EatWhatYouKill.tryProduce(EatWhatYouKill.java:168)
    at org.eclipse.jetty.util.thread.strategy.EatWhatYouKill.run(EatWhatYouKill.java:126)
    at org.eclipse.jetty.util.thread.ReservedThreadExecutor$ReservedThread.run(ReservedThreadExecutor.java:366)
    at org.eclipse.jetty.util.thread.QueuedThreadPool.runJob(QueuedThreadPool.java:765)
    at org.eclipse.jetty.util.thread.QueuedThreadPool$2.run(QueuedThreadPool.java:683)
    at java.lang.Thread.run(Unknown Source)
java.nio.file.AccessDeniedException: C:\Jenkins\jobs\FW-TestJob-01\bitbucket-webhook-trigger.log
    at sun.nio.fs.WindowsException.translateToIOException(Unknown Source)
    at sun.nio.fs.WindowsException.rethrowAsIOException(Unknown Source)
    at sun.nio.fs.WindowsException.rethrowAsIOException(Unknown Source)
    at sun.nio.fs.WindowsFileSystemProvider.implDelete(Unknown Source)
    at sun.nio.fs.AbstractFileSystemProvider.deleteIfExists(Unknown Source)
    at java.nio.file.Files.deleteIfExists(Unknown Source)
    at jenkins.util.io.PathRemover.removeOrMakeRemovableThenRemove(PathRemover.java:237)
    at jenkins.util.io.PathRemover.tryRemoveFile(PathRemover.java:201)
    at jenkins.util.io.PathRemover.tryRemoveRecursive(PathRemover.java:212)
    at jenkins.util.io.PathRemover.tryRemoveDirectoryContents(PathRemover.java:222)
    at jenkins.util.io.PathRemover.tryRemoveRecursive(PathRemover.java:211)
    at jenkins.util.io.PathRemover.forceRemoveRecursive(PathRemover.java:92)
    at hudson.Util.deleteRecursive(Util.java:293)
    at hudson.Util.deleteRecursive(Util.java:282)
    at hudson.model.AbstractItem.performDelete(AbstractItem.java:791)
    at org.jenkinsci.plugins.workflow.job.WorkflowJob.performDelete(WorkflowJob.java:650)
    at hudson.model.AbstractItem.delete(AbstractItem.java:775)
    at hudson.model.Job.delete(Job.java:675)
    at hudson.model.AbstractItem.doDoDelete(AbstractItem.java:645)
    at java.lang.invoke.MethodHandle.invokeWithArguments(Unknown Source)
    at org.kohsuke.stapler.Function$MethodFunction.invoke(Function.java:396)
    at org.kohsuke.stapler.Function$InstanceFunction.invoke(Function.java:408)
    at org.kohsuke.stapler.interceptor.RequirePOST$Processor.invoke(RequirePOST.java:77)
    at org.kohsuke.stapler.PreInvokeInterceptedFunction.invoke(PreInvokeInterceptedFunction.java:26)
    at org.kohsuke.stapler.Function.bindAndInvoke(Function.java:212)
    at org.kohsuke.stapler.Function.bindAndInvokeAndServeResponse(Function.java:145)
    at org.kohsuke.stapler.MetaClass$11.doDispatch(MetaClass.java:535)
    at org.kohsuke.stapler.NameBasedDispatcher.dispatch(NameBasedDispatcher.java:58)
    at org.kohsuke.stapler.Stapler.tryInvoke(Stapler.java:747)
    at org.kohsuke.stapler.Stapler.invoke(Stapler.java:878)
    at org.kohsuke.stapler.MetaClass$4.doDispatch(MetaClass.java:280)
    at org.kohsuke.stapler.NameBasedDispatcher.dispatch(NameBasedDispatcher.java:58)
    at org.kohsuke.stapler.Stapler.tryInvoke(Stapler.java:747)
    at org.kohsuke.stapler.Stapler.invoke(Stapler.java:878)
    at org.kohsuke.stapler.MetaClass$4.doDispatch(MetaClass.java:280)
    at org.kohsuke.stapler.NameBasedDispatcher.dispatch(NameBasedDispatcher.java:58)
    at org.kohsuke.stapler.Stapler.tryInvoke(Stapler.java:747)
    at org.kohsuke.stapler.Stapler.invoke(Stapler.java:878)
    at org.kohsuke.stapler.MetaClass$4.doDispatch(MetaClass.java:280)
    at org.kohsuke.stapler.NameBasedDispatcher.dispatch(NameBasedDispatcher.java:58)
    at org.kohsuke.stapler.Stapler.tryInvoke(Stapler.java:747)
    at org.kohsuke.stapler.Stapler.invoke(Stapler.java:878)
    at org.kohsuke.stapler.Stapler.invoke(Stapler.java:676)
    at org.kohsuke.stapler.Stapler.service(Stapler.java:238)
    at javax.servlet.http.HttpServlet.service(HttpServlet.java:790)
    at org.eclipse.jetty.servlet.ServletHolder.handle(ServletHolder.java:873)
    at org.eclipse.jetty.servlet.ServletHandler$CachedChain.doFilter(ServletHandler.java:1623)
    at hudson.util.PluginServletFilter$1.doFilter(PluginServletFilter.java:154)
    at org.jenkinsci.plugins.ssegateway.Endpoint$SSEListenChannelFilter.doFilter(Endpoint.java:246)
    at hudson.util.PluginServletFilter$1.doFilter(PluginServletFilter.java:151)
    at io.jenkins.blueocean.ResourceCacheControl.doFilter(ResourceCacheControl.java:134)
    at hudson.util.PluginServletFilter$1.doFilter(PluginServletFilter.java:151)
    at io.jenkins.blueocean.auth.jwt.impl.JwtAuthenticationFilter.doFilter(JwtAuthenticationFilter.java:61)
    at hudson.util.PluginServletFilter$1.doFilter(PluginServletFilter.java:151)
    at hudson.plugins.greenballs.GreenBallFilter.doFilter(GreenBallFilter.java:59)
    at hudson.util.PluginServletFilter$1.doFilter(PluginServletFilter.java:151)
    at jenkins.telemetry.impl.UserLanguages$AcceptLanguageFilter.doFilter(UserLanguages.java:128)
    at hudson.util.PluginServletFilter$1.doFilter(PluginServletFilter.java:151)
    at hudson.util.PluginServletFilter.doFilter(PluginServletFilter.java:157)
    at org.eclipse.jetty.servlet.ServletHandler$CachedChain.doFilter(ServletHandler.java:1610)
    at hudson.security.csrf.CrumbFilter.doFilter(CrumbFilter.java:99)
    at org.eclipse.jetty.servlet.ServletHandler$CachedChain.doFilter(ServletHandler.java:1610)
    at hudson.security.ChainedServletFilter$1.doFilter(ChainedServletFilter.java:84)
    at hudson.security.UnwrapSecurityExceptionFilter.doFilter(UnwrapSecurityExceptionFilter.java:51)
    at hudson.security.ChainedServletFilter$1.doFilter(ChainedServletFilter.java:87)
    at jenkins.security.ExceptionTranslationFilter.doFilter(ExceptionTranslationFilter.java:117)
    at hudson.security.ChainedServletFilter$1.doFilter(ChainedServletFilter.java:87)
    at org.acegisecurity.providers.anonymous.AnonymousProcessingFilter.doFilter(AnonymousProcessingFilter.java:125)
    at hudson.security.ChainedServletFilter$1.doFilter(ChainedServletFilter.java:87)
    at org.acegisecurity.ui.rememberme.RememberMeProcessingFilter.doFilter(RememberMeProcessingFilter.java:142)
    at hudson.security.ChainedServletFilter$1.doFilter(ChainedServletFilter.java:87)
    at org.acegisecurity.ui.AbstractProcessingFilter.doFilter(AbstractProcessingFilter.java:271)
    at hudson.security.ChainedServletFilter$1.doFilter(ChainedServletFilter.java:87)
    at jenkins.security.BasicHeaderProcessor.doFilter(BasicHeaderProcessor.java:93)
    at hudson.security.ChainedServletFilter$1.doFilter(ChainedServletFilter.java:87)
    at org.acegisecurity.context.HttpSessionContextIntegrationFilter.doFilter(HttpSessionContextIntegrationFilter.java:249)
    at hudson.security.HttpSessionContextIntegrationFilter2.doFilter(HttpSessionContextIntegrationFilter2.java:67)
    at hudson.security.ChainedServletFilter$1.doFilter(ChainedServletFilter.java:87)
    at hudson.security.ChainedServletFilter.doFilter(ChainedServletFilter.java:90)
    at hudson.security.HudsonFilter.doFilter(HudsonFilter.java:171)
    at org.eclipse.jetty.servlet.ServletHandler$CachedChain.doFilter(ServletHandler.java:1610)
    at org.kohsuke.stapler.compression.CompressionFilter.doFilter(CompressionFilter.java:49)
    at org.eclipse.jetty.servlet.ServletHandler$CachedChain.doFilter(ServletHandler.java:1610)
    at hudson.util.CharacterEncodingFilter.doFilter(CharacterEncodingFilter.java:82)
    at org.eclipse.jetty.servlet.ServletHandler$CachedChain.doFilter(ServletHandler.java:1610)
    at org.kohsuke.stapler.DiagnosticThreadNameFilter.doFilter(DiagnosticThreadNameFilter.java:30)
    at org.eclipse.jetty.servlet.ServletHandler$CachedChain.doFilter(ServletHandler.java:1610)
    at org.eclipse.jetty.servlet.ServletHandler.doHandle(ServletHandler.java:540)
    at org.eclipse.jetty.server.handler.ScopedHandler.handle(ScopedHandler.java:146)
    at org.eclipse.jetty.security.SecurityHandler.handle(SecurityHandler.java:524)
    at org.eclipse.jetty.server.handler.HandlerWrapper.handle(HandlerWrapper.java:132)
    at org.eclipse.jetty.server.handler.ScopedHandler.nextHandle(ScopedHandler.java:257)
    at org.eclipse.jetty.server.session.SessionHandler.doHandle(SessionHandler.java:1701)
    at org.eclipse.jetty.server.handler.ScopedHandler.nextHandle(ScopedHandler.java:255)
    at org.eclipse.jetty.server.handler.ContextHandler.doHandle(ContextHandler.java:1345)
    at org.eclipse.jetty.server.handler.ScopedHandler.nextScope(ScopedHandler.java:203)
    at org.eclipse.jetty.servlet.ServletHandler.doScope(ServletHandler.java:480)
    at org.eclipse.jetty.server.session.SessionHandler.doScope(SessionHandler.java:1668)
    at org.eclipse.jetty.server.handler.ScopedHandler.nextScope(ScopedHandler.java:201)
    at org.eclipse.jetty.server.handler.ContextHandler.doScope(ContextHandler.java:1247)
    at org.eclipse.jetty.server.handler.ScopedHandler.handle(ScopedHandler.java:144)
    at org.eclipse.jetty.server.handler.HandlerWrapper.handle(HandlerWrapper.java:132)
    at org.eclipse.jetty.server.Server.handle(Server.java:502)
    at org.eclipse.jetty.server.HttpChannel.handle(HttpChannel.java:370)
    at org.eclipse.jetty.server.HttpConnection.onFillable(HttpConnection.java:267)
    at org.eclipse.jetty.io.AbstractConnection$ReadCallback.succeeded(AbstractConnection.java:305)
    at org.eclipse.jetty.io.FillInterest.fillable(FillInterest.java:103)
    at org.eclipse.jetty.io.ChannelEndPoint$2.run(ChannelEndPoint.java:117)
    at org.eclipse.jetty.util.thread.strategy.EatWhatYouKill.runTask(EatWhatYouKill.java:333)
    at org.eclipse.jetty.util.thread.strategy.EatWhatYouKill.doProduce(EatWhatYouKill.java:310)
    at org.eclipse.jetty.util.thread.strategy.EatWhatYouKill.tryProduce(EatWhatYouKill.java:168)
    at org.eclipse.jetty.util.thread.strategy.EatWhatYouKill.run(EatWhatYouKill.java:126)
    at org.eclipse.jetty.util.thread.ReservedThreadExecutor$ReservedThread.run(ReservedThreadExecutor.java:366)
    at org.eclipse.jetty.util.thread.QueuedThreadPool.runJob(QueuedThreadPool.java:765)
    at org.eclipse.jetty.util.thread.QueuedThreadPool$2.run(QueuedThreadPool.java:683)
    at java.lang.Thread.run(Unknown Source)
jenkins.util.io.CompositeIOException: Unable to remove directory C:\Jenkins\jobs\FW-TestJob-01 with directory contents: [C:\Jenkins\jobs\FW-TestJob-01\bitbucket-webhook-trigger.log]
    at jenkins.util.io.PathRemover.removeOrMakeRemovableThenRemove(PathRemover.java:246)
    at jenkins.util.io.PathRemover.tryRemoveFile(PathRemover.java:201)
    at jenkins.util.io.PathRemover.tryRemoveRecursive(PathRemover.java:212)
    at jenkins.util.io.PathRemover.forceRemoveRecursive(PathRemover.java:92)
    at hudson.Util.deleteRecursive(Util.java:293)
    at hudson.Util.deleteRecursive(Util.java:282)
    at hudson.model.AbstractItem.performDelete(AbstractItem.java:791)
    at org.jenkinsci.plugins.workflow.job.WorkflowJob.performDelete(WorkflowJob.java:650)
    at hudson.model.AbstractItem.delete(AbstractItem.java:775)
    at hudson.model.Job.delete(Job.java:675)
    at hudson.model.AbstractItem.doDoDelete(AbstractItem.java:645)
    at java.lang.invoke.MethodHandle.invokeWithArguments(Unknown Source)
    at org.kohsuke.stapler.Function$MethodFunction.invoke(Function.java:396)
    at org.kohsuke.stapler.Function$InstanceFunction.invoke(Function.java:408)
    at org.kohsuke.stapler.interceptor.RequirePOST$Processor.invoke(RequirePOST.java:77)
    at org.kohsuke.stapler.PreInvokeInterceptedFunction.invoke(PreInvokeInterceptedFunction.java:26)
    at org.kohsuke.stapler.Function.bindAndInvoke(Function.java:212)
    at org.kohsuke.stapler.Function.bindAndInvokeAndServeResponse(Function.java:145)
    at org.kohsuke.stapler.MetaClass$11.doDispatch(MetaClass.java:535)
    at org.kohsuke.stapler.NameBasedDispatcher.dispatch(NameBasedDispatcher.java:58)
    at org.kohsuke.stapler.Stapler.tryInvoke(Stapler.java:747)
    at org.kohsuke.stapler.Stapler.invoke(Stapler.java:878)
    at org.kohsuke.stapler.MetaClass$4.doDispatch(MetaClass.java:280)
    at org.kohsuke.stapler.NameBasedDispatcher.dispatch(NameBasedDispatcher.java:58)
    at org.kohsuke.stapler.Stapler.tryInvoke(Stapler.java:747)
    at org.kohsuke.stapler.Stapler.invoke(Stapler.java:878)
    at org.kohsuke.stapler.MetaClass$4.doDispatch(MetaClass.java:280)
    at org.kohsuke.stapler.NameBasedDispatcher.dispatch(NameBasedDispatcher.java:58)
    at org.kohsuke.stapler.Stapler.tryInvoke(Stapler.java:747)
    at org.kohsuke.stapler.Stapler.invoke(Stapler.java:878)
    at org.kohsuke.stapler.MetaClass$4.doDispatch(MetaClass.java:280)
    at org.kohsuke.stapler.NameBasedDispatcher.dispatch(NameBasedDispatcher.java:58)
    at org.kohsuke.stapler.Stapler.tryInvoke(Stapler.java:747)
    at org.kohsuke.stapler.Stapler.invoke(Stapler.java:878)
    at org.kohsuke.stapler.Stapler.invoke(Stapler.java:676)
    at org.kohsuke.stapler.Stapler.service(Stapler.java:238)
    at javax.servlet.http.HttpServlet.service(HttpServlet.java:790)
    at org.eclipse.jetty.servlet.ServletHolder.handle(ServletHolder.java:873)
    at org.eclipse.jetty.servlet.ServletHandler$CachedChain.doFilter(ServletHandler.java:1623)
    at hudson.util.PluginServletFilter$1.doFilter(PluginServletFilter.java:154)
    at org.jenkinsci.plugins.ssegateway.Endpoint$SSEListenChannelFilter.doFilter(Endpoint.java:246)
    at hudson.util.PluginServletFilter$1.doFilter(PluginServletFilter.java:151)
    at io.jenkins.blueocean.ResourceCacheControl.doFilter(ResourceCacheControl.java:134)
    at hudson.util.PluginServletFilter$1.doFilter(PluginServletFilter.java:151)
    at io.jenkins.blueocean.auth.jwt.impl.JwtAuthenticationFilter.doFilter(JwtAuthenticationFilter.java:61)
    at hudson.util.PluginServletFilter$1.doFilter(PluginServletFilter.java:151)
    at hudson.plugins.greenballs.GreenBallFilter.doFilter(GreenBallFilter.java:59)
    at hudson.util.PluginServletFilter$1.doFilter(PluginServletFilter.java:151)
    at jenkins.telemetry.impl.UserLanguages$AcceptLanguageFilter.doFilter(UserLanguages.java:128)
    at hudson.util.PluginServletFilter$1.doFilter(PluginServletFilter.java:151)
    at hudson.util.PluginServletFilter.doFilter(PluginServletFilter.java:157)
    at org.eclipse.jetty.servlet.ServletHandler$CachedChain.doFilter(ServletHandler.java:1610)
    at hudson.security.csrf.CrumbFilter.doFilter(CrumbFilter.java:99)
    at org.eclipse.jetty.servlet.ServletHandler$CachedChain.doFilter(ServletHandler.java:1610)
    at hudson.security.ChainedServletFilter$1.doFilter(ChainedServletFilter.java:84)
    at hudson.security.UnwrapSecurityExceptionFilter.doFilter(UnwrapSecurityExceptionFilter.java:51)
    at hudson.security.ChainedServletFilter$1.doFilter(ChainedServletFilter.java:87)
    at jenkins.security.ExceptionTranslationFilter.doFilter(ExceptionTranslationFilter.java:117)
    at hudson.security.ChainedServletFilter$1.doFilter(ChainedServletFilter.java:87)
    at org.acegisecurity.providers.anonymous.AnonymousProcessingFilter.doFilter(AnonymousProcessingFilter.java:125)
    at hudson.security.ChainedServletFilter$1.doFilter(ChainedServletFilter.java:87)
    at org.acegisecurity.ui.rememberme.RememberMeProcessingFilter.doFilter(RememberMeProcessingFilter.java:142)
    at hudson.security.ChainedServletFilter$1.doFilter(ChainedServletFilter.java:87)
    at org.acegisecurity.ui.AbstractProcessingFilter.doFilter(AbstractProcessingFilter.java:271)
    at hudson.security.ChainedServletFilter$1.doFilter(ChainedServletFilter.java:87)
    at jenkins.security.BasicHeaderProcessor.doFilter(BasicHeaderProcessor.java:93)
    at hudson.security.ChainedServletFilter$1.doFilter(ChainedServletFilter.java:87)
    at org.acegisecurity.context.HttpSessionContextIntegrationFilter.doFilter(HttpSessionContextIntegrationFilter.java:249)
    at hudson.security.HttpSessionContextIntegrationFilter2.doFilter(HttpSessionContextIntegrationFilter2.java:67)
    at hudson.security.ChainedServletFilter$1.doFilter(ChainedServletFilter.java:87)
    at hudson.security.ChainedServletFilter.doFilter(ChainedServletFilter.java:90)
    at hudson.security.HudsonFilter.doFilter(HudsonFilter.java:171)
    at org.eclipse.jetty.servlet.ServletHandler$CachedChain.doFilter(ServletHandler.java:1610)
    at org.kohsuke.stapler.compression.CompressionFilter.doFilter(CompressionFilter.java:49)
    at org.eclipse.jetty.servlet.ServletHandler$CachedChain.doFilter(ServletHandler.java:1610)
    at hudson.util.CharacterEncodingFilter.doFilter(CharacterEncodingFilter.java:82)
    at org.eclipse.jetty.servlet.ServletHandler$CachedChain.doFilter(ServletHandler.java:1610)
    at org.kohsuke.stapler.DiagnosticThreadNameFilter.doFilter(DiagnosticThreadNameFilter.java:30)
    at org.eclipse.jetty.servlet.ServletHandler$CachedChain.doFilter(ServletHandler.java:1610)
    at org.eclipse.jetty.servlet.ServletHandler.doHandle(ServletHandler.java:540)
    at org.eclipse.jetty.server.handler.ScopedHandler.handle(ScopedHandler.java:146)
    at org.eclipse.jetty.security.SecurityHandler.handle(SecurityHandler.java:524)
    at org.eclipse.jetty.server.handler.HandlerWrapper.handle(HandlerWrapper.java:132)
    at org.eclipse.jetty.server.handler.ScopedHandler.nextHandle(ScopedHandler.java:257)
    at org.eclipse.jetty.server.session.SessionHandler.doHandle(SessionHandler.java:1701)
    at org.eclipse.jetty.server.handler.ScopedHandler.nextHandle(ScopedHandler.java:255)
    at org.eclipse.jetty.server.handler.ContextHandler.doHandle(ContextHandler.java:1345)
    at org.eclipse.jetty.server.handler.ScopedHandler.nextScope(ScopedHandler.java:203)
    at org.eclipse.jetty.servlet.ServletHandler.doScope(ServletHandler.java:480)
    at org.eclipse.jetty.server.session.SessionHandler.doScope(SessionHandler.java:1668)
    at org.eclipse.jetty.server.handler.ScopedHandler.nextScope(ScopedHandler.java:201)
    at org.eclipse.jetty.server.handler.ContextHandler.doScope(ContextHandler.java:1247)
    at org.eclipse.jetty.server.handler.ScopedHandler.handle(ScopedHandler.java:144)
    at org.eclipse.jetty.server.handler.HandlerWrapper.handle(HandlerWrapper.java:132)
    at org.eclipse.jetty.server.Server.handle(Server.java:502)
    at org.eclipse.jetty.server.HttpChannel.handle(HttpChannel.java:370)
    at org.eclipse.jetty.server.HttpConnection.onFillable(HttpConnection.java:267)
    at org.eclipse.jetty.io.AbstractConnection$ReadCallback.succeeded(AbstractConnection.java:305)
    at org.eclipse.jetty.io.FillInterest.fillable(FillInterest.java:103)
    at org.eclipse.jetty.io.ChannelEndPoint$2.run(ChannelEndPoint.java:117)
    at org.eclipse.jetty.util.thread.strategy.EatWhatYouKill.runTask(EatWhatYouKill.java:333)
    at org.eclipse.jetty.util.thread.strategy.EatWhatYouKill.doProduce(EatWhatYouKill.java:310)
    at org.eclipse.jetty.util.thread.strategy.EatWhatYouKill.tryProduce(EatWhatYouKill.java:168)
    at org.eclipse.jetty.util.thread.strategy.EatWhatYouKill.run(EatWhatYouKill.java:126)
    at org.eclipse.jetty.util.thread.ReservedThreadExecutor$ReservedThread.run(ReservedThreadExecutor.java:366)
    at org.eclipse.jetty.util.thread.QueuedThreadPool.runJob(QueuedThreadPool.java:765)
    at org.eclipse.jetty.util.thread.QueuedThreadPool$2.run(QueuedThreadPool.java:683)
    at java.lang.Thread.run(Unknown Source)
java.nio.file.DirectoryNotEmptyException: C:\Jenkins\jobs\FW-TestJob-01
    at sun.nio.fs.WindowsFileSystemProvider.implDelete(Unknown Source)
    at sun.nio.fs.AbstractFileSystemProvider.deleteIfExists(Unknown Source)
    at java.nio.file.Files.deleteIfExists(Unknown Source)
    at jenkins.util.io.PathRemover.removeOrMakeRemovableThenRemove(PathRemover.java:233)
    at jenkins.util.io.PathRemover.tryRemoveFile(PathRemover.java:201)
    at jenkins.util.io.PathRemover.tryRemoveRecursive(PathRemover.java:212)
    at jenkins.util.io.PathRemover.forceRemoveRecursive(PathRemover.java:92)
    at hudson.Util.deleteRecursive(Util.java:293)
    at hudson.Util.deleteRecursive(Util.java:282)
    at hudson.model.AbstractItem.performDelete(AbstractItem.java:791)
    at org.jenkinsci.plugins.workflow.job.WorkflowJob.performDelete(WorkflowJob.java:650)
    at hudson.model.AbstractItem.delete(AbstractItem.java:775)
    at hudson.model.Job.delete(Job.java:675)
    at hudson.model.AbstractItem.doDoDelete(AbstractItem.java:645)
    at java.lang.invoke.MethodHandle.invokeWithArguments(Unknown Source)
    at org.kohsuke.stapler.Function$MethodFunction.invoke(Function.java:396)
    at org.kohsuke.stapler.Function$InstanceFunction.invoke(Function.java:408)
    at org.kohsuke.stapler.interceptor.RequirePOST$Processor.invoke(RequirePOST.java:77)
    at org.kohsuke.stapler.PreInvokeInterceptedFunction.invoke(PreInvokeInterceptedFunction.java:26)
    at org.kohsuke.stapler.Function.bindAndInvoke(Function.java:212)
    at org.kohsuke.stapler.Function.bindAndInvokeAndServeResponse(Function.java:145)
    at org.kohsuke.stapler.MetaClass$11.doDispatch(MetaClass.java:535)
    at org.kohsuke.stapler.NameBasedDispatcher.dispatch(NameBasedDispatcher.java:58)
    at org.kohsuke.stapler.Stapler.tryInvoke(Stapler.java:747)
    at org.kohsuke.stapler.Stapler.invoke(Stapler.java:878)
    at org.kohsuke.stapler.MetaClass$4.doDispatch(MetaClass.java:280)
    at org.kohsuke.stapler.NameBasedDispatcher.dispatch(NameBasedDispatcher.java:58)
    at org.kohsuke.stapler.Stapler.tryInvoke(Stapler.java:747)
    at org.kohsuke.stapler.Stapler.invoke(Stapler.java:878)
    at org.kohsuke.stapler.MetaClass$4.doDispatch(MetaClass.java:280)
    at org.kohsuke.stapler.NameBasedDispatcher.dispatch(NameBasedDispatcher.java:58)
    at org.kohsuke.stapler.Stapler.tryInvoke(Stapler.java:747)
    at org.kohsuke.stapler.Stapler.invoke(Stapler.java:878)
    at org.kohsuke.stapler.MetaClass$4.doDispatch(MetaClass.java:280)
    at org.kohsuke.stapler.NameBasedDispatcher.dispatch(NameBasedDispatcher.java:58)
    at org.kohsuke.stapler.Stapler.tryInvoke(Stapler.java:747)
    at org.kohsuke.stapler.Stapler.invoke(Stapler.java:878)
    at org.kohsuke.stapler.Stapler.invoke(Stapler.java:676)
    at org.kohsuke.stapler.Stapler.service(Stapler.java:238)
    at javax.servlet.http.HttpServlet.service(HttpServlet.java:790)
    at org.eclipse.jetty.servlet.ServletHolder.handle(ServletHolder.java:873)
    at org.eclipse.jetty.servlet.ServletHandler$CachedChain.doFilter(ServletHandler.java:1623)
    at hudson.util.PluginServletFilter$1.doFilter(PluginServletFilter.java:154)
    at org.jenkinsci.plugins.ssegateway.Endpoint$SSEListenChannelFilter.doFilter(Endpoint.java:246)
    at hudson.util.PluginServletFilter$1.doFilter(PluginServletFilter.java:151)
    at io.jenkins.blueocean.ResourceCacheControl.doFilter(ResourceCacheControl.java:134)
    at hudson.util.PluginServletFilter$1.doFilter(PluginServletFilter.java:151)
    at io.jenkins.blueocean.auth.jwt.impl.JwtAuthenticationFilter.doFilter(JwtAuthenticationFilter.java:61)
    at hudson.util.PluginServletFilter$1.doFilter(PluginServletFilter.java:151)
    at hudson.plugins.greenballs.GreenBallFilter.doFilter(GreenBallFilter.java:59)
    at hudson.util.PluginServletFilter$1.doFilter(PluginServletFilter.java:151)
    at jenkins.telemetry.impl.UserLanguages$AcceptLanguageFilter.doFilter(UserLanguages.java:128)
    at hudson.util.PluginServletFilter$1.doFilter(PluginServletFilter.java:151)
    at hudson.util.PluginServletFilter.doFilter(PluginServletFilter.java:157)
    at org.eclipse.jetty.servlet.ServletHandler$CachedChain.doFilter(ServletHandler.java:1610)
    at hudson.security.csrf.CrumbFilter.doFilter(CrumbFilter.java:99)
    at org.eclipse.jetty.servlet.ServletHandler$CachedChain.doFilter(ServletHandler.java:1610)
    at hudson.security.ChainedServletFilter$1.doFilter(ChainedServletFilter.java:84)
    at hudson.security.UnwrapSecurityExceptionFilter.doFilter(UnwrapSecurityExceptionFilter.java:51)
    at hudson.security.ChainedServletFilter$1.doFilter(ChainedServletFilter.java:87)
    at jenkins.security.ExceptionTranslationFilter.doFilter(ExceptionTranslationFilter.java:117)
    at hudson.security.ChainedServletFilter$1.doFilter(ChainedServletFilter.java:87)
    at org.acegisecurity.providers.anonymous.AnonymousProcessingFilter.doFilter(AnonymousProcessingFilter.java:125)
    at hudson.security.ChainedServletFilter$1.doFilter(ChainedServletFilter.java:87)
    at org.acegisecurity.ui.rememberme.RememberMeProcessingFilter.doFilter(RememberMeProcessingFilter.java:142)
    at hudson.security.ChainedServletFilter$1.doFilter(ChainedServletFilter.java:87)
    at org.acegisecurity.ui.AbstractProcessingFilter.doFilter(AbstractProcessingFilter.java:271)
    at hudson.security.ChainedServletFilter$1.doFilter(ChainedServletFilter.java:87)
    at jenkins.security.BasicHeaderProcessor.doFilter(BasicHeaderProcessor.java:93)
    at hudson.security.ChainedServletFilter$1.doFilter(ChainedServletFilter.java:87)
    at org.acegisecurity.context.HttpSessionContextIntegrationFilter.doFilter(HttpSessionContextIntegrationFilter.java:249)
    at hudson.security.HttpSessionContextIntegrationFilter2.doFilter(HttpSessionContextIntegrationFilter2.java:67)
    at hudson.security.ChainedServletFilter$1.doFilter(ChainedServletFilter.java:87)
    at hudson.security.ChainedServletFilter.doFilter(ChainedServletFilter.java:90)
    at hudson.security.HudsonFilter.doFilter(HudsonFilter.java:171)
    at org.eclipse.jetty.servlet.ServletHandler$CachedChain.doFilter(ServletHandler.java:1610)
    at org.kohsuke.stapler.compression.CompressionFilter.doFilter(CompressionFilter.java:49)
    at org.eclipse.jetty.servlet.ServletHandler$CachedChain.doFilter(ServletHandler.java:1610)
    at hudson.util.CharacterEncodingFilter.doFilter(CharacterEncodingFilter.java:82)
    at org.eclipse.jetty.servlet.ServletHandler$CachedChain.doFilter(ServletHandler.java:1610)
    at org.kohsuke.stapler.DiagnosticThreadNameFilter.doFilter(DiagnosticThreadNameFilter.java:30)
    at org.eclipse.jetty.servlet.ServletHandler$CachedChain.doFilter(ServletHandler.java:1610)
    at org.eclipse.jetty.servlet.ServletHandler.doHandle(ServletHandler.java:540)
    at org.eclipse.jetty.server.handler.ScopedHandler.handle(ScopedHandler.java:146)
    at org.eclipse.jetty.security.SecurityHandler.handle(SecurityHandler.java:524)
    at org.eclipse.jetty.server.handler.HandlerWrapper.handle(HandlerWrapper.java:132)
    at org.eclipse.jetty.server.handler.ScopedHandler.nextHandle(ScopedHandler.java:257)
    at org.eclipse.jetty.server.session.SessionHandler.doHandle(SessionHandler.java:1701)
    at org.eclipse.jetty.server.handler.ScopedHandler.nextHandle(ScopedHandler.java:255)
    at org.eclipse.jetty.server.handler.ContextHandler.doHandle(ContextHandler.java:1345)
    at org.eclipse.jetty.server.handler.ScopedHandler.nextScope(ScopedHandler.java:203)
    at org.eclipse.jetty.servlet.ServletHandler.doScope(ServletHandler.java:480)
    at org.eclipse.jetty.server.session.SessionHandler.doScope(SessionHandler.java:1668)
    at org.eclipse.jetty.server.handler.ScopedHandler.nextScope(ScopedHandler.java:201)
    at org.eclipse.jetty.server.handler.ContextHandler.doScope(ContextHandler.java:1247)
    at org.eclipse.jetty.server.handler.ScopedHandler.handle(ScopedHandler.java:144)
    at org.eclipse.jetty.server.handler.HandlerWrapper.handle(HandlerWrapper.java:132)
    at org.eclipse.jetty.server.Server.handle(Server.java:502)
    at org.eclipse.jetty.server.HttpChannel.handle(HttpChannel.java:370)
    at org.eclipse.jetty.server.HttpConnection.onFillable(HttpConnection.java:267)
    at org.eclipse.jetty.io.AbstractConnection$ReadCallback.succeeded(AbstractConnection.java:305)
    at org.eclipse.jetty.io.FillInterest.fillable(FillInterest.java:103)
    at org.eclipse.jetty.io.ChannelEndPoint$2.run(ChannelEndPoint.java:117)
    at org.eclipse.jetty.util.thread.strategy.EatWhatYouKill.runTask(EatWhatYouKill.java:333)
    at org.eclipse.jetty.util.thread.strategy.EatWhatYouKill.doProduce(EatWhatYouKill.java:310)
    at org.eclipse.jetty.util.thread.strategy.EatWhatYouKill.tryProduce(EatWhatYouKill.java:168)
    at org.eclipse.jetty.util.thread.strategy.EatWhatYouKill.run(EatWhatYouKill.java:126)
    at org.eclipse.jetty.util.thread.ReservedThreadExecutor$ReservedThread.run(ReservedThreadExecutor.java:366)
    at org.eclipse.jetty.util.thread.QueuedThreadPool.runJob(QueuedThreadPool.java:765)
    at org.eclipse.jetty.util.thread.QueuedThreadPool$2.run(QueuedThreadPool.java:683)
    at java.lang.Thread.run(Unknown Source)
java.nio.file.DirectoryNotEmptyException: C:\Jenkins\jobs\FW-TestJob-01
    at sun.nio.fs.WindowsFileSystemProvider.implDelete(Unknown Source)
    at sun.nio.fs.AbstractFileSystemProvider.deleteIfExists(Unknown Source)
    at java.nio.file.Files.deleteIfExists(Unknown Source)
    at jenkins.util.io.PathRemover.removeOrMakeRemovableThenRemove(PathRemover.java:237)
    at jenkins.util.io.PathRemover.tryRemoveFile(PathRemover.java:201)
    at jenkins.util.io.PathRemover.tryRemoveRecursive(PathRemover.java:212)
    at jenkins.util.io.PathRemover.forceRemoveRecursive(PathRemover.java:92)
    at hudson.Util.deleteRecursive(Util.java:293)
    at hudson.Util.deleteRecursive(Util.java:282)
    at hudson.model.AbstractItem.performDelete(AbstractItem.java:791)
    at org.jenkinsci.plugins.workflow.job.WorkflowJob.performDelete(WorkflowJob.java:650)
    at hudson.model.AbstractItem.delete(AbstractItem.java:775)
    at hudson.model.Job.delete(Job.java:675)
    at hudson.model.AbstractItem.doDoDelete(AbstractItem.java:645)
    at java.lang.invoke.MethodHandle.invokeWithArguments(Unknown Source)
    at org.kohsuke.stapler.Function$MethodFunction.invoke(Function.java:396)
    at org.kohsuke.stapler.Function$InstanceFunction.invoke(Function.java:408)
    at org.kohsuke.stapler.interceptor.RequirePOST$Processor.invoke(RequirePOST.java:77)
    at org.kohsuke.stapler.PreInvokeInterceptedFunction.invoke(PreInvokeInterceptedFunction.java:26)
    at org.kohsuke.stapler.Function.bindAndInvoke(Function.java:212)
    at org.kohsuke.stapler.Function.bindAndInvokeAndServeResponse(Function.java:145)
    at org.kohsuke.stapler.MetaClass$11.doDispatch(MetaClass.java:535)
    at org.kohsuke.stapler.NameBasedDispatcher.dispatch(NameBasedDispatcher.java:58)
    at org.kohsuke.stapler.Stapler.tryInvoke(Stapler.java:747)
    at org.kohsuke.stapler.Stapler.invoke(Stapler.java:878)
    at org.kohsuke.stapler.MetaClass$4.doDispatch(MetaClass.java:280)
    at org.kohsuke.stapler.NameBasedDispatcher.dispatch(NameBasedDispatcher.java:58)
    at org.kohsuke.stapler.Stapler.tryInvoke(Stapler.java:747)
    at org.kohsuke.stapler.Stapler.invoke(Stapler.java:878)
    at org.kohsuke.stapler.MetaClass$4.doDispatch(MetaClass.java:280)
    at org.kohsuke.stapler.NameBasedDispatcher.dispatch(NameBasedDispatcher.java:58)
    at org.kohsuke.stapler.Stapler.tryInvoke(Stapler.java:747)
    at org.kohsuke.stapler.Stapler.invoke(Stapler.java:878)
    at org.kohsuke.stapler.MetaClass$4.doDispatch(MetaClass.java:280)
    at org.kohsuke.stapler.NameBasedDispatcher.dispatch(NameBasedDispatcher.java:58)
    at org.kohsuke.stapler.Stapler.tryInvoke(Stapler.java:747)
    at org.kohsuke.stapler.Stapler.invoke(Stapler.java:878)
    at org.kohsuke.stapler.Stapler.invoke(Stapler.java:676)
    at org.kohsuke.stapler.Stapler.service(Stapler.java:238)
    at javax.servlet.http.HttpServlet.service(HttpServlet.java:790)
    at org.eclipse.jetty.servlet.ServletHolder.handle(ServletHolder.java:873)
    at org.eclipse.jetty.servlet.ServletHandler$CachedChain.doFilter(ServletHandler.java:1623)
    at hudson.util.PluginServletFilter$1.doFilter(PluginServletFilter.java:154)
    at org.jenkinsci.plugins.ssegateway.Endpoint$SSEListenChannelFilter.doFilter(Endpoint.java:246)
    at hudson.util.PluginServletFilter$1.doFilter(PluginServletFilter.java:151)
    at io.jenkins.blueocean.ResourceCacheControl.doFilter(ResourceCacheControl.java:134)
    at hudson.util.PluginServletFilter$1.doFilter(PluginServletFilter.java:151)
    at io.jenkins.blueocean.auth.jwt.impl.JwtAuthenticationFilter.doFilter(JwtAuthenticationFilter.java:61)
    at hudson.util.PluginServletFilter$1.doFilter(PluginServletFilter.java:151)
    at hudson.plugins.greenballs.GreenBallFilter.doFilter(GreenBallFilter.java:59)
    at hudson.util.PluginServletFilter$1.doFilter(PluginServletFilter.java:151)
    at jenkins.telemetry.impl.UserLanguages$AcceptLanguageFilter.doFilter(UserLanguages.java:128)
    at hudson.util.PluginServletFilter$1.doFilter(PluginServletFilter.java:151)
    at hudson.util.PluginServletFilter.doFilter(PluginServletFilter.java:157)
    at org.eclipse.jetty.servlet.ServletHandler$CachedChain.doFilter(ServletHandler.java:1610)
    at hudson.security.csrf.CrumbFilter.doFilter(CrumbFilter.java:99)
    at org.eclipse.jetty.servlet.ServletHandler$CachedChain.doFilter(ServletHandler.java:1610)
    at hudson.security.ChainedServletFilter$1.doFilter(ChainedServletFilter.java:84)
    at hudson.security.UnwrapSecurityExceptionFilter.doFilter(UnwrapSecurityExceptionFilter.java:51)
    at hudson.security.ChainedServletFilter$1.doFilter(ChainedServletFilter.java:87)
    at jenkins.security.ExceptionTranslationFilter.doFilter(ExceptionTranslationFilter.java:117)
    at hudson.security.ChainedServletFilter$1.doFilter(ChainedServletFilter.java:87)
    at org.acegisecurity.providers.anonymous.AnonymousProcessingFilter.doFilter(AnonymousProcessingFilter.java:125)
    at hudson.security.ChainedServletFilter$1.doFilter(ChainedServletFilter.java:87)
    at org.acegisecurity.ui.rememberme.RememberMeProcessingFilter.doFilter(RememberMeProcessingFilter.java:142)
    at hudson.security.ChainedServletFilter$1.doFilter(ChainedServletFilter.java:87)
    at org.acegisecurity.ui.AbstractProcessingFilter.doFilter(AbstractProcessingFilter.java:271)
    at hudson.security.ChainedServletFilter$1.doFilter(ChainedServletFilter.java:87)
    at jenkins.security.BasicHeaderProcessor.doFilter(BasicHeaderProcessor.java:93)
    at hudson.security.ChainedServletFilter$1.doFilter(ChainedServletFilter.java:87)
    at org.acegisecurity.context.HttpSessionContextIntegrationFilter.doFilter(HttpSessionContextIntegrationFilter.java:249)
    at hudson.security.HttpSessionContextIntegrationFilter2.doFilter(HttpSessionContextIntegrationFilter2.java:67)
    at hudson.security.ChainedServletFilter$1.doFilter(ChainedServletFilter.java:87)
    at hudson.security.ChainedServletFilter.doFilter(ChainedServletFilter.java:90)
    at hudson.security.HudsonFilter.doFilter(HudsonFilter.java:171)
    at org.eclipse.jetty.servlet.ServletHandler$CachedChain.doFilter(ServletHandler.java:1610)
    at org.kohsuke.stapler.compression.CompressionFilter.doFilter(CompressionFilter.java:49)
    at org.eclipse.jetty.servlet.ServletHandler$CachedChain.doFilter(ServletHandler.java:1610)
    at hudson.util.CharacterEncodingFilter.doFilter(CharacterEncodingFilter.java:82)
    at org.eclipse.jetty.servlet.ServletHandler$CachedChain.doFilter(ServletHandler.java:1610)
    at org.kohsuke.stapler.DiagnosticThreadNameFilter.doFilter(DiagnosticThreadNameFilter.java:30)
    at org.eclipse.jetty.servlet.ServletHandler$CachedChain.doFilter(ServletHandler.java:1610)
    at org.eclipse.jetty.servlet.ServletHandler.doHandle(ServletHandler.java:540)
    at org.eclipse.jetty.server.handler.ScopedHandler.handle(ScopedHandler.java:146)
    at org.eclipse.jetty.security.SecurityHandler.handle(SecurityHandler.java:524)
    at org.eclipse.jetty.server.handler.HandlerWrapper.handle(HandlerWrapper.java:132)
    at org.eclipse.jetty.server.handler.ScopedHandler.nextHandle(ScopedHandler.java:257)
    at org.eclipse.jetty.server.session.SessionHandler.doHandle(SessionHandler.java:1701)
    at org.eclipse.jetty.server.handler.ScopedHandler.nextHandle(ScopedHandler.java:255)
    at org.eclipse.jetty.server.handler.ContextHandler.doHandle(ContextHandler.java:1345)
    at org.eclipse.jetty.server.handler.ScopedHandler.nextScope(ScopedHandler.java:203)
    at org.eclipse.jetty.servlet.ServletHandler.doScope(ServletHandler.java:480)
    at org.eclipse.jetty.server.session.SessionHandler.doScope(SessionHandler.java:1668)
    at org.eclipse.jetty.server.handler.ScopedHandler.nextScope(ScopedHandler.java:201)
    at org.eclipse.jetty.server.handler.ContextHandler.doScope(ContextHandler.java:1247)
    at org.eclipse.jetty.server.handler.ScopedHandler.handle(ScopedHandler.java:144)
    at org.eclipse.jetty.server.handler.HandlerWrapper.handle(HandlerWrapper.java:132)
    at org.eclipse.jetty.server.Server.handle(Server.java:502)
    at org.eclipse.jetty.server.HttpChannel.handle(HttpChannel.java:370)
    at org.eclipse.jetty.server.HttpConnection.onFillable(HttpConnection.java:267)
    at org.eclipse.jetty.io.AbstractConnection$ReadCallback.succeeded(AbstractConnection.java:305)
    at org.eclipse.jetty.io.FillInterest.fillable(FillInterest.java:103)
    at org.eclipse.jetty.io.ChannelEndPoint$2.run(ChannelEndPoint.java:117)
    at org.eclipse.jetty.util.thread.strategy.EatWhatYouKill.runTask(EatWhatYouKill.java:333)
    at org.eclipse.jetty.util.thread.strategy.EatWhatYouKill.doProduce(EatWhatYouKill.java:310)
    at org.eclipse.jetty.util.thread.strategy.EatWhatYouKill.tryProduce(EatWhatYouKill.java:168)
    at org.eclipse.jetty.util.thread.strategy.EatWhatYouKill.run(EatWhatYouKill.java:126)
    at org.eclipse.jetty.util.thread.ReservedThreadExecutor$ReservedThread.run(ReservedThreadExecutor.java:366)
    at org.eclipse.jetty.util.thread.QueuedThreadPool.runJob(QueuedThreadPool.java:765)
    at org.eclipse.jetty.util.thread.QueuedThreadPool$2.run(QueuedThreadPool.java:683)
    at java.lang.Thread.run(Unknown Source)
