Dez 02, 2013 3:37:43 PM [DEBUG] IntegritySCM - Integrity Checkout Task Created!
Dez 02, 2013 3:37:43 PM [DEBUG] IntegritySCM - Deleting contents of workspace D:\sw\ci\jenkins\jobs\myprojecttest2\workspace
Dez 02, 2013 3:37:43 PM [DEBUG] IntegritySCM - Attempting to checkout file: D:\sw\ci\jenkins\jobs\myprojecttest2\workspace\xxxApplication.c at revision 1.8
Dez 02, 2013 3:37:43 PM [DEBUG] IntegritySCM - Attempting to checkout file: D:\sw\ci\jenkins\jobs\myprojecttest2\workspace\xxxApplication.h at revision 1.10
Dez 02, 2013 3:37:43 PM [DEBUG] IntegritySCM - Trying to initialize new thread session
Dez 02, 2013 3:37:43 PM [DEBUG] IntegritySCM - Attempting to checkout file: D:\sw\ci\jenkins\jobs\myprojecttest2\workspace\xxxConfiguration.h at revision 1.7
Dez 02, 2013 3:37:43 PM [DEBUG] IntegritySCM - Trying to initialize new thread session
Dez 02, 2013 3:37:43 PM [DEBUG] IntegritySCM - Attempting to checkout file: D:\sw\ci\jenkins\jobs\myprojecttest2\workspace\xxxCtrlActivity_App.h at revision 1.8
Dez 02, 2013 3:37:43 PM [DEBUG] IntegritySCM - Trying to initialize new thread session
Dez 02, 2013 3:37:43 PM [DEBUG] IntegritySCM - Trying to initialize new thread session
Dez 02, 2013 3:37:43 PM [DEBUG] IntegritySCM - api ping --user=user --port=7001 --hostname=mksserver -- returned exit code 0
Dez 02, 2013 3:37:43 PM [DEBUG] IntegritySCM - Successfully established connection user@mksserver:7001
Dez 02, 2013 3:37:43 PM [DEBUG] IntegritySCM - Initialized thread session: hudson.scm.APISession@334d34c9
Dez 02, 2013 3:37:43 PM [DEBUG] IntegritySCM - Trying to retrieve initial value for open file handler
Dez 02, 2013 3:37:43 PM [DEBUG] IntegritySCM - API open file handles: 1
Dez 02, 2013 3:37:43 PM [DEBUG] IntegritySCM - Checkout on API thread: hudson.scm.APISession@334d34c9
Dez 02, 2013 3:37:43 PM [DEBUG] IntegritySCM - api ping --user=user --port=7001 --hostname=mksserver -- returned exit code 0
Dez 02, 2013 3:37:43 PM [DEBUG] IntegritySCM - Successfully established connection user@mksserver:7001
Dez 02, 2013 3:37:43 PM [DEBUG] IntegritySCM - Initialized thread session: hudson.scm.APISession@173609e2
Dez 02, 2013 3:37:43 PM [DEBUG] IntegritySCM - Trying to retrieve initial value for open file handler
Dez 02, 2013 3:37:43 PM [DEBUG] IntegritySCM - API open file handles: 1
Dez 02, 2013 3:37:43 PM [DEBUG] IntegritySCM - Checkout on API thread: hudson.scm.APISession@173609e2
Dez 02, 2013 3:37:43 PM [DEBUG] IntegritySCM - api ping --user=user --port=7001 --hostname=mksserver -- returned exit code 0
Dez 02, 2013 3:37:43 PM [DEBUG] IntegritySCM - Successfully established connection user@mksserver:7001
Dez 02, 2013 3:37:43 PM [DEBUG] IntegritySCM - Initialized thread session: hudson.scm.APISession@4be27c2e
Dez 02, 2013 3:37:43 PM [DEBUG] IntegritySCM - Trying to retrieve initial value for open file handler
Dez 02, 2013 3:37:43 PM [DEBUG] IntegritySCM - API open file handles: 1
Dez 02, 2013 3:37:43 PM [DEBUG] IntegritySCM - Checkout on API thread: hudson.scm.APISession@4be27c2e
Dez 02, 2013 3:37:43 PM [DEBUG] IntegritySCM - api ping --user=user --port=7001 --hostname=mksserver -- returned exit code 0
Dez 02, 2013 3:37:43 PM [DEBUG] IntegritySCM - Successfully established connection user@mksserver:7001
Dez 02, 2013 3:37:43 PM [DEBUG] IntegritySCM - Initialized thread session: hudson.scm.APISession@2c72342a
Dez 02, 2013 3:37:43 PM [DEBUG] IntegritySCM - Trying to retrieve initial value for open file handler
Dez 02, 2013 3:37:43 PM [DEBUG] IntegritySCM - API open file handles: 1
Dez 02, 2013 3:37:43 PM [DEBUG] IntegritySCM - Checkout on API thread: hudson.scm.APISession@2c72342a
Dez 02, 2013 3:37:44 PM org.apache.commons.httpclient.HttpMethodBase readResponseBody
Warnung: Unsupported transfer encoding: 
Dez 02, 2013 3:37:44 PM org.apache.commons.httpclient.HttpMethodBase readResponseBody
Warnung: Unsupported transfer encoding: 
Dez 02, 2013 3:37:44 PM org.apache.commons.httpclient.HttpMethodBase readResponseBody
Information: Response content is not chunk-encoded
Dez 02, 2013 3:37:44 PM org.apache.commons.httpclient.HttpMethodBase readResponseBody
Information: Response content is not chunk-encoded
Dez 02, 2013 3:37:44 PM org.apache.commons.httpclient.HttpMethodBase readResponseBody
Warnung: Unsupported transfer encoding: 
Dez 02, 2013 3:37:44 PM org.apache.commons.httpclient.HttpMethodBase readResponseBody
Information: Response content is not chunk-encoded
Dez 02, 2013 3:37:44 PM org.apache.commons.httpclient.HttpMethodBase readResponseBody
Warnung: Unsupported transfer encoding: 
Dez 02, 2013 3:37:44 PM org.apache.commons.httpclient.HttpMethodBase readResponseBody
Information: Response content is not chunk-encoded
Dez 02, 2013 3:37:45 PM [DEBUG] IntegritySCM - Checkout process: 4 of 4
Dez 02, 2013 3:37:47 PM [DEBUG] IntegritySCM - Successfully disconnected connection user@mksserver:7001
Dez 02, 2013 3:37:47 PM [DEBUG] IntegritySCM - Successfully disconnected connection user@mksserver:7001
Dez 02, 2013 3:37:47 PM [DEBUG] IntegritySCM - Successfully disconnected connection user@mksserver:7001
Dez 02, 2013 3:37:47 PM [DEBUG] IntegritySCM - Successfully disconnected connection user@mksserver:7001
Dez 02, 2013 3:37:47 PM [DEBUG] IntegritySCM - Attempting to shut down database: D:\sw\ci\jenkins\jobs\myprojecttest2\builds\2013-12-02_15-37-42\IntegritySCM
Dez 02, 2013 3:37:47 PM [INFO] IntegritySCM - Failed to shutdown database connection!
Dez 02, 2013 3:37:47 PM [INFO] IntegritySCM - Database 'D:/sw/ci/jenkins/jobs/myprojecttest2/builds/2013-12-02_15-37-42/IntegritySCM' shutdown.
Dez 02, 2013 3:37:47 PM [INFO] IntegritySCM - java.sql.SQLNonTransientConnectionException: Database 'D:/sw/ci/jenkins/jobs/myprojecttest2/builds/2013-12-02_15-37-42/IntegritySCM' shutdown.
Dez 02, 2013 3:37:47 PM org.apache.commons.httpclient.HttpMethodBase readResponseBody
Warnung: Unsupported transfer encoding: 
Dez 02, 2013 3:37:47 PM org.apache.commons.httpclient.HttpMethodBase readResponseBody
Information: Response content is not chunk-encoded
Dez 02, 2013 3:37:47 PM [DEBUG] IntegritySCM - Successfully disconnected connection user@mksserver:7001
Dez 02, 2013 3:37:47 PM [DEBUG] IntegritySCM - calcRevisionsFromBuild() invoked...!
Dez 02, 2013 3:37:47 PM [DEBUG] IntegritySCM - createChangeLogParser() invoked...!
Dez 02, 2013 3:37:47 PM [DEBUG] IntegritySCM - buildEnvVars() invoked...!
Dez 02, 2013 3:37:48 PM hudson.model.Run execute
Information: myprojecttest2 #9 main build action completed: SUCCESS