#
# A fatal error has been detected by the Java Runtime Environment:
#
#  SIGBUS (0x7) at pc=0x0022d173, pid=239040, tid=0xa597eb70
#
# JRE version: Java(TM) SE Runtime Environment (8.0_121-b13) (build 1.8.0_121-b13)
# Java VM: Java HotSpot(TM) Server VM (25.121-b13 mixed mode linux-x86 )
# Problematic frame:
# C  [libzip.so+0x12173]  newEntry+0x73
#
# Failed to write core dump. Core dumps have been disabled. To enable core dumping, try "ulimit -c unlimited" before starting Java again
#
# If you would like to submit a bug report, please visit:
#   http://bugreport.java.com/bugreport/crash.jsp
# The crash happened outside the Java Virtual Machine in native code.
# See problematic frame for where to report the bug.
#

---------------  T H R E A D  ---------------

Current thread (0x9dc01400):  JavaThread "pool-1-thread-8 for channel id=103" [_thread_in_native, id=239156, stack(0xa592e000,0xa597f000)]

siginfo: si_signo: 7 (SIGBUS), si_code: 2 (BUS_ADRERR), si_addr: 0x9aea7d8f

Registers:
EAX=0x9d209418, EBX=0x002341f0, ECX=0x9aea7d72, EDX=0x9aea7d72
ESP=0xa597c230, EBP=0xa597c2c8, ESI=0x9d209418, EDI=0x9adf2000
EIP=0x0022d173, EFLAGS=0x00010286, CR2=0x9aea7d8f

Top of Stack: (sp=0xa597c230)
0xa597c230:   00000038 9dc01400 00002d00 017f5268
0xa597c240:   a2c65838 0000000e 9dc00d78 0000000d
0xa597c250:   e8502d08 e8504dd4 a597c278 0153b9f1
0xa597c260:   e8502d08 a2c65838 0000000e 015350ee
0xa597c270:   0000000d a597c3c8 a597c2b8 9d209418
0xa597c280:   9d209468 01162a10 a597c2fc 017f5268
0xa597c290:   a597c32a 00000031 9d209418 9aea7d72
0xa597c2a0:   9d209538 9dc01400 a597c2f8 01391eac 

Instructions: (pc=0x0022d173)
0x0022d153:   00 0f 84 2e 03 00 00 8b 76 08 8b 4a 1c 8b 7a 10
0x0022d163:   29 ce 01 fe 89 75 d4 8b 55 d4 8b 4d d4 8b 75 b4
0x0022d173:   0f b6 52 1d 0f b6 41 1c c1 e2 08 09 c2 89 55 c8
0x0022d183:   0f b6 41 1e 88 45 bc 0f b6 51 1f 8b 45 d4 88 55 

Register to memory mapping:

EAX=0x9d209418 is an unknown value
EBX=0x002341f0: <offset 0x191f0> in /usr/java/jre1.8.0_121/lib/i386/libzip.so at 0x0021b000
ECX=0x9aea7d72 is an unknown value
EDX=0x9aea7d72 is an unknown value
ESP=0xa597c230 is pointing into the stack for thread: 0x9dc01400
EBP=0xa597c2c8 is pointing into the stack for thread: 0x9dc01400
ESI=0x9d209418 is an unknown value
EDI=0x9adf2000 is an unknown value


Stack: [0xa592e000,0xa597f000],  sp=0xa597c230,  free space=312k
Native frames: (J=compiled Java code, j=interpreted, Vv=VM code, C=native code)
C  [libzip.so+0x12173]  newEntry+0x73
C  [libzip.so+0x129a2]  ZIP_GetEntry2+0xe2
C  [libzip.so+0x39b7]  Java_java_util_zip_ZipFile_getEntry+0x127
J 509  java.util.zip.ZipFile.getEntry(J[BZ)J (0 bytes) @ 0xe87f1fc7 [0xe87f1f20+0xa7]
J 1279 C1 java.util.zip.ZipFile.getEntry(Ljava/lang/String;)Ljava/util/zip/ZipEntry; (86 bytes) @ 0xe8972880 [0xe8972660+0x220]
J 1278 C1 java.util.jar.JarFile.getEntry(Ljava/lang/String;)Ljava/util/zip/ZipEntry; (22 bytes) @ 0xe8972ff0 [0xe8972f80+0x70]
j  sun.net.www.protocol.jar.URLJarFile.getEntry(Ljava/lang/String;)Ljava/util/zip/ZipEntry;+2
j  sun.net.www.protocol.jar.JarURLConnection.connect()V+62
j  sun.net.www.protocol.jar.JarURLConnection.getInputStream()Ljava/io/InputStream;+1
j  java.net.URL.openStream()Ljava/io/InputStream;+4
j  hudson.remoting.ResourceImageInJar$1.adapt(Ljava/net/URL;)[B+12
j  hudson.remoting.ResourceImageInJar$1.adapt(Ljava/lang/Object;)Ljava/lang/Object;+5
j  hudson.remoting.FutureAdapter.get()Ljava/lang/Object;+10
j  hudson.remoting.RemoteClassLoader.findClass(Ljava/lang/String;)Ljava/lang/Class;+596
J 346 C1 java.lang.ClassLoader.loadClass(Ljava/lang/String;Z)Ljava/lang/Class; (122 bytes) @ 0xe875daf8 [0xe875d3a0+0x758]
J 485 C1 java.lang.ClassLoader.loadClass(Ljava/lang/String;)Ljava/lang/Class; (7 bytes) @ 0xe87e6780 [0xe87e66a0+0xe0]
v  ~StubRoutines::call_stub
V  [libjvm.so+0x4ff92f]  JavaCalls::call_helper(JavaValue*, methodHandle*, JavaCallArguments*, Thread*)+0x101f
V  [libjvm.so+0x752729]  os::os_exception_wrapper(void (*)(JavaValue*, methodHandle*, JavaCallArguments*, Thread*), JavaValue*, methodHandle*, JavaCallArguments*, Thread*)+0x19
V  [libjvm.so+0x4ffd3c]  JavaCalls::call_virtual(JavaValue*, KlassHandle, Symbol*, Symbol*, JavaCallArguments*, Thread*)+0x25c
V  [libjvm.so+0x500125]  JavaCalls::call_virtual(JavaValue*, Handle, KlassHandle, Symbol*, Symbol*, Handle, Thread*)+0x55
V  [libjvm.so+0x853c16]  SystemDictionary::load_instance_class(Symbol*, Handle, Thread*)+0x3f6
V  [libjvm.so+0x852bfc]  SystemDictionary::resolve_instance_class_or_null(Symbol*, Handle, Handle, Thread*)+0x6dc
V  [libjvm.so+0x853ffe]  SystemDictionary::resolve_or_fail(Symbol*, Handle, Handle, bool, Thread*)+0x1e
V  [libjvm.so+0x57877d]  find_class_from_class_loader(JNIEnv_*, Symbol*, unsigned char, Handle, Handle, unsigned char, Thread*)+0x3d
V  [libjvm.so+0x5907df]  JVM_FindClassFromCaller+0x2df
C  [libjava.so+0xb34d]  Java_java_lang_Class_forName0+0x14d
J 934  java.lang.Class.forName0(Ljava/lang/String;ZLjava/lang/ClassLoader;Ljava/lang/Class;)Ljava/lang/Class; (0 bytes) @ 0xe88bf0a5 [0xe88befe0+0xc5]
J 997 C1 java.lang.Class.forName(Ljava/lang/String;ZLjava/lang/ClassLoader;)Ljava/lang/Class; (53 bytes) @ 0xe88e1748 [0xe88e1380+0x3c8]
j  hudson.remoting.MultiClassLoaderSerializer$Input.resolveClass(Ljava/io/ObjectStreamClass;)Ljava/lang/Class;+25
J 1454 C2 java.io.ObjectInputStream.readClassDesc(Z)Ljava/io/ObjectStreamClass; (128 bytes) @ 0xe8a84500 [0xe8a7d4e0+0x7020]
J 932 C1 java.io.ObjectInputStream.readOrdinaryObject(Z)Ljava/lang/Object; (320 bytes) @ 0xe88c1148 [0xe88c1020+0x128]
J 854 C1 java.io.ObjectInputStream.readObject0(Z)Ljava/lang/Object; (566 bytes) @ 0xe888c8b4 [0xe888b820+0x1094]
J 1017 C1 java.io.ObjectInputStream.readObject()Ljava/lang/Object; (130 bytes) @ 0xe88f4308 [0xe88f4260+0xa8]
j  java.util.ArrayList.readObject(Ljava/io/ObjectInputStream;)V+49
j  sun.reflect.GeneratedMethodAccessor2.invoke(Ljava/lang/Object;[Ljava/lang/Object;)Ljava/lang/Object;+40
J 1267 C1 sun.reflect.DelegatingMethodAccessorImpl.invoke(Ljava/lang/Object;[Ljava/lang/Object;)Ljava/lang/Object; (10 bytes) @ 0xe896cf44 [0xe896ce60+0xe4]
J 1266 C1 java.lang.reflect.Method.invoke(Ljava/lang/Object;[Ljava/lang/Object;)Ljava/lang/Object; (62 bytes) @ 0xe896ca9c [0xe896c780+0x31c]
j  java.io.ObjectStreamClass.invokeReadObject(Ljava/lang/Object;Ljava/io/ObjectInputStream;)V+24
J 912 C1 java.io.ObjectInputStream.readSerialData(Ljava/lang/Object;Ljava/io/ObjectStreamClass;)V (367 bytes) @ 0xe88b6788 [0xe88b60e0+0x6a8]
J 932 C1 java.io.ObjectInputStream.readOrdinaryObject(Z)Ljava/lang/Object; (320 bytes) @ 0xe88c16bc [0xe88c1020+0x69c]
J 854 C1 java.io.ObjectInputStream.readObject0(Z)Ljava/lang/Object; (566 bytes) @ 0xe888c8b4 [0xe888b820+0x1094]
J 1616 C2 java.io.ObjectInputStream.defaultReadFields(Ljava/lang/Object;Ljava/io/ObjectStreamClass;)V (199 bytes) @ 0xe8a72c00 [0xe8a72820+0x3e0]
J 912 C1 java.io.ObjectInputStream.readSerialData(Ljava/lang/Object;Ljava/io/ObjectStreamClass;)V (367 bytes) @ 0xe88b6a20 [0xe88b60e0+0x940]
J 932 C1 java.io.ObjectInputStream.readOrdinaryObject(Z)Ljava/lang/Object; (320 bytes) @ 0xe88c16bc [0xe88c1020+0x69c]
J 854 C1 java.io.ObjectInputStream.readObject0(Z)Ljava/lang/Object; (566 bytes) @ 0xe888c8b4 [0xe888b820+0x1094]
J 1017 C1 java.io.ObjectInputStream.readObject()Ljava/lang/Object; (130 bytes) @ 0xe88f4308 [0xe88f4260+0xa8]
j  hudson.remoting.UserRequest.deserialize(Lhudson/remoting/Channel;[BLjava/lang/ClassLoader;)Ljava/lang/Object;+50
j  hudson.remoting.UserRequest.perform(Lhudson/remoting/Channel;)Lhudson/remoting/UserRequest$ResponseToUserRequest;+169
j  hudson.remoting.UserRequest.perform(Lhudson/remoting/Channel;)Ljava/io/Serializable;+2
j  hudson.remoting.Request$2.run()V+109
J 1450 C2 java.util.concurrent.FutureTask.run()V (126 bytes) @ 0xe89eaa18 [0xe89ea980+0x98]
j  java.util.concurrent.ThreadPoolExecutor.runWorker(Ljava/util/concurrent/ThreadPoolExecutor$Worker;)V+95
j  java.util.concurrent.ThreadPoolExecutor$Worker.run()V+5
j  java.lang.Thread.run()V+11
v  ~StubRoutines::call_stub
V  [libjvm.so+0x4ff92f]  JavaCalls::call_helper(JavaValue*, methodHandle*, JavaCallArguments*, Thread*)+0x101f
V  [libjvm.so+0x752729]  os::os_exception_wrapper(void (*)(JavaValue*, methodHandle*, JavaCallArguments*, Thread*), JavaValue*, methodHandle*, JavaCallArguments*, Thread*)+0x19
V  [libjvm.so+0x4ffd3c]  JavaCalls::call_virtual(JavaValue*, KlassHandle, Symbol*, Symbol*, JavaCallArguments*, Thread*)+0x25c
V  [libjvm.so+0x50017b]  JavaCalls::call_virtual(JavaValue*, Handle, KlassHandle, Symbol*, Symbol*, Thread*)+0x4b
V  [libjvm.so+0x593570]  thread_entry(JavaThread*, Thread*)+0x90
V  [libjvm.so+0x889c5f]  JavaThread::thread_main_inner()+0xff
V  [libjvm.so+0x889ddb]  JavaThread::run()+0x14b
V  [libjvm.so+0x759ea9]  java_start(Thread*)+0x119
C  [libpthread.so.0+0x6bc9]
C  [libc.so.6+0xe304e]  clone+0x5e

Java frames: (J=compiled Java code, j=interpreted, Vv=VM code)
J 509  java.util.zip.ZipFile.getEntry(J[BZ)J (0 bytes) @ 0xe87f1f83 [0xe87f1f20+0x63]
J 1279 C1 java.util.zip.ZipFile.getEntry(Ljava/lang/String;)Ljava/util/zip/ZipEntry; (86 bytes) @ 0xe8972880 [0xe8972660+0x220]
J 1278 C1 java.util.jar.JarFile.getEntry(Ljava/lang/String;)Ljava/util/zip/ZipEntry; (22 bytes) @ 0xe8972ff0 [0xe8972f80+0x70]
j  sun.net.www.protocol.jar.URLJarFile.getEntry(Ljava/lang/String;)Ljava/util/zip/ZipEntry;+2
j  sun.net.www.protocol.jar.JarURLConnection.connect()V+62
j  sun.net.www.protocol.jar.JarURLConnection.getInputStream()Ljava/io/InputStream;+1
j  java.net.URL.openStream()Ljava/io/InputStream;+4
j  hudson.remoting.ResourceImageInJar$1.adapt(Ljava/net/URL;)[B+12
j  hudson.remoting.ResourceImageInJar$1.adapt(Ljava/lang/Object;)Ljava/lang/Object;+5
j  hudson.remoting.FutureAdapter.get()Ljava/lang/Object;+10
j  hudson.remoting.RemoteClassLoader.findClass(Ljava/lang/String;)Ljava/lang/Class;+596
J 346 C1 java.lang.ClassLoader.loadClass(Ljava/lang/String;Z)Ljava/lang/Class; (122 bytes) @ 0xe875daf8 [0xe875d3a0+0x758]
J 485 C1 java.lang.ClassLoader.loadClass(Ljava/lang/String;)Ljava/lang/Class; (7 bytes) @ 0xe87e6780 [0xe87e66a0+0xe0]
v  ~StubRoutines::call_stub
J 934  java.lang.Class.forName0(Ljava/lang/String;ZLjava/lang/ClassLoader;Ljava/lang/Class;)Ljava/lang/Class; (0 bytes) @ 0xe88bf061 [0xe88befe0+0x81]
J 997 C1 java.lang.Class.forName(Ljava/lang/String;ZLjava/lang/ClassLoader;)Ljava/lang/Class; (53 bytes) @ 0xe88e1748 [0xe88e1380+0x3c8]
j  hudson.remoting.MultiClassLoaderSerializer$Input.resolveClass(Ljava/io/ObjectStreamClass;)Ljava/lang/Class;+25
J 1454 C2 java.io.ObjectInputStream.readClassDesc(Z)Ljava/io/ObjectStreamClass; (128 bytes) @ 0xe8a84500 [0xe8a7d4e0+0x7020]
J 932 C1 java.io.ObjectInputStream.readOrdinaryObject(Z)Ljava/lang/Object; (320 bytes) @ 0xe88c1148 [0xe88c1020+0x128]
J 854 C1 java.io.ObjectInputStream.readObject0(Z)Ljava/lang/Object; (566 bytes) @ 0xe888c8b4 [0xe888b820+0x1094]
J 1017 C1 java.io.ObjectInputStream.readObject()Ljava/lang/Object; (130 bytes) @ 0xe88f4308 [0xe88f4260+0xa8]
j  java.util.ArrayList.readObject(Ljava/io/ObjectInputStream;)V+49
j  sun.reflect.GeneratedMethodAccessor2.invoke(Ljava/lang/Object;[Ljava/lang/Object;)Ljava/lang/Object;+40
J 1267 C1 sun.reflect.DelegatingMethodAccessorImpl.invoke(Ljava/lang/Object;[Ljava/lang/Object;)Ljava/lang/Object; (10 bytes) @ 0xe896cf44 [0xe896ce60+0xe4]
J 1266 C1 java.lang.reflect.Method.invoke(Ljava/lang/Object;[Ljava/lang/Object;)Ljava/lang/Object; (62 bytes) @ 0xe896ca9c [0xe896c780+0x31c]
j  java.io.ObjectStreamClass.invokeReadObject(Ljava/lang/Object;Ljava/io/ObjectInputStream;)V+24
J 912 C1 java.io.ObjectInputStream.readSerialData(Ljava/lang/Object;Ljava/io/ObjectStreamClass;)V (367 bytes) @ 0xe88b6788 [0xe88b60e0+0x6a8]
J 932 C1 java.io.ObjectInputStream.readOrdinaryObject(Z)Ljava/lang/Object; (320 bytes) @ 0xe88c16bc [0xe88c1020+0x69c]
J 854 C1 java.io.ObjectInputStream.readObject0(Z)Ljava/lang/Object; (566 bytes) @ 0xe888c8b4 [0xe888b820+0x1094]
J 1616 C2 java.io.ObjectInputStream.defaultReadFields(Ljava/lang/Object;Ljava/io/ObjectStreamClass;)V (199 bytes) @ 0xe8a72c00 [0xe8a72820+0x3e0]
J 912 C1 java.io.ObjectInputStream.readSerialData(Ljava/lang/Object;Ljava/io/ObjectStreamClass;)V (367 bytes) @ 0xe88b6a20 [0xe88b60e0+0x940]
J 932 C1 java.io.ObjectInputStream.readOrdinaryObject(Z)Ljava/lang/Object; (320 bytes) @ 0xe88c16bc [0xe88c1020+0x69c]
J 854 C1 java.io.ObjectInputStream.readObject0(Z)Ljava/lang/Object; (566 bytes) @ 0xe888c8b4 [0xe888b820+0x1094]
J 1017 C1 java.io.ObjectInputStream.readObject()Ljava/lang/Object; (130 bytes) @ 0xe88f4308 [0xe88f4260+0xa8]
j  hudson.remoting.UserRequest.deserialize(Lhudson/remoting/Channel;[BLjava/lang/ClassLoader;)Ljava/lang/Object;+50
j  hudson.remoting.UserRequest.perform(Lhudson/remoting/Channel;)Lhudson/remoting/UserRequest$ResponseToUserRequest;+169
j  hudson.remoting.UserRequest.perform(Lhudson/remoting/Channel;)Ljava/io/Serializable;+2
j  hudson.remoting.Request$2.run()V+109
J 1450 C2 java.util.concurrent.FutureTask.run()V (126 bytes) @ 0xe89eaa18 [0xe89ea980+0x98]
j  java.util.concurrent.ThreadPoolExecutor.runWorker(Ljava/util/concurrent/ThreadPoolExecutor$Worker;)V+95
j  java.util.concurrent.ThreadPoolExecutor$Worker.run()V+5
j  java.lang.Thread.run()V+11
v  ~StubRoutines::call_stub

---------------  P R O C E S S  ---------------

Java Threads: ( => current thread )
  0x9d79a800 JavaThread "process reaper" daemon [_thread_blocked, id=239159, stack(0xe800e000,0xe8027000)]
  0x9d303800 JavaThread "Ping thread for channel hudson.remoting.Channel@1ed3c8d:channel" daemon [_thread_blocked, id=239157, stack(0xa572e000,0xa577f000)]
=>0x9dc01400 JavaThread "pool-1-thread-8 for channel id=103" [_thread_in_native, id=239156, stack(0xa592e000,0xa597f000)]
  0x9dd11400 JavaThread "pool-1-thread-7" [_thread_blocked, id=239155, stack(0xa5b2e000,0xa5b7f000)]
  0x9d301400 JavaThread "pool-1-thread-6 for channel id=116" [_thread_blocked, id=239153, stack(0xa5d2e000,0xa5d7f000)]
  0x9d703400 JavaThread "pool-1-thread-5" [_thread_blocked, id=239152, stack(0xa5f2e000,0xa5f7f000)]
  0x9d702000 JavaThread "pool-1-thread-4" [_thread_blocked, id=239151, stack(0xa612e000,0xa617f000)]
  0x9dd0b800 JavaThread "pool-1-thread-3" [_thread_blocked, id=239149, stack(0xa652e000,0xa657f000)]
  0x9dd03400 JavaThread "pool-1-thread-2" [_thread_blocked, id=239148, stack(0xa672e000,0xa677f000)]
  0x9dd01c00 JavaThread "pool-1-thread-1" [_thread_blocked, id=239147, stack(0xa692e000,0xa697f000)]
  0xa1ff9000 JavaThread "Channel reader thread: channel" [_thread_in_native, id=239146, stack(0xa6b2e000,0xa6b7f000)]
  0xa1ff5000 JavaThread "RemoteInvocationHandler [#1]" daemon [_thread_blocked, id=239145, stack(0xa6d2e000,0xa6d7f000)]
  0xa1f23400 JavaThread "Service Thread" daemon [_thread_blocked, id=239084, stack(0xa6f2e000,0xa6f7f000)]
  0xa1f20400 JavaThread "C1 CompilerThread14" daemon [_thread_blocked, id=239083, stack(0x9fe7f000,0x9ff00000)]
  0xa1f1f000 JavaThread "C1 CompilerThread13" daemon [_thread_blocked, id=239082, stack(0xa007f000,0xa0100000)]
  0xa1f1d400 JavaThread "C1 CompilerThread12" daemon [_thread_blocked, id=239081, stack(0xa027f000,0xa0300000)]
  0xa1f1bc00 JavaThread "C1 CompilerThread11" daemon [_thread_blocked, id=239080, stack(0xa047f000,0xa0500000)]
  0xa1f1a400 JavaThread "C1 CompilerThread10" daemon [_thread_blocked, id=239079, stack(0xa067f000,0xa0700000)]
  0xa1f18800 JavaThread "C2 CompilerThread9" daemon [_thread_in_native, id=239078, stack(0xa087f000,0xa0900000)]
  0xa1f17000 JavaThread "C2 CompilerThread8" daemon [_thread_blocked, id=239077, stack(0xa0a7f000,0xa0b00000)]
  0xa1f15400 JavaThread "C2 CompilerThread7" daemon [_thread_blocked, id=239076, stack(0xa0c7f000,0xa0d00000)]
  0xa1f13c00 JavaThread "C2 CompilerThread6" daemon [_thread_in_native, id=239075, stack(0xa0e7f000,0xa0f00000)]
  0xa1f12400 JavaThread "C2 CompilerThread5" daemon [_thread_blocked, id=239074, stack(0xa107f000,0xa1100000)]
  0xa1f0f400 JavaThread "C2 CompilerThread4" daemon [_thread_blocked, id=239073, stack(0xa127f000,0xa1300000)]
  0xa1f0d800 JavaThread "C2 CompilerThread3" daemon [_thread_blocked, id=239072, stack(0xa147f000,0xa1500000)]
  0xa1f0c000 JavaThread "C2 CompilerThread2" daemon [_thread_in_native, id=239071, stack(0xa167f000,0xa1700000)]
  0xa1f0ac00 JavaThread "C2 CompilerThread1" daemon [_thread_blocked, id=239070, stack(0xa187f000,0xa1900000)]
  0xa1f08c00 JavaThread "C2 CompilerThread0" daemon [_thread_blocked, id=239069, stack(0xa1b7f000,0xa1c00000)]
  0xa1f07000 JavaThread "Signal Dispatcher" daemon [_thread_blocked, id=239068, stack(0xa712e000,0xa717f000)]
  0xa23f6400 JavaThread "Finalizer" daemon [_thread_blocked, id=239067, stack(0xa732e000,0xa737f000)]
  0xa23f3400 JavaThread "Reference Handler" daemon [_thread_blocked, id=239066, stack(0xa752e000,0xa757f000)]
  0xf7506c00 JavaThread "main" [_thread_blocked, id=239041, stack(0xf76b5000,0xf7706000)]

Other Threads:
  0xa25f8c00 VMThread [stack: 0xa270b000,0xa278c000] [id=239065]
  0xa1f26400 WatcherThread [stack: 0x9fc7f000,0x9fd00000] [id=239085]

VM state:not at safepoint (normal execution)

VM Mutex/Monitor currently owned by a thread: None

Heap:
 PSYoungGen      total 37888K, used 25441K [0xd2ac0000, 0xd5440000, 0xe8000000)
  eden space 33280K, 68% used [0xd2ac0000,0xd40e39b8,0xd4b40000)
  from space 4608K, 60% used [0xd4fc0000,0xd5274d80,0xd5440000)
  to   space 4608K, 0% used [0xd4b40000,0xd4b40000,0xd4fc0000)
 ParOldGen       total 43776K, used 2776K [0xa8000000, 0xaaac0000, 0xd2ac0000)
  object space 43776K, 6% used [0xa8000000,0xa82b6220,0xaaac0000)
 Metaspace       used 6231K, capacity 6449K, committed 6576K, reserved 7472K

Card table byte_map: [0xa7dff000,0xa8000000] byte_map_base: 0xa78bf000

Marking Bits: (ParMarkBitMap*) 0x018258c0
 Begin Bits: [0xa3200000, 0xa4200000)
 End Bits:   [0xa4200000, 0xa5200000)

Polling page: 0xf76b4000

CodeCache: size=245760Kb used=6113Kb max_used=6113Kb free=239646Kb
 bounds [0xe8500000, 0xe8b08000, 0xf7500000]
 total_blobs=1854 nmethods=1667 adapters=93
 compilation: enabled

Compilation events (10 events):
Event: 2.783 Thread 0xa1f1f000 nmethod 1666 0xe8aae988 code [0xe8aaeaa0, 0xe8aaeca0]
Event: 2.783 Thread 0xa1f1bc00 nmethod 1667 0xe8aae608 code [0xe8aae720, 0xe8aae8e0]
Event: 2.783 Thread 0xa1f1bc00 1669   !   3       hudson.remoting.RemoteInvocationHandler::invoke (312 bytes)
Event: 2.783 Thread 0xa1f1d400 nmethod 1668 0xe8aae308 code [0xe8aae420, 0xe8aae560]
Event: 2.783 Thread 0xa1f20400 nmethod 1664 0xe8aa4588 code [0xe8aa46a0, 0xe8aa480c]
Event: 2.783 Thread 0xa1f1a400 nmethod 1665 0xe8aa3c88 code [0xe8aa3e00, 0xe8aa4204]
Event: 2.783 Thread 0xa1f08c00 1670       4       hudson.remoting.InterceptingExecutorService::wrap (15 bytes)
Event: 2.785 Thread 0xa1f1d400 1671       3       java.net.URI$Parser::substring (10 bytes)
Event: 2.785 Thread 0xa1f1d400 nmethod 1671 0xe8aa3948 code [0xe8aa3a60, 0xe8aa3bcc]
Event: 2.786 Thread 0xa1f08c00 nmethod 1670 0xe8aa35c8 code [0xe8aa36e0, 0xe8aa37d0]

GC Heap History (10 events):
Event: 1.676 GC heap before
{Heap before GC invocations=2 (full 0):
 PSYoungGen      total 19200K, used 19191K [0xd2ac0000, 0xd4000000, 0xe8000000)
  eden space 16640K, 100% used [0xd2ac0000,0xd3b00000,0xd3b00000)
  from space 2560K, 99% used [0xd3b00000,0xd3d7dda8,0xd3d80000)
  to   space 2560K, 0% used [0xd3d80000,0xd3d80000,0xd4000000)
 ParOldGen       total 43776K, used 1811K [0xa8000000, 0xaaac0000, 0xd2ac0000)
  object space 43776K, 4% used [0xa8000000,0xa81c4fb0,0xaaac0000)
 Metaspace       used 5519K, capacity 5727K, committed 5808K, reserved 6448K
Event: 1.680 GC heap after
Heap after GC invocations=2 (full 0):
 PSYoungGen      total 19200K, used 2552K [0xd2ac0000, 0xd5040000, 0xe8000000)
  eden space 16640K, 0% used [0xd2ac0000,0xd2ac0000,0xd3b00000)
  from space 2560K, 99% used [0xd3d80000,0xd3ffe060,0xd4000000)
  to   space 2560K, 0% used [0xd3b00000,0xd3b00000,0xd3d80000)
 ParOldGen       total 43776K, used 2394K [0xa8000000, 0xaaac0000, 0xd2ac0000)
  object space 43776K, 5% used [0xa8000000,0xa8256828,0xaaac0000)
 Metaspace       used 5519K, capacity 5727K, committed 5808K, reserved 6448K
}
Event: 1.884 GC heap before
{Heap before GC invocations=3 (full 0):
 PSYoungGen      total 19200K, used 19192K [0xd2ac0000, 0xd5040000, 0xe8000000)
  eden space 16640K, 100% used [0xd2ac0000,0xd3b00000,0xd3b00000)
  from space 2560K, 99% used [0xd3d80000,0xd3ffe060,0xd4000000)
  to   space 2560K, 0% used [0xd3b00000,0xd3b00000,0xd3d80000)
 ParOldGen       total 43776K, used 2394K [0xa8000000, 0xaaac0000, 0xd2ac0000)
  object space 43776K, 5% used [0xa8000000,0xa8256828,0xaaac0000)
 Metaspace       used 5729K, capacity 5958K, committed 6064K, reserved 6448K
Event: 1.886 GC heap after
Heap after GC invocations=3 (full 0):
 PSYoungGen      total 19200K, used 2551K [0xd2ac0000, 0xd4000000, 0xe8000000)
  eden space 16640K, 0% used [0xd2ac0000,0xd2ac0000,0xd3b00000)
  from space 2560K, 99% used [0xd3b00000,0xd3d7dff0,0xd3d80000)
  to   space 2560K, 0% used [0xd3d80000,0xd3d80000,0xd4000000)
 ParOldGen       total 43776K, used 2562K [0xa8000000, 0xaaac0000, 0xd2ac0000)
  object space 43776K, 5% used [0xa8000000,0xa8280930,0xaaac0000)
 Metaspace       used 5729K, capacity 5958K, committed 6064K, reserved 6448K
}
Event: 2.071 GC heap before
{Heap before GC invocations=4 (full 0):
 PSYoungGen      total 19200K, used 19191K [0xd2ac0000, 0xd4000000, 0xe8000000)
  eden space 16640K, 100% used [0xd2ac0000,0xd3b00000,0xd3b00000)
  from space 2560K, 99% used [0xd3b00000,0xd3d7dff0,0xd3d80000)
  to   space 2560K, 0% used [0xd3d80000,0xd3d80000,0xd4000000)
 ParOldGen       total 43776K, used 2562K [0xa8000000, 0xaaac0000, 0xd2ac0000)
  object space 43776K, 5% used [0xa8000000,0xa8280930,0xaaac0000)
 Metaspace       used 5927K, capacity 6118K, committed 6192K, reserved 6448K
Event: 2.073 GC heap after
Heap after GC invocations=4 (full 0):
 PSYoungGen      total 19200K, used 2544K [0xd2ac0000, 0xd4000000, 0xe8000000)
  eden space 16640K, 0% used [0xd2ac0000,0xd2ac0000,0xd3b00000)
  from space 2560K, 99% used [0xd3d80000,0xd3ffc160,0xd4000000)
  to   space 2560K, 0% used [0xd3b00000,0xd3b00000,0xd3d80000)
 ParOldGen       total 43776K, used 2728K [0xa8000000, 0xaaac0000, 0xd2ac0000)
  object space 43776K, 6% used [0xa8000000,0xa82aa088,0xaaac0000)
 Metaspace       used 5927K, capacity 6118K, committed 6192K, reserved 6448K
}
Event: 2.199 GC heap before
{Heap before GC invocations=5 (full 0):
 PSYoungGen      total 19200K, used 19184K [0xd2ac0000, 0xd4000000, 0xe8000000)
  eden space 16640K, 100% used [0xd2ac0000,0xd3b00000,0xd3b00000)
  from space 2560K, 99% used [0xd3d80000,0xd3ffc160,0xd4000000)
  to   space 2560K, 0% used [0xd3b00000,0xd3b00000,0xd3d80000)
 ParOldGen       total 43776K, used 2728K [0xa8000000, 0xaaac0000, 0xd2ac0000)
  object space 43776K, 6% used [0xa8000000,0xa82aa088,0xaaac0000)
 Metaspace       used 5983K, capacity 6182K, committed 6192K, reserved 6448K
Event: 2.201 GC heap after
Heap after GC invocations=5 (full 0):
 PSYoungGen      total 19200K, used 2552K [0xd2ac0000, 0xd5440000, 0xe8000000)
  eden space 16640K, 0% used [0xd2ac0000,0xd2ac0000,0xd3b00000)
  from space 2560K, 99% used [0xd3b00000,0xd3d7e060,0xd3d80000)
  to   space 4608K, 0% used [0xd4fc0000,0xd4fc0000,0xd5440000)
 ParOldGen       total 43776K, used 2772K [0xa8000000, 0xaaac0000, 0xd2ac0000)
  object space 43776K, 6% used [0xa8000000,0xa82b5220,0xaaac0000)
 Metaspace       used 5983K, capacity 6182K, committed 6192K, reserved 6448K
}
Event: 2.326 GC heap before
{Heap before GC invocations=6 (full 0):
 PSYoungGen      total 19200K, used 19178K [0xd2ac0000, 0xd5440000, 0xe8000000)
  eden space 16640K, 99% used [0xd2ac0000,0xd3afc9a0,0xd3b00000)
  from space 2560K, 99% used [0xd3b00000,0xd3d7e060,0xd3d80000)
  to   space 4608K, 0% used [0xd4fc0000,0xd4fc0000,0xd5440000)
 ParOldGen       total 43776K, used 2772K [0xa8000000, 0xaaac0000, 0xd2ac0000)
  object space 43776K, 6% used [0xa8000000,0xa82b5220,0xaaac0000)
 Metaspace       used 6067K, capacity 6293K, committed 6320K, reserved 6448K
Event: 2.330 GC heap after
Heap after GC invocations=6 (full 0):
 PSYoungGen      total 37888K, used 2771K [0xd2ac0000, 0xd5440000, 0xe8000000)
  eden space 33280K, 0% used [0xd2ac0000,0xd2ac0000,0xd4b40000)
  from space 4608K, 60% used [0xd4fc0000,0xd5274d80,0xd5440000)
  to   space 4608K, 0% used [0xd4b40000,0xd4b40000,0xd4fc0000)
 ParOldGen       total 43776K, used 2776K [0xa8000000, 0xaaac0000, 0xd2ac0000)
  object space 43776K, 6% used [0xa8000000,0xa82b6220,0xaaac0000)
 Metaspace       used 6067K, capacity 6293K, committed 6320K, reserved 6448K
}

Deoptimization events (10 events):
Event: 1.593 Thread 0x9d702000 Uncommon trap: reason=null_check action=make_not_entrant pc=0xe873d2e0 method=java.lang.StringCoding.deref(Ljava/lang/ThreadLocal;)Ljava/lang/Object; @ 4
Event: 1.596 Thread 0x9d702000 Uncommon trap: reason=bimorphic action=maybe_recompile pc=0xe88f5fa0 method=java.util.regex.Pattern$BranchConn.match(Ljava/util/regex/Matcher;ILjava/lang/CharSequence;)Z @ 7
Event: 1.602 Thread 0x9d702000 Uncommon trap: reason=bimorphic action=maybe_recompile pc=0xe88f5fa0 method=java.util.regex.Pattern$BranchConn.match(Ljava/util/regex/Matcher;ILjava/lang/CharSequence;)Z @ 7
Event: 1.602 Thread 0x9d702000 Uncommon trap: reason=bimorphic action=maybe_recompile pc=0xe88f5fa0 method=java.util.regex.Pattern$BranchConn.match(Ljava/util/regex/Matcher;ILjava/lang/CharSequence;)Z @ 7
Event: 1.602 Thread 0x9d702000 Uncommon trap: reason=bimorphic action=maybe_recompile pc=0xe88f5fa0 method=java.util.regex.Pattern$BranchConn.match(Ljava/util/regex/Matcher;ILjava/lang/CharSequence;)Z @ 7
Event: 1.859 Thread 0x9dd03400 Uncommon trap: reason=unstable_if action=reinterpret pc=0xe8840c14 method=java.lang.String.replace(CC)Ljava/lang/String; @ 2
Event: 1.894 Thread 0x9dd03400 Uncommon trap: reason=null_check action=make_not_entrant pc=0xe873eca0 method=java.lang.StringCoding.deref(Ljava/lang/ThreadLocal;)Ljava/lang/Object; @ 4
Event: 2.259 Thread 0x9dd03400 Uncommon trap: reason=unstable_if action=reinterpret pc=0xe8732eac method=java.lang.StringCoding$StringDecoder.decode([BII)[C @ 20
Event: 2.348 Thread 0x9dd03400 Uncommon trap: reason=unstable_if action=reinterpret pc=0xe896fb04 method=java.lang.AbstractStringBuilder.append([CII)Ljava/lang/AbstractStringBuilder; @ 1
Event: 2.349 Thread 0x9dd03400 Uncommon trap: reason=unstable_if action=reinterpret pc=0xe886374c method=java.lang.AbstractStringBuilder.append(Ljava/lang/String;)Ljava/lang/AbstractStringBuilder; @ 1

Internal exceptions (10 events):
Event: 1.583 Thread 0x9d702000 Exception <a 'java/lang/NoSuchMethodError': <clinit>> (0xd2b0ac60) thrown at [/HUDSON/workspace/8-2-build-linux-i586/jdk8u121/8372/hotspot/src/share/vm/prims/jni.cpp, line 1613]
Event: 1.587 Thread 0x9d702000 Exception <a 'java/lang/NoSuchMethodError': <clinit>> (0xd3153150) thrown at [/HUDSON/workspace/8-2-build-linux-i586/jdk8u121/8372/hotspot/src/share/vm/prims/jni.cpp, line 1613]
Event: 1.593 Thread 0x9d702000 Implicit null exception at 0xe873cb6a to 0xe873d2d1
Event: 1.651 Thread 0x9d703400 Exception <a 'java/lang/NoSuchMethodError': <clinit>> (0xd323f720) thrown at [/HUDSON/workspace/8-2-build-linux-i586/jdk8u121/8372/hotspot/src/share/vm/prims/jni.cpp, line 1613]
Event: 1.831 Thread 0x9dd03400 Exception <a 'java/lang/NoSuchMethodError': <clinit>> (0xd2b146b0) thrown at [/HUDSON/workspace/8-2-build-linux-i586/jdk8u121/8372/hotspot/src/share/vm/prims/jni.cpp, line 1613]
Event: 1.894 Thread 0x9dd03400 Implicit null exception at 0xe873e5cb to 0xe873ec91
Event: 2.349 Thread 0x9dd03400 Implicit null exception at 0xe886339f to 0xe8863739
Event: 2.587 Thread 0x9da01800 Exception <a 'sun/nio/fs/UnixException'> (0xd3c887e8) thrown at [/HUDSON/workspace/8-2-build-linux-i586/jdk8u121/8372/hotspot/src/share/vm/prims/jni.cpp, line 709]
Event: 2.702 Thread 0x9dc01400 Exception <a 'java/lang/NoSuchMethodError': <clinit>> (0xd3f6e370) thrown at [/HUDSON/workspace/8-2-build-linux-i586/jdk8u121/8372/hotspot/src/share/vm/prims/jni.cpp, line 1613]
Event: 2.772 Thread 0x9dd01c00 Exception <a 'java/util/zip/ZipException'> (0xd3dd7dd0) thrown at [/HUDSON/workspace/8-2-build-linux-i586/jdk8u121/8372/hotspot/src/share/vm/prims/jni.cpp, line 709]

Events (10 events):
Event: 2.701 loading class jenkins/slaves/restarter/JnlpSlaveRestarterInstaller
Event: 2.701 loading class jenkins/slaves/restarter/JnlpSlaveRestarterInstaller done
Event: 2.772 loading class java/util/zip/ZipException
Event: 2.772 loading class java/util/zip/ZipException done
Event: 2.772 loading class java/util/zip/DataFormatException
Event: 2.772 loading class java/util/zip/DataFormatException done
Event: 2.776 loading class org/jenkinsci/modules/upstart_slave_installer/SlaveInstallerFactoryImpl$HasUpstart
Event: 2.776 loading class org/jenkinsci/modules/upstart_slave_installer/SlaveInstallerFactoryImpl$HasUpstart done
Event: 2.781 loading class jenkins/slaves/restarter/UnixSlaveRestarter
Event: 2.781 loading class jenkins/slaves/restarter/UnixSlaveRestarter done


Dynamic libraries:
001ea000-001f5000 r-xp 00000000 fd:00 249721419                          /usr/java/jre1.8.0_121/lib/i386/libverify.so
001f5000-001f6000 rw-p 0000b000 fd:00 249721419                          /usr/java/jre1.8.0_121/lib/i386/libverify.so
001f6000-0021a000 r-xp 00000000 fd:00 249721385                          /usr/java/jre1.8.0_121/lib/i386/libjava.so
0021a000-0021b000 rw-p 00024000 fd:00 249721385                          /usr/java/jre1.8.0_121/lib/i386/libjava.so
0021b000-00234000 r-xp 00000000 fd:00 249721420                          /usr/java/jre1.8.0_121/lib/i386/libzip.so
00234000-00235000 rw-p 00019000 fd:00 249721420                          /usr/java/jre1.8.0_121/lib/i386/libzip.so
00235000-00268000 r-xp 00000000 fd:00 249721416                          /usr/java/jre1.8.0_121/lib/i386/libsunec.so
00268000-0026c000 rw-p 00032000 fd:00 249721416                          /usr/java/jre1.8.0_121/lib/i386/libsunec.so
0026c000-00270000 rw-p 00000000 00:00 0 
00369000-0036a000 r-xp 00000000 00:00 0                                  [vdso]
00676000-00682000 r-xp 00000000 fd:00 84673581                           /lib/libnss_files-2.12.so
00682000-00683000 r--p 0000b000 fd:00 84673581                           /lib/libnss_files-2.12.so
00683000-00684000 rw-p 0000c000 fd:00 84673581                           /lib/libnss_files-2.12.so
00697000-006a6000 r-xp 00000000 fd:00 249721407                          /usr/java/jre1.8.0_121/lib/i386/libnio.so
006a6000-006a7000 rw-p 0000e000 fd:00 249721407                          /usr/java/jre1.8.0_121/lib/i386/libnio.so
0074e000-00763000 r-xp 00000000 fd:00 249721406                          /usr/java/jre1.8.0_121/lib/i386/libnet.so
00763000-00764000 rw-p 00015000 fd:00 249721406                          /usr/java/jre1.8.0_121/lib/i386/libnet.so
00818000-00837000 r-xp 00000000 fd:00 84673599                           /lib/ld-2.12.so
00837000-00838000 r--p 0001e000 fd:00 84673599                           /lib/ld-2.12.so
00838000-00839000 rw-p 0001f000 fd:00 84673599                           /lib/ld-2.12.so
0083b000-009cc000 r-xp 00000000 fd:00 84673600                           /lib/libc-2.12.so
009cc000-009ce000 r--p 00191000 fd:00 84673600                           /lib/libc-2.12.so
009ce000-009cf000 rw-p 00193000 fd:00 84673600                           /lib/libc-2.12.so
009cf000-009d2000 rw-p 00000000 00:00 0 
009d4000-009eb000 r-xp 00000000 fd:00 84673547                           /lib/libpthread-2.12.so
009eb000-009ec000 r--p 00016000 fd:00 84673547                           /lib/libpthread-2.12.so
009ec000-009ed000 rw-p 00017000 fd:00 84673547                           /lib/libpthread-2.12.so
009ed000-009ef000 rw-p 00000000 00:00 0 
009f1000-00a19000 r-xp 00000000 fd:00 84673601                           /lib/libm-2.12.so
00a19000-00a1a000 r--p 00027000 fd:00 84673601                           /lib/libm-2.12.so
00a1a000-00a1b000 rw-p 00028000 fd:00 84673601                           /lib/libm-2.12.so
00a1d000-00a20000 r-xp 00000000 fd:00 84673597                           /lib/libdl-2.12.so
00a20000-00a21000 r--p 00002000 fd:00 84673597                           /lib/libdl-2.12.so
00a21000-00a22000 rw-p 00003000 fd:00 84673597                           /lib/libdl-2.12.so
00a40000-00a47000 r-xp 00000000 fd:00 84673571                           /lib/librt-2.12.so
00a47000-00a48000 r--p 00006000 fd:00 84673571                           /lib/librt-2.12.so
00a48000-00a49000 rw-p 00007000 fd:00 84673571                           /lib/librt-2.12.so
00a5c000-00a67000 r-xp 00000000 fd:00 84676380                           /lib/libnss_ldap.so.2
00a67000-00a68000 rw-p 0000a000 fd:00 84676380                           /lib/libnss_ldap.so.2
00a68000-00a85000 r-xp 00000000 fd:00 84673593                           /lib/libgcc_s-4.4.7-20120601.so.1
00a85000-00a86000 rw-p 0001d000 fd:00 84673593                           /lib/libgcc_s-4.4.7-20120601.so.1
00d01000-00d16000 r-xp 00000000 fd:00 402133674                          /tmp/jna--1712433994/jna5794694782460487317.tmp (deleted)
00d16000-00d17000 rw-p 00015000 fd:00 402133674                          /tmp/jna--1712433994/jna5794694782460487317.tmp (deleted)
00e04000-00e18000 r-xp 00000000 fd:00 249721360                          /usr/java/jre1.8.0_121/lib/i386/jli/libjli.so
00e18000-00e19000 rw-p 00014000 fd:00 249721360                          /usr/java/jre1.8.0_121/lib/i386/jli/libjli.so
00e19000-017a5000 r-xp 00000000 fd:00 249721424                          /usr/java/jre1.8.0_121/lib/i386/server/libjvm.so
017a5000-01812000 rw-p 0098c000 fd:00 249721424                          /usr/java/jre1.8.0_121/lib/i386/server/libjvm.so
01812000-01c3a000 rw-p 00000000 00:00 0 
08048000-08049000 r-xp 00000000 fd:00 249721182                          /usr/java/jre1.8.0_121/bin/java
08049000-0804a000 rw-p 00000000 fd:00 249721182                          /usr/java/jre1.8.0_121/bin/java
0949a000-09521000 rw-p 00000000 00:00 0                                  [heap]
99200000-992af000 rw-p 00000000 00:00 0 
992af000-99300000 ---p 00000000 00:00 0 
99400000-99500000 rw-p 00000000 00:00 0 
99500000-99587000 rw-p 00000000 00:00 0 
99587000-99600000 ---p 00000000 00:00 0 
99600000-996cb000 rw-p 00000000 00:00 0 
996cb000-99700000 ---p 00000000 00:00 0 
99700000-997fb000 rw-p 00000000 00:00 0 
997fb000-99800000 ---p 00000000 00:00 0 
99800000-998ca000 rw-p 00000000 00:00 0 
998ca000-99900000 ---p 00000000 00:00 0 
99a00000-99aff000 rw-p 00000000 00:00 0 
99aff000-99b00000 ---p 00000000 00:00 0 
99b00000-99bb8000 rw-p 00000000 00:00 0 
99bb8000-99c00000 ---p 00000000 00:00 0 
99c00000-99c3a000 rw-p 00000000 00:00 0 
99c3a000-99d00000 ---p 00000000 00:00 0 
99d00000-99d8b000 rw-p 00000000 00:00 0 
99d8b000-99e00000 ---p 00000000 00:00 0 
99e00000-99f00000 rw-p 00000000 00:00 0 
99f00000-99fec000 rw-p 00000000 00:00 0 
99fec000-9a000000 ---p 00000000 00:00 0 
9a100000-9a1fb000 rw-p 00000000 00:00 0 
9a1fb000-9a200000 ---p 00000000 00:00 0 
9a200000-9a262000 rw-p 00000000 00:00 0 
9a262000-9a300000 ---p 00000000 00:00 0 
9a300000-9a400000 rw-p 00000000 00:00 0 
9a400000-9a4f0000 rw-p 00000000 00:00 0 
9a4f0000-9a500000 ---p 00000000 00:00 0 
9a500000-9a5ff000 rw-p 00000000 00:00 0 
9a5ff000-9a600000 ---p 00000000 00:00 0 
9a600000-9a6f9000 rw-p 00000000 00:00 0 
9a6f9000-9a700000 ---p 00000000 00:00 0 
9a700000-9a7f1000 rw-p 00000000 00:00 0 
9a7f1000-9a800000 ---p 00000000 00:00 0 
9a800000-9a8f9000 rw-p 00000000 00:00 0 
9a8f9000-9a900000 ---p 00000000 00:00 0 
9a900000-9a9f7000 rw-p 00000000 00:00 0 
9a9f7000-9aa00000 ---p 00000000 00:00 0 
9aa00000-9ab00000 rw-p 00000000 00:00 0 
9ab00000-9ab45000 rw-p 00000000 00:00 0 
9ab45000-9ac00000 ---p 00000000 00:00 0 
9adf2000-9af00000 r--s 00993000 00:17 625378939                          /home/jenkins/.jenkins/cache/jars/BB/E5DEDDA36DF2F773D9440E8B187F12.jar (deleted)
9af00000-9aff9000 rw-p 00000000 00:00 0 
9aff9000-9b000000 ---p 00000000 00:00 0 
9b100000-9b1f0000 rw-p 00000000 00:00 0 
9b1f0000-9b200000 ---p 00000000 00:00 0 
9b200000-9b2f5000 rw-p 00000000 00:00 0 
9b2f5000-9b300000 ---p 00000000 00:00 0 
9b300000-9b321000 rw-p 00000000 00:00 0 
9b321000-9b400000 ---p 00000000 00:00 0 
9b400000-9b474000 rw-p 00000000 00:00 0 
9b474000-9b500000 ---p 00000000 00:00 0 
9b500000-9b5f2000 rw-p 00000000 00:00 0 
9b5f2000-9b600000 ---p 00000000 00:00 0 
9b600000-9b6fd000 rw-p 00000000 00:00 0 
9b6fd000-9b700000 ---p 00000000 00:00 0 
9b700000-9b800000 rw-p 00000000 00:00 0 
9b864000-9ba00000 rw-p 00000000 00:00 0 
9ba00000-9bab8000 rw-p 00000000 00:00 0 
9bab8000-9bb00000 ---p 00000000 00:00 0 
9bc00000-9bd00000 rw-p 00000000 00:00 0 
9bd00000-9bdf9000 rw-p 00000000 00:00 0 
9bdf9000-9be00000 ---p 00000000 00:00 0 
9be00000-9befb000 rw-p 00000000 00:00 0 
9befb000-9bf00000 ---p 00000000 00:00 0 
9bf00000-9c000000 rw-p 00000000 00:00 0 
9c000000-9c148000 rw-p 00000000 00:00 0 
9c148000-9c200000 ---p 00000000 00:00 0 
9c300000-9c3fa000 rw-p 00000000 00:00 0 
9c3fa000-9c400000 ---p 00000000 00:00 0 
9c500000-9c5fd000 rw-p 00000000 00:00 0 
9c5fd000-9c600000 ---p 00000000 00:00 0 
9c700000-9c7fc000 rw-p 00000000 00:00 0 
9c7fc000-9c800000 ---p 00000000 00:00 0 
9c800000-9c8e8000 rw-p 00000000 00:00 0 
9c8e8000-9c900000 ---p 00000000 00:00 0 
9c900000-9c9e8000 rw-p 00000000 00:00 0 
9c9e8000-9ca00000 ---p 00000000 00:00 0 
9ca49000-9cb00000 rw-p 00000000 00:00 0 
9cb00000-9cbf9000 rw-p 00000000 00:00 0 
9cbf9000-9cc00000 ---p 00000000 00:00 0 
9cc00000-9cc20000 rw-p 00000000 00:00 0 
9cc20000-9cd00000 ---p 00000000 00:00 0 
9cd00000-9cdf1000 rw-p 00000000 00:00 0 
9cdf1000-9ce00000 ---p 00000000 00:00 0 
9ce00000-9ceef000 rw-p 00000000 00:00 0 
9ceef000-9cf00000 ---p 00000000 00:00 0 
9cf00000-9cf21000 rw-p 00000000 00:00 0 
9cf21000-9d000000 ---p 00000000 00:00 0 
9d000000-9d100000 rw-p 00000000 00:00 0 
9d100000-9d121000 rw-p 00000000 00:00 0 
9d121000-9d200000 ---p 00000000 00:00 0 
9d200000-9d25d000 rw-p 00000000 00:00 0 
9d25d000-9d300000 ---p 00000000 00:00 0 
9d300000-9d321000 rw-p 00000000 00:00 0 
9d321000-9d400000 ---p 00000000 00:00 0 
9d400000-9d421000 rw-p 00000000 00:00 0 
9d421000-9d500000 ---p 00000000 00:00 0 
9d500000-9d521000 rw-p 00000000 00:00 0 
9d521000-9d600000 ---p 00000000 00:00 0 
9d600000-9d63a000 rw-p 00000000 00:00 0 
9d63a000-9d700000 ---p 00000000 00:00 0 
9d700000-9d7b4000 rw-p 00000000 00:00 0 
9d7b4000-9d800000 ---p 00000000 00:00 0 
9d800000-9d821000 rw-p 00000000 00:00 0 
9d821000-9d900000 ---p 00000000 00:00 0 
9d900000-9d929000 rw-p 00000000 00:00 0 
9d929000-9da00000 ---p 00000000 00:00 0 
9da00000-9da21000 rw-p 00000000 00:00 0 
9da21000-9db00000 ---p 00000000 00:00 0 
9db00000-9dbff000 rw-p 00000000 00:00 0 
9dbff000-9dc00000 ---p 00000000 00:00 0 
9dc00000-9dc21000 rw-p 00000000 00:00 0 
9dc21000-9dd00000 ---p 00000000 00:00 0 
9dd00000-9dd35000 rw-p 00000000 00:00 0 
9dd35000-9de00000 ---p 00000000 00:00 0 
9de00000-9def0000 rw-p 00000000 00:00 0 
9def0000-9df00000 ---p 00000000 00:00 0 
9df0c000-9e000000 rw-p 00000000 00:00 0 
9e000000-9e0fc000 rw-p 00000000 00:00 0 
9e0fc000-9e100000 ---p 00000000 00:00 0 
9e100000-9e1fe000 rw-p 00000000 00:00 0 
9e1fe000-9e200000 ---p 00000000 00:00 0 
9e200000-9e2ff000 rw-p 00000000 00:00 0 
9e2ff000-9e300000 ---p 00000000 00:00 0 
9e300000-9e3ef000 rw-p 00000000 00:00 0 
9e3ef000-9e400000 ---p 00000000 00:00 0 
9e400000-9e4fc000 rw-p 00000000 00:00 0 
9e4fc000-9e500000 ---p 00000000 00:00 0 
9e500000-9e5fb000 rw-p 00000000 00:00 0 
9e5fb000-9e600000 ---p 00000000 00:00 0 
9e600000-9e6c5000 rw-p 00000000 00:00 0 
9e6c5000-9e700000 ---p 00000000 00:00 0 
9e700000-9e7f2000 rw-p 00000000 00:00 0 
9e7f2000-9e800000 ---p 00000000 00:00 0 
9e800000-9e8fb000 rw-p 00000000 00:00 0 
9e8fb000-9e900000 ---p 00000000 00:00 0 
9e918000-9ea00000 rw-p 00000000 00:00 0 
9ea00000-9eafd000 rw-p 00000000 00:00 0 
9eafd000-9eb00000 ---p 00000000 00:00 0 
9eb00000-9ebef000 rw-p 00000000 00:00 0 
9ebef000-9ec00000 ---p 00000000 00:00 0 
9ec00000-9ecf3000 rw-p 00000000 00:00 0 
9ecf3000-9ed00000 ---p 00000000 00:00 0 
9ed00000-9ee00000 rw-p 00000000 00:00 0 
9ee00000-9eefe000 rw-p 00000000 00:00 0 
9eefe000-9ef00000 ---p 00000000 00:00 0 
9ef00000-9f000000 rw-p 00000000 00:00 0 
9f000000-9f0d8000 rw-p 00000000 00:00 0 
9f0d8000-9f100000 ---p 00000000 00:00 0 
9f100000-9f1ae000 rw-p 00000000 00:00 0 
9f1ae000-9f200000 ---p 00000000 00:00 0 
9f200000-9f2e9000 rw-p 00000000 00:00 0 
9f2e9000-9f300000 ---p 00000000 00:00 0 
9f300000-9f3ea000 rw-p 00000000 00:00 0 
9f3ea000-9f400000 ---p 00000000 00:00 0 
9f400000-9f4fe000 rw-p 00000000 00:00 0 
9f4fe000-9f500000 ---p 00000000 00:00 0 
9f500000-9f5f4000 rw-p 00000000 00:00 0 
9f5f4000-9f600000 ---p 00000000 00:00 0 
9f600000-9f700000 rw-p 00000000 00:00 0 
9f700000-9f7f8000 rw-p 00000000 00:00 0 
9f7f8000-9f800000 ---p 00000000 00:00 0 
9f800000-9f8ff000 rw-p 00000000 00:00 0 
9f8ff000-9f900000 ---p 00000000 00:00 0 
9f900000-9f9f8000 rw-p 00000000 00:00 0 
9f9f8000-9fa00000 ---p 00000000 00:00 0 
9fa00000-9fa21000 rw-p 00000000 00:00 0 
9fa21000-9fb00000 ---p 00000000 00:00 0 
9fb00000-9fb21000 rw-p 00000000 00:00 0 
9fb21000-9fc00000 ---p 00000000 00:00 0 
9fc7f000-9fc80000 ---p 00000000 00:00 0 
9fc80000-9fd00000 rw-p 00000000 00:00 0 
9fd00000-9fdd0000 rw-p 00000000 00:00 0 
9fdd0000-9fe00000 ---p 00000000 00:00 0 
9fe7f000-9fe82000 ---p 00000000 00:00 0 
9fe82000-9ff00000 rw-p 00000000 00:00 0 
9ff00000-9ffd9000 rw-p 00000000 00:00 0 
9ffd9000-a0000000 ---p 00000000 00:00 0 
a007f000-a0082000 ---p 00000000 00:00 0 
a0082000-a0100000 rw-p 00000000 00:00 0 
a0100000-a01fc000 rw-p 00000000 00:00 0 
a01fc000-a0200000 ---p 00000000 00:00 0 
a027f000-a0282000 ---p 00000000 00:00 0 
a0282000-a0300000 rw-p 00000000 00:00 0 
a0300000-a03f3000 rw-p 00000000 00:00 0 
a03f3000-a0400000 ---p 00000000 00:00 0 
a047f000-a0482000 ---p 00000000 00:00 0 
a0482000-a0500000 rw-p 00000000 00:00 0 
a0500000-a05fb000 rw-p 00000000 00:00 0 
a05fb000-a0600000 ---p 00000000 00:00 0 
a067f000-a0682000 ---p 00000000 00:00 0 
a0682000-a0700000 rw-p 00000000 00:00 0 
a0700000-a07fa000 rw-p 00000000 00:00 0 
a07fa000-a0800000 ---p 00000000 00:00 0 
a087f000-a0882000 ---p 00000000 00:00 0 
a0882000-a0900000 rw-p 00000000 00:00 0 
a0900000-a09fe000 rw-p 00000000 00:00 0 
a09fe000-a0a00000 ---p 00000000 00:00 0 
a0a7f000-a0a82000 ---p 00000000 00:00 0 
a0a82000-a0b00000 rw-p 00000000 00:00 0 
a0b00000-a0bf5000 rw-p 00000000 00:00 0 
a0bf5000-a0c00000 ---p 00000000 00:00 0 
a0c7f000-a0c82000 ---p 00000000 00:00 0 
a0c82000-a0d00000 rw-p 00000000 00:00 0 
a0d00000-a0dfb000 rw-p 00000000 00:00 0 
a0dfb000-a0e00000 ---p 00000000 00:00 0 
a0e7f000-a0e82000 ---p 00000000 00:00 0 
a0e82000-a0f00000 rw-p 00000000 00:00 0 
a0f00000-a0fff000 rw-p 00000000 00:00 0 
a0fff000-a1000000 ---p 00000000 00:00 0 
a107f000-a1082000 ---p 00000000 00:00 0 
a1082000-a1100000 rw-p 00000000 00:00 0 
a1100000-a11fc000 rw-p 00000000 00:00 0 
a11fc000-a1200000 ---p 00000000 00:00 0 
a127f000-a1282000 ---p 00000000 00:00 0 
a1282000-a1300000 rw-p 00000000 00:00 0 
a1300000-a13f9000 rw-p 00000000 00:00 0 
a13f9000-a1400000 ---p 00000000 00:00 0 
a147f000-a1482000 ---p 00000000 00:00 0 
a1482000-a1500000 rw-p 00000000 00:00 0 
a1500000-a15f2000 rw-p 00000000 00:00 0 
a15f2000-a1600000 ---p 00000000 00:00 0 
a167f000-a1682000 ---p 00000000 00:00 0 
a1682000-a1700000 rw-p 00000000 00:00 0 
a1700000-a1800000 rw-p 00000000 00:00 0 
a187f000-a1882000 ---p 00000000 00:00 0 
a1882000-a1900000 rw-p 00000000 00:00 0 
a1900000-a19fd000 rw-p 00000000 00:00 0 
a19fd000-a1a00000 ---p 00000000 00:00 0 
a1a00000-a1a21000 rw-p 00000000 00:00 0 
a1a21000-a1b00000 ---p 00000000 00:00 0 
a1b7f000-a1b82000 ---p 00000000 00:00 0 
a1b82000-a1c00000 rw-p 00000000 00:00 0 
a1c00000-a1e00000 r--p 00000000 fd:00 249576323                          /usr/lib/locale/locale-archive
a1e00000-a1e21000 rw-p 00000000 00:00 0 
a1e21000-a1f00000 ---p 00000000 00:00 0 
a1f00000-a1ffc000 rw-p 00000000 00:00 0 
a1ffc000-a2000000 ---p 00000000 00:00 0 
a2000000-a2021000 rw-p 00000000 00:00 0 
a2021000-a2100000 ---p 00000000 00:00 0 
a2100000-a2121000 rw-p 00000000 00:00 0 
a2121000-a2200000 ---p 00000000 00:00 0 
a2200000-a22f2000 rw-p 00000000 00:00 0 
a22f2000-a2300000 ---p 00000000 00:00 0 
a2300000-a2400000 rw-p 00000000 00:00 0 
a2400000-a24f9000 rw-p 00000000 00:00 0 
a24f9000-a2500000 ---p 00000000 00:00 0 
a2500000-a25f9000 rw-p 00000000 00:00 0 
a25f9000-a2600000 ---p 00000000 00:00 0 
a2600000-a26f1000 rw-p 00000000 00:00 0 
a26f1000-a2700000 ---p 00000000 00:00 0 
a270b000-a270c000 ---p 00000000 00:00 0 
a270c000-a27db000 rw-p 00000000 00:00 0 
a27db000-a29b4000 r--s 03447000 fd:00 249721209                          /usr/java/jre1.8.0_121/lib/rt.jar
a29b4000-a5200000 rw-p 00000000 00:00 0 
a5200000-a5221000 rw-p 00000000 00:00 0 
a5221000-a5300000 ---p 00000000 00:00 0 
a537f000-a5380000 ---p 00000000 00:00 0 
a5380000-a5400000 rw-p 00000000 00:00 0 
a5400000-a5421000 rw-p 00000000 00:00 0 
a5421000-a5500000 ---p 00000000 00:00 0 
a557f000-a5580000 ---p 00000000 00:00 0 
a5580000-a5600000 rw-p 00000000 00:00 0 
a5600000-a5621000 rw-p 00000000 00:00 0 
a5621000-a5700000 ---p 00000000 00:00 0 
a572e000-a5731000 ---p 00000000 00:00 0 
a5731000-a577f000 rw-p 00000000 00:00 0 
a577f000-a5780000 ---p 00000000 00:00 0 
a5780000-a5800000 rw-p 00000000 00:00 0 
a5800000-a5821000 rw-p 00000000 00:00 0 
a5821000-a5900000 ---p 00000000 00:00 0 
a592e000-a5931000 ---p 00000000 00:00 0 
a5931000-a597f000 rw-p 00000000 00:00 0 
a597f000-a5980000 ---p 00000000 00:00 0 
a5980000-a5a00000 rw-p 00000000 00:00 0 
a5a00000-a5a21000 rw-p 00000000 00:00 0 
a5a21000-a5b00000 ---p 00000000 00:00 0 
a5b2e000-a5b31000 ---p 00000000 00:00 0 
a5b31000-a5b7f000 rw-p 00000000 00:00 0 
a5b7f000-a5b80000 ---p 00000000 00:00 0 
a5b80000-a5c00000 rw-p 00000000 00:00 0 
a5c00000-a5c21000 rw-p 00000000 00:00 0 
a5c21000-a5d00000 ---p 00000000 00:00 0 
a5d2e000-a5d31000 ---p 00000000 00:00 0 
a5d31000-a5d7f000 rw-p 00000000 00:00 0 
a5d7f000-a5d80000 ---p 00000000 00:00 0 
a5d80000-a5e00000 rw-p 00000000 00:00 0 
a5e00000-a5e21000 rw-p 00000000 00:00 0 
a5e21000-a5f00000 ---p 00000000 00:00 0 
a5f2e000-a5f31000 ---p 00000000 00:00 0 
a5f31000-a5f7f000 rw-p 00000000 00:00 0 
a5f7f000-a5f80000 ---p 00000000 00:00 0 
a5f80000-a6000000 rw-p 00000000 00:00 0 
a6000000-a6021000 rw-p 00000000 00:00 0 
a6021000-a6100000 ---p 00000000 00:00 0 
a612e000-a6131000 ---p 00000000 00:00 0 
a6131000-a617f000 rw-p 00000000 00:00 0 
a617f000-a6180000 ---p 00000000 00:00 0 
a6180000-a6200000 rw-p 00000000 00:00 0 
a6200000-a6221000 rw-p 00000000 00:00 0 
a6221000-a6300000 ---p 00000000 00:00 0 
a632e000-a6331000 ---p 00000000 00:00 0 
a6331000-a637f000 rw-p 00000000 00:00 0 
a637f000-a6380000 ---p 00000000 00:00 0 
a6380000-a6400000 rw-p 00000000 00:00 0 
a6400000-a6421000 rw-p 00000000 00:00 0 
a6421000-a6500000 ---p 00000000 00:00 0 
a652e000-a6531000 ---p 00000000 00:00 0 
a6531000-a657f000 rw-p 00000000 00:00 0 
a657f000-a6580000 ---p 00000000 00:00 0 
a6580000-a6600000 rw-p 00000000 00:00 0 
a6600000-a6621000 rw-p 00000000 00:00 0 
a6621000-a6700000 ---p 00000000 00:00 0 
a672e000-a6731000 ---p 00000000 00:00 0 
a6731000-a677f000 rw-p 00000000 00:00 0 
a677f000-a6780000 ---p 00000000 00:00 0 
a6780000-a6800000 rw-p 00000000 00:00 0 
a6800000-a6821000 rw-p 00000000 00:00 0 
a6821000-a6900000 ---p 00000000 00:00 0 
a692e000-a6931000 ---p 00000000 00:00 0 
a6931000-a697f000 rw-p 00000000 00:00 0 
a697f000-a6980000 ---p 00000000 00:00 0 
a6980000-a6a00000 rw-p 00000000 00:00 0 
a6a00000-a6a21000 rw-p 00000000 00:00 0 
a6a21000-a6b00000 ---p 00000000 00:00 0 
a6b2e000-a6b31000 ---p 00000000 00:00 0 
a6b31000-a6b7f000 rw-p 00000000 00:00 0 
a6b7f000-a6b80000 ---p 00000000 00:00 0 
a6b80000-a6c00000 rw-p 00000000 00:00 0 
a6c00000-a6c21000 rw-p 00000000 00:00 0 
a6c21000-a6d00000 ---p 00000000 00:00 0 
a6d2e000-a6d31000 ---p 00000000 00:00 0 
a6d31000-a6d7f000 rw-p 00000000 00:00 0 
a6d7f000-a6d80000 ---p 00000000 00:00 0 
a6d80000-a6e00000 rw-p 00000000 00:00 0 
a6e00000-a6e21000 rw-p 00000000 00:00 0 
a6e21000-a6f00000 ---p 00000000 00:00 0 
a6f2e000-a6f31000 ---p 00000000 00:00 0 
a6f31000-a6f7f000 rw-p 00000000 00:00 0 
a6f7f000-a6f80000 ---p 00000000 00:00 0 
a6f80000-a7000000 rw-p 00000000 00:00 0 
a7000000-a7021000 rw-p 00000000 00:00 0 
a7021000-a7100000 ---p 00000000 00:00 0 
a712e000-a7131000 ---p 00000000 00:00 0 
a7131000-a717f000 rw-p 00000000 00:00 0 
a717f000-a7180000 ---p 00000000 00:00 0 
a7180000-a7200000 rw-p 00000000 00:00 0 
a7200000-a7221000 rw-p 00000000 00:00 0 
a7221000-a7300000 ---p 00000000 00:00 0 
a732e000-a7331000 ---p 00000000 00:00 0 
a7331000-a737f000 rw-p 00000000 00:00 0 
a737f000-a7380000 ---p 00000000 00:00 0 
a7380000-a7400000 rw-p 00000000 00:00 0 
a7400000-a7421000 rw-p 00000000 00:00 0 
a7421000-a7500000 ---p 00000000 00:00 0 
a752e000-a7531000 ---p 00000000 00:00 0 
a7531000-a757f000 rw-p 00000000 00:00 0 
a757f000-a7580000 ---p 00000000 00:00 0 
a7580000-a7600000 rw-p 00000000 00:00 0 
a7600000-a7621000 rw-p 00000000 00:00 0 
a7621000-a7700000 ---p 00000000 00:00 0 
a7700000-a7721000 rw-p 00000000 00:00 0 
a7721000-a7800000 ---p 00000000 00:00 0 
a7824000-a787f000 rw-p 00000000 00:00 0 
a787f000-a7880000 ---p 00000000 00:00 0 
a7880000-a7900000 rw-p 00000000 00:00 0 
a7900000-a7921000 rw-p 00000000 00:00 0 
a7921000-a7a00000 ---p 00000000 00:00 0 
a7a00000-a7a21000 rw-p 00000000 00:00 0 
a7a21000-a7b00000 ---p 00000000 00:00 0 
a7b00000-a7b21000 rw-p 00000000 00:00 0 
a7b21000-a7c00000 ---p 00000000 00:00 0 
a7c28000-a7c29000 ---p 00000000 00:00 0 
a7c29000-a7cbf000 rw-p 00000000 00:00 0 
a7cbf000-a7dff000 ---p 00000000 00:00 0 
a7dff000-a7e15000 rw-p 00000000 00:00 0 
a7e15000-a7f54000 ---p 00000000 00:00 0 
a7f54000-a7f6a000 rw-p 00000000 00:00 0 
a7f6a000-a7fff000 ---p 00000000 00:00 0 
a7fff000-aaac0000 rw-p 00000000 00:00 0 
aaac0000-d2ac0000 ---p 00000000 00:00 0 
d2ac0000-d5440000 rw-p 00000000 00:00 0 
d5440000-e8000000 ---p 00000000 00:00 0 
e800b000-e800e000 rw-p 00000000 00:00 0 
e800e000-e8011000 ---p 00000000 00:00 0 
e8011000-e8027000 rw-p 00000000 00:00 0 
e8027000-e802b000 r--s 00112000 00:17 625377705                          /home/jenkins/.jenkins/cache/jars/14/BCE94DD1F2619F3DDAC05C3EAD7634.jar
e802b000-e8031000 r--s 0003e000 fd:00 249721327                          /usr/java/jre1.8.0_121/lib/ext/sunjce_provider.jar
e8031000-e803e000 r--s 000b0000 00:17 625378288                          /home/jenkins/taruca/slave.jar
e803e000-e803f000 ---p 00000000 00:00 0 
e803f000-e80bf000 rw-p 00000000 00:00 0 
e80bf000-e80c0000 ---p 00000000 00:00 0 
e80c0000-e8159000 rw-p 00000000 00:00 0 
e8159000-e8500000 ---p 00000000 00:00 0 
e8500000-e8b30000 rwxp 00000000 00:00 0 
e8b30000-f7500000 ---p 00000000 00:00 0 
f7500000-f75fc000 rw-p 00000000 00:00 0 
f75fc000-f7600000 ---p 00000000 00:00 0 
f7600000-f7602000 r--s 00004000 00:17 625377851                          /home/jenkins/.jenkins/cache/jars/F2/84FCC8C54FBFD68EF9E319A863DC13.jar
f7602000-f7604000 r--s 00009000 fd:00 249721326                          /usr/java/jre1.8.0_121/lib/ext/sunec.jar
f7604000-f7607000 r--s 0003a000 fd:00 249721328                          /usr/java/jre1.8.0_121/lib/ext/sunpkcs11.jar
f7607000-f760a000 r--s 0001a000 fd:00 249721444                          /usr/java/jre1.8.0_121/lib/jce.jar
f760a000-f7622000 rw-p 00000000 00:00 0 
f7622000-f7623000 ---p 00000000 00:00 0 
f7623000-f76a5000 rw-p 00000000 00:00 0 
f76a5000-f76a6000 r--s 00002000 00:17 625377728                          /home/jenkins/.jenkins/cache/jars/68/275882C8D31CAC88CDDAFAD86DA00E.jar
f76a6000-f76ab000 r--s 0008a000 fd:00 249721474                          /usr/java/jre1.8.0_121/lib/jsse.jar
f76ab000-f76b3000 rw-s 00000000 fd:00 402132984                          /tmp/hsperfdata_jenkins/239040
f76b3000-f76b4000 rw-p 00000000 00:00 0 
f76b4000-f76b5000 r--p 00000000 00:00 0 
f76b5000-f76b8000 ---p 00000000 00:00 0 
f76b8000-f7707000 rw-p 00000000 00:00 0 
ffc28000-ffc29000 rwxp 00000000 00:00 0 
ffc67000-ffc7c000 rw-p 00000000 00:00 0                                  [stack]

VM Arguments:
java_command: slave.jar
java_class_path (initial): slave.jar
Launcher Type: SUN_STANDARD

Environment Variables:
PATH=/usr/lib64/qt-3.3/bin:/usr/kerberos/sbin:/usr/kerberos/bin:/usr/lib64/ccache:/usr/local/bin:/bin:/usr/bin
SHELL=/bin/csh
HOSTTYPE=x86_64-linux
OSTYPE=linux
MACHTYPE=x86_64

Signal Handlers:
SIGSEGV: [libjvm.so+0x8d74d0], sa_mask[0]=11111111011111111101111111111110, sa_flags=SA_RESTART|SA_SIGINFO
SIGBUS: [libjvm.so+0x8d74d0], sa_mask[0]=11111111011111111101111111111110, sa_flags=SA_RESTART|SA_SIGINFO
SIGFPE: [libjvm.so+0x7542e0], sa_mask[0]=11111111011111111101111111111110, sa_flags=SA_RESTART|SA_SIGINFO
SIGPIPE: [libjvm.so+0x7542e0], sa_mask[0]=11111111011111111101111111111110, sa_flags=SA_RESTART|SA_SIGINFO
SIGXFSZ: [libjvm.so+0x7542e0], sa_mask[0]=11111111011111111101111111111110, sa_flags=SA_RESTART|SA_SIGINFO
SIGILL: [libjvm.so+0x7542e0], sa_mask[0]=11111111011111111101111111111110, sa_flags=SA_RESTART|SA_SIGINFO
SIGUSR1: SIG_DFL, sa_mask[0]=00000000000000000000000000000000, sa_flags=none
SIGUSR2: [libjvm.so+0x755b70], sa_mask[0]=00000000000000000000000000000000, sa_flags=SA_RESTART|SA_SIGINFO
SIGHUP: [libjvm.so+0x757020], sa_mask[0]=11111111011111111101111111111110, sa_flags=SA_RESTART|SA_SIGINFO
SIGINT: [libjvm.so+0x757020], sa_mask[0]=11111111011111111101111111111110, sa_flags=SA_RESTART|SA_SIGINFO
SIGTERM: [libjvm.so+0x757020], sa_mask[0]=11111111011111111101111111111110, sa_flags=SA_RESTART|SA_SIGINFO
SIGQUIT: [libjvm.so+0x757020], sa_mask[0]=11111111011111111101111111111110, sa_flags=SA_RESTART|SA_SIGINFO


---------------  S Y S T E M  ---------------

OS:Red Hat Enterprise Linux Server release 6.8 (Santiago)

uname:Linux 2.6.32-642.3.1.el6.x86_64 #1 SMP Sun Jun 26 18:16:44 EDT 2016 x86_64
libc:glibc 2.12 NPTL 2.12 
rlimit: STACK 10240k, CORE 0k, NPROC 1024, NOFILE 4096, AS infinity
load average:0.75 0.30 0.36

/proc/meminfo:
MemTotal:       380254012 kB
MemFree:        136120432 kB
Buffers:         1345884 kB
Cached:         212299008 kB
SwapCached:          288 kB
Active:         92505544 kB
Inactive:       139389116 kB
Active(anon):   18194336 kB
Inactive(anon):  1047208 kB
Active(file):   74311208 kB
Inactive(file): 138341908 kB
Unevictable:           0 kB
Mlocked:               0 kB
SwapTotal:      402653180 kB
SwapFree:       402648004 kB
Dirty:                 0 kB
Writeback:             0 kB
AnonPages:      18263756 kB
Mapped:           503612 kB
Shmem:            992308 kB
Slab:            9047052 kB
SReclaimable:    8042456 kB
SUnreclaim:      1004596 kB
KernelStack:       24432 kB
PageTables:       206152 kB
NFS_Unstable:          0 kB
Bounce:                0 kB
WritebackTmp:          0 kB
CommitLimit:    592780184 kB
Committed_AS:   25105156 kB
VmallocTotal:   34359738367 kB
VmallocUsed:     1206368 kB
VmallocChunk:   34174370904 kB
HardwareCorrupted:     0 kB
AnonHugePages:  13885440 kB
HugePages_Total:       0
HugePages_Free:        0
HugePages_Rsvd:        0
HugePages_Surp:        0
Hugepagesize:       2048 kB
DirectMap4k:        4096 kB
DirectMap2M:     2060288 kB
DirectMap1G:    383778816 kB


CPU:total 32 (8 cores per cpu, 2 threads per core) family 6 model 45 stepping 7, cmov, cx8, fxsr, mmx, sse, sse2, sse3, ssse3, sse4.1, sse4.2, popcnt, avx, aes, clmul, ht, tsc, tscinvbit, tscinv

/proc/cpuinfo:
processor	: 0
vendor_id	: GenuineIntel
cpu family	: 6
model		: 45
model name	: Intel(R) Xeon(R) CPU E5-2690 0 @ 2.90GHz
stepping	: 7
microcode	: 1808
cpu MHz		: 2901.000
cache size	: 20480 KB
physical id	: 0
siblings	: 16
core id		: 0
cpu cores	: 8
apicid		: 0
initial apicid	: 0
fpu		: yes
fpu_exception	: yes
cpuid level	: 13
wp		: yes
flags		: fpu vme de pse tsc msr pae mce cx8 apic sep mtrr pge mca cmov pat pse36 clflush dts acpi mmx fxsr sse sse2 ss ht tm pbe syscall nx pdpe1gb rdtscp lm constant_tsc arch_perfmon pebs bts rep_good xtopology nonstop_tsc aperfmperf pni pclmulqdq dtes64 monitor ds_cpl vmx smx est tm2 ssse3 cx16 xtpr pdcm pcid dca sse4_1 sse4_2 x2apic popcnt tsc_deadline_timer aes xsave avx lahf_lm ida arat epb xsaveopt pln pts dtherm tpr_shadow vnmi flexpriority ept vpid
bogomips	: 5786.27
clflush size	: 64
cache_alignment	: 64
address sizes	: 46 bits physical, 48 bits virtual
power management:

processor	: 1
vendor_id	: GenuineIntel
cpu family	: 6
model		: 45
model name	: Intel(R) Xeon(R) CPU E5-2690 0 @ 2.90GHz
stepping	: 7
microcode	: 1808
cpu MHz		: 2901.000
cache size	: 20480 KB
physical id	: 0
siblings	: 16
core id		: 1
cpu cores	: 8
apicid		: 2
initial apicid	: 2
fpu		: yes
fpu_exception	: yes
cpuid level	: 13
wp		: yes
flags		: fpu vme de pse tsc msr pae mce cx8 apic sep mtrr pge mca cmov pat pse36 clflush dts acpi mmx fxsr sse sse2 ss ht tm pbe syscall nx pdpe1gb rdtscp lm constant_tsc arch_perfmon pebs bts rep_good xtopology nonstop_tsc aperfmperf pni pclmulqdq dtes64 monitor ds_cpl vmx smx est tm2 ssse3 cx16 xtpr pdcm pcid dca sse4_1 sse4_2 x2apic popcnt tsc_deadline_timer aes xsave avx lahf_lm ida arat epb xsaveopt pln pts dtherm tpr_shadow vnmi flexpriority ept vpid
bogomips	: 5786.27
clflush size	: 64
cache_alignment	: 64
address sizes	: 46 bits physical, 48 bits virtual
power management:

processor	: 2
vendor_id	: GenuineIntel
cpu family	: 6
model		: 45
model name	: Intel(R) Xeon(R) CPU E5-2690 0 @ 2.90GHz
stepping	: 7
microcode	: 1808
cpu MHz		: 2901.000
cache size	: 20480 KB
physical id	: 0
siblings	: 16
core id		: 2
cpu cores	: 8
apicid		: 4
initial apicid	: 4
fpu		: yes
fpu_exception	: yes
cpuid level	: 13
wp		: yes
flags		: fpu vme de pse tsc msr pae mce cx8 apic sep mtrr pge mca cmov pat pse36 clflush dts acpi mmx fxsr sse sse2 ss ht tm pbe syscall nx pdpe1gb rdtscp lm constant_tsc arch_perfmon pebs bts rep_good xtopology nonstop_tsc aperfmperf pni pclmulqdq dtes64 monitor ds_cpl vmx smx est tm2 ssse3 cx16 xtpr pdcm pcid dca sse4_1 sse4_2 x2apic popcnt tsc_deadline_timer aes xsave avx lahf_lm ida arat epb xsaveopt pln pts dtherm tpr_shadow vnmi flexpriority ept vpid
bogomips	: 5786.27
clflush size	: 64
cache_alignment	: 64
address sizes	: 46 bits physical, 48 bits virtual
power management:

processor	: 3
vendor_id	: GenuineIntel
cpu family	: 6
model		: 45
model name	: Intel(R) Xeon(R) CPU E5-2690 0 @ 2.90GHz
stepping	: 7
microcode	: 1808
cpu MHz		: 2901.000
cache size	: 20480 KB
physical id	: 0
siblings	: 16
core id		: 3
cpu cores	: 8
apicid		: 6
initial apicid	: 6
fpu		: yes
fpu_exception	: yes
cpuid level	: 13
wp		: yes
flags		: fpu vme de pse tsc msr pae mce cx8 apic sep mtrr pge mca cmov pat pse36 clflush dts acpi mmx fxsr sse sse2 ss ht tm pbe syscall nx pdpe1gb rdtscp lm constant_tsc arch_perfmon pebs bts rep_good xtopology nonstop_tsc aperfmperf pni pclmulqdq dtes64 monitor ds_cpl vmx smx est tm2 ssse3 cx16 xtpr pdcm pcid dca sse4_1 sse4_2 x2apic popcnt tsc_deadline_timer aes xsave avx lahf_lm ida arat epb xsaveopt pln pts dtherm tpr_shadow vnmi flexpriority ept vpid
bogomips	: 5786.27
clflush size	: 64
cache_alignment	: 64
address sizes	: 46 bits physical, 48 bits virtual
power management:

processor	: 4
vendor_id	: GenuineIntel
cpu family	: 6
model		: 45
model name	: Intel(R) Xeon(R) CPU E5-2690 0 @ 2.90GHz
stepping	: 7
microcode	: 1808
cpu MHz		: 2901.000
cache size	: 20480 KB
physical id	: 0
siblings	: 16
core id		: 4
cpu cores	: 8
apicid		: 8
initial apicid	: 8
fpu		: yes
fpu_exception	: yes
cpuid level	: 13
wp		: yes
flags		: fpu vme de pse tsc msr pae mce cx8 apic sep mtrr pge mca cmov pat pse36 clflush dts acpi mmx fxsr sse sse2 ss ht tm pbe syscall nx pdpe1gb rdtscp lm constant_tsc arch_perfmon pebs bts rep_good xtopology nonstop_tsc aperfmperf pni pclmulqdq dtes64 monitor ds_cpl vmx smx est tm2 ssse3 cx16 xtpr pdcm pcid dca sse4_1 sse4_2 x2apic popcnt tsc_deadline_timer aes xsave avx lahf_lm ida arat epb xsaveopt pln pts dtherm tpr_shadow vnmi flexpriority ept vpid
bogomips	: 5786.27
clflush size	: 64
cache_alignment	: 64
address sizes	: 46 bits physical, 48 bits virtual
power management:

processor	: 5
vendor_id	: GenuineIntel
cpu family	: 6
model		: 45
model name	: Intel(R) Xeon(R) CPU E5-2690 0 @ 2.90GHz
stepping	: 7
microcode	: 1808
cpu MHz		: 2901.000
cache size	: 20480 KB
physical id	: 0
siblings	: 16
core id		: 5
cpu cores	: 8
apicid		: 10
initial apicid	: 10
fpu		: yes
fpu_exception	: yes
cpuid level	: 13
wp		: yes
flags		: fpu vme de pse tsc msr pae mce cx8 apic sep mtrr pge mca cmov pat pse36 clflush dts acpi mmx fxsr sse sse2 ss ht tm pbe syscall nx pdpe1gb rdtscp lm constant_tsc arch_perfmon pebs bts rep_good xtopology nonstop_tsc aperfmperf pni pclmulqdq dtes64 monitor ds_cpl vmx smx est tm2 ssse3 cx16 xtpr pdcm pcid dca sse4_1 sse4_2 x2apic popcnt tsc_deadline_timer aes xsave avx lahf_lm ida arat epb xsaveopt pln pts dtherm tpr_shadow vnmi flexpriority ept vpid
bogomips	: 5786.27
clflush size	: 64
cache_alignment	: 64
address sizes	: 46 bits physical, 48 bits virtual
power management:

processor	: 6
vendor_id	: GenuineIntel
cpu family	: 6
model		: 45
model name	: Intel(R) Xeon(R) CPU E5-2690 0 @ 2.90GHz
stepping	: 7
microcode	: 1808
cpu MHz		: 2901.000
cache size	: 20480 KB
physical id	: 0
siblings	: 16
core id		: 6
cpu cores	: 8
apicid		: 12
initial apicid	: 12
fpu		: yes
fpu_exception	: yes
cpuid level	: 13
wp		: yes
flags		: fpu vme de pse tsc msr pae mce cx8 apic sep mtrr pge mca cmov pat pse36 clflush dts acpi mmx fxsr sse sse2 ss ht tm pbe syscall nx pdpe1gb rdtscp lm constant_tsc arch_perfmon pebs bts rep_good xtopology nonstop_tsc aperfmperf pni pclmulqdq dtes64 monitor ds_cpl vmx smx est tm2 ssse3 cx16 xtpr pdcm pcid dca sse4_1 sse4_2 x2apic popcnt tsc_deadline_timer aes xsave avx lahf_lm ida arat epb xsaveopt pln pts dtherm tpr_shadow vnmi flexpriority ept vpid
bogomips	: 5786.27
clflush size	: 64
cache_alignment	: 64
address sizes	: 46 bits physical, 48 bits virtual
power management:

processor	: 7
vendor_id	: GenuineIntel
cpu family	: 6
model		: 45
model name	: Intel(R) Xeon(R) CPU E5-2690 0 @ 2.90GHz
stepping	: 7
microcode	: 1808
cpu MHz		: 2901.000
cache size	: 20480 KB
physical id	: 0
siblings	: 16
core id		: 7
cpu cores	: 8
apicid		: 14
initial apicid	: 14
fpu		: yes
fpu_exception	: yes
cpuid level	: 13
wp		: yes
flags		: fpu vme de pse tsc msr pae mce cx8 apic sep mtrr pge mca cmov pat pse36 clflush dts acpi mmx fxsr sse sse2 ss ht tm pbe syscall nx pdpe1gb rdtscp lm constant_tsc arch_perfmon pebs bts rep_good xtopology nonstop_tsc aperfmperf pni pclmulqdq dtes64 monitor ds_cpl vmx smx est tm2 ssse3 cx16 xtpr pdcm pcid dca sse4_1 sse4_2 x2apic popcnt tsc_deadline_timer aes xsave avx lahf_lm ida arat epb xsaveopt pln pts dtherm tpr_shadow vnmi flexpriority ept vpid
bogomips	: 5786.27
clflush size	: 64
cache_alignment	: 64
address sizes	: 46 bits physical, 48 bits virtual
power management:

processor	: 8
vendor_id	: GenuineIntel
cpu family	: 6
model		: 45
model name	: Intel(R) Xeon(R) CPU E5-2690 0 @ 2.90GHz
stepping	: 7
microcode	: 1808
cpu MHz		: 2901.000
cache size	: 20480 KB
physical id	: 1
siblings	: 16
core id		: 0
cpu cores	: 8
apicid		: 32
initial apicid	: 32
fpu		: yes
fpu_exception	: yes
cpuid level	: 13
wp		: yes
flags		: fpu vme de pse tsc msr pae mce cx8 apic sep mtrr pge mca cmov pat pse36 clflush dts acpi mmx fxsr sse sse2 ss ht tm pbe syscall nx pdpe1gb rdtscp lm constant_tsc arch_perfmon pebs bts rep_good xtopology nonstop_tsc aperfmperf pni pclmulqdq dtes64 monitor ds_cpl vmx smx est tm2 ssse3 cx16 xtpr pdcm pcid dca sse4_1 sse4_2 x2apic popcnt tsc_deadline_timer aes xsave avx lahf_lm ida arat epb xsaveopt pln pts dtherm tpr_shadow vnmi flexpriority ept vpid
bogomips	: 5785.26
clflush size	: 64
cache_alignment	: 64
address sizes	: 46 bits physical, 48 bits virtual
power management:

processor	: 9
vendor_id	: GenuineIntel
cpu family	: 6
model		: 45
model name	: Intel(R) Xeon(R) CPU E5-2690 0 @ 2.90GHz
stepping	: 7
microcode	: 1808
cpu MHz		: 2901.000
cache size	: 20480 KB
physical id	: 1
siblings	: 16
core id		: 1
cpu cores	: 8
apicid		: 34
initial apicid	: 34
fpu		: yes
fpu_exception	: yes
cpuid level	: 13
wp		: yes
flags		: fpu vme de pse tsc msr pae mce cx8 apic sep mtrr pge mca cmov pat pse36 clflush dts acpi mmx fxsr sse sse2 ss ht tm pbe syscall nx pdpe1gb rdtscp lm constant_tsc arch_perfmon pebs bts rep_good xtopology nonstop_tsc aperfmperf pni pclmulqdq dtes64 monitor ds_cpl vmx smx est tm2 ssse3 cx16 xtpr pdcm pcid dca sse4_1 sse4_2 x2apic popcnt tsc_deadline_timer aes xsave avx lahf_lm ida arat epb xsaveopt pln pts dtherm tpr_shadow vnmi flexpriority ept vpid
bogomips	: 5785.26
clflush size	: 64
cache_alignment	: 64
address sizes	: 46 bits physical, 48 bits virtual
power management:

processor	: 10
vendor_id	: GenuineIntel
cpu family	: 6
model		: 45
model name	: Intel(R) Xeon(R) CPU E5-2690 0 @ 2.90GHz
stepping	: 7
microcode	: 1808
cpu MHz		: 2901.000
cache size	: 20480 KB
physical id	: 1
siblings	: 16
core id		: 2
cpu cores	: 8
apicid		: 36
initial apicid	: 36
fpu		: yes
fpu_exception	: yes
cpuid level	: 13
wp		: yes
flags		: fpu vme de pse tsc msr pae mce cx8 apic sep mtrr pge mca cmov pat pse36 clflush dts acpi mmx fxsr sse sse2 ss ht tm pbe syscall nx pdpe1gb rdtscp lm constant_tsc arch_perfmon pebs bts rep_good xtopology nonstop_tsc aperfmperf pni pclmulqdq dtes64 monitor ds_cpl vmx smx est tm2 ssse3 cx16 xtpr pdcm pcid dca sse4_1 sse4_2 x2apic popcnt tsc_deadline_timer aes xsave avx lahf_lm ida arat epb xsaveopt pln pts dtherm tpr_shadow vnmi flexpriority ept vpid
bogomips	: 5785.26
clflush size	: 64
cache_alignment	: 64
address sizes	: 46 bits physical, 48 bits virtual
power management:

processor	: 11
vendor_id	: GenuineIntel
cpu family	: 6
model		: 45
model name	: Intel(R) Xeon(R) CPU E5-2690 0 @ 2.90GHz
stepping	: 7
microcode	: 1808
cpu MHz		: 2901.000
cache size	: 20480 KB
physical id	: 1
siblings	: 16
core id		: 3
cpu cores	: 8
apicid		: 38
initial apicid	: 38
fpu		: yes
fpu_exception	: yes
cpuid level	: 13
wp		: yes
flags		: fpu vme de pse tsc msr pae mce cx8 apic sep mtrr pge mca cmov pat pse36 clflush dts acpi mmx fxsr sse sse2 ss ht tm pbe syscall nx pdpe1gb rdtscp lm constant_tsc arch_perfmon pebs bts rep_good xtopology nonstop_tsc aperfmperf pni pclmulqdq dtes64 monitor ds_cpl vmx smx est tm2 ssse3 cx16 xtpr pdcm pcid dca sse4_1 sse4_2 x2apic popcnt tsc_deadline_timer aes xsave avx lahf_lm ida arat epb xsaveopt pln pts dtherm tpr_shadow vnmi flexpriority ept vpid
bogomips	: 5785.26
clflush size	: 64
cache_alignment	: 64
address sizes	: 46 bits physical, 48 bits virtual
power management:

processor	: 12
vendor_id	: GenuineIntel
cpu family	: 6
model		: 45
model name	: Intel(R) Xeon(R) CPU E5-2690 0 @ 2.90GHz
stepping	: 7
microcode	: 1808
cpu MHz		: 2901.000
cache size	: 20480 KB
physical id	: 1
siblings	: 16
core id		: 4
cpu cores	: 8
apicid		: 40
initial apicid	: 40
fpu		: yes
fpu_exception	: yes
cpuid level	: 13
wp		: yes
flags		: fpu vme de pse tsc msr pae mce cx8 apic sep mtrr pge mca cmov pat pse36 clflush dts acpi mmx fxsr sse sse2 ss ht tm pbe syscall nx pdpe1gb rdtscp lm constant_tsc arch_perfmon pebs bts rep_good xtopology nonstop_tsc aperfmperf pni pclmulqdq dtes64 monitor ds_cpl vmx smx est tm2 ssse3 cx16 xtpr pdcm pcid dca sse4_1 sse4_2 x2apic popcnt tsc_deadline_timer aes xsave avx lahf_lm ida arat epb xsaveopt pln pts dtherm tpr_shadow vnmi flexpriority ept vpid
bogomips	: 5785.26
clflush size	: 64
cache_alignment	: 64
address sizes	: 46 bits physical, 48 bits virtual
power management:

processor	: 13
vendor_id	: GenuineIntel
cpu family	: 6
model		: 45
model name	: Intel(R) Xeon(R) CPU E5-2690 0 @ 2.90GHz
stepping	: 7
microcode	: 1808
cpu MHz		: 2901.000
cache size	: 20480 KB
physical id	: 1
siblings	: 16
core id		: 5
cpu cores	: 8
apicid		: 42
initial apicid	: 42
fpu		: yes
fpu_exception	: yes
cpuid level	: 13
wp		: yes
flags		: fpu vme de pse tsc msr pae mce cx8 apic sep mtrr pge mca cmov pat pse36 clflush dts acpi mmx fxsr sse sse2 ss ht tm pbe syscall nx pdpe1gb rdtscp lm constant_tsc arch_perfmon pebs bts rep_good xtopology nonstop_tsc aperfmperf pni pclmulqdq dtes64 monitor ds_cpl vmx smx est tm2 ssse3 cx16 xtpr pdcm pcid dca sse4_1 sse4_2 x2apic popcnt tsc_deadline_timer aes xsave avx lahf_lm ida arat epb xsaveopt pln pts dtherm tpr_shadow vnmi flexpriority ept vpid
bogomips	: 5785.26
clflush size	: 64
cache_alignment	: 64
address sizes	: 46 bits physical, 48 bits virtual
power management:

processor	: 14
vendor_id	: GenuineIntel
cpu family	: 6
model		: 45
model name	: Intel(R) Xeon(R) CPU E5-2690 0 @ 2.90GHz
stepping	: 7
microcode	: 1808
cpu MHz		: 2901.000
cache size	: 20480 KB
physical id	: 1
siblings	: 16
core id		: 6
cpu cores	: 8
apicid		: 44
initial apicid	: 44
fpu		: yes
fpu_exception	: yes
cpuid level	: 13
wp		: yes
flags		: fpu vme de pse tsc msr pae mce cx8 apic sep mtrr pge mca cmov pat pse36 clflush dts acpi mmx fxsr sse sse2 ss ht tm pbe syscall nx pdpe1gb rdtscp lm constant_tsc arch_perfmon pebs bts rep_good xtopology nonstop_tsc aperfmperf pni pclmulqdq dtes64 monitor ds_cpl vmx smx est tm2 ssse3 cx16 xtpr pdcm pcid dca sse4_1 sse4_2 x2apic popcnt tsc_deadline_timer aes xsave avx lahf_lm ida arat epb xsaveopt pln pts dtherm tpr_shadow vnmi flexpriority ept vpid
bogomips	: 5785.26
clflush size	: 64
cache_alignment	: 64
address sizes	: 46 bits physical, 48 bits virtual
power management:

processor	: 15
vendor_id	: GenuineIntel
cpu family	: 6
model		: 45
model name	: Intel(R) Xeon(R) CPU E5-2690 0 @ 2.90GHz
stepping	: 7
microcode	: 1808
cpu MHz		: 2901.000
cache size	: 20480 KB
physical id	: 1
siblings	: 16
core id		: 7
cpu cores	: 8
apicid		: 46
initial apicid	: 46
fpu		: yes
fpu_exception	: yes
cpuid level	: 13
wp		: yes
flags		: fpu vme de pse tsc msr pae mce cx8 apic sep mtrr pge mca cmov pat pse36 clflush dts acpi mmx fxsr sse sse2 ss ht tm pbe syscall nx pdpe1gb rdtscp lm constant_tsc arch_perfmon pebs bts rep_good xtopology nonstop_tsc aperfmperf pni pclmulqdq dtes64 monitor ds_cpl vmx smx est tm2 ssse3 cx16 xtpr pdcm pcid dca sse4_1 sse4_2 x2apic popcnt tsc_deadline_timer aes xsave avx lahf_lm ida arat epb xsaveopt pln pts dtherm tpr_shadow vnmi flexpriority ept vpid
bogomips	: 5785.26
clflush size	: 64
cache_alignment	: 64
address sizes	: 46 bits physical, 48 bits virtual
power management:

processor	: 16
vendor_id	: GenuineIntel
cpu family	: 6
model		: 45
model name	: Intel(R) Xeon(R) CPU E5-2690 0 @ 2.90GHz
stepping	: 7
microcode	: 1808
cpu MHz		: 2901.000
cache size	: 20480 KB
physical id	: 0
siblings	: 16
core id		: 0
cpu cores	: 8
apicid		: 1
initial apicid	: 1
fpu		: yes
fpu_exception	: yes
cpuid level	: 13
wp		: yes
flags		: fpu vme de pse tsc msr pae mce cx8 apic sep mtrr pge mca cmov pat pse36 clflush dts acpi mmx fxsr sse sse2 ss ht tm pbe syscall nx pdpe1gb rdtscp lm constant_tsc arch_perfmon pebs bts rep_good xtopology nonstop_tsc aperfmperf pni pclmulqdq dtes64 monitor ds_cpl vmx smx est tm2 ssse3 cx16 xtpr pdcm pcid dca sse4_1 sse4_2 x2apic popcnt tsc_deadline_timer aes xsave avx lahf_lm ida arat epb xsaveopt pln pts dtherm tpr_shadow vnmi flexpriority ept vpid
bogomips	: 5786.27
clflush size	: 64
cache_alignment	: 64
address sizes	: 46 bits physical, 48 bits virtual
power management:

processor	: 17
vendor_id	: GenuineIntel
cpu family	: 6
model		: 45
model name	: Intel(R) Xeon(R) CPU E5-2690 0 @ 2.90GHz
stepping	: 7
microcode	: 1808
cpu MHz		: 2901.000
cache size	: 20480 KB
physical id	: 0
siblings	: 16
core id		: 1
cpu cores	: 8
apicid		: 3
initial apicid	: 3
fpu		: yes
fpu_exception	: yes
cpuid level	: 13
wp		: yes
flags		: fpu vme de pse tsc msr pae mce cx8 apic sep mtrr pge mca cmov pat pse36 clflush dts acpi mmx fxsr sse sse2 ss ht tm pbe syscall nx pdpe1gb rdtscp lm constant_tsc arch_perfmon pebs bts rep_good xtopology nonstop_tsc aperfmperf pni pclmulqdq dtes64 monitor ds_cpl vmx smx est tm2 ssse3 cx16 xtpr pdcm pcid dca sse4_1 sse4_2 x2apic popcnt tsc_deadline_timer aes xsave avx lahf_lm ida arat epb xsaveopt pln pts dtherm tpr_shadow vnmi flexpriority ept vpid
bogomips	: 5786.27
clflush size	: 64
cache_alignment	: 64
address sizes	: 46 bits physical, 48 bits virtual
power management:

processor	: 18
vendor_id	: GenuineIntel
cpu family	: 6
model		: 45
model name	: Intel(R) Xeon(R) CPU E5-2690 0 @ 2.90GHz
stepping	: 7
microcode	: 1808
cpu MHz		: 2901.000
cache size	: 20480 KB
physical id	: 0
siblings	: 16
core id		: 2
cpu cores	: 8
apicid		: 5
initial apicid	: 5
fpu		: yes
fpu_exception	: yes
cpuid level	: 13
wp		: yes
flags		: fpu vme de pse tsc msr pae mce cx8 apic sep mtrr pge mca cmov pat pse36 clflush dts acpi mmx fxsr sse sse2 ss ht tm pbe syscall nx pdpe1gb rdtscp lm constant_tsc arch_perfmon pebs bts rep_good xtopology nonstop_tsc aperfmperf pni pclmulqdq dtes64 monitor ds_cpl vmx smx est tm2 ssse3 cx16 xtpr pdcm pcid dca sse4_1 sse4_2 x2apic popcnt tsc_deadline_timer aes xsave avx lahf_lm ida arat epb xsaveopt pln pts dtherm tpr_shadow vnmi flexpriority ept vpid
bogomips	: 5786.27
clflush size	: 64
cache_alignment	: 64
address sizes	: 46 bits physical, 48 bits virtual
power management:

processor	: 19
vendor_id	: GenuineIntel
cpu family	: 6
model		: 45
model name	: Intel(R) Xeon(R) CPU E5-2690 0 @ 2.90GHz
stepping	: 7
microcode	: 1808
cpu MHz		: 2901.000
cache size	: 20480 KB
physical id	: 0
siblings	: 16
core id		: 3
cpu cores	: 8
apicid		: 7
initial apicid	: 7
fpu		: yes
fpu_exception	: yes
cpuid level	: 13
wp		: yes
flags		: fpu vme de pse tsc msr pae mce cx8 apic sep mtrr pge mca cmov pat pse36 clflush dts acpi mmx fxsr sse sse2 ss ht tm pbe syscall nx pdpe1gb rdtscp lm constant_tsc arch_perfmon pebs bts rep_good xtopology nonstop_tsc aperfmperf pni pclmulqdq dtes64 monitor ds_cpl vmx smx est tm2 ssse3 cx16 xtpr pdcm pcid dca sse4_1 sse4_2 x2apic popcnt tsc_deadline_timer aes xsave avx lahf_lm ida arat epb xsaveopt pln pts dtherm tpr_shadow vnmi flexpriority ept vpid
bogomips	: 5786.27
clflush size	: 64
cache_alignment	: 64
address sizes	: 46 bits physical, 48 bits virtual
power management:

processor	: 20
vendor_id	: GenuineIntel
cpu family	: 6
model		: 45
model name	: Intel(R) Xeon(R) CPU E5-2690 0 @ 2.90GHz
stepping	: 7
microcode	: 1808
cpu MHz		: 2901.000
cache size	: 20480 KB
physical id	: 0
siblings	: 16
core id		: 4
cpu cores	: 8
apicid		: 9
initial apicid	: 9
fpu		: yes
fpu_exception	: yes
cpuid level	: 13
wp		: yes
flags		: fpu vme de pse tsc msr pae mce cx8 apic sep mtrr pge mca cmov pat pse36 clflush dts acpi mmx fxsr sse sse2 ss ht tm pbe syscall nx pdpe1gb rdtscp lm constant_tsc arch_perfmon pebs bts rep_good xtopology nonstop_tsc aperfmperf pni pclmulqdq dtes64 monitor ds_cpl vmx smx est tm2 ssse3 cx16 xtpr pdcm pcid dca sse4_1 sse4_2 x2apic popcnt tsc_deadline_timer aes xsave avx lahf_lm ida arat epb xsaveopt pln pts dtherm tpr_shadow vnmi flexpriority ept vpid
bogomips	: 5786.27
clflush size	: 64
cache_alignment	: 64
address sizes	: 46 bits physical, 48 bits virtual
power management:

processor	: 21
vendor_id	: GenuineIntel
cpu family	: 6
model		: 45
model name	: Intel(R) Xeon(R) CPU E5-2690 0 @ 2.90GHz
stepping	: 7
microcode	: 1808
cpu MHz		: 2901.000
cache size	: 20480 KB
physical id	: 0
siblings	: 16
core id		: 5
cpu cores	: 8
apicid		: 11
initial apicid	: 11
fpu		: yes
fpu_exception	: yes
cpuid level	: 13
wp		: yes
flags		: fpu vme de pse tsc msr pae mce cx8 apic sep mtrr pge mca cmov pat pse36 clflush dts acpi mmx fxsr sse sse2 ss ht tm pbe syscall nx pdpe1gb rdtscp lm constant_tsc arch_perfmon pebs bts rep_good xtopology nonstop_tsc aperfmperf pni pclmulqdq dtes64 monitor ds_cpl vmx smx est tm2 ssse3 cx16 xtpr pdcm pcid dca sse4_1 sse4_2 x2apic popcnt tsc_deadline_timer aes xsave avx lahf_lm ida arat epb xsaveopt pln pts dtherm tpr_shadow vnmi flexpriority ept vpid
bogomips	: 5786.27
clflush size	: 64
cache_alignment	: 64
address sizes	: 46 bits physical, 48 bits virtual
power management:

processor	: 22
vendor_id	: GenuineIntel
cpu family	: 6
model		: 45
model name	: Intel(R) Xeon(R) CPU E5-2690 0 @ 2.90GHz
stepping	: 7
microcode	: 1808
cpu MHz		: 2901.000
cache size	: 20480 KB
physical id	: 0
siblings	: 16
core id		: 6
cpu cores	: 8
apicid		: 13
initial apicid	: 13
fpu		: yes
fpu_exception	: yes
cpuid level	: 13
wp		: yes
flags		: fpu vme de pse tsc msr pae mce cx8 apic sep mtrr pge mca cmov pat pse36 clflush dts acpi mmx fxsr sse sse2 ss ht tm pbe syscall nx pdpe1gb rdtscp lm constant_tsc arch_perfmon pebs bts rep_good xtopology nonstop_tsc aperfmperf pni pclmulqdq dtes64 monitor ds_cpl vmx smx est tm2 ssse3 cx16 xtpr pdcm pcid dca sse4_1 sse4_2 x2apic popcnt tsc_deadline_timer aes xsave avx lahf_lm ida arat epb xsaveopt pln pts dtherm tpr_shadow vnmi flexpriority ept vpid
bogomips	: 5786.27
clflush size	: 64
cache_alignment	: 64
address sizes	: 46 bits physical, 48 bits virtual
power management:

processor	: 23
vendor_id	: GenuineIntel
cpu family	: 6
model		: 45
model name	: Intel(R) Xeon(R) CPU E5-2690 0 @ 2.90GHz
stepping	: 7
microcode	: 1808
cpu MHz		: 2901.000
cache size	: 20480 KB
physical id	: 0
siblings	: 16
core id		: 7
cpu cores	: 8
apicid		: 15
initial apicid	: 15
fpu		: yes
fpu_exception	: yes
cpuid level	: 13
wp		: yes
flags		: fpu vme de pse tsc msr pae mce cx8 apic sep mtrr pge mca cmov pat pse36 clflush dts acpi mmx fxsr sse sse2 ss ht tm pbe syscall nx pdpe1gb rdtscp lm constant_tsc arch_perfmon pebs bts rep_good xtopology nonstop_tsc aperfmperf pni pclmulqdq dtes64 monitor ds_cpl vmx smx est tm2 ssse3 cx16 xtpr pdcm pcid dca sse4_1 sse4_2 x2apic popcnt tsc_deadline_timer aes xsave avx lahf_lm ida arat epb xsaveopt pln pts dtherm tpr_shadow vnmi flexpriority ept vpid
bogomips	: 5786.27
clflush size	: 64
cache_alignment	: 64
address sizes	: 46 bits physical, 48 bits virtual
power management:

processor	: 24
vendor_id	: GenuineIntel
cpu family	: 6
model		: 45
model name	: Intel(R) Xeon(R) CPU E5-2690 0 @ 2.90GHz
stepping	: 7
microcode	: 1808
cpu MHz		: 2901.000
cache size	: 20480 KB
physical id	: 1
siblings	: 16
core id		: 0
cpu cores	: 8
apicid		: 33
initial apicid	: 33
fpu		: yes
fpu_exception	: yes
cpuid level	: 13
wp		: yes
flags		: fpu vme de pse tsc msr pae mce cx8 apic sep mtrr pge mca cmov pat pse36 clflush dts acpi mmx fxsr sse sse2 ss ht tm pbe syscall nx pdpe1gb rdtscp lm constant_tsc arch_perfmon pebs bts rep_good xtopology nonstop_tsc aperfmperf pni pclmulqdq dtes64 monitor ds_cpl vmx smx est tm2 ssse3 cx16 xtpr pdcm pcid dca sse4_1 sse4_2 x2apic popcnt tsc_deadline_timer aes xsave avx lahf_lm ida arat epb xsaveopt pln pts dtherm tpr_shadow vnmi flexpriority ept vpid
bogomips	: 5785.26
clflush size	: 64
cache_alignment	: 64
address sizes	: 46 bits physical, 48 bits virtual
power management:

processor	: 25
vendor_id	: GenuineIntel
cpu family	: 6
model		: 45
model name	: Intel(R) Xeon(R) CPU E5-2690 0 @ 2.90GHz
stepping	: 7
microcode	: 1808
cpu MHz		: 2901.000
cache size	: 20480 KB
physical id	: 1
siblings	: 16
core id		: 1
cpu cores	: 8
apicid		: 35
initial apicid	: 35
fpu		: yes
fpu_exception	: yes
cpuid level	: 13
wp		: yes
flags		: fpu vme de pse tsc msr pae mce cx8 apic sep mtrr pge mca cmov pat pse36 clflush dts acpi mmx fxsr sse sse2 ss ht tm pbe syscall nx pdpe1gb rdtscp lm constant_tsc arch_perfmon pebs bts rep_good xtopology nonstop_tsc aperfmperf pni pclmulqdq dtes64 monitor ds_cpl vmx smx est tm2 ssse3 cx16 xtpr pdcm pcid dca sse4_1 sse4_2 x2apic popcnt tsc_deadline_timer aes xsave avx lahf_lm ida arat epb xsaveopt pln pts dtherm tpr_shadow vnmi flexpriority ept vpid
bogomips	: 5785.26
clflush size	: 64
cache_alignment	: 64
address sizes	: 46 bits physical, 48 bits virtual
power management:

processor	: 26
vendor_id	: GenuineIntel
cpu family	: 6
model		: 45
model name	: Intel(R) Xeon(R) CPU E5-2690 0 @ 2.90GHz
stepping	: 7
microcode	: 1808
cpu MHz		: 2901.000
cache size	: 20480 KB
physical id	: 1
siblings	: 16
core id		: 2
cpu cores	: 8
apicid		: 37
initial apicid	: 37
fpu		: yes
fpu_exception	: yes
cpuid level	: 13
wp		: yes
flags		: fpu vme de pse tsc msr pae mce cx8 apic sep mtrr pge mca cmov pat pse36 clflush dts acpi mmx fxsr sse sse2 ss ht tm pbe syscall nx pdpe1gb rdtscp lm constant_tsc arch_perfmon pebs bts rep_good xtopology nonstop_tsc aperfmperf pni pclmulqdq dtes64 monitor ds_cpl vmx smx est tm2 ssse3 cx16 xtpr pdcm pcid dca sse4_1 sse4_2 x2apic popcnt tsc_deadline_timer aes xsave avx lahf_lm ida arat epb xsaveopt pln pts dtherm tpr_shadow vnmi flexpriority ept vpid
bogomips	: 5785.26
clflush size	: 64
cache_alignment	: 64
address sizes	: 46 bits physical, 48 bits virtual
power management:

processor	: 27
vendor_id	: GenuineIntel
cpu family	: 6
model		: 45
model name	: Intel(R) Xeon(R) CPU E5-2690 0 @ 2.90GHz
stepping	: 7
microcode	: 1808
cpu MHz		: 2901.000
cache size	: 20480 KB
physical id	: 1
siblings	: 16
core id		: 3
cpu cores	: 8
apicid		: 39
initial apicid	: 39
fpu		: yes
fpu_exception	: yes
cpuid level	: 13
wp		: yes
flags		: fpu vme de pse tsc msr pae mce cx8 apic sep mtrr pge mca cmov pat pse36 clflush dts acpi mmx fxsr sse sse2 ss ht tm pbe syscall nx pdpe1gb rdtscp lm constant_tsc arch_perfmon pebs bts rep_good xtopology nonstop_tsc aperfmperf pni pclmulqdq dtes64 monitor ds_cpl vmx smx est tm2 ssse3 cx16 xtpr pdcm pcid dca sse4_1 sse4_2 x2apic popcnt tsc_deadline_timer aes xsave avx lahf_lm ida arat epb xsaveopt pln pts dtherm tpr_shadow vnmi flexpriority ept vpid
bogomips	: 5785.26
clflush size	: 64
cache_alignment	: 64
address sizes	: 46 bits physical, 48 bits virtual
power management:

processor	: 28
vendor_id	: GenuineIntel
cpu family	: 6
model		: 45
model name	: Intel(R) Xeon(R) CPU E5-2690 0 @ 2.90GHz
stepping	: 7
microcode	: 1808
cpu MHz		: 2901.000
cache size	: 20480 KB
physical id	: 1
siblings	: 16
core id		: 4
cpu cores	: 8
apicid		: 41
initial apicid	: 41
fpu		: yes
fpu_exception	: yes
cpuid level	: 13
wp		: yes
flags		: fpu vme de pse tsc msr pae mce cx8 apic sep mtrr pge mca cmov pat pse36 clflush dts acpi mmx fxsr sse sse2 ss ht tm pbe syscall nx pdpe1gb rdtscp lm constant_tsc arch_perfmon pebs bts rep_good xtopology nonstop_tsc aperfmperf pni pclmulqdq dtes64 monitor ds_cpl vmx smx est tm2 ssse3 cx16 xtpr pdcm pcid dca sse4_1 sse4_2 x2apic popcnt tsc_deadline_timer aes xsave avx lahf_lm ida arat epb xsaveopt pln pts dtherm tpr_shadow vnmi flexpriority ept vpid
bogomips	: 5785.26
clflush size	: 64
cache_alignment	: 64
address sizes	: 46 bits physical, 48 bits virtual
power management:

processor	: 29
vendor_id	: GenuineIntel
cpu family	: 6
model		: 45
model name	: Intel(R) Xeon(R) CPU E5-2690 0 @ 2.90GHz
stepping	: 7
microcode	: 1808
cpu MHz		: 2901.000
cache size	: 20480 KB
physical id	: 1
siblings	: 16
core id		: 5
cpu cores	: 8
apicid		: 43
initial apicid	: 43
fpu		: yes
fpu_exception	: yes
cpuid level	: 13
wp		: yes
flags		: fpu vme de pse tsc msr pae mce cx8 apic sep mtrr pge mca cmov pat pse36 clflush dts acpi mmx fxsr sse sse2 ss ht tm pbe syscall nx pdpe1gb rdtscp lm constant_tsc arch_perfmon pebs bts rep_good xtopology nonstop_tsc aperfmperf pni pclmulqdq dtes64 monitor ds_cpl vmx smx est tm2 ssse3 cx16 xtpr pdcm pcid dca sse4_1 sse4_2 x2apic popcnt tsc_deadline_timer aes xsave avx lahf_lm ida arat epb xsaveopt pln pts dtherm tpr_shadow vnmi flexpriority ept vpid
bogomips	: 5785.26
clflush size	: 64
cache_alignment	: 64
address sizes	: 46 bits physical, 48 bits virtual
power management:

processor	: 30
vendor_id	: GenuineIntel
cpu family	: 6
model		: 45
model name	: Intel(R) Xeon(R) CPU E5-2690 0 @ 2.90GHz
stepping	: 7
microcode	: 1808
cpu MHz		: 2901.000
cache size	: 20480 KB
physical id	: 1
siblings	: 16
core id		: 6
cpu cores	: 8
apicid		: 45
initial apicid	: 45
fpu		: yes
fpu_exception	: yes
cpuid level	: 13
wp		: yes
flags		: fpu vme de pse tsc msr pae mce cx8 apic sep mtrr pge mca cmov pat pse36 clflush dts acpi mmx fxsr sse sse2 ss ht tm pbe syscall nx pdpe1gb rdtscp lm constant_tsc arch_perfmon pebs bts rep_good xtopology nonstop_tsc aperfmperf pni pclmulqdq dtes64 monitor ds_cpl vmx smx est tm2 ssse3 cx16 xtpr pdcm pcid dca sse4_1 sse4_2 x2apic popcnt tsc_deadline_timer aes xsave avx lahf_lm ida arat epb xsaveopt pln pts dtherm tpr_shadow vnmi flexpriority ept vpid
bogomips	: 5785.26
clflush size	: 64
cache_alignment	: 64
address sizes	: 46 bits physical, 48 bits virtual
power management:

processor	: 31
vendor_id	: GenuineIntel
cpu family	: 6
model		: 45
model name	: Intel(R) Xeon(R) CPU E5-2690 0 @ 2.90GHz
stepping	: 7
microcode	: 1808
cpu MHz		: 2901.000
cache size	: 20480 KB
physical id	: 1
siblings	: 16
core id		: 7
cpu cores	: 8
apicid		: 47
initial apicid	: 47
fpu		: yes
fpu_exception	: yes
cpuid level	: 13
wp		: yes
flags		: fpu vme de pse tsc msr pae mce cx8 apic sep mtrr pge mca cmov pat pse36 clflush dts acpi mmx fxsr sse sse2 ss ht tm pbe syscall nx pdpe1gb rdtscp lm constant_tsc arch_perfmon pebs bts rep_good xtopology nonstop_tsc aperfmperf pni pclmulqdq dtes64 monitor ds_cpl vmx smx est tm2 ssse3 cx16 xtpr pdcm pcid dca sse4_1 sse4_2 x2apic popcnt tsc_deadline_timer aes xsave avx lahf_lm ida arat epb xsaveopt pln pts dtherm tpr_shadow vnmi flexpriority ept vpid
bogomips	: 5785.26
clflush size	: 64
cache_alignment	: 64
address sizes	: 46 bits physical, 48 bits virtual
power management:



Memory: 4k page, physical 380254012k(136120432k free), swap 402653180k(402648004k free)

vm_info: Java HotSpot(TM) Server VM (25.121-b13) for linux-x86 JRE (1.8.0_121-b13), built on Dec 12 2016 16:06:09 by "java_re" with gcc 4.3.0 20080428 (Red Hat 4.3.0-8)

time: Tue Jul 24 15:46:28 2018
elapsed time: 2 seconds (0d 0h 0m 2s)

