Feb 22, 2018 12:18:13 PM com.microsoft.azure.vmagent.AzureVMCloud createProvisionedAgent
INFO: AzureVMCloud: createProvisionedAgent: Deployment jenkins-linux-8-core-build-slave0222121739163 not yet finished (Running): Microsoft.Compute/virtualMachines:jenkins-linux-8-core-build-slaveaaff00 - waited 30 seconds
--
Feb 22, 2018 12:18:43 PM com.microsoft.azure.vmagent.AzureVMCloud createProvisionedAgent
INFO: AzureVMCloud: createProvisionedAgent: Deployment jenkins-linux-8-core-build-slave0222121739163 not yet finished (Running): Microsoft.Compute/virtualMachines:jenkins-linux-8-core-build-slaveaaff00 - waited 60 seconds
--
Feb 22, 2018 12:19:14 PM com.microsoft.azure.vmagent.AzureVMCloud createProvisionedAgent
INFO: AzureVMCloud: createProvisionedAgent: Deployment jenkins-linux-8-core-build-slave0222121739163 not yet finished (Running): Microsoft.Compute/virtualMachines:jenkins-linux-8-core-build-slaveaaff00 - waited 90 seconds
--
Feb 22, 2018 12:19:45 PM com.microsoft.azure.vmagent.AzureVMCloud createProvisionedAgent
INFO: AzureVMCloud: createProvisionedAgent: Deployment jenkins-linux-8-core-build-slave0222121739163 not yet finished (Running): Microsoft.Compute/virtualMachines:jenkins-linux-8-core-build-slaveaaff00 - waited 120 seconds
--
Feb 22, 2018 12:20:16 PM com.microsoft.azure.vmagent.AzureVMCloud createProvisionedAgent
INFO: AzureVMCloud: createProvisionedAgent: Deployment jenkins-linux-8-core-build-slave0222121739163 not yet finished (Running): Microsoft.Compute/virtualMachines:jenkins-linux-8-core-build-slaveaaff00 - waited 150 seconds
--
Feb 22, 2018 12:20:46 PM com.microsoft.azure.vmagent.AzureVMCloud createProvisionedAgent
INFO: AzureVMCloud: createProvisionedAgent: Deployment jenkins-linux-8-core-build-slave0222121739163 not yet finished (Running): Microsoft.Compute/virtualMachines:jenkins-linux-8-core-build-slaveaaff00 - waited 180 seconds
--
Feb 22, 2018 12:21:17 PM com.microsoft.azure.vmagent.AzureVMCloud createProvisionedAgent
INFO: AzureVMCloud: createProvisionedAgent: VM available: jenkins-linux-8-core-build-slaveaaff00
--
INFO: AzureVMManagementServiceDelegate: parseDeploymentResponse: 
	found agent jenkins-linux-8-core-build-slaveaaff00
--
INFO: Azure agent details:
nodeNamejenkins-linux-8-core-build-slaveaaff00
--
Feb 22, 2018 12:21:41 PM com.microsoft.azure.vmagent.AzureVMCloud$4 call
INFO: Azure Cloud: provision: Adding agent jenkins-linux-8-core-build-slaveaaff00 to Jenkins nodes
Feb 22, 2018 12:21:41 PM com.microsoft.azure.vmagent.AzureVMAgent createComputer
INFO: AzureVMAgent: createComputer: start for agent jenkins-linux-8-core-build-slaveaaff00
Feb 22, 2018 12:21:41 PM com.microsoft.azure.vmagent.AzureVMCloudOnceRetentionStrategy start
INFO: AzureVMCloudOnceRetentionStrategy: start: azureComputer name jenkins-linux-8-core-build-slaveaaff00
Feb 22, 2018 12:21:41 PM com.microsoft.azure.vmagent.remote.AzureVMAgentSSHLauncher launch
INFO: AzureVMAgentSSHLauncher: launch: launch method called for agent jenkins-linux-8-core-build-slaveaaff00
--
Feb 22, 2018 12:22:05 PM com.microsoft.azure.vmagent.remote.AzureVMAgentSSHLauncher getRemoteSession
INFO: AzureVMAgentSSHLauncher: getRemoteSession: getting remote session for user jenkins to host jenkins-linux-8-core-build-slaveaaff00.westeurope.cloudapp.azure.com:22
Feb 22, 2018 12:22:05 PM com.microsoft.azure.vmagent.remote.AzureVMAgentSSHLauncher getRemoteSession
INFO: AzureVMAgentSSHLauncher: getRemoteSession: Got remote session for user jenkins to host jenkins-linux-8-core-build-slaveaaff00.westeurope.cloudapp.azure.com:22
--
Feb 22, 2018 12:22:16 PM com.microsoft.azure.vmagent.remote.AzureVMAgentSSHLauncher getRemoteSession
INFO: AzureVMAgentSSHLauncher: getRemoteSession: getting remote session for user jenkins to host jenkins-linux-8-core-build-slaveaaff00.westeurope.cloudapp.azure.com:22
Feb 22, 2018 12:22:16 PM com.microsoft.azure.vmagent.remote.AzureVMAgentSSHLauncher getRemoteSession
INFO: AzureVMAgentSSHLauncher: getRemoteSession: Got remote session for user jenkins to host jenkins-linux-8-core-build-slaveaaff00.westeurope.cloudapp.azure.com:22
--
Feb 22, 2018 12:22:25 PM com.microsoft.azure.vmagent.AzureVMAgentCleanUpTask cleanVMs
INFO: AzureVMAgentCleanUpTask: cleanVMs: node jenkins-linux-8-core-build-slaveaaff00 blocked to cleanup
--
Feb 22, 2018 12:38:12 PM com.microsoft.azure.vmagent.AzureVMCloud$4 call
SEVERE: Failure creating provisioned agent 'jenkins-linux-8-core-build-slaveaaff00'
--
Feb 22, 2018 12:38:12 PM com.microsoft.azure.vmagent.AzureVMManagementServiceDelegate virtualMachineExists
INFO: AzureVMManagementServiceDelegate: virtualMachineExists: check for jenkins-linux-8-core-build-slaveaaff00
--
Feb 22, 2018 12:38:13 PM com.microsoft.azure.vmagent.AzureVMManagementServiceDelegate virtualMachineExists
INFO: AzureVMManagementServiceDelegate: virtualMachineExists: jenkins-linux-8-core-build-slaveaaff00 exists
--
Feb 22, 2018 12:38:37 PM com.microsoft.azure.vmagent.AzureVMManagementServiceDelegate terminateVirtualMachine
INFO: AzureVMManagementServiceDelegate: terminateVirtualMachine: Removing virtual machine jenkins-linux-8-core-build-slaveaaff00
Feb 22, 2018 12:38:42 PM hudson.remoting.SynchronousCommandTransport$ReaderThread run
SEVERE: I/O error in channel jenkins-linux-8-core-build-slaveaaff00
--
Feb 22, 2018 12:41:48 PM com.microsoft.azure.vmagent.AzureVMManagementServiceDelegate terminateVirtualMachine
INFO: AzureVMManagementServiceDelegate: terminateVirtualMachine: Removing managed disk with id: /subscriptions/decd2077-8a7a-4b60-b29b-f9a7d432754a/resourceGroups/jenkins-slaves/providers/Microsoft.Compute/disks/jenkins-linux-8-core-build-slaveaaff00_disk1_47d3782b2ca2445ca52af89a3603eaf6
--
Feb 22, 2018 12:42:48 PM com.microsoft.azure.vmagent.AzureVMManagementServiceDelegate terminateVirtualMachine
INFO: Clean operation starting for jenkins-linux-8-core-build-slaveaaff00 NIC and IP
Feb 22, 2018 12:42:48 PM com.microsoft.azure.vmagent.AzureVMManagementServiceDelegate removeIPName
INFO: Remove NIC jenkins-linux-8-core-build-slaveaaff00NIC
--
Feb 22, 2018 12:43:40 PM com.microsoft.azure.vmagent.AzureVMManagementServiceDelegate removeIPName
INFO: Remove IP jenkins-linux-8-core-build-slaveaaff00IPName
--
Feb 22, 2018 1:05:11 PM hudson.node_monitors.ResponseTimeMonitor$1 monitor
WARNING: Making jenkins-linux-8-core-build-slaveaaff00 offline because it’s not responding
--
Feb 22, 2018 1:05:14 PM hudson.node_monitors.ResponseTimeMonitor$1 monitor
WARNING: Making jenkins-linux-8-core-build-slaveaaff00 offline because it’s not responding
--
Feb 22, 2018 1:05:25 PM hudson.node_monitors.ResponseTimeMonitor$1 monitor
WARNING: Making jenkins-linux-8-core-build-slaveaaff00 offline because it’s not responding
--
Feb 22, 2018 1:06:15 PM hudson.node_monitors.ResponseTimeMonitor$1 monitor
WARNING: Making jenkins-linux-8-core-build-slaveaaff00 offline because it’s not responding
--
Feb 22, 2018 1:08:11 PM hudson.node_monitors.ResponseTimeMonitor$1 monitor
WARNING: Making jenkins-linux-8-core-build-slaveaaff00 offline because it’s not responding
--
Feb 22, 2018 1:10:25 PM hudson.node_monitors.ResponseTimeMonitor$1 monitor
WARNING: Making jenkins-linux-8-core-build-slaveaaff00 offline because it’s not responding
--
Feb 22, 2018 1:10:42 PM hudson.node_monitors.ResponseTimeMonitor$1 monitor
WARNING: Making jenkins-linux-8-core-build-slaveaaff00 offline because it’s not responding
--
Feb 22, 2018 1:11:40 PM hudson.node_monitors.ResponseTimeMonitor$1 monitor
WARNING: Making jenkins-linux-8-core-build-slaveaaff00 offline because it’s not responding
--
Feb 22, 2018 1:21:54 PM hudson.node_monitors.ResponseTimeMonitor$1 monitor
WARNING: Making jenkins-linux-8-core-build-slaveaaff00 offline because it’s not responding
--
Feb 22, 2018 1:24:14 PM hudson.node_monitors.ResponseTimeMonitor$1 monitor
WARNING: Making jenkins-linux-8-core-build-slaveaaff00 offline because it’s not responding
--
Feb 22, 2018 1:24:23 PM hudson.node_monitors.ResponseTimeMonitor$1 monitor
WARNING: Making jenkins-linux-8-core-build-slaveaaff00 offline because it’s not responding
--
Feb 22, 2018 1:25:18 PM hudson.node_monitors.ResponseTimeMonitor$1 monitor
WARNING: Making jenkins-linux-8-core-build-slaveaaff00 offline because it’s not responding
--
Feb 22, 2018 1:25:31 PM hudson.node_monitors.ResponseTimeMonitor$1 monitor
WARNING: Making jenkins-linux-8-core-build-slaveaaff00 offline because it’s not responding
--
Feb 22, 2018 1:25:45 PM hudson.node_monitors.ResponseTimeMonitor$1 monitor
WARNING: Making jenkins-linux-8-core-build-slaveaaff00 offline because it’s not responding
--
Feb 22, 2018 1:26:27 PM hudson.node_monitors.ResponseTimeMonitor$1 monitor
WARNING: Making jenkins-linux-8-core-build-slaveaaff00 offline because it’s not responding
--
Feb 22, 2018 1:29:52 PM hudson.node_monitors.ResponseTimeMonitor$1 monitor
WARNING: Making jenkins-linux-8-core-build-slaveaaff00 offline because it’s not responding
--
Feb 22, 2018 1:30:04 PM hudson.node_monitors.ResponseTimeMonitor$1 monitor
WARNING: Making jenkins-linux-8-core-build-slaveaaff00 offline because it’s not responding
--
Feb 22, 2018 1:30:12 PM hudson.node_monitors.ResponseTimeMonitor$1 monitor
WARNING: Making jenkins-linux-8-core-build-slaveaaff00 offline because it’s not responding
--
Feb 22, 2018 1:31:05 PM hudson.node_monitors.ResponseTimeMonitor$1 monitor
WARNING: Making jenkins-linux-8-core-build-slaveaaff00 offline because it’s not responding
--
Feb 22, 2018 1:31:56 PM hudson.node_monitors.ResponseTimeMonitor$1 monitor
WARNING: Making jenkins-linux-8-core-build-slaveaaff00 offline because it’s not responding
--
Feb 22, 2018 1:40:35 PM hudson.node_monitors.ResponseTimeMonitor$1 monitor
WARNING: Making jenkins-linux-8-core-build-slaveaaff00 offline because it’s not responding
--
Feb 22, 2018 1:42:57 PM hudson.node_monitors.ResponseTimeMonitor$1 monitor
WARNING: Making jenkins-linux-8-core-build-slaveaaff00 offline because it’s not responding
--
Feb 22, 2018 1:50:12 PM hudson.node_monitors.ResponseTimeMonitor$1 monitor
WARNING: Making jenkins-linux-8-core-build-slaveaaff00 offline because it’s not responding
--
Feb 22, 2018 2:07:38 PM hudson.node_monitors.ResponseTimeMonitor$1 monitor
WARNING: Making jenkins-linux-8-core-build-slaveaaff00 offline because it’s not responding
--
Feb 22, 2018 2:12:05 PM hudson.node_monitors.ResponseTimeMonitor$1 monitor
WARNING: Making jenkins-linux-8-core-build-slaveaaff00 offline because it’s not responding
--
Feb 22, 2018 3:07:05 PM hudson.node_monitors.ResponseTimeMonitor$1 monitor
WARNING: Making jenkins-linux-8-core-build-slaveaaff00 offline because it’s not responding
--
Feb 22, 2018 3:10:11 PM hudson.node_monitors.ResponseTimeMonitor$1 monitor
WARNING: Making jenkins-linux-8-core-build-slaveaaff00 offline because it’s not responding
--
Feb 22, 2018 3:10:31 PM hudson.node_monitors.ResponseTimeMonitor$1 monitor
WARNING: Making jenkins-linux-8-core-build-slaveaaff00 offline because it’s not responding
--
Feb 22, 2018 3:11:40 PM hudson.node_monitors.ResponseTimeMonitor$1 monitor
WARNING: Making jenkins-linux-8-core-build-slaveaaff00 offline because it’s not responding
--
Feb 22, 2018 3:16:44 PM hudson.node_monitors.ResponseTimeMonitor$1 monitor
WARNING: Making jenkins-linux-8-core-build-slaveaaff00 offline because it’s not responding
--
Feb 22, 2018 3:17:58 PM hudson.node_monitors.ResponseTimeMonitor$1 monitor
WARNING: Making jenkins-linux-8-core-build-slaveaaff00 offline because it’s not responding
--
Feb 22, 2018 3:22:46 PM hudson.node_monitors.ResponseTimeMonitor$1 monitor
WARNING: Making jenkins-linux-8-core-build-slaveaaff00 offline because it’s not responding
--
Feb 22, 2018 3:23:45 PM hudson.node_monitors.ResponseTimeMonitor$1 monitor
WARNING: Making jenkins-linux-8-core-build-slaveaaff00 offline because it’s not responding
--
Feb 22, 2018 3:24:16 PM hudson.node_monitors.ResponseTimeMonitor$1 monitor
WARNING: Making jenkins-linux-8-core-build-slaveaaff00 offline because it’s not responding
--
Feb 22, 2018 3:24:54 PM hudson.node_monitors.ResponseTimeMonitor$1 monitor
WARNING: Making jenkins-linux-8-core-build-slaveaaff00 offline because it’s not responding
--
Feb 22, 2018 3:25:13 PM hudson.node_monitors.ResponseTimeMonitor$1 monitor
WARNING: Making jenkins-linux-8-core-build-slaveaaff00 offline because it’s not responding
--
Feb 22, 2018 3:26:19 PM hudson.node_monitors.ResponseTimeMonitor$1 monitor
WARNING: Making jenkins-linux-8-core-build-slaveaaff00 offline because it’s not responding
--
Feb 22, 2018 3:26:41 PM hudson.node_monitors.ResponseTimeMonitor$1 monitor
WARNING: Making jenkins-linux-8-core-build-slaveaaff00 offline because it’s not responding
--
Feb 22, 2018 3:26:48 PM hudson.node_monitors.ResponseTimeMonitor$1 monitor
WARNING: Making jenkins-linux-8-core-build-slaveaaff00 offline because it’s not responding
--
Feb 22, 2018 3:27:12 PM hudson.node_monitors.ResponseTimeMonitor$1 monitor
WARNING: Making jenkins-linux-8-core-build-slaveaaff00 offline because it’s not responding
--
Feb 22, 2018 3:27:45 PM hudson.node_monitors.ResponseTimeMonitor$1 monitor
WARNING: Making jenkins-linux-8-core-build-slaveaaff00 offline because it’s not responding
--
Feb 22, 2018 3:27:56 PM hudson.node_monitors.ResponseTimeMonitor$1 monitor
WARNING: Making jenkins-linux-8-core-build-slaveaaff00 offline because it’s not responding
--
Feb 22, 2018 3:40:13 PM hudson.node_monitors.ResponseTimeMonitor$1 monitor
WARNING: Making jenkins-linux-8-core-build-slaveaaff00 offline because it’s not responding
--
Feb 22, 2018 3:41:23 PM hudson.node_monitors.ResponseTimeMonitor$1 monitor
WARNING: Making jenkins-linux-8-core-build-slaveaaff00 offline because it’s not responding
--
Feb 22, 2018 3:50:16 PM hudson.node_monitors.ResponseTimeMonitor$1 monitor
WARNING: Making jenkins-linux-8-core-build-slaveaaff00 offline because it’s not responding
--
Feb 22, 2018 3:50:38 PM hudson.node_monitors.ResponseTimeMonitor$1 monitor
WARNING: Making jenkins-linux-8-core-build-slaveaaff00 offline because it’s not responding
--
Feb 22, 2018 3:53:03 PM hudson.node_monitors.ResponseTimeMonitor$1 monitor
WARNING: Making jenkins-linux-8-core-build-slaveaaff00 offline because it’s not responding
--
Feb 22, 2018 3:58:35 PM hudson.node_monitors.ResponseTimeMonitor$1 monitor
WARNING: Making jenkins-linux-8-core-build-slaveaaff00 offline because it’s not responding
--
Feb 22, 2018 3:58:59 PM hudson.node_monitors.ResponseTimeMonitor$1 monitor
WARNING: Making jenkins-linux-8-core-build-slaveaaff00 offline because it’s not responding
--
Feb 22, 2018 4:02:42 PM hudson.node_monitors.ResponseTimeMonitor$1 monitor
WARNING: Making jenkins-linux-8-core-build-slaveaaff00 offline because it’s not responding
--
Feb 22, 2018 4:02:49 PM hudson.node_monitors.ResponseTimeMonitor$1 monitor
WARNING: Making jenkins-linux-8-core-build-slaveaaff00 offline because it’s not responding
--
Feb 22, 2018 4:10:22 PM hudson.node_monitors.ResponseTimeMonitor$1 monitor
WARNING: Making jenkins-linux-8-core-build-slaveaaff00 offline because it’s not responding
--
Feb 22, 2018 4:18:21 PM hudson.node_monitors.ResponseTimeMonitor$1 monitor
WARNING: Making jenkins-linux-8-core-build-slaveaaff00 offline because it’s not responding
--
Feb 22, 2018 4:18:41 PM hudson.node_monitors.ResponseTimeMonitor$1 monitor
WARNING: Making jenkins-linux-8-core-build-slaveaaff00 offline because it’s not responding
--
Feb 22, 2018 4:25:11 PM hudson.node_monitors.ResponseTimeMonitor$1 monitor
WARNING: Making jenkins-linux-8-core-build-slaveaaff00 offline because it’s not responding
--
Feb 22, 2018 4:26:32 PM hudson.node_monitors.ResponseTimeMonitor$1 monitor
WARNING: Making jenkins-linux-8-core-build-slaveaaff00 offline because it’s not responding
--
Feb 22, 2018 4:30:12 PM hudson.node_monitors.ResponseTimeMonitor$1 monitor
WARNING: Making jenkins-linux-8-core-build-slaveaaff00 offline because it’s not responding
--
Feb 22, 2018 4:35:03 PM hudson.node_monitors.ResponseTimeMonitor$1 monitor
WARNING: Making jenkins-linux-8-core-build-slaveaaff00 offline because it’s not responding
--
Feb 22, 2018 4:39:23 PM hudson.node_monitors.ResponseTimeMonitor$1 monitor
WARNING: Making jenkins-linux-8-core-build-slaveaaff00 offline because it’s not responding
--
Feb 22, 2018 4:44:46 PM hudson.node_monitors.ResponseTimeMonitor$1 monitor
WARNING: Making jenkins-linux-8-core-build-slaveaaff00 offline because it’s not responding
--
Feb 22, 2018 4:44:56 PM hudson.node_monitors.ResponseTimeMonitor$1 monitor
WARNING: Making jenkins-linux-8-core-build-slaveaaff00 offline because it’s not responding
--
Feb 22, 2018 4:45:05 PM hudson.node_monitors.ResponseTimeMonitor$1 monitor
WARNING: Making jenkins-linux-8-core-build-slaveaaff00 offline because it’s not responding
--
Feb 22, 2018 4:50:18 PM hudson.node_monitors.ResponseTimeMonitor$1 monitor
WARNING: Making jenkins-linux-8-core-build-slaveaaff00 offline because it’s not responding
--
Feb 22, 2018 4:50:38 PM hudson.node_monitors.ResponseTimeMonitor$1 monitor
WARNING: Making jenkins-linux-8-core-build-slaveaaff00 offline because it’s not responding
--
Feb 22, 2018 4:51:02 PM hudson.node_monitors.ResponseTimeMonitor$1 monitor
WARNING: Making jenkins-linux-8-core-build-slaveaaff00 offline because it’s not responding
--
Feb 22, 2018 4:53:07 PM hudson.node_monitors.ResponseTimeMonitor$1 monitor
WARNING: Making jenkins-linux-8-core-build-slaveaaff00 offline because it’s not responding
--
Feb 22, 2018 4:53:48 PM hudson.node_monitors.ResponseTimeMonitor$1 monitor
WARNING: Making jenkins-linux-8-core-build-slaveaaff00 offline because it’s not responding
--
Feb 22, 2018 5:00:11 PM hudson.node_monitors.ResponseTimeMonitor$1 monitor
WARNING: Making jenkins-linux-8-core-build-slaveaaff00 offline because it’s not responding
--
Feb 22, 2018 5:00:17 PM hudson.node_monitors.ResponseTimeMonitor$1 monitor
WARNING: Making jenkins-linux-8-core-build-slaveaaff00 offline because it’s not responding
--
Feb 22, 2018 5:04:52 PM hudson.node_monitors.ResponseTimeMonitor$1 monitor
WARNING: Making jenkins-linux-8-core-build-slaveaaff00 offline because it’s not responding
--
Feb 22, 2018 5:11:45 PM hudson.node_monitors.ResponseTimeMonitor$1 monitor
WARNING: Making jenkins-linux-8-core-build-slaveaaff00 offline because it’s not responding
--
Feb 22, 2018 5:12:39 PM hudson.node_monitors.ResponseTimeMonitor$1 monitor
WARNING: Making jenkins-linux-8-core-build-slaveaaff00 offline because it’s not responding
--
Feb 22, 2018 5:15:10 PM hudson.node_monitors.ResponseTimeMonitor$1 monitor
WARNING: Making jenkins-linux-8-core-build-slaveaaff00 offline because it’s not responding
--
Feb 22, 2018 5:20:23 PM hudson.node_monitors.ResponseTimeMonitor$1 monitor
WARNING: Making jenkins-linux-8-core-build-slaveaaff00 offline because it’s not responding
--
Feb 22, 2018 5:20:48 PM hudson.node_monitors.ResponseTimeMonitor$1 monitor
WARNING: Making jenkins-linux-8-core-build-slaveaaff00 offline because it’s not responding
--
Feb 22, 2018 5:25:27 PM hudson.node_monitors.ResponseTimeMonitor$1 monitor
WARNING: Making jenkins-linux-8-core-build-slaveaaff00 offline because it’s not responding
--
Feb 22, 2018 5:25:45 PM hudson.node_monitors.ResponseTimeMonitor$1 monitor
WARNING: Making jenkins-linux-8-core-build-slaveaaff00 offline because it’s not responding
--
Feb 22, 2018 5:30:11 PM hudson.node_monitors.ResponseTimeMonitor$1 monitor
WARNING: Making jenkins-linux-8-core-build-slaveaaff00 offline because it’s not responding
--
Feb 22, 2018 5:30:20 PM hudson.node_monitors.ResponseTimeMonitor$1 monitor
WARNING: Making jenkins-linux-8-core-build-slaveaaff00 offline because it’s not responding
--
Feb 22, 2018 5:40:16 PM hudson.node_monitors.ResponseTimeMonitor$1 monitor
WARNING: Making jenkins-linux-8-core-build-slaveaaff00 offline because it’s not responding
--
Feb 22, 2018 5:40:35 PM hudson.node_monitors.ResponseTimeMonitor$1 monitor
WARNING: Making jenkins-linux-8-core-build-slaveaaff00 offline because it’s not responding
--
Feb 22, 2018 5:44:58 PM hudson.node_monitors.ResponseTimeMonitor$1 monitor
WARNING: Making jenkins-linux-8-core-build-slaveaaff00 offline because it’s not responding
--
Feb 22, 2018 5:50:20 PM hudson.node_monitors.ResponseTimeMonitor$1 monitor
WARNING: Making jenkins-linux-8-core-build-slaveaaff00 offline because it’s not responding
--
Feb 22, 2018 5:50:54 PM hudson.node_monitors.ResponseTimeMonitor$1 monitor
WARNING: Making jenkins-linux-8-core-build-slaveaaff00 offline because it’s not responding
--
Feb 22, 2018 5:55:03 PM hudson.node_monitors.ResponseTimeMonitor$1 monitor
WARNING: Making jenkins-linux-8-core-build-slaveaaff00 offline because it’s not responding
--
Feb 22, 2018 6:00:12 PM hudson.node_monitors.ResponseTimeMonitor$1 monitor
WARNING: Making jenkins-linux-8-core-build-slaveaaff00 offline because it’s not responding
--
Feb 22, 2018 6:00:50 PM hudson.node_monitors.ResponseTimeMonitor$1 monitor
WARNING: Making jenkins-linux-8-core-build-slaveaaff00 offline because it’s not responding
--
Feb 22, 2018 6:05:15 PM hudson.node_monitors.ResponseTimeMonitor$1 monitor
WARNING: Making jenkins-linux-8-core-build-slaveaaff00 offline because it’s not responding
--
Feb 22, 2018 6:11:40 PM hudson.node_monitors.ResponseTimeMonitor$1 monitor
WARNING: Making jenkins-linux-8-core-build-slaveaaff00 offline because it’s not responding
--
Feb 22, 2018 6:15:09 PM hudson.node_monitors.ResponseTimeMonitor$1 monitor
WARNING: Making jenkins-linux-8-core-build-slaveaaff00 offline because it’s not responding
--
Feb 22, 2018 6:26:31 PM hudson.node_monitors.ResponseTimeMonitor$1 monitor
WARNING: Making jenkins-linux-8-core-build-slaveaaff00 offline because it’s not responding
--
Feb 22, 2018 6:33:41 PM hudson.node_monitors.ResponseTimeMonitor$1 monitor
WARNING: Making jenkins-linux-8-core-build-slaveaaff00 offline because it’s not responding
--
Feb 22, 2018 6:33:55 PM hudson.node_monitors.ResponseTimeMonitor$1 monitor
WARNING: Making jenkins-linux-8-core-build-slaveaaff00 offline because it’s not responding
--
Feb 22, 2018 6:34:15 PM hudson.node_monitors.ResponseTimeMonitor$1 monitor
WARNING: Making jenkins-linux-8-core-build-slaveaaff00 offline because it’s not responding
--
Feb 22, 2018 6:34:35 PM hudson.node_monitors.ResponseTimeMonitor$1 monitor
WARNING: Making jenkins-linux-8-core-build-slaveaaff00 offline because it’s not responding
--
Feb 22, 2018 6:34:54 PM hudson.node_monitors.ResponseTimeMonitor$1 monitor
WARNING: Making jenkins-linux-8-core-build-slaveaaff00 offline because it’s not responding
--
Feb 22, 2018 6:35:16 PM hudson.node_monitors.ResponseTimeMonitor$1 monitor
WARNING: Making jenkins-linux-8-core-build-slaveaaff00 offline because it’s not responding
--
Feb 22, 2018 6:35:31 PM hudson.node_monitors.ResponseTimeMonitor$1 monitor
WARNING: Making jenkins-linux-8-core-build-slaveaaff00 offline because it’s not responding
--
Feb 22, 2018 6:35:57 PM hudson.node_monitors.ResponseTimeMonitor$1 monitor
WARNING: Making jenkins-linux-8-core-build-slaveaaff00 offline because it’s not responding
--
Feb 22, 2018 6:36:17 PM hudson.node_monitors.ResponseTimeMonitor$1 monitor
WARNING: Making jenkins-linux-8-core-build-slaveaaff00 offline because it’s not responding
--
Feb 22, 2018 6:43:39 PM hudson.node_monitors.ResponseTimeMonitor$1 monitor
WARNING: Making jenkins-linux-8-core-build-slaveaaff00 offline because it’s not responding
--
Feb 22, 2018 6:44:06 PM hudson.node_monitors.ResponseTimeMonitor$1 monitor
WARNING: Making jenkins-linux-8-core-build-slaveaaff00 offline because it’s not responding
--
Feb 22, 2018 6:55:39 PM hudson.node_monitors.ResponseTimeMonitor$1 monitor
WARNING: Making jenkins-linux-8-core-build-slaveaaff00 offline because it’s not responding
--
Feb 22, 2018 6:56:23 PM hudson.node_monitors.ResponseTimeMonitor$1 monitor
WARNING: Making jenkins-linux-8-core-build-slaveaaff00 offline because it’s not responding
--
Feb 22, 2018 7:05:19 PM hudson.node_monitors.ResponseTimeMonitor$1 monitor
WARNING: Making jenkins-linux-8-core-build-slaveaaff00 offline because it’s not responding
--
Feb 22, 2018 7:12:59 PM hudson.node_monitors.ResponseTimeMonitor$1 monitor
WARNING: Making jenkins-linux-8-core-build-slaveaaff00 offline because it’s not responding
--
Feb 22, 2018 7:13:44 PM hudson.node_monitors.ResponseTimeMonitor$1 monitor
WARNING: Making jenkins-linux-8-core-build-slaveaaff00 offline because it’s not responding
--
Feb 22, 2018 7:35:16 PM hudson.node_monitors.ResponseTimeMonitor$1 monitor
WARNING: Making jenkins-linux-8-core-build-slaveaaff00 offline because it’s not responding
--
Feb 22, 2018 7:40:15 PM hudson.node_monitors.ResponseTimeMonitor$1 monitor
WARNING: Making jenkins-linux-8-core-build-slaveaaff00 offline because it’s not responding
--
Feb 22, 2018 7:46:03 PM hudson.node_monitors.ResponseTimeMonitor$1 monitor
WARNING: Making jenkins-linux-8-core-build-slaveaaff00 offline because it’s not responding
--
Feb 22, 2018 8:11:48 PM hudson.node_monitors.ResponseTimeMonitor$1 monitor
WARNING: Making jenkins-linux-8-core-build-slaveaaff00 offline because it’s not responding
--
Feb 22, 2018 8:27:45 PM hudson.node_monitors.ResponseTimeMonitor$1 monitor
WARNING: Making jenkins-linux-8-core-build-slaveaaff00 offline because it’s not responding
--
Feb 22, 2018 8:35:24 PM hudson.node_monitors.ResponseTimeMonitor$1 monitor
WARNING: Making jenkins-linux-8-core-build-slaveaaff00 offline because it’s not responding
--
Feb 22, 2018 8:35:36 PM hudson.node_monitors.ResponseTimeMonitor$1 monitor
WARNING: Making jenkins-linux-8-core-build-slaveaaff00 offline because it’s not responding
--
Feb 22, 2018 8:36:08 PM hudson.node_monitors.ResponseTimeMonitor$1 monitor
WARNING: Making jenkins-linux-8-core-build-slaveaaff00 offline because it’s not responding
--
Feb 22, 2018 8:36:32 PM hudson.node_monitors.ResponseTimeMonitor$1 monitor
WARNING: Making jenkins-linux-8-core-build-slaveaaff00 offline because it’s not responding
--
Feb 22, 2018 8:37:08 PM hudson.node_monitors.ResponseTimeMonitor$1 monitor
WARNING: Making jenkins-linux-8-core-build-slaveaaff00 offline because it’s not responding
--
Feb 22, 2018 8:45:11 PM hudson.node_monitors.ResponseTimeMonitor$1 monitor
WARNING: Making jenkins-linux-8-core-build-slaveaaff00 offline because it’s not responding
--
Feb 22, 2018 8:45:57 PM hudson.node_monitors.ResponseTimeMonitor$1 monitor
WARNING: Making jenkins-linux-8-core-build-slaveaaff00 offline because it’s not responding
--
Feb 22, 2018 8:56:54 PM hudson.node_monitors.ResponseTimeMonitor$1 monitor
WARNING: Making jenkins-linux-8-core-build-slaveaaff00 offline because it’s not responding
--
Feb 22, 2018 9:08:55 PM hudson.node_monitors.ResponseTimeMonitor$1 monitor
WARNING: Making jenkins-linux-8-core-build-slaveaaff00 offline because it’s not responding
--
Feb 22, 2018 9:11:40 PM hudson.node_monitors.ResponseTimeMonitor$1 monitor
WARNING: Making jenkins-linux-8-core-build-slaveaaff00 offline because it’s not responding
--
Feb 22, 2018 9:30:24 PM hudson.node_monitors.ResponseTimeMonitor$1 monitor
WARNING: Making jenkins-linux-8-core-build-slaveaaff00 offline because it’s not responding
--
Feb 22, 2018 9:31:11 PM hudson.node_monitors.ResponseTimeMonitor$1 monitor
WARNING: Making jenkins-linux-8-core-build-slaveaaff00 offline because it’s not responding
--
Feb 22, 2018 9:32:37 PM hudson.node_monitors.ResponseTimeMonitor$1 monitor
WARNING: Making jenkins-linux-8-core-build-slaveaaff00 offline because it’s not responding
--
Feb 22, 2018 9:40:21 PM hudson.node_monitors.ResponseTimeMonitor$1 monitor
WARNING: Making jenkins-linux-8-core-build-slaveaaff00 offline because it’s not responding
--
Feb 22, 2018 9:40:36 PM hudson.node_monitors.ResponseTimeMonitor$1 monitor
WARNING: Making jenkins-linux-8-core-build-slaveaaff00 offline because it’s not responding
--
Feb 22, 2018 9:49:46 PM hudson.node_monitors.ResponseTimeMonitor$1 monitor
WARNING: Making jenkins-linux-8-core-build-slaveaaff00 offline because it’s not responding
--
Feb 22, 2018 9:57:49 PM hudson.node_monitors.ResponseTimeMonitor$1 monitor
WARNING: Making jenkins-linux-8-core-build-slaveaaff00 offline because it’s not responding
--
Feb 22, 2018 10:01:53 PM hudson.node_monitors.ResponseTimeMonitor$1 monitor
WARNING: Making jenkins-linux-8-core-build-slaveaaff00 offline because it’s not responding
--
Feb 22, 2018 10:02:03 PM hudson.node_monitors.ResponseTimeMonitor$1 monitor
WARNING: Making jenkins-linux-8-core-build-slaveaaff00 offline because it’s not responding
--
Feb 22, 2018 10:11:40 PM hudson.node_monitors.ResponseTimeMonitor$1 monitor
WARNING: Making jenkins-linux-8-core-build-slaveaaff00 offline because it’s not responding
--
Feb 22, 2018 10:12:17 PM hudson.node_monitors.ResponseTimeMonitor$1 monitor
WARNING: Making jenkins-linux-8-core-build-slaveaaff00 offline because it’s not responding
--
Feb 22, 2018 10:40:16 PM hudson.node_monitors.ResponseTimeMonitor$1 monitor
WARNING: Making jenkins-linux-8-core-build-slaveaaff00 offline because it’s not responding
--
Feb 22, 2018 10:40:46 PM hudson.node_monitors.ResponseTimeMonitor$1 monitor
WARNING: Making jenkins-linux-8-core-build-slaveaaff00 offline because it’s not responding
--
Feb 22, 2018 10:47:21 PM hudson.node_monitors.ResponseTimeMonitor$1 monitor
WARNING: Making jenkins-linux-8-core-build-slaveaaff00 offline because it’s not responding
--
Feb 22, 2018 10:51:54 PM hudson.node_monitors.ResponseTimeMonitor$1 monitor
WARNING: Making jenkins-linux-8-core-build-slaveaaff00 offline because it’s not responding
--
Feb 22, 2018 10:53:53 PM hudson.node_monitors.ResponseTimeMonitor$1 monitor
WARNING: Making jenkins-linux-8-core-build-slaveaaff00 offline because it’s not responding
--
Feb 22, 2018 11:01:46 PM hudson.node_monitors.ResponseTimeMonitor$1 monitor
WARNING: Making jenkins-linux-8-core-build-slaveaaff00 offline because it’s not responding
--
Feb 22, 2018 11:11:40 PM hudson.node_monitors.ResponseTimeMonitor$1 monitor
WARNING: Making jenkins-linux-8-core-build-slaveaaff00 offline because it’s not responding
--
Feb 22, 2018 11:30:11 PM hudson.node_monitors.ResponseTimeMonitor$1 monitor
WARNING: Making jenkins-linux-8-core-build-slaveaaff00 offline because it’s not responding
--
Feb 22, 2018 11:30:41 PM hudson.node_monitors.ResponseTimeMonitor$1 monitor
WARNING: Making jenkins-linux-8-core-build-slaveaaff00 offline because it’s not responding
--
Feb 22, 2018 11:45:11 PM hudson.node_monitors.ResponseTimeMonitor$1 monitor
WARNING: Making jenkins-linux-8-core-build-slaveaaff00 offline because it’s not responding
--
Feb 22, 2018 11:45:47 PM hudson.node_monitors.ResponseTimeMonitor$1 monitor
WARNING: Making jenkins-linux-8-core-build-slaveaaff00 offline because it’s not responding
--
Feb 22, 2018 11:49:35 PM hudson.node_monitors.ResponseTimeMonitor$1 monitor
WARNING: Making jenkins-linux-8-core-build-slaveaaff00 offline because it’s not responding
--
Feb 22, 2018 11:49:52 PM hudson.node_monitors.ResponseTimeMonitor$1 monitor
WARNING: Making jenkins-linux-8-core-build-slaveaaff00 offline because it’s not responding
--
Feb 22, 2018 11:50:16 PM hudson.node_monitors.ResponseTimeMonitor$1 monitor
WARNING: Making jenkins-linux-8-core-build-slaveaaff00 offline because it’s not responding
--
Feb 22, 2018 11:51:10 PM hudson.node_monitors.ResponseTimeMonitor$1 monitor
WARNING: Making jenkins-linux-8-core-build-slaveaaff00 offline because it’s not responding
--
Feb 22, 2018 11:55:00 PM hudson.node_monitors.ResponseTimeMonitor$1 monitor
WARNING: Making jenkins-linux-8-core-build-slaveaaff00 offline because it’s not responding
--
Feb 22, 2018 11:57:14 PM hudson.node_monitors.ResponseTimeMonitor$1 monitor
WARNING: Making jenkins-linux-8-core-build-slaveaaff00 offline because it’s not responding
--
Feb 22, 2018 11:59:42 PM hudson.node_monitors.ResponseTimeMonitor$1 monitor
WARNING: Making jenkins-linux-8-core-build-slaveaaff00 offline because it’s not responding
--
Feb 23, 2018 12:01:50 AM hudson.node_monitors.ResponseTimeMonitor$1 monitor
WARNING: Making jenkins-linux-8-core-build-slaveaaff00 offline because it’s not responding
--
Feb 23, 2018 12:02:57 AM hudson.node_monitors.ResponseTimeMonitor$1 monitor
WARNING: Making jenkins-linux-8-core-build-slaveaaff00 offline because it’s not responding
--
Feb 23, 2018 12:11:40 AM hudson.node_monitors.ResponseTimeMonitor$1 monitor
WARNING: Making jenkins-linux-8-core-build-slaveaaff00 offline because it’s not responding
--
Feb 23, 2018 12:11:45 AM hudson.node_monitors.ResponseTimeMonitor$1 monitor
WARNING: Making jenkins-linux-8-core-build-slaveaaff00 offline because it’s not responding
--
Feb 23, 2018 12:12:54 AM hudson.node_monitors.ResponseTimeMonitor$1 monitor
WARNING: Making jenkins-linux-8-core-build-slaveaaff00 offline because it’s not responding
--
Feb 23, 2018 12:13:25 AM hudson.node_monitors.ResponseTimeMonitor$1 monitor
WARNING: Making jenkins-linux-8-core-build-slaveaaff00 offline because it’s not responding
--
Feb 23, 2018 12:19:01 AM hudson.node_monitors.ResponseTimeMonitor$1 monitor
WARNING: Making jenkins-linux-8-core-build-slaveaaff00 offline because it’s not responding
--
Feb 23, 2018 12:22:35 AM hudson.node_monitors.ResponseTimeMonitor$1 monitor
WARNING: Making jenkins-linux-8-core-build-slaveaaff00 offline because it’s not responding
--
Feb 23, 2018 12:29:45 AM hudson.node_monitors.ResponseTimeMonitor$1 monitor
WARNING: Making jenkins-linux-8-core-build-slaveaaff00 offline because it’s not responding
--
Feb 23, 2018 12:45:11 AM hudson.node_monitors.ResponseTimeMonitor$1 monitor
WARNING: Making jenkins-linux-8-core-build-slaveaaff00 offline because it’s not responding
--
Feb 23, 2018 12:45:27 AM hudson.node_monitors.ResponseTimeMonitor$1 monitor
WARNING: Making jenkins-linux-8-core-build-slaveaaff00 offline because it’s not responding
--
Feb 23, 2018 12:52:43 AM hudson.node_monitors.ResponseTimeMonitor$1 monitor
WARNING: Making jenkins-linux-8-core-build-slaveaaff00 offline because it’s not responding
--
Feb 23, 2018 12:59:50 AM hudson.node_monitors.ResponseTimeMonitor$1 monitor
WARNING: Making jenkins-linux-8-core-build-slaveaaff00 offline because it’s not responding
--
Feb 23, 2018 1:04:54 AM hudson.node_monitors.ResponseTimeMonitor$1 monitor
WARNING: Making jenkins-linux-8-core-build-slaveaaff00 offline because it’s not responding
--
Feb 23, 2018 1:05:11 AM hudson.node_monitors.ResponseTimeMonitor$1 monitor
WARNING: Making jenkins-linux-8-core-build-slaveaaff00 offline because it’s not responding
--
Feb 23, 2018 1:05:41 AM hudson.node_monitors.ResponseTimeMonitor$1 monitor
WARNING: Making jenkins-linux-8-core-build-slaveaaff00 offline because it’s not responding
--
Feb 23, 2018 1:11:40 AM hudson.node_monitors.ResponseTimeMonitor$1 monitor
WARNING: Making jenkins-linux-8-core-build-slaveaaff00 offline because it’s not responding
--
Feb 23, 2018 1:14:44 AM hudson.node_monitors.ResponseTimeMonitor$1 monitor
WARNING: Making jenkins-linux-8-core-build-slaveaaff00 offline because it’s not responding
--
Feb 23, 2018 1:17:02 AM hudson.node_monitors.ResponseTimeMonitor$1 monitor
WARNING: Making jenkins-linux-8-core-build-slaveaaff00 offline because it’s not responding
--
Feb 23, 2018 1:24:16 AM hudson.node_monitors.ResponseTimeMonitor$1 monitor
WARNING: Making jenkins-linux-8-core-build-slaveaaff00 offline because it’s not responding
--
Feb 23, 2018 2:11:41 AM hudson.node_monitors.ResponseTimeMonitor$1 monitor
WARNING: Making jenkins-linux-8-core-build-slaveaaff00 offline because it’s not responding
--
Feb 23, 2018 2:25:16 AM hudson.node_monitors.ResponseTimeMonitor$1 monitor
WARNING: Making jenkins-linux-8-core-build-slaveaaff00 offline because it’s not responding
--
Feb 23, 2018 2:26:14 AM hudson.node_monitors.ResponseTimeMonitor$1 monitor
WARNING: Making jenkins-linux-8-core-build-slaveaaff00 offline because it’s not responding
--
Feb 23, 2018 3:11:40 AM hudson.node_monitors.ResponseTimeMonitor$1 monitor
WARNING: Making jenkins-linux-8-core-build-slaveaaff00 offline because it’s not responding
--
Feb 23, 2018 3:43:23 AM hudson.node_monitors.ResponseTimeMonitor$1 monitor
WARNING: Making jenkins-linux-8-core-build-slaveaaff00 offline because it’s not responding
--
Feb 23, 2018 3:56:32 AM hudson.node_monitors.ResponseTimeMonitor$1 monitor
WARNING: Making jenkins-linux-8-core-build-slaveaaff00 offline because it’s not responding
--
Feb 23, 2018 4:11:40 AM hudson.node_monitors.ResponseTimeMonitor$1 monitor
WARNING: Making jenkins-linux-8-core-build-slaveaaff00 offline because it’s not responding
--
Feb 23, 2018 5:11:40 AM hudson.node_monitors.ResponseTimeMonitor$1 monitor
WARNING: Making jenkins-linux-8-core-build-slaveaaff00 offline because it’s not responding
--
Feb 23, 2018 6:11:40 AM hudson.node_monitors.ResponseTimeMonitor$1 monitor
WARNING: Making jenkins-linux-8-core-build-slaveaaff00 offline because it’s not responding
--
Feb 23, 2018 7:11:40 AM hudson.node_monitors.ResponseTimeMonitor$1 monitor
WARNING: Making jenkins-linux-8-core-build-slaveaaff00 offline because it’s not responding
--
Feb 23, 2018 8:11:40 AM hudson.node_monitors.ResponseTimeMonitor$1 monitor
WARNING: Making jenkins-linux-8-core-build-slaveaaff00 offline because it’s not responding
--
Feb 23, 2018 9:11:40 AM hudson.node_monitors.ResponseTimeMonitor$1 monitor
WARNING: Making jenkins-linux-8-core-build-slaveaaff00 offline because it’s not responding
--
Feb 23, 2018 10:00:16 AM hudson.node_monitors.ResponseTimeMonitor$1 monitor
WARNING: Making jenkins-linux-8-core-build-slaveaaff00 offline because it’s not responding
--
Feb 23, 2018 10:00:36 AM hudson.node_monitors.ResponseTimeMonitor$1 monitor
WARNING: Making jenkins-linux-8-core-build-slaveaaff00 offline because it’s not responding
--
Feb 23, 2018 10:11:40 AM hudson.node_monitors.ResponseTimeMonitor$1 monitor
WARNING: Making jenkins-linux-8-core-build-slaveaaff00 offline because it’s not responding
--
Feb 23, 2018 10:15:17 AM hudson.node_monitors.ResponseTimeMonitor$1 monitor
WARNING: Making jenkins-linux-8-core-build-slaveaaff00 offline because it’s not responding
--
Feb 23, 2018 10:16:20 AM hudson.node_monitors.ResponseTimeMonitor$1 monitor
WARNING: Making jenkins-linux-8-core-build-slaveaaff00 offline because it’s not responding
--
Feb 23, 2018 10:17:31 AM hudson.node_monitors.ResponseTimeMonitor$1 monitor
WARNING: Making jenkins-linux-8-core-build-slaveaaff00 offline because it’s not responding
--
Feb 23, 2018 10:32:06 AM hudson.node_monitors.ResponseTimeMonitor$1 monitor
WARNING: Making jenkins-linux-8-core-build-slaveaaff00 offline because it’s not responding
--
Feb 23, 2018 10:49:52 AM hudson.node_monitors.ResponseTimeMonitor$1 monitor
WARNING: Making jenkins-linux-8-core-build-slaveaaff00 offline because it’s not responding
--
Feb 23, 2018 10:56:51 AM hudson.node_monitors.ResponseTimeMonitor$1 monitor
WARNING: Making jenkins-linux-8-core-build-slaveaaff00 offline because it’s not responding
--
Feb 23, 2018 10:59:30 AM hudson.node_monitors.ResponseTimeMonitor$1 monitor
WARNING: Making jenkins-linux-8-core-build-slaveaaff00 offline because it’s not responding
--
Feb 23, 2018 11:01:47 AM hudson.node_monitors.ResponseTimeMonitor$1 monitor
WARNING: Making jenkins-linux-8-core-build-slaveaaff00 offline because it’s not responding
--
Feb 23, 2018 11:04:27 AM hudson.node_monitors.ResponseTimeMonitor$1 monitor
WARNING: Making jenkins-linux-8-core-build-slaveaaff00 offline because it’s not responding
--
Feb 23, 2018 11:05:11 AM hudson.node_monitors.ResponseTimeMonitor$1 monitor
WARNING: Making jenkins-linux-8-core-build-slaveaaff00 offline because it’s not responding
--
Feb 23, 2018 11:06:02 AM hudson.node_monitors.ResponseTimeMonitor$1 monitor
WARNING: Making jenkins-linux-8-core-build-slaveaaff00 offline because it’s not responding
