Jul 29, 2011 1:00:00 AM org.apache.coyote.http11.Http11BaseProtocol pause
INFO: Pausing Coyote HTTP/1.1 on http-8080
Jul 29, 2011 1:00:01 AM org.apache.catalina.core.StandardService stop
INFO: Stopping service Catalina
Jul 29, 2011 1:00:01 AM org.apache.catalina.core.StandardWrapper unload
INFO: Waiting for 1 instance(s) to be deallocated
Jul 29, 2011 1:00:03 AM org.apache.catalina.core.StandardWrapper unload
INFO: Waiting for 1 instance(s) to be deallocated
Jul 29, 2011 1:00:04 AM org.apache.catalina.core.StandardWrapper unload
INFO: Waiting for 1 instance(s) to be deallocated
Jul 29, 2011 1:00:04 AM hudson.PluginWrapper stop
INFO: Stopping active-directory
Jul 29, 2011 1:00:04 AM hudson.PluginWrapper stop
INFO: Stopping analysis-core
Jul 29, 2011 1:00:04 AM hudson.PluginWrapper stop
INFO: Stopping build-timeout
Jul 29, 2011 1:00:04 AM hudson.PluginWrapper stop
INFO: Stopping claim
Jul 29, 2011 1:00:04 AM hudson.PluginWrapper stop
INFO: Stopping cvs
Jul 29, 2011 1:00:04 AM hudson.PluginWrapper stop
INFO: Stopping email-ext
Jul 29, 2011 1:00:04 AM hudson.PluginWrapper stop
INFO: Stopping maven-plugin
Jul 29, 2011 1:00:04 AM hudson.PluginWrapper stop
INFO: Stopping scis-ad
Jul 29, 2011 1:00:04 AM hudson.PluginWrapper stop
INFO: Stopping sonar
Jul 29, 2011 1:00:04 AM hudson.PluginWrapper stop
INFO: Stopping ssh-slaves
Jul 29, 2011 1:00:04 AM hudson.PluginWrapper stop
INFO: Stopping subversion
Jul 29, 2011 1:00:04 AM hudson.PluginWrapper stop
INFO: Stopping vmware
Jul 29, 2011 1:00:04 AM hudson.PluginWrapper stop
INFO: Stopping warnings
Jul 29, 2011 1:00:04 AM hudson.model.Executor run
SEVERE: Executor throw an exception unexpectedly
java.lang.NullPointerException
	at hudson.model.listeners.RunListener.all(RunListener.java:167)
	at hudson.model.listeners.RunListener.fireFinalized(RunListener.java:147)
	at hudson.model.Run.onEndBuilding(Run.java:1320)
	at hudson.model.Run.run(Run.java:1268)
	at hudson.model.FreeStyleBuild.run(FreeStyleBuild.java:46)
	at hudson.model.ResourceController.execute(ResourceController.java:88)
	at hudson.model.Executor.run(Executor.java:122)
Jul 29, 2011 1:00:18 AM org.apache.coyote.http11.Http11BaseProtocol destroy
INFO: Stopping Coyote HTTP/1.1 on http-8080
Jul 29, 2011 1:00:18 AM org.apache.catalina.core.AprLifecycleListener lifecycleEvent
INFO: Failed shutdown of Apache Portable Runtime
Jul 29, 2011 1:00:36 AM org.apache.catalina.core.AprLifecycleListener lifecycleEvent
INFO: The Apache Tomcat Native library which allows optimal performance in production environments was not found on the java.library.path: C:\Program Files\Apache Software Foundation\Tomcat 5.5\bin;.;C:\WINDOWS\Sun\Java\bin;C:\WINDOWS\system32;C:\WINDOWS;C:\Program Files\Java\jdk1.6.0_17\bin;C:\WINDOWS\system32;C:\WINDOWS;C:\WINDOWS\System32\Wbem;C:\Program Files\Subversion\bin;C:\Program Files\TortoiseSVN\bin;C:\Maven_2.08\bin;C:\Program Files\Microsoft SQL Server\90\Tools\binn\
Jul 29, 2011 1:00:37 AM org.apache.coyote.http11.Http11BaseProtocol init
INFO: Initializing Coyote HTTP/1.1 on http-8080
Jul 29, 2011 1:00:37 AM org.apache.catalina.startup.Catalina load
INFO: Initialization processed in 6766 ms
Jul 29, 2011 1:00:38 AM org.apache.catalina.core.StandardService start
INFO: Starting service Catalina
Jul 29, 2011 1:00:38 AM org.apache.catalina.core.StandardEngine start
INFO: Starting Servlet Engine: Apache Tomcat/5.5.28
Jul 29, 2011 1:00:38 AM org.apache.catalina.core.StandardHost start
INFO: XML validation disabled
Jul 29, 2011 1:00:41 AM org.apache.catalina.startup.HostConfig deployWAR
INFO: Deploying web application archive hudson.war
Jul 29, 2011 1:00:58 AM org.apache.coyote.http11.Http11BaseProtocol start
INFO: Starting Coyote HTTP/1.1 on http-8080
Jul 29, 2011 1:00:58 AM org.apache.jk.common.ChannelSocket init
INFO: JK: ajp13 listening on /0.0.0.0:8009
Jul 29, 2011 1:00:59 AM org.apache.jk.server.JkMain start
INFO: Jk running ID=0 time=0/125  config=null
Jul 29, 2011 1:00:59 AM org.apache.catalina.storeconfig.StoreLoader load
INFO: Find registry server-registry.xml at classpath resource
Jul 29, 2011 1:00:59 AM org.apache.catalina.startup.Catalina start
INFO: Server startup in 21750 ms
Jul 29, 2011 1:01:01 AM hudson.model.Hudson$4 onAttained
INFO: Started initialization
Jul 29, 2011 1:01:03 AM hudson.model.Hudson$4 onAttained
INFO: Listed all plugins
Jul 29, 2011 1:01:09 AM hudson.model.Hudson$4 onAttained
INFO: Prepared all plugins
Jul 29, 2011 1:01:09 AM hudson.model.Hudson$4 onAttained
INFO: Started all plugins
Jul 29, 2011 1:06:23 AM hudson.model.Hudson$4 onAttained
INFO: Loaded all jobs
Jul 29, 2011 1:06:27 AM hudson.model.Hudson$4 onAttained
INFO: Completed initialization
Jul 29, 2011 1:06:30 AM org.springframework.context.support.AbstractApplicationContext prepareRefresh
INFO: Refreshing org.springframework.web.context.support.StaticWebApplicationContext@5a1e6b: display name [Root WebApplicationContext]; startup date [Fri Jul 29 01:06:30 EDT 2011]; root of context hierarchy
Jul 29, 2011 1:06:30 AM org.springframework.context.support.AbstractApplicationContext obtainFreshBeanFactory
INFO: Bean factory for application context [org.springframework.web.context.support.StaticWebApplicationContext@5a1e6b]: org.springframework.beans.factory.support.DefaultListableBeanFactory@e2b745
Jul 29, 2011 1:06:30 AM org.springframework.beans.factory.support.DefaultListableBeanFactory preInstantiateSingletons
INFO: Pre-instantiating singletons in org.springframework.beans.factory.support.DefaultListableBeanFactory@e2b745: defining beans [daoAuthenticationProvider,authenticationManager,userDetailsService]; root of factory hierarchy
Jul 29, 2011 1:06:31 AM org.springframework.context.support.AbstractApplicationContext prepareRefresh
INFO: Refreshing org.springframework.web.context.support.StaticWebApplicationContext@145132: display name [Root WebApplicationContext]; startup date [Fri Jul 29 01:06:31 EDT 2011]; root of context hierarchy
Jul 29, 2011 1:06:31 AM org.springframework.context.support.AbstractApplicationContext obtainFreshBeanFactory
INFO: Bean factory for application context [org.springframework.web.context.support.StaticWebApplicationContext@145132]: org.springframework.beans.factory.support.DefaultListableBeanFactory@5a0faf
Jul 29, 2011 1:06:31 AM org.springframework.beans.factory.support.DefaultListableBeanFactory preInstantiateSingletons
INFO: Pre-instantiating singletons in org.springframework.beans.factory.support.DefaultListableBeanFactory@5a0faf: defining beans [filter,legacy]; root of factory hierarchy
Jul 29, 2011 1:06:32 AM hudson.TcpSlaveAgentListener <init>
INFO: JNLP slave agent listener started on TCP port 1303
Jul 29, 2011 6:23:16 AM hudson.model.AsyncPeriodicWork$1 run
INFO: Started Fingerprint cleanup
Jul 29, 2011 6:27:36 AM hudson.model.FingerprintCleanupThread execute
INFO: Cleaned up 186 records
Jul 29, 2011 6:27:36 AM hudson.model.AsyncPeriodicWork$1 run
INFO: Finished Fingerprint cleanup. 260172 ms
Jul 29, 2011 9:25:35 AM hudson.model.AsyncPeriodicWork$1 run
INFO: Started Workspace clean-up
Jul 29, 2011 9:25:35 AM hudson.model.AsyncPeriodicWork$1 run
INFO: Finished Workspace clean-up. 31 ms
