2021-08-24 00:30:33.971+0000 [id=17617]	INFO	hudson.model.AsyncPeriodicWork#lambda$doRun$0: Started jobAnalytics
2021-08-24 00:30:33.977+0000 [id=17617]	INFO	hudson.model.AsyncPeriodicWork#lambda$doRun$0: Finished jobAnalytics. 5 ms
2021-08-24 00:44:22.892+0000 [id=17634]	INFO	hudson.model.AsyncPeriodicWork#lambda$doRun$0: Started Periodic background build discarder
2021-08-24 00:44:22.921+0000 [id=17634]	INFO	hudson.model.AsyncPeriodicWork#lambda$doRun$0: Finished Periodic background build discarder. 28 ms
2021-08-24 01:44:22.947+0000 [id=17826]	INFO	hudson.model.AsyncPeriodicWork#lambda$doRun$0: Started Periodic background build discarder
2021-08-24 01:44:22.950+0000 [id=17826]	INFO	hudson.model.AsyncPeriodicWork#lambda$doRun$0: Finished Periodic background build discarder. 3 ms
2021-08-24 02:44:22.992+0000 [id=17924]	INFO	hudson.model.AsyncPeriodicWork#lambda$doRun$0: Started Periodic background build discarder
2021-08-24 02:44:23.021+0000 [id=17924]	INFO	hudson.model.AsyncPeriodicWork#lambda$doRun$0: Finished Periodic background build discarder. 27 ms
2021-08-24 03:44:23.062+0000 [id=18133]	INFO	hudson.model.AsyncPeriodicWork#lambda$doRun$0: Started Periodic background build discarder
2021-08-24 03:44:23.093+0000 [id=18133]	INFO	hudson.model.AsyncPeriodicWork#lambda$doRun$0: Finished Periodic background build discarder. 27 ms
2021-08-24 04:44:23.126+0000 [id=18340]	INFO	hudson.model.AsyncPeriodicWork#lambda$doRun$0: Started Periodic background build discarder
2021-08-24 04:44:23.157+0000 [id=18340]	INFO	hudson.model.AsyncPeriodicWork#lambda$doRun$0: Finished Periodic background build discarder. 30 ms
2021-08-24 05:44:23.173+0000 [id=18428]	INFO	hudson.model.AsyncPeriodicWork#lambda$doRun$0: Started Periodic background build discarder
2021-08-24 05:44:23.178+0000 [id=18428]	INFO	hudson.model.AsyncPeriodicWork#lambda$doRun$0: Finished Periodic background build discarder. 4 ms
2021-08-24 06:44:23.208+0000 [id=18643]	INFO	hudson.model.AsyncPeriodicWork#lambda$doRun$0: Started Periodic background build discarder
2021-08-24 06:44:23.238+0000 [id=18643]	INFO	hudson.model.AsyncPeriodicWork#lambda$doRun$0: Finished Periodic background build discarder. 28 ms
2021-08-24 06:55:10.225+0000 [id=18656]	INFO	j.b.MultiBranchProject$BranchIndexing#run: Webtrack #20210824.075506 branch indexing action completed: SUCCESS in 3.4 sec
2021-08-24 07:44:23.300+0000 [id=18878]	INFO	hudson.model.AsyncPeriodicWork#lambda$doRun$0: Started Periodic background build discarder
2021-08-24 07:44:23.330+0000 [id=18878]	INFO	hudson.model.AsyncPeriodicWork#lambda$doRun$0: Finished Periodic background build discarder. 27 ms
2021-08-24 08:29:50.397+0000 [id=17]	INFO	h.p.a.ActiveDirectoryAuthenticationProvider#<init>: Active Directory domain is DC=scott-tod,DC=com
2021-08-24 08:44:23.326+0000 [id=19091]	INFO	hudson.model.AsyncPeriodicWork#lambda$doRun$0: Started Periodic background build discarder
2021-08-24 08:44:23.356+0000 [id=19091]	INFO	hudson.model.AsyncPeriodicWork#lambda$doRun$0: Finished Periodic background build discarder. 29 ms
