Error while serving http://jenkins.server/portlet/dashboard_portlet_8811//warningsGraph/png
java.lang.reflect.InvocationTargetException
    at sun.reflect.NativeMethodAccessorImpl.invoke0(Native Method)
    at sun.reflect.NativeMethodAccessorImpl.invoke(NativeMethodAccessorImpl.java:62)
    at sun.reflect.DelegatingMethodAccessorImpl.invoke(DelegatingMethodAccessorImpl.java:43)
    at java.lang.reflect.Method.invoke(Method.java:498)
    at org.kohsuke.stapler.Function$InstanceFunction.invoke(Function.java:320)
    at org.kohsuke.stapler.Function.bindAndInvoke(Function.java:163)
    at org.kohsuke.stapler.Function.bindAndInvokeAndServeResponse(Function.java:96)
    at org.kohsuke.stapler.MetaClass$1.doDispatch(MetaClass.java:124)
    at org.kohsuke.stapler.NameBasedDispatcher.dispatch(NameBasedDispatcher.java:58)
    at org.kohsuke.stapler.Stapler.tryInvoke(Stapler.java:746)
    at org.kohsuke.stapler.Stapler.invoke(Stapler.java:876)
    at org.kohsuke.stapler.MetaClass$3.doDispatch(MetaClass.java:196)
    at org.kohsuke.stapler.NameBasedDispatcher.dispatch(NameBasedDispatcher.java:58)
    at org.kohsuke.stapler.Stapler.tryInvoke(Stapler.java:746)
    at org.kohsuke.stapler.Stapler.invoke(Stapler.java:876)
    at org.kohsuke.stapler.MetaClass$5.doDispatch(MetaClass.java:233)
    at org.kohsuke.stapler.NameBasedDispatcher.dispatch(NameBasedDispatcher.java:58)
    at org.kohsuke.stapler.Stapler.tryInvoke(Stapler.java:746)
    at org.kohsuke.stapler.Stapler.invoke(Stapler.java:876)
    at org.kohsuke.stapler.Stapler.tryInvoke(Stapler.java:813)
    at org.kohsuke.stapler.Stapler.invoke(Stapler.java:876)
    at org.kohsuke.stapler.Stapler.invoke(Stapler.java:649)
    at org.kohsuke.stapler.Stapler.service(Stapler.java:238)
    at javax.servlet.http.HttpServlet.service(HttpServlet.java:848)
    at org.eclipse.jetty.servlet.ServletHolder.handle(ServletHolder.java:686)
    at org.eclipse.jetty.servlet.ServletHandler$CachedChain.doFilter(ServletHandler.java:1494)
    at hudson.util.PluginServletFilter$1.doFilter(PluginServletFilter.java:135)
    at hudson.util.PluginServletFilter.doFilter(PluginServletFilter.java:126)
    at org.eclipse.jetty.servlet.ServletHandler$CachedChain.doFilter(ServletHandler.java:1482)
    at hudson.security.csrf.CrumbFilter.doFilter(CrumbFilter.java:49)
    at org.eclipse.jetty.servlet.ServletHandler$CachedChain.doFilter(ServletHandler.java:1482)
    at hudson.security.ChainedServletFilter$1.doFilter(ChainedServletFilter.java:84)
    at hudson.security.ChainedServletFilter.doFilter(ChainedServletFilter.java:76)
    at hudson.security.HudsonFilter.doFilter(HudsonFilter.java:171)
    at org.eclipse.jetty.servlet.ServletHandler$CachedChain.doFilter(ServletHandler.java:1482)
    at org.kohsuke.stapler.compression.CompressionFilter.doFilter(CompressionFilter.java:49)
    at org.eclipse.jetty.servlet.ServletHandler$CachedChain.doFilter(ServletHandler.java:1482)
    at hudson.util.CharacterEncodingFilter.doFilter(CharacterEncodingFilter.java:81)
    at org.eclipse.jetty.servlet.ServletHandler$CachedChain.doFilter(ServletHandler.java:1482)
    at org.kohsuke.stapler.DiagnosticThreadNameFilter.doFilter(DiagnosticThreadNameFilter.java:30)
    at org.eclipse.jetty.servlet.ServletHandler$CachedChain.doFilter(ServletHandler.java:1474)
    at org.eclipse.jetty.servlet.ServletHandler.doHandle(ServletHandler.java:499)
    at org.eclipse.jetty.server.handler.ScopedHandler.handle(ScopedHandler.java:137)
    at org.eclipse.jetty.security.SecurityHandler.handle(SecurityHandler.java:533)
    at org.eclipse.jetty.server.session.SessionHandler.doHandle(SessionHandler.java:231)
    at org.eclipse.jetty.server.handler.ContextHandler.doHandle(ContextHandler.java:1086)
    at org.eclipse.jetty.servlet.ServletHandler.doScope(ServletHandler.java:428)
    at org.eclipse.jetty.server.session.SessionHandler.doScope(SessionHandler.java:193)
    at org.eclipse.jetty.server.handler.ContextHandler.doScope(ContextHandler.java:1020)
    at org.eclipse.jetty.server.handler.ScopedHandler.handle(ScopedHandler.java:135)
    at org.eclipse.jetty.server.handler.HandlerWrapper.handle(HandlerWrapper.java:116)
    at org.eclipse.jetty.server.Server.handle(Server.java:370)
    at org.eclipse.jetty.server.AbstractHttpConnection.handleRequest(AbstractHttpConnection.java:489)
    at org.eclipse.jetty.server.AbstractHttpConnection.headerComplete(AbstractHttpConnection.java:949)
    at org.eclipse.jetty.server.AbstractHttpConnection$RequestHandler.headerComplete(AbstractHttpConnection.java:1011)
    at org.eclipse.jetty.http.HttpParser.parseNext(HttpParser.java:644)
    at org.eclipse.jetty.http.HttpParser.parseAvailable(HttpParser.java:235)
    at org.eclipse.jetty.server.AsyncHttpConnection.handle(AsyncHttpConnection.java:82)
    at org.eclipse.jetty.io.nio.SelectChannelEndPoint.handle(SelectChannelEndPoint.java:668)
    at org.eclipse.jetty.io.nio.SelectChannelEndPoint$1.run(SelectChannelEndPoint.java:52)
    at winstone.BoundedExecutorService$1.run(BoundedExecutorService.java:77)
    at java.util.concurrent.ThreadPoolExecutor.runWorker(ThreadPoolExecutor.java:1142)
    at java.util.concurrent.ThreadPoolExecutor$Worker.run(ThreadPoolExecutor.java:617)
    at java.lang.Thread.run(Thread.java:745)
Caused by: java.lang.NoSuchMethodError: org.joda.time.LocalDate.compareTo(Lorg/joda/time/ReadablePartial;)I
    at hudson.plugins.analysis.graph.LocalDateLabel.compareTo(LocalDateLabel.java:25)
    at hudson.plugins.analysis.graph.LocalDateLabel.compareTo(LocalDateLabel.java:10)
    at java.util.TreeMap.compare(TreeMap.java:1290)
    at java.util.TreeMap.put(TreeMap.java:538)
    at java.util.TreeSet.add(TreeSet.java:255)
    at java.util.AbstractCollection.addAll(AbstractCollection.java:344)
    at java.util.TreeSet.addAll(TreeSet.java:312)
    at java.util.TreeSet.<init>(TreeSet.java:160)
    at hudson.util.DataSetBuilder.build(DataSetBuilder.java:61)
    at hudson.plugins.analysis.graph.CategoryBuildResultGraph.createDatasetPerDay(CategoryBuildResultGraph.java:309)
    at hudson.plugins.analysis.graph.CategoryBuildResultGraph.createAggregation(CategoryBuildResultGraph.java:96)
    at hudson.plugins.analysis.graph.BuildResultGraph$2.createGraph(BuildResultGraph.java:263)
    at hudson.util.Graph.render(Graph.java:93)
    at hudson.util.Graph.doPng(Graph.java:120)
    ... 64 more

Jun 29, 2016 8:21:13 PM WARNING org.eclipse.jetty.util.log.JavaUtilLog warn

Error while serving http://jenkins.server/portlet/dashboard_portlet_8811//warningsGraph/map
java.lang.reflect.InvocationTargetException
    at sun.reflect.NativeMethodAccessorImpl.invoke0(Native Method)
    at sun.reflect.NativeMethodAccessorImpl.invoke(NativeMethodAccessorImpl.java:62)
    at sun.reflect.DelegatingMethodAccessorImpl.invoke(DelegatingMethodAccessorImpl.java:43)
    at java.lang.reflect.Method.invoke(Method.java:498)
    at org.kohsuke.stapler.Function$InstanceFunction.invoke(Function.java:320)
    at org.kohsuke.stapler.Function.bindAndInvoke(Function.java:163)
    at org.kohsuke.stapler.Function.bindAndInvokeAndServeResponse(Function.java:96)
    at org.kohsuke.stapler.MetaClass$1.doDispatch(MetaClass.java:124)
    at org.kohsuke.stapler.NameBasedDispatcher.dispatch(NameBasedDispatcher.java:58)
    at org.kohsuke.stapler.Stapler.tryInvoke(Stapler.java:746)
    at org.kohsuke.stapler.Stapler.invoke(Stapler.java:876)
    at org.kohsuke.stapler.MetaClass$3.doDispatch(MetaClass.java:196)
    at org.kohsuke.stapler.NameBasedDispatcher.dispatch(NameBasedDispatcher.java:58)
    at org.kohsuke.stapler.Stapler.tryInvoke(Stapler.java:746)
    at org.kohsuke.stapler.Stapler.invoke(Stapler.java:876)
    at org.kohsuke.stapler.MetaClass$5.doDispatch(MetaClass.java:233)
    at org.kohsuke.stapler.NameBasedDispatcher.dispatch(NameBasedDispatcher.java:58)
    at org.kohsuke.stapler.Stapler.tryInvoke(Stapler.java:746)
    at org.kohsuke.stapler.Stapler.invoke(Stapler.java:876)
    at org.kohsuke.stapler.Stapler.tryInvoke(Stapler.java:813)
    at org.kohsuke.stapler.Stapler.invoke(Stapler.java:876)
    at org.kohsuke.stapler.Stapler.invoke(Stapler.java:649)
    at org.kohsuke.stapler.Stapler.service(Stapler.java:238)
    at javax.servlet.http.HttpServlet.service(HttpServlet.java:848)
    at org.eclipse.jetty.servlet.ServletHolder.handle(ServletHolder.java:686)
    at org.eclipse.jetty.servlet.ServletHandler$CachedChain.doFilter(ServletHandler.java:1494)
    at hudson.util.PluginServletFilter$1.doFilter(PluginServletFilter.java:135)
    at hudson.util.PluginServletFilter.doFilter(PluginServletFilter.java:126)
    at org.eclipse.jetty.servlet.ServletHandler$CachedChain.doFilter(ServletHandler.java:1482)
    at hudson.security.csrf.CrumbFilter.doFilter(CrumbFilter.java:49)
    at org.eclipse.jetty.servlet.ServletHandler$CachedChain.doFilter(ServletHandler.java:1482)
    at hudson.security.ChainedServletFilter$1.doFilter(ChainedServletFilter.java:84)
    at hudson.security.ChainedServletFilter.doFilter(ChainedServletFilter.java:76)
    at hudson.security.HudsonFilter.doFilter(HudsonFilter.java:171)
    at org.eclipse.jetty.servlet.ServletHandler$CachedChain.doFilter(ServletHandler.java:1482)
    at org.kohsuke.stapler.compression.CompressionFilter.doFilter(CompressionFilter.java:49)
    at org.eclipse.jetty.servlet.ServletHandler$CachedChain.doFilter(ServletHandler.java:1482)
    at hudson.util.CharacterEncodingFilter.doFilter(CharacterEncodingFilter.java:81)
    at org.eclipse.jetty.servlet.ServletHandler$CachedChain.doFilter(ServletHandler.java:1482)
    at org.kohsuke.stapler.DiagnosticThreadNameFilter.doFilter(DiagnosticThreadNameFilter.java:30)
    at org.eclipse.jetty.servlet.ServletHandler$CachedChain.doFilter(ServletHandler.java:1474)
    at org.eclipse.jetty.servlet.ServletHandler.doHandle(ServletHandler.java:499)
    at org.eclipse.jetty.server.handler.ScopedHandler.handle(ScopedHandler.java:137)
    at org.eclipse.jetty.security.SecurityHandler.handle(SecurityHandler.java:533)
    at org.eclipse.jetty.server.session.SessionHandler.doHandle(SessionHandler.java:231)
    at org.eclipse.jetty.server.handler.ContextHandler.doHandle(ContextHandler.java:1086)
    at org.eclipse.jetty.servlet.ServletHandler.doScope(ServletHandler.java:428)
    at org.eclipse.jetty.server.session.SessionHandler.doScope(SessionHandler.java:193)
    at org.eclipse.jetty.server.handler.ContextHandler.doScope(ContextHandler.java:1020)
    at org.eclipse.jetty.server.handler.ScopedHandler.handle(ScopedHandler.java:135)
    at org.eclipse.jetty.server.handler.HandlerWrapper.handle(HandlerWrapper.java:116)
    at org.eclipse.jetty.server.Server.handle(Server.java:370)
    at org.eclipse.jetty.server.AbstractHttpConnection.handleRequest(AbstractHttpConnection.java:489)
    at org.eclipse.jetty.server.AbstractHttpConnection.headerComplete(AbstractHttpConnection.java:949)
    at org.eclipse.jetty.server.AbstractHttpConnection$RequestHandler.headerComplete(AbstractHttpConnection.java:1011)
    at org.eclipse.jetty.http.HttpParser.parseNext(HttpParser.java:644)
    at org.eclipse.jetty.http.HttpParser.parseAvailable(HttpParser.java:235)
    at org.eclipse.jetty.server.AsyncHttpConnection.handle(AsyncHttpConnection.java:82)
    at org.eclipse.jetty.io.nio.SelectChannelEndPoint.handle(SelectChannelEndPoint.java:668)
    at org.eclipse.jetty.io.nio.SelectChannelEndPoint$1.run(SelectChannelEndPoint.java:52)
    at winstone.BoundedExecutorService$1.run(BoundedExecutorService.java:77)
    at java.util.concurrent.ThreadPoolExecutor.runWorker(ThreadPoolExecutor.java:1142)
    at java.util.concurrent.ThreadPoolExecutor$Worker.run(ThreadPoolExecutor.java:617)
    at java.lang.Thread.run(Thread.java:745)
Caused by: java.lang.NoSuchMethodError: org.joda.time.LocalDate.compareTo(Lorg/joda/time/ReadablePartial;)I
    at hudson.plugins.analysis.graph.LocalDateLabel.compareTo(LocalDateLabel.java:25)
    at hudson.plugins.analysis.graph.LocalDateLabel.compareTo(LocalDateLabel.java:10)
    at java.util.TreeMap.compare(TreeMap.java:1290)
    at java.util.TreeMap.put(TreeMap.java:538)
    at java.util.TreeSet.add(TreeSet.java:255)
    at java.util.AbstractCollection.addAll(AbstractCollection.java:344)
    at java.util.TreeSet.addAll(TreeSet.java:312)
    at java.util.TreeSet.<init>(TreeSet.java:160)
    at hudson.util.DataSetBuilder.build(DataSetBuilder.java:61)
    at hudson.plugins.analysis.graph.CategoryBuildResultGraph.createDatasetPerDay(CategoryBuildResultGraph.java:309)
    at hudson.plugins.analysis.graph.CategoryBuildResultGraph.createAggregation(CategoryBuildResultGraph.java:96)
    at hudson.plugins.analysis.graph.BuildResultGraph$2.createGraph(BuildResultGraph.java:263)
    at hudson.util.Graph.render(Graph.java:93)
    at hudson.util.Graph.doMap(Graph.java:174)
    ... 64 more

