Feb 20, 2018 6:18:51 PM com.microsoft.azure.vmagent.AzureVMCloud createProvisionedAgent
INFO: AzureVMCloud: createProvisionedAgent: Deployment jenkins-linux-8-core-build-slave0220181814348 not yet finished (Running): Microsoft.Compute/virtualMachines:jenkins-linux-8-core-build-slave3349a0 - waited 30 seconds
--
Feb 20, 2018 6:19:22 PM com.microsoft.azure.vmagent.AzureVMCloud createProvisionedAgent
INFO: AzureVMCloud: createProvisionedAgent: Deployment jenkins-linux-8-core-build-slave0220181814348 not yet finished (Running): Microsoft.Compute/virtualMachines:jenkins-linux-8-core-build-slave3349a0 - waited 60 seconds
--
Feb 20, 2018 6:19:53 PM com.microsoft.azure.vmagent.AzureVMCloud createProvisionedAgent
INFO: AzureVMCloud: createProvisionedAgent: Deployment jenkins-linux-8-core-build-slave0220181814348 not yet finished (Running): Microsoft.Compute/virtualMachines:jenkins-linux-8-core-build-slave3349a0 - waited 90 seconds
--
Feb 20, 2018 6:20:23 PM com.microsoft.azure.vmagent.AzureVMCloud createProvisionedAgent
INFO: AzureVMCloud: createProvisionedAgent: Deployment jenkins-linux-8-core-build-slave0220181814348 not yet finished (Running): Microsoft.Compute/virtualMachines:jenkins-linux-8-core-build-slave3349a0 - waited 120 seconds
--
Feb 20, 2018 6:20:54 PM com.microsoft.azure.vmagent.AzureVMCloud createProvisionedAgent
INFO: AzureVMCloud: createProvisionedAgent: VM available: jenkins-linux-8-core-build-slave3349a0
--
INFO: AzureVMManagementServiceDelegate: parseDeploymentResponse: 
	found agent jenkins-linux-8-core-build-slave3349a0
--
INFO: Azure agent details:
nodeNamejenkins-linux-8-core-build-slave3349a0
--
Feb 20, 2018 6:21:19 PM com.microsoft.azure.vmagent.AzureVMCloud$4 call
INFO: Azure Cloud: provision: Adding agent jenkins-linux-8-core-build-slave3349a0 to Jenkins nodes
Feb 20, 2018 6:21:19 PM com.microsoft.azure.vmagent.AzureVMAgent createComputer
INFO: AzureVMAgent: createComputer: start for agent jenkins-linux-8-core-build-slave3349a0
Feb 20, 2018 6:21:19 PM com.microsoft.azure.vmagent.AzureVMCloudOnceRetentionStrategy start
INFO: AzureVMCloudOnceRetentionStrategy: start: azureComputer name jenkins-linux-8-core-build-slave3349a0
Feb 20, 2018 6:21:19 PM com.microsoft.azure.vmagent.remote.AzureVMAgentSSHLauncher launch
INFO: AzureVMAgentSSHLauncher: launch: launch method called for agent jenkins-linux-8-core-build-slave3349a0
--
Feb 20, 2018 6:21:43 PM com.microsoft.azure.vmagent.remote.AzureVMAgentSSHLauncher getRemoteSession
INFO: AzureVMAgentSSHLauncher: getRemoteSession: getting remote session for user jenkins to host jenkins-linux-8-core-build-slave3349a0.westeurope.cloudapp.azure.com:22
Feb 20, 2018 6:21:43 PM com.microsoft.azure.vmagent.remote.AzureVMAgentSSHLauncher getRemoteSession
INFO: AzureVMAgentSSHLauncher: getRemoteSession: Got remote session for user jenkins to host jenkins-linux-8-core-build-slave3349a0.westeurope.cloudapp.azure.com:22
--
Feb 20, 2018 6:21:54 PM com.microsoft.azure.vmagent.remote.AzureVMAgentSSHLauncher getRemoteSession
INFO: AzureVMAgentSSHLauncher: getRemoteSession: getting remote session for user jenkins to host jenkins-linux-8-core-build-slave3349a0.westeurope.cloudapp.azure.com:22
Feb 20, 2018 6:21:54 PM com.microsoft.azure.vmagent.remote.AzureVMAgentSSHLauncher getRemoteSession
INFO: AzureVMAgentSSHLauncher: getRemoteSession: Got remote session for user jenkins to host jenkins-linux-8-core-build-slave3349a0.westeurope.cloudapp.azure.com:22
--
Feb 20, 2018 6:38:54 PM com.microsoft.azure.vmagent.AzureVMCloud$4 call
SEVERE: Failure creating provisioned agent 'jenkins-linux-8-core-build-slave3349a0'
--
Feb 20, 2018 6:38:54 PM com.microsoft.azure.vmagent.AzureVMManagementServiceDelegate virtualMachineExists
INFO: AzureVMManagementServiceDelegate: virtualMachineExists: check for jenkins-linux-8-core-build-slave3349a0
Feb 20, 2018 6:38:54 PM com.microsoft.azure.vmagent.AzureVMManagementServiceDelegate virtualMachineExists
INFO: AzureVMManagementServiceDelegate: virtualMachineExists: jenkins-linux-8-core-build-slave3349a0 exists
--
Feb 20, 2018 6:39:18 PM com.microsoft.azure.vmagent.AzureVMManagementServiceDelegate terminateVirtualMachine
INFO: AzureVMManagementServiceDelegate: terminateVirtualMachine: Removing virtual machine jenkins-linux-8-core-build-slave3349a0
Feb 20, 2018 6:39:25 PM hudson.remoting.SynchronousCommandTransport$ReaderThread run
SEVERE: I/O error in channel jenkins-linux-8-core-build-slave3349a0
--
Feb 20, 2018 6:41:21 PM com.microsoft.azure.vmagent.AzureVMManagementServiceDelegate terminateVirtualMachine
INFO: AzureVMManagementServiceDelegate: terminateVirtualMachine: Removing managed disk with id: /subscriptions/decd2077-8a7a-4b60-b29b-f9a7d432754a/resourceGroups/jenkins-slaves/providers/Microsoft.Compute/disks/jenkins-linux-8-core-build-slave3349a0_disk1_eacc3e7d02514b98b96fdabf16cd5be0
--
Feb 20, 2018 6:42:22 PM com.microsoft.azure.vmagent.AzureVMManagementServiceDelegate terminateVirtualMachine
INFO: Clean operation starting for jenkins-linux-8-core-build-slave3349a0 NIC and IP
Feb 20, 2018 6:42:22 PM com.microsoft.azure.vmagent.AzureVMManagementServiceDelegate removeIPName
INFO: Remove NIC jenkins-linux-8-core-build-slave3349a0NIC
--
Feb 20, 2018 6:42:32 PM com.microsoft.azure.vmagent.AzureVMManagementServiceDelegate removeIPName
INFO: Remove IP jenkins-linux-8-core-build-slave3349a0IPName
--
Feb 20, 2018 9:11:40 PM hudson.node_monitors.ResponseTimeMonitor$1 monitor
WARNING: Making jenkins-linux-8-core-build-slave3349a0 offline because it’s not responding
--
Feb 20, 2018 10:11:40 PM hudson.node_monitors.ResponseTimeMonitor$1 monitor
WARNING: Making jenkins-linux-8-core-build-slave3349a0 offline because it’s not responding
--
Feb 20, 2018 10:34:38 PM hudson.node_monitors.ResponseTimeMonitor$1 monitor
WARNING: Making jenkins-linux-8-core-build-slave3349a0 offline because it’s not responding
--
Feb 20, 2018 10:34:59 PM hudson.node_monitors.ResponseTimeMonitor$1 monitor
WARNING: Making jenkins-linux-8-core-build-slave3349a0 offline because it’s not responding
--
Feb 20, 2018 10:35:07 PM hudson.node_monitors.ResponseTimeMonitor$1 monitor
WARNING: Making jenkins-linux-8-core-build-slave3349a0 offline because it’s not responding
--
Feb 20, 2018 11:11:40 PM hudson.node_monitors.ResponseTimeMonitor$1 monitor
WARNING: Making jenkins-linux-8-core-build-slave3349a0 offline because it’s not responding
--
Feb 21, 2018 12:11:40 AM hudson.node_monitors.ResponseTimeMonitor$1 monitor
WARNING: Making jenkins-linux-8-core-build-slave3349a0 offline because it’s not responding
--
Feb 21, 2018 1:11:40 AM hudson.node_monitors.ResponseTimeMonitor$1 monitor
WARNING: Making jenkins-linux-8-core-build-slave3349a0 offline because it’s not responding
--
Feb 21, 2018 1:20:22 AM hudson.node_monitors.ResponseTimeMonitor$1 monitor
WARNING: Making jenkins-linux-8-core-build-slave3349a0 offline because it’s not responding
--
Feb 21, 2018 1:21:24 AM hudson.node_monitors.ResponseTimeMonitor$1 monitor
WARNING: Making jenkins-linux-8-core-build-slave3349a0 offline because it’s not responding
--
Feb 21, 2018 1:29:09 AM hudson.node_monitors.ResponseTimeMonitor$1 monitor
WARNING: Making jenkins-linux-8-core-build-slave3349a0 offline because it’s not responding
--
Feb 21, 2018 2:06:47 AM hudson.node_monitors.ResponseTimeMonitor$1 monitor
WARNING: Making jenkins-linux-8-core-build-slave3349a0 offline because it’s not responding
--
Feb 21, 2018 2:06:56 AM hudson.node_monitors.ResponseTimeMonitor$1 monitor
WARNING: Making jenkins-linux-8-core-build-slave3349a0 offline because it’s not responding
--
Feb 21, 2018 2:11:40 AM hudson.node_monitors.ResponseTimeMonitor$1 monitor
WARNING: Making jenkins-linux-8-core-build-slave3349a0 offline because it’s not responding
--
Feb 21, 2018 2:11:50 AM hudson.node_monitors.ResponseTimeMonitor$1 monitor
WARNING: Making jenkins-linux-8-core-build-slave3349a0 offline because it’s not responding
--
Feb 21, 2018 2:12:53 AM hudson.node_monitors.ResponseTimeMonitor$1 monitor
WARNING: Making jenkins-linux-8-core-build-slave3349a0 offline because it’s not responding
--
Feb 21, 2018 2:13:43 AM hudson.node_monitors.ResponseTimeMonitor$1 monitor
WARNING: Making jenkins-linux-8-core-build-slave3349a0 offline because it’s not responding
--
Feb 21, 2018 2:14:08 AM hudson.node_monitors.ResponseTimeMonitor$1 monitor
WARNING: Making jenkins-linux-8-core-build-slave3349a0 offline because it’s not responding
--
Feb 21, 2018 2:15:10 AM hudson.node_monitors.ResponseTimeMonitor$1 monitor
WARNING: Making jenkins-linux-8-core-build-slave3349a0 offline because it’s not responding
--
Feb 21, 2018 2:20:15 AM hudson.node_monitors.ResponseTimeMonitor$1 monitor
WARNING: Making jenkins-linux-8-core-build-slave3349a0 offline because it’s not responding
--
Feb 21, 2018 2:20:16 AM hudson.node_monitors.ResponseTimeMonitor$1 monitor
WARNING: Making jenkins-linux-8-core-build-slave3349a0 offline because it’s not responding
--
Feb 21, 2018 2:20:44 AM hudson.node_monitors.ResponseTimeMonitor$1 monitor
WARNING: Making jenkins-linux-8-core-build-slave3349a0 offline because it’s not responding
--
Feb 21, 2018 2:22:51 AM hudson.node_monitors.ResponseTimeMonitor$1 monitor
WARNING: Making jenkins-linux-8-core-build-slave3349a0 offline because it’s not responding
--
Feb 21, 2018 2:23:24 AM hudson.node_monitors.ResponseTimeMonitor$1 monitor
WARNING: Making jenkins-linux-8-core-build-slave3349a0 offline because it’s not responding
--
Feb 21, 2018 2:24:04 AM hudson.node_monitors.ResponseTimeMonitor$1 monitor
WARNING: Making jenkins-linux-8-core-build-slave3349a0 offline because it’s not responding
--
Feb 21, 2018 2:26:42 AM hudson.node_monitors.ResponseTimeMonitor$1 monitor
WARNING: Making jenkins-linux-8-core-build-slave3349a0 offline because it’s not responding
--
Feb 21, 2018 2:28:10 AM hudson.node_monitors.ResponseTimeMonitor$1 monitor
WARNING: Making jenkins-linux-8-core-build-slave3349a0 offline because it’s not responding
--
Feb 21, 2018 2:34:59 AM hudson.node_monitors.ResponseTimeMonitor$1 monitor
WARNING: Making jenkins-linux-8-core-build-slave3349a0 offline because it’s not responding
--
Feb 21, 2018 2:36:48 AM hudson.node_monitors.ResponseTimeMonitor$1 monitor
WARNING: Making jenkins-linux-8-core-build-slave3349a0 offline because it’s not responding
--
Feb 21, 2018 2:36:55 AM hudson.node_monitors.ResponseTimeMonitor$1 monitor
WARNING: Making jenkins-linux-8-core-build-slave3349a0 offline because it’s not responding
--
Feb 21, 2018 2:43:33 AM hudson.node_monitors.ResponseTimeMonitor$1 monitor
WARNING: Making jenkins-linux-8-core-build-slave3349a0 offline because it’s not responding
--
Feb 21, 2018 2:45:11 AM hudson.node_monitors.ResponseTimeMonitor$1 monitor
WARNING: Making jenkins-linux-8-core-build-slave3349a0 offline because it’s not responding
--
Feb 21, 2018 2:45:18 AM hudson.node_monitors.ResponseTimeMonitor$1 monitor
WARNING: Making jenkins-linux-8-core-build-slave3349a0 offline because it’s not responding
--
Feb 21, 2018 2:53:24 AM hudson.node_monitors.ResponseTimeMonitor$1 monitor
WARNING: Making jenkins-linux-8-core-build-slave3349a0 offline because it’s not responding
--
Feb 21, 2018 3:08:02 AM hudson.node_monitors.ResponseTimeMonitor$1 monitor
WARNING: Making jenkins-linux-8-core-build-slave3349a0 offline because it’s not responding
--
Feb 21, 2018 3:11:40 AM hudson.node_monitors.ResponseTimeMonitor$1 monitor
WARNING: Making jenkins-linux-8-core-build-slave3349a0 offline because it’s not responding
--
Feb 21, 2018 3:15:25 AM hudson.node_monitors.ResponseTimeMonitor$1 monitor
WARNING: Making jenkins-linux-8-core-build-slave3349a0 offline because it’s not responding
--
Feb 21, 2018 3:15:41 AM hudson.node_monitors.ResponseTimeMonitor$1 monitor
WARNING: Making jenkins-linux-8-core-build-slave3349a0 offline because it’s not responding
--
Feb 21, 2018 3:20:26 AM hudson.node_monitors.ResponseTimeMonitor$1 monitor
WARNING: Making jenkins-linux-8-core-build-slave3349a0 offline because it’s not responding
--
Feb 21, 2018 3:21:01 AM hudson.node_monitors.ResponseTimeMonitor$1 monitor
WARNING: Making jenkins-linux-8-core-build-slave3349a0 offline because it’s not responding
--
Feb 21, 2018 3:22:12 AM hudson.node_monitors.ResponseTimeMonitor$1 monitor
WARNING: Making jenkins-linux-8-core-build-slave3349a0 offline because it’s not responding
--
Feb 21, 2018 3:24:23 AM hudson.node_monitors.ResponseTimeMonitor$1 monitor
WARNING: Making jenkins-linux-8-core-build-slave3349a0 offline because it’s not responding
--
Feb 21, 2018 3:25:13 AM hudson.node_monitors.ResponseTimeMonitor$1 monitor
WARNING: Making jenkins-linux-8-core-build-slave3349a0 offline because it’s not responding
--
Feb 21, 2018 3:30:26 AM hudson.node_monitors.ResponseTimeMonitor$1 monitor
WARNING: Making jenkins-linux-8-core-build-slave3349a0 offline because it’s not responding
--
Feb 21, 2018 3:31:06 AM hudson.node_monitors.ResponseTimeMonitor$1 monitor
WARNING: Making jenkins-linux-8-core-build-slave3349a0 offline because it’s not responding
--
Feb 21, 2018 3:32:44 AM hudson.node_monitors.ResponseTimeMonitor$1 monitor
WARNING: Making jenkins-linux-8-core-build-slave3349a0 offline because it’s not responding
--
Feb 21, 2018 3:40:26 AM hudson.node_monitors.ResponseTimeMonitor$1 monitor
WARNING: Making jenkins-linux-8-core-build-slave3349a0 offline because it’s not responding
--
Feb 21, 2018 3:40:52 AM hudson.node_monitors.ResponseTimeMonitor$1 monitor
WARNING: Making jenkins-linux-8-core-build-slave3349a0 offline because it’s not responding
--
Feb 21, 2018 4:11:40 AM hudson.node_monitors.ResponseTimeMonitor$1 monitor
WARNING: Making jenkins-linux-8-core-build-slave3349a0 offline because it’s not responding
--
Feb 21, 2018 5:11:40 AM hudson.node_monitors.ResponseTimeMonitor$1 monitor
WARNING: Making jenkins-linux-8-core-build-slave3349a0 offline because it’s not responding
--
Feb 21, 2018 6:11:40 AM hudson.node_monitors.ResponseTimeMonitor$1 monitor
WARNING: Making jenkins-linux-8-core-build-slave3349a0 offline because it’s not responding
--
Feb 21, 2018 7:10:22 AM hudson.node_monitors.ResponseTimeMonitor$1 monitor
WARNING: Making jenkins-linux-8-core-build-slave3349a0 offline because it’s not responding
--
Feb 21, 2018 7:10:57 AM hudson.node_monitors.ResponseTimeMonitor$1 monitor
WARNING: Making jenkins-linux-8-core-build-slave3349a0 offline because it’s not responding
--
Feb 21, 2018 7:11:40 AM hudson.node_monitors.ResponseTimeMonitor$1 monitor
WARNING: Making jenkins-linux-8-core-build-slave3349a0 offline because it’s not responding
--
Feb 21, 2018 7:34:17 AM hudson.node_monitors.ResponseTimeMonitor$1 monitor
WARNING: Making jenkins-linux-8-core-build-slave3349a0 offline because it’s not responding
--
Feb 21, 2018 8:00:08 AM hudson.node_monitors.ResponseTimeMonitor$1 monitor
WARNING: Making jenkins-linux-8-core-build-slave3349a0 offline because it’s not responding
--
Feb 21, 2018 8:11:40 AM hudson.node_monitors.ResponseTimeMonitor$1 monitor
WARNING: Making jenkins-linux-8-core-build-slave3349a0 offline because it’s not responding
--
Feb 21, 2018 8:12:20 AM hudson.node_monitors.ResponseTimeMonitor$1 monitor
WARNING: Making jenkins-linux-8-core-build-slave3349a0 offline because it’s not responding
--
Feb 21, 2018 9:05:11 AM hudson.node_monitors.ResponseTimeMonitor$1 monitor
WARNING: Making jenkins-linux-8-core-build-slave3349a0 offline because it’s not responding
--
Feb 21, 2018 9:05:27 AM hudson.node_monitors.ResponseTimeMonitor$1 monitor
WARNING: Making jenkins-linux-8-core-build-slave3349a0 offline because it’s not responding
--
Feb 21, 2018 9:11:40 AM hudson.node_monitors.ResponseTimeMonitor$1 monitor
WARNING: Making jenkins-linux-8-core-build-slave3349a0 offline because it’s not responding
--
Feb 21, 2018 9:54:06 AM hudson.node_monitors.ResponseTimeMonitor$1 monitor
WARNING: Making jenkins-linux-8-core-build-slave3349a0 offline because it’s not responding
--
Feb 21, 2018 10:10:24 AM hudson.node_monitors.ResponseTimeMonitor$1 monitor
WARNING: Making jenkins-linux-8-core-build-slave3349a0 offline because it’s not responding
--
Feb 21, 2018 10:10:52 AM hudson.node_monitors.ResponseTimeMonitor$1 monitor
WARNING: Making jenkins-linux-8-core-build-slave3349a0 offline because it’s not responding
--
Feb 21, 2018 10:11:40 AM hudson.node_monitors.ResponseTimeMonitor$1 monitor
WARNING: Making jenkins-linux-8-core-build-slave3349a0 offline because it’s not responding
--
Feb 21, 2018 10:20:17 AM hudson.node_monitors.ResponseTimeMonitor$1 monitor
WARNING: Making jenkins-linux-8-core-build-slave3349a0 offline because it’s not responding
--
Feb 21, 2018 10:21:14 AM hudson.node_monitors.ResponseTimeMonitor$1 monitor
WARNING: Making jenkins-linux-8-core-build-slave3349a0 offline because it’s not responding
--
Feb 21, 2018 10:29:24 AM hudson.node_monitors.ResponseTimeMonitor$1 monitor
WARNING: Making jenkins-linux-8-core-build-slave3349a0 offline because it’s not responding
--
Feb 21, 2018 10:34:41 AM hudson.node_monitors.ResponseTimeMonitor$1 monitor
WARNING: Making jenkins-linux-8-core-build-slave3349a0 offline because it’s not responding
--
Feb 21, 2018 10:37:14 AM hudson.node_monitors.ResponseTimeMonitor$1 monitor
WARNING: Making jenkins-linux-8-core-build-slave3349a0 offline because it’s not responding
--
Feb 21, 2018 10:44:59 AM hudson.node_monitors.ResponseTimeMonitor$1 monitor
WARNING: Making jenkins-linux-8-core-build-slave3349a0 offline because it’s not responding
--
Feb 21, 2018 10:47:35 AM hudson.node_monitors.ResponseTimeMonitor$1 monitor
WARNING: Making jenkins-linux-8-core-build-slave3349a0 offline because it’s not responding
--
Feb 21, 2018 10:48:19 AM hudson.node_monitors.ResponseTimeMonitor$1 monitor
WARNING: Making jenkins-linux-8-core-build-slave3349a0 offline because it’s not responding
--
Feb 21, 2018 10:52:16 AM hudson.node_monitors.ResponseTimeMonitor$1 monitor
WARNING: Making jenkins-linux-8-core-build-slave3349a0 offline because it’s not responding
--
Feb 21, 2018 11:10:10 AM hudson.node_monitors.ResponseTimeMonitor$1 monitor
WARNING: Making jenkins-linux-8-core-build-slave3349a0 offline because it’s not responding
--
Feb 21, 2018 11:10:25 AM hudson.node_monitors.ResponseTimeMonitor$1 monitor
WARNING: Making jenkins-linux-8-core-build-slave3349a0 offline because it’s not responding
--
Feb 21, 2018 11:11:13 AM hudson.node_monitors.ResponseTimeMonitor$1 monitor
WARNING: Making jenkins-linux-8-core-build-slave3349a0 offline because it’s not responding
--
Feb 21, 2018 11:11:40 AM hudson.node_monitors.ResponseTimeMonitor$1 monitor
WARNING: Making jenkins-linux-8-core-build-slave3349a0 offline because it’s not responding
--
Feb 21, 2018 11:12:46 AM hudson.node_monitors.ResponseTimeMonitor$1 monitor
WARNING: Making jenkins-linux-8-core-build-slave3349a0 offline because it’s not responding
--
Feb 21, 2018 11:43:24 AM hudson.node_monitors.ResponseTimeMonitor$1 monitor
WARNING: Making jenkins-linux-8-core-build-slave3349a0 offline because it’s not responding
--
Feb 21, 2018 11:54:56 AM hudson.node_monitors.ResponseTimeMonitor$1 monitor
WARNING: Making jenkins-linux-8-core-build-slave3349a0 offline because it’s not responding
--
Feb 21, 2018 12:11:40 PM hudson.node_monitors.ResponseTimeMonitor$1 monitor
WARNING: Making jenkins-linux-8-core-build-slave3349a0 offline because it’s not responding
--
Feb 21, 2018 12:30:03 PM hudson.node_monitors.ResponseTimeMonitor$1 monitor
WARNING: Making jenkins-linux-8-core-build-slave3349a0 offline because it’s not responding
--
Feb 21, 2018 12:34:19 PM hudson.node_monitors.ResponseTimeMonitor$1 monitor
WARNING: Making jenkins-linux-8-core-build-slave3349a0 offline because it’s not responding
--
Feb 21, 2018 12:34:48 PM hudson.node_monitors.ResponseTimeMonitor$1 monitor
WARNING: Making jenkins-linux-8-core-build-slave3349a0 offline because it’s not responding
--
Feb 21, 2018 12:35:13 PM hudson.node_monitors.ResponseTimeMonitor$1 monitor
WARNING: Making jenkins-linux-8-core-build-slave3349a0 offline because it’s not responding
--
Feb 21, 2018 12:36:07 PM hudson.node_monitors.ResponseTimeMonitor$1 monitor
WARNING: Making jenkins-linux-8-core-build-slave3349a0 offline because it’s not responding
--
Feb 21, 2018 12:46:53 PM hudson.node_monitors.ResponseTimeMonitor$1 monitor
WARNING: Making jenkins-linux-8-core-build-slave3349a0 offline because it’s not responding
--
Feb 21, 2018 12:47:44 PM hudson.node_monitors.ResponseTimeMonitor$1 monitor
WARNING: Making jenkins-linux-8-core-build-slave3349a0 offline because it’s not responding
--
Feb 21, 2018 1:13:35 PM hudson.node_monitors.ResponseTimeMonitor$1 monitor
WARNING: Making jenkins-linux-8-core-build-slave3349a0 offline because it’s not responding
--
Feb 21, 2018 1:19:21 PM hudson.node_monitors.ResponseTimeMonitor$1 monitor
WARNING: Making jenkins-linux-8-core-build-slave3349a0 offline because it’s not responding
--
Feb 21, 2018 1:19:46 PM hudson.node_monitors.ResponseTimeMonitor$1 monitor
WARNING: Making jenkins-linux-8-core-build-slave3349a0 offline because it’s not responding
--
Feb 21, 2018 1:22:16 PM hudson.node_monitors.ResponseTimeMonitor$1 monitor
WARNING: Making jenkins-linux-8-core-build-slave3349a0 offline because it’s not responding
--
Feb 21, 2018 1:34:20 PM hudson.node_monitors.ResponseTimeMonitor$1 monitor
WARNING: Making jenkins-linux-8-core-build-slave3349a0 offline because it’s not responding
--
Feb 21, 2018 1:34:33 PM hudson.node_monitors.ResponseTimeMonitor$1 monitor
WARNING: Making jenkins-linux-8-core-build-slave3349a0 offline because it’s not responding
--
Feb 21, 2018 1:34:45 PM hudson.node_monitors.ResponseTimeMonitor$1 monitor
WARNING: Making jenkins-linux-8-core-build-slave3349a0 offline because it’s not responding
--
Feb 21, 2018 1:35:25 PM hudson.node_monitors.ResponseTimeMonitor$1 monitor
WARNING: Making jenkins-linux-8-core-build-slave3349a0 offline because it’s not responding
--
Feb 21, 2018 1:35:50 PM hudson.node_monitors.ResponseTimeMonitor$1 monitor
WARNING: Making jenkins-linux-8-core-build-slave3349a0 offline because it’s not responding
--
Feb 21, 2018 1:37:55 PM hudson.node_monitors.ResponseTimeMonitor$1 monitor
WARNING: Making jenkins-linux-8-core-build-slave3349a0 offline because it’s not responding
--
Feb 21, 2018 2:11:40 PM hudson.node_monitors.ResponseTimeMonitor$1 monitor
WARNING: Making jenkins-linux-8-core-build-slave3349a0 offline because it’s not responding
--
Feb 21, 2018 3:11:40 PM hudson.node_monitors.ResponseTimeMonitor$1 monitor
WARNING: Making jenkins-linux-8-core-build-slave3349a0 offline because it’s not responding
--
Feb 21, 2018 3:11:56 PM hudson.node_monitors.ResponseTimeMonitor$1 monitor
WARNING: Making jenkins-linux-8-core-build-slave3349a0 offline because it’s not responding
--
Feb 21, 2018 4:11:40 PM hudson.node_monitors.ResponseTimeMonitor$1 monitor
WARNING: Making jenkins-linux-8-core-build-slave3349a0 offline because it’s not responding
--
Feb 21, 2018 4:17:57 PM hudson.node_monitors.ResponseTimeMonitor$1 monitor
WARNING: Making jenkins-linux-8-core-build-slave3349a0 offline because it’s not responding
--
Feb 21, 2018 4:18:28 PM hudson.node_monitors.ResponseTimeMonitor$1 monitor
WARNING: Making jenkins-linux-8-core-build-slave3349a0 offline because it’s not responding
--
Feb 21, 2018 4:20:10 PM hudson.node_monitors.ResponseTimeMonitor$1 monitor
WARNING: Making jenkins-linux-8-core-build-slave3349a0 offline because it’s not responding
--
Feb 21, 2018 4:24:30 PM hudson.node_monitors.ResponseTimeMonitor$1 monitor
WARNING: Making jenkins-linux-8-core-build-slave3349a0 offline because it’s not responding
--
Feb 21, 2018 4:28:41 PM hudson.node_monitors.ResponseTimeMonitor$1 monitor
WARNING: Making jenkins-linux-8-core-build-slave3349a0 offline because it’s not responding
--
Feb 21, 2018 4:32:20 PM hudson.node_monitors.ResponseTimeMonitor$1 monitor
WARNING: Making jenkins-linux-8-core-build-slave3349a0 offline because it’s not responding
--
Feb 21, 2018 4:35:02 PM hudson.node_monitors.ResponseTimeMonitor$1 monitor
WARNING: Making jenkins-linux-8-core-build-slave3349a0 offline because it’s not responding
--
Feb 21, 2018 4:35:27 PM hudson.node_monitors.ResponseTimeMonitor$1 monitor
WARNING: Making jenkins-linux-8-core-build-slave3349a0 offline because it’s not responding
--
Feb 21, 2018 4:36:19 PM hudson.node_monitors.ResponseTimeMonitor$1 monitor
WARNING: Making jenkins-linux-8-core-build-slave3349a0 offline because it’s not responding
--
Feb 21, 2018 4:37:19 PM hudson.node_monitors.ResponseTimeMonitor$1 monitor
WARNING: Making jenkins-linux-8-core-build-slave3349a0 offline because it’s not responding
--
Feb 21, 2018 4:48:40 PM hudson.node_monitors.ResponseTimeMonitor$1 monitor
WARNING: Making jenkins-linux-8-core-build-slave3349a0 offline because it’s not responding
--
Feb 21, 2018 4:53:21 PM hudson.node_monitors.ResponseTimeMonitor$1 monitor
WARNING: Making jenkins-linux-8-core-build-slave3349a0 offline because it’s not responding
--
Feb 21, 2018 4:55:11 PM hudson.node_monitors.ResponseTimeMonitor$1 monitor
WARNING: Making jenkins-linux-8-core-build-slave3349a0 offline because it’s not responding
--
Feb 21, 2018 4:55:50 PM hudson.node_monitors.ResponseTimeMonitor$1 monitor
WARNING: Making jenkins-linux-8-core-build-slave3349a0 offline because it’s not responding
--
Feb 21, 2018 5:03:17 PM hudson.node_monitors.ResponseTimeMonitor$1 monitor
WARNING: Making jenkins-linux-8-core-build-slave3349a0 offline because it’s not responding
--
Feb 21, 2018 5:05:07 PM hudson.node_monitors.ResponseTimeMonitor$1 monitor
WARNING: Making jenkins-linux-8-core-build-slave3349a0 offline because it’s not responding
--
Feb 21, 2018 5:06:37 PM hudson.node_monitors.ResponseTimeMonitor$1 monitor
WARNING: Making jenkins-linux-8-core-build-slave3349a0 offline because it’s not responding
--
Feb 21, 2018 5:06:51 PM hudson.node_monitors.ResponseTimeMonitor$1 monitor
WARNING: Making jenkins-linux-8-core-build-slave3349a0 offline because it’s not responding
--
Feb 21, 2018 5:06:58 PM hudson.node_monitors.ResponseTimeMonitor$1 monitor
WARNING: Making jenkins-linux-8-core-build-slave3349a0 offline because it’s not responding
--
Feb 21, 2018 5:07:16 PM hudson.node_monitors.ResponseTimeMonitor$1 monitor
WARNING: Making jenkins-linux-8-core-build-slave3349a0 offline because it’s not responding
--
Feb 21, 2018 5:07:50 PM hudson.node_monitors.ResponseTimeMonitor$1 monitor
WARNING: Making jenkins-linux-8-core-build-slave3349a0 offline because it’s not responding
--
Feb 21, 2018 5:11:40 PM hudson.node_monitors.ResponseTimeMonitor$1 monitor
WARNING: Making jenkins-linux-8-core-build-slave3349a0 offline because it’s not responding
--
Feb 21, 2018 5:12:34 PM hudson.node_monitors.ResponseTimeMonitor$1 monitor
WARNING: Making jenkins-linux-8-core-build-slave3349a0 offline because it’s not responding
--
Feb 21, 2018 5:16:37 PM hudson.node_monitors.ResponseTimeMonitor$1 monitor
WARNING: Making jenkins-linux-8-core-build-slave3349a0 offline because it’s not responding
--
Feb 21, 2018 5:20:13 PM hudson.node_monitors.ResponseTimeMonitor$1 monitor
WARNING: Making jenkins-linux-8-core-build-slave3349a0 offline because it’s not responding
--
Feb 21, 2018 5:21:07 PM hudson.node_monitors.ResponseTimeMonitor$1 monitor
WARNING: Making jenkins-linux-8-core-build-slave3349a0 offline because it’s not responding
--
Feb 21, 2018 5:27:06 PM hudson.node_monitors.ResponseTimeMonitor$1 monitor
WARNING: Making jenkins-linux-8-core-build-slave3349a0 offline because it’s not responding
--
Feb 21, 2018 5:27:36 PM hudson.node_monitors.ResponseTimeMonitor$1 monitor
WARNING: Making jenkins-linux-8-core-build-slave3349a0 offline because it’s not responding
--
Feb 21, 2018 5:32:12 PM hudson.node_monitors.ResponseTimeMonitor$1 monitor
WARNING: Making jenkins-linux-8-core-build-slave3349a0 offline because it’s not responding
--
Feb 21, 2018 5:32:33 PM hudson.node_monitors.ResponseTimeMonitor$1 monitor
WARNING: Making jenkins-linux-8-core-build-slave3349a0 offline because it’s not responding
--
Feb 21, 2018 5:40:18 PM hudson.node_monitors.ResponseTimeMonitor$1 monitor
WARNING: Making jenkins-linux-8-core-build-slave3349a0 offline because it’s not responding
--
Feb 21, 2018 5:40:30 PM hudson.node_monitors.ResponseTimeMonitor$1 monitor
WARNING: Making jenkins-linux-8-core-build-slave3349a0 offline because it’s not responding
--
Feb 21, 2018 5:40:39 PM hudson.node_monitors.ResponseTimeMonitor$1 monitor
WARNING: Making jenkins-linux-8-core-build-slave3349a0 offline because it’s not responding
--
Feb 21, 2018 5:52:02 PM hudson.node_monitors.ResponseTimeMonitor$1 monitor
WARNING: Making jenkins-linux-8-core-build-slave3349a0 offline because it’s not responding
--
Feb 21, 2018 5:52:29 PM hudson.node_monitors.ResponseTimeMonitor$1 monitor
WARNING: Making jenkins-linux-8-core-build-slave3349a0 offline because it’s not responding
--
Feb 21, 2018 6:09:00 PM hudson.node_monitors.ResponseTimeMonitor$1 monitor
WARNING: Making jenkins-linux-8-core-build-slave3349a0 offline because it’s not responding
--
Feb 21, 2018 6:09:41 PM hudson.node_monitors.ResponseTimeMonitor$1 monitor
WARNING: Making jenkins-linux-8-core-build-slave3349a0 offline because it’s not responding
--
Feb 21, 2018 6:09:48 PM hudson.node_monitors.ResponseTimeMonitor$1 monitor
WARNING: Making jenkins-linux-8-core-build-slave3349a0 offline because it’s not responding
--
Feb 21, 2018 6:10:30 PM hudson.node_monitors.ResponseTimeMonitor$1 monitor
WARNING: Making jenkins-linux-8-core-build-slave3349a0 offline because it’s not responding
--
Feb 21, 2018 6:11:40 PM hudson.node_monitors.ResponseTimeMonitor$1 monitor
WARNING: Making jenkins-linux-8-core-build-slave3349a0 offline because it’s not responding
--
Feb 21, 2018 6:15:01 PM hudson.node_monitors.ResponseTimeMonitor$1 monitor
WARNING: Making jenkins-linux-8-core-build-slave3349a0 offline because it’s not responding
--
Feb 21, 2018 6:25:25 PM hudson.node_monitors.ResponseTimeMonitor$1 monitor
WARNING: Making jenkins-linux-8-core-build-slave3349a0 offline because it’s not responding
--
Feb 21, 2018 6:28:08 PM hudson.node_monitors.ResponseTimeMonitor$1 monitor
WARNING: Making jenkins-linux-8-core-build-slave3349a0 offline because it’s not responding
--
Feb 21, 2018 6:35:27 PM hudson.node_monitors.ResponseTimeMonitor$1 monitor
WARNING: Making jenkins-linux-8-core-build-slave3349a0 offline because it’s not responding
--
Feb 21, 2018 6:57:38 PM hudson.node_monitors.ResponseTimeMonitor$1 monitor
WARNING: Making jenkins-linux-8-core-build-slave3349a0 offline because it’s not responding
--
Feb 21, 2018 7:05:24 PM hudson.node_monitors.ResponseTimeMonitor$1 monitor
WARNING: Making jenkins-linux-8-core-build-slave3349a0 offline because it’s not responding
--
Feb 21, 2018 7:10:02 PM hudson.node_monitors.ResponseTimeMonitor$1 monitor
WARNING: Making jenkins-linux-8-core-build-slave3349a0 offline because it’s not responding
--
Feb 21, 2018 7:12:18 PM hudson.node_monitors.ResponseTimeMonitor$1 monitor
WARNING: Making jenkins-linux-8-core-build-slave3349a0 offline because it’s not responding
--
Feb 21, 2018 7:14:59 PM hudson.node_monitors.ResponseTimeMonitor$1 monitor
WARNING: Making jenkins-linux-8-core-build-slave3349a0 offline because it’s not responding
--
Feb 21, 2018 7:25:12 PM hudson.node_monitors.ResponseTimeMonitor$1 monitor
WARNING: Making jenkins-linux-8-core-build-slave3349a0 offline because it’s not responding
--
Feb 21, 2018 7:25:22 PM hudson.node_monitors.ResponseTimeMonitor$1 monitor
WARNING: Making jenkins-linux-8-core-build-slave3349a0 offline because it’s not responding
--
Feb 21, 2018 7:25:40 PM hudson.node_monitors.ResponseTimeMonitor$1 monitor
WARNING: Making jenkins-linux-8-core-build-slave3349a0 offline because it’s not responding
--
Feb 21, 2018 7:26:16 PM hudson.node_monitors.ResponseTimeMonitor$1 monitor
WARNING: Making jenkins-linux-8-core-build-slave3349a0 offline because it’s not responding
--
Feb 21, 2018 7:30:12 PM hudson.node_monitors.ResponseTimeMonitor$1 monitor
WARNING: Making jenkins-linux-8-core-build-slave3349a0 offline because it’s not responding
--
Feb 21, 2018 7:34:45 PM hudson.node_monitors.ResponseTimeMonitor$1 monitor
WARNING: Making jenkins-linux-8-core-build-slave3349a0 offline because it’s not responding
--
Feb 21, 2018 8:11:40 PM hudson.node_monitors.ResponseTimeMonitor$1 monitor
WARNING: Making jenkins-linux-8-core-build-slave3349a0 offline because it’s not responding
--
Feb 21, 2018 9:11:40 PM hudson.node_monitors.ResponseTimeMonitor$1 monitor
WARNING: Making jenkins-linux-8-core-build-slave3349a0 offline because it’s not responding
--
Feb 21, 2018 10:11:40 PM hudson.node_monitors.ResponseTimeMonitor$1 monitor
WARNING: Making jenkins-linux-8-core-build-slave3349a0 offline because it’s not responding
--
Feb 21, 2018 11:11:40 PM hudson.node_monitors.ResponseTimeMonitor$1 monitor
WARNING: Making jenkins-linux-8-core-build-slave3349a0 offline because it’s not responding
--
Feb 22, 2018 12:11:40 AM hudson.node_monitors.ResponseTimeMonitor$1 monitor
WARNING: Making jenkins-linux-8-core-build-slave3349a0 offline because it’s not responding
--
Feb 22, 2018 1:11:40 AM hudson.node_monitors.ResponseTimeMonitor$1 monitor
WARNING: Making jenkins-linux-8-core-build-slave3349a0 offline because it’s not responding
--
Feb 22, 2018 2:11:40 AM hudson.node_monitors.ResponseTimeMonitor$1 monitor
WARNING: Making jenkins-linux-8-core-build-slave3349a0 offline because it’s not responding
--
Feb 22, 2018 3:11:40 AM hudson.node_monitors.ResponseTimeMonitor$1 monitor
WARNING: Making jenkins-linux-8-core-build-slave3349a0 offline because it’s not responding
--
Feb 22, 2018 4:11:40 AM hudson.node_monitors.ResponseTimeMonitor$1 monitor
WARNING: Making jenkins-linux-8-core-build-slave3349a0 offline because it’s not responding
--
Feb 22, 2018 5:11:40 AM hudson.node_monitors.ResponseTimeMonitor$1 monitor
WARNING: Making jenkins-linux-8-core-build-slave3349a0 offline because it’s not responding
--
Feb 22, 2018 6:11:40 AM hudson.node_monitors.ResponseTimeMonitor$1 monitor
WARNING: Making jenkins-linux-8-core-build-slave3349a0 offline because it’s not responding
--
Feb 22, 2018 7:11:40 AM hudson.node_monitors.ResponseTimeMonitor$1 monitor
WARNING: Making jenkins-linux-8-core-build-slave3349a0 offline because it’s not responding
--
Feb 22, 2018 8:11:40 AM hudson.node_monitors.ResponseTimeMonitor$1 monitor
WARNING: Making jenkins-linux-8-core-build-slave3349a0 offline because it’s not responding
--
Feb 22, 2018 9:08:53 AM hudson.node_monitors.ResponseTimeMonitor$1 monitor
WARNING: Making jenkins-linux-8-core-build-slave3349a0 offline because it’s not responding
--
Feb 22, 2018 9:11:40 AM hudson.node_monitors.ResponseTimeMonitor$1 monitor
WARNING: Making jenkins-linux-8-core-build-slave3349a0 offline because it’s not responding
--
Feb 22, 2018 10:01:38 AM hudson.node_monitors.ResponseTimeMonitor$1 monitor
WARNING: Making jenkins-linux-8-core-build-slave3349a0 offline because it’s not responding
--
Feb 22, 2018 10:11:40 AM hudson.node_monitors.ResponseTimeMonitor$1 monitor
WARNING: Making jenkins-linux-8-core-build-slave3349a0 offline because it’s not responding
--
Feb 22, 2018 10:18:28 AM hudson.node_monitors.ResponseTimeMonitor$1 monitor
WARNING: Making jenkins-linux-8-core-build-slave3349a0 offline because it’s not responding
--
Feb 22, 2018 10:20:07 AM hudson.node_monitors.ResponseTimeMonitor$1 monitor
WARNING: Making jenkins-linux-8-core-build-slave3349a0 offline because it’s not responding
--
Feb 22, 2018 10:20:15 AM hudson.node_monitors.ResponseTimeMonitor$1 monitor
WARNING: Making jenkins-linux-8-core-build-slave3349a0 offline because it’s not responding
--
Feb 22, 2018 10:21:08 AM hudson.node_monitors.ResponseTimeMonitor$1 monitor
WARNING: Making jenkins-linux-8-core-build-slave3349a0 offline because it’s not responding
--
Feb 22, 2018 10:32:26 AM hudson.node_monitors.ResponseTimeMonitor$1 monitor
WARNING: Making jenkins-linux-8-core-build-slave3349a0 offline because it’s not responding
--
Feb 22, 2018 10:42:22 AM hudson.node_monitors.ResponseTimeMonitor$1 monitor
WARNING: Making jenkins-linux-8-core-build-slave3349a0 offline because it’s not responding
--
Feb 22, 2018 10:43:48 AM hudson.node_monitors.ResponseTimeMonitor$1 monitor
WARNING: Making jenkins-linux-8-core-build-slave3349a0 offline because it’s not responding
--
Feb 22, 2018 10:46:40 AM hudson.node_monitors.ResponseTimeMonitor$1 monitor
WARNING: Making jenkins-linux-8-core-build-slave3349a0 offline because it’s not responding
--
Feb 22, 2018 10:47:05 AM hudson.node_monitors.ResponseTimeMonitor$1 monitor
WARNING: Making jenkins-linux-8-core-build-slave3349a0 offline because it’s not responding
--
Feb 22, 2018 10:47:41 AM hudson.node_monitors.ResponseTimeMonitor$1 monitor
WARNING: Making jenkins-linux-8-core-build-slave3349a0 offline because it’s not responding
--
Feb 22, 2018 10:47:52 AM hudson.node_monitors.ResponseTimeMonitor$1 monitor
WARNING: Making jenkins-linux-8-core-build-slave3349a0 offline because it’s not responding
--
Feb 22, 2018 11:11:40 AM hudson.node_monitors.ResponseTimeMonitor$1 monitor
WARNING: Making jenkins-linux-8-core-build-slave3349a0 offline because it’s not responding
--
Feb 22, 2018 11:36:51 AM hudson.node_monitors.ResponseTimeMonitor$1 monitor
WARNING: Making jenkins-linux-8-core-build-slave3349a0 offline because it’s not responding
--
Feb 22, 2018 11:44:00 AM hudson.node_monitors.ResponseTimeMonitor$1 monitor
WARNING: Making jenkins-linux-8-core-build-slave3349a0 offline because it’s not responding
--
Feb 22, 2018 11:45:16 AM hudson.node_monitors.ResponseTimeMonitor$1 monitor
WARNING: Making jenkins-linux-8-core-build-slave3349a0 offline because it’s not responding
--
Feb 22, 2018 11:45:39 AM hudson.node_monitors.ResponseTimeMonitor$1 monitor
WARNING: Making jenkins-linux-8-core-build-slave3349a0 offline because it’s not responding
--
Feb 22, 2018 12:02:07 PM hudson.node_monitors.ResponseTimeMonitor$1 monitor
WARNING: Making jenkins-linux-8-core-build-slave3349a0 offline because it’s not responding
--
Feb 22, 2018 12:03:35 PM hudson.node_monitors.ResponseTimeMonitor$1 monitor
WARNING: Making jenkins-linux-8-core-build-slave3349a0 offline because it’s not responding
--
Feb 22, 2018 12:11:40 PM hudson.node_monitors.ResponseTimeMonitor$1 monitor
WARNING: Making jenkins-linux-8-core-build-slave3349a0 offline because it’s not responding
--
Feb 22, 2018 12:17:39 PM hudson.node_monitors.ResponseTimeMonitor$1 monitor
WARNING: Making jenkins-linux-8-core-build-slave3349a0 offline because it’s not responding
--
Feb 22, 2018 12:18:15 PM hudson.node_monitors.ResponseTimeMonitor$1 monitor
WARNING: Making jenkins-linux-8-core-build-slave3349a0 offline because it’s not responding
--
Feb 22, 2018 12:22:40 PM hudson.node_monitors.ResponseTimeMonitor$1 monitor
WARNING: Making jenkins-linux-8-core-build-slave3349a0 offline because it’s not responding
--
Feb 22, 2018 12:24:24 PM hudson.node_monitors.ResponseTimeMonitor$1 monitor
WARNING: Making jenkins-linux-8-core-build-slave3349a0 offline because it’s not responding
--
Feb 22, 2018 12:30:11 PM hudson.node_monitors.ResponseTimeMonitor$1 monitor
WARNING: Making jenkins-linux-8-core-build-slave3349a0 offline because it’s not responding
--
Feb 22, 2018 12:44:02 PM hudson.node_monitors.ResponseTimeMonitor$1 monitor
WARNING: Making jenkins-linux-8-core-build-slave3349a0 offline because it’s not responding
--
Feb 22, 2018 12:50:11 PM hudson.node_monitors.ResponseTimeMonitor$1 monitor
WARNING: Making jenkins-linux-8-core-build-slave3349a0 offline because it’s not responding
--
Feb 22, 2018 12:53:42 PM hudson.node_monitors.ResponseTimeMonitor$1 monitor
WARNING: Making jenkins-linux-8-core-build-slave3349a0 offline because it’s not responding
--
Feb 22, 2018 1:02:59 PM hudson.node_monitors.ResponseTimeMonitor$1 monitor
WARNING: Making jenkins-linux-8-core-build-slave3349a0 offline because it’s not responding
--
Feb 22, 2018 1:05:11 PM hudson.node_monitors.ResponseTimeMonitor$1 monitor
WARNING: Making jenkins-linux-8-core-build-slave3349a0 offline because it’s not responding
--
Feb 22, 2018 1:05:14 PM hudson.node_monitors.ResponseTimeMonitor$1 monitor
WARNING: Making jenkins-linux-8-core-build-slave3349a0 offline because it’s not responding
--
Feb 22, 2018 1:05:25 PM hudson.node_monitors.ResponseTimeMonitor$1 monitor
WARNING: Making jenkins-linux-8-core-build-slave3349a0 offline because it’s not responding
--
Feb 22, 2018 1:06:15 PM hudson.node_monitors.ResponseTimeMonitor$1 monitor
WARNING: Making jenkins-linux-8-core-build-slave3349a0 offline because it’s not responding
--
Feb 22, 2018 1:08:11 PM hudson.node_monitors.ResponseTimeMonitor$1 monitor
WARNING: Making jenkins-linux-8-core-build-slave3349a0 offline because it’s not responding
--
Feb 22, 2018 1:10:25 PM hudson.node_monitors.ResponseTimeMonitor$1 monitor
WARNING: Making jenkins-linux-8-core-build-slave3349a0 offline because it’s not responding
--
Feb 22, 2018 1:10:42 PM hudson.node_monitors.ResponseTimeMonitor$1 monitor
WARNING: Making jenkins-linux-8-core-build-slave3349a0 offline because it’s not responding
--
Feb 22, 2018 1:11:40 PM hudson.node_monitors.ResponseTimeMonitor$1 monitor
WARNING: Making jenkins-linux-8-core-build-slave3349a0 offline because it’s not responding
--
Feb 22, 2018 1:21:54 PM hudson.node_monitors.ResponseTimeMonitor$1 monitor
WARNING: Making jenkins-linux-8-core-build-slave3349a0 offline because it’s not responding
--
Feb 22, 2018 1:24:14 PM hudson.node_monitors.ResponseTimeMonitor$1 monitor
WARNING: Making jenkins-linux-8-core-build-slave3349a0 offline because it’s not responding
--
Feb 22, 2018 1:24:23 PM hudson.node_monitors.ResponseTimeMonitor$1 monitor
WARNING: Making jenkins-linux-8-core-build-slave3349a0 offline because it’s not responding
--
Feb 22, 2018 1:25:18 PM hudson.node_monitors.ResponseTimeMonitor$1 monitor
WARNING: Making jenkins-linux-8-core-build-slave3349a0 offline because it’s not responding
--
Feb 22, 2018 1:25:31 PM hudson.node_monitors.ResponseTimeMonitor$1 monitor
WARNING: Making jenkins-linux-8-core-build-slave3349a0 offline because it’s not responding
--
Feb 22, 2018 1:25:45 PM hudson.node_monitors.ResponseTimeMonitor$1 monitor
WARNING: Making jenkins-linux-8-core-build-slave3349a0 offline because it’s not responding
--
Feb 22, 2018 1:26:27 PM hudson.node_monitors.ResponseTimeMonitor$1 monitor
WARNING: Making jenkins-linux-8-core-build-slave3349a0 offline because it’s not responding
--
Feb 22, 2018 1:29:52 PM hudson.node_monitors.ResponseTimeMonitor$1 monitor
WARNING: Making jenkins-linux-8-core-build-slave3349a0 offline because it’s not responding
--
Feb 22, 2018 1:30:04 PM hudson.node_monitors.ResponseTimeMonitor$1 monitor
WARNING: Making jenkins-linux-8-core-build-slave3349a0 offline because it’s not responding
--
Feb 22, 2018 1:30:12 PM hudson.node_monitors.ResponseTimeMonitor$1 monitor
WARNING: Making jenkins-linux-8-core-build-slave3349a0 offline because it’s not responding
--
Feb 22, 2018 1:31:05 PM hudson.node_monitors.ResponseTimeMonitor$1 monitor
WARNING: Making jenkins-linux-8-core-build-slave3349a0 offline because it’s not responding
--
Feb 22, 2018 1:31:56 PM hudson.node_monitors.ResponseTimeMonitor$1 monitor
WARNING: Making jenkins-linux-8-core-build-slave3349a0 offline because it’s not responding
--
Feb 22, 2018 1:40:35 PM hudson.node_monitors.ResponseTimeMonitor$1 monitor
WARNING: Making jenkins-linux-8-core-build-slave3349a0 offline because it’s not responding
--
Feb 22, 2018 1:42:57 PM hudson.node_monitors.ResponseTimeMonitor$1 monitor
WARNING: Making jenkins-linux-8-core-build-slave3349a0 offline because it’s not responding
--
Feb 22, 2018 1:50:12 PM hudson.node_monitors.ResponseTimeMonitor$1 monitor
WARNING: Making jenkins-linux-8-core-build-slave3349a0 offline because it’s not responding
--
Feb 22, 2018 2:07:38 PM hudson.node_monitors.ResponseTimeMonitor$1 monitor
WARNING: Making jenkins-linux-8-core-build-slave3349a0 offline because it’s not responding
--
Feb 22, 2018 2:12:05 PM hudson.node_monitors.ResponseTimeMonitor$1 monitor
WARNING: Making jenkins-linux-8-core-build-slave3349a0 offline because it’s not responding
--
Feb 22, 2018 3:07:05 PM hudson.node_monitors.ResponseTimeMonitor$1 monitor
WARNING: Making jenkins-linux-8-core-build-slave3349a0 offline because it’s not responding
--
Feb 22, 2018 3:10:11 PM hudson.node_monitors.ResponseTimeMonitor$1 monitor
WARNING: Making jenkins-linux-8-core-build-slave3349a0 offline because it’s not responding
--
Feb 22, 2018 3:10:31 PM hudson.node_monitors.ResponseTimeMonitor$1 monitor
WARNING: Making jenkins-linux-8-core-build-slave3349a0 offline because it’s not responding
--
Feb 22, 2018 3:11:40 PM hudson.node_monitors.ResponseTimeMonitor$1 monitor
WARNING: Making jenkins-linux-8-core-build-slave3349a0 offline because it’s not responding
--
Feb 22, 2018 3:16:44 PM hudson.node_monitors.ResponseTimeMonitor$1 monitor
WARNING: Making jenkins-linux-8-core-build-slave3349a0 offline because it’s not responding
--
Feb 22, 2018 3:17:58 PM hudson.node_monitors.ResponseTimeMonitor$1 monitor
WARNING: Making jenkins-linux-8-core-build-slave3349a0 offline because it’s not responding
--
Feb 22, 2018 3:22:46 PM hudson.node_monitors.ResponseTimeMonitor$1 monitor
WARNING: Making jenkins-linux-8-core-build-slave3349a0 offline because it’s not responding
--
Feb 22, 2018 3:23:45 PM hudson.node_monitors.ResponseTimeMonitor$1 monitor
WARNING: Making jenkins-linux-8-core-build-slave3349a0 offline because it’s not responding
--
Feb 22, 2018 3:24:16 PM hudson.node_monitors.ResponseTimeMonitor$1 monitor
WARNING: Making jenkins-linux-8-core-build-slave3349a0 offline because it’s not responding
--
Feb 22, 2018 3:24:54 PM hudson.node_monitors.ResponseTimeMonitor$1 monitor
WARNING: Making jenkins-linux-8-core-build-slave3349a0 offline because it’s not responding
--
Feb 22, 2018 3:25:13 PM hudson.node_monitors.ResponseTimeMonitor$1 monitor
WARNING: Making jenkins-linux-8-core-build-slave3349a0 offline because it’s not responding
--
Feb 22, 2018 3:26:19 PM hudson.node_monitors.ResponseTimeMonitor$1 monitor
WARNING: Making jenkins-linux-8-core-build-slave3349a0 offline because it’s not responding
--
Feb 22, 2018 3:26:41 PM hudson.node_monitors.ResponseTimeMonitor$1 monitor
WARNING: Making jenkins-linux-8-core-build-slave3349a0 offline because it’s not responding
--
Feb 22, 2018 3:26:48 PM hudson.node_monitors.ResponseTimeMonitor$1 monitor
WARNING: Making jenkins-linux-8-core-build-slave3349a0 offline because it’s not responding
--
Feb 22, 2018 3:27:12 PM hudson.node_monitors.ResponseTimeMonitor$1 monitor
WARNING: Making jenkins-linux-8-core-build-slave3349a0 offline because it’s not responding
--
Feb 22, 2018 3:27:45 PM hudson.node_monitors.ResponseTimeMonitor$1 monitor
WARNING: Making jenkins-linux-8-core-build-slave3349a0 offline because it’s not responding
--
Feb 22, 2018 3:27:56 PM hudson.node_monitors.ResponseTimeMonitor$1 monitor
WARNING: Making jenkins-linux-8-core-build-slave3349a0 offline because it’s not responding
--
Feb 22, 2018 3:40:13 PM hudson.node_monitors.ResponseTimeMonitor$1 monitor
WARNING: Making jenkins-linux-8-core-build-slave3349a0 offline because it’s not responding
--
Feb 22, 2018 3:41:23 PM hudson.node_monitors.ResponseTimeMonitor$1 monitor
WARNING: Making jenkins-linux-8-core-build-slave3349a0 offline because it’s not responding
--
Feb 22, 2018 3:50:16 PM hudson.node_monitors.ResponseTimeMonitor$1 monitor
WARNING: Making jenkins-linux-8-core-build-slave3349a0 offline because it’s not responding
--
Feb 22, 2018 3:50:38 PM hudson.node_monitors.ResponseTimeMonitor$1 monitor
WARNING: Making jenkins-linux-8-core-build-slave3349a0 offline because it’s not responding
--
Feb 22, 2018 3:53:03 PM hudson.node_monitors.ResponseTimeMonitor$1 monitor
WARNING: Making jenkins-linux-8-core-build-slave3349a0 offline because it’s not responding
--
Feb 22, 2018 3:58:35 PM hudson.node_monitors.ResponseTimeMonitor$1 monitor
WARNING: Making jenkins-linux-8-core-build-slave3349a0 offline because it’s not responding
--
Feb 22, 2018 3:58:59 PM hudson.node_monitors.ResponseTimeMonitor$1 monitor
WARNING: Making jenkins-linux-8-core-build-slave3349a0 offline because it’s not responding
--
Feb 22, 2018 4:02:42 PM hudson.node_monitors.ResponseTimeMonitor$1 monitor
WARNING: Making jenkins-linux-8-core-build-slave3349a0 offline because it’s not responding
--
Feb 22, 2018 4:02:49 PM hudson.node_monitors.ResponseTimeMonitor$1 monitor
WARNING: Making jenkins-linux-8-core-build-slave3349a0 offline because it’s not responding
--
Feb 22, 2018 4:10:22 PM hudson.node_monitors.ResponseTimeMonitor$1 monitor
WARNING: Making jenkins-linux-8-core-build-slave3349a0 offline because it’s not responding
--
Feb 22, 2018 4:18:21 PM hudson.node_monitors.ResponseTimeMonitor$1 monitor
WARNING: Making jenkins-linux-8-core-build-slave3349a0 offline because it’s not responding
--
Feb 22, 2018 4:18:41 PM hudson.node_monitors.ResponseTimeMonitor$1 monitor
WARNING: Making jenkins-linux-8-core-build-slave3349a0 offline because it’s not responding
--
Feb 22, 2018 4:25:11 PM hudson.node_monitors.ResponseTimeMonitor$1 monitor
WARNING: Making jenkins-linux-8-core-build-slave3349a0 offline because it’s not responding
--
Feb 22, 2018 4:26:32 PM hudson.node_monitors.ResponseTimeMonitor$1 monitor
WARNING: Making jenkins-linux-8-core-build-slave3349a0 offline because it’s not responding
--
Feb 22, 2018 4:30:12 PM hudson.node_monitors.ResponseTimeMonitor$1 monitor
WARNING: Making jenkins-linux-8-core-build-slave3349a0 offline because it’s not responding
--
Feb 22, 2018 4:35:03 PM hudson.node_monitors.ResponseTimeMonitor$1 monitor
WARNING: Making jenkins-linux-8-core-build-slave3349a0 offline because it’s not responding
--
Feb 22, 2018 4:39:23 PM hudson.node_monitors.ResponseTimeMonitor$1 monitor
WARNING: Making jenkins-linux-8-core-build-slave3349a0 offline because it’s not responding
--
Feb 22, 2018 4:44:46 PM hudson.node_monitors.ResponseTimeMonitor$1 monitor
WARNING: Making jenkins-linux-8-core-build-slave3349a0 offline because it’s not responding
--
Feb 22, 2018 4:44:56 PM hudson.node_monitors.ResponseTimeMonitor$1 monitor
WARNING: Making jenkins-linux-8-core-build-slave3349a0 offline because it’s not responding
--
Feb 22, 2018 4:45:05 PM hudson.node_monitors.ResponseTimeMonitor$1 monitor
WARNING: Making jenkins-linux-8-core-build-slave3349a0 offline because it’s not responding
--
Feb 22, 2018 4:50:18 PM hudson.node_monitors.ResponseTimeMonitor$1 monitor
WARNING: Making jenkins-linux-8-core-build-slave3349a0 offline because it’s not responding
--
Feb 22, 2018 4:50:38 PM hudson.node_monitors.ResponseTimeMonitor$1 monitor
WARNING: Making jenkins-linux-8-core-build-slave3349a0 offline because it’s not responding
--
Feb 22, 2018 4:51:02 PM hudson.node_monitors.ResponseTimeMonitor$1 monitor
WARNING: Making jenkins-linux-8-core-build-slave3349a0 offline because it’s not responding
--
Feb 22, 2018 4:53:07 PM hudson.node_monitors.ResponseTimeMonitor$1 monitor
WARNING: Making jenkins-linux-8-core-build-slave3349a0 offline because it’s not responding
--
Feb 22, 2018 4:53:48 PM hudson.node_monitors.ResponseTimeMonitor$1 monitor
WARNING: Making jenkins-linux-8-core-build-slave3349a0 offline because it’s not responding
--
Feb 22, 2018 5:00:11 PM hudson.node_monitors.ResponseTimeMonitor$1 monitor
WARNING: Making jenkins-linux-8-core-build-slave3349a0 offline because it’s not responding
--
Feb 22, 2018 5:00:17 PM hudson.node_monitors.ResponseTimeMonitor$1 monitor
WARNING: Making jenkins-linux-8-core-build-slave3349a0 offline because it’s not responding
--
Feb 22, 2018 5:04:52 PM hudson.node_monitors.ResponseTimeMonitor$1 monitor
WARNING: Making jenkins-linux-8-core-build-slave3349a0 offline because it’s not responding
--
Feb 22, 2018 5:11:45 PM hudson.node_monitors.ResponseTimeMonitor$1 monitor
WARNING: Making jenkins-linux-8-core-build-slave3349a0 offline because it’s not responding
--
Feb 22, 2018 5:12:39 PM hudson.node_monitors.ResponseTimeMonitor$1 monitor
WARNING: Making jenkins-linux-8-core-build-slave3349a0 offline because it’s not responding
--
Feb 22, 2018 5:15:10 PM hudson.node_monitors.ResponseTimeMonitor$1 monitor
WARNING: Making jenkins-linux-8-core-build-slave3349a0 offline because it’s not responding
--
Feb 22, 2018 5:20:23 PM hudson.node_monitors.ResponseTimeMonitor$1 monitor
WARNING: Making jenkins-linux-8-core-build-slave3349a0 offline because it’s not responding
--
Feb 22, 2018 5:20:48 PM hudson.node_monitors.ResponseTimeMonitor$1 monitor
WARNING: Making jenkins-linux-8-core-build-slave3349a0 offline because it’s not responding
--
Feb 22, 2018 5:25:27 PM hudson.node_monitors.ResponseTimeMonitor$1 monitor
WARNING: Making jenkins-linux-8-core-build-slave3349a0 offline because it’s not responding
--
Feb 22, 2018 5:25:45 PM hudson.node_monitors.ResponseTimeMonitor$1 monitor
WARNING: Making jenkins-linux-8-core-build-slave3349a0 offline because it’s not responding
--
Feb 22, 2018 5:30:11 PM hudson.node_monitors.ResponseTimeMonitor$1 monitor
WARNING: Making jenkins-linux-8-core-build-slave3349a0 offline because it’s not responding
--
Feb 22, 2018 5:30:20 PM hudson.node_monitors.ResponseTimeMonitor$1 monitor
WARNING: Making jenkins-linux-8-core-build-slave3349a0 offline because it’s not responding
--
Feb 22, 2018 5:40:16 PM hudson.node_monitors.ResponseTimeMonitor$1 monitor
WARNING: Making jenkins-linux-8-core-build-slave3349a0 offline because it’s not responding
--
Feb 22, 2018 5:40:35 PM hudson.node_monitors.ResponseTimeMonitor$1 monitor
WARNING: Making jenkins-linux-8-core-build-slave3349a0 offline because it’s not responding
--
Feb 22, 2018 5:44:58 PM hudson.node_monitors.ResponseTimeMonitor$1 monitor
WARNING: Making jenkins-linux-8-core-build-slave3349a0 offline because it’s not responding
--
Feb 22, 2018 5:50:20 PM hudson.node_monitors.ResponseTimeMonitor$1 monitor
WARNING: Making jenkins-linux-8-core-build-slave3349a0 offline because it’s not responding
--
Feb 22, 2018 5:50:54 PM hudson.node_monitors.ResponseTimeMonitor$1 monitor
WARNING: Making jenkins-linux-8-core-build-slave3349a0 offline because it’s not responding
--
Feb 22, 2018 5:55:03 PM hudson.node_monitors.ResponseTimeMonitor$1 monitor
WARNING: Making jenkins-linux-8-core-build-slave3349a0 offline because it’s not responding
--
Feb 22, 2018 6:00:12 PM hudson.node_monitors.ResponseTimeMonitor$1 monitor
WARNING: Making jenkins-linux-8-core-build-slave3349a0 offline because it’s not responding
--
Feb 22, 2018 6:00:50 PM hudson.node_monitors.ResponseTimeMonitor$1 monitor
WARNING: Making jenkins-linux-8-core-build-slave3349a0 offline because it’s not responding
--
Feb 22, 2018 6:05:15 PM hudson.node_monitors.ResponseTimeMonitor$1 monitor
WARNING: Making jenkins-linux-8-core-build-slave3349a0 offline because it’s not responding
--
Feb 22, 2018 6:11:40 PM hudson.node_monitors.ResponseTimeMonitor$1 monitor
WARNING: Making jenkins-linux-8-core-build-slave3349a0 offline because it’s not responding
--
Feb 22, 2018 6:15:09 PM hudson.node_monitors.ResponseTimeMonitor$1 monitor
WARNING: Making jenkins-linux-8-core-build-slave3349a0 offline because it’s not responding
--
Feb 22, 2018 6:24:28 PM hudson.model.Slave reportLauncerCreateError
WARNING: Issue with creating launcher for agent jenkins-linux-8-core-build-slave3349a0. The agent has not been fully initialized yetProbably there is a race condition with Agent reconnection or disconnection, check other log entries
--
Feb 22, 2018 6:24:28 PM hudson.model.Slave reportLauncerCreateError
WARNING: Issue with creating launcher for agent jenkins-linux-8-core-build-slave3349a0. The agent has not been fully initialized yetProbably there is a race condition with Agent reconnection or disconnection, check other log entries
--
Feb 22, 2018 6:24:31 PM hudson.model.Slave reportLauncerCreateError
WARNING: Issue with creating launcher for agent jenkins-linux-8-core-build-slave3349a0. The agent has not been fully initialized yetProbably there is a race condition with Agent reconnection or disconnection, check other log entries
--
Feb 22, 2018 6:24:31 PM hudson.model.Slave reportLauncerCreateError
WARNING: Issue with creating launcher for agent jenkins-linux-8-core-build-slave3349a0. The agent has not been fully initialized yetProbably there is a race condition with Agent reconnection or disconnection, check other log entries
--
Feb 22, 2018 6:24:41 PM com.microsoft.azure.vmagent.AzureVMCloudOnceRetentionStrategy done
INFO: AzureVMCloudOnceRetentionStrategy: Tagging VM to delete when idle: jenkins-linux-8-core-build-slave3349a0
--
Feb 22, 2018 6:26:31 PM hudson.node_monitors.ResponseTimeMonitor$1 monitor
WARNING: Making jenkins-linux-8-core-build-slave3349a0 offline because it’s not responding
--
Feb 22, 2018 6:27:24 PM com.microsoft.azure.vmagent.AzureVMManagementServiceDelegate virtualMachineExists
INFO: AzureVMManagementServiceDelegate: virtualMachineExists: check for jenkins-linux-8-core-build-slave3349a0
Feb 22, 2018 6:27:25 PM com.microsoft.azure.vmagent.AzureVMManagementServiceDelegate virtualMachineExists
INFO: AzureVMManagementServiceDelegate: virtualMachineExists: jenkins-linux-8-core-build-slave3349a0 doesnt exist
Feb 22, 2018 6:27:25 PM com.microsoft.azure.vmagent.AzureVMAgentCleanUpTask cleanVMs
INFO: AzureVMAgentCleanUpTask: cleanVMs: node jenkins-linux-8-core-build-slave3349a0 doesnt exist, removing
